<?xml version="1.0" encoding="UTF-8"?>
<testsuites name="Run_All_Test_Cases" time="1646.413" tests="128" failures="34" errors="2">
   <testsuite name="Run_All_Test_Cases" tests="128" failures="34" errors="2" time="1646.413" timestamp="2020-06-05 23:05:26" hostname="black - 192.168.56.1" id="Test Suites/Run_All_Test_Cases">
      <properties>
         <property name="deviceName" value=""/>
         <property name="devicePlatform" value=""/>
         <property name="logFolder" value="D:\\katalon\\hw2-katalon-testing\\Reports\\20200605_230523\\Run_All_Test_Cases\\20200605_230523"/>
         <property name="logFiles" value="D:\\katalon\\hw2-katalon-testing\\Reports\\20200605_230523\\Run_All_Test_Cases\\20200605_230523\\execution0.log"/>
         <property name="attachments" value="D:\\katalon\\hw2-katalon-testing\\Reports\\20200605_230523\\Run_All_Test_Cases\\20200605_230523\\1591373136423.png, D:\\katalon\\hw2-katalon-testing\\Reports\\20200605_230523\\Run_All_Test_Cases\\20200605_230523\\1591373136512.png, D:\\katalon\\hw2-katalon-testing\\Reports\\20200605_230523\\Run_All_Test_Cases\\20200605_230523\\1591373143823.png, D:\\katalon\\hw2-katalon-testing\\Reports\\20200605_230523\\Run_All_Test_Cases\\20200605_230523\\1591373143905.png, D:\\katalon\\hw2-katalon-testing\\Reports\\20200605_230523\\Run_All_Test_Cases\\20200605_230523\\1591373151872.png, D:\\katalon\\hw2-katalon-testing\\Reports\\20200605_230523\\Run_All_Test_Cases\\20200605_230523\\1591373151944.png, D:\\katalon\\hw2-katalon-testing\\Reports\\20200605_230523\\Run_All_Test_Cases\\20200605_230523\\1591373159738.png, D:\\katalon\\hw2-katalon-testing\\Reports\\20200605_230523\\Run_All_Test_Cases\\20200605_230523\\1591373159816.png, D:\\katalon\\hw2-katalon-testing\\Reports\\20200605_230523\\Run_All_Test_Cases\\20200605_230523\\1591373167666.png, D:\\katalon\\hw2-katalon-testing\\Reports\\20200605_230523\\Run_All_Test_Cases\\20200605_230523\\1591373167740.png, D:\\katalon\\hw2-katalon-testing\\Reports\\20200605_230523\\Run_All_Test_Cases\\20200605_230523\\1591373175088.png, D:\\katalon\\hw2-katalon-testing\\Reports\\20200605_230523\\Run_All_Test_Cases\\20200605_230523\\1591373175178.png, D:\\katalon\\hw2-katalon-testing\\Reports\\20200605_230523\\Run_All_Test_Cases\\20200605_230523\\1591373182983.png, D:\\katalon\\hw2-katalon-testing\\Reports\\20200605_230523\\Run_All_Test_Cases\\20200605_230523\\1591373183079.png, D:\\katalon\\hw2-katalon-testing\\Reports\\20200605_230523\\Run_All_Test_Cases\\20200605_230523\\1591373190796.png, D:\\katalon\\hw2-katalon-testing\\Reports\\20200605_230523\\Run_All_Test_Cases\\20200605_230523\\1591373190881.png, D:\\katalon\\hw2-katalon-testing\\Reports\\20200605_230523\\Run_All_Test_Cases\\20200605_230523\\1591373198628.png, D:\\katalon\\hw2-katalon-testing\\Reports\\20200605_230523\\Run_All_Test_Cases\\20200605_230523\\1591373198708.png, D:\\katalon\\hw2-katalon-testing\\Reports\\20200605_230523\\Run_All_Test_Cases\\20200605_230523\\1591373206683.png, D:\\katalon\\hw2-katalon-testing\\Reports\\20200605_230523\\Run_All_Test_Cases\\20200605_230523\\1591373206773.png, D:\\katalon\\hw2-katalon-testing\\Reports\\20200605_230523\\Run_All_Test_Cases\\20200605_230523\\1591373214647.png, D:\\katalon\\hw2-katalon-testing\\Reports\\20200605_230523\\Run_All_Test_Cases\\20200605_230523\\1591373214733.png, D:\\katalon\\hw2-katalon-testing\\Reports\\20200605_230523\\Run_All_Test_Cases\\20200605_230523\\1591373221886.png, D:\\katalon\\hw2-katalon-testing\\Reports\\20200605_230523\\Run_All_Test_Cases\\20200605_230523\\1591373221976.png, D:\\katalon\\hw2-katalon-testing\\Reports\\20200605_230523\\Run_All_Test_Cases\\20200605_230523\\1591373229775.png, D:\\katalon\\hw2-katalon-testing\\Reports\\20200605_230523\\Run_All_Test_Cases\\20200605_230523\\1591373229880.png, D:\\katalon\\hw2-katalon-testing\\Reports\\20200605_230523\\Run_All_Test_Cases\\20200605_230523\\1591373237649.png, D:\\katalon\\hw2-katalon-testing\\Reports\\20200605_230523\\Run_All_Test_Cases\\20200605_230523\\1591373237728.png, D:\\katalon\\hw2-katalon-testing\\Reports\\20200605_230523\\Run_All_Test_Cases\\20200605_230523\\1591373245528.png, D:\\katalon\\hw2-katalon-testing\\Reports\\20200605_230523\\Run_All_Test_Cases\\20200605_230523\\1591373245598.png, D:\\katalon\\hw2-katalon-testing\\Reports\\20200605_230523\\Run_All_Test_Cases\\20200605_230523\\1591373393659.png, D:\\katalon\\hw2-katalon-testing\\Reports\\20200605_230523\\Run_All_Test_Cases\\20200605_230523\\1591373407941.png, D:\\katalon\\hw2-katalon-testing\\Reports\\20200605_230523\\Run_All_Test_Cases\\20200605_230523\\1591373424183.png, D:\\katalon\\hw2-katalon-testing\\Reports\\20200605_230523\\Run_All_Test_Cases\\20200605_230523\\1591373439597.png, D:\\katalon\\hw2-katalon-testing\\Reports\\20200605_230523\\Run_All_Test_Cases\\20200605_230523\\1591373454076.png, D:\\katalon\\hw2-katalon-testing\\Reports\\20200605_230523\\Run_All_Test_Cases\\20200605_230523\\1591373465152.png, D:\\katalon\\hw2-katalon-testing\\Reports\\20200605_230523\\Run_All_Test_Cases\\20200605_230523\\1591373465229.png, D:\\katalon\\hw2-katalon-testing\\Reports\\20200605_230523\\Run_All_Test_Cases\\20200605_230523\\1591373475574.png, D:\\katalon\\hw2-katalon-testing\\Reports\\20200605_230523\\Run_All_Test_Cases\\20200605_230523\\1591373475652.png, D:\\katalon\\hw2-katalon-testing\\Reports\\20200605_230523\\Run_All_Test_Cases\\20200605_230523\\1591373485926.png, D:\\katalon\\hw2-katalon-testing\\Reports\\20200605_230523\\Run_All_Test_Cases\\20200605_230523\\1591373486035.png, D:\\katalon\\hw2-katalon-testing\\Reports\\20200605_230523\\Run_All_Test_Cases\\20200605_230523\\1591373496380.png, D:\\katalon\\hw2-katalon-testing\\Reports\\20200605_230523\\Run_All_Test_Cases\\20200605_230523\\1591373496461.png, D:\\katalon\\hw2-katalon-testing\\Reports\\20200605_230523\\Run_All_Test_Cases\\20200605_230523\\1591373506948.png, D:\\katalon\\hw2-katalon-testing\\Reports\\20200605_230523\\Run_All_Test_Cases\\20200605_230523\\1591373507045.png, D:\\katalon\\hw2-katalon-testing\\Reports\\20200605_230523\\Run_All_Test_Cases\\20200605_230523\\1591373518127.png, D:\\katalon\\hw2-katalon-testing\\Reports\\20200605_230523\\Run_All_Test_Cases\\20200605_230523\\1591373518221.png, D:\\katalon\\hw2-katalon-testing\\Reports\\20200605_230523\\Run_All_Test_Cases\\20200605_230523\\1591373529582.png, D:\\katalon\\hw2-katalon-testing\\Reports\\20200605_230523\\Run_All_Test_Cases\\20200605_230523\\1591373529757.png, D:\\katalon\\hw2-katalon-testing\\Reports\\20200605_230523\\Run_All_Test_Cases\\20200605_230523\\1591373540198.png, D:\\katalon\\hw2-katalon-testing\\Reports\\20200605_230523\\Run_All_Test_Cases\\20200605_230523\\1591373540298.png, D:\\katalon\\hw2-katalon-testing\\Reports\\20200605_230523\\Run_All_Test_Cases\\20200605_230523\\1591373551080.png, D:\\katalon\\hw2-katalon-testing\\Reports\\20200605_230523\\Run_All_Test_Cases\\20200605_230523\\1591373551158.png, D:\\katalon\\hw2-katalon-testing\\Reports\\20200605_230523\\Run_All_Test_Cases\\20200605_230523\\1591373561433.png, D:\\katalon\\hw2-katalon-testing\\Reports\\20200605_230523\\Run_All_Test_Cases\\20200605_230523\\1591373561508.png, D:\\katalon\\hw2-katalon-testing\\Reports\\20200605_230523\\Run_All_Test_Cases\\20200605_230523\\1591373572051.png, D:\\katalon\\hw2-katalon-testing\\Reports\\20200605_230523\\Run_All_Test_Cases\\20200605_230523\\1591373572152.png, D:\\katalon\\hw2-katalon-testing\\Reports\\20200605_230523\\Run_All_Test_Cases\\20200605_230523\\1591373582775.png, D:\\katalon\\hw2-katalon-testing\\Reports\\20200605_230523\\Run_All_Test_Cases\\20200605_230523\\1591373582852.png, D:\\katalon\\hw2-katalon-testing\\Reports\\20200605_230523\\Run_All_Test_Cases\\20200605_230523\\1591373593382.png, D:\\katalon\\hw2-katalon-testing\\Reports\\20200605_230523\\Run_All_Test_Cases\\20200605_230523\\1591373593476.png, D:\\katalon\\hw2-katalon-testing\\Reports\\20200605_230523\\Run_All_Test_Cases\\20200605_230523\\1591373604132.png, D:\\katalon\\hw2-katalon-testing\\Reports\\20200605_230523\\Run_All_Test_Cases\\20200605_230523\\1591373604224.png, D:\\katalon\\hw2-katalon-testing\\Reports\\20200605_230523\\Run_All_Test_Cases\\20200605_230523\\1591373614561.png, D:\\katalon\\hw2-katalon-testing\\Reports\\20200605_230523\\Run_All_Test_Cases\\20200605_230523\\1591373614636.png, D:\\katalon\\hw2-katalon-testing\\Reports\\20200605_230523\\Run_All_Test_Cases\\20200605_230523\\1591373628546.png, D:\\katalon\\hw2-katalon-testing\\Reports\\20200605_230523\\Run_All_Test_Cases\\20200605_230523\\1591373642396.png, D:\\katalon\\hw2-katalon-testing\\Reports\\20200605_230523\\Run_All_Test_Cases\\20200605_230523\\1591373655317.png, D:\\katalon\\hw2-katalon-testing\\Reports\\20200605_230523\\Run_All_Test_Cases\\20200605_230523\\1591373670738.png, D:\\katalon\\hw2-katalon-testing\\Reports\\20200605_230523\\Run_All_Test_Cases\\20200605_230523\\1591373684576.png, D:\\katalon\\hw2-katalon-testing\\Reports\\20200605_230523\\Run_All_Test_Cases\\20200605_230523\\1591373836043.png, D:\\katalon\\hw2-katalon-testing\\Reports\\20200605_230523\\Run_All_Test_Cases\\20200605_230523\\1591373848808.png, D:\\katalon\\hw2-katalon-testing\\Reports\\20200605_230523\\Run_All_Test_Cases\\20200605_230523\\1591373862430.png, D:\\katalon\\hw2-katalon-testing\\Reports\\20200605_230523\\Run_All_Test_Cases\\20200605_230523\\1591373876329.png, D:\\katalon\\hw2-katalon-testing\\Reports\\20200605_230523\\Run_All_Test_Cases\\20200605_230523\\1591373890547.png, D:\\katalon\\hw2-katalon-testing\\Reports\\20200605_230523\\Run_All_Test_Cases\\20200605_230523\\1591373904551.png, D:\\katalon\\hw2-katalon-testing\\Reports\\20200605_230523\\Run_All_Test_Cases\\20200605_230523\\1591373917972.png, D:\\katalon\\hw2-katalon-testing\\Reports\\20200605_230523\\Run_All_Test_Cases\\20200605_230523\\1591373931754.png, D:\\katalon\\hw2-katalon-testing\\Reports\\20200605_230523\\Run_All_Test_Cases\\20200605_230523\\1591373946811.png, D:\\katalon\\hw2-katalon-testing\\Reports\\20200605_230523\\Run_All_Test_Cases\\20200605_230523\\1591373961595.png, D:\\katalon\\hw2-katalon-testing\\Reports\\20200605_230523\\Run_All_Test_Cases\\20200605_230523\\1591373985735.png, D:\\katalon\\hw2-katalon-testing\\Reports\\20200605_230523\\Run_All_Test_Cases\\20200605_230523\\1591373999135.png, D:\\katalon\\hw2-katalon-testing\\Reports\\20200605_230523\\Run_All_Test_Cases\\20200605_230523\\1591374013069.png, D:\\katalon\\hw2-katalon-testing\\Reports\\20200605_230523\\Run_All_Test_Cases\\20200605_230523\\1591374027317.png, D:\\katalon\\hw2-katalon-testing\\Reports\\20200605_230523\\Run_All_Test_Cases\\20200605_230523\\1591374040837.png, D:\\katalon\\hw2-katalon-testing\\Reports\\20200605_230523\\Run_All_Test_Cases\\20200605_230523\\1591374054569.png, D:\\katalon\\hw2-katalon-testing\\Reports\\20200605_230523\\Run_All_Test_Cases\\20200605_230523\\1591374068018.png, D:\\katalon\\hw2-katalon-testing\\Reports\\20200605_230523\\Run_All_Test_Cases\\20200605_230523\\1591374082668.png, D:\\katalon\\hw2-katalon-testing\\Reports\\20200605_230523\\Run_All_Test_Cases\\20200605_230523\\1591374097072.png, D:\\katalon\\hw2-katalon-testing\\Reports\\20200605_230523\\Run_All_Test_Cases\\20200605_230523\\1591374111507.png, D:\\katalon\\hw2-katalon-testing\\Reports\\20200605_230523\\Run_All_Test_Cases\\20200605_230523\\1591374125929.png, D:\\katalon\\hw2-katalon-testing\\Reports\\20200605_230523\\Run_All_Test_Cases\\20200605_230523\\1591374139570.png, D:\\katalon\\hw2-katalon-testing\\Reports\\20200605_230523\\Run_All_Test_Cases\\20200605_230523\\1591374152565.png, D:\\katalon\\hw2-katalon-testing\\Reports\\20200605_230523\\Run_All_Test_Cases\\20200605_230523\\1591374166042.png, D:\\katalon\\hw2-katalon-testing\\Reports\\20200605_230523\\Run_All_Test_Cases\\20200605_230523\\1591374179385.png, D:\\katalon\\hw2-katalon-testing\\Reports\\20200605_230523\\Run_All_Test_Cases\\20200605_230523\\1591374192978.png, D:\\katalon\\hw2-katalon-testing\\Reports\\20200605_230523\\Run_All_Test_Cases\\20200605_230523\\1591374206343.png, D:\\katalon\\hw2-katalon-testing\\Reports\\20200605_230523\\Run_All_Test_Cases\\20200605_230523\\1591374219870.png, D:\\katalon\\hw2-katalon-testing\\Reports\\20200605_230523\\Run_All_Test_Cases\\20200605_230523\\1591374234658.png, D:\\katalon\\hw2-katalon-testing\\Reports\\20200605_230523\\Run_All_Test_Cases\\20200605_230523\\1591374249325.png, D:\\katalon\\hw2-katalon-testing\\Reports\\20200605_230523\\Run_All_Test_Cases\\20200605_230523\\1591374379228.png, D:\\katalon\\hw2-katalon-testing\\Reports\\20200605_230523\\Run_All_Test_Cases\\20200605_230523\\1591374400721.png, D:\\katalon\\hw2-katalon-testing\\Reports\\20200605_230523\\Run_All_Test_Cases\\20200605_230523\\1591374703896.png, D:\\katalon\\hw2-katalon-testing\\Reports\\20200605_230523\\Run_All_Test_Cases\\20200605_230523\\1591374771907.png"/>
         <property name="hostName" value="black - 192.168.56.1"/>
         <property name="os" value="Windows 10 64bit"/>
         <property name="katalonVersion" value="7.5.2.1"/>
         <property name="browser" value="Firefox 77.0"/>
         <property name="hostAddress" value="192.168.56.1"/>
         <property name="sessionId" value="c4230a01-376b-457b-ad16-5b4c56bbd0a2"/>
         <property name="seleniumVersion" value="3.141.59"/>
         <property name="proxyInformation" value="ProxyInformation { proxyOption=NO_PROXY, proxyServerType=HTTP, username=, password=********, proxyServerAddress=, proxyServerPort=0, executionList=\&quot;\&quot;, isApplyToDesiredCapabilities=true }"/>
         <property name="platform" value="Windows 10"/>
      </properties>
      <testcase name="Test Cases/Signup/TC_signup_01" time="10.377" classname="Test Cases/Signup/TC_signup_01" status="FAILED">
         <failure type="FAILED" message="Test Cases/Signup/TC_signup_01 FAILED.
Reason:
com.kms.katalon.core.exception.StepFailedException: Call Test Case 'Test Cases/Signup/signup_function' failed
	at com.kms.katalon.core.keyword.builtin.CallTestCaseKeyword$_callTestCase_closure1.doCall(CallTestCaseKeyword.groovy:63)
	at com.kms.katalon.core.keyword.builtin.CallTestCaseKeyword$_callTestCase_closure1.call(CallTestCaseKeyword.groovy)
	at com.kms.katalon.core.keyword.internal.KeywordMain.runKeyword(KeywordMain.groovy:68)
	at com.kms.katalon.core.keyword.builtin.CallTestCaseKeyword.callTestCase(CallTestCaseKeyword.groovy:81)
	at com.kms.katalon.core.keyword.builtin.CallTestCaseKeyword.execute(CallTestCaseKeyword.groovy:44)
	at com.kms.katalon.core.keyword.internal.KeywordExecutor.executeKeywordForPlatform(KeywordExecutor.groovy:72)
	at com.kms.katalon.core.keyword.BuiltinKeywords.callTestCase(BuiltinKeywords.groovy:334)
	at TC_signup_01.run(TC_signup_01:26)
	at com.kms.katalon.core.main.ScriptEngine.run(ScriptEngine.java:194)
	at com.kms.katalon.core.main.ScriptEngine.runScriptAsRawText(ScriptEngine.java:119)
	at com.kms.katalon.core.main.TestCaseExecutor.runScript(TestCaseExecutor.java:337)
	at com.kms.katalon.core.main.TestCaseExecutor.doExecute(TestCaseExecutor.java:328)
	at com.kms.katalon.core.main.TestCaseExecutor.processExecutionPhase(TestCaseExecutor.java:307)
	at com.kms.katalon.core.main.TestCaseExecutor.accessMainPhase(TestCaseExecutor.java:299)
	at com.kms.katalon.core.main.TestCaseExecutor.execute(TestCaseExecutor.java:233)
	at com.kms.katalon.core.main.TestSuiteExecutor.accessTestCaseMainPhase(TestSuiteExecutor.java:169)
	at com.kms.katalon.core.main.TestSuiteExecutor.accessTestSuiteMainPhase(TestSuiteExecutor.java:142)
	at com.kms.katalon.core.main.TestSuiteExecutor.execute(TestSuiteExecutor.java:91)
	at com.kms.katalon.core.main.TestCaseMain.startTestSuite(TestCaseMain.java:157)
	at com.kms.katalon.core.main.TestCaseMain$startTestSuite$0.call(Unknown Source)
	at TempTestSuite1591373123859.run(TempTestSuite1591373123859.groovy:37)
Caused by: com.kms.katalon.core.exception.StepFailedException: Unable to verify object 'Object Repository/Page_Mattermost_Signup/input_email' is present
	at com.kms.katalon.core.webui.keyword.internal.WebUIKeywordMain.stepFailed(WebUIKeywordMain.groovy:64)
	at com.kms.katalon.core.webui.keyword.internal.WebUIKeywordMain.runKeyword(WebUIKeywordMain.groovy:26)
	at com.kms.katalon.core.webui.keyword.builtin.VerifyElementPresentKeyword.verifyElementPresent(VerifyElementPresentKeyword.groovy:92)
	at com.kms.katalon.core.webui.keyword.builtin.VerifyElementPresentKeyword.execute(VerifyElementPresentKeyword.groovy:68)
	at com.kms.katalon.core.keyword.internal.KeywordExecutor.executeKeywordForPlatform(KeywordExecutor.groovy:72)
	at com.kms.katalon.core.webui.keyword.WebUiBuiltInKeywords.verifyElementPresent(WebUiBuiltInKeywords.groovy:1460)
	at com.kms.katalon.core.webui.keyword.WebUiBuiltInKeywords$verifyElementPresent$0.call(Unknown Source)
	at signup_function.run(signup_function:19)
	at com.kms.katalon.core.main.ScriptEngine.run(ScriptEngine.java:194)
	at com.kms.katalon.core.main.ScriptEngine.runScriptAsRawText(ScriptEngine.java:119)
	at com.kms.katalon.core.main.TestCaseExecutor.runScript(TestCaseExecutor.java:337)
	at com.kms.katalon.core.main.TestCaseExecutor.doExecute(TestCaseExecutor.java:328)
	at com.kms.katalon.core.main.TestCaseExecutor.processExecutionPhase(TestCaseExecutor.java:307)
	at com.kms.katalon.core.main.TestCaseExecutor.accessMainPhase(TestCaseExecutor.java:299)
	at com.kms.katalon.core.main.TestCaseExecutor.execute(TestCaseExecutor.java:233)
	at com.kms.katalon.core.main.TestCaseMain.runTestCase(TestCaseMain.java:114)
	at com.kms.katalon.core.keyword.builtin.CallTestCaseKeyword$_callTestCase_closure1.doCall(CallTestCaseKeyword.groovy:59)
	... 20 more
Caused by: com.kms.katalon.core.exception.StepFailedException: com.kms.katalon.core.webui.exception.WebElementNotFoundException: Web element with id: 'Object Repository/Page_Mattermost_Signup/input_email' located by 'By.xpath: //input[@id='email']' not found
	at com.kms.katalon.core.webui.keyword.internal.WebUIKeywordMain.stepFailed(WebUIKeywordMain.groovy:64)
	at com.kms.katalon.core.webui.keyword.builtin.VerifyElementPresentKeyword$_verifyElementPresent_closure1.doCall(VerifyElementPresentKeyword.groovy:85)
	at com.kms.katalon.core.webui.keyword.builtin.VerifyElementPresentKeyword$_verifyElementPresent_closure1.call(VerifyElementPresentKeyword.groovy)
	at com.kms.katalon.core.webui.keyword.internal.WebUIKeywordMain.runKeyword(WebUIKeywordMain.groovy:20)
	... 35 more
"/>
         <system-out><![CDATA[2020-06-05 23:05:27 - [TEST_CASE][FAILED] - Test Cases/Signup/TC_signup_01: Test Cases/Signup/TC_signup_01 FAILED.
Reason:
com.kms.katalon.core.exception.StepFailedException: Call Test Case 'Test Cases/Signup/signup_function' failed
	at com.kms.katalon.core.keyword.builtin.CallTestCaseKeyword$_callTestCase_closure1.doCall(CallTestCaseKeyword.groovy:63)
	at com.kms.katalon.core.keyword.builtin.CallTestCaseKeyword$_callTestCase_closure1.call(CallTestCaseKeyword.groovy)
	at com.kms.katalon.core.keyword.internal.KeywordMain.runKeyword(KeywordMain.groovy:68)
	at com.kms.katalon.core.keyword.builtin.CallTestCaseKeyword.callTestCase(CallTestCaseKeyword.groovy:81)
	at com.kms.katalon.core.keyword.builtin.CallTestCaseKeyword.execute(CallTestCaseKeyword.groovy:44)
	at com.kms.katalon.core.keyword.internal.KeywordExecutor.executeKeywordForPlatform(KeywordExecutor.groovy:72)
	at com.kms.katalon.core.keyword.BuiltinKeywords.callTestCase(BuiltinKeywords.groovy:334)
	at TC_signup_01.run(TC_signup_01:26)
	at com.kms.katalon.core.main.ScriptEngine.run(ScriptEngine.java:194)
	at com.kms.katalon.core.main.ScriptEngine.runScriptAsRawText(ScriptEngine.java:119)
	at com.kms.katalon.core.main.TestCaseExecutor.runScript(TestCaseExecutor.java:337)
	at com.kms.katalon.core.main.TestCaseExecutor.doExecute(TestCaseExecutor.java:328)
	at com.kms.katalon.core.main.TestCaseExecutor.processExecutionPhase(TestCaseExecutor.java:307)
	at com.kms.katalon.core.main.TestCaseExecutor.accessMainPhase(TestCaseExecutor.java:299)
	at com.kms.katalon.core.main.TestCaseExecutor.execute(TestCaseExecutor.java:233)
	at com.kms.katalon.core.main.TestSuiteExecutor.accessTestCaseMainPhase(TestSuiteExecutor.java:169)
	at com.kms.katalon.core.main.TestSuiteExecutor.accessTestSuiteMainPhase(TestSuiteExecutor.java:142)
	at com.kms.katalon.core.main.TestSuiteExecutor.execute(TestSuiteExecutor.java:91)
	at com.kms.katalon.core.main.TestCaseMain.startTestSuite(TestCaseMain.java:157)
	at com.kms.katalon.core.main.TestCaseMain$startTestSuite$0.call(Unknown Source)
	at TempTestSuite1591373123859.run(TempTestSuite1591373123859.groovy:37)
Caused by: com.kms.katalon.core.exception.StepFailedException: Unable to verify object 'Object Repository/Page_Mattermost_Signup/input_email' is present
	at com.kms.katalon.core.webui.keyword.internal.WebUIKeywordMain.stepFailed(WebUIKeywordMain.groovy:64)
	at com.kms.katalon.core.webui.keyword.internal.WebUIKeywordMain.runKeyword(WebUIKeywordMain.groovy:26)
	at com.kms.katalon.core.webui.keyword.builtin.VerifyElementPresentKeyword.verifyElementPresent(VerifyElementPresentKeyword.groovy:92)
	at com.kms.katalon.core.webui.keyword.builtin.VerifyElementPresentKeyword.execute(VerifyElementPresentKeyword.groovy:68)
	at com.kms.katalon.core.keyword.internal.KeywordExecutor.executeKeywordForPlatform(KeywordExecutor.groovy:72)
	at com.kms.katalon.core.webui.keyword.WebUiBuiltInKeywords.verifyElementPresent(WebUiBuiltInKeywords.groovy:1460)
	at com.kms.katalon.core.webui.keyword.WebUiBuiltInKeywords$verifyElementPresent$0.call(Unknown Source)
	at signup_function.run(signup_function:19)
	at com.kms.katalon.core.main.ScriptEngine.run(ScriptEngine.java:194)
	at com.kms.katalon.core.main.ScriptEngine.runScriptAsRawText(ScriptEngine.java:119)
	at com.kms.katalon.core.main.TestCaseExecutor.runScript(TestCaseExecutor.java:337)
	at com.kms.katalon.core.main.TestCaseExecutor.doExecute(TestCaseExecutor.java:328)
	at com.kms.katalon.core.main.TestCaseExecutor.processExecutionPhase(TestCaseExecutor.java:307)
	at com.kms.katalon.core.main.TestCaseExecutor.accessMainPhase(TestCaseExecutor.java:299)
	at com.kms.katalon.core.main.TestCaseExecutor.execute(TestCaseExecutor.java:233)
	at com.kms.katalon.core.main.TestCaseMain.runTestCase(TestCaseMain.java:114)
	at com.kms.katalon.core.keyword.builtin.CallTestCaseKeyword$_callTestCase_closure1.doCall(CallTestCaseKeyword.groovy:59)
	... 20 more
Caused by: com.kms.katalon.core.exception.StepFailedException: com.kms.katalon.core.webui.exception.WebElementNotFoundException: Web element with id: 'Object Repository/Page_Mattermost_Signup/input_email' located by 'By.xpath: //input[@id='email']' not found
	at com.kms.katalon.core.webui.keyword.internal.WebUIKeywordMain.stepFailed(WebUIKeywordMain.groovy:64)
	at com.kms.katalon.core.webui.keyword.builtin.VerifyElementPresentKeyword$_verifyElementPresent_closure1.doCall(VerifyElementPresentKeyword.groovy:85)
	at com.kms.katalon.core.webui.keyword.builtin.VerifyElementPresentKeyword$_verifyElementPresent_closure1.call(VerifyElementPresentKeyword.groovy)
	at com.kms.katalon.core.webui.keyword.internal.WebUIKeywordMain.runKeyword(WebUIKeywordMain.groovy:20)
	... 35 more


2020-06-05 23:05:27 - [TEST_STEP][PASSED] - Start setup action : Setup: Method 'Setup' complete successfully

2020-06-05 23:05:27 - [TEST_STEP][PASSED] - openBrowser("http://192.168.1.10:8065/signup_email"): Browser is opened with url: 'http://192.168.1.10:8065/signup_email'

2020-06-05 23:05:27 - [MESSAGE][INFO] - Starting 'Firefox' driver

2020-06-05 23:05:28 - [MESSAGE][INFO] - Action delay is set to 0 milliseconds

2020-06-05 23:05:33 - [MESSAGE][PASSED] - Browser is opened with url: 'http://192.168.1.10:8065/signup_email'

2020-06-05 23:05:33 - [MESSAGE][PASSED] - Method 'Setup' complete successfully

2020-06-05 23:05:33 - [TEST_STEP][FAILED] - callTestCase(findTestCase("Test Cases/Signup/signup_function"), ["var_email":var_email, "var_name":var_name, "var_password":var_password], STOP_ON_FAILURE): Unable to call Test Case 'Test Cases/Signup/signup_function' (Root cause: com.kms.katalon.core.exception.StepFailedException: Call Test Case 'Test Cases/Signup/signup_function' failed
	at com.kms.katalon.core.keyword.builtin.CallTestCaseKeyword$_callTestCase_closure1.doCall(CallTestCaseKeyword.groovy:63)
	at com.kms.katalon.core.keyword.builtin.CallTestCaseKeyword$_callTestCase_closure1.call(CallTestCaseKeyword.groovy)
	at com.kms.katalon.core.keyword.internal.KeywordMain.runKeyword(KeywordMain.groovy:68)
	at com.kms.katalon.core.keyword.builtin.CallTestCaseKeyword.callTestCase(CallTestCaseKeyword.groovy:81)
	at com.kms.katalon.core.keyword.builtin.CallTestCaseKeyword.execute(CallTestCaseKeyword.groovy:44)
	at com.kms.katalon.core.keyword.internal.KeywordExecutor.executeKeywordForPlatform(KeywordExecutor.groovy:72)
	at com.kms.katalon.core.keyword.BuiltinKeywords.callTestCase(BuiltinKeywords.groovy:334)
	at TC_signup_01.run(TC_signup_01:26)
	at com.kms.katalon.core.main.ScriptEngine.run(ScriptEngine.java:194)
	at com.kms.katalon.core.main.ScriptEngine.runScriptAsRawText(ScriptEngine.java:119)
	at com.kms.katalon.core.main.TestCaseExecutor.runScript(TestCaseExecutor.java:337)
	at com.kms.katalon.core.main.TestCaseExecutor.doExecute(TestCaseExecutor.java:328)
	at com.kms.katalon.core.main.TestCaseExecutor.processExecutionPhase(TestCaseExecutor.java:307)
	at com.kms.katalon.core.main.TestCaseExecutor.accessMainPhase(TestCaseExecutor.java:299)
	at com.kms.katalon.core.main.TestCaseExecutor.execute(TestCaseExecutor.java:233)
	at com.kms.katalon.core.main.TestSuiteExecutor.accessTestCaseMainPhase(TestSuiteExecutor.java:169)
	at com.kms.katalon.core.main.TestSuiteExecutor.accessTestSuiteMainPhase(TestSuiteExecutor.java:142)
	at com.kms.katalon.core.main.TestSuiteExecutor.execute(TestSuiteExecutor.java:91)
	at com.kms.katalon.core.main.TestCaseMain.startTestSuite(TestCaseMain.java:157)
	at com.kms.katalon.core.main.TestCaseMain$startTestSuite$0.call(Unknown Source)
	at TempTestSuite1591373123859.run(TempTestSuite1591373123859.groovy:37)
Caused by: com.kms.katalon.core.exception.StepFailedException: Unable to verify object 'Object Repository/Page_Mattermost_Signup/input_email' is present
	at com.kms.katalon.core.webui.keyword.internal.WebUIKeywordMain.stepFailed(WebUIKeywordMain.groovy:64)
	at com.kms.katalon.core.webui.keyword.internal.WebUIKeywordMain.runKeyword(WebUIKeywordMain.groovy:26)
	at com.kms.katalon.core.webui.keyword.builtin.VerifyElementPresentKeyword.verifyElementPresent(VerifyElementPresentKeyword.groovy:92)
	at com.kms.katalon.core.webui.keyword.builtin.VerifyElementPresentKeyword.execute(VerifyElementPresentKeyword.groovy:68)
	at com.kms.katalon.core.keyword.internal.KeywordExecutor.executeKeywordForPlatform(KeywordExecutor.groovy:72)
	at com.kms.katalon.core.webui.keyword.WebUiBuiltInKeywords.verifyElementPresent(WebUiBuiltInKeywords.groovy:1460)
	at com.kms.katalon.core.webui.keyword.WebUiBuiltInKeywords$verifyElementPresent$0.call(Unknown Source)
	at signup_function.run(signup_function:19)
	at com.kms.katalon.core.main.ScriptEngine.run(ScriptEngine.java:194)
	at com.kms.katalon.core.main.ScriptEngine.runScriptAsRawText(ScriptEngine.java:119)
	at com.kms.katalon.core.main.TestCaseExecutor.runScript(TestCaseExecutor.java:337)
	at com.kms.katalon.core.main.TestCaseExecutor.doExecute(TestCaseExecutor.java:328)
	at com.kms.katalon.core.main.TestCaseExecutor.processExecutionPhase(TestCaseExecutor.java:307)
	at com.kms.katalon.core.main.TestCaseExecutor.accessMainPhase(TestCaseExecutor.java:299)
	at com.kms.katalon.core.main.TestCaseExecutor.execute(TestCaseExecutor.java:233)
	at com.kms.katalon.core.main.TestCaseMain.runTestCase(TestCaseMain.java:114)
	at com.kms.katalon.core.keyword.builtin.CallTestCaseKeyword$_callTestCase_closure1.doCall(CallTestCaseKeyword.groovy:59)
	... 20 more
Caused by: com.kms.katalon.core.exception.StepFailedException: com.kms.katalon.core.webui.exception.WebElementNotFoundException: Web element with id: 'Object Repository/Page_Mattermost_Signup/input_email' located by 'By.xpath: //input[@id='email']' not found
	at com.kms.katalon.core.webui.keyword.internal.WebUIKeywordMain.stepFailed(WebUIKeywordMain.groovy:64)
	at com.kms.katalon.core.webui.keyword.builtin.VerifyElementPresentKeyword$_verifyElementPresent_closure1.doCall(VerifyElementPresentKeyword.groovy:85)
	at com.kms.katalon.core.webui.keyword.builtin.VerifyElementPresentKeyword$_verifyElementPresent_closure1.call(VerifyElementPresentKeyword.groovy)
	at com.kms.katalon.core.webui.keyword.internal.WebUIKeywordMain.runKeyword(WebUIKeywordMain.groovy:20)
	... 35 more
)

2020-06-05 23:05:34 - [TEST_CASE][FAILED] - Test Cases/Signup/signup_function: Test Cases/Signup/signup_function FAILED.
Reason:
com.kms.katalon.core.exception.StepFailedException: Unable to verify object 'Object Repository/Page_Mattermost_Signup/input_email' is present
	at com.kms.katalon.core.webui.keyword.internal.WebUIKeywordMain.stepFailed(WebUIKeywordMain.groovy:64)
	at com.kms.katalon.core.webui.keyword.internal.WebUIKeywordMain.runKeyword(WebUIKeywordMain.groovy:26)
	at com.kms.katalon.core.webui.keyword.builtin.VerifyElementPresentKeyword.verifyElementPresent(VerifyElementPresentKeyword.groovy:92)
	at com.kms.katalon.core.webui.keyword.builtin.VerifyElementPresentKeyword.execute(VerifyElementPresentKeyword.groovy:68)
	at com.kms.katalon.core.keyword.internal.KeywordExecutor.executeKeywordForPlatform(KeywordExecutor.groovy:72)
	at com.kms.katalon.core.webui.keyword.WebUiBuiltInKeywords.verifyElementPresent(WebUiBuiltInKeywords.groovy:1460)
	at com.kms.katalon.core.webui.keyword.WebUiBuiltInKeywords$verifyElementPresent$0.call(Unknown Source)
	at signup_function.run(signup_function:19)
	at com.kms.katalon.core.main.ScriptEngine.run(ScriptEngine.java:194)
	at com.kms.katalon.core.main.ScriptEngine.runScriptAsRawText(ScriptEngine.java:119)
	at com.kms.katalon.core.main.TestCaseExecutor.runScript(TestCaseExecutor.java:337)
	at com.kms.katalon.core.main.TestCaseExecutor.doExecute(TestCaseExecutor.java:328)
	at com.kms.katalon.core.main.TestCaseExecutor.processExecutionPhase(TestCaseExecutor.java:307)
	at com.kms.katalon.core.main.TestCaseExecutor.accessMainPhase(TestCaseExecutor.java:299)
	at com.kms.katalon.core.main.TestCaseExecutor.execute(TestCaseExecutor.java:233)
	at com.kms.katalon.core.main.TestCaseMain.runTestCase(TestCaseMain.java:114)
	at com.kms.katalon.core.keyword.builtin.CallTestCaseKeyword$_callTestCase_closure1.doCall(CallTestCaseKeyword.groovy:59)
	at com.kms.katalon.core.keyword.builtin.CallTestCaseKeyword$_callTestCase_closure1.call(CallTestCaseKeyword.groovy)
	at com.kms.katalon.core.keyword.internal.KeywordMain.runKeyword(KeywordMain.groovy:68)
	at com.kms.katalon.core.keyword.builtin.CallTestCaseKeyword.callTestCase(CallTestCaseKeyword.groovy:81)
	at com.kms.katalon.core.keyword.builtin.CallTestCaseKeyword.execute(CallTestCaseKeyword.groovy:44)
	at com.kms.katalon.core.keyword.internal.KeywordExecutor.executeKeywordForPlatform(KeywordExecutor.groovy:72)
	at com.kms.katalon.core.keyword.BuiltinKeywords.callTestCase(BuiltinKeywords.groovy:334)
	at TC_signup_01.run(TC_signup_01:26)
	at com.kms.katalon.core.main.ScriptEngine.run(ScriptEngine.java:194)
	at com.kms.katalon.core.main.ScriptEngine.runScriptAsRawText(ScriptEngine.java:119)
	at com.kms.katalon.core.main.TestCaseExecutor.runScript(TestCaseExecutor.java:337)
	at com.kms.katalon.core.main.TestCaseExecutor.doExecute(TestCaseExecutor.java:328)
	at com.kms.katalon.core.main.TestCaseExecutor.processExecutionPhase(TestCaseExecutor.java:307)
	at com.kms.katalon.core.main.TestCaseExecutor.accessMainPhase(TestCaseExecutor.java:299)
	at com.kms.katalon.core.main.TestCaseExecutor.execute(TestCaseExecutor.java:233)
	at com.kms.katalon.core.main.TestSuiteExecutor.accessTestCaseMainPhase(TestSuiteExecutor.java:169)
	at com.kms.katalon.core.main.TestSuiteExecutor.accessTestSuiteMainPhase(TestSuiteExecutor.java:142)
	at com.kms.katalon.core.main.TestSuiteExecutor.execute(TestSuiteExecutor.java:91)
	at com.kms.katalon.core.main.TestCaseMain.startTestSuite(TestCaseMain.java:157)
	at com.kms.katalon.core.main.TestCaseMain$startTestSuite$0.call(Unknown Source)
	at TempTestSuite1591373123859.run(TempTestSuite1591373123859.groovy:37)
Caused by: com.kms.katalon.core.exception.StepFailedException: com.kms.katalon.core.webui.exception.WebElementNotFoundException: Web element with id: 'Object Repository/Page_Mattermost_Signup/input_email' located by 'By.xpath: //input[@id='email']' not found
	at com.kms.katalon.core.webui.keyword.internal.WebUIKeywordMain.stepFailed(WebUIKeywordMain.groovy:64)
	at com.kms.katalon.core.webui.keyword.builtin.VerifyElementPresentKeyword$_verifyElementPresent_closure1.doCall(VerifyElementPresentKeyword.groovy:85)
	at com.kms.katalon.core.webui.keyword.builtin.VerifyElementPresentKeyword$_verifyElementPresent_closure1.call(VerifyElementPresentKeyword.groovy)
	at com.kms.katalon.core.webui.keyword.internal.WebUIKeywordMain.runKeyword(WebUIKeywordMain.groovy:20)
	... 35 more


2020-06-05 23:05:34 - [TEST_STEP][FAILED] - verifyEqual(verifyElementPresent(findTestObject("Object Repository/Page_Mattermost_Signup/input_email"), 1), true): Unable to verify object 'Object Repository/Page_Mattermost_Signup/input_email' is present (Root cause: com.kms.katalon.core.exception.StepFailedException: Unable to verify object 'Object Repository/Page_Mattermost_Signup/input_email' is present
	at com.kms.katalon.core.webui.keyword.internal.WebUIKeywordMain.stepFailed(WebUIKeywordMain.groovy:64)
	at com.kms.katalon.core.webui.keyword.internal.WebUIKeywordMain.runKeyword(WebUIKeywordMain.groovy:26)
	at com.kms.katalon.core.webui.keyword.builtin.VerifyElementPresentKeyword.verifyElementPresent(VerifyElementPresentKeyword.groovy:92)
	at com.kms.katalon.core.webui.keyword.builtin.VerifyElementPresentKeyword.execute(VerifyElementPresentKeyword.groovy:68)
	at com.kms.katalon.core.keyword.internal.KeywordExecutor.executeKeywordForPlatform(KeywordExecutor.groovy:72)
	at com.kms.katalon.core.webui.keyword.WebUiBuiltInKeywords.verifyElementPresent(WebUiBuiltInKeywords.groovy:1460)
	at com.kms.katalon.core.webui.keyword.WebUiBuiltInKeywords$verifyElementPresent$0.call(Unknown Source)
	at signup_function.run(signup_function:19)
	at com.kms.katalon.core.main.ScriptEngine.run(ScriptEngine.java:194)
	at com.kms.katalon.core.main.ScriptEngine.runScriptAsRawText(ScriptEngine.java:119)
	at com.kms.katalon.core.main.TestCaseExecutor.runScript(TestCaseExecutor.java:337)
	at com.kms.katalon.core.main.TestCaseExecutor.doExecute(TestCaseExecutor.java:328)
	at com.kms.katalon.core.main.TestCaseExecutor.processExecutionPhase(TestCaseExecutor.java:307)
	at com.kms.katalon.core.main.TestCaseExecutor.accessMainPhase(TestCaseExecutor.java:299)
	at com.kms.katalon.core.main.TestCaseExecutor.execute(TestCaseExecutor.java:233)
	at com.kms.katalon.core.main.TestCaseMain.runTestCase(TestCaseMain.java:114)
	at com.kms.katalon.core.keyword.builtin.CallTestCaseKeyword$_callTestCase_closure1.doCall(CallTestCaseKeyword.groovy:59)
	at com.kms.katalon.core.keyword.builtin.CallTestCaseKeyword$_callTestCase_closure1.call(CallTestCaseKeyword.groovy)
	at com.kms.katalon.core.keyword.internal.KeywordMain.runKeyword(KeywordMain.groovy:68)
	at com.kms.katalon.core.keyword.builtin.CallTestCaseKeyword.callTestCase(CallTestCaseKeyword.groovy:81)
	at com.kms.katalon.core.keyword.builtin.CallTestCaseKeyword.execute(CallTestCaseKeyword.groovy:44)
	at com.kms.katalon.core.keyword.internal.KeywordExecutor.executeKeywordForPlatform(KeywordExecutor.groovy:72)
	at com.kms.katalon.core.keyword.BuiltinKeywords.callTestCase(BuiltinKeywords.groovy:334)
	at TC_signup_01.run(TC_signup_01:26)
	at com.kms.katalon.core.main.ScriptEngine.run(ScriptEngine.java:194)
	at com.kms.katalon.core.main.ScriptEngine.runScriptAsRawText(ScriptEngine.java:119)
	at com.kms.katalon.core.main.TestCaseExecutor.runScript(TestCaseExecutor.java:337)
	at com.kms.katalon.core.main.TestCaseExecutor.doExecute(TestCaseExecutor.java:328)
	at com.kms.katalon.core.main.TestCaseExecutor.processExecutionPhase(TestCaseExecutor.java:307)
	at com.kms.katalon.core.main.TestCaseExecutor.accessMainPhase(TestCaseExecutor.java:299)
	at com.kms.katalon.core.main.TestCaseExecutor.execute(TestCaseExecutor.java:233)
	at com.kms.katalon.core.main.TestSuiteExecutor.accessTestCaseMainPhase(TestSuiteExecutor.java:169)
	at com.kms.katalon.core.main.TestSuiteExecutor.accessTestSuiteMainPhase(TestSuiteExecutor.java:142)
	at com.kms.katalon.core.main.TestSuiteExecutor.execute(TestSuiteExecutor.java:91)
	at com.kms.katalon.core.main.TestCaseMain.startTestSuite(TestCaseMain.java:157)
	at com.kms.katalon.core.main.TestCaseMain$startTestSuite$0.call(Unknown Source)
	at TempTestSuite1591373123859.run(TempTestSuite1591373123859.groovy:37)
Caused by: com.kms.katalon.core.exception.StepFailedException: com.kms.katalon.core.webui.exception.WebElementNotFoundException: Web element with id: 'Object Repository/Page_Mattermost_Signup/input_email' located by 'By.xpath: //input[@id='email']' not found
	at com.kms.katalon.core.webui.keyword.internal.WebUIKeywordMain.stepFailed(WebUIKeywordMain.groovy:64)
	at com.kms.katalon.core.webui.keyword.builtin.VerifyElementPresentKeyword$_verifyElementPresent_closure1.doCall(VerifyElementPresentKeyword.groovy:85)
	at com.kms.katalon.core.webui.keyword.builtin.VerifyElementPresentKeyword$_verifyElementPresent_closure1.call(VerifyElementPresentKeyword.groovy)
	at com.kms.katalon.core.webui.keyword.internal.WebUIKeywordMain.runKeyword(WebUIKeywordMain.groovy:20)
	... 35 more
)

2020-06-05 23:05:36 - [MESSAGE][INFO] - Unable to find the element located by 'By.xpath: //input[@id='email']'. Please recheck the objects properties to make sure the desired element is located. 

2020-06-05 23:05:36 - [MESSAGE][FAILED] - com.kms.katalon.core.webui.exception.WebElementNotFoundException: Web element with id: 'Object Repository/Page_Mattermost_Signup/input_email' located by 'By.xpath: //input[@id='email']' not found (Root cause: com.kms.katalon.core.exception.StepFailedException: com.kms.katalon.core.webui.exception.WebElementNotFoundException: Web element with id: 'Object Repository/Page_Mattermost_Signup/input_email' located by 'By.xpath: //input[@id='email']' not found
	at com.kms.katalon.core.webui.keyword.internal.WebUIKeywordMain.stepFailed(WebUIKeywordMain.groovy:64)
	at com.kms.katalon.core.webui.keyword.builtin.VerifyElementPresentKeyword$_verifyElementPresent_closure1.doCall(VerifyElementPresentKeyword.groovy:85)
	at com.kms.katalon.core.webui.keyword.builtin.VerifyElementPresentKeyword$_verifyElementPresent_closure1.call(VerifyElementPresentKeyword.groovy)
	at com.kms.katalon.core.webui.keyword.internal.WebUIKeywordMain.runKeyword(WebUIKeywordMain.groovy:20)
	at com.kms.katalon.core.webui.keyword.builtin.VerifyElementPresentKeyword.verifyElementPresent(VerifyElementPresentKeyword.groovy:92)
	at com.kms.katalon.core.webui.keyword.builtin.VerifyElementPresentKeyword.execute(VerifyElementPresentKeyword.groovy:68)
	at com.kms.katalon.core.keyword.internal.KeywordExecutor.executeKeywordForPlatform(KeywordExecutor.groovy:72)
	at com.kms.katalon.core.webui.keyword.WebUiBuiltInKeywords.verifyElementPresent(WebUiBuiltInKeywords.groovy:1460)
	at com.kms.katalon.core.webui.keyword.WebUiBuiltInKeywords$verifyElementPresent$0.call(Unknown Source)
	at signup_function.run(signup_function:19)
	at com.kms.katalon.core.main.ScriptEngine.run(ScriptEngine.java:194)
	at com.kms.katalon.core.main.ScriptEngine.runScriptAsRawText(ScriptEngine.java:119)
	at com.kms.katalon.core.main.TestCaseExecutor.runScript(TestCaseExecutor.java:337)
	at com.kms.katalon.core.main.TestCaseExecutor.doExecute(TestCaseExecutor.java:328)
	at com.kms.katalon.core.main.TestCaseExecutor.processExecutionPhase(TestCaseExecutor.java:307)
	at com.kms.katalon.core.main.TestCaseExecutor.accessMainPhase(TestCaseExecutor.java:299)
	at com.kms.katalon.core.main.TestCaseExecutor.execute(TestCaseExecutor.java:233)
	at com.kms.katalon.core.main.TestCaseMain.runTestCase(TestCaseMain.java:114)
	at com.kms.katalon.core.keyword.builtin.CallTestCaseKeyword$_callTestCase_closure1.doCall(CallTestCaseKeyword.groovy:59)
	at com.kms.katalon.core.keyword.builtin.CallTestCaseKeyword$_callTestCase_closure1.call(CallTestCaseKeyword.groovy)
	at com.kms.katalon.core.keyword.internal.KeywordMain.runKeyword(KeywordMain.groovy:68)
	at com.kms.katalon.core.keyword.builtin.CallTestCaseKeyword.callTestCase(CallTestCaseKeyword.groovy:81)
	at com.kms.katalon.core.keyword.builtin.CallTestCaseKeyword.execute(CallTestCaseKeyword.groovy:44)
	at com.kms.katalon.core.keyword.internal.KeywordExecutor.executeKeywordForPlatform(KeywordExecutor.groovy:72)
	at com.kms.katalon.core.keyword.BuiltinKeywords.callTestCase(BuiltinKeywords.groovy:334)
	at TC_signup_01.run(TC_signup_01:26)
	at com.kms.katalon.core.main.ScriptEngine.run(ScriptEngine.java:194)
	at com.kms.katalon.core.main.ScriptEngine.runScriptAsRawText(ScriptEngine.java:119)
	at com.kms.katalon.core.main.TestCaseExecutor.runScript(TestCaseExecutor.java:337)
	at com.kms.katalon.core.main.TestCaseExecutor.doExecute(TestCaseExecutor.java:328)
	at com.kms.katalon.core.main.TestCaseExecutor.processExecutionPhase(TestCaseExecutor.java:307)
	at com.kms.katalon.core.main.TestCaseExecutor.accessMainPhase(TestCaseExecutor.java:299)
	at com.kms.katalon.core.main.TestCaseExecutor.execute(TestCaseExecutor.java:233)
	at com.kms.katalon.core.main.TestSuiteExecutor.accessTestCaseMainPhase(TestSuiteExecutor.java:169)
	at com.kms.katalon.core.main.TestSuiteExecutor.accessTestSuiteMainPhase(TestSuiteExecutor.java:142)
	at com.kms.katalon.core.main.TestSuiteExecutor.execute(TestSuiteExecutor.java:91)
	at com.kms.katalon.core.main.TestCaseMain.startTestSuite(TestCaseMain.java:157)
	at com.kms.katalon.core.main.TestCaseMain$startTestSuite$0.call(Unknown Source)
	at TempTestSuite1591373123859.run(TempTestSuite1591373123859.groovy:37)
)
[[ATTACHMENT|D:\\katalon\\hw2-katalon-testing\\Reports\\20200605_230523\\Run_All_Test_Cases\\20200605_230523\\1591373136423.png]]

2020-06-05 23:05:36 - [MESSAGE][FAILED] - Unable to verify object 'Object Repository/Page_Mattermost_Signup/input_email' is present (Root cause: com.kms.katalon.core.exception.StepFailedException: Unable to verify object 'Object Repository/Page_Mattermost_Signup/input_email' is present
	at com.kms.katalon.core.webui.keyword.internal.WebUIKeywordMain.stepFailed(WebUIKeywordMain.groovy:64)
	at com.kms.katalon.core.webui.keyword.internal.WebUIKeywordMain.runKeyword(WebUIKeywordMain.groovy:26)
	at com.kms.katalon.core.webui.keyword.builtin.VerifyElementPresentKeyword.verifyElementPresent(VerifyElementPresentKeyword.groovy:92)
	at com.kms.katalon.core.webui.keyword.builtin.VerifyElementPresentKeyword.execute(VerifyElementPresentKeyword.groovy:68)
	at com.kms.katalon.core.keyword.internal.KeywordExecutor.executeKeywordForPlatform(KeywordExecutor.groovy:72)
	at com.kms.katalon.core.webui.keyword.WebUiBuiltInKeywords.verifyElementPresent(WebUiBuiltInKeywords.groovy:1460)
	at com.kms.katalon.core.webui.keyword.WebUiBuiltInKeywords$verifyElementPresent$0.call(Unknown Source)
	at signup_function.run(signup_function:19)
	at com.kms.katalon.core.main.ScriptEngine.run(ScriptEngine.java:194)
	at com.kms.katalon.core.main.ScriptEngine.runScriptAsRawText(ScriptEngine.java:119)
	at com.kms.katalon.core.main.TestCaseExecutor.runScript(TestCaseExecutor.java:337)
	at com.kms.katalon.core.main.TestCaseExecutor.doExecute(TestCaseExecutor.java:328)
	at com.kms.katalon.core.main.TestCaseExecutor.processExecutionPhase(TestCaseExecutor.java:307)
	at com.kms.katalon.core.main.TestCaseExecutor.accessMainPhase(TestCaseExecutor.java:299)
	at com.kms.katalon.core.main.TestCaseExecutor.execute(TestCaseExecutor.java:233)
	at com.kms.katalon.core.main.TestCaseMain.runTestCase(TestCaseMain.java:114)
	at com.kms.katalon.core.keyword.builtin.CallTestCaseKeyword$_callTestCase_closure1.doCall(CallTestCaseKeyword.groovy:59)
	at com.kms.katalon.core.keyword.builtin.CallTestCaseKeyword$_callTestCase_closure1.call(CallTestCaseKeyword.groovy)
	at com.kms.katalon.core.keyword.internal.KeywordMain.runKeyword(KeywordMain.groovy:68)
	at com.kms.katalon.core.keyword.builtin.CallTestCaseKeyword.callTestCase(CallTestCaseKeyword.groovy:81)
	at com.kms.katalon.core.keyword.builtin.CallTestCaseKeyword.execute(CallTestCaseKeyword.groovy:44)
	at com.kms.katalon.core.keyword.internal.KeywordExecutor.executeKeywordForPlatform(KeywordExecutor.groovy:72)
	at com.kms.katalon.core.keyword.BuiltinKeywords.callTestCase(BuiltinKeywords.groovy:334)
	at TC_signup_01.run(TC_signup_01:26)
	at com.kms.katalon.core.main.ScriptEngine.run(ScriptEngine.java:194)
	at com.kms.katalon.core.main.ScriptEngine.runScriptAsRawText(ScriptEngine.java:119)
	at com.kms.katalon.core.main.TestCaseExecutor.runScript(TestCaseExecutor.java:337)
	at com.kms.katalon.core.main.TestCaseExecutor.doExecute(TestCaseExecutor.java:328)
	at com.kms.katalon.core.main.TestCaseExecutor.processExecutionPhase(TestCaseExecutor.java:307)
	at com.kms.katalon.core.main.TestCaseExecutor.accessMainPhase(TestCaseExecutor.java:299)
	at com.kms.katalon.core.main.TestCaseExecutor.execute(TestCaseExecutor.java:233)
	at com.kms.katalon.core.main.TestSuiteExecutor.accessTestCaseMainPhase(TestSuiteExecutor.java:169)
	at com.kms.katalon.core.main.TestSuiteExecutor.accessTestSuiteMainPhase(TestSuiteExecutor.java:142)
	at com.kms.katalon.core.main.TestSuiteExecutor.execute(TestSuiteExecutor.java:91)
	at com.kms.katalon.core.main.TestCaseMain.startTestSuite(TestCaseMain.java:157)
	at com.kms.katalon.core.main.TestCaseMain$startTestSuite$0.call(Unknown Source)
	at TempTestSuite1591373123859.run(TempTestSuite1591373123859.groovy:37)
Caused by: com.kms.katalon.core.exception.StepFailedException: com.kms.katalon.core.webui.exception.WebElementNotFoundException: Web element with id: 'Object Repository/Page_Mattermost_Signup/input_email' located by 'By.xpath: //input[@id='email']' not found
	at com.kms.katalon.core.webui.keyword.internal.WebUIKeywordMain.stepFailed(WebUIKeywordMain.groovy:64)
	at com.kms.katalon.core.webui.keyword.builtin.VerifyElementPresentKeyword$_verifyElementPresent_closure1.doCall(VerifyElementPresentKeyword.groovy:85)
	at com.kms.katalon.core.webui.keyword.builtin.VerifyElementPresentKeyword$_verifyElementPresent_closure1.call(VerifyElementPresentKeyword.groovy)
	at com.kms.katalon.core.webui.keyword.internal.WebUIKeywordMain.runKeyword(WebUIKeywordMain.groovy:20)
	... 35 more
)
[[ATTACHMENT|D:\\katalon\\hw2-katalon-testing\\Reports\\20200605_230523\\Run_All_Test_Cases\\20200605_230523\\1591373136512.png]]

2020-06-05 23:05:36 - [MESSAGE][FAILED] - Unable to call Test Case 'Test Cases/Signup/signup_function' (Root cause: com.kms.katalon.core.exception.StepFailedException: Call Test Case 'Test Cases/Signup/signup_function' failed
	at com.kms.katalon.core.keyword.builtin.CallTestCaseKeyword$_callTestCase_closure1.doCall(CallTestCaseKeyword.groovy:63)
	at com.kms.katalon.core.keyword.builtin.CallTestCaseKeyword$_callTestCase_closure1.call(CallTestCaseKeyword.groovy)
	at com.kms.katalon.core.keyword.internal.KeywordMain.runKeyword(KeywordMain.groovy:68)
	at com.kms.katalon.core.keyword.builtin.CallTestCaseKeyword.callTestCase(CallTestCaseKeyword.groovy:81)
	at com.kms.katalon.core.keyword.builtin.CallTestCaseKeyword.execute(CallTestCaseKeyword.groovy:44)
	at com.kms.katalon.core.keyword.internal.KeywordExecutor.executeKeywordForPlatform(KeywordExecutor.groovy:72)
	at com.kms.katalon.core.keyword.BuiltinKeywords.callTestCase(BuiltinKeywords.groovy:334)
	at TC_signup_01.run(TC_signup_01:26)
	at com.kms.katalon.core.main.ScriptEngine.run(ScriptEngine.java:194)
	at com.kms.katalon.core.main.ScriptEngine.runScriptAsRawText(ScriptEngine.java:119)
	at com.kms.katalon.core.main.TestCaseExecutor.runScript(TestCaseExecutor.java:337)
	at com.kms.katalon.core.main.TestCaseExecutor.doExecute(TestCaseExecutor.java:328)
	at com.kms.katalon.core.main.TestCaseExecutor.processExecutionPhase(TestCaseExecutor.java:307)
	at com.kms.katalon.core.main.TestCaseExecutor.accessMainPhase(TestCaseExecutor.java:299)
	at com.kms.katalon.core.main.TestCaseExecutor.execute(TestCaseExecutor.java:233)
	at com.kms.katalon.core.main.TestSuiteExecutor.accessTestCaseMainPhase(TestSuiteExecutor.java:169)
	at com.kms.katalon.core.main.TestSuiteExecutor.accessTestSuiteMainPhase(TestSuiteExecutor.java:142)
	at com.kms.katalon.core.main.TestSuiteExecutor.execute(TestSuiteExecutor.java:91)
	at com.kms.katalon.core.main.TestCaseMain.startTestSuite(TestCaseMain.java:157)
	at com.kms.katalon.core.main.TestCaseMain$startTestSuite$0.call(Unknown Source)
	at TempTestSuite1591373123859.run(TempTestSuite1591373123859.groovy:37)
Caused by: com.kms.katalon.core.exception.StepFailedException: Unable to verify object 'Object Repository/Page_Mattermost_Signup/input_email' is present
	at com.kms.katalon.core.webui.keyword.internal.WebUIKeywordMain.stepFailed(WebUIKeywordMain.groovy:64)
	at com.kms.katalon.core.webui.keyword.internal.WebUIKeywordMain.runKeyword(WebUIKeywordMain.groovy:26)
	at com.kms.katalon.core.webui.keyword.builtin.VerifyElementPresentKeyword.verifyElementPresent(VerifyElementPresentKeyword.groovy:92)
	at com.kms.katalon.core.webui.keyword.builtin.VerifyElementPresentKeyword.execute(VerifyElementPresentKeyword.groovy:68)
	at com.kms.katalon.core.keyword.internal.KeywordExecutor.executeKeywordForPlatform(KeywordExecutor.groovy:72)
	at com.kms.katalon.core.webui.keyword.WebUiBuiltInKeywords.verifyElementPresent(WebUiBuiltInKeywords.groovy:1460)
	at com.kms.katalon.core.webui.keyword.WebUiBuiltInKeywords$verifyElementPresent$0.call(Unknown Source)
	at signup_function.run(signup_function:19)
	at com.kms.katalon.core.main.ScriptEngine.run(ScriptEngine.java:194)
	at com.kms.katalon.core.main.ScriptEngine.runScriptAsRawText(ScriptEngine.java:119)
	at com.kms.katalon.core.main.TestCaseExecutor.runScript(TestCaseExecutor.java:337)
	at com.kms.katalon.core.main.TestCaseExecutor.doExecute(TestCaseExecutor.java:328)
	at com.kms.katalon.core.main.TestCaseExecutor.processExecutionPhase(TestCaseExecutor.java:307)
	at com.kms.katalon.core.main.TestCaseExecutor.accessMainPhase(TestCaseExecutor.java:299)
	at com.kms.katalon.core.main.TestCaseExecutor.execute(TestCaseExecutor.java:233)
	at com.kms.katalon.core.main.TestCaseMain.runTestCase(TestCaseMain.java:114)
	at com.kms.katalon.core.keyword.builtin.CallTestCaseKeyword$_callTestCase_closure1.doCall(CallTestCaseKeyword.groovy:59)
	... 20 more
Caused by: com.kms.katalon.core.exception.StepFailedException: com.kms.katalon.core.webui.exception.WebElementNotFoundException: Web element with id: 'Object Repository/Page_Mattermost_Signup/input_email' located by 'By.xpath: //input[@id='email']' not found
	at com.kms.katalon.core.webui.keyword.internal.WebUIKeywordMain.stepFailed(WebUIKeywordMain.groovy:64)
	at com.kms.katalon.core.webui.keyword.builtin.VerifyElementPresentKeyword$_verifyElementPresent_closure1.doCall(VerifyElementPresentKeyword.groovy:85)
	at com.kms.katalon.core.webui.keyword.builtin.VerifyElementPresentKeyword$_verifyElementPresent_closure1.call(VerifyElementPresentKeyword.groovy)
	at com.kms.katalon.core.webui.keyword.internal.WebUIKeywordMain.runKeyword(WebUIKeywordMain.groovy:20)
	... 35 more
)

2020-06-05 23:05:36 - [TEST_STEP][PASSED] - Start tear down : Teardown: Method 'Teardown' complete successfully

2020-06-05 23:05:36 - [TEST_STEP][PASSED] - closeBrowser(): Browser is closed

2020-06-05 23:05:37 - [MESSAGE][PASSED] - Browser is closed

2020-06-05 23:05:37 - [MESSAGE][PASSED] - Method 'Teardown' complete successfully]]></system-out>
         <system-err><![CDATA[2020-06-05 23:05:27 - [TEST_CASE][FAILED] - Test Cases/Signup/TC_signup_01: Test Cases/Signup/TC_signup_01 FAILED.
Reason:
com.kms.katalon.core.exception.StepFailedException: Call Test Case 'Test Cases/Signup/signup_function' failed
	at com.kms.katalon.core.keyword.builtin.CallTestCaseKeyword$_callTestCase_closure1.doCall(CallTestCaseKeyword.groovy:63)
	at com.kms.katalon.core.keyword.builtin.CallTestCaseKeyword$_callTestCase_closure1.call(CallTestCaseKeyword.groovy)
	at com.kms.katalon.core.keyword.internal.KeywordMain.runKeyword(KeywordMain.groovy:68)
	at com.kms.katalon.core.keyword.builtin.CallTestCaseKeyword.callTestCase(CallTestCaseKeyword.groovy:81)
	at com.kms.katalon.core.keyword.builtin.CallTestCaseKeyword.execute(CallTestCaseKeyword.groovy:44)
	at com.kms.katalon.core.keyword.internal.KeywordExecutor.executeKeywordForPlatform(KeywordExecutor.groovy:72)
	at com.kms.katalon.core.keyword.BuiltinKeywords.callTestCase(BuiltinKeywords.groovy:334)
	at TC_signup_01.run(TC_signup_01:26)
	at com.kms.katalon.core.main.ScriptEngine.run(ScriptEngine.java:194)
	at com.kms.katalon.core.main.ScriptEngine.runScriptAsRawText(ScriptEngine.java:119)
	at com.kms.katalon.core.main.TestCaseExecutor.runScript(TestCaseExecutor.java:337)
	at com.kms.katalon.core.main.TestCaseExecutor.doExecute(TestCaseExecutor.java:328)
	at com.kms.katalon.core.main.TestCaseExecutor.processExecutionPhase(TestCaseExecutor.java:307)
	at com.kms.katalon.core.main.TestCaseExecutor.accessMainPhase(TestCaseExecutor.java:299)
	at com.kms.katalon.core.main.TestCaseExecutor.execute(TestCaseExecutor.java:233)
	at com.kms.katalon.core.main.TestSuiteExecutor.accessTestCaseMainPhase(TestSuiteExecutor.java:169)
	at com.kms.katalon.core.main.TestSuiteExecutor.accessTestSuiteMainPhase(TestSuiteExecutor.java:142)
	at com.kms.katalon.core.main.TestSuiteExecutor.execute(TestSuiteExecutor.java:91)
	at com.kms.katalon.core.main.TestCaseMain.startTestSuite(TestCaseMain.java:157)
	at com.kms.katalon.core.main.TestCaseMain$startTestSuite$0.call(Unknown Source)
	at TempTestSuite1591373123859.run(TempTestSuite1591373123859.groovy:37)
Caused by: com.kms.katalon.core.exception.StepFailedException: Unable to verify object 'Object Repository/Page_Mattermost_Signup/input_email' is present
	at com.kms.katalon.core.webui.keyword.internal.WebUIKeywordMain.stepFailed(WebUIKeywordMain.groovy:64)
	at com.kms.katalon.core.webui.keyword.internal.WebUIKeywordMain.runKeyword(WebUIKeywordMain.groovy:26)
	at com.kms.katalon.core.webui.keyword.builtin.VerifyElementPresentKeyword.verifyElementPresent(VerifyElementPresentKeyword.groovy:92)
	at com.kms.katalon.core.webui.keyword.builtin.VerifyElementPresentKeyword.execute(VerifyElementPresentKeyword.groovy:68)
	at com.kms.katalon.core.keyword.internal.KeywordExecutor.executeKeywordForPlatform(KeywordExecutor.groovy:72)
	at com.kms.katalon.core.webui.keyword.WebUiBuiltInKeywords.verifyElementPresent(WebUiBuiltInKeywords.groovy:1460)
	at com.kms.katalon.core.webui.keyword.WebUiBuiltInKeywords$verifyElementPresent$0.call(Unknown Source)
	at signup_function.run(signup_function:19)
	at com.kms.katalon.core.main.ScriptEngine.run(ScriptEngine.java:194)
	at com.kms.katalon.core.main.ScriptEngine.runScriptAsRawText(ScriptEngine.java:119)
	at com.kms.katalon.core.main.TestCaseExecutor.runScript(TestCaseExecutor.java:337)
	at com.kms.katalon.core.main.TestCaseExecutor.doExecute(TestCaseExecutor.java:328)
	at com.kms.katalon.core.main.TestCaseExecutor.processExecutionPhase(TestCaseExecutor.java:307)
	at com.kms.katalon.core.main.TestCaseExecutor.accessMainPhase(TestCaseExecutor.java:299)
	at com.kms.katalon.core.main.TestCaseExecutor.execute(TestCaseExecutor.java:233)
	at com.kms.katalon.core.main.TestCaseMain.runTestCase(TestCaseMain.java:114)
	at com.kms.katalon.core.keyword.builtin.CallTestCaseKeyword$_callTestCase_closure1.doCall(CallTestCaseKeyword.groovy:59)
	... 20 more
Caused by: com.kms.katalon.core.exception.StepFailedException: com.kms.katalon.core.webui.exception.WebElementNotFoundException: Web element with id: 'Object Repository/Page_Mattermost_Signup/input_email' located by 'By.xpath: //input[@id='email']' not found
	at com.kms.katalon.core.webui.keyword.internal.WebUIKeywordMain.stepFailed(WebUIKeywordMain.groovy:64)
	at com.kms.katalon.core.webui.keyword.builtin.VerifyElementPresentKeyword$_verifyElementPresent_closure1.doCall(VerifyElementPresentKeyword.groovy:85)
	at com.kms.katalon.core.webui.keyword.builtin.VerifyElementPresentKeyword$_verifyElementPresent_closure1.call(VerifyElementPresentKeyword.groovy)
	at com.kms.katalon.core.webui.keyword.internal.WebUIKeywordMain.runKeyword(WebUIKeywordMain.groovy:20)
	... 35 more]]></system-err>
      </testcase>
      <testcase name="Test Cases/Signup/TC_signup_01" time="7.418" classname="Test Cases/Signup/TC_signup_01" status="FAILED">
         <failure type="FAILED" message="Test Cases/Signup/TC_signup_01 FAILED.
Reason:
com.kms.katalon.core.exception.StepFailedException: Call Test Case 'Test Cases/Signup/signup_function' failed
	at com.kms.katalon.core.keyword.builtin.CallTestCaseKeyword$_callTestCase_closure1.doCall(CallTestCaseKeyword.groovy:63)
	at com.kms.katalon.core.keyword.builtin.CallTestCaseKeyword$_callTestCase_closure1.call(CallTestCaseKeyword.groovy)
	at com.kms.katalon.core.keyword.internal.KeywordMain.runKeyword(KeywordMain.groovy:68)
	at com.kms.katalon.core.keyword.builtin.CallTestCaseKeyword.callTestCase(CallTestCaseKeyword.groovy:81)
	at com.kms.katalon.core.keyword.builtin.CallTestCaseKeyword.execute(CallTestCaseKeyword.groovy:44)
	at com.kms.katalon.core.keyword.internal.KeywordExecutor.executeKeywordForPlatform(KeywordExecutor.groovy:72)
	at com.kms.katalon.core.keyword.BuiltinKeywords.callTestCase(BuiltinKeywords.groovy:334)
	at TC_signup_01.run(TC_signup_01:26)
	at com.kms.katalon.core.main.ScriptEngine.run(ScriptEngine.java:194)
	at com.kms.katalon.core.main.ScriptEngine.runScriptAsRawText(ScriptEngine.java:119)
	at com.kms.katalon.core.main.TestCaseExecutor.runScript(TestCaseExecutor.java:337)
	at com.kms.katalon.core.main.TestCaseExecutor.doExecute(TestCaseExecutor.java:328)
	at com.kms.katalon.core.main.TestCaseExecutor.processExecutionPhase(TestCaseExecutor.java:307)
	at com.kms.katalon.core.main.TestCaseExecutor.accessMainPhase(TestCaseExecutor.java:299)
	at com.kms.katalon.core.main.TestCaseExecutor.execute(TestCaseExecutor.java:233)
	at com.kms.katalon.core.main.TestSuiteExecutor.accessTestCaseMainPhase(TestSuiteExecutor.java:169)
	at com.kms.katalon.core.main.TestSuiteExecutor.accessTestSuiteMainPhase(TestSuiteExecutor.java:142)
	at com.kms.katalon.core.main.TestSuiteExecutor.execute(TestSuiteExecutor.java:91)
	at com.kms.katalon.core.main.TestCaseMain.startTestSuite(TestCaseMain.java:157)
	at com.kms.katalon.core.main.TestCaseMain$startTestSuite$0.call(Unknown Source)
	at TempTestSuite1591373123859.run(TempTestSuite1591373123859.groovy:37)
Caused by: com.kms.katalon.core.exception.StepFailedException: Unable to verify object 'Object Repository/Page_Mattermost_Signup/input_email' is present
	at com.kms.katalon.core.webui.keyword.internal.WebUIKeywordMain.stepFailed(WebUIKeywordMain.groovy:64)
	at com.kms.katalon.core.webui.keyword.internal.WebUIKeywordMain.runKeyword(WebUIKeywordMain.groovy:26)
	at com.kms.katalon.core.webui.keyword.builtin.VerifyElementPresentKeyword.verifyElementPresent(VerifyElementPresentKeyword.groovy:92)
	at com.kms.katalon.core.webui.keyword.builtin.VerifyElementPresentKeyword.execute(VerifyElementPresentKeyword.groovy:68)
	at com.kms.katalon.core.keyword.internal.KeywordExecutor.executeKeywordForPlatform(KeywordExecutor.groovy:72)
	at com.kms.katalon.core.webui.keyword.WebUiBuiltInKeywords.verifyElementPresent(WebUiBuiltInKeywords.groovy:1460)
	at com.kms.katalon.core.webui.keyword.WebUiBuiltInKeywords$verifyElementPresent$0.call(Unknown Source)
	at signup_function.run(signup_function:19)
	at com.kms.katalon.core.main.ScriptEngine.run(ScriptEngine.java:194)
	at com.kms.katalon.core.main.ScriptEngine.runScriptAsRawText(ScriptEngine.java:119)
	at com.kms.katalon.core.main.TestCaseExecutor.runScript(TestCaseExecutor.java:337)
	at com.kms.katalon.core.main.TestCaseExecutor.doExecute(TestCaseExecutor.java:328)
	at com.kms.katalon.core.main.TestCaseExecutor.processExecutionPhase(TestCaseExecutor.java:307)
	at com.kms.katalon.core.main.TestCaseExecutor.accessMainPhase(TestCaseExecutor.java:299)
	at com.kms.katalon.core.main.TestCaseExecutor.execute(TestCaseExecutor.java:233)
	at com.kms.katalon.core.main.TestCaseMain.runTestCase(TestCaseMain.java:114)
	at com.kms.katalon.core.keyword.builtin.CallTestCaseKeyword$_callTestCase_closure1.doCall(CallTestCaseKeyword.groovy:59)
	... 20 more
Caused by: com.kms.katalon.core.exception.StepFailedException: com.kms.katalon.core.webui.exception.WebElementNotFoundException: Web element with id: 'Object Repository/Page_Mattermost_Signup/input_email' located by 'By.xpath: //input[@id='email']' not found
	at com.kms.katalon.core.webui.keyword.internal.WebUIKeywordMain.stepFailed(WebUIKeywordMain.groovy:64)
	at com.kms.katalon.core.webui.keyword.builtin.VerifyElementPresentKeyword$_verifyElementPresent_closure1.doCall(VerifyElementPresentKeyword.groovy:85)
	at com.kms.katalon.core.webui.keyword.builtin.VerifyElementPresentKeyword$_verifyElementPresent_closure1.call(VerifyElementPresentKeyword.groovy)
	at com.kms.katalon.core.webui.keyword.internal.WebUIKeywordMain.runKeyword(WebUIKeywordMain.groovy:20)
	... 35 more
"/>
         <system-out><![CDATA[2020-06-05 23:05:37 - [TEST_CASE][FAILED] - Test Cases/Signup/TC_signup_01: Test Cases/Signup/TC_signup_01 FAILED.
Reason:
com.kms.katalon.core.exception.StepFailedException: Call Test Case 'Test Cases/Signup/signup_function' failed
	at com.kms.katalon.core.keyword.builtin.CallTestCaseKeyword$_callTestCase_closure1.doCall(CallTestCaseKeyword.groovy:63)
	at com.kms.katalon.core.keyword.builtin.CallTestCaseKeyword$_callTestCase_closure1.call(CallTestCaseKeyword.groovy)
	at com.kms.katalon.core.keyword.internal.KeywordMain.runKeyword(KeywordMain.groovy:68)
	at com.kms.katalon.core.keyword.builtin.CallTestCaseKeyword.callTestCase(CallTestCaseKeyword.groovy:81)
	at com.kms.katalon.core.keyword.builtin.CallTestCaseKeyword.execute(CallTestCaseKeyword.groovy:44)
	at com.kms.katalon.core.keyword.internal.KeywordExecutor.executeKeywordForPlatform(KeywordExecutor.groovy:72)
	at com.kms.katalon.core.keyword.BuiltinKeywords.callTestCase(BuiltinKeywords.groovy:334)
	at TC_signup_01.run(TC_signup_01:26)
	at com.kms.katalon.core.main.ScriptEngine.run(ScriptEngine.java:194)
	at com.kms.katalon.core.main.ScriptEngine.runScriptAsRawText(ScriptEngine.java:119)
	at com.kms.katalon.core.main.TestCaseExecutor.runScript(TestCaseExecutor.java:337)
	at com.kms.katalon.core.main.TestCaseExecutor.doExecute(TestCaseExecutor.java:328)
	at com.kms.katalon.core.main.TestCaseExecutor.processExecutionPhase(TestCaseExecutor.java:307)
	at com.kms.katalon.core.main.TestCaseExecutor.accessMainPhase(TestCaseExecutor.java:299)
	at com.kms.katalon.core.main.TestCaseExecutor.execute(TestCaseExecutor.java:233)
	at com.kms.katalon.core.main.TestSuiteExecutor.accessTestCaseMainPhase(TestSuiteExecutor.java:169)
	at com.kms.katalon.core.main.TestSuiteExecutor.accessTestSuiteMainPhase(TestSuiteExecutor.java:142)
	at com.kms.katalon.core.main.TestSuiteExecutor.execute(TestSuiteExecutor.java:91)
	at com.kms.katalon.core.main.TestCaseMain.startTestSuite(TestCaseMain.java:157)
	at com.kms.katalon.core.main.TestCaseMain$startTestSuite$0.call(Unknown Source)
	at TempTestSuite1591373123859.run(TempTestSuite1591373123859.groovy:37)
Caused by: com.kms.katalon.core.exception.StepFailedException: Unable to verify object 'Object Repository/Page_Mattermost_Signup/input_email' is present
	at com.kms.katalon.core.webui.keyword.internal.WebUIKeywordMain.stepFailed(WebUIKeywordMain.groovy:64)
	at com.kms.katalon.core.webui.keyword.internal.WebUIKeywordMain.runKeyword(WebUIKeywordMain.groovy:26)
	at com.kms.katalon.core.webui.keyword.builtin.VerifyElementPresentKeyword.verifyElementPresent(VerifyElementPresentKeyword.groovy:92)
	at com.kms.katalon.core.webui.keyword.builtin.VerifyElementPresentKeyword.execute(VerifyElementPresentKeyword.groovy:68)
	at com.kms.katalon.core.keyword.internal.KeywordExecutor.executeKeywordForPlatform(KeywordExecutor.groovy:72)
	at com.kms.katalon.core.webui.keyword.WebUiBuiltInKeywords.verifyElementPresent(WebUiBuiltInKeywords.groovy:1460)
	at com.kms.katalon.core.webui.keyword.WebUiBuiltInKeywords$verifyElementPresent$0.call(Unknown Source)
	at signup_function.run(signup_function:19)
	at com.kms.katalon.core.main.ScriptEngine.run(ScriptEngine.java:194)
	at com.kms.katalon.core.main.ScriptEngine.runScriptAsRawText(ScriptEngine.java:119)
	at com.kms.katalon.core.main.TestCaseExecutor.runScript(TestCaseExecutor.java:337)
	at com.kms.katalon.core.main.TestCaseExecutor.doExecute(TestCaseExecutor.java:328)
	at com.kms.katalon.core.main.TestCaseExecutor.processExecutionPhase(TestCaseExecutor.java:307)
	at com.kms.katalon.core.main.TestCaseExecutor.accessMainPhase(TestCaseExecutor.java:299)
	at com.kms.katalon.core.main.TestCaseExecutor.execute(TestCaseExecutor.java:233)
	at com.kms.katalon.core.main.TestCaseMain.runTestCase(TestCaseMain.java:114)
	at com.kms.katalon.core.keyword.builtin.CallTestCaseKeyword$_callTestCase_closure1.doCall(CallTestCaseKeyword.groovy:59)
	... 20 more
Caused by: com.kms.katalon.core.exception.StepFailedException: com.kms.katalon.core.webui.exception.WebElementNotFoundException: Web element with id: 'Object Repository/Page_Mattermost_Signup/input_email' located by 'By.xpath: //input[@id='email']' not found
	at com.kms.katalon.core.webui.keyword.internal.WebUIKeywordMain.stepFailed(WebUIKeywordMain.groovy:64)
	at com.kms.katalon.core.webui.keyword.builtin.VerifyElementPresentKeyword$_verifyElementPresent_closure1.doCall(VerifyElementPresentKeyword.groovy:85)
	at com.kms.katalon.core.webui.keyword.builtin.VerifyElementPresentKeyword$_verifyElementPresent_closure1.call(VerifyElementPresentKeyword.groovy)
	at com.kms.katalon.core.webui.keyword.internal.WebUIKeywordMain.runKeyword(WebUIKeywordMain.groovy:20)
	... 35 more


2020-06-05 23:05:37 - [TEST_STEP][PASSED] - Start setup action : Setup: Method 'Setup' complete successfully

2020-06-05 23:05:37 - [TEST_STEP][PASSED] - openBrowser("http://192.168.1.10:8065/signup_email"): Browser is opened with url: 'http://192.168.1.10:8065/signup_email'

2020-06-05 23:05:37 - [MESSAGE][INFO] - Starting 'Firefox' driver

2020-06-05 23:05:37 - [MESSAGE][INFO] - Action delay is set to 0 milliseconds

2020-06-05 23:05:42 - [MESSAGE][PASSED] - Browser is opened with url: 'http://192.168.1.10:8065/signup_email'

2020-06-05 23:05:42 - [MESSAGE][PASSED] - Method 'Setup' complete successfully

2020-06-05 23:05:42 - [TEST_STEP][FAILED] - callTestCase(findTestCase("Test Cases/Signup/signup_function"), ["var_email":var_email, "var_name":var_name, "var_password":var_password], STOP_ON_FAILURE): Unable to call Test Case 'Test Cases/Signup/signup_function' (Root cause: com.kms.katalon.core.exception.StepFailedException: Call Test Case 'Test Cases/Signup/signup_function' failed
	at com.kms.katalon.core.keyword.builtin.CallTestCaseKeyword$_callTestCase_closure1.doCall(CallTestCaseKeyword.groovy:63)
	at com.kms.katalon.core.keyword.builtin.CallTestCaseKeyword$_callTestCase_closure1.call(CallTestCaseKeyword.groovy)
	at com.kms.katalon.core.keyword.internal.KeywordMain.runKeyword(KeywordMain.groovy:68)
	at com.kms.katalon.core.keyword.builtin.CallTestCaseKeyword.callTestCase(CallTestCaseKeyword.groovy:81)
	at com.kms.katalon.core.keyword.builtin.CallTestCaseKeyword.execute(CallTestCaseKeyword.groovy:44)
	at com.kms.katalon.core.keyword.internal.KeywordExecutor.executeKeywordForPlatform(KeywordExecutor.groovy:72)
	at com.kms.katalon.core.keyword.BuiltinKeywords.callTestCase(BuiltinKeywords.groovy:334)
	at TC_signup_01.run(TC_signup_01:26)
	at com.kms.katalon.core.main.ScriptEngine.run(ScriptEngine.java:194)
	at com.kms.katalon.core.main.ScriptEngine.runScriptAsRawText(ScriptEngine.java:119)
	at com.kms.katalon.core.main.TestCaseExecutor.runScript(TestCaseExecutor.java:337)
	at com.kms.katalon.core.main.TestCaseExecutor.doExecute(TestCaseExecutor.java:328)
	at com.kms.katalon.core.main.TestCaseExecutor.processExecutionPhase(TestCaseExecutor.java:307)
	at com.kms.katalon.core.main.TestCaseExecutor.accessMainPhase(TestCaseExecutor.java:299)
	at com.kms.katalon.core.main.TestCaseExecutor.execute(TestCaseExecutor.java:233)
	at com.kms.katalon.core.main.TestSuiteExecutor.accessTestCaseMainPhase(TestSuiteExecutor.java:169)
	at com.kms.katalon.core.main.TestSuiteExecutor.accessTestSuiteMainPhase(TestSuiteExecutor.java:142)
	at com.kms.katalon.core.main.TestSuiteExecutor.execute(TestSuiteExecutor.java:91)
	at com.kms.katalon.core.main.TestCaseMain.startTestSuite(TestCaseMain.java:157)
	at com.kms.katalon.core.main.TestCaseMain$startTestSuite$0.call(Unknown Source)
	at TempTestSuite1591373123859.run(TempTestSuite1591373123859.groovy:37)
Caused by: com.kms.katalon.core.exception.StepFailedException: Unable to verify object 'Object Repository/Page_Mattermost_Signup/input_email' is present
	at com.kms.katalon.core.webui.keyword.internal.WebUIKeywordMain.stepFailed(WebUIKeywordMain.groovy:64)
	at com.kms.katalon.core.webui.keyword.internal.WebUIKeywordMain.runKeyword(WebUIKeywordMain.groovy:26)
	at com.kms.katalon.core.webui.keyword.builtin.VerifyElementPresentKeyword.verifyElementPresent(VerifyElementPresentKeyword.groovy:92)
	at com.kms.katalon.core.webui.keyword.builtin.VerifyElementPresentKeyword.execute(VerifyElementPresentKeyword.groovy:68)
	at com.kms.katalon.core.keyword.internal.KeywordExecutor.executeKeywordForPlatform(KeywordExecutor.groovy:72)
	at com.kms.katalon.core.webui.keyword.WebUiBuiltInKeywords.verifyElementPresent(WebUiBuiltInKeywords.groovy:1460)
	at com.kms.katalon.core.webui.keyword.WebUiBuiltInKeywords$verifyElementPresent$0.call(Unknown Source)
	at signup_function.run(signup_function:19)
	at com.kms.katalon.core.main.ScriptEngine.run(ScriptEngine.java:194)
	at com.kms.katalon.core.main.ScriptEngine.runScriptAsRawText(ScriptEngine.java:119)
	at com.kms.katalon.core.main.TestCaseExecutor.runScript(TestCaseExecutor.java:337)
	at com.kms.katalon.core.main.TestCaseExecutor.doExecute(TestCaseExecutor.java:328)
	at com.kms.katalon.core.main.TestCaseExecutor.processExecutionPhase(TestCaseExecutor.java:307)
	at com.kms.katalon.core.main.TestCaseExecutor.accessMainPhase(TestCaseExecutor.java:299)
	at com.kms.katalon.core.main.TestCaseExecutor.execute(TestCaseExecutor.java:233)
	at com.kms.katalon.core.main.TestCaseMain.runTestCase(TestCaseMain.java:114)
	at com.kms.katalon.core.keyword.builtin.CallTestCaseKeyword$_callTestCase_closure1.doCall(CallTestCaseKeyword.groovy:59)
	... 20 more
Caused by: com.kms.katalon.core.exception.StepFailedException: com.kms.katalon.core.webui.exception.WebElementNotFoundException: Web element with id: 'Object Repository/Page_Mattermost_Signup/input_email' located by 'By.xpath: //input[@id='email']' not found
	at com.kms.katalon.core.webui.keyword.internal.WebUIKeywordMain.stepFailed(WebUIKeywordMain.groovy:64)
	at com.kms.katalon.core.webui.keyword.builtin.VerifyElementPresentKeyword$_verifyElementPresent_closure1.doCall(VerifyElementPresentKeyword.groovy:85)
	at com.kms.katalon.core.webui.keyword.builtin.VerifyElementPresentKeyword$_verifyElementPresent_closure1.call(VerifyElementPresentKeyword.groovy)
	at com.kms.katalon.core.webui.keyword.internal.WebUIKeywordMain.runKeyword(WebUIKeywordMain.groovy:20)
	... 35 more
)

2020-06-05 23:05:42 - [TEST_CASE][FAILED] - Test Cases/Signup/signup_function: Test Cases/Signup/signup_function FAILED.
Reason:
com.kms.katalon.core.exception.StepFailedException: Unable to verify object 'Object Repository/Page_Mattermost_Signup/input_email' is present
	at com.kms.katalon.core.webui.keyword.internal.WebUIKeywordMain.stepFailed(WebUIKeywordMain.groovy:64)
	at com.kms.katalon.core.webui.keyword.internal.WebUIKeywordMain.runKeyword(WebUIKeywordMain.groovy:26)
	at com.kms.katalon.core.webui.keyword.builtin.VerifyElementPresentKeyword.verifyElementPresent(VerifyElementPresentKeyword.groovy:92)
	at com.kms.katalon.core.webui.keyword.builtin.VerifyElementPresentKeyword.execute(VerifyElementPresentKeyword.groovy:68)
	at com.kms.katalon.core.keyword.internal.KeywordExecutor.executeKeywordForPlatform(KeywordExecutor.groovy:72)
	at com.kms.katalon.core.webui.keyword.WebUiBuiltInKeywords.verifyElementPresent(WebUiBuiltInKeywords.groovy:1460)
	at com.kms.katalon.core.webui.keyword.WebUiBuiltInKeywords$verifyElementPresent$0.call(Unknown Source)
	at signup_function.run(signup_function:19)
	at com.kms.katalon.core.main.ScriptEngine.run(ScriptEngine.java:194)
	at com.kms.katalon.core.main.ScriptEngine.runScriptAsRawText(ScriptEngine.java:119)
	at com.kms.katalon.core.main.TestCaseExecutor.runScript(TestCaseExecutor.java:337)
	at com.kms.katalon.core.main.TestCaseExecutor.doExecute(TestCaseExecutor.java:328)
	at com.kms.katalon.core.main.TestCaseExecutor.processExecutionPhase(TestCaseExecutor.java:307)
	at com.kms.katalon.core.main.TestCaseExecutor.accessMainPhase(TestCaseExecutor.java:299)
	at com.kms.katalon.core.main.TestCaseExecutor.execute(TestCaseExecutor.java:233)
	at com.kms.katalon.core.main.TestCaseMain.runTestCase(TestCaseMain.java:114)
	at com.kms.katalon.core.keyword.builtin.CallTestCaseKeyword$_callTestCase_closure1.doCall(CallTestCaseKeyword.groovy:59)
	at com.kms.katalon.core.keyword.builtin.CallTestCaseKeyword$_callTestCase_closure1.call(CallTestCaseKeyword.groovy)
	at com.kms.katalon.core.keyword.internal.KeywordMain.runKeyword(KeywordMain.groovy:68)
	at com.kms.katalon.core.keyword.builtin.CallTestCaseKeyword.callTestCase(CallTestCaseKeyword.groovy:81)
	at com.kms.katalon.core.keyword.builtin.CallTestCaseKeyword.execute(CallTestCaseKeyword.groovy:44)
	at com.kms.katalon.core.keyword.internal.KeywordExecutor.executeKeywordForPlatform(KeywordExecutor.groovy:72)
	at com.kms.katalon.core.keyword.BuiltinKeywords.callTestCase(BuiltinKeywords.groovy:334)
	at TC_signup_01.run(TC_signup_01:26)
	at com.kms.katalon.core.main.ScriptEngine.run(ScriptEngine.java:194)
	at com.kms.katalon.core.main.ScriptEngine.runScriptAsRawText(ScriptEngine.java:119)
	at com.kms.katalon.core.main.TestCaseExecutor.runScript(TestCaseExecutor.java:337)
	at com.kms.katalon.core.main.TestCaseExecutor.doExecute(TestCaseExecutor.java:328)
	at com.kms.katalon.core.main.TestCaseExecutor.processExecutionPhase(TestCaseExecutor.java:307)
	at com.kms.katalon.core.main.TestCaseExecutor.accessMainPhase(TestCaseExecutor.java:299)
	at com.kms.katalon.core.main.TestCaseExecutor.execute(TestCaseExecutor.java:233)
	at com.kms.katalon.core.main.TestSuiteExecutor.accessTestCaseMainPhase(TestSuiteExecutor.java:169)
	at com.kms.katalon.core.main.TestSuiteExecutor.accessTestSuiteMainPhase(TestSuiteExecutor.java:142)
	at com.kms.katalon.core.main.TestSuiteExecutor.execute(TestSuiteExecutor.java:91)
	at com.kms.katalon.core.main.TestCaseMain.startTestSuite(TestCaseMain.java:157)
	at com.kms.katalon.core.main.TestCaseMain$startTestSuite$0.call(Unknown Source)
	at TempTestSuite1591373123859.run(TempTestSuite1591373123859.groovy:37)
Caused by: com.kms.katalon.core.exception.StepFailedException: com.kms.katalon.core.webui.exception.WebElementNotFoundException: Web element with id: 'Object Repository/Page_Mattermost_Signup/input_email' located by 'By.xpath: //input[@id='email']' not found
	at com.kms.katalon.core.webui.keyword.internal.WebUIKeywordMain.stepFailed(WebUIKeywordMain.groovy:64)
	at com.kms.katalon.core.webui.keyword.builtin.VerifyElementPresentKeyword$_verifyElementPresent_closure1.doCall(VerifyElementPresentKeyword.groovy:85)
	at com.kms.katalon.core.webui.keyword.builtin.VerifyElementPresentKeyword$_verifyElementPresent_closure1.call(VerifyElementPresentKeyword.groovy)
	at com.kms.katalon.core.webui.keyword.internal.WebUIKeywordMain.runKeyword(WebUIKeywordMain.groovy:20)
	... 35 more


2020-06-05 23:05:42 - [TEST_STEP][FAILED] - verifyEqual(verifyElementPresent(findTestObject("Object Repository/Page_Mattermost_Signup/input_email"), 1), true): Unable to verify object 'Object Repository/Page_Mattermost_Signup/input_email' is present (Root cause: com.kms.katalon.core.exception.StepFailedException: Unable to verify object 'Object Repository/Page_Mattermost_Signup/input_email' is present
	at com.kms.katalon.core.webui.keyword.internal.WebUIKeywordMain.stepFailed(WebUIKeywordMain.groovy:64)
	at com.kms.katalon.core.webui.keyword.internal.WebUIKeywordMain.runKeyword(WebUIKeywordMain.groovy:26)
	at com.kms.katalon.core.webui.keyword.builtin.VerifyElementPresentKeyword.verifyElementPresent(VerifyElementPresentKeyword.groovy:92)
	at com.kms.katalon.core.webui.keyword.builtin.VerifyElementPresentKeyword.execute(VerifyElementPresentKeyword.groovy:68)
	at com.kms.katalon.core.keyword.internal.KeywordExecutor.executeKeywordForPlatform(KeywordExecutor.groovy:72)
	at com.kms.katalon.core.webui.keyword.WebUiBuiltInKeywords.verifyElementPresent(WebUiBuiltInKeywords.groovy:1460)
	at com.kms.katalon.core.webui.keyword.WebUiBuiltInKeywords$verifyElementPresent$0.call(Unknown Source)
	at signup_function.run(signup_function:19)
	at com.kms.katalon.core.main.ScriptEngine.run(ScriptEngine.java:194)
	at com.kms.katalon.core.main.ScriptEngine.runScriptAsRawText(ScriptEngine.java:119)
	at com.kms.katalon.core.main.TestCaseExecutor.runScript(TestCaseExecutor.java:337)
	at com.kms.katalon.core.main.TestCaseExecutor.doExecute(TestCaseExecutor.java:328)
	at com.kms.katalon.core.main.TestCaseExecutor.processExecutionPhase(TestCaseExecutor.java:307)
	at com.kms.katalon.core.main.TestCaseExecutor.accessMainPhase(TestCaseExecutor.java:299)
	at com.kms.katalon.core.main.TestCaseExecutor.execute(TestCaseExecutor.java:233)
	at com.kms.katalon.core.main.TestCaseMain.runTestCase(TestCaseMain.java:114)
	at com.kms.katalon.core.keyword.builtin.CallTestCaseKeyword$_callTestCase_closure1.doCall(CallTestCaseKeyword.groovy:59)
	at com.kms.katalon.core.keyword.builtin.CallTestCaseKeyword$_callTestCase_closure1.call(CallTestCaseKeyword.groovy)
	at com.kms.katalon.core.keyword.internal.KeywordMain.runKeyword(KeywordMain.groovy:68)
	at com.kms.katalon.core.keyword.builtin.CallTestCaseKeyword.callTestCase(CallTestCaseKeyword.groovy:81)
	at com.kms.katalon.core.keyword.builtin.CallTestCaseKeyword.execute(CallTestCaseKeyword.groovy:44)
	at com.kms.katalon.core.keyword.internal.KeywordExecutor.executeKeywordForPlatform(KeywordExecutor.groovy:72)
	at com.kms.katalon.core.keyword.BuiltinKeywords.callTestCase(BuiltinKeywords.groovy:334)
	at TC_signup_01.run(TC_signup_01:26)
	at com.kms.katalon.core.main.ScriptEngine.run(ScriptEngine.java:194)
	at com.kms.katalon.core.main.ScriptEngine.runScriptAsRawText(ScriptEngine.java:119)
	at com.kms.katalon.core.main.TestCaseExecutor.runScript(TestCaseExecutor.java:337)
	at com.kms.katalon.core.main.TestCaseExecutor.doExecute(TestCaseExecutor.java:328)
	at com.kms.katalon.core.main.TestCaseExecutor.processExecutionPhase(TestCaseExecutor.java:307)
	at com.kms.katalon.core.main.TestCaseExecutor.accessMainPhase(TestCaseExecutor.java:299)
	at com.kms.katalon.core.main.TestCaseExecutor.execute(TestCaseExecutor.java:233)
	at com.kms.katalon.core.main.TestSuiteExecutor.accessTestCaseMainPhase(TestSuiteExecutor.java:169)
	at com.kms.katalon.core.main.TestSuiteExecutor.accessTestSuiteMainPhase(TestSuiteExecutor.java:142)
	at com.kms.katalon.core.main.TestSuiteExecutor.execute(TestSuiteExecutor.java:91)
	at com.kms.katalon.core.main.TestCaseMain.startTestSuite(TestCaseMain.java:157)
	at com.kms.katalon.core.main.TestCaseMain$startTestSuite$0.call(Unknown Source)
	at TempTestSuite1591373123859.run(TempTestSuite1591373123859.groovy:37)
Caused by: com.kms.katalon.core.exception.StepFailedException: com.kms.katalon.core.webui.exception.WebElementNotFoundException: Web element with id: 'Object Repository/Page_Mattermost_Signup/input_email' located by 'By.xpath: //input[@id='email']' not found
	at com.kms.katalon.core.webui.keyword.internal.WebUIKeywordMain.stepFailed(WebUIKeywordMain.groovy:64)
	at com.kms.katalon.core.webui.keyword.builtin.VerifyElementPresentKeyword$_verifyElementPresent_closure1.doCall(VerifyElementPresentKeyword.groovy:85)
	at com.kms.katalon.core.webui.keyword.builtin.VerifyElementPresentKeyword$_verifyElementPresent_closure1.call(VerifyElementPresentKeyword.groovy)
	at com.kms.katalon.core.webui.keyword.internal.WebUIKeywordMain.runKeyword(WebUIKeywordMain.groovy:20)
	... 35 more
)

2020-06-05 23:05:43 - [MESSAGE][INFO] - Unable to find the element located by 'By.xpath: //input[@id='email']'. Please recheck the objects properties to make sure the desired element is located. 

2020-06-05 23:05:43 - [MESSAGE][FAILED] - com.kms.katalon.core.webui.exception.WebElementNotFoundException: Web element with id: 'Object Repository/Page_Mattermost_Signup/input_email' located by 'By.xpath: //input[@id='email']' not found (Root cause: com.kms.katalon.core.exception.StepFailedException: com.kms.katalon.core.webui.exception.WebElementNotFoundException: Web element with id: 'Object Repository/Page_Mattermost_Signup/input_email' located by 'By.xpath: //input[@id='email']' not found
	at com.kms.katalon.core.webui.keyword.internal.WebUIKeywordMain.stepFailed(WebUIKeywordMain.groovy:64)
	at com.kms.katalon.core.webui.keyword.builtin.VerifyElementPresentKeyword$_verifyElementPresent_closure1.doCall(VerifyElementPresentKeyword.groovy:85)
	at com.kms.katalon.core.webui.keyword.builtin.VerifyElementPresentKeyword$_verifyElementPresent_closure1.call(VerifyElementPresentKeyword.groovy)
	at com.kms.katalon.core.webui.keyword.internal.WebUIKeywordMain.runKeyword(WebUIKeywordMain.groovy:20)
	at com.kms.katalon.core.webui.keyword.builtin.VerifyElementPresentKeyword.verifyElementPresent(VerifyElementPresentKeyword.groovy:92)
	at com.kms.katalon.core.webui.keyword.builtin.VerifyElementPresentKeyword.execute(VerifyElementPresentKeyword.groovy:68)
	at com.kms.katalon.core.keyword.internal.KeywordExecutor.executeKeywordForPlatform(KeywordExecutor.groovy:72)
	at com.kms.katalon.core.webui.keyword.WebUiBuiltInKeywords.verifyElementPresent(WebUiBuiltInKeywords.groovy:1460)
	at com.kms.katalon.core.webui.keyword.WebUiBuiltInKeywords$verifyElementPresent$0.call(Unknown Source)
	at signup_function.run(signup_function:19)
	at com.kms.katalon.core.main.ScriptEngine.run(ScriptEngine.java:194)
	at com.kms.katalon.core.main.ScriptEngine.runScriptAsRawText(ScriptEngine.java:119)
	at com.kms.katalon.core.main.TestCaseExecutor.runScript(TestCaseExecutor.java:337)
	at com.kms.katalon.core.main.TestCaseExecutor.doExecute(TestCaseExecutor.java:328)
	at com.kms.katalon.core.main.TestCaseExecutor.processExecutionPhase(TestCaseExecutor.java:307)
	at com.kms.katalon.core.main.TestCaseExecutor.accessMainPhase(TestCaseExecutor.java:299)
	at com.kms.katalon.core.main.TestCaseExecutor.execute(TestCaseExecutor.java:233)
	at com.kms.katalon.core.main.TestCaseMain.runTestCase(TestCaseMain.java:114)
	at com.kms.katalon.core.keyword.builtin.CallTestCaseKeyword$_callTestCase_closure1.doCall(CallTestCaseKeyword.groovy:59)
	at com.kms.katalon.core.keyword.builtin.CallTestCaseKeyword$_callTestCase_closure1.call(CallTestCaseKeyword.groovy)
	at com.kms.katalon.core.keyword.internal.KeywordMain.runKeyword(KeywordMain.groovy:68)
	at com.kms.katalon.core.keyword.builtin.CallTestCaseKeyword.callTestCase(CallTestCaseKeyword.groovy:81)
	at com.kms.katalon.core.keyword.builtin.CallTestCaseKeyword.execute(CallTestCaseKeyword.groovy:44)
	at com.kms.katalon.core.keyword.internal.KeywordExecutor.executeKeywordForPlatform(KeywordExecutor.groovy:72)
	at com.kms.katalon.core.keyword.BuiltinKeywords.callTestCase(BuiltinKeywords.groovy:334)
	at TC_signup_01.run(TC_signup_01:26)
	at com.kms.katalon.core.main.ScriptEngine.run(ScriptEngine.java:194)
	at com.kms.katalon.core.main.ScriptEngine.runScriptAsRawText(ScriptEngine.java:119)
	at com.kms.katalon.core.main.TestCaseExecutor.runScript(TestCaseExecutor.java:337)
	at com.kms.katalon.core.main.TestCaseExecutor.doExecute(TestCaseExecutor.java:328)
	at com.kms.katalon.core.main.TestCaseExecutor.processExecutionPhase(TestCaseExecutor.java:307)
	at com.kms.katalon.core.main.TestCaseExecutor.accessMainPhase(TestCaseExecutor.java:299)
	at com.kms.katalon.core.main.TestCaseExecutor.execute(TestCaseExecutor.java:233)
	at com.kms.katalon.core.main.TestSuiteExecutor.accessTestCaseMainPhase(TestSuiteExecutor.java:169)
	at com.kms.katalon.core.main.TestSuiteExecutor.accessTestSuiteMainPhase(TestSuiteExecutor.java:142)
	at com.kms.katalon.core.main.TestSuiteExecutor.execute(TestSuiteExecutor.java:91)
	at com.kms.katalon.core.main.TestCaseMain.startTestSuite(TestCaseMain.java:157)
	at com.kms.katalon.core.main.TestCaseMain$startTestSuite$0.call(Unknown Source)
	at TempTestSuite1591373123859.run(TempTestSuite1591373123859.groovy:37)
)
[[ATTACHMENT|D:\\katalon\\hw2-katalon-testing\\Reports\\20200605_230523\\Run_All_Test_Cases\\20200605_230523\\1591373143823.png]]

2020-06-05 23:05:43 - [MESSAGE][FAILED] - Unable to verify object 'Object Repository/Page_Mattermost_Signup/input_email' is present (Root cause: com.kms.katalon.core.exception.StepFailedException: Unable to verify object 'Object Repository/Page_Mattermost_Signup/input_email' is present
	at com.kms.katalon.core.webui.keyword.internal.WebUIKeywordMain.stepFailed(WebUIKeywordMain.groovy:64)
	at com.kms.katalon.core.webui.keyword.internal.WebUIKeywordMain.runKeyword(WebUIKeywordMain.groovy:26)
	at com.kms.katalon.core.webui.keyword.builtin.VerifyElementPresentKeyword.verifyElementPresent(VerifyElementPresentKeyword.groovy:92)
	at com.kms.katalon.core.webui.keyword.builtin.VerifyElementPresentKeyword.execute(VerifyElementPresentKeyword.groovy:68)
	at com.kms.katalon.core.keyword.internal.KeywordExecutor.executeKeywordForPlatform(KeywordExecutor.groovy:72)
	at com.kms.katalon.core.webui.keyword.WebUiBuiltInKeywords.verifyElementPresent(WebUiBuiltInKeywords.groovy:1460)
	at com.kms.katalon.core.webui.keyword.WebUiBuiltInKeywords$verifyElementPresent$0.call(Unknown Source)
	at signup_function.run(signup_function:19)
	at com.kms.katalon.core.main.ScriptEngine.run(ScriptEngine.java:194)
	at com.kms.katalon.core.main.ScriptEngine.runScriptAsRawText(ScriptEngine.java:119)
	at com.kms.katalon.core.main.TestCaseExecutor.runScript(TestCaseExecutor.java:337)
	at com.kms.katalon.core.main.TestCaseExecutor.doExecute(TestCaseExecutor.java:328)
	at com.kms.katalon.core.main.TestCaseExecutor.processExecutionPhase(TestCaseExecutor.java:307)
	at com.kms.katalon.core.main.TestCaseExecutor.accessMainPhase(TestCaseExecutor.java:299)
	at com.kms.katalon.core.main.TestCaseExecutor.execute(TestCaseExecutor.java:233)
	at com.kms.katalon.core.main.TestCaseMain.runTestCase(TestCaseMain.java:114)
	at com.kms.katalon.core.keyword.builtin.CallTestCaseKeyword$_callTestCase_closure1.doCall(CallTestCaseKeyword.groovy:59)
	at com.kms.katalon.core.keyword.builtin.CallTestCaseKeyword$_callTestCase_closure1.call(CallTestCaseKeyword.groovy)
	at com.kms.katalon.core.keyword.internal.KeywordMain.runKeyword(KeywordMain.groovy:68)
	at com.kms.katalon.core.keyword.builtin.CallTestCaseKeyword.callTestCase(CallTestCaseKeyword.groovy:81)
	at com.kms.katalon.core.keyword.builtin.CallTestCaseKeyword.execute(CallTestCaseKeyword.groovy:44)
	at com.kms.katalon.core.keyword.internal.KeywordExecutor.executeKeywordForPlatform(KeywordExecutor.groovy:72)
	at com.kms.katalon.core.keyword.BuiltinKeywords.callTestCase(BuiltinKeywords.groovy:334)
	at TC_signup_01.run(TC_signup_01:26)
	at com.kms.katalon.core.main.ScriptEngine.run(ScriptEngine.java:194)
	at com.kms.katalon.core.main.ScriptEngine.runScriptAsRawText(ScriptEngine.java:119)
	at com.kms.katalon.core.main.TestCaseExecutor.runScript(TestCaseExecutor.java:337)
	at com.kms.katalon.core.main.TestCaseExecutor.doExecute(TestCaseExecutor.java:328)
	at com.kms.katalon.core.main.TestCaseExecutor.processExecutionPhase(TestCaseExecutor.java:307)
	at com.kms.katalon.core.main.TestCaseExecutor.accessMainPhase(TestCaseExecutor.java:299)
	at com.kms.katalon.core.main.TestCaseExecutor.execute(TestCaseExecutor.java:233)
	at com.kms.katalon.core.main.TestSuiteExecutor.accessTestCaseMainPhase(TestSuiteExecutor.java:169)
	at com.kms.katalon.core.main.TestSuiteExecutor.accessTestSuiteMainPhase(TestSuiteExecutor.java:142)
	at com.kms.katalon.core.main.TestSuiteExecutor.execute(TestSuiteExecutor.java:91)
	at com.kms.katalon.core.main.TestCaseMain.startTestSuite(TestCaseMain.java:157)
	at com.kms.katalon.core.main.TestCaseMain$startTestSuite$0.call(Unknown Source)
	at TempTestSuite1591373123859.run(TempTestSuite1591373123859.groovy:37)
Caused by: com.kms.katalon.core.exception.StepFailedException: com.kms.katalon.core.webui.exception.WebElementNotFoundException: Web element with id: 'Object Repository/Page_Mattermost_Signup/input_email' located by 'By.xpath: //input[@id='email']' not found
	at com.kms.katalon.core.webui.keyword.internal.WebUIKeywordMain.stepFailed(WebUIKeywordMain.groovy:64)
	at com.kms.katalon.core.webui.keyword.builtin.VerifyElementPresentKeyword$_verifyElementPresent_closure1.doCall(VerifyElementPresentKeyword.groovy:85)
	at com.kms.katalon.core.webui.keyword.builtin.VerifyElementPresentKeyword$_verifyElementPresent_closure1.call(VerifyElementPresentKeyword.groovy)
	at com.kms.katalon.core.webui.keyword.internal.WebUIKeywordMain.runKeyword(WebUIKeywordMain.groovy:20)
	... 35 more
)
[[ATTACHMENT|D:\\katalon\\hw2-katalon-testing\\Reports\\20200605_230523\\Run_All_Test_Cases\\20200605_230523\\1591373143905.png]]

2020-06-05 23:05:43 - [MESSAGE][FAILED] - Unable to call Test Case 'Test Cases/Signup/signup_function' (Root cause: com.kms.katalon.core.exception.StepFailedException: Call Test Case 'Test Cases/Signup/signup_function' failed
	at com.kms.katalon.core.keyword.builtin.CallTestCaseKeyword$_callTestCase_closure1.doCall(CallTestCaseKeyword.groovy:63)
	at com.kms.katalon.core.keyword.builtin.CallTestCaseKeyword$_callTestCase_closure1.call(CallTestCaseKeyword.groovy)
	at com.kms.katalon.core.keyword.internal.KeywordMain.runKeyword(KeywordMain.groovy:68)
	at com.kms.katalon.core.keyword.builtin.CallTestCaseKeyword.callTestCase(CallTestCaseKeyword.groovy:81)
	at com.kms.katalon.core.keyword.builtin.CallTestCaseKeyword.execute(CallTestCaseKeyword.groovy:44)
	at com.kms.katalon.core.keyword.internal.KeywordExecutor.executeKeywordForPlatform(KeywordExecutor.groovy:72)
	at com.kms.katalon.core.keyword.BuiltinKeywords.callTestCase(BuiltinKeywords.groovy:334)
	at TC_signup_01.run(TC_signup_01:26)
	at com.kms.katalon.core.main.ScriptEngine.run(ScriptEngine.java:194)
	at com.kms.katalon.core.main.ScriptEngine.runScriptAsRawText(ScriptEngine.java:119)
	at com.kms.katalon.core.main.TestCaseExecutor.runScript(TestCaseExecutor.java:337)
	at com.kms.katalon.core.main.TestCaseExecutor.doExecute(TestCaseExecutor.java:328)
	at com.kms.katalon.core.main.TestCaseExecutor.processExecutionPhase(TestCaseExecutor.java:307)
	at com.kms.katalon.core.main.TestCaseExecutor.accessMainPhase(TestCaseExecutor.java:299)
	at com.kms.katalon.core.main.TestCaseExecutor.execute(TestCaseExecutor.java:233)
	at com.kms.katalon.core.main.TestSuiteExecutor.accessTestCaseMainPhase(TestSuiteExecutor.java:169)
	at com.kms.katalon.core.main.TestSuiteExecutor.accessTestSuiteMainPhase(TestSuiteExecutor.java:142)
	at com.kms.katalon.core.main.TestSuiteExecutor.execute(TestSuiteExecutor.java:91)
	at com.kms.katalon.core.main.TestCaseMain.startTestSuite(TestCaseMain.java:157)
	at com.kms.katalon.core.main.TestCaseMain$startTestSuite$0.call(Unknown Source)
	at TempTestSuite1591373123859.run(TempTestSuite1591373123859.groovy:37)
Caused by: com.kms.katalon.core.exception.StepFailedException: Unable to verify object 'Object Repository/Page_Mattermost_Signup/input_email' is present
	at com.kms.katalon.core.webui.keyword.internal.WebUIKeywordMain.stepFailed(WebUIKeywordMain.groovy:64)
	at com.kms.katalon.core.webui.keyword.internal.WebUIKeywordMain.runKeyword(WebUIKeywordMain.groovy:26)
	at com.kms.katalon.core.webui.keyword.builtin.VerifyElementPresentKeyword.verifyElementPresent(VerifyElementPresentKeyword.groovy:92)
	at com.kms.katalon.core.webui.keyword.builtin.VerifyElementPresentKeyword.execute(VerifyElementPresentKeyword.groovy:68)
	at com.kms.katalon.core.keyword.internal.KeywordExecutor.executeKeywordForPlatform(KeywordExecutor.groovy:72)
	at com.kms.katalon.core.webui.keyword.WebUiBuiltInKeywords.verifyElementPresent(WebUiBuiltInKeywords.groovy:1460)
	at com.kms.katalon.core.webui.keyword.WebUiBuiltInKeywords$verifyElementPresent$0.call(Unknown Source)
	at signup_function.run(signup_function:19)
	at com.kms.katalon.core.main.ScriptEngine.run(ScriptEngine.java:194)
	at com.kms.katalon.core.main.ScriptEngine.runScriptAsRawText(ScriptEngine.java:119)
	at com.kms.katalon.core.main.TestCaseExecutor.runScript(TestCaseExecutor.java:337)
	at com.kms.katalon.core.main.TestCaseExecutor.doExecute(TestCaseExecutor.java:328)
	at com.kms.katalon.core.main.TestCaseExecutor.processExecutionPhase(TestCaseExecutor.java:307)
	at com.kms.katalon.core.main.TestCaseExecutor.accessMainPhase(TestCaseExecutor.java:299)
	at com.kms.katalon.core.main.TestCaseExecutor.execute(TestCaseExecutor.java:233)
	at com.kms.katalon.core.main.TestCaseMain.runTestCase(TestCaseMain.java:114)
	at com.kms.katalon.core.keyword.builtin.CallTestCaseKeyword$_callTestCase_closure1.doCall(CallTestCaseKeyword.groovy:59)
	... 20 more
Caused by: com.kms.katalon.core.exception.StepFailedException: com.kms.katalon.core.webui.exception.WebElementNotFoundException: Web element with id: 'Object Repository/Page_Mattermost_Signup/input_email' located by 'By.xpath: //input[@id='email']' not found
	at com.kms.katalon.core.webui.keyword.internal.WebUIKeywordMain.stepFailed(WebUIKeywordMain.groovy:64)
	at com.kms.katalon.core.webui.keyword.builtin.VerifyElementPresentKeyword$_verifyElementPresent_closure1.doCall(VerifyElementPresentKeyword.groovy:85)
	at com.kms.katalon.core.webui.keyword.builtin.VerifyElementPresentKeyword$_verifyElementPresent_closure1.call(VerifyElementPresentKeyword.groovy)
	at com.kms.katalon.core.webui.keyword.internal.WebUIKeywordMain.runKeyword(WebUIKeywordMain.groovy:20)
	... 35 more
)

2020-06-05 23:05:43 - [TEST_STEP][PASSED] - Start tear down : Teardown: Method 'Teardown' complete successfully

2020-06-05 23:05:43 - [TEST_STEP][PASSED] - closeBrowser(): Browser is closed

2020-06-05 23:05:45 - [MESSAGE][PASSED] - Browser is closed

2020-06-05 23:05:45 - [MESSAGE][PASSED] - Method 'Teardown' complete successfully]]></system-out>
         <system-err><![CDATA[2020-06-05 23:05:37 - [TEST_CASE][FAILED] - Test Cases/Signup/TC_signup_01: Test Cases/Signup/TC_signup_01 FAILED.
Reason:
com.kms.katalon.core.exception.StepFailedException: Call Test Case 'Test Cases/Signup/signup_function' failed
	at com.kms.katalon.core.keyword.builtin.CallTestCaseKeyword$_callTestCase_closure1.doCall(CallTestCaseKeyword.groovy:63)
	at com.kms.katalon.core.keyword.builtin.CallTestCaseKeyword$_callTestCase_closure1.call(CallTestCaseKeyword.groovy)
	at com.kms.katalon.core.keyword.internal.KeywordMain.runKeyword(KeywordMain.groovy:68)
	at com.kms.katalon.core.keyword.builtin.CallTestCaseKeyword.callTestCase(CallTestCaseKeyword.groovy:81)
	at com.kms.katalon.core.keyword.builtin.CallTestCaseKeyword.execute(CallTestCaseKeyword.groovy:44)
	at com.kms.katalon.core.keyword.internal.KeywordExecutor.executeKeywordForPlatform(KeywordExecutor.groovy:72)
	at com.kms.katalon.core.keyword.BuiltinKeywords.callTestCase(BuiltinKeywords.groovy:334)
	at TC_signup_01.run(TC_signup_01:26)
	at com.kms.katalon.core.main.ScriptEngine.run(ScriptEngine.java:194)
	at com.kms.katalon.core.main.ScriptEngine.runScriptAsRawText(ScriptEngine.java:119)
	at com.kms.katalon.core.main.TestCaseExecutor.runScript(TestCaseExecutor.java:337)
	at com.kms.katalon.core.main.TestCaseExecutor.doExecute(TestCaseExecutor.java:328)
	at com.kms.katalon.core.main.TestCaseExecutor.processExecutionPhase(TestCaseExecutor.java:307)
	at com.kms.katalon.core.main.TestCaseExecutor.accessMainPhase(TestCaseExecutor.java:299)
	at com.kms.katalon.core.main.TestCaseExecutor.execute(TestCaseExecutor.java:233)
	at com.kms.katalon.core.main.TestSuiteExecutor.accessTestCaseMainPhase(TestSuiteExecutor.java:169)
	at com.kms.katalon.core.main.TestSuiteExecutor.accessTestSuiteMainPhase(TestSuiteExecutor.java:142)
	at com.kms.katalon.core.main.TestSuiteExecutor.execute(TestSuiteExecutor.java:91)
	at com.kms.katalon.core.main.TestCaseMain.startTestSuite(TestCaseMain.java:157)
	at com.kms.katalon.core.main.TestCaseMain$startTestSuite$0.call(Unknown Source)
	at TempTestSuite1591373123859.run(TempTestSuite1591373123859.groovy:37)
Caused by: com.kms.katalon.core.exception.StepFailedException: Unable to verify object 'Object Repository/Page_Mattermost_Signup/input_email' is present
	at com.kms.katalon.core.webui.keyword.internal.WebUIKeywordMain.stepFailed(WebUIKeywordMain.groovy:64)
	at com.kms.katalon.core.webui.keyword.internal.WebUIKeywordMain.runKeyword(WebUIKeywordMain.groovy:26)
	at com.kms.katalon.core.webui.keyword.builtin.VerifyElementPresentKeyword.verifyElementPresent(VerifyElementPresentKeyword.groovy:92)
	at com.kms.katalon.core.webui.keyword.builtin.VerifyElementPresentKeyword.execute(VerifyElementPresentKeyword.groovy:68)
	at com.kms.katalon.core.keyword.internal.KeywordExecutor.executeKeywordForPlatform(KeywordExecutor.groovy:72)
	at com.kms.katalon.core.webui.keyword.WebUiBuiltInKeywords.verifyElementPresent(WebUiBuiltInKeywords.groovy:1460)
	at com.kms.katalon.core.webui.keyword.WebUiBuiltInKeywords$verifyElementPresent$0.call(Unknown Source)
	at signup_function.run(signup_function:19)
	at com.kms.katalon.core.main.ScriptEngine.run(ScriptEngine.java:194)
	at com.kms.katalon.core.main.ScriptEngine.runScriptAsRawText(ScriptEngine.java:119)
	at com.kms.katalon.core.main.TestCaseExecutor.runScript(TestCaseExecutor.java:337)
	at com.kms.katalon.core.main.TestCaseExecutor.doExecute(TestCaseExecutor.java:328)
	at com.kms.katalon.core.main.TestCaseExecutor.processExecutionPhase(TestCaseExecutor.java:307)
	at com.kms.katalon.core.main.TestCaseExecutor.accessMainPhase(TestCaseExecutor.java:299)
	at com.kms.katalon.core.main.TestCaseExecutor.execute(TestCaseExecutor.java:233)
	at com.kms.katalon.core.main.TestCaseMain.runTestCase(TestCaseMain.java:114)
	at com.kms.katalon.core.keyword.builtin.CallTestCaseKeyword$_callTestCase_closure1.doCall(CallTestCaseKeyword.groovy:59)
	... 20 more
Caused by: com.kms.katalon.core.exception.StepFailedException: com.kms.katalon.core.webui.exception.WebElementNotFoundException: Web element with id: 'Object Repository/Page_Mattermost_Signup/input_email' located by 'By.xpath: //input[@id='email']' not found
	at com.kms.katalon.core.webui.keyword.internal.WebUIKeywordMain.stepFailed(WebUIKeywordMain.groovy:64)
	at com.kms.katalon.core.webui.keyword.builtin.VerifyElementPresentKeyword$_verifyElementPresent_closure1.doCall(VerifyElementPresentKeyword.groovy:85)
	at com.kms.katalon.core.webui.keyword.builtin.VerifyElementPresentKeyword$_verifyElementPresent_closure1.call(VerifyElementPresentKeyword.groovy)
	at com.kms.katalon.core.webui.keyword.internal.WebUIKeywordMain.runKeyword(WebUIKeywordMain.groovy:20)
	... 35 more]]></system-err>
      </testcase>
      <testcase name="Test Cases/Signup/TC_signup_01" time="7.905" classname="Test Cases/Signup/TC_signup_01" status="FAILED">
         <failure type="FAILED" message="Test Cases/Signup/TC_signup_01 FAILED.
Reason:
com.kms.katalon.core.exception.StepFailedException: Call Test Case 'Test Cases/Signup/signup_function' failed
	at com.kms.katalon.core.keyword.builtin.CallTestCaseKeyword$_callTestCase_closure1.doCall(CallTestCaseKeyword.groovy:63)
	at com.kms.katalon.core.keyword.builtin.CallTestCaseKeyword$_callTestCase_closure1.call(CallTestCaseKeyword.groovy)
	at com.kms.katalon.core.keyword.internal.KeywordMain.runKeyword(KeywordMain.groovy:68)
	at com.kms.katalon.core.keyword.builtin.CallTestCaseKeyword.callTestCase(CallTestCaseKeyword.groovy:81)
	at com.kms.katalon.core.keyword.builtin.CallTestCaseKeyword.execute(CallTestCaseKeyword.groovy:44)
	at com.kms.katalon.core.keyword.internal.KeywordExecutor.executeKeywordForPlatform(KeywordExecutor.groovy:72)
	at com.kms.katalon.core.keyword.BuiltinKeywords.callTestCase(BuiltinKeywords.groovy:334)
	at TC_signup_01.run(TC_signup_01:26)
	at com.kms.katalon.core.main.ScriptEngine.run(ScriptEngine.java:194)
	at com.kms.katalon.core.main.ScriptEngine.runScriptAsRawText(ScriptEngine.java:119)
	at com.kms.katalon.core.main.TestCaseExecutor.runScript(TestCaseExecutor.java:337)
	at com.kms.katalon.core.main.TestCaseExecutor.doExecute(TestCaseExecutor.java:328)
	at com.kms.katalon.core.main.TestCaseExecutor.processExecutionPhase(TestCaseExecutor.java:307)
	at com.kms.katalon.core.main.TestCaseExecutor.accessMainPhase(TestCaseExecutor.java:299)
	at com.kms.katalon.core.main.TestCaseExecutor.execute(TestCaseExecutor.java:233)
	at com.kms.katalon.core.main.TestSuiteExecutor.accessTestCaseMainPhase(TestSuiteExecutor.java:169)
	at com.kms.katalon.core.main.TestSuiteExecutor.accessTestSuiteMainPhase(TestSuiteExecutor.java:142)
	at com.kms.katalon.core.main.TestSuiteExecutor.execute(TestSuiteExecutor.java:91)
	at com.kms.katalon.core.main.TestCaseMain.startTestSuite(TestCaseMain.java:157)
	at com.kms.katalon.core.main.TestCaseMain$startTestSuite$0.call(Unknown Source)
	at TempTestSuite1591373123859.run(TempTestSuite1591373123859.groovy:37)
Caused by: com.kms.katalon.core.exception.StepFailedException: Unable to verify object 'Object Repository/Page_Mattermost_Signup/input_email' is present
	at com.kms.katalon.core.webui.keyword.internal.WebUIKeywordMain.stepFailed(WebUIKeywordMain.groovy:64)
	at com.kms.katalon.core.webui.keyword.internal.WebUIKeywordMain.runKeyword(WebUIKeywordMain.groovy:26)
	at com.kms.katalon.core.webui.keyword.builtin.VerifyElementPresentKeyword.verifyElementPresent(VerifyElementPresentKeyword.groovy:92)
	at com.kms.katalon.core.webui.keyword.builtin.VerifyElementPresentKeyword.execute(VerifyElementPresentKeyword.groovy:68)
	at com.kms.katalon.core.keyword.internal.KeywordExecutor.executeKeywordForPlatform(KeywordExecutor.groovy:72)
	at com.kms.katalon.core.webui.keyword.WebUiBuiltInKeywords.verifyElementPresent(WebUiBuiltInKeywords.groovy:1460)
	at com.kms.katalon.core.webui.keyword.WebUiBuiltInKeywords$verifyElementPresent$0.call(Unknown Source)
	at signup_function.run(signup_function:19)
	at com.kms.katalon.core.main.ScriptEngine.run(ScriptEngine.java:194)
	at com.kms.katalon.core.main.ScriptEngine.runScriptAsRawText(ScriptEngine.java:119)
	at com.kms.katalon.core.main.TestCaseExecutor.runScript(TestCaseExecutor.java:337)
	at com.kms.katalon.core.main.TestCaseExecutor.doExecute(TestCaseExecutor.java:328)
	at com.kms.katalon.core.main.TestCaseExecutor.processExecutionPhase(TestCaseExecutor.java:307)
	at com.kms.katalon.core.main.TestCaseExecutor.accessMainPhase(TestCaseExecutor.java:299)
	at com.kms.katalon.core.main.TestCaseExecutor.execute(TestCaseExecutor.java:233)
	at com.kms.katalon.core.main.TestCaseMain.runTestCase(TestCaseMain.java:114)
	at com.kms.katalon.core.keyword.builtin.CallTestCaseKeyword$_callTestCase_closure1.doCall(CallTestCaseKeyword.groovy:59)
	... 20 more
Caused by: com.kms.katalon.core.exception.StepFailedException: com.kms.katalon.core.webui.exception.WebElementNotFoundException: Web element with id: 'Object Repository/Page_Mattermost_Signup/input_email' located by 'By.xpath: //input[@id='email']' not found
	at com.kms.katalon.core.webui.keyword.internal.WebUIKeywordMain.stepFailed(WebUIKeywordMain.groovy:64)
	at com.kms.katalon.core.webui.keyword.builtin.VerifyElementPresentKeyword$_verifyElementPresent_closure1.doCall(VerifyElementPresentKeyword.groovy:85)
	at com.kms.katalon.core.webui.keyword.builtin.VerifyElementPresentKeyword$_verifyElementPresent_closure1.call(VerifyElementPresentKeyword.groovy)
	at com.kms.katalon.core.webui.keyword.internal.WebUIKeywordMain.runKeyword(WebUIKeywordMain.groovy:20)
	... 35 more
"/>
         <system-out><![CDATA[2020-06-05 23:05:45 - [TEST_CASE][FAILED] - Test Cases/Signup/TC_signup_01: Test Cases/Signup/TC_signup_01 FAILED.
Reason:
com.kms.katalon.core.exception.StepFailedException: Call Test Case 'Test Cases/Signup/signup_function' failed
	at com.kms.katalon.core.keyword.builtin.CallTestCaseKeyword$_callTestCase_closure1.doCall(CallTestCaseKeyword.groovy:63)
	at com.kms.katalon.core.keyword.builtin.CallTestCaseKeyword$_callTestCase_closure1.call(CallTestCaseKeyword.groovy)
	at com.kms.katalon.core.keyword.internal.KeywordMain.runKeyword(KeywordMain.groovy:68)
	at com.kms.katalon.core.keyword.builtin.CallTestCaseKeyword.callTestCase(CallTestCaseKeyword.groovy:81)
	at com.kms.katalon.core.keyword.builtin.CallTestCaseKeyword.execute(CallTestCaseKeyword.groovy:44)
	at com.kms.katalon.core.keyword.internal.KeywordExecutor.executeKeywordForPlatform(KeywordExecutor.groovy:72)
	at com.kms.katalon.core.keyword.BuiltinKeywords.callTestCase(BuiltinKeywords.groovy:334)
	at TC_signup_01.run(TC_signup_01:26)
	at com.kms.katalon.core.main.ScriptEngine.run(ScriptEngine.java:194)
	at com.kms.katalon.core.main.ScriptEngine.runScriptAsRawText(ScriptEngine.java:119)
	at com.kms.katalon.core.main.TestCaseExecutor.runScript(TestCaseExecutor.java:337)
	at com.kms.katalon.core.main.TestCaseExecutor.doExecute(TestCaseExecutor.java:328)
	at com.kms.katalon.core.main.TestCaseExecutor.processExecutionPhase(TestCaseExecutor.java:307)
	at com.kms.katalon.core.main.TestCaseExecutor.accessMainPhase(TestCaseExecutor.java:299)
	at com.kms.katalon.core.main.TestCaseExecutor.execute(TestCaseExecutor.java:233)
	at com.kms.katalon.core.main.TestSuiteExecutor.accessTestCaseMainPhase(TestSuiteExecutor.java:169)
	at com.kms.katalon.core.main.TestSuiteExecutor.accessTestSuiteMainPhase(TestSuiteExecutor.java:142)
	at com.kms.katalon.core.main.TestSuiteExecutor.execute(TestSuiteExecutor.java:91)
	at com.kms.katalon.core.main.TestCaseMain.startTestSuite(TestCaseMain.java:157)
	at com.kms.katalon.core.main.TestCaseMain$startTestSuite$0.call(Unknown Source)
	at TempTestSuite1591373123859.run(TempTestSuite1591373123859.groovy:37)
Caused by: com.kms.katalon.core.exception.StepFailedException: Unable to verify object 'Object Repository/Page_Mattermost_Signup/input_email' is present
	at com.kms.katalon.core.webui.keyword.internal.WebUIKeywordMain.stepFailed(WebUIKeywordMain.groovy:64)
	at com.kms.katalon.core.webui.keyword.internal.WebUIKeywordMain.runKeyword(WebUIKeywordMain.groovy:26)
	at com.kms.katalon.core.webui.keyword.builtin.VerifyElementPresentKeyword.verifyElementPresent(VerifyElementPresentKeyword.groovy:92)
	at com.kms.katalon.core.webui.keyword.builtin.VerifyElementPresentKeyword.execute(VerifyElementPresentKeyword.groovy:68)
	at com.kms.katalon.core.keyword.internal.KeywordExecutor.executeKeywordForPlatform(KeywordExecutor.groovy:72)
	at com.kms.katalon.core.webui.keyword.WebUiBuiltInKeywords.verifyElementPresent(WebUiBuiltInKeywords.groovy:1460)
	at com.kms.katalon.core.webui.keyword.WebUiBuiltInKeywords$verifyElementPresent$0.call(Unknown Source)
	at signup_function.run(signup_function:19)
	at com.kms.katalon.core.main.ScriptEngine.run(ScriptEngine.java:194)
	at com.kms.katalon.core.main.ScriptEngine.runScriptAsRawText(ScriptEngine.java:119)
	at com.kms.katalon.core.main.TestCaseExecutor.runScript(TestCaseExecutor.java:337)
	at com.kms.katalon.core.main.TestCaseExecutor.doExecute(TestCaseExecutor.java:328)
	at com.kms.katalon.core.main.TestCaseExecutor.processExecutionPhase(TestCaseExecutor.java:307)
	at com.kms.katalon.core.main.TestCaseExecutor.accessMainPhase(TestCaseExecutor.java:299)
	at com.kms.katalon.core.main.TestCaseExecutor.execute(TestCaseExecutor.java:233)
	at com.kms.katalon.core.main.TestCaseMain.runTestCase(TestCaseMain.java:114)
	at com.kms.katalon.core.keyword.builtin.CallTestCaseKeyword$_callTestCase_closure1.doCall(CallTestCaseKeyword.groovy:59)
	... 20 more
Caused by: com.kms.katalon.core.exception.StepFailedException: com.kms.katalon.core.webui.exception.WebElementNotFoundException: Web element with id: 'Object Repository/Page_Mattermost_Signup/input_email' located by 'By.xpath: //input[@id='email']' not found
	at com.kms.katalon.core.webui.keyword.internal.WebUIKeywordMain.stepFailed(WebUIKeywordMain.groovy:64)
	at com.kms.katalon.core.webui.keyword.builtin.VerifyElementPresentKeyword$_verifyElementPresent_closure1.doCall(VerifyElementPresentKeyword.groovy:85)
	at com.kms.katalon.core.webui.keyword.builtin.VerifyElementPresentKeyword$_verifyElementPresent_closure1.call(VerifyElementPresentKeyword.groovy)
	at com.kms.katalon.core.webui.keyword.internal.WebUIKeywordMain.runKeyword(WebUIKeywordMain.groovy:20)
	... 35 more


2020-06-05 23:05:45 - [TEST_STEP][PASSED] - Start setup action : Setup: Method 'Setup' complete successfully

2020-06-05 23:05:45 - [TEST_STEP][PASSED] - openBrowser("http://192.168.1.10:8065/signup_email"): Browser is opened with url: 'http://192.168.1.10:8065/signup_email'

2020-06-05 23:05:45 - [MESSAGE][INFO] - Starting 'Firefox' driver

2020-06-05 23:05:45 - [MESSAGE][INFO] - Action delay is set to 0 milliseconds

2020-06-05 23:05:49 - [MESSAGE][PASSED] - Browser is opened with url: 'http://192.168.1.10:8065/signup_email'

2020-06-05 23:05:49 - [MESSAGE][PASSED] - Method 'Setup' complete successfully

2020-06-05 23:05:49 - [TEST_STEP][FAILED] - callTestCase(findTestCase("Test Cases/Signup/signup_function"), ["var_email":var_email, "var_name":var_name, "var_password":var_password], STOP_ON_FAILURE): Unable to call Test Case 'Test Cases/Signup/signup_function' (Root cause: com.kms.katalon.core.exception.StepFailedException: Call Test Case 'Test Cases/Signup/signup_function' failed
	at com.kms.katalon.core.keyword.builtin.CallTestCaseKeyword$_callTestCase_closure1.doCall(CallTestCaseKeyword.groovy:63)
	at com.kms.katalon.core.keyword.builtin.CallTestCaseKeyword$_callTestCase_closure1.call(CallTestCaseKeyword.groovy)
	at com.kms.katalon.core.keyword.internal.KeywordMain.runKeyword(KeywordMain.groovy:68)
	at com.kms.katalon.core.keyword.builtin.CallTestCaseKeyword.callTestCase(CallTestCaseKeyword.groovy:81)
	at com.kms.katalon.core.keyword.builtin.CallTestCaseKeyword.execute(CallTestCaseKeyword.groovy:44)
	at com.kms.katalon.core.keyword.internal.KeywordExecutor.executeKeywordForPlatform(KeywordExecutor.groovy:72)
	at com.kms.katalon.core.keyword.BuiltinKeywords.callTestCase(BuiltinKeywords.groovy:334)
	at TC_signup_01.run(TC_signup_01:26)
	at com.kms.katalon.core.main.ScriptEngine.run(ScriptEngine.java:194)
	at com.kms.katalon.core.main.ScriptEngine.runScriptAsRawText(ScriptEngine.java:119)
	at com.kms.katalon.core.main.TestCaseExecutor.runScript(TestCaseExecutor.java:337)
	at com.kms.katalon.core.main.TestCaseExecutor.doExecute(TestCaseExecutor.java:328)
	at com.kms.katalon.core.main.TestCaseExecutor.processExecutionPhase(TestCaseExecutor.java:307)
	at com.kms.katalon.core.main.TestCaseExecutor.accessMainPhase(TestCaseExecutor.java:299)
	at com.kms.katalon.core.main.TestCaseExecutor.execute(TestCaseExecutor.java:233)
	at com.kms.katalon.core.main.TestSuiteExecutor.accessTestCaseMainPhase(TestSuiteExecutor.java:169)
	at com.kms.katalon.core.main.TestSuiteExecutor.accessTestSuiteMainPhase(TestSuiteExecutor.java:142)
	at com.kms.katalon.core.main.TestSuiteExecutor.execute(TestSuiteExecutor.java:91)
	at com.kms.katalon.core.main.TestCaseMain.startTestSuite(TestCaseMain.java:157)
	at com.kms.katalon.core.main.TestCaseMain$startTestSuite$0.call(Unknown Source)
	at TempTestSuite1591373123859.run(TempTestSuite1591373123859.groovy:37)
Caused by: com.kms.katalon.core.exception.StepFailedException: Unable to verify object 'Object Repository/Page_Mattermost_Signup/input_email' is present
	at com.kms.katalon.core.webui.keyword.internal.WebUIKeywordMain.stepFailed(WebUIKeywordMain.groovy:64)
	at com.kms.katalon.core.webui.keyword.internal.WebUIKeywordMain.runKeyword(WebUIKeywordMain.groovy:26)
	at com.kms.katalon.core.webui.keyword.builtin.VerifyElementPresentKeyword.verifyElementPresent(VerifyElementPresentKeyword.groovy:92)
	at com.kms.katalon.core.webui.keyword.builtin.VerifyElementPresentKeyword.execute(VerifyElementPresentKeyword.groovy:68)
	at com.kms.katalon.core.keyword.internal.KeywordExecutor.executeKeywordForPlatform(KeywordExecutor.groovy:72)
	at com.kms.katalon.core.webui.keyword.WebUiBuiltInKeywords.verifyElementPresent(WebUiBuiltInKeywords.groovy:1460)
	at com.kms.katalon.core.webui.keyword.WebUiBuiltInKeywords$verifyElementPresent$0.call(Unknown Source)
	at signup_function.run(signup_function:19)
	at com.kms.katalon.core.main.ScriptEngine.run(ScriptEngine.java:194)
	at com.kms.katalon.core.main.ScriptEngine.runScriptAsRawText(ScriptEngine.java:119)
	at com.kms.katalon.core.main.TestCaseExecutor.runScript(TestCaseExecutor.java:337)
	at com.kms.katalon.core.main.TestCaseExecutor.doExecute(TestCaseExecutor.java:328)
	at com.kms.katalon.core.main.TestCaseExecutor.processExecutionPhase(TestCaseExecutor.java:307)
	at com.kms.katalon.core.main.TestCaseExecutor.accessMainPhase(TestCaseExecutor.java:299)
	at com.kms.katalon.core.main.TestCaseExecutor.execute(TestCaseExecutor.java:233)
	at com.kms.katalon.core.main.TestCaseMain.runTestCase(TestCaseMain.java:114)
	at com.kms.katalon.core.keyword.builtin.CallTestCaseKeyword$_callTestCase_closure1.doCall(CallTestCaseKeyword.groovy:59)
	... 20 more
Caused by: com.kms.katalon.core.exception.StepFailedException: com.kms.katalon.core.webui.exception.WebElementNotFoundException: Web element with id: 'Object Repository/Page_Mattermost_Signup/input_email' located by 'By.xpath: //input[@id='email']' not found
	at com.kms.katalon.core.webui.keyword.internal.WebUIKeywordMain.stepFailed(WebUIKeywordMain.groovy:64)
	at com.kms.katalon.core.webui.keyword.builtin.VerifyElementPresentKeyword$_verifyElementPresent_closure1.doCall(VerifyElementPresentKeyword.groovy:85)
	at com.kms.katalon.core.webui.keyword.builtin.VerifyElementPresentKeyword$_verifyElementPresent_closure1.call(VerifyElementPresentKeyword.groovy)
	at com.kms.katalon.core.webui.keyword.internal.WebUIKeywordMain.runKeyword(WebUIKeywordMain.groovy:20)
	... 35 more
)

2020-06-05 23:05:49 - [TEST_CASE][FAILED] - Test Cases/Signup/signup_function: Test Cases/Signup/signup_function FAILED.
Reason:
com.kms.katalon.core.exception.StepFailedException: Unable to verify object 'Object Repository/Page_Mattermost_Signup/input_email' is present
	at com.kms.katalon.core.webui.keyword.internal.WebUIKeywordMain.stepFailed(WebUIKeywordMain.groovy:64)
	at com.kms.katalon.core.webui.keyword.internal.WebUIKeywordMain.runKeyword(WebUIKeywordMain.groovy:26)
	at com.kms.katalon.core.webui.keyword.builtin.VerifyElementPresentKeyword.verifyElementPresent(VerifyElementPresentKeyword.groovy:92)
	at com.kms.katalon.core.webui.keyword.builtin.VerifyElementPresentKeyword.execute(VerifyElementPresentKeyword.groovy:68)
	at com.kms.katalon.core.keyword.internal.KeywordExecutor.executeKeywordForPlatform(KeywordExecutor.groovy:72)
	at com.kms.katalon.core.webui.keyword.WebUiBuiltInKeywords.verifyElementPresent(WebUiBuiltInKeywords.groovy:1460)
	at com.kms.katalon.core.webui.keyword.WebUiBuiltInKeywords$verifyElementPresent$0.call(Unknown Source)
	at signup_function.run(signup_function:19)
	at com.kms.katalon.core.main.ScriptEngine.run(ScriptEngine.java:194)
	at com.kms.katalon.core.main.ScriptEngine.runScriptAsRawText(ScriptEngine.java:119)
	at com.kms.katalon.core.main.TestCaseExecutor.runScript(TestCaseExecutor.java:337)
	at com.kms.katalon.core.main.TestCaseExecutor.doExecute(TestCaseExecutor.java:328)
	at com.kms.katalon.core.main.TestCaseExecutor.processExecutionPhase(TestCaseExecutor.java:307)
	at com.kms.katalon.core.main.TestCaseExecutor.accessMainPhase(TestCaseExecutor.java:299)
	at com.kms.katalon.core.main.TestCaseExecutor.execute(TestCaseExecutor.java:233)
	at com.kms.katalon.core.main.TestCaseMain.runTestCase(TestCaseMain.java:114)
	at com.kms.katalon.core.keyword.builtin.CallTestCaseKeyword$_callTestCase_closure1.doCall(CallTestCaseKeyword.groovy:59)
	at com.kms.katalon.core.keyword.builtin.CallTestCaseKeyword$_callTestCase_closure1.call(CallTestCaseKeyword.groovy)
	at com.kms.katalon.core.keyword.internal.KeywordMain.runKeyword(KeywordMain.groovy:68)
	at com.kms.katalon.core.keyword.builtin.CallTestCaseKeyword.callTestCase(CallTestCaseKeyword.groovy:81)
	at com.kms.katalon.core.keyword.builtin.CallTestCaseKeyword.execute(CallTestCaseKeyword.groovy:44)
	at com.kms.katalon.core.keyword.internal.KeywordExecutor.executeKeywordForPlatform(KeywordExecutor.groovy:72)
	at com.kms.katalon.core.keyword.BuiltinKeywords.callTestCase(BuiltinKeywords.groovy:334)
	at TC_signup_01.run(TC_signup_01:26)
	at com.kms.katalon.core.main.ScriptEngine.run(ScriptEngine.java:194)
	at com.kms.katalon.core.main.ScriptEngine.runScriptAsRawText(ScriptEngine.java:119)
	at com.kms.katalon.core.main.TestCaseExecutor.runScript(TestCaseExecutor.java:337)
	at com.kms.katalon.core.main.TestCaseExecutor.doExecute(TestCaseExecutor.java:328)
	at com.kms.katalon.core.main.TestCaseExecutor.processExecutionPhase(TestCaseExecutor.java:307)
	at com.kms.katalon.core.main.TestCaseExecutor.accessMainPhase(TestCaseExecutor.java:299)
	at com.kms.katalon.core.main.TestCaseExecutor.execute(TestCaseExecutor.java:233)
	at com.kms.katalon.core.main.TestSuiteExecutor.accessTestCaseMainPhase(TestSuiteExecutor.java:169)
	at com.kms.katalon.core.main.TestSuiteExecutor.accessTestSuiteMainPhase(TestSuiteExecutor.java:142)
	at com.kms.katalon.core.main.TestSuiteExecutor.execute(TestSuiteExecutor.java:91)
	at com.kms.katalon.core.main.TestCaseMain.startTestSuite(TestCaseMain.java:157)
	at com.kms.katalon.core.main.TestCaseMain$startTestSuite$0.call(Unknown Source)
	at TempTestSuite1591373123859.run(TempTestSuite1591373123859.groovy:37)
Caused by: com.kms.katalon.core.exception.StepFailedException: com.kms.katalon.core.webui.exception.WebElementNotFoundException: Web element with id: 'Object Repository/Page_Mattermost_Signup/input_email' located by 'By.xpath: //input[@id='email']' not found
	at com.kms.katalon.core.webui.keyword.internal.WebUIKeywordMain.stepFailed(WebUIKeywordMain.groovy:64)
	at com.kms.katalon.core.webui.keyword.builtin.VerifyElementPresentKeyword$_verifyElementPresent_closure1.doCall(VerifyElementPresentKeyword.groovy:85)
	at com.kms.katalon.core.webui.keyword.builtin.VerifyElementPresentKeyword$_verifyElementPresent_closure1.call(VerifyElementPresentKeyword.groovy)
	at com.kms.katalon.core.webui.keyword.internal.WebUIKeywordMain.runKeyword(WebUIKeywordMain.groovy:20)
	... 35 more


2020-06-05 23:05:49 - [TEST_STEP][FAILED] - verifyEqual(verifyElementPresent(findTestObject("Object Repository/Page_Mattermost_Signup/input_email"), 1), true): Unable to verify object 'Object Repository/Page_Mattermost_Signup/input_email' is present (Root cause: com.kms.katalon.core.exception.StepFailedException: Unable to verify object 'Object Repository/Page_Mattermost_Signup/input_email' is present
	at com.kms.katalon.core.webui.keyword.internal.WebUIKeywordMain.stepFailed(WebUIKeywordMain.groovy:64)
	at com.kms.katalon.core.webui.keyword.internal.WebUIKeywordMain.runKeyword(WebUIKeywordMain.groovy:26)
	at com.kms.katalon.core.webui.keyword.builtin.VerifyElementPresentKeyword.verifyElementPresent(VerifyElementPresentKeyword.groovy:92)
	at com.kms.katalon.core.webui.keyword.builtin.VerifyElementPresentKeyword.execute(VerifyElementPresentKeyword.groovy:68)
	at com.kms.katalon.core.keyword.internal.KeywordExecutor.executeKeywordForPlatform(KeywordExecutor.groovy:72)
	at com.kms.katalon.core.webui.keyword.WebUiBuiltInKeywords.verifyElementPresent(WebUiBuiltInKeywords.groovy:1460)
	at com.kms.katalon.core.webui.keyword.WebUiBuiltInKeywords$verifyElementPresent$0.call(Unknown Source)
	at signup_function.run(signup_function:19)
	at com.kms.katalon.core.main.ScriptEngine.run(ScriptEngine.java:194)
	at com.kms.katalon.core.main.ScriptEngine.runScriptAsRawText(ScriptEngine.java:119)
	at com.kms.katalon.core.main.TestCaseExecutor.runScript(TestCaseExecutor.java:337)
	at com.kms.katalon.core.main.TestCaseExecutor.doExecute(TestCaseExecutor.java:328)
	at com.kms.katalon.core.main.TestCaseExecutor.processExecutionPhase(TestCaseExecutor.java:307)
	at com.kms.katalon.core.main.TestCaseExecutor.accessMainPhase(TestCaseExecutor.java:299)
	at com.kms.katalon.core.main.TestCaseExecutor.execute(TestCaseExecutor.java:233)
	at com.kms.katalon.core.main.TestCaseMain.runTestCase(TestCaseMain.java:114)
	at com.kms.katalon.core.keyword.builtin.CallTestCaseKeyword$_callTestCase_closure1.doCall(CallTestCaseKeyword.groovy:59)
	at com.kms.katalon.core.keyword.builtin.CallTestCaseKeyword$_callTestCase_closure1.call(CallTestCaseKeyword.groovy)
	at com.kms.katalon.core.keyword.internal.KeywordMain.runKeyword(KeywordMain.groovy:68)
	at com.kms.katalon.core.keyword.builtin.CallTestCaseKeyword.callTestCase(CallTestCaseKeyword.groovy:81)
	at com.kms.katalon.core.keyword.builtin.CallTestCaseKeyword.execute(CallTestCaseKeyword.groovy:44)
	at com.kms.katalon.core.keyword.internal.KeywordExecutor.executeKeywordForPlatform(KeywordExecutor.groovy:72)
	at com.kms.katalon.core.keyword.BuiltinKeywords.callTestCase(BuiltinKeywords.groovy:334)
	at TC_signup_01.run(TC_signup_01:26)
	at com.kms.katalon.core.main.ScriptEngine.run(ScriptEngine.java:194)
	at com.kms.katalon.core.main.ScriptEngine.runScriptAsRawText(ScriptEngine.java:119)
	at com.kms.katalon.core.main.TestCaseExecutor.runScript(TestCaseExecutor.java:337)
	at com.kms.katalon.core.main.TestCaseExecutor.doExecute(TestCaseExecutor.java:328)
	at com.kms.katalon.core.main.TestCaseExecutor.processExecutionPhase(TestCaseExecutor.java:307)
	at com.kms.katalon.core.main.TestCaseExecutor.accessMainPhase(TestCaseExecutor.java:299)
	at com.kms.katalon.core.main.TestCaseExecutor.execute(TestCaseExecutor.java:233)
	at com.kms.katalon.core.main.TestSuiteExecutor.accessTestCaseMainPhase(TestSuiteExecutor.java:169)
	at com.kms.katalon.core.main.TestSuiteExecutor.accessTestSuiteMainPhase(TestSuiteExecutor.java:142)
	at com.kms.katalon.core.main.TestSuiteExecutor.execute(TestSuiteExecutor.java:91)
	at com.kms.katalon.core.main.TestCaseMain.startTestSuite(TestCaseMain.java:157)
	at com.kms.katalon.core.main.TestCaseMain$startTestSuite$0.call(Unknown Source)
	at TempTestSuite1591373123859.run(TempTestSuite1591373123859.groovy:37)
Caused by: com.kms.katalon.core.exception.StepFailedException: com.kms.katalon.core.webui.exception.WebElementNotFoundException: Web element with id: 'Object Repository/Page_Mattermost_Signup/input_email' located by 'By.xpath: //input[@id='email']' not found
	at com.kms.katalon.core.webui.keyword.internal.WebUIKeywordMain.stepFailed(WebUIKeywordMain.groovy:64)
	at com.kms.katalon.core.webui.keyword.builtin.VerifyElementPresentKeyword$_verifyElementPresent_closure1.doCall(VerifyElementPresentKeyword.groovy:85)
	at com.kms.katalon.core.webui.keyword.builtin.VerifyElementPresentKeyword$_verifyElementPresent_closure1.call(VerifyElementPresentKeyword.groovy)
	at com.kms.katalon.core.webui.keyword.internal.WebUIKeywordMain.runKeyword(WebUIKeywordMain.groovy:20)
	... 35 more
)

2020-06-05 23:05:51 - [MESSAGE][INFO] - Unable to find the element located by 'By.xpath: //input[@id='email']'. Please recheck the objects properties to make sure the desired element is located. 

2020-06-05 23:05:51 - [MESSAGE][FAILED] - com.kms.katalon.core.webui.exception.WebElementNotFoundException: Web element with id: 'Object Repository/Page_Mattermost_Signup/input_email' located by 'By.xpath: //input[@id='email']' not found (Root cause: com.kms.katalon.core.exception.StepFailedException: com.kms.katalon.core.webui.exception.WebElementNotFoundException: Web element with id: 'Object Repository/Page_Mattermost_Signup/input_email' located by 'By.xpath: //input[@id='email']' not found
	at com.kms.katalon.core.webui.keyword.internal.WebUIKeywordMain.stepFailed(WebUIKeywordMain.groovy:64)
	at com.kms.katalon.core.webui.keyword.builtin.VerifyElementPresentKeyword$_verifyElementPresent_closure1.doCall(VerifyElementPresentKeyword.groovy:85)
	at com.kms.katalon.core.webui.keyword.builtin.VerifyElementPresentKeyword$_verifyElementPresent_closure1.call(VerifyElementPresentKeyword.groovy)
	at com.kms.katalon.core.webui.keyword.internal.WebUIKeywordMain.runKeyword(WebUIKeywordMain.groovy:20)
	at com.kms.katalon.core.webui.keyword.builtin.VerifyElementPresentKeyword.verifyElementPresent(VerifyElementPresentKeyword.groovy:92)
	at com.kms.katalon.core.webui.keyword.builtin.VerifyElementPresentKeyword.execute(VerifyElementPresentKeyword.groovy:68)
	at com.kms.katalon.core.keyword.internal.KeywordExecutor.executeKeywordForPlatform(KeywordExecutor.groovy:72)
	at com.kms.katalon.core.webui.keyword.WebUiBuiltInKeywords.verifyElementPresent(WebUiBuiltInKeywords.groovy:1460)
	at com.kms.katalon.core.webui.keyword.WebUiBuiltInKeywords$verifyElementPresent$0.call(Unknown Source)
	at signup_function.run(signup_function:19)
	at com.kms.katalon.core.main.ScriptEngine.run(ScriptEngine.java:194)
	at com.kms.katalon.core.main.ScriptEngine.runScriptAsRawText(ScriptEngine.java:119)
	at com.kms.katalon.core.main.TestCaseExecutor.runScript(TestCaseExecutor.java:337)
	at com.kms.katalon.core.main.TestCaseExecutor.doExecute(TestCaseExecutor.java:328)
	at com.kms.katalon.core.main.TestCaseExecutor.processExecutionPhase(TestCaseExecutor.java:307)
	at com.kms.katalon.core.main.TestCaseExecutor.accessMainPhase(TestCaseExecutor.java:299)
	at com.kms.katalon.core.main.TestCaseExecutor.execute(TestCaseExecutor.java:233)
	at com.kms.katalon.core.main.TestCaseMain.runTestCase(TestCaseMain.java:114)
	at com.kms.katalon.core.keyword.builtin.CallTestCaseKeyword$_callTestCase_closure1.doCall(CallTestCaseKeyword.groovy:59)
	at com.kms.katalon.core.keyword.builtin.CallTestCaseKeyword$_callTestCase_closure1.call(CallTestCaseKeyword.groovy)
	at com.kms.katalon.core.keyword.internal.KeywordMain.runKeyword(KeywordMain.groovy:68)
	at com.kms.katalon.core.keyword.builtin.CallTestCaseKeyword.callTestCase(CallTestCaseKeyword.groovy:81)
	at com.kms.katalon.core.keyword.builtin.CallTestCaseKeyword.execute(CallTestCaseKeyword.groovy:44)
	at com.kms.katalon.core.keyword.internal.KeywordExecutor.executeKeywordForPlatform(KeywordExecutor.groovy:72)
	at com.kms.katalon.core.keyword.BuiltinKeywords.callTestCase(BuiltinKeywords.groovy:334)
	at TC_signup_01.run(TC_signup_01:26)
	at com.kms.katalon.core.main.ScriptEngine.run(ScriptEngine.java:194)
	at com.kms.katalon.core.main.ScriptEngine.runScriptAsRawText(ScriptEngine.java:119)
	at com.kms.katalon.core.main.TestCaseExecutor.runScript(TestCaseExecutor.java:337)
	at com.kms.katalon.core.main.TestCaseExecutor.doExecute(TestCaseExecutor.java:328)
	at com.kms.katalon.core.main.TestCaseExecutor.processExecutionPhase(TestCaseExecutor.java:307)
	at com.kms.katalon.core.main.TestCaseExecutor.accessMainPhase(TestCaseExecutor.java:299)
	at com.kms.katalon.core.main.TestCaseExecutor.execute(TestCaseExecutor.java:233)
	at com.kms.katalon.core.main.TestSuiteExecutor.accessTestCaseMainPhase(TestSuiteExecutor.java:169)
	at com.kms.katalon.core.main.TestSuiteExecutor.accessTestSuiteMainPhase(TestSuiteExecutor.java:142)
	at com.kms.katalon.core.main.TestSuiteExecutor.execute(TestSuiteExecutor.java:91)
	at com.kms.katalon.core.main.TestCaseMain.startTestSuite(TestCaseMain.java:157)
	at com.kms.katalon.core.main.TestCaseMain$startTestSuite$0.call(Unknown Source)
	at TempTestSuite1591373123859.run(TempTestSuite1591373123859.groovy:37)
)
[[ATTACHMENT|D:\\katalon\\hw2-katalon-testing\\Reports\\20200605_230523\\Run_All_Test_Cases\\20200605_230523\\1591373151872.png]]

2020-06-05 23:05:52 - [MESSAGE][FAILED] - Unable to verify object 'Object Repository/Page_Mattermost_Signup/input_email' is present (Root cause: com.kms.katalon.core.exception.StepFailedException: Unable to verify object 'Object Repository/Page_Mattermost_Signup/input_email' is present
	at com.kms.katalon.core.webui.keyword.internal.WebUIKeywordMain.stepFailed(WebUIKeywordMain.groovy:64)
	at com.kms.katalon.core.webui.keyword.internal.WebUIKeywordMain.runKeyword(WebUIKeywordMain.groovy:26)
	at com.kms.katalon.core.webui.keyword.builtin.VerifyElementPresentKeyword.verifyElementPresent(VerifyElementPresentKeyword.groovy:92)
	at com.kms.katalon.core.webui.keyword.builtin.VerifyElementPresentKeyword.execute(VerifyElementPresentKeyword.groovy:68)
	at com.kms.katalon.core.keyword.internal.KeywordExecutor.executeKeywordForPlatform(KeywordExecutor.groovy:72)
	at com.kms.katalon.core.webui.keyword.WebUiBuiltInKeywords.verifyElementPresent(WebUiBuiltInKeywords.groovy:1460)
	at com.kms.katalon.core.webui.keyword.WebUiBuiltInKeywords$verifyElementPresent$0.call(Unknown Source)
	at signup_function.run(signup_function:19)
	at com.kms.katalon.core.main.ScriptEngine.run(ScriptEngine.java:194)
	at com.kms.katalon.core.main.ScriptEngine.runScriptAsRawText(ScriptEngine.java:119)
	at com.kms.katalon.core.main.TestCaseExecutor.runScript(TestCaseExecutor.java:337)
	at com.kms.katalon.core.main.TestCaseExecutor.doExecute(TestCaseExecutor.java:328)
	at com.kms.katalon.core.main.TestCaseExecutor.processExecutionPhase(TestCaseExecutor.java:307)
	at com.kms.katalon.core.main.TestCaseExecutor.accessMainPhase(TestCaseExecutor.java:299)
	at com.kms.katalon.core.main.TestCaseExecutor.execute(TestCaseExecutor.java:233)
	at com.kms.katalon.core.main.TestCaseMain.runTestCase(TestCaseMain.java:114)
	at com.kms.katalon.core.keyword.builtin.CallTestCaseKeyword$_callTestCase_closure1.doCall(CallTestCaseKeyword.groovy:59)
	at com.kms.katalon.core.keyword.builtin.CallTestCaseKeyword$_callTestCase_closure1.call(CallTestCaseKeyword.groovy)
	at com.kms.katalon.core.keyword.internal.KeywordMain.runKeyword(KeywordMain.groovy:68)
	at com.kms.katalon.core.keyword.builtin.CallTestCaseKeyword.callTestCase(CallTestCaseKeyword.groovy:81)
	at com.kms.katalon.core.keyword.builtin.CallTestCaseKeyword.execute(CallTestCaseKeyword.groovy:44)
	at com.kms.katalon.core.keyword.internal.KeywordExecutor.executeKeywordForPlatform(KeywordExecutor.groovy:72)
	at com.kms.katalon.core.keyword.BuiltinKeywords.callTestCase(BuiltinKeywords.groovy:334)
	at TC_signup_01.run(TC_signup_01:26)
	at com.kms.katalon.core.main.ScriptEngine.run(ScriptEngine.java:194)
	at com.kms.katalon.core.main.ScriptEngine.runScriptAsRawText(ScriptEngine.java:119)
	at com.kms.katalon.core.main.TestCaseExecutor.runScript(TestCaseExecutor.java:337)
	at com.kms.katalon.core.main.TestCaseExecutor.doExecute(TestCaseExecutor.java:328)
	at com.kms.katalon.core.main.TestCaseExecutor.processExecutionPhase(TestCaseExecutor.java:307)
	at com.kms.katalon.core.main.TestCaseExecutor.accessMainPhase(TestCaseExecutor.java:299)
	at com.kms.katalon.core.main.TestCaseExecutor.execute(TestCaseExecutor.java:233)
	at com.kms.katalon.core.main.TestSuiteExecutor.accessTestCaseMainPhase(TestSuiteExecutor.java:169)
	at com.kms.katalon.core.main.TestSuiteExecutor.accessTestSuiteMainPhase(TestSuiteExecutor.java:142)
	at com.kms.katalon.core.main.TestSuiteExecutor.execute(TestSuiteExecutor.java:91)
	at com.kms.katalon.core.main.TestCaseMain.startTestSuite(TestCaseMain.java:157)
	at com.kms.katalon.core.main.TestCaseMain$startTestSuite$0.call(Unknown Source)
	at TempTestSuite1591373123859.run(TempTestSuite1591373123859.groovy:37)
Caused by: com.kms.katalon.core.exception.StepFailedException: com.kms.katalon.core.webui.exception.WebElementNotFoundException: Web element with id: 'Object Repository/Page_Mattermost_Signup/input_email' located by 'By.xpath: //input[@id='email']' not found
	at com.kms.katalon.core.webui.keyword.internal.WebUIKeywordMain.stepFailed(WebUIKeywordMain.groovy:64)
	at com.kms.katalon.core.webui.keyword.builtin.VerifyElementPresentKeyword$_verifyElementPresent_closure1.doCall(VerifyElementPresentKeyword.groovy:85)
	at com.kms.katalon.core.webui.keyword.builtin.VerifyElementPresentKeyword$_verifyElementPresent_closure1.call(VerifyElementPresentKeyword.groovy)
	at com.kms.katalon.core.webui.keyword.internal.WebUIKeywordMain.runKeyword(WebUIKeywordMain.groovy:20)
	... 35 more
)
[[ATTACHMENT|D:\\katalon\\hw2-katalon-testing\\Reports\\20200605_230523\\Run_All_Test_Cases\\20200605_230523\\1591373151944.png]]

2020-06-05 23:05:52 - [MESSAGE][FAILED] - Unable to call Test Case 'Test Cases/Signup/signup_function' (Root cause: com.kms.katalon.core.exception.StepFailedException: Call Test Case 'Test Cases/Signup/signup_function' failed
	at com.kms.katalon.core.keyword.builtin.CallTestCaseKeyword$_callTestCase_closure1.doCall(CallTestCaseKeyword.groovy:63)
	at com.kms.katalon.core.keyword.builtin.CallTestCaseKeyword$_callTestCase_closure1.call(CallTestCaseKeyword.groovy)
	at com.kms.katalon.core.keyword.internal.KeywordMain.runKeyword(KeywordMain.groovy:68)
	at com.kms.katalon.core.keyword.builtin.CallTestCaseKeyword.callTestCase(CallTestCaseKeyword.groovy:81)
	at com.kms.katalon.core.keyword.builtin.CallTestCaseKeyword.execute(CallTestCaseKeyword.groovy:44)
	at com.kms.katalon.core.keyword.internal.KeywordExecutor.executeKeywordForPlatform(KeywordExecutor.groovy:72)
	at com.kms.katalon.core.keyword.BuiltinKeywords.callTestCase(BuiltinKeywords.groovy:334)
	at TC_signup_01.run(TC_signup_01:26)
	at com.kms.katalon.core.main.ScriptEngine.run(ScriptEngine.java:194)
	at com.kms.katalon.core.main.ScriptEngine.runScriptAsRawText(ScriptEngine.java:119)
	at com.kms.katalon.core.main.TestCaseExecutor.runScript(TestCaseExecutor.java:337)
	at com.kms.katalon.core.main.TestCaseExecutor.doExecute(TestCaseExecutor.java:328)
	at com.kms.katalon.core.main.TestCaseExecutor.processExecutionPhase(TestCaseExecutor.java:307)
	at com.kms.katalon.core.main.TestCaseExecutor.accessMainPhase(TestCaseExecutor.java:299)
	at com.kms.katalon.core.main.TestCaseExecutor.execute(TestCaseExecutor.java:233)
	at com.kms.katalon.core.main.TestSuiteExecutor.accessTestCaseMainPhase(TestSuiteExecutor.java:169)
	at com.kms.katalon.core.main.TestSuiteExecutor.accessTestSuiteMainPhase(TestSuiteExecutor.java:142)
	at com.kms.katalon.core.main.TestSuiteExecutor.execute(TestSuiteExecutor.java:91)
	at com.kms.katalon.core.main.TestCaseMain.startTestSuite(TestCaseMain.java:157)
	at com.kms.katalon.core.main.TestCaseMain$startTestSuite$0.call(Unknown Source)
	at TempTestSuite1591373123859.run(TempTestSuite1591373123859.groovy:37)
Caused by: com.kms.katalon.core.exception.StepFailedException: Unable to verify object 'Object Repository/Page_Mattermost_Signup/input_email' is present
	at com.kms.katalon.core.webui.keyword.internal.WebUIKeywordMain.stepFailed(WebUIKeywordMain.groovy:64)
	at com.kms.katalon.core.webui.keyword.internal.WebUIKeywordMain.runKeyword(WebUIKeywordMain.groovy:26)
	at com.kms.katalon.core.webui.keyword.builtin.VerifyElementPresentKeyword.verifyElementPresent(VerifyElementPresentKeyword.groovy:92)
	at com.kms.katalon.core.webui.keyword.builtin.VerifyElementPresentKeyword.execute(VerifyElementPresentKeyword.groovy:68)
	at com.kms.katalon.core.keyword.internal.KeywordExecutor.executeKeywordForPlatform(KeywordExecutor.groovy:72)
	at com.kms.katalon.core.webui.keyword.WebUiBuiltInKeywords.verifyElementPresent(WebUiBuiltInKeywords.groovy:1460)
	at com.kms.katalon.core.webui.keyword.WebUiBuiltInKeywords$verifyElementPresent$0.call(Unknown Source)
	at signup_function.run(signup_function:19)
	at com.kms.katalon.core.main.ScriptEngine.run(ScriptEngine.java:194)
	at com.kms.katalon.core.main.ScriptEngine.runScriptAsRawText(ScriptEngine.java:119)
	at com.kms.katalon.core.main.TestCaseExecutor.runScript(TestCaseExecutor.java:337)
	at com.kms.katalon.core.main.TestCaseExecutor.doExecute(TestCaseExecutor.java:328)
	at com.kms.katalon.core.main.TestCaseExecutor.processExecutionPhase(TestCaseExecutor.java:307)
	at com.kms.katalon.core.main.TestCaseExecutor.accessMainPhase(TestCaseExecutor.java:299)
	at com.kms.katalon.core.main.TestCaseExecutor.execute(TestCaseExecutor.java:233)
	at com.kms.katalon.core.main.TestCaseMain.runTestCase(TestCaseMain.java:114)
	at com.kms.katalon.core.keyword.builtin.CallTestCaseKeyword$_callTestCase_closure1.doCall(CallTestCaseKeyword.groovy:59)
	... 20 more
Caused by: com.kms.katalon.core.exception.StepFailedException: com.kms.katalon.core.webui.exception.WebElementNotFoundException: Web element with id: 'Object Repository/Page_Mattermost_Signup/input_email' located by 'By.xpath: //input[@id='email']' not found
	at com.kms.katalon.core.webui.keyword.internal.WebUIKeywordMain.stepFailed(WebUIKeywordMain.groovy:64)
	at com.kms.katalon.core.webui.keyword.builtin.VerifyElementPresentKeyword$_verifyElementPresent_closure1.doCall(VerifyElementPresentKeyword.groovy:85)
	at com.kms.katalon.core.webui.keyword.builtin.VerifyElementPresentKeyword$_verifyElementPresent_closure1.call(VerifyElementPresentKeyword.groovy)
	at com.kms.katalon.core.webui.keyword.internal.WebUIKeywordMain.runKeyword(WebUIKeywordMain.groovy:20)
	... 35 more
)

2020-06-05 23:05:52 - [TEST_STEP][PASSED] - Start tear down : Teardown: Method 'Teardown' complete successfully

2020-06-05 23:05:52 - [TEST_STEP][PASSED] - closeBrowser(): Browser is closed

2020-06-05 23:05:52 - [MESSAGE][PASSED] - Browser is closed

2020-06-05 23:05:52 - [MESSAGE][PASSED] - Method 'Teardown' complete successfully]]></system-out>
         <system-err><![CDATA[2020-06-05 23:05:45 - [TEST_CASE][FAILED] - Test Cases/Signup/TC_signup_01: Test Cases/Signup/TC_signup_01 FAILED.
Reason:
com.kms.katalon.core.exception.StepFailedException: Call Test Case 'Test Cases/Signup/signup_function' failed
	at com.kms.katalon.core.keyword.builtin.CallTestCaseKeyword$_callTestCase_closure1.doCall(CallTestCaseKeyword.groovy:63)
	at com.kms.katalon.core.keyword.builtin.CallTestCaseKeyword$_callTestCase_closure1.call(CallTestCaseKeyword.groovy)
	at com.kms.katalon.core.keyword.internal.KeywordMain.runKeyword(KeywordMain.groovy:68)
	at com.kms.katalon.core.keyword.builtin.CallTestCaseKeyword.callTestCase(CallTestCaseKeyword.groovy:81)
	at com.kms.katalon.core.keyword.builtin.CallTestCaseKeyword.execute(CallTestCaseKeyword.groovy:44)
	at com.kms.katalon.core.keyword.internal.KeywordExecutor.executeKeywordForPlatform(KeywordExecutor.groovy:72)
	at com.kms.katalon.core.keyword.BuiltinKeywords.callTestCase(BuiltinKeywords.groovy:334)
	at TC_signup_01.run(TC_signup_01:26)
	at com.kms.katalon.core.main.ScriptEngine.run(ScriptEngine.java:194)
	at com.kms.katalon.core.main.ScriptEngine.runScriptAsRawText(ScriptEngine.java:119)
	at com.kms.katalon.core.main.TestCaseExecutor.runScript(TestCaseExecutor.java:337)
	at com.kms.katalon.core.main.TestCaseExecutor.doExecute(TestCaseExecutor.java:328)
	at com.kms.katalon.core.main.TestCaseExecutor.processExecutionPhase(TestCaseExecutor.java:307)
	at com.kms.katalon.core.main.TestCaseExecutor.accessMainPhase(TestCaseExecutor.java:299)
	at com.kms.katalon.core.main.TestCaseExecutor.execute(TestCaseExecutor.java:233)
	at com.kms.katalon.core.main.TestSuiteExecutor.accessTestCaseMainPhase(TestSuiteExecutor.java:169)
	at com.kms.katalon.core.main.TestSuiteExecutor.accessTestSuiteMainPhase(TestSuiteExecutor.java:142)
	at com.kms.katalon.core.main.TestSuiteExecutor.execute(TestSuiteExecutor.java:91)
	at com.kms.katalon.core.main.TestCaseMain.startTestSuite(TestCaseMain.java:157)
	at com.kms.katalon.core.main.TestCaseMain$startTestSuite$0.call(Unknown Source)
	at TempTestSuite1591373123859.run(TempTestSuite1591373123859.groovy:37)
Caused by: com.kms.katalon.core.exception.StepFailedException: Unable to verify object 'Object Repository/Page_Mattermost_Signup/input_email' is present
	at com.kms.katalon.core.webui.keyword.internal.WebUIKeywordMain.stepFailed(WebUIKeywordMain.groovy:64)
	at com.kms.katalon.core.webui.keyword.internal.WebUIKeywordMain.runKeyword(WebUIKeywordMain.groovy:26)
	at com.kms.katalon.core.webui.keyword.builtin.VerifyElementPresentKeyword.verifyElementPresent(VerifyElementPresentKeyword.groovy:92)
	at com.kms.katalon.core.webui.keyword.builtin.VerifyElementPresentKeyword.execute(VerifyElementPresentKeyword.groovy:68)
	at com.kms.katalon.core.keyword.internal.KeywordExecutor.executeKeywordForPlatform(KeywordExecutor.groovy:72)
	at com.kms.katalon.core.webui.keyword.WebUiBuiltInKeywords.verifyElementPresent(WebUiBuiltInKeywords.groovy:1460)
	at com.kms.katalon.core.webui.keyword.WebUiBuiltInKeywords$verifyElementPresent$0.call(Unknown Source)
	at signup_function.run(signup_function:19)
	at com.kms.katalon.core.main.ScriptEngine.run(ScriptEngine.java:194)
	at com.kms.katalon.core.main.ScriptEngine.runScriptAsRawText(ScriptEngine.java:119)
	at com.kms.katalon.core.main.TestCaseExecutor.runScript(TestCaseExecutor.java:337)
	at com.kms.katalon.core.main.TestCaseExecutor.doExecute(TestCaseExecutor.java:328)
	at com.kms.katalon.core.main.TestCaseExecutor.processExecutionPhase(TestCaseExecutor.java:307)
	at com.kms.katalon.core.main.TestCaseExecutor.accessMainPhase(TestCaseExecutor.java:299)
	at com.kms.katalon.core.main.TestCaseExecutor.execute(TestCaseExecutor.java:233)
	at com.kms.katalon.core.main.TestCaseMain.runTestCase(TestCaseMain.java:114)
	at com.kms.katalon.core.keyword.builtin.CallTestCaseKeyword$_callTestCase_closure1.doCall(CallTestCaseKeyword.groovy:59)
	... 20 more
Caused by: com.kms.katalon.core.exception.StepFailedException: com.kms.katalon.core.webui.exception.WebElementNotFoundException: Web element with id: 'Object Repository/Page_Mattermost_Signup/input_email' located by 'By.xpath: //input[@id='email']' not found
	at com.kms.katalon.core.webui.keyword.internal.WebUIKeywordMain.stepFailed(WebUIKeywordMain.groovy:64)
	at com.kms.katalon.core.webui.keyword.builtin.VerifyElementPresentKeyword$_verifyElementPresent_closure1.doCall(VerifyElementPresentKeyword.groovy:85)
	at com.kms.katalon.core.webui.keyword.builtin.VerifyElementPresentKeyword$_verifyElementPresent_closure1.call(VerifyElementPresentKeyword.groovy)
	at com.kms.katalon.core.webui.keyword.internal.WebUIKeywordMain.runKeyword(WebUIKeywordMain.groovy:20)
	... 35 more]]></system-err>
      </testcase>
      <testcase name="Test Cases/Signup/TC_signup_01" time="7.87" classname="Test Cases/Signup/TC_signup_01" status="FAILED">
         <failure type="FAILED" message="Test Cases/Signup/TC_signup_01 FAILED.
Reason:
com.kms.katalon.core.exception.StepFailedException: Call Test Case 'Test Cases/Signup/signup_function' failed
	at com.kms.katalon.core.keyword.builtin.CallTestCaseKeyword$_callTestCase_closure1.doCall(CallTestCaseKeyword.groovy:63)
	at com.kms.katalon.core.keyword.builtin.CallTestCaseKeyword$_callTestCase_closure1.call(CallTestCaseKeyword.groovy)
	at com.kms.katalon.core.keyword.internal.KeywordMain.runKeyword(KeywordMain.groovy:68)
	at com.kms.katalon.core.keyword.builtin.CallTestCaseKeyword.callTestCase(CallTestCaseKeyword.groovy:81)
	at com.kms.katalon.core.keyword.builtin.CallTestCaseKeyword.execute(CallTestCaseKeyword.groovy:44)
	at com.kms.katalon.core.keyword.internal.KeywordExecutor.executeKeywordForPlatform(KeywordExecutor.groovy:72)
	at com.kms.katalon.core.keyword.BuiltinKeywords.callTestCase(BuiltinKeywords.groovy:334)
	at TC_signup_01.run(TC_signup_01:26)
	at com.kms.katalon.core.main.ScriptEngine.run(ScriptEngine.java:194)
	at com.kms.katalon.core.main.ScriptEngine.runScriptAsRawText(ScriptEngine.java:119)
	at com.kms.katalon.core.main.TestCaseExecutor.runScript(TestCaseExecutor.java:337)
	at com.kms.katalon.core.main.TestCaseExecutor.doExecute(TestCaseExecutor.java:328)
	at com.kms.katalon.core.main.TestCaseExecutor.processExecutionPhase(TestCaseExecutor.java:307)
	at com.kms.katalon.core.main.TestCaseExecutor.accessMainPhase(TestCaseExecutor.java:299)
	at com.kms.katalon.core.main.TestCaseExecutor.execute(TestCaseExecutor.java:233)
	at com.kms.katalon.core.main.TestSuiteExecutor.accessTestCaseMainPhase(TestSuiteExecutor.java:169)
	at com.kms.katalon.core.main.TestSuiteExecutor.accessTestSuiteMainPhase(TestSuiteExecutor.java:142)
	at com.kms.katalon.core.main.TestSuiteExecutor.execute(TestSuiteExecutor.java:91)
	at com.kms.katalon.core.main.TestCaseMain.startTestSuite(TestCaseMain.java:157)
	at com.kms.katalon.core.main.TestCaseMain$startTestSuite$0.call(Unknown Source)
	at TempTestSuite1591373123859.run(TempTestSuite1591373123859.groovy:37)
Caused by: com.kms.katalon.core.exception.StepFailedException: Unable to verify object 'Object Repository/Page_Mattermost_Signup/input_email' is present
	at com.kms.katalon.core.webui.keyword.internal.WebUIKeywordMain.stepFailed(WebUIKeywordMain.groovy:64)
	at com.kms.katalon.core.webui.keyword.internal.WebUIKeywordMain.runKeyword(WebUIKeywordMain.groovy:26)
	at com.kms.katalon.core.webui.keyword.builtin.VerifyElementPresentKeyword.verifyElementPresent(VerifyElementPresentKeyword.groovy:92)
	at com.kms.katalon.core.webui.keyword.builtin.VerifyElementPresentKeyword.execute(VerifyElementPresentKeyword.groovy:68)
	at com.kms.katalon.core.keyword.internal.KeywordExecutor.executeKeywordForPlatform(KeywordExecutor.groovy:72)
	at com.kms.katalon.core.webui.keyword.WebUiBuiltInKeywords.verifyElementPresent(WebUiBuiltInKeywords.groovy:1460)
	at com.kms.katalon.core.webui.keyword.WebUiBuiltInKeywords$verifyElementPresent$0.call(Unknown Source)
	at signup_function.run(signup_function:19)
	at com.kms.katalon.core.main.ScriptEngine.run(ScriptEngine.java:194)
	at com.kms.katalon.core.main.ScriptEngine.runScriptAsRawText(ScriptEngine.java:119)
	at com.kms.katalon.core.main.TestCaseExecutor.runScript(TestCaseExecutor.java:337)
	at com.kms.katalon.core.main.TestCaseExecutor.doExecute(TestCaseExecutor.java:328)
	at com.kms.katalon.core.main.TestCaseExecutor.processExecutionPhase(TestCaseExecutor.java:307)
	at com.kms.katalon.core.main.TestCaseExecutor.accessMainPhase(TestCaseExecutor.java:299)
	at com.kms.katalon.core.main.TestCaseExecutor.execute(TestCaseExecutor.java:233)
	at com.kms.katalon.core.main.TestCaseMain.runTestCase(TestCaseMain.java:114)
	at com.kms.katalon.core.keyword.builtin.CallTestCaseKeyword$_callTestCase_closure1.doCall(CallTestCaseKeyword.groovy:59)
	... 20 more
Caused by: com.kms.katalon.core.exception.StepFailedException: com.kms.katalon.core.webui.exception.WebElementNotFoundException: Web element with id: 'Object Repository/Page_Mattermost_Signup/input_email' located by 'By.xpath: //input[@id='email']' not found
	at com.kms.katalon.core.webui.keyword.internal.WebUIKeywordMain.stepFailed(WebUIKeywordMain.groovy:64)
	at com.kms.katalon.core.webui.keyword.builtin.VerifyElementPresentKeyword$_verifyElementPresent_closure1.doCall(VerifyElementPresentKeyword.groovy:85)
	at com.kms.katalon.core.webui.keyword.builtin.VerifyElementPresentKeyword$_verifyElementPresent_closure1.call(VerifyElementPresentKeyword.groovy)
	at com.kms.katalon.core.webui.keyword.internal.WebUIKeywordMain.runKeyword(WebUIKeywordMain.groovy:20)
	... 35 more
"/>
         <system-out><![CDATA[2020-06-05 23:05:52 - [TEST_CASE][FAILED] - Test Cases/Signup/TC_signup_01: Test Cases/Signup/TC_signup_01 FAILED.
Reason:
com.kms.katalon.core.exception.StepFailedException: Call Test Case 'Test Cases/Signup/signup_function' failed
	at com.kms.katalon.core.keyword.builtin.CallTestCaseKeyword$_callTestCase_closure1.doCall(CallTestCaseKeyword.groovy:63)
	at com.kms.katalon.core.keyword.builtin.CallTestCaseKeyword$_callTestCase_closure1.call(CallTestCaseKeyword.groovy)
	at com.kms.katalon.core.keyword.internal.KeywordMain.runKeyword(KeywordMain.groovy:68)
	at com.kms.katalon.core.keyword.builtin.CallTestCaseKeyword.callTestCase(CallTestCaseKeyword.groovy:81)
	at com.kms.katalon.core.keyword.builtin.CallTestCaseKeyword.execute(CallTestCaseKeyword.groovy:44)
	at com.kms.katalon.core.keyword.internal.KeywordExecutor.executeKeywordForPlatform(KeywordExecutor.groovy:72)
	at com.kms.katalon.core.keyword.BuiltinKeywords.callTestCase(BuiltinKeywords.groovy:334)
	at TC_signup_01.run(TC_signup_01:26)
	at com.kms.katalon.core.main.ScriptEngine.run(ScriptEngine.java:194)
	at com.kms.katalon.core.main.ScriptEngine.runScriptAsRawText(ScriptEngine.java:119)
	at com.kms.katalon.core.main.TestCaseExecutor.runScript(TestCaseExecutor.java:337)
	at com.kms.katalon.core.main.TestCaseExecutor.doExecute(TestCaseExecutor.java:328)
	at com.kms.katalon.core.main.TestCaseExecutor.processExecutionPhase(TestCaseExecutor.java:307)
	at com.kms.katalon.core.main.TestCaseExecutor.accessMainPhase(TestCaseExecutor.java:299)
	at com.kms.katalon.core.main.TestCaseExecutor.execute(TestCaseExecutor.java:233)
	at com.kms.katalon.core.main.TestSuiteExecutor.accessTestCaseMainPhase(TestSuiteExecutor.java:169)
	at com.kms.katalon.core.main.TestSuiteExecutor.accessTestSuiteMainPhase(TestSuiteExecutor.java:142)
	at com.kms.katalon.core.main.TestSuiteExecutor.execute(TestSuiteExecutor.java:91)
	at com.kms.katalon.core.main.TestCaseMain.startTestSuite(TestCaseMain.java:157)
	at com.kms.katalon.core.main.TestCaseMain$startTestSuite$0.call(Unknown Source)
	at TempTestSuite1591373123859.run(TempTestSuite1591373123859.groovy:37)
Caused by: com.kms.katalon.core.exception.StepFailedException: Unable to verify object 'Object Repository/Page_Mattermost_Signup/input_email' is present
	at com.kms.katalon.core.webui.keyword.internal.WebUIKeywordMain.stepFailed(WebUIKeywordMain.groovy:64)
	at com.kms.katalon.core.webui.keyword.internal.WebUIKeywordMain.runKeyword(WebUIKeywordMain.groovy:26)
	at com.kms.katalon.core.webui.keyword.builtin.VerifyElementPresentKeyword.verifyElementPresent(VerifyElementPresentKeyword.groovy:92)
	at com.kms.katalon.core.webui.keyword.builtin.VerifyElementPresentKeyword.execute(VerifyElementPresentKeyword.groovy:68)
	at com.kms.katalon.core.keyword.internal.KeywordExecutor.executeKeywordForPlatform(KeywordExecutor.groovy:72)
	at com.kms.katalon.core.webui.keyword.WebUiBuiltInKeywords.verifyElementPresent(WebUiBuiltInKeywords.groovy:1460)
	at com.kms.katalon.core.webui.keyword.WebUiBuiltInKeywords$verifyElementPresent$0.call(Unknown Source)
	at signup_function.run(signup_function:19)
	at com.kms.katalon.core.main.ScriptEngine.run(ScriptEngine.java:194)
	at com.kms.katalon.core.main.ScriptEngine.runScriptAsRawText(ScriptEngine.java:119)
	at com.kms.katalon.core.main.TestCaseExecutor.runScript(TestCaseExecutor.java:337)
	at com.kms.katalon.core.main.TestCaseExecutor.doExecute(TestCaseExecutor.java:328)
	at com.kms.katalon.core.main.TestCaseExecutor.processExecutionPhase(TestCaseExecutor.java:307)
	at com.kms.katalon.core.main.TestCaseExecutor.accessMainPhase(TestCaseExecutor.java:299)
	at com.kms.katalon.core.main.TestCaseExecutor.execute(TestCaseExecutor.java:233)
	at com.kms.katalon.core.main.TestCaseMain.runTestCase(TestCaseMain.java:114)
	at com.kms.katalon.core.keyword.builtin.CallTestCaseKeyword$_callTestCase_closure1.doCall(CallTestCaseKeyword.groovy:59)
	... 20 more
Caused by: com.kms.katalon.core.exception.StepFailedException: com.kms.katalon.core.webui.exception.WebElementNotFoundException: Web element with id: 'Object Repository/Page_Mattermost_Signup/input_email' located by 'By.xpath: //input[@id='email']' not found
	at com.kms.katalon.core.webui.keyword.internal.WebUIKeywordMain.stepFailed(WebUIKeywordMain.groovy:64)
	at com.kms.katalon.core.webui.keyword.builtin.VerifyElementPresentKeyword$_verifyElementPresent_closure1.doCall(VerifyElementPresentKeyword.groovy:85)
	at com.kms.katalon.core.webui.keyword.builtin.VerifyElementPresentKeyword$_verifyElementPresent_closure1.call(VerifyElementPresentKeyword.groovy)
	at com.kms.katalon.core.webui.keyword.internal.WebUIKeywordMain.runKeyword(WebUIKeywordMain.groovy:20)
	... 35 more


2020-06-05 23:05:53 - [TEST_STEP][PASSED] - Start setup action : Setup: Method 'Setup' complete successfully

2020-06-05 23:05:53 - [TEST_STEP][PASSED] - openBrowser("http://192.168.1.10:8065/signup_email"): Browser is opened with url: 'http://192.168.1.10:8065/signup_email'

2020-06-05 23:05:53 - [MESSAGE][INFO] - Starting 'Firefox' driver

2020-06-05 23:05:53 - [MESSAGE][INFO] - Action delay is set to 0 milliseconds

2020-06-05 23:05:57 - [MESSAGE][PASSED] - Browser is opened with url: 'http://192.168.1.10:8065/signup_email'

2020-06-05 23:05:57 - [MESSAGE][PASSED] - Method 'Setup' complete successfully

2020-06-05 23:05:57 - [TEST_STEP][FAILED] - callTestCase(findTestCase("Test Cases/Signup/signup_function"), ["var_email":var_email, "var_name":var_name, "var_password":var_password], STOP_ON_FAILURE): Unable to call Test Case 'Test Cases/Signup/signup_function' (Root cause: com.kms.katalon.core.exception.StepFailedException: Call Test Case 'Test Cases/Signup/signup_function' failed
	at com.kms.katalon.core.keyword.builtin.CallTestCaseKeyword$_callTestCase_closure1.doCall(CallTestCaseKeyword.groovy:63)
	at com.kms.katalon.core.keyword.builtin.CallTestCaseKeyword$_callTestCase_closure1.call(CallTestCaseKeyword.groovy)
	at com.kms.katalon.core.keyword.internal.KeywordMain.runKeyword(KeywordMain.groovy:68)
	at com.kms.katalon.core.keyword.builtin.CallTestCaseKeyword.callTestCase(CallTestCaseKeyword.groovy:81)
	at com.kms.katalon.core.keyword.builtin.CallTestCaseKeyword.execute(CallTestCaseKeyword.groovy:44)
	at com.kms.katalon.core.keyword.internal.KeywordExecutor.executeKeywordForPlatform(KeywordExecutor.groovy:72)
	at com.kms.katalon.core.keyword.BuiltinKeywords.callTestCase(BuiltinKeywords.groovy:334)
	at TC_signup_01.run(TC_signup_01:26)
	at com.kms.katalon.core.main.ScriptEngine.run(ScriptEngine.java:194)
	at com.kms.katalon.core.main.ScriptEngine.runScriptAsRawText(ScriptEngine.java:119)
	at com.kms.katalon.core.main.TestCaseExecutor.runScript(TestCaseExecutor.java:337)
	at com.kms.katalon.core.main.TestCaseExecutor.doExecute(TestCaseExecutor.java:328)
	at com.kms.katalon.core.main.TestCaseExecutor.processExecutionPhase(TestCaseExecutor.java:307)
	at com.kms.katalon.core.main.TestCaseExecutor.accessMainPhase(TestCaseExecutor.java:299)
	at com.kms.katalon.core.main.TestCaseExecutor.execute(TestCaseExecutor.java:233)
	at com.kms.katalon.core.main.TestSuiteExecutor.accessTestCaseMainPhase(TestSuiteExecutor.java:169)
	at com.kms.katalon.core.main.TestSuiteExecutor.accessTestSuiteMainPhase(TestSuiteExecutor.java:142)
	at com.kms.katalon.core.main.TestSuiteExecutor.execute(TestSuiteExecutor.java:91)
	at com.kms.katalon.core.main.TestCaseMain.startTestSuite(TestCaseMain.java:157)
	at com.kms.katalon.core.main.TestCaseMain$startTestSuite$0.call(Unknown Source)
	at TempTestSuite1591373123859.run(TempTestSuite1591373123859.groovy:37)
Caused by: com.kms.katalon.core.exception.StepFailedException: Unable to verify object 'Object Repository/Page_Mattermost_Signup/input_email' is present
	at com.kms.katalon.core.webui.keyword.internal.WebUIKeywordMain.stepFailed(WebUIKeywordMain.groovy:64)
	at com.kms.katalon.core.webui.keyword.internal.WebUIKeywordMain.runKeyword(WebUIKeywordMain.groovy:26)
	at com.kms.katalon.core.webui.keyword.builtin.VerifyElementPresentKeyword.verifyElementPresent(VerifyElementPresentKeyword.groovy:92)
	at com.kms.katalon.core.webui.keyword.builtin.VerifyElementPresentKeyword.execute(VerifyElementPresentKeyword.groovy:68)
	at com.kms.katalon.core.keyword.internal.KeywordExecutor.executeKeywordForPlatform(KeywordExecutor.groovy:72)
	at com.kms.katalon.core.webui.keyword.WebUiBuiltInKeywords.verifyElementPresent(WebUiBuiltInKeywords.groovy:1460)
	at com.kms.katalon.core.webui.keyword.WebUiBuiltInKeywords$verifyElementPresent$0.call(Unknown Source)
	at signup_function.run(signup_function:19)
	at com.kms.katalon.core.main.ScriptEngine.run(ScriptEngine.java:194)
	at com.kms.katalon.core.main.ScriptEngine.runScriptAsRawText(ScriptEngine.java:119)
	at com.kms.katalon.core.main.TestCaseExecutor.runScript(TestCaseExecutor.java:337)
	at com.kms.katalon.core.main.TestCaseExecutor.doExecute(TestCaseExecutor.java:328)
	at com.kms.katalon.core.main.TestCaseExecutor.processExecutionPhase(TestCaseExecutor.java:307)
	at com.kms.katalon.core.main.TestCaseExecutor.accessMainPhase(TestCaseExecutor.java:299)
	at com.kms.katalon.core.main.TestCaseExecutor.execute(TestCaseExecutor.java:233)
	at com.kms.katalon.core.main.TestCaseMain.runTestCase(TestCaseMain.java:114)
	at com.kms.katalon.core.keyword.builtin.CallTestCaseKeyword$_callTestCase_closure1.doCall(CallTestCaseKeyword.groovy:59)
	... 20 more
Caused by: com.kms.katalon.core.exception.StepFailedException: com.kms.katalon.core.webui.exception.WebElementNotFoundException: Web element with id: 'Object Repository/Page_Mattermost_Signup/input_email' located by 'By.xpath: //input[@id='email']' not found
	at com.kms.katalon.core.webui.keyword.internal.WebUIKeywordMain.stepFailed(WebUIKeywordMain.groovy:64)
	at com.kms.katalon.core.webui.keyword.builtin.VerifyElementPresentKeyword$_verifyElementPresent_closure1.doCall(VerifyElementPresentKeyword.groovy:85)
	at com.kms.katalon.core.webui.keyword.builtin.VerifyElementPresentKeyword$_verifyElementPresent_closure1.call(VerifyElementPresentKeyword.groovy)
	at com.kms.katalon.core.webui.keyword.internal.WebUIKeywordMain.runKeyword(WebUIKeywordMain.groovy:20)
	... 35 more
)

2020-06-05 23:05:57 - [TEST_CASE][FAILED] - Test Cases/Signup/signup_function: Test Cases/Signup/signup_function FAILED.
Reason:
com.kms.katalon.core.exception.StepFailedException: Unable to verify object 'Object Repository/Page_Mattermost_Signup/input_email' is present
	at com.kms.katalon.core.webui.keyword.internal.WebUIKeywordMain.stepFailed(WebUIKeywordMain.groovy:64)
	at com.kms.katalon.core.webui.keyword.internal.WebUIKeywordMain.runKeyword(WebUIKeywordMain.groovy:26)
	at com.kms.katalon.core.webui.keyword.builtin.VerifyElementPresentKeyword.verifyElementPresent(VerifyElementPresentKeyword.groovy:92)
	at com.kms.katalon.core.webui.keyword.builtin.VerifyElementPresentKeyword.execute(VerifyElementPresentKeyword.groovy:68)
	at com.kms.katalon.core.keyword.internal.KeywordExecutor.executeKeywordForPlatform(KeywordExecutor.groovy:72)
	at com.kms.katalon.core.webui.keyword.WebUiBuiltInKeywords.verifyElementPresent(WebUiBuiltInKeywords.groovy:1460)
	at com.kms.katalon.core.webui.keyword.WebUiBuiltInKeywords$verifyElementPresent$0.call(Unknown Source)
	at signup_function.run(signup_function:19)
	at com.kms.katalon.core.main.ScriptEngine.run(ScriptEngine.java:194)
	at com.kms.katalon.core.main.ScriptEngine.runScriptAsRawText(ScriptEngine.java:119)
	at com.kms.katalon.core.main.TestCaseExecutor.runScript(TestCaseExecutor.java:337)
	at com.kms.katalon.core.main.TestCaseExecutor.doExecute(TestCaseExecutor.java:328)
	at com.kms.katalon.core.main.TestCaseExecutor.processExecutionPhase(TestCaseExecutor.java:307)
	at com.kms.katalon.core.main.TestCaseExecutor.accessMainPhase(TestCaseExecutor.java:299)
	at com.kms.katalon.core.main.TestCaseExecutor.execute(TestCaseExecutor.java:233)
	at com.kms.katalon.core.main.TestCaseMain.runTestCase(TestCaseMain.java:114)
	at com.kms.katalon.core.keyword.builtin.CallTestCaseKeyword$_callTestCase_closure1.doCall(CallTestCaseKeyword.groovy:59)
	at com.kms.katalon.core.keyword.builtin.CallTestCaseKeyword$_callTestCase_closure1.call(CallTestCaseKeyword.groovy)
	at com.kms.katalon.core.keyword.internal.KeywordMain.runKeyword(KeywordMain.groovy:68)
	at com.kms.katalon.core.keyword.builtin.CallTestCaseKeyword.callTestCase(CallTestCaseKeyword.groovy:81)
	at com.kms.katalon.core.keyword.builtin.CallTestCaseKeyword.execute(CallTestCaseKeyword.groovy:44)
	at com.kms.katalon.core.keyword.internal.KeywordExecutor.executeKeywordForPlatform(KeywordExecutor.groovy:72)
	at com.kms.katalon.core.keyword.BuiltinKeywords.callTestCase(BuiltinKeywords.groovy:334)
	at TC_signup_01.run(TC_signup_01:26)
	at com.kms.katalon.core.main.ScriptEngine.run(ScriptEngine.java:194)
	at com.kms.katalon.core.main.ScriptEngine.runScriptAsRawText(ScriptEngine.java:119)
	at com.kms.katalon.core.main.TestCaseExecutor.runScript(TestCaseExecutor.java:337)
	at com.kms.katalon.core.main.TestCaseExecutor.doExecute(TestCaseExecutor.java:328)
	at com.kms.katalon.core.main.TestCaseExecutor.processExecutionPhase(TestCaseExecutor.java:307)
	at com.kms.katalon.core.main.TestCaseExecutor.accessMainPhase(TestCaseExecutor.java:299)
	at com.kms.katalon.core.main.TestCaseExecutor.execute(TestCaseExecutor.java:233)
	at com.kms.katalon.core.main.TestSuiteExecutor.accessTestCaseMainPhase(TestSuiteExecutor.java:169)
	at com.kms.katalon.core.main.TestSuiteExecutor.accessTestSuiteMainPhase(TestSuiteExecutor.java:142)
	at com.kms.katalon.core.main.TestSuiteExecutor.execute(TestSuiteExecutor.java:91)
	at com.kms.katalon.core.main.TestCaseMain.startTestSuite(TestCaseMain.java:157)
	at com.kms.katalon.core.main.TestCaseMain$startTestSuite$0.call(Unknown Source)
	at TempTestSuite1591373123859.run(TempTestSuite1591373123859.groovy:37)
Caused by: com.kms.katalon.core.exception.StepFailedException: com.kms.katalon.core.webui.exception.WebElementNotFoundException: Web element with id: 'Object Repository/Page_Mattermost_Signup/input_email' located by 'By.xpath: //input[@id='email']' not found
	at com.kms.katalon.core.webui.keyword.internal.WebUIKeywordMain.stepFailed(WebUIKeywordMain.groovy:64)
	at com.kms.katalon.core.webui.keyword.builtin.VerifyElementPresentKeyword$_verifyElementPresent_closure1.doCall(VerifyElementPresentKeyword.groovy:85)
	at com.kms.katalon.core.webui.keyword.builtin.VerifyElementPresentKeyword$_verifyElementPresent_closure1.call(VerifyElementPresentKeyword.groovy)
	at com.kms.katalon.core.webui.keyword.internal.WebUIKeywordMain.runKeyword(WebUIKeywordMain.groovy:20)
	... 35 more


2020-06-05 23:05:57 - [TEST_STEP][FAILED] - verifyEqual(verifyElementPresent(findTestObject("Object Repository/Page_Mattermost_Signup/input_email"), 1), true): Unable to verify object 'Object Repository/Page_Mattermost_Signup/input_email' is present (Root cause: com.kms.katalon.core.exception.StepFailedException: Unable to verify object 'Object Repository/Page_Mattermost_Signup/input_email' is present
	at com.kms.katalon.core.webui.keyword.internal.WebUIKeywordMain.stepFailed(WebUIKeywordMain.groovy:64)
	at com.kms.katalon.core.webui.keyword.internal.WebUIKeywordMain.runKeyword(WebUIKeywordMain.groovy:26)
	at com.kms.katalon.core.webui.keyword.builtin.VerifyElementPresentKeyword.verifyElementPresent(VerifyElementPresentKeyword.groovy:92)
	at com.kms.katalon.core.webui.keyword.builtin.VerifyElementPresentKeyword.execute(VerifyElementPresentKeyword.groovy:68)
	at com.kms.katalon.core.keyword.internal.KeywordExecutor.executeKeywordForPlatform(KeywordExecutor.groovy:72)
	at com.kms.katalon.core.webui.keyword.WebUiBuiltInKeywords.verifyElementPresent(WebUiBuiltInKeywords.groovy:1460)
	at com.kms.katalon.core.webui.keyword.WebUiBuiltInKeywords$verifyElementPresent$0.call(Unknown Source)
	at signup_function.run(signup_function:19)
	at com.kms.katalon.core.main.ScriptEngine.run(ScriptEngine.java:194)
	at com.kms.katalon.core.main.ScriptEngine.runScriptAsRawText(ScriptEngine.java:119)
	at com.kms.katalon.core.main.TestCaseExecutor.runScript(TestCaseExecutor.java:337)
	at com.kms.katalon.core.main.TestCaseExecutor.doExecute(TestCaseExecutor.java:328)
	at com.kms.katalon.core.main.TestCaseExecutor.processExecutionPhase(TestCaseExecutor.java:307)
	at com.kms.katalon.core.main.TestCaseExecutor.accessMainPhase(TestCaseExecutor.java:299)
	at com.kms.katalon.core.main.TestCaseExecutor.execute(TestCaseExecutor.java:233)
	at com.kms.katalon.core.main.TestCaseMain.runTestCase(TestCaseMain.java:114)
	at com.kms.katalon.core.keyword.builtin.CallTestCaseKeyword$_callTestCase_closure1.doCall(CallTestCaseKeyword.groovy:59)
	at com.kms.katalon.core.keyword.builtin.CallTestCaseKeyword$_callTestCase_closure1.call(CallTestCaseKeyword.groovy)
	at com.kms.katalon.core.keyword.internal.KeywordMain.runKeyword(KeywordMain.groovy:68)
	at com.kms.katalon.core.keyword.builtin.CallTestCaseKeyword.callTestCase(CallTestCaseKeyword.groovy:81)
	at com.kms.katalon.core.keyword.builtin.CallTestCaseKeyword.execute(CallTestCaseKeyword.groovy:44)
	at com.kms.katalon.core.keyword.internal.KeywordExecutor.executeKeywordForPlatform(KeywordExecutor.groovy:72)
	at com.kms.katalon.core.keyword.BuiltinKeywords.callTestCase(BuiltinKeywords.groovy:334)
	at TC_signup_01.run(TC_signup_01:26)
	at com.kms.katalon.core.main.ScriptEngine.run(ScriptEngine.java:194)
	at com.kms.katalon.core.main.ScriptEngine.runScriptAsRawText(ScriptEngine.java:119)
	at com.kms.katalon.core.main.TestCaseExecutor.runScript(TestCaseExecutor.java:337)
	at com.kms.katalon.core.main.TestCaseExecutor.doExecute(TestCaseExecutor.java:328)
	at com.kms.katalon.core.main.TestCaseExecutor.processExecutionPhase(TestCaseExecutor.java:307)
	at com.kms.katalon.core.main.TestCaseExecutor.accessMainPhase(TestCaseExecutor.java:299)
	at com.kms.katalon.core.main.TestCaseExecutor.execute(TestCaseExecutor.java:233)
	at com.kms.katalon.core.main.TestSuiteExecutor.accessTestCaseMainPhase(TestSuiteExecutor.java:169)
	at com.kms.katalon.core.main.TestSuiteExecutor.accessTestSuiteMainPhase(TestSuiteExecutor.java:142)
	at com.kms.katalon.core.main.TestSuiteExecutor.execute(TestSuiteExecutor.java:91)
	at com.kms.katalon.core.main.TestCaseMain.startTestSuite(TestCaseMain.java:157)
	at com.kms.katalon.core.main.TestCaseMain$startTestSuite$0.call(Unknown Source)
	at TempTestSuite1591373123859.run(TempTestSuite1591373123859.groovy:37)
Caused by: com.kms.katalon.core.exception.StepFailedException: com.kms.katalon.core.webui.exception.WebElementNotFoundException: Web element with id: 'Object Repository/Page_Mattermost_Signup/input_email' located by 'By.xpath: //input[@id='email']' not found
	at com.kms.katalon.core.webui.keyword.internal.WebUIKeywordMain.stepFailed(WebUIKeywordMain.groovy:64)
	at com.kms.katalon.core.webui.keyword.builtin.VerifyElementPresentKeyword$_verifyElementPresent_closure1.doCall(VerifyElementPresentKeyword.groovy:85)
	at com.kms.katalon.core.webui.keyword.builtin.VerifyElementPresentKeyword$_verifyElementPresent_closure1.call(VerifyElementPresentKeyword.groovy)
	at com.kms.katalon.core.webui.keyword.internal.WebUIKeywordMain.runKeyword(WebUIKeywordMain.groovy:20)
	... 35 more
)

2020-06-05 23:05:59 - [MESSAGE][INFO] - Unable to find the element located by 'By.xpath: //input[@id='email']'. Please recheck the objects properties to make sure the desired element is located. 

2020-06-05 23:05:59 - [MESSAGE][FAILED] - com.kms.katalon.core.webui.exception.WebElementNotFoundException: Web element with id: 'Object Repository/Page_Mattermost_Signup/input_email' located by 'By.xpath: //input[@id='email']' not found (Root cause: com.kms.katalon.core.exception.StepFailedException: com.kms.katalon.core.webui.exception.WebElementNotFoundException: Web element with id: 'Object Repository/Page_Mattermost_Signup/input_email' located by 'By.xpath: //input[@id='email']' not found
	at com.kms.katalon.core.webui.keyword.internal.WebUIKeywordMain.stepFailed(WebUIKeywordMain.groovy:64)
	at com.kms.katalon.core.webui.keyword.builtin.VerifyElementPresentKeyword$_verifyElementPresent_closure1.doCall(VerifyElementPresentKeyword.groovy:85)
	at com.kms.katalon.core.webui.keyword.builtin.VerifyElementPresentKeyword$_verifyElementPresent_closure1.call(VerifyElementPresentKeyword.groovy)
	at com.kms.katalon.core.webui.keyword.internal.WebUIKeywordMain.runKeyword(WebUIKeywordMain.groovy:20)
	at com.kms.katalon.core.webui.keyword.builtin.VerifyElementPresentKeyword.verifyElementPresent(VerifyElementPresentKeyword.groovy:92)
	at com.kms.katalon.core.webui.keyword.builtin.VerifyElementPresentKeyword.execute(VerifyElementPresentKeyword.groovy:68)
	at com.kms.katalon.core.keyword.internal.KeywordExecutor.executeKeywordForPlatform(KeywordExecutor.groovy:72)
	at com.kms.katalon.core.webui.keyword.WebUiBuiltInKeywords.verifyElementPresent(WebUiBuiltInKeywords.groovy:1460)
	at com.kms.katalon.core.webui.keyword.WebUiBuiltInKeywords$verifyElementPresent$0.call(Unknown Source)
	at signup_function.run(signup_function:19)
	at com.kms.katalon.core.main.ScriptEngine.run(ScriptEngine.java:194)
	at com.kms.katalon.core.main.ScriptEngine.runScriptAsRawText(ScriptEngine.java:119)
	at com.kms.katalon.core.main.TestCaseExecutor.runScript(TestCaseExecutor.java:337)
	at com.kms.katalon.core.main.TestCaseExecutor.doExecute(TestCaseExecutor.java:328)
	at com.kms.katalon.core.main.TestCaseExecutor.processExecutionPhase(TestCaseExecutor.java:307)
	at com.kms.katalon.core.main.TestCaseExecutor.accessMainPhase(TestCaseExecutor.java:299)
	at com.kms.katalon.core.main.TestCaseExecutor.execute(TestCaseExecutor.java:233)
	at com.kms.katalon.core.main.TestCaseMain.runTestCase(TestCaseMain.java:114)
	at com.kms.katalon.core.keyword.builtin.CallTestCaseKeyword$_callTestCase_closure1.doCall(CallTestCaseKeyword.groovy:59)
	at com.kms.katalon.core.keyword.builtin.CallTestCaseKeyword$_callTestCase_closure1.call(CallTestCaseKeyword.groovy)
	at com.kms.katalon.core.keyword.internal.KeywordMain.runKeyword(KeywordMain.groovy:68)
	at com.kms.katalon.core.keyword.builtin.CallTestCaseKeyword.callTestCase(CallTestCaseKeyword.groovy:81)
	at com.kms.katalon.core.keyword.builtin.CallTestCaseKeyword.execute(CallTestCaseKeyword.groovy:44)
	at com.kms.katalon.core.keyword.internal.KeywordExecutor.executeKeywordForPlatform(KeywordExecutor.groovy:72)
	at com.kms.katalon.core.keyword.BuiltinKeywords.callTestCase(BuiltinKeywords.groovy:334)
	at TC_signup_01.run(TC_signup_01:26)
	at com.kms.katalon.core.main.ScriptEngine.run(ScriptEngine.java:194)
	at com.kms.katalon.core.main.ScriptEngine.runScriptAsRawText(ScriptEngine.java:119)
	at com.kms.katalon.core.main.TestCaseExecutor.runScript(TestCaseExecutor.java:337)
	at com.kms.katalon.core.main.TestCaseExecutor.doExecute(TestCaseExecutor.java:328)
	at com.kms.katalon.core.main.TestCaseExecutor.processExecutionPhase(TestCaseExecutor.java:307)
	at com.kms.katalon.core.main.TestCaseExecutor.accessMainPhase(TestCaseExecutor.java:299)
	at com.kms.katalon.core.main.TestCaseExecutor.execute(TestCaseExecutor.java:233)
	at com.kms.katalon.core.main.TestSuiteExecutor.accessTestCaseMainPhase(TestSuiteExecutor.java:169)
	at com.kms.katalon.core.main.TestSuiteExecutor.accessTestSuiteMainPhase(TestSuiteExecutor.java:142)
	at com.kms.katalon.core.main.TestSuiteExecutor.execute(TestSuiteExecutor.java:91)
	at com.kms.katalon.core.main.TestCaseMain.startTestSuite(TestCaseMain.java:157)
	at com.kms.katalon.core.main.TestCaseMain$startTestSuite$0.call(Unknown Source)
	at TempTestSuite1591373123859.run(TempTestSuite1591373123859.groovy:37)
)
[[ATTACHMENT|D:\\katalon\\hw2-katalon-testing\\Reports\\20200605_230523\\Run_All_Test_Cases\\20200605_230523\\1591373159738.png]]

2020-06-05 23:05:59 - [MESSAGE][FAILED] - Unable to verify object 'Object Repository/Page_Mattermost_Signup/input_email' is present (Root cause: com.kms.katalon.core.exception.StepFailedException: Unable to verify object 'Object Repository/Page_Mattermost_Signup/input_email' is present
	at com.kms.katalon.core.webui.keyword.internal.WebUIKeywordMain.stepFailed(WebUIKeywordMain.groovy:64)
	at com.kms.katalon.core.webui.keyword.internal.WebUIKeywordMain.runKeyword(WebUIKeywordMain.groovy:26)
	at com.kms.katalon.core.webui.keyword.builtin.VerifyElementPresentKeyword.verifyElementPresent(VerifyElementPresentKeyword.groovy:92)
	at com.kms.katalon.core.webui.keyword.builtin.VerifyElementPresentKeyword.execute(VerifyElementPresentKeyword.groovy:68)
	at com.kms.katalon.core.keyword.internal.KeywordExecutor.executeKeywordForPlatform(KeywordExecutor.groovy:72)
	at com.kms.katalon.core.webui.keyword.WebUiBuiltInKeywords.verifyElementPresent(WebUiBuiltInKeywords.groovy:1460)
	at com.kms.katalon.core.webui.keyword.WebUiBuiltInKeywords$verifyElementPresent$0.call(Unknown Source)
	at signup_function.run(signup_function:19)
	at com.kms.katalon.core.main.ScriptEngine.run(ScriptEngine.java:194)
	at com.kms.katalon.core.main.ScriptEngine.runScriptAsRawText(ScriptEngine.java:119)
	at com.kms.katalon.core.main.TestCaseExecutor.runScript(TestCaseExecutor.java:337)
	at com.kms.katalon.core.main.TestCaseExecutor.doExecute(TestCaseExecutor.java:328)
	at com.kms.katalon.core.main.TestCaseExecutor.processExecutionPhase(TestCaseExecutor.java:307)
	at com.kms.katalon.core.main.TestCaseExecutor.accessMainPhase(TestCaseExecutor.java:299)
	at com.kms.katalon.core.main.TestCaseExecutor.execute(TestCaseExecutor.java:233)
	at com.kms.katalon.core.main.TestCaseMain.runTestCase(TestCaseMain.java:114)
	at com.kms.katalon.core.keyword.builtin.CallTestCaseKeyword$_callTestCase_closure1.doCall(CallTestCaseKeyword.groovy:59)
	at com.kms.katalon.core.keyword.builtin.CallTestCaseKeyword$_callTestCase_closure1.call(CallTestCaseKeyword.groovy)
	at com.kms.katalon.core.keyword.internal.KeywordMain.runKeyword(KeywordMain.groovy:68)
	at com.kms.katalon.core.keyword.builtin.CallTestCaseKeyword.callTestCase(CallTestCaseKeyword.groovy:81)
	at com.kms.katalon.core.keyword.builtin.CallTestCaseKeyword.execute(CallTestCaseKeyword.groovy:44)
	at com.kms.katalon.core.keyword.internal.KeywordExecutor.executeKeywordForPlatform(KeywordExecutor.groovy:72)
	at com.kms.katalon.core.keyword.BuiltinKeywords.callTestCase(BuiltinKeywords.groovy:334)
	at TC_signup_01.run(TC_signup_01:26)
	at com.kms.katalon.core.main.ScriptEngine.run(ScriptEngine.java:194)
	at com.kms.katalon.core.main.ScriptEngine.runScriptAsRawText(ScriptEngine.java:119)
	at com.kms.katalon.core.main.TestCaseExecutor.runScript(TestCaseExecutor.java:337)
	at com.kms.katalon.core.main.TestCaseExecutor.doExecute(TestCaseExecutor.java:328)
	at com.kms.katalon.core.main.TestCaseExecutor.processExecutionPhase(TestCaseExecutor.java:307)
	at com.kms.katalon.core.main.TestCaseExecutor.accessMainPhase(TestCaseExecutor.java:299)
	at com.kms.katalon.core.main.TestCaseExecutor.execute(TestCaseExecutor.java:233)
	at com.kms.katalon.core.main.TestSuiteExecutor.accessTestCaseMainPhase(TestSuiteExecutor.java:169)
	at com.kms.katalon.core.main.TestSuiteExecutor.accessTestSuiteMainPhase(TestSuiteExecutor.java:142)
	at com.kms.katalon.core.main.TestSuiteExecutor.execute(TestSuiteExecutor.java:91)
	at com.kms.katalon.core.main.TestCaseMain.startTestSuite(TestCaseMain.java:157)
	at com.kms.katalon.core.main.TestCaseMain$startTestSuite$0.call(Unknown Source)
	at TempTestSuite1591373123859.run(TempTestSuite1591373123859.groovy:37)
Caused by: com.kms.katalon.core.exception.StepFailedException: com.kms.katalon.core.webui.exception.WebElementNotFoundException: Web element with id: 'Object Repository/Page_Mattermost_Signup/input_email' located by 'By.xpath: //input[@id='email']' not found
	at com.kms.katalon.core.webui.keyword.internal.WebUIKeywordMain.stepFailed(WebUIKeywordMain.groovy:64)
	at com.kms.katalon.core.webui.keyword.builtin.VerifyElementPresentKeyword$_verifyElementPresent_closure1.doCall(VerifyElementPresentKeyword.groovy:85)
	at com.kms.katalon.core.webui.keyword.builtin.VerifyElementPresentKeyword$_verifyElementPresent_closure1.call(VerifyElementPresentKeyword.groovy)
	at com.kms.katalon.core.webui.keyword.internal.WebUIKeywordMain.runKeyword(WebUIKeywordMain.groovy:20)
	... 35 more
)
[[ATTACHMENT|D:\\katalon\\hw2-katalon-testing\\Reports\\20200605_230523\\Run_All_Test_Cases\\20200605_230523\\1591373159816.png]]

2020-06-05 23:05:59 - [MESSAGE][FAILED] - Unable to call Test Case 'Test Cases/Signup/signup_function' (Root cause: com.kms.katalon.core.exception.StepFailedException: Call Test Case 'Test Cases/Signup/signup_function' failed
	at com.kms.katalon.core.keyword.builtin.CallTestCaseKeyword$_callTestCase_closure1.doCall(CallTestCaseKeyword.groovy:63)
	at com.kms.katalon.core.keyword.builtin.CallTestCaseKeyword$_callTestCase_closure1.call(CallTestCaseKeyword.groovy)
	at com.kms.katalon.core.keyword.internal.KeywordMain.runKeyword(KeywordMain.groovy:68)
	at com.kms.katalon.core.keyword.builtin.CallTestCaseKeyword.callTestCase(CallTestCaseKeyword.groovy:81)
	at com.kms.katalon.core.keyword.builtin.CallTestCaseKeyword.execute(CallTestCaseKeyword.groovy:44)
	at com.kms.katalon.core.keyword.internal.KeywordExecutor.executeKeywordForPlatform(KeywordExecutor.groovy:72)
	at com.kms.katalon.core.keyword.BuiltinKeywords.callTestCase(BuiltinKeywords.groovy:334)
	at TC_signup_01.run(TC_signup_01:26)
	at com.kms.katalon.core.main.ScriptEngine.run(ScriptEngine.java:194)
	at com.kms.katalon.core.main.ScriptEngine.runScriptAsRawText(ScriptEngine.java:119)
	at com.kms.katalon.core.main.TestCaseExecutor.runScript(TestCaseExecutor.java:337)
	at com.kms.katalon.core.main.TestCaseExecutor.doExecute(TestCaseExecutor.java:328)
	at com.kms.katalon.core.main.TestCaseExecutor.processExecutionPhase(TestCaseExecutor.java:307)
	at com.kms.katalon.core.main.TestCaseExecutor.accessMainPhase(TestCaseExecutor.java:299)
	at com.kms.katalon.core.main.TestCaseExecutor.execute(TestCaseExecutor.java:233)
	at com.kms.katalon.core.main.TestSuiteExecutor.accessTestCaseMainPhase(TestSuiteExecutor.java:169)
	at com.kms.katalon.core.main.TestSuiteExecutor.accessTestSuiteMainPhase(TestSuiteExecutor.java:142)
	at com.kms.katalon.core.main.TestSuiteExecutor.execute(TestSuiteExecutor.java:91)
	at com.kms.katalon.core.main.TestCaseMain.startTestSuite(TestCaseMain.java:157)
	at com.kms.katalon.core.main.TestCaseMain$startTestSuite$0.call(Unknown Source)
	at TempTestSuite1591373123859.run(TempTestSuite1591373123859.groovy:37)
Caused by: com.kms.katalon.core.exception.StepFailedException: Unable to verify object 'Object Repository/Page_Mattermost_Signup/input_email' is present
	at com.kms.katalon.core.webui.keyword.internal.WebUIKeywordMain.stepFailed(WebUIKeywordMain.groovy:64)
	at com.kms.katalon.core.webui.keyword.internal.WebUIKeywordMain.runKeyword(WebUIKeywordMain.groovy:26)
	at com.kms.katalon.core.webui.keyword.builtin.VerifyElementPresentKeyword.verifyElementPresent(VerifyElementPresentKeyword.groovy:92)
	at com.kms.katalon.core.webui.keyword.builtin.VerifyElementPresentKeyword.execute(VerifyElementPresentKeyword.groovy:68)
	at com.kms.katalon.core.keyword.internal.KeywordExecutor.executeKeywordForPlatform(KeywordExecutor.groovy:72)
	at com.kms.katalon.core.webui.keyword.WebUiBuiltInKeywords.verifyElementPresent(WebUiBuiltInKeywords.groovy:1460)
	at com.kms.katalon.core.webui.keyword.WebUiBuiltInKeywords$verifyElementPresent$0.call(Unknown Source)
	at signup_function.run(signup_function:19)
	at com.kms.katalon.core.main.ScriptEngine.run(ScriptEngine.java:194)
	at com.kms.katalon.core.main.ScriptEngine.runScriptAsRawText(ScriptEngine.java:119)
	at com.kms.katalon.core.main.TestCaseExecutor.runScript(TestCaseExecutor.java:337)
	at com.kms.katalon.core.main.TestCaseExecutor.doExecute(TestCaseExecutor.java:328)
	at com.kms.katalon.core.main.TestCaseExecutor.processExecutionPhase(TestCaseExecutor.java:307)
	at com.kms.katalon.core.main.TestCaseExecutor.accessMainPhase(TestCaseExecutor.java:299)
	at com.kms.katalon.core.main.TestCaseExecutor.execute(TestCaseExecutor.java:233)
	at com.kms.katalon.core.main.TestCaseMain.runTestCase(TestCaseMain.java:114)
	at com.kms.katalon.core.keyword.builtin.CallTestCaseKeyword$_callTestCase_closure1.doCall(CallTestCaseKeyword.groovy:59)
	... 20 more
Caused by: com.kms.katalon.core.exception.StepFailedException: com.kms.katalon.core.webui.exception.WebElementNotFoundException: Web element with id: 'Object Repository/Page_Mattermost_Signup/input_email' located by 'By.xpath: //input[@id='email']' not found
	at com.kms.katalon.core.webui.keyword.internal.WebUIKeywordMain.stepFailed(WebUIKeywordMain.groovy:64)
	at com.kms.katalon.core.webui.keyword.builtin.VerifyElementPresentKeyword$_verifyElementPresent_closure1.doCall(VerifyElementPresentKeyword.groovy:85)
	at com.kms.katalon.core.webui.keyword.builtin.VerifyElementPresentKeyword$_verifyElementPresent_closure1.call(VerifyElementPresentKeyword.groovy)
	at com.kms.katalon.core.webui.keyword.internal.WebUIKeywordMain.runKeyword(WebUIKeywordMain.groovy:20)
	... 35 more
)

2020-06-05 23:05:59 - [TEST_STEP][PASSED] - Start tear down : Teardown: Method 'Teardown' complete successfully

2020-06-05 23:05:59 - [TEST_STEP][PASSED] - closeBrowser(): Browser is closed

2020-06-05 23:06:00 - [MESSAGE][PASSED] - Browser is closed

2020-06-05 23:06:00 - [MESSAGE][PASSED] - Method 'Teardown' complete successfully]]></system-out>
         <system-err><![CDATA[2020-06-05 23:05:52 - [TEST_CASE][FAILED] - Test Cases/Signup/TC_signup_01: Test Cases/Signup/TC_signup_01 FAILED.
Reason:
com.kms.katalon.core.exception.StepFailedException: Call Test Case 'Test Cases/Signup/signup_function' failed
	at com.kms.katalon.core.keyword.builtin.CallTestCaseKeyword$_callTestCase_closure1.doCall(CallTestCaseKeyword.groovy:63)
	at com.kms.katalon.core.keyword.builtin.CallTestCaseKeyword$_callTestCase_closure1.call(CallTestCaseKeyword.groovy)
	at com.kms.katalon.core.keyword.internal.KeywordMain.runKeyword(KeywordMain.groovy:68)
	at com.kms.katalon.core.keyword.builtin.CallTestCaseKeyword.callTestCase(CallTestCaseKeyword.groovy:81)
	at com.kms.katalon.core.keyword.builtin.CallTestCaseKeyword.execute(CallTestCaseKeyword.groovy:44)
	at com.kms.katalon.core.keyword.internal.KeywordExecutor.executeKeywordForPlatform(KeywordExecutor.groovy:72)
	at com.kms.katalon.core.keyword.BuiltinKeywords.callTestCase(BuiltinKeywords.groovy:334)
	at TC_signup_01.run(TC_signup_01:26)
	at com.kms.katalon.core.main.ScriptEngine.run(ScriptEngine.java:194)
	at com.kms.katalon.core.main.ScriptEngine.runScriptAsRawText(ScriptEngine.java:119)
	at com.kms.katalon.core.main.TestCaseExecutor.runScript(TestCaseExecutor.java:337)
	at com.kms.katalon.core.main.TestCaseExecutor.doExecute(TestCaseExecutor.java:328)
	at com.kms.katalon.core.main.TestCaseExecutor.processExecutionPhase(TestCaseExecutor.java:307)
	at com.kms.katalon.core.main.TestCaseExecutor.accessMainPhase(TestCaseExecutor.java:299)
	at com.kms.katalon.core.main.TestCaseExecutor.execute(TestCaseExecutor.java:233)
	at com.kms.katalon.core.main.TestSuiteExecutor.accessTestCaseMainPhase(TestSuiteExecutor.java:169)
	at com.kms.katalon.core.main.TestSuiteExecutor.accessTestSuiteMainPhase(TestSuiteExecutor.java:142)
	at com.kms.katalon.core.main.TestSuiteExecutor.execute(TestSuiteExecutor.java:91)
	at com.kms.katalon.core.main.TestCaseMain.startTestSuite(TestCaseMain.java:157)
	at com.kms.katalon.core.main.TestCaseMain$startTestSuite$0.call(Unknown Source)
	at TempTestSuite1591373123859.run(TempTestSuite1591373123859.groovy:37)
Caused by: com.kms.katalon.core.exception.StepFailedException: Unable to verify object 'Object Repository/Page_Mattermost_Signup/input_email' is present
	at com.kms.katalon.core.webui.keyword.internal.WebUIKeywordMain.stepFailed(WebUIKeywordMain.groovy:64)
	at com.kms.katalon.core.webui.keyword.internal.WebUIKeywordMain.runKeyword(WebUIKeywordMain.groovy:26)
	at com.kms.katalon.core.webui.keyword.builtin.VerifyElementPresentKeyword.verifyElementPresent(VerifyElementPresentKeyword.groovy:92)
	at com.kms.katalon.core.webui.keyword.builtin.VerifyElementPresentKeyword.execute(VerifyElementPresentKeyword.groovy:68)
	at com.kms.katalon.core.keyword.internal.KeywordExecutor.executeKeywordForPlatform(KeywordExecutor.groovy:72)
	at com.kms.katalon.core.webui.keyword.WebUiBuiltInKeywords.verifyElementPresent(WebUiBuiltInKeywords.groovy:1460)
	at com.kms.katalon.core.webui.keyword.WebUiBuiltInKeywords$verifyElementPresent$0.call(Unknown Source)
	at signup_function.run(signup_function:19)
	at com.kms.katalon.core.main.ScriptEngine.run(ScriptEngine.java:194)
	at com.kms.katalon.core.main.ScriptEngine.runScriptAsRawText(ScriptEngine.java:119)
	at com.kms.katalon.core.main.TestCaseExecutor.runScript(TestCaseExecutor.java:337)
	at com.kms.katalon.core.main.TestCaseExecutor.doExecute(TestCaseExecutor.java:328)
	at com.kms.katalon.core.main.TestCaseExecutor.processExecutionPhase(TestCaseExecutor.java:307)
	at com.kms.katalon.core.main.TestCaseExecutor.accessMainPhase(TestCaseExecutor.java:299)
	at com.kms.katalon.core.main.TestCaseExecutor.execute(TestCaseExecutor.java:233)
	at com.kms.katalon.core.main.TestCaseMain.runTestCase(TestCaseMain.java:114)
	at com.kms.katalon.core.keyword.builtin.CallTestCaseKeyword$_callTestCase_closure1.doCall(CallTestCaseKeyword.groovy:59)
	... 20 more
Caused by: com.kms.katalon.core.exception.StepFailedException: com.kms.katalon.core.webui.exception.WebElementNotFoundException: Web element with id: 'Object Repository/Page_Mattermost_Signup/input_email' located by 'By.xpath: //input[@id='email']' not found
	at com.kms.katalon.core.webui.keyword.internal.WebUIKeywordMain.stepFailed(WebUIKeywordMain.groovy:64)
	at com.kms.katalon.core.webui.keyword.builtin.VerifyElementPresentKeyword$_verifyElementPresent_closure1.doCall(VerifyElementPresentKeyword.groovy:85)
	at com.kms.katalon.core.webui.keyword.builtin.VerifyElementPresentKeyword$_verifyElementPresent_closure1.call(VerifyElementPresentKeyword.groovy)
	at com.kms.katalon.core.webui.keyword.internal.WebUIKeywordMain.runKeyword(WebUIKeywordMain.groovy:20)
	... 35 more]]></system-err>
      </testcase>
      <testcase name="Test Cases/Signup/TC_signup_01" time="7.892" classname="Test Cases/Signup/TC_signup_01" status="FAILED">
         <failure type="FAILED" message="Test Cases/Signup/TC_signup_01 FAILED.
Reason:
com.kms.katalon.core.exception.StepFailedException: Call Test Case 'Test Cases/Signup/signup_function' failed
	at com.kms.katalon.core.keyword.builtin.CallTestCaseKeyword$_callTestCase_closure1.doCall(CallTestCaseKeyword.groovy:63)
	at com.kms.katalon.core.keyword.builtin.CallTestCaseKeyword$_callTestCase_closure1.call(CallTestCaseKeyword.groovy)
	at com.kms.katalon.core.keyword.internal.KeywordMain.runKeyword(KeywordMain.groovy:68)
	at com.kms.katalon.core.keyword.builtin.CallTestCaseKeyword.callTestCase(CallTestCaseKeyword.groovy:81)
	at com.kms.katalon.core.keyword.builtin.CallTestCaseKeyword.execute(CallTestCaseKeyword.groovy:44)
	at com.kms.katalon.core.keyword.internal.KeywordExecutor.executeKeywordForPlatform(KeywordExecutor.groovy:72)
	at com.kms.katalon.core.keyword.BuiltinKeywords.callTestCase(BuiltinKeywords.groovy:334)
	at TC_signup_01.run(TC_signup_01:26)
	at com.kms.katalon.core.main.ScriptEngine.run(ScriptEngine.java:194)
	at com.kms.katalon.core.main.ScriptEngine.runScriptAsRawText(ScriptEngine.java:119)
	at com.kms.katalon.core.main.TestCaseExecutor.runScript(TestCaseExecutor.java:337)
	at com.kms.katalon.core.main.TestCaseExecutor.doExecute(TestCaseExecutor.java:328)
	at com.kms.katalon.core.main.TestCaseExecutor.processExecutionPhase(TestCaseExecutor.java:307)
	at com.kms.katalon.core.main.TestCaseExecutor.accessMainPhase(TestCaseExecutor.java:299)
	at com.kms.katalon.core.main.TestCaseExecutor.execute(TestCaseExecutor.java:233)
	at com.kms.katalon.core.main.TestSuiteExecutor.accessTestCaseMainPhase(TestSuiteExecutor.java:169)
	at com.kms.katalon.core.main.TestSuiteExecutor.accessTestSuiteMainPhase(TestSuiteExecutor.java:142)
	at com.kms.katalon.core.main.TestSuiteExecutor.execute(TestSuiteExecutor.java:91)
	at com.kms.katalon.core.main.TestCaseMain.startTestSuite(TestCaseMain.java:157)
	at com.kms.katalon.core.main.TestCaseMain$startTestSuite$0.call(Unknown Source)
	at TempTestSuite1591373123859.run(TempTestSuite1591373123859.groovy:37)
Caused by: com.kms.katalon.core.exception.StepFailedException: Unable to verify object 'Object Repository/Page_Mattermost_Signup/input_email' is present
	at com.kms.katalon.core.webui.keyword.internal.WebUIKeywordMain.stepFailed(WebUIKeywordMain.groovy:64)
	at com.kms.katalon.core.webui.keyword.internal.WebUIKeywordMain.runKeyword(WebUIKeywordMain.groovy:26)
	at com.kms.katalon.core.webui.keyword.builtin.VerifyElementPresentKeyword.verifyElementPresent(VerifyElementPresentKeyword.groovy:92)
	at com.kms.katalon.core.webui.keyword.builtin.VerifyElementPresentKeyword.execute(VerifyElementPresentKeyword.groovy:68)
	at com.kms.katalon.core.keyword.internal.KeywordExecutor.executeKeywordForPlatform(KeywordExecutor.groovy:72)
	at com.kms.katalon.core.webui.keyword.WebUiBuiltInKeywords.verifyElementPresent(WebUiBuiltInKeywords.groovy:1460)
	at com.kms.katalon.core.webui.keyword.WebUiBuiltInKeywords$verifyElementPresent$0.call(Unknown Source)
	at signup_function.run(signup_function:19)
	at com.kms.katalon.core.main.ScriptEngine.run(ScriptEngine.java:194)
	at com.kms.katalon.core.main.ScriptEngine.runScriptAsRawText(ScriptEngine.java:119)
	at com.kms.katalon.core.main.TestCaseExecutor.runScript(TestCaseExecutor.java:337)
	at com.kms.katalon.core.main.TestCaseExecutor.doExecute(TestCaseExecutor.java:328)
	at com.kms.katalon.core.main.TestCaseExecutor.processExecutionPhase(TestCaseExecutor.java:307)
	at com.kms.katalon.core.main.TestCaseExecutor.accessMainPhase(TestCaseExecutor.java:299)
	at com.kms.katalon.core.main.TestCaseExecutor.execute(TestCaseExecutor.java:233)
	at com.kms.katalon.core.main.TestCaseMain.runTestCase(TestCaseMain.java:114)
	at com.kms.katalon.core.keyword.builtin.CallTestCaseKeyword$_callTestCase_closure1.doCall(CallTestCaseKeyword.groovy:59)
	... 20 more
Caused by: com.kms.katalon.core.exception.StepFailedException: com.kms.katalon.core.webui.exception.WebElementNotFoundException: Web element with id: 'Object Repository/Page_Mattermost_Signup/input_email' located by 'By.xpath: //input[@id='email']' not found
	at com.kms.katalon.core.webui.keyword.internal.WebUIKeywordMain.stepFailed(WebUIKeywordMain.groovy:64)
	at com.kms.katalon.core.webui.keyword.builtin.VerifyElementPresentKeyword$_verifyElementPresent_closure1.doCall(VerifyElementPresentKeyword.groovy:85)
	at com.kms.katalon.core.webui.keyword.builtin.VerifyElementPresentKeyword$_verifyElementPresent_closure1.call(VerifyElementPresentKeyword.groovy)
	at com.kms.katalon.core.webui.keyword.internal.WebUIKeywordMain.runKeyword(WebUIKeywordMain.groovy:20)
	... 35 more
"/>
         <system-out><![CDATA[2020-06-05 23:06:00 - [TEST_CASE][FAILED] - Test Cases/Signup/TC_signup_01: Test Cases/Signup/TC_signup_01 FAILED.
Reason:
com.kms.katalon.core.exception.StepFailedException: Call Test Case 'Test Cases/Signup/signup_function' failed
	at com.kms.katalon.core.keyword.builtin.CallTestCaseKeyword$_callTestCase_closure1.doCall(CallTestCaseKeyword.groovy:63)
	at com.kms.katalon.core.keyword.builtin.CallTestCaseKeyword$_callTestCase_closure1.call(CallTestCaseKeyword.groovy)
	at com.kms.katalon.core.keyword.internal.KeywordMain.runKeyword(KeywordMain.groovy:68)
	at com.kms.katalon.core.keyword.builtin.CallTestCaseKeyword.callTestCase(CallTestCaseKeyword.groovy:81)
	at com.kms.katalon.core.keyword.builtin.CallTestCaseKeyword.execute(CallTestCaseKeyword.groovy:44)
	at com.kms.katalon.core.keyword.internal.KeywordExecutor.executeKeywordForPlatform(KeywordExecutor.groovy:72)
	at com.kms.katalon.core.keyword.BuiltinKeywords.callTestCase(BuiltinKeywords.groovy:334)
	at TC_signup_01.run(TC_signup_01:26)
	at com.kms.katalon.core.main.ScriptEngine.run(ScriptEngine.java:194)
	at com.kms.katalon.core.main.ScriptEngine.runScriptAsRawText(ScriptEngine.java:119)
	at com.kms.katalon.core.main.TestCaseExecutor.runScript(TestCaseExecutor.java:337)
	at com.kms.katalon.core.main.TestCaseExecutor.doExecute(TestCaseExecutor.java:328)
	at com.kms.katalon.core.main.TestCaseExecutor.processExecutionPhase(TestCaseExecutor.java:307)
	at com.kms.katalon.core.main.TestCaseExecutor.accessMainPhase(TestCaseExecutor.java:299)
	at com.kms.katalon.core.main.TestCaseExecutor.execute(TestCaseExecutor.java:233)
	at com.kms.katalon.core.main.TestSuiteExecutor.accessTestCaseMainPhase(TestSuiteExecutor.java:169)
	at com.kms.katalon.core.main.TestSuiteExecutor.accessTestSuiteMainPhase(TestSuiteExecutor.java:142)
	at com.kms.katalon.core.main.TestSuiteExecutor.execute(TestSuiteExecutor.java:91)
	at com.kms.katalon.core.main.TestCaseMain.startTestSuite(TestCaseMain.java:157)
	at com.kms.katalon.core.main.TestCaseMain$startTestSuite$0.call(Unknown Source)
	at TempTestSuite1591373123859.run(TempTestSuite1591373123859.groovy:37)
Caused by: com.kms.katalon.core.exception.StepFailedException: Unable to verify object 'Object Repository/Page_Mattermost_Signup/input_email' is present
	at com.kms.katalon.core.webui.keyword.internal.WebUIKeywordMain.stepFailed(WebUIKeywordMain.groovy:64)
	at com.kms.katalon.core.webui.keyword.internal.WebUIKeywordMain.runKeyword(WebUIKeywordMain.groovy:26)
	at com.kms.katalon.core.webui.keyword.builtin.VerifyElementPresentKeyword.verifyElementPresent(VerifyElementPresentKeyword.groovy:92)
	at com.kms.katalon.core.webui.keyword.builtin.VerifyElementPresentKeyword.execute(VerifyElementPresentKeyword.groovy:68)
	at com.kms.katalon.core.keyword.internal.KeywordExecutor.executeKeywordForPlatform(KeywordExecutor.groovy:72)
	at com.kms.katalon.core.webui.keyword.WebUiBuiltInKeywords.verifyElementPresent(WebUiBuiltInKeywords.groovy:1460)
	at com.kms.katalon.core.webui.keyword.WebUiBuiltInKeywords$verifyElementPresent$0.call(Unknown Source)
	at signup_function.run(signup_function:19)
	at com.kms.katalon.core.main.ScriptEngine.run(ScriptEngine.java:194)
	at com.kms.katalon.core.main.ScriptEngine.runScriptAsRawText(ScriptEngine.java:119)
	at com.kms.katalon.core.main.TestCaseExecutor.runScript(TestCaseExecutor.java:337)
	at com.kms.katalon.core.main.TestCaseExecutor.doExecute(TestCaseExecutor.java:328)
	at com.kms.katalon.core.main.TestCaseExecutor.processExecutionPhase(TestCaseExecutor.java:307)
	at com.kms.katalon.core.main.TestCaseExecutor.accessMainPhase(TestCaseExecutor.java:299)
	at com.kms.katalon.core.main.TestCaseExecutor.execute(TestCaseExecutor.java:233)
	at com.kms.katalon.core.main.TestCaseMain.runTestCase(TestCaseMain.java:114)
	at com.kms.katalon.core.keyword.builtin.CallTestCaseKeyword$_callTestCase_closure1.doCall(CallTestCaseKeyword.groovy:59)
	... 20 more
Caused by: com.kms.katalon.core.exception.StepFailedException: com.kms.katalon.core.webui.exception.WebElementNotFoundException: Web element with id: 'Object Repository/Page_Mattermost_Signup/input_email' located by 'By.xpath: //input[@id='email']' not found
	at com.kms.katalon.core.webui.keyword.internal.WebUIKeywordMain.stepFailed(WebUIKeywordMain.groovy:64)
	at com.kms.katalon.core.webui.keyword.builtin.VerifyElementPresentKeyword$_verifyElementPresent_closure1.doCall(VerifyElementPresentKeyword.groovy:85)
	at com.kms.katalon.core.webui.keyword.builtin.VerifyElementPresentKeyword$_verifyElementPresent_closure1.call(VerifyElementPresentKeyword.groovy)
	at com.kms.katalon.core.webui.keyword.internal.WebUIKeywordMain.runKeyword(WebUIKeywordMain.groovy:20)
	... 35 more


2020-06-05 23:06:00 - [TEST_STEP][PASSED] - Start setup action : Setup: Method 'Setup' complete successfully

2020-06-05 23:06:00 - [TEST_STEP][PASSED] - openBrowser("http://192.168.1.10:8065/signup_email"): Browser is opened with url: 'http://192.168.1.10:8065/signup_email'

2020-06-05 23:06:00 - [MESSAGE][INFO] - Starting 'Firefox' driver

2020-06-05 23:06:00 - [MESSAGE][INFO] - Action delay is set to 0 milliseconds

2020-06-05 23:06:05 - [MESSAGE][PASSED] - Browser is opened with url: 'http://192.168.1.10:8065/signup_email'

2020-06-05 23:06:05 - [MESSAGE][PASSED] - Method 'Setup' complete successfully

2020-06-05 23:06:05 - [TEST_STEP][FAILED] - callTestCase(findTestCase("Test Cases/Signup/signup_function"), ["var_email":var_email, "var_name":var_name, "var_password":var_password], STOP_ON_FAILURE): Unable to call Test Case 'Test Cases/Signup/signup_function' (Root cause: com.kms.katalon.core.exception.StepFailedException: Call Test Case 'Test Cases/Signup/signup_function' failed
	at com.kms.katalon.core.keyword.builtin.CallTestCaseKeyword$_callTestCase_closure1.doCall(CallTestCaseKeyword.groovy:63)
	at com.kms.katalon.core.keyword.builtin.CallTestCaseKeyword$_callTestCase_closure1.call(CallTestCaseKeyword.groovy)
	at com.kms.katalon.core.keyword.internal.KeywordMain.runKeyword(KeywordMain.groovy:68)
	at com.kms.katalon.core.keyword.builtin.CallTestCaseKeyword.callTestCase(CallTestCaseKeyword.groovy:81)
	at com.kms.katalon.core.keyword.builtin.CallTestCaseKeyword.execute(CallTestCaseKeyword.groovy:44)
	at com.kms.katalon.core.keyword.internal.KeywordExecutor.executeKeywordForPlatform(KeywordExecutor.groovy:72)
	at com.kms.katalon.core.keyword.BuiltinKeywords.callTestCase(BuiltinKeywords.groovy:334)
	at TC_signup_01.run(TC_signup_01:26)
	at com.kms.katalon.core.main.ScriptEngine.run(ScriptEngine.java:194)
	at com.kms.katalon.core.main.ScriptEngine.runScriptAsRawText(ScriptEngine.java:119)
	at com.kms.katalon.core.main.TestCaseExecutor.runScript(TestCaseExecutor.java:337)
	at com.kms.katalon.core.main.TestCaseExecutor.doExecute(TestCaseExecutor.java:328)
	at com.kms.katalon.core.main.TestCaseExecutor.processExecutionPhase(TestCaseExecutor.java:307)
	at com.kms.katalon.core.main.TestCaseExecutor.accessMainPhase(TestCaseExecutor.java:299)
	at com.kms.katalon.core.main.TestCaseExecutor.execute(TestCaseExecutor.java:233)
	at com.kms.katalon.core.main.TestSuiteExecutor.accessTestCaseMainPhase(TestSuiteExecutor.java:169)
	at com.kms.katalon.core.main.TestSuiteExecutor.accessTestSuiteMainPhase(TestSuiteExecutor.java:142)
	at com.kms.katalon.core.main.TestSuiteExecutor.execute(TestSuiteExecutor.java:91)
	at com.kms.katalon.core.main.TestCaseMain.startTestSuite(TestCaseMain.java:157)
	at com.kms.katalon.core.main.TestCaseMain$startTestSuite$0.call(Unknown Source)
	at TempTestSuite1591373123859.run(TempTestSuite1591373123859.groovy:37)
Caused by: com.kms.katalon.core.exception.StepFailedException: Unable to verify object 'Object Repository/Page_Mattermost_Signup/input_email' is present
	at com.kms.katalon.core.webui.keyword.internal.WebUIKeywordMain.stepFailed(WebUIKeywordMain.groovy:64)
	at com.kms.katalon.core.webui.keyword.internal.WebUIKeywordMain.runKeyword(WebUIKeywordMain.groovy:26)
	at com.kms.katalon.core.webui.keyword.builtin.VerifyElementPresentKeyword.verifyElementPresent(VerifyElementPresentKeyword.groovy:92)
	at com.kms.katalon.core.webui.keyword.builtin.VerifyElementPresentKeyword.execute(VerifyElementPresentKeyword.groovy:68)
	at com.kms.katalon.core.keyword.internal.KeywordExecutor.executeKeywordForPlatform(KeywordExecutor.groovy:72)
	at com.kms.katalon.core.webui.keyword.WebUiBuiltInKeywords.verifyElementPresent(WebUiBuiltInKeywords.groovy:1460)
	at com.kms.katalon.core.webui.keyword.WebUiBuiltInKeywords$verifyElementPresent$0.call(Unknown Source)
	at signup_function.run(signup_function:19)
	at com.kms.katalon.core.main.ScriptEngine.run(ScriptEngine.java:194)
	at com.kms.katalon.core.main.ScriptEngine.runScriptAsRawText(ScriptEngine.java:119)
	at com.kms.katalon.core.main.TestCaseExecutor.runScript(TestCaseExecutor.java:337)
	at com.kms.katalon.core.main.TestCaseExecutor.doExecute(TestCaseExecutor.java:328)
	at com.kms.katalon.core.main.TestCaseExecutor.processExecutionPhase(TestCaseExecutor.java:307)
	at com.kms.katalon.core.main.TestCaseExecutor.accessMainPhase(TestCaseExecutor.java:299)
	at com.kms.katalon.core.main.TestCaseExecutor.execute(TestCaseExecutor.java:233)
	at com.kms.katalon.core.main.TestCaseMain.runTestCase(TestCaseMain.java:114)
	at com.kms.katalon.core.keyword.builtin.CallTestCaseKeyword$_callTestCase_closure1.doCall(CallTestCaseKeyword.groovy:59)
	... 20 more
Caused by: com.kms.katalon.core.exception.StepFailedException: com.kms.katalon.core.webui.exception.WebElementNotFoundException: Web element with id: 'Object Repository/Page_Mattermost_Signup/input_email' located by 'By.xpath: //input[@id='email']' not found
	at com.kms.katalon.core.webui.keyword.internal.WebUIKeywordMain.stepFailed(WebUIKeywordMain.groovy:64)
	at com.kms.katalon.core.webui.keyword.builtin.VerifyElementPresentKeyword$_verifyElementPresent_closure1.doCall(VerifyElementPresentKeyword.groovy:85)
	at com.kms.katalon.core.webui.keyword.builtin.VerifyElementPresentKeyword$_verifyElementPresent_closure1.call(VerifyElementPresentKeyword.groovy)
	at com.kms.katalon.core.webui.keyword.internal.WebUIKeywordMain.runKeyword(WebUIKeywordMain.groovy:20)
	... 35 more
)

2020-06-05 23:06:05 - [TEST_CASE][FAILED] - Test Cases/Signup/signup_function: Test Cases/Signup/signup_function FAILED.
Reason:
com.kms.katalon.core.exception.StepFailedException: Unable to verify object 'Object Repository/Page_Mattermost_Signup/input_email' is present
	at com.kms.katalon.core.webui.keyword.internal.WebUIKeywordMain.stepFailed(WebUIKeywordMain.groovy:64)
	at com.kms.katalon.core.webui.keyword.internal.WebUIKeywordMain.runKeyword(WebUIKeywordMain.groovy:26)
	at com.kms.katalon.core.webui.keyword.builtin.VerifyElementPresentKeyword.verifyElementPresent(VerifyElementPresentKeyword.groovy:92)
	at com.kms.katalon.core.webui.keyword.builtin.VerifyElementPresentKeyword.execute(VerifyElementPresentKeyword.groovy:68)
	at com.kms.katalon.core.keyword.internal.KeywordExecutor.executeKeywordForPlatform(KeywordExecutor.groovy:72)
	at com.kms.katalon.core.webui.keyword.WebUiBuiltInKeywords.verifyElementPresent(WebUiBuiltInKeywords.groovy:1460)
	at com.kms.katalon.core.webui.keyword.WebUiBuiltInKeywords$verifyElementPresent$0.call(Unknown Source)
	at signup_function.run(signup_function:19)
	at com.kms.katalon.core.main.ScriptEngine.run(ScriptEngine.java:194)
	at com.kms.katalon.core.main.ScriptEngine.runScriptAsRawText(ScriptEngine.java:119)
	at com.kms.katalon.core.main.TestCaseExecutor.runScript(TestCaseExecutor.java:337)
	at com.kms.katalon.core.main.TestCaseExecutor.doExecute(TestCaseExecutor.java:328)
	at com.kms.katalon.core.main.TestCaseExecutor.processExecutionPhase(TestCaseExecutor.java:307)
	at com.kms.katalon.core.main.TestCaseExecutor.accessMainPhase(TestCaseExecutor.java:299)
	at com.kms.katalon.core.main.TestCaseExecutor.execute(TestCaseExecutor.java:233)
	at com.kms.katalon.core.main.TestCaseMain.runTestCase(TestCaseMain.java:114)
	at com.kms.katalon.core.keyword.builtin.CallTestCaseKeyword$_callTestCase_closure1.doCall(CallTestCaseKeyword.groovy:59)
	at com.kms.katalon.core.keyword.builtin.CallTestCaseKeyword$_callTestCase_closure1.call(CallTestCaseKeyword.groovy)
	at com.kms.katalon.core.keyword.internal.KeywordMain.runKeyword(KeywordMain.groovy:68)
	at com.kms.katalon.core.keyword.builtin.CallTestCaseKeyword.callTestCase(CallTestCaseKeyword.groovy:81)
	at com.kms.katalon.core.keyword.builtin.CallTestCaseKeyword.execute(CallTestCaseKeyword.groovy:44)
	at com.kms.katalon.core.keyword.internal.KeywordExecutor.executeKeywordForPlatform(KeywordExecutor.groovy:72)
	at com.kms.katalon.core.keyword.BuiltinKeywords.callTestCase(BuiltinKeywords.groovy:334)
	at TC_signup_01.run(TC_signup_01:26)
	at com.kms.katalon.core.main.ScriptEngine.run(ScriptEngine.java:194)
	at com.kms.katalon.core.main.ScriptEngine.runScriptAsRawText(ScriptEngine.java:119)
	at com.kms.katalon.core.main.TestCaseExecutor.runScript(TestCaseExecutor.java:337)
	at com.kms.katalon.core.main.TestCaseExecutor.doExecute(TestCaseExecutor.java:328)
	at com.kms.katalon.core.main.TestCaseExecutor.processExecutionPhase(TestCaseExecutor.java:307)
	at com.kms.katalon.core.main.TestCaseExecutor.accessMainPhase(TestCaseExecutor.java:299)
	at com.kms.katalon.core.main.TestCaseExecutor.execute(TestCaseExecutor.java:233)
	at com.kms.katalon.core.main.TestSuiteExecutor.accessTestCaseMainPhase(TestSuiteExecutor.java:169)
	at com.kms.katalon.core.main.TestSuiteExecutor.accessTestSuiteMainPhase(TestSuiteExecutor.java:142)
	at com.kms.katalon.core.main.TestSuiteExecutor.execute(TestSuiteExecutor.java:91)
	at com.kms.katalon.core.main.TestCaseMain.startTestSuite(TestCaseMain.java:157)
	at com.kms.katalon.core.main.TestCaseMain$startTestSuite$0.call(Unknown Source)
	at TempTestSuite1591373123859.run(TempTestSuite1591373123859.groovy:37)
Caused by: com.kms.katalon.core.exception.StepFailedException: com.kms.katalon.core.webui.exception.WebElementNotFoundException: Web element with id: 'Object Repository/Page_Mattermost_Signup/input_email' located by 'By.xpath: //input[@id='email']' not found
	at com.kms.katalon.core.webui.keyword.internal.WebUIKeywordMain.stepFailed(WebUIKeywordMain.groovy:64)
	at com.kms.katalon.core.webui.keyword.builtin.VerifyElementPresentKeyword$_verifyElementPresent_closure1.doCall(VerifyElementPresentKeyword.groovy:85)
	at com.kms.katalon.core.webui.keyword.builtin.VerifyElementPresentKeyword$_verifyElementPresent_closure1.call(VerifyElementPresentKeyword.groovy)
	at com.kms.katalon.core.webui.keyword.internal.WebUIKeywordMain.runKeyword(WebUIKeywordMain.groovy:20)
	... 35 more


2020-06-05 23:06:05 - [TEST_STEP][FAILED] - verifyEqual(verifyElementPresent(findTestObject("Object Repository/Page_Mattermost_Signup/input_email"), 1), true): Unable to verify object 'Object Repository/Page_Mattermost_Signup/input_email' is present (Root cause: com.kms.katalon.core.exception.StepFailedException: Unable to verify object 'Object Repository/Page_Mattermost_Signup/input_email' is present
	at com.kms.katalon.core.webui.keyword.internal.WebUIKeywordMain.stepFailed(WebUIKeywordMain.groovy:64)
	at com.kms.katalon.core.webui.keyword.internal.WebUIKeywordMain.runKeyword(WebUIKeywordMain.groovy:26)
	at com.kms.katalon.core.webui.keyword.builtin.VerifyElementPresentKeyword.verifyElementPresent(VerifyElementPresentKeyword.groovy:92)
	at com.kms.katalon.core.webui.keyword.builtin.VerifyElementPresentKeyword.execute(VerifyElementPresentKeyword.groovy:68)
	at com.kms.katalon.core.keyword.internal.KeywordExecutor.executeKeywordForPlatform(KeywordExecutor.groovy:72)
	at com.kms.katalon.core.webui.keyword.WebUiBuiltInKeywords.verifyElementPresent(WebUiBuiltInKeywords.groovy:1460)
	at com.kms.katalon.core.webui.keyword.WebUiBuiltInKeywords$verifyElementPresent$0.call(Unknown Source)
	at signup_function.run(signup_function:19)
	at com.kms.katalon.core.main.ScriptEngine.run(ScriptEngine.java:194)
	at com.kms.katalon.core.main.ScriptEngine.runScriptAsRawText(ScriptEngine.java:119)
	at com.kms.katalon.core.main.TestCaseExecutor.runScript(TestCaseExecutor.java:337)
	at com.kms.katalon.core.main.TestCaseExecutor.doExecute(TestCaseExecutor.java:328)
	at com.kms.katalon.core.main.TestCaseExecutor.processExecutionPhase(TestCaseExecutor.java:307)
	at com.kms.katalon.core.main.TestCaseExecutor.accessMainPhase(TestCaseExecutor.java:299)
	at com.kms.katalon.core.main.TestCaseExecutor.execute(TestCaseExecutor.java:233)
	at com.kms.katalon.core.main.TestCaseMain.runTestCase(TestCaseMain.java:114)
	at com.kms.katalon.core.keyword.builtin.CallTestCaseKeyword$_callTestCase_closure1.doCall(CallTestCaseKeyword.groovy:59)
	at com.kms.katalon.core.keyword.builtin.CallTestCaseKeyword$_callTestCase_closure1.call(CallTestCaseKeyword.groovy)
	at com.kms.katalon.core.keyword.internal.KeywordMain.runKeyword(KeywordMain.groovy:68)
	at com.kms.katalon.core.keyword.builtin.CallTestCaseKeyword.callTestCase(CallTestCaseKeyword.groovy:81)
	at com.kms.katalon.core.keyword.builtin.CallTestCaseKeyword.execute(CallTestCaseKeyword.groovy:44)
	at com.kms.katalon.core.keyword.internal.KeywordExecutor.executeKeywordForPlatform(KeywordExecutor.groovy:72)
	at com.kms.katalon.core.keyword.BuiltinKeywords.callTestCase(BuiltinKeywords.groovy:334)
	at TC_signup_01.run(TC_signup_01:26)
	at com.kms.katalon.core.main.ScriptEngine.run(ScriptEngine.java:194)
	at com.kms.katalon.core.main.ScriptEngine.runScriptAsRawText(ScriptEngine.java:119)
	at com.kms.katalon.core.main.TestCaseExecutor.runScript(TestCaseExecutor.java:337)
	at com.kms.katalon.core.main.TestCaseExecutor.doExecute(TestCaseExecutor.java:328)
	at com.kms.katalon.core.main.TestCaseExecutor.processExecutionPhase(TestCaseExecutor.java:307)
	at com.kms.katalon.core.main.TestCaseExecutor.accessMainPhase(TestCaseExecutor.java:299)
	at com.kms.katalon.core.main.TestCaseExecutor.execute(TestCaseExecutor.java:233)
	at com.kms.katalon.core.main.TestSuiteExecutor.accessTestCaseMainPhase(TestSuiteExecutor.java:169)
	at com.kms.katalon.core.main.TestSuiteExecutor.accessTestSuiteMainPhase(TestSuiteExecutor.java:142)
	at com.kms.katalon.core.main.TestSuiteExecutor.execute(TestSuiteExecutor.java:91)
	at com.kms.katalon.core.main.TestCaseMain.startTestSuite(TestCaseMain.java:157)
	at com.kms.katalon.core.main.TestCaseMain$startTestSuite$0.call(Unknown Source)
	at TempTestSuite1591373123859.run(TempTestSuite1591373123859.groovy:37)
Caused by: com.kms.katalon.core.exception.StepFailedException: com.kms.katalon.core.webui.exception.WebElementNotFoundException: Web element with id: 'Object Repository/Page_Mattermost_Signup/input_email' located by 'By.xpath: //input[@id='email']' not found
	at com.kms.katalon.core.webui.keyword.internal.WebUIKeywordMain.stepFailed(WebUIKeywordMain.groovy:64)
	at com.kms.katalon.core.webui.keyword.builtin.VerifyElementPresentKeyword$_verifyElementPresent_closure1.doCall(VerifyElementPresentKeyword.groovy:85)
	at com.kms.katalon.core.webui.keyword.builtin.VerifyElementPresentKeyword$_verifyElementPresent_closure1.call(VerifyElementPresentKeyword.groovy)
	at com.kms.katalon.core.webui.keyword.internal.WebUIKeywordMain.runKeyword(WebUIKeywordMain.groovy:20)
	... 35 more
)

2020-06-05 23:06:07 - [MESSAGE][INFO] - Unable to find the element located by 'By.xpath: //input[@id='email']'. Please recheck the objects properties to make sure the desired element is located. 

2020-06-05 23:06:07 - [MESSAGE][FAILED] - com.kms.katalon.core.webui.exception.WebElementNotFoundException: Web element with id: 'Object Repository/Page_Mattermost_Signup/input_email' located by 'By.xpath: //input[@id='email']' not found (Root cause: com.kms.katalon.core.exception.StepFailedException: com.kms.katalon.core.webui.exception.WebElementNotFoundException: Web element with id: 'Object Repository/Page_Mattermost_Signup/input_email' located by 'By.xpath: //input[@id='email']' not found
	at com.kms.katalon.core.webui.keyword.internal.WebUIKeywordMain.stepFailed(WebUIKeywordMain.groovy:64)
	at com.kms.katalon.core.webui.keyword.builtin.VerifyElementPresentKeyword$_verifyElementPresent_closure1.doCall(VerifyElementPresentKeyword.groovy:85)
	at com.kms.katalon.core.webui.keyword.builtin.VerifyElementPresentKeyword$_verifyElementPresent_closure1.call(VerifyElementPresentKeyword.groovy)
	at com.kms.katalon.core.webui.keyword.internal.WebUIKeywordMain.runKeyword(WebUIKeywordMain.groovy:20)
	at com.kms.katalon.core.webui.keyword.builtin.VerifyElementPresentKeyword.verifyElementPresent(VerifyElementPresentKeyword.groovy:92)
	at com.kms.katalon.core.webui.keyword.builtin.VerifyElementPresentKeyword.execute(VerifyElementPresentKeyword.groovy:68)
	at com.kms.katalon.core.keyword.internal.KeywordExecutor.executeKeywordForPlatform(KeywordExecutor.groovy:72)
	at com.kms.katalon.core.webui.keyword.WebUiBuiltInKeywords.verifyElementPresent(WebUiBuiltInKeywords.groovy:1460)
	at com.kms.katalon.core.webui.keyword.WebUiBuiltInKeywords$verifyElementPresent$0.call(Unknown Source)
	at signup_function.run(signup_function:19)
	at com.kms.katalon.core.main.ScriptEngine.run(ScriptEngine.java:194)
	at com.kms.katalon.core.main.ScriptEngine.runScriptAsRawText(ScriptEngine.java:119)
	at com.kms.katalon.core.main.TestCaseExecutor.runScript(TestCaseExecutor.java:337)
	at com.kms.katalon.core.main.TestCaseExecutor.doExecute(TestCaseExecutor.java:328)
	at com.kms.katalon.core.main.TestCaseExecutor.processExecutionPhase(TestCaseExecutor.java:307)
	at com.kms.katalon.core.main.TestCaseExecutor.accessMainPhase(TestCaseExecutor.java:299)
	at com.kms.katalon.core.main.TestCaseExecutor.execute(TestCaseExecutor.java:233)
	at com.kms.katalon.core.main.TestCaseMain.runTestCase(TestCaseMain.java:114)
	at com.kms.katalon.core.keyword.builtin.CallTestCaseKeyword$_callTestCase_closure1.doCall(CallTestCaseKeyword.groovy:59)
	at com.kms.katalon.core.keyword.builtin.CallTestCaseKeyword$_callTestCase_closure1.call(CallTestCaseKeyword.groovy)
	at com.kms.katalon.core.keyword.internal.KeywordMain.runKeyword(KeywordMain.groovy:68)
	at com.kms.katalon.core.keyword.builtin.CallTestCaseKeyword.callTestCase(CallTestCaseKeyword.groovy:81)
	at com.kms.katalon.core.keyword.builtin.CallTestCaseKeyword.execute(CallTestCaseKeyword.groovy:44)
	at com.kms.katalon.core.keyword.internal.KeywordExecutor.executeKeywordForPlatform(KeywordExecutor.groovy:72)
	at com.kms.katalon.core.keyword.BuiltinKeywords.callTestCase(BuiltinKeywords.groovy:334)
	at TC_signup_01.run(TC_signup_01:26)
	at com.kms.katalon.core.main.ScriptEngine.run(ScriptEngine.java:194)
	at com.kms.katalon.core.main.ScriptEngine.runScriptAsRawText(ScriptEngine.java:119)
	at com.kms.katalon.core.main.TestCaseExecutor.runScript(TestCaseExecutor.java:337)
	at com.kms.katalon.core.main.TestCaseExecutor.doExecute(TestCaseExecutor.java:328)
	at com.kms.katalon.core.main.TestCaseExecutor.processExecutionPhase(TestCaseExecutor.java:307)
	at com.kms.katalon.core.main.TestCaseExecutor.accessMainPhase(TestCaseExecutor.java:299)
	at com.kms.katalon.core.main.TestCaseExecutor.execute(TestCaseExecutor.java:233)
	at com.kms.katalon.core.main.TestSuiteExecutor.accessTestCaseMainPhase(TestSuiteExecutor.java:169)
	at com.kms.katalon.core.main.TestSuiteExecutor.accessTestSuiteMainPhase(TestSuiteExecutor.java:142)
	at com.kms.katalon.core.main.TestSuiteExecutor.execute(TestSuiteExecutor.java:91)
	at com.kms.katalon.core.main.TestCaseMain.startTestSuite(TestCaseMain.java:157)
	at com.kms.katalon.core.main.TestCaseMain$startTestSuite$0.call(Unknown Source)
	at TempTestSuite1591373123859.run(TempTestSuite1591373123859.groovy:37)
)
[[ATTACHMENT|D:\\katalon\\hw2-katalon-testing\\Reports\\20200605_230523\\Run_All_Test_Cases\\20200605_230523\\1591373167666.png]]

2020-06-05 23:06:07 - [MESSAGE][FAILED] - Unable to verify object 'Object Repository/Page_Mattermost_Signup/input_email' is present (Root cause: com.kms.katalon.core.exception.StepFailedException: Unable to verify object 'Object Repository/Page_Mattermost_Signup/input_email' is present
	at com.kms.katalon.core.webui.keyword.internal.WebUIKeywordMain.stepFailed(WebUIKeywordMain.groovy:64)
	at com.kms.katalon.core.webui.keyword.internal.WebUIKeywordMain.runKeyword(WebUIKeywordMain.groovy:26)
	at com.kms.katalon.core.webui.keyword.builtin.VerifyElementPresentKeyword.verifyElementPresent(VerifyElementPresentKeyword.groovy:92)
	at com.kms.katalon.core.webui.keyword.builtin.VerifyElementPresentKeyword.execute(VerifyElementPresentKeyword.groovy:68)
	at com.kms.katalon.core.keyword.internal.KeywordExecutor.executeKeywordForPlatform(KeywordExecutor.groovy:72)
	at com.kms.katalon.core.webui.keyword.WebUiBuiltInKeywords.verifyElementPresent(WebUiBuiltInKeywords.groovy:1460)
	at com.kms.katalon.core.webui.keyword.WebUiBuiltInKeywords$verifyElementPresent$0.call(Unknown Source)
	at signup_function.run(signup_function:19)
	at com.kms.katalon.core.main.ScriptEngine.run(ScriptEngine.java:194)
	at com.kms.katalon.core.main.ScriptEngine.runScriptAsRawText(ScriptEngine.java:119)
	at com.kms.katalon.core.main.TestCaseExecutor.runScript(TestCaseExecutor.java:337)
	at com.kms.katalon.core.main.TestCaseExecutor.doExecute(TestCaseExecutor.java:328)
	at com.kms.katalon.core.main.TestCaseExecutor.processExecutionPhase(TestCaseExecutor.java:307)
	at com.kms.katalon.core.main.TestCaseExecutor.accessMainPhase(TestCaseExecutor.java:299)
	at com.kms.katalon.core.main.TestCaseExecutor.execute(TestCaseExecutor.java:233)
	at com.kms.katalon.core.main.TestCaseMain.runTestCase(TestCaseMain.java:114)
	at com.kms.katalon.core.keyword.builtin.CallTestCaseKeyword$_callTestCase_closure1.doCall(CallTestCaseKeyword.groovy:59)
	at com.kms.katalon.core.keyword.builtin.CallTestCaseKeyword$_callTestCase_closure1.call(CallTestCaseKeyword.groovy)
	at com.kms.katalon.core.keyword.internal.KeywordMain.runKeyword(KeywordMain.groovy:68)
	at com.kms.katalon.core.keyword.builtin.CallTestCaseKeyword.callTestCase(CallTestCaseKeyword.groovy:81)
	at com.kms.katalon.core.keyword.builtin.CallTestCaseKeyword.execute(CallTestCaseKeyword.groovy:44)
	at com.kms.katalon.core.keyword.internal.KeywordExecutor.executeKeywordForPlatform(KeywordExecutor.groovy:72)
	at com.kms.katalon.core.keyword.BuiltinKeywords.callTestCase(BuiltinKeywords.groovy:334)
	at TC_signup_01.run(TC_signup_01:26)
	at com.kms.katalon.core.main.ScriptEngine.run(ScriptEngine.java:194)
	at com.kms.katalon.core.main.ScriptEngine.runScriptAsRawText(ScriptEngine.java:119)
	at com.kms.katalon.core.main.TestCaseExecutor.runScript(TestCaseExecutor.java:337)
	at com.kms.katalon.core.main.TestCaseExecutor.doExecute(TestCaseExecutor.java:328)
	at com.kms.katalon.core.main.TestCaseExecutor.processExecutionPhase(TestCaseExecutor.java:307)
	at com.kms.katalon.core.main.TestCaseExecutor.accessMainPhase(TestCaseExecutor.java:299)
	at com.kms.katalon.core.main.TestCaseExecutor.execute(TestCaseExecutor.java:233)
	at com.kms.katalon.core.main.TestSuiteExecutor.accessTestCaseMainPhase(TestSuiteExecutor.java:169)
	at com.kms.katalon.core.main.TestSuiteExecutor.accessTestSuiteMainPhase(TestSuiteExecutor.java:142)
	at com.kms.katalon.core.main.TestSuiteExecutor.execute(TestSuiteExecutor.java:91)
	at com.kms.katalon.core.main.TestCaseMain.startTestSuite(TestCaseMain.java:157)
	at com.kms.katalon.core.main.TestCaseMain$startTestSuite$0.call(Unknown Source)
	at TempTestSuite1591373123859.run(TempTestSuite1591373123859.groovy:37)
Caused by: com.kms.katalon.core.exception.StepFailedException: com.kms.katalon.core.webui.exception.WebElementNotFoundException: Web element with id: 'Object Repository/Page_Mattermost_Signup/input_email' located by 'By.xpath: //input[@id='email']' not found
	at com.kms.katalon.core.webui.keyword.internal.WebUIKeywordMain.stepFailed(WebUIKeywordMain.groovy:64)
	at com.kms.katalon.core.webui.keyword.builtin.VerifyElementPresentKeyword$_verifyElementPresent_closure1.doCall(VerifyElementPresentKeyword.groovy:85)
	at com.kms.katalon.core.webui.keyword.builtin.VerifyElementPresentKeyword$_verifyElementPresent_closure1.call(VerifyElementPresentKeyword.groovy)
	at com.kms.katalon.core.webui.keyword.internal.WebUIKeywordMain.runKeyword(WebUIKeywordMain.groovy:20)
	... 35 more
)
[[ATTACHMENT|D:\\katalon\\hw2-katalon-testing\\Reports\\20200605_230523\\Run_All_Test_Cases\\20200605_230523\\1591373167740.png]]

2020-06-05 23:06:07 - [MESSAGE][FAILED] - Unable to call Test Case 'Test Cases/Signup/signup_function' (Root cause: com.kms.katalon.core.exception.StepFailedException: Call Test Case 'Test Cases/Signup/signup_function' failed
	at com.kms.katalon.core.keyword.builtin.CallTestCaseKeyword$_callTestCase_closure1.doCall(CallTestCaseKeyword.groovy:63)
	at com.kms.katalon.core.keyword.builtin.CallTestCaseKeyword$_callTestCase_closure1.call(CallTestCaseKeyword.groovy)
	at com.kms.katalon.core.keyword.internal.KeywordMain.runKeyword(KeywordMain.groovy:68)
	at com.kms.katalon.core.keyword.builtin.CallTestCaseKeyword.callTestCase(CallTestCaseKeyword.groovy:81)
	at com.kms.katalon.core.keyword.builtin.CallTestCaseKeyword.execute(CallTestCaseKeyword.groovy:44)
	at com.kms.katalon.core.keyword.internal.KeywordExecutor.executeKeywordForPlatform(KeywordExecutor.groovy:72)
	at com.kms.katalon.core.keyword.BuiltinKeywords.callTestCase(BuiltinKeywords.groovy:334)
	at TC_signup_01.run(TC_signup_01:26)
	at com.kms.katalon.core.main.ScriptEngine.run(ScriptEngine.java:194)
	at com.kms.katalon.core.main.ScriptEngine.runScriptAsRawText(ScriptEngine.java:119)
	at com.kms.katalon.core.main.TestCaseExecutor.runScript(TestCaseExecutor.java:337)
	at com.kms.katalon.core.main.TestCaseExecutor.doExecute(TestCaseExecutor.java:328)
	at com.kms.katalon.core.main.TestCaseExecutor.processExecutionPhase(TestCaseExecutor.java:307)
	at com.kms.katalon.core.main.TestCaseExecutor.accessMainPhase(TestCaseExecutor.java:299)
	at com.kms.katalon.core.main.TestCaseExecutor.execute(TestCaseExecutor.java:233)
	at com.kms.katalon.core.main.TestSuiteExecutor.accessTestCaseMainPhase(TestSuiteExecutor.java:169)
	at com.kms.katalon.core.main.TestSuiteExecutor.accessTestSuiteMainPhase(TestSuiteExecutor.java:142)
	at com.kms.katalon.core.main.TestSuiteExecutor.execute(TestSuiteExecutor.java:91)
	at com.kms.katalon.core.main.TestCaseMain.startTestSuite(TestCaseMain.java:157)
	at com.kms.katalon.core.main.TestCaseMain$startTestSuite$0.call(Unknown Source)
	at TempTestSuite1591373123859.run(TempTestSuite1591373123859.groovy:37)
Caused by: com.kms.katalon.core.exception.StepFailedException: Unable to verify object 'Object Repository/Page_Mattermost_Signup/input_email' is present
	at com.kms.katalon.core.webui.keyword.internal.WebUIKeywordMain.stepFailed(WebUIKeywordMain.groovy:64)
	at com.kms.katalon.core.webui.keyword.internal.WebUIKeywordMain.runKeyword(WebUIKeywordMain.groovy:26)
	at com.kms.katalon.core.webui.keyword.builtin.VerifyElementPresentKeyword.verifyElementPresent(VerifyElementPresentKeyword.groovy:92)
	at com.kms.katalon.core.webui.keyword.builtin.VerifyElementPresentKeyword.execute(VerifyElementPresentKeyword.groovy:68)
	at com.kms.katalon.core.keyword.internal.KeywordExecutor.executeKeywordForPlatform(KeywordExecutor.groovy:72)
	at com.kms.katalon.core.webui.keyword.WebUiBuiltInKeywords.verifyElementPresent(WebUiBuiltInKeywords.groovy:1460)
	at com.kms.katalon.core.webui.keyword.WebUiBuiltInKeywords$verifyElementPresent$0.call(Unknown Source)
	at signup_function.run(signup_function:19)
	at com.kms.katalon.core.main.ScriptEngine.run(ScriptEngine.java:194)
	at com.kms.katalon.core.main.ScriptEngine.runScriptAsRawText(ScriptEngine.java:119)
	at com.kms.katalon.core.main.TestCaseExecutor.runScript(TestCaseExecutor.java:337)
	at com.kms.katalon.core.main.TestCaseExecutor.doExecute(TestCaseExecutor.java:328)
	at com.kms.katalon.core.main.TestCaseExecutor.processExecutionPhase(TestCaseExecutor.java:307)
	at com.kms.katalon.core.main.TestCaseExecutor.accessMainPhase(TestCaseExecutor.java:299)
	at com.kms.katalon.core.main.TestCaseExecutor.execute(TestCaseExecutor.java:233)
	at com.kms.katalon.core.main.TestCaseMain.runTestCase(TestCaseMain.java:114)
	at com.kms.katalon.core.keyword.builtin.CallTestCaseKeyword$_callTestCase_closure1.doCall(CallTestCaseKeyword.groovy:59)
	... 20 more
Caused by: com.kms.katalon.core.exception.StepFailedException: com.kms.katalon.core.webui.exception.WebElementNotFoundException: Web element with id: 'Object Repository/Page_Mattermost_Signup/input_email' located by 'By.xpath: //input[@id='email']' not found
	at com.kms.katalon.core.webui.keyword.internal.WebUIKeywordMain.stepFailed(WebUIKeywordMain.groovy:64)
	at com.kms.katalon.core.webui.keyword.builtin.VerifyElementPresentKeyword$_verifyElementPresent_closure1.doCall(VerifyElementPresentKeyword.groovy:85)
	at com.kms.katalon.core.webui.keyword.builtin.VerifyElementPresentKeyword$_verifyElementPresent_closure1.call(VerifyElementPresentKeyword.groovy)
	at com.kms.katalon.core.webui.keyword.internal.WebUIKeywordMain.runKeyword(WebUIKeywordMain.groovy:20)
	... 35 more
)

2020-06-05 23:06:07 - [TEST_STEP][PASSED] - Start tear down : Teardown: Method 'Teardown' complete successfully

2020-06-05 23:06:07 - [TEST_STEP][PASSED] - closeBrowser(): Browser is closed

2020-06-05 23:06:08 - [MESSAGE][PASSED] - Browser is closed

2020-06-05 23:06:08 - [MESSAGE][PASSED] - Method 'Teardown' complete successfully]]></system-out>
         <system-err><![CDATA[2020-06-05 23:06:00 - [TEST_CASE][FAILED] - Test Cases/Signup/TC_signup_01: Test Cases/Signup/TC_signup_01 FAILED.
Reason:
com.kms.katalon.core.exception.StepFailedException: Call Test Case 'Test Cases/Signup/signup_function' failed
	at com.kms.katalon.core.keyword.builtin.CallTestCaseKeyword$_callTestCase_closure1.doCall(CallTestCaseKeyword.groovy:63)
	at com.kms.katalon.core.keyword.builtin.CallTestCaseKeyword$_callTestCase_closure1.call(CallTestCaseKeyword.groovy)
	at com.kms.katalon.core.keyword.internal.KeywordMain.runKeyword(KeywordMain.groovy:68)
	at com.kms.katalon.core.keyword.builtin.CallTestCaseKeyword.callTestCase(CallTestCaseKeyword.groovy:81)
	at com.kms.katalon.core.keyword.builtin.CallTestCaseKeyword.execute(CallTestCaseKeyword.groovy:44)
	at com.kms.katalon.core.keyword.internal.KeywordExecutor.executeKeywordForPlatform(KeywordExecutor.groovy:72)
	at com.kms.katalon.core.keyword.BuiltinKeywords.callTestCase(BuiltinKeywords.groovy:334)
	at TC_signup_01.run(TC_signup_01:26)
	at com.kms.katalon.core.main.ScriptEngine.run(ScriptEngine.java:194)
	at com.kms.katalon.core.main.ScriptEngine.runScriptAsRawText(ScriptEngine.java:119)
	at com.kms.katalon.core.main.TestCaseExecutor.runScript(TestCaseExecutor.java:337)
	at com.kms.katalon.core.main.TestCaseExecutor.doExecute(TestCaseExecutor.java:328)
	at com.kms.katalon.core.main.TestCaseExecutor.processExecutionPhase(TestCaseExecutor.java:307)
	at com.kms.katalon.core.main.TestCaseExecutor.accessMainPhase(TestCaseExecutor.java:299)
	at com.kms.katalon.core.main.TestCaseExecutor.execute(TestCaseExecutor.java:233)
	at com.kms.katalon.core.main.TestSuiteExecutor.accessTestCaseMainPhase(TestSuiteExecutor.java:169)
	at com.kms.katalon.core.main.TestSuiteExecutor.accessTestSuiteMainPhase(TestSuiteExecutor.java:142)
	at com.kms.katalon.core.main.TestSuiteExecutor.execute(TestSuiteExecutor.java:91)
	at com.kms.katalon.core.main.TestCaseMain.startTestSuite(TestCaseMain.java:157)
	at com.kms.katalon.core.main.TestCaseMain$startTestSuite$0.call(Unknown Source)
	at TempTestSuite1591373123859.run(TempTestSuite1591373123859.groovy:37)
Caused by: com.kms.katalon.core.exception.StepFailedException: Unable to verify object 'Object Repository/Page_Mattermost_Signup/input_email' is present
	at com.kms.katalon.core.webui.keyword.internal.WebUIKeywordMain.stepFailed(WebUIKeywordMain.groovy:64)
	at com.kms.katalon.core.webui.keyword.internal.WebUIKeywordMain.runKeyword(WebUIKeywordMain.groovy:26)
	at com.kms.katalon.core.webui.keyword.builtin.VerifyElementPresentKeyword.verifyElementPresent(VerifyElementPresentKeyword.groovy:92)
	at com.kms.katalon.core.webui.keyword.builtin.VerifyElementPresentKeyword.execute(VerifyElementPresentKeyword.groovy:68)
	at com.kms.katalon.core.keyword.internal.KeywordExecutor.executeKeywordForPlatform(KeywordExecutor.groovy:72)
	at com.kms.katalon.core.webui.keyword.WebUiBuiltInKeywords.verifyElementPresent(WebUiBuiltInKeywords.groovy:1460)
	at com.kms.katalon.core.webui.keyword.WebUiBuiltInKeywords$verifyElementPresent$0.call(Unknown Source)
	at signup_function.run(signup_function:19)
	at com.kms.katalon.core.main.ScriptEngine.run(ScriptEngine.java:194)
	at com.kms.katalon.core.main.ScriptEngine.runScriptAsRawText(ScriptEngine.java:119)
	at com.kms.katalon.core.main.TestCaseExecutor.runScript(TestCaseExecutor.java:337)
	at com.kms.katalon.core.main.TestCaseExecutor.doExecute(TestCaseExecutor.java:328)
	at com.kms.katalon.core.main.TestCaseExecutor.processExecutionPhase(TestCaseExecutor.java:307)
	at com.kms.katalon.core.main.TestCaseExecutor.accessMainPhase(TestCaseExecutor.java:299)
	at com.kms.katalon.core.main.TestCaseExecutor.execute(TestCaseExecutor.java:233)
	at com.kms.katalon.core.main.TestCaseMain.runTestCase(TestCaseMain.java:114)
	at com.kms.katalon.core.keyword.builtin.CallTestCaseKeyword$_callTestCase_closure1.doCall(CallTestCaseKeyword.groovy:59)
	... 20 more
Caused by: com.kms.katalon.core.exception.StepFailedException: com.kms.katalon.core.webui.exception.WebElementNotFoundException: Web element with id: 'Object Repository/Page_Mattermost_Signup/input_email' located by 'By.xpath: //input[@id='email']' not found
	at com.kms.katalon.core.webui.keyword.internal.WebUIKeywordMain.stepFailed(WebUIKeywordMain.groovy:64)
	at com.kms.katalon.core.webui.keyword.builtin.VerifyElementPresentKeyword$_verifyElementPresent_closure1.doCall(VerifyElementPresentKeyword.groovy:85)
	at com.kms.katalon.core.webui.keyword.builtin.VerifyElementPresentKeyword$_verifyElementPresent_closure1.call(VerifyElementPresentKeyword.groovy)
	at com.kms.katalon.core.webui.keyword.internal.WebUIKeywordMain.runKeyword(WebUIKeywordMain.groovy:20)
	... 35 more]]></system-err>
      </testcase>
      <testcase name="Test Cases/Signup/TC_signup_02" time="7.369" classname="Test Cases/Signup/TC_signup_02" status="FAILED">
         <failure type="FAILED" message="Test Cases/Signup/TC_signup_02 FAILED.
Reason:
com.kms.katalon.core.exception.StepFailedException: Call Test Case 'Test Cases/Signup/signup_function' failed
	at com.kms.katalon.core.keyword.builtin.CallTestCaseKeyword$_callTestCase_closure1.doCall(CallTestCaseKeyword.groovy:63)
	at com.kms.katalon.core.keyword.builtin.CallTestCaseKeyword$_callTestCase_closure1.call(CallTestCaseKeyword.groovy)
	at com.kms.katalon.core.keyword.internal.KeywordMain.runKeyword(KeywordMain.groovy:68)
	at com.kms.katalon.core.keyword.builtin.CallTestCaseKeyword.callTestCase(CallTestCaseKeyword.groovy:81)
	at com.kms.katalon.core.keyword.builtin.CallTestCaseKeyword.execute(CallTestCaseKeyword.groovy:44)
	at com.kms.katalon.core.keyword.internal.KeywordExecutor.executeKeywordForPlatform(KeywordExecutor.groovy:72)
	at com.kms.katalon.core.keyword.BuiltinKeywords.callTestCase(BuiltinKeywords.groovy:334)
	at TC_signup_02.run(TC_signup_02:26)
	at com.kms.katalon.core.main.ScriptEngine.run(ScriptEngine.java:194)
	at com.kms.katalon.core.main.ScriptEngine.runScriptAsRawText(ScriptEngine.java:119)
	at com.kms.katalon.core.main.TestCaseExecutor.runScript(TestCaseExecutor.java:337)
	at com.kms.katalon.core.main.TestCaseExecutor.doExecute(TestCaseExecutor.java:328)
	at com.kms.katalon.core.main.TestCaseExecutor.processExecutionPhase(TestCaseExecutor.java:307)
	at com.kms.katalon.core.main.TestCaseExecutor.accessMainPhase(TestCaseExecutor.java:299)
	at com.kms.katalon.core.main.TestCaseExecutor.execute(TestCaseExecutor.java:233)
	at com.kms.katalon.core.main.TestSuiteExecutor.accessTestCaseMainPhase(TestSuiteExecutor.java:169)
	at com.kms.katalon.core.main.TestSuiteExecutor.accessTestSuiteMainPhase(TestSuiteExecutor.java:142)
	at com.kms.katalon.core.main.TestSuiteExecutor.execute(TestSuiteExecutor.java:91)
	at com.kms.katalon.core.main.TestCaseMain.startTestSuite(TestCaseMain.java:157)
	at com.kms.katalon.core.main.TestCaseMain$startTestSuite$0.call(Unknown Source)
	at TempTestSuite1591373123859.run(TempTestSuite1591373123859.groovy:37)
Caused by: com.kms.katalon.core.exception.StepFailedException: Unable to verify object 'Object Repository/Page_Mattermost_Signup/input_email' is present
	at com.kms.katalon.core.webui.keyword.internal.WebUIKeywordMain.stepFailed(WebUIKeywordMain.groovy:64)
	at com.kms.katalon.core.webui.keyword.internal.WebUIKeywordMain.runKeyword(WebUIKeywordMain.groovy:26)
	at com.kms.katalon.core.webui.keyword.builtin.VerifyElementPresentKeyword.verifyElementPresent(VerifyElementPresentKeyword.groovy:92)
	at com.kms.katalon.core.webui.keyword.builtin.VerifyElementPresentKeyword.execute(VerifyElementPresentKeyword.groovy:68)
	at com.kms.katalon.core.keyword.internal.KeywordExecutor.executeKeywordForPlatform(KeywordExecutor.groovy:72)
	at com.kms.katalon.core.webui.keyword.WebUiBuiltInKeywords.verifyElementPresent(WebUiBuiltInKeywords.groovy:1460)
	at com.kms.katalon.core.webui.keyword.WebUiBuiltInKeywords$verifyElementPresent$0.call(Unknown Source)
	at signup_function.run(signup_function:19)
	at com.kms.katalon.core.main.ScriptEngine.run(ScriptEngine.java:194)
	at com.kms.katalon.core.main.ScriptEngine.runScriptAsRawText(ScriptEngine.java:119)
	at com.kms.katalon.core.main.TestCaseExecutor.runScript(TestCaseExecutor.java:337)
	at com.kms.katalon.core.main.TestCaseExecutor.doExecute(TestCaseExecutor.java:328)
	at com.kms.katalon.core.main.TestCaseExecutor.processExecutionPhase(TestCaseExecutor.java:307)
	at com.kms.katalon.core.main.TestCaseExecutor.accessMainPhase(TestCaseExecutor.java:299)
	at com.kms.katalon.core.main.TestCaseExecutor.execute(TestCaseExecutor.java:233)
	at com.kms.katalon.core.main.TestCaseMain.runTestCase(TestCaseMain.java:114)
	at com.kms.katalon.core.keyword.builtin.CallTestCaseKeyword$_callTestCase_closure1.doCall(CallTestCaseKeyword.groovy:59)
	... 20 more
Caused by: com.kms.katalon.core.exception.StepFailedException: com.kms.katalon.core.webui.exception.WebElementNotFoundException: Web element with id: 'Object Repository/Page_Mattermost_Signup/input_email' located by 'By.xpath: //input[@id='email']' not found
	at com.kms.katalon.core.webui.keyword.internal.WebUIKeywordMain.stepFailed(WebUIKeywordMain.groovy:64)
	at com.kms.katalon.core.webui.keyword.builtin.VerifyElementPresentKeyword$_verifyElementPresent_closure1.doCall(VerifyElementPresentKeyword.groovy:85)
	at com.kms.katalon.core.webui.keyword.builtin.VerifyElementPresentKeyword$_verifyElementPresent_closure1.call(VerifyElementPresentKeyword.groovy)
	at com.kms.katalon.core.webui.keyword.internal.WebUIKeywordMain.runKeyword(WebUIKeywordMain.groovy:20)
	... 35 more
"/>
         <system-out><![CDATA[2020-06-05 23:06:08 - [TEST_CASE][FAILED] - Test Cases/Signup/TC_signup_02: Test Cases/Signup/TC_signup_02 FAILED.
Reason:
com.kms.katalon.core.exception.StepFailedException: Call Test Case 'Test Cases/Signup/signup_function' failed
	at com.kms.katalon.core.keyword.builtin.CallTestCaseKeyword$_callTestCase_closure1.doCall(CallTestCaseKeyword.groovy:63)
	at com.kms.katalon.core.keyword.builtin.CallTestCaseKeyword$_callTestCase_closure1.call(CallTestCaseKeyword.groovy)
	at com.kms.katalon.core.keyword.internal.KeywordMain.runKeyword(KeywordMain.groovy:68)
	at com.kms.katalon.core.keyword.builtin.CallTestCaseKeyword.callTestCase(CallTestCaseKeyword.groovy:81)
	at com.kms.katalon.core.keyword.builtin.CallTestCaseKeyword.execute(CallTestCaseKeyword.groovy:44)
	at com.kms.katalon.core.keyword.internal.KeywordExecutor.executeKeywordForPlatform(KeywordExecutor.groovy:72)
	at com.kms.katalon.core.keyword.BuiltinKeywords.callTestCase(BuiltinKeywords.groovy:334)
	at TC_signup_02.run(TC_signup_02:26)
	at com.kms.katalon.core.main.ScriptEngine.run(ScriptEngine.java:194)
	at com.kms.katalon.core.main.ScriptEngine.runScriptAsRawText(ScriptEngine.java:119)
	at com.kms.katalon.core.main.TestCaseExecutor.runScript(TestCaseExecutor.java:337)
	at com.kms.katalon.core.main.TestCaseExecutor.doExecute(TestCaseExecutor.java:328)
	at com.kms.katalon.core.main.TestCaseExecutor.processExecutionPhase(TestCaseExecutor.java:307)
	at com.kms.katalon.core.main.TestCaseExecutor.accessMainPhase(TestCaseExecutor.java:299)
	at com.kms.katalon.core.main.TestCaseExecutor.execute(TestCaseExecutor.java:233)
	at com.kms.katalon.core.main.TestSuiteExecutor.accessTestCaseMainPhase(TestSuiteExecutor.java:169)
	at com.kms.katalon.core.main.TestSuiteExecutor.accessTestSuiteMainPhase(TestSuiteExecutor.java:142)
	at com.kms.katalon.core.main.TestSuiteExecutor.execute(TestSuiteExecutor.java:91)
	at com.kms.katalon.core.main.TestCaseMain.startTestSuite(TestCaseMain.java:157)
	at com.kms.katalon.core.main.TestCaseMain$startTestSuite$0.call(Unknown Source)
	at TempTestSuite1591373123859.run(TempTestSuite1591373123859.groovy:37)
Caused by: com.kms.katalon.core.exception.StepFailedException: Unable to verify object 'Object Repository/Page_Mattermost_Signup/input_email' is present
	at com.kms.katalon.core.webui.keyword.internal.WebUIKeywordMain.stepFailed(WebUIKeywordMain.groovy:64)
	at com.kms.katalon.core.webui.keyword.internal.WebUIKeywordMain.runKeyword(WebUIKeywordMain.groovy:26)
	at com.kms.katalon.core.webui.keyword.builtin.VerifyElementPresentKeyword.verifyElementPresent(VerifyElementPresentKeyword.groovy:92)
	at com.kms.katalon.core.webui.keyword.builtin.VerifyElementPresentKeyword.execute(VerifyElementPresentKeyword.groovy:68)
	at com.kms.katalon.core.keyword.internal.KeywordExecutor.executeKeywordForPlatform(KeywordExecutor.groovy:72)
	at com.kms.katalon.core.webui.keyword.WebUiBuiltInKeywords.verifyElementPresent(WebUiBuiltInKeywords.groovy:1460)
	at com.kms.katalon.core.webui.keyword.WebUiBuiltInKeywords$verifyElementPresent$0.call(Unknown Source)
	at signup_function.run(signup_function:19)
	at com.kms.katalon.core.main.ScriptEngine.run(ScriptEngine.java:194)
	at com.kms.katalon.core.main.ScriptEngine.runScriptAsRawText(ScriptEngine.java:119)
	at com.kms.katalon.core.main.TestCaseExecutor.runScript(TestCaseExecutor.java:337)
	at com.kms.katalon.core.main.TestCaseExecutor.doExecute(TestCaseExecutor.java:328)
	at com.kms.katalon.core.main.TestCaseExecutor.processExecutionPhase(TestCaseExecutor.java:307)
	at com.kms.katalon.core.main.TestCaseExecutor.accessMainPhase(TestCaseExecutor.java:299)
	at com.kms.katalon.core.main.TestCaseExecutor.execute(TestCaseExecutor.java:233)
	at com.kms.katalon.core.main.TestCaseMain.runTestCase(TestCaseMain.java:114)
	at com.kms.katalon.core.keyword.builtin.CallTestCaseKeyword$_callTestCase_closure1.doCall(CallTestCaseKeyword.groovy:59)
	... 20 more
Caused by: com.kms.katalon.core.exception.StepFailedException: com.kms.katalon.core.webui.exception.WebElementNotFoundException: Web element with id: 'Object Repository/Page_Mattermost_Signup/input_email' located by 'By.xpath: //input[@id='email']' not found
	at com.kms.katalon.core.webui.keyword.internal.WebUIKeywordMain.stepFailed(WebUIKeywordMain.groovy:64)
	at com.kms.katalon.core.webui.keyword.builtin.VerifyElementPresentKeyword$_verifyElementPresent_closure1.doCall(VerifyElementPresentKeyword.groovy:85)
	at com.kms.katalon.core.webui.keyword.builtin.VerifyElementPresentKeyword$_verifyElementPresent_closure1.call(VerifyElementPresentKeyword.groovy)
	at com.kms.katalon.core.webui.keyword.internal.WebUIKeywordMain.runKeyword(WebUIKeywordMain.groovy:20)
	... 35 more


2020-06-05 23:06:08 - [TEST_STEP][PASSED] - Start setup action : Setup: Method 'Setup' complete successfully

2020-06-05 23:06:09 - [TEST_STEP][PASSED] - openBrowser("http://192.168.1.10:8065/signup_email"): Browser is opened with url: 'http://192.168.1.10:8065/signup_email'

2020-06-05 23:06:09 - [MESSAGE][INFO] - Starting 'Firefox' driver

2020-06-05 23:06:09 - [MESSAGE][INFO] - Action delay is set to 0 milliseconds

2020-06-05 23:06:13 - [MESSAGE][PASSED] - Browser is opened with url: 'http://192.168.1.10:8065/signup_email'

2020-06-05 23:06:13 - [MESSAGE][PASSED] - Method 'Setup' complete successfully

2020-06-05 23:06:13 - [TEST_STEP][FAILED] - callTestCase(findTestCase("Test Cases/Signup/signup_function"), ["var_email":var_email, "var_name":var_name, "var_password":var_password], STOP_ON_FAILURE): Unable to call Test Case 'Test Cases/Signup/signup_function' (Root cause: com.kms.katalon.core.exception.StepFailedException: Call Test Case 'Test Cases/Signup/signup_function' failed
	at com.kms.katalon.core.keyword.builtin.CallTestCaseKeyword$_callTestCase_closure1.doCall(CallTestCaseKeyword.groovy:63)
	at com.kms.katalon.core.keyword.builtin.CallTestCaseKeyword$_callTestCase_closure1.call(CallTestCaseKeyword.groovy)
	at com.kms.katalon.core.keyword.internal.KeywordMain.runKeyword(KeywordMain.groovy:68)
	at com.kms.katalon.core.keyword.builtin.CallTestCaseKeyword.callTestCase(CallTestCaseKeyword.groovy:81)
	at com.kms.katalon.core.keyword.builtin.CallTestCaseKeyword.execute(CallTestCaseKeyword.groovy:44)
	at com.kms.katalon.core.keyword.internal.KeywordExecutor.executeKeywordForPlatform(KeywordExecutor.groovy:72)
	at com.kms.katalon.core.keyword.BuiltinKeywords.callTestCase(BuiltinKeywords.groovy:334)
	at TC_signup_02.run(TC_signup_02:26)
	at com.kms.katalon.core.main.ScriptEngine.run(ScriptEngine.java:194)
	at com.kms.katalon.core.main.ScriptEngine.runScriptAsRawText(ScriptEngine.java:119)
	at com.kms.katalon.core.main.TestCaseExecutor.runScript(TestCaseExecutor.java:337)
	at com.kms.katalon.core.main.TestCaseExecutor.doExecute(TestCaseExecutor.java:328)
	at com.kms.katalon.core.main.TestCaseExecutor.processExecutionPhase(TestCaseExecutor.java:307)
	at com.kms.katalon.core.main.TestCaseExecutor.accessMainPhase(TestCaseExecutor.java:299)
	at com.kms.katalon.core.main.TestCaseExecutor.execute(TestCaseExecutor.java:233)
	at com.kms.katalon.core.main.TestSuiteExecutor.accessTestCaseMainPhase(TestSuiteExecutor.java:169)
	at com.kms.katalon.core.main.TestSuiteExecutor.accessTestSuiteMainPhase(TestSuiteExecutor.java:142)
	at com.kms.katalon.core.main.TestSuiteExecutor.execute(TestSuiteExecutor.java:91)
	at com.kms.katalon.core.main.TestCaseMain.startTestSuite(TestCaseMain.java:157)
	at com.kms.katalon.core.main.TestCaseMain$startTestSuite$0.call(Unknown Source)
	at TempTestSuite1591373123859.run(TempTestSuite1591373123859.groovy:37)
Caused by: com.kms.katalon.core.exception.StepFailedException: Unable to verify object 'Object Repository/Page_Mattermost_Signup/input_email' is present
	at com.kms.katalon.core.webui.keyword.internal.WebUIKeywordMain.stepFailed(WebUIKeywordMain.groovy:64)
	at com.kms.katalon.core.webui.keyword.internal.WebUIKeywordMain.runKeyword(WebUIKeywordMain.groovy:26)
	at com.kms.katalon.core.webui.keyword.builtin.VerifyElementPresentKeyword.verifyElementPresent(VerifyElementPresentKeyword.groovy:92)
	at com.kms.katalon.core.webui.keyword.builtin.VerifyElementPresentKeyword.execute(VerifyElementPresentKeyword.groovy:68)
	at com.kms.katalon.core.keyword.internal.KeywordExecutor.executeKeywordForPlatform(KeywordExecutor.groovy:72)
	at com.kms.katalon.core.webui.keyword.WebUiBuiltInKeywords.verifyElementPresent(WebUiBuiltInKeywords.groovy:1460)
	at com.kms.katalon.core.webui.keyword.WebUiBuiltInKeywords$verifyElementPresent$0.call(Unknown Source)
	at signup_function.run(signup_function:19)
	at com.kms.katalon.core.main.ScriptEngine.run(ScriptEngine.java:194)
	at com.kms.katalon.core.main.ScriptEngine.runScriptAsRawText(ScriptEngine.java:119)
	at com.kms.katalon.core.main.TestCaseExecutor.runScript(TestCaseExecutor.java:337)
	at com.kms.katalon.core.main.TestCaseExecutor.doExecute(TestCaseExecutor.java:328)
	at com.kms.katalon.core.main.TestCaseExecutor.processExecutionPhase(TestCaseExecutor.java:307)
	at com.kms.katalon.core.main.TestCaseExecutor.accessMainPhase(TestCaseExecutor.java:299)
	at com.kms.katalon.core.main.TestCaseExecutor.execute(TestCaseExecutor.java:233)
	at com.kms.katalon.core.main.TestCaseMain.runTestCase(TestCaseMain.java:114)
	at com.kms.katalon.core.keyword.builtin.CallTestCaseKeyword$_callTestCase_closure1.doCall(CallTestCaseKeyword.groovy:59)
	... 20 more
Caused by: com.kms.katalon.core.exception.StepFailedException: com.kms.katalon.core.webui.exception.WebElementNotFoundException: Web element with id: 'Object Repository/Page_Mattermost_Signup/input_email' located by 'By.xpath: //input[@id='email']' not found
	at com.kms.katalon.core.webui.keyword.internal.WebUIKeywordMain.stepFailed(WebUIKeywordMain.groovy:64)
	at com.kms.katalon.core.webui.keyword.builtin.VerifyElementPresentKeyword$_verifyElementPresent_closure1.doCall(VerifyElementPresentKeyword.groovy:85)
	at com.kms.katalon.core.webui.keyword.builtin.VerifyElementPresentKeyword$_verifyElementPresent_closure1.call(VerifyElementPresentKeyword.groovy)
	at com.kms.katalon.core.webui.keyword.internal.WebUIKeywordMain.runKeyword(WebUIKeywordMain.groovy:20)
	... 35 more
)

2020-06-05 23:06:13 - [TEST_CASE][FAILED] - Test Cases/Signup/signup_function: Test Cases/Signup/signup_function FAILED.
Reason:
com.kms.katalon.core.exception.StepFailedException: Unable to verify object 'Object Repository/Page_Mattermost_Signup/input_email' is present
	at com.kms.katalon.core.webui.keyword.internal.WebUIKeywordMain.stepFailed(WebUIKeywordMain.groovy:64)
	at com.kms.katalon.core.webui.keyword.internal.WebUIKeywordMain.runKeyword(WebUIKeywordMain.groovy:26)
	at com.kms.katalon.core.webui.keyword.builtin.VerifyElementPresentKeyword.verifyElementPresent(VerifyElementPresentKeyword.groovy:92)
	at com.kms.katalon.core.webui.keyword.builtin.VerifyElementPresentKeyword.execute(VerifyElementPresentKeyword.groovy:68)
	at com.kms.katalon.core.keyword.internal.KeywordExecutor.executeKeywordForPlatform(KeywordExecutor.groovy:72)
	at com.kms.katalon.core.webui.keyword.WebUiBuiltInKeywords.verifyElementPresent(WebUiBuiltInKeywords.groovy:1460)
	at com.kms.katalon.core.webui.keyword.WebUiBuiltInKeywords$verifyElementPresent$0.call(Unknown Source)
	at signup_function.run(signup_function:19)
	at com.kms.katalon.core.main.ScriptEngine.run(ScriptEngine.java:194)
	at com.kms.katalon.core.main.ScriptEngine.runScriptAsRawText(ScriptEngine.java:119)
	at com.kms.katalon.core.main.TestCaseExecutor.runScript(TestCaseExecutor.java:337)
	at com.kms.katalon.core.main.TestCaseExecutor.doExecute(TestCaseExecutor.java:328)
	at com.kms.katalon.core.main.TestCaseExecutor.processExecutionPhase(TestCaseExecutor.java:307)
	at com.kms.katalon.core.main.TestCaseExecutor.accessMainPhase(TestCaseExecutor.java:299)
	at com.kms.katalon.core.main.TestCaseExecutor.execute(TestCaseExecutor.java:233)
	at com.kms.katalon.core.main.TestCaseMain.runTestCase(TestCaseMain.java:114)
	at com.kms.katalon.core.keyword.builtin.CallTestCaseKeyword$_callTestCase_closure1.doCall(CallTestCaseKeyword.groovy:59)
	at com.kms.katalon.core.keyword.builtin.CallTestCaseKeyword$_callTestCase_closure1.call(CallTestCaseKeyword.groovy)
	at com.kms.katalon.core.keyword.internal.KeywordMain.runKeyword(KeywordMain.groovy:68)
	at com.kms.katalon.core.keyword.builtin.CallTestCaseKeyword.callTestCase(CallTestCaseKeyword.groovy:81)
	at com.kms.katalon.core.keyword.builtin.CallTestCaseKeyword.execute(CallTestCaseKeyword.groovy:44)
	at com.kms.katalon.core.keyword.internal.KeywordExecutor.executeKeywordForPlatform(KeywordExecutor.groovy:72)
	at com.kms.katalon.core.keyword.BuiltinKeywords.callTestCase(BuiltinKeywords.groovy:334)
	at TC_signup_02.run(TC_signup_02:26)
	at com.kms.katalon.core.main.ScriptEngine.run(ScriptEngine.java:194)
	at com.kms.katalon.core.main.ScriptEngine.runScriptAsRawText(ScriptEngine.java:119)
	at com.kms.katalon.core.main.TestCaseExecutor.runScript(TestCaseExecutor.java:337)
	at com.kms.katalon.core.main.TestCaseExecutor.doExecute(TestCaseExecutor.java:328)
	at com.kms.katalon.core.main.TestCaseExecutor.processExecutionPhase(TestCaseExecutor.java:307)
	at com.kms.katalon.core.main.TestCaseExecutor.accessMainPhase(TestCaseExecutor.java:299)
	at com.kms.katalon.core.main.TestCaseExecutor.execute(TestCaseExecutor.java:233)
	at com.kms.katalon.core.main.TestSuiteExecutor.accessTestCaseMainPhase(TestSuiteExecutor.java:169)
	at com.kms.katalon.core.main.TestSuiteExecutor.accessTestSuiteMainPhase(TestSuiteExecutor.java:142)
	at com.kms.katalon.core.main.TestSuiteExecutor.execute(TestSuiteExecutor.java:91)
	at com.kms.katalon.core.main.TestCaseMain.startTestSuite(TestCaseMain.java:157)
	at com.kms.katalon.core.main.TestCaseMain$startTestSuite$0.call(Unknown Source)
	at TempTestSuite1591373123859.run(TempTestSuite1591373123859.groovy:37)
Caused by: com.kms.katalon.core.exception.StepFailedException: com.kms.katalon.core.webui.exception.WebElementNotFoundException: Web element with id: 'Object Repository/Page_Mattermost_Signup/input_email' located by 'By.xpath: //input[@id='email']' not found
	at com.kms.katalon.core.webui.keyword.internal.WebUIKeywordMain.stepFailed(WebUIKeywordMain.groovy:64)
	at com.kms.katalon.core.webui.keyword.builtin.VerifyElementPresentKeyword$_verifyElementPresent_closure1.doCall(VerifyElementPresentKeyword.groovy:85)
	at com.kms.katalon.core.webui.keyword.builtin.VerifyElementPresentKeyword$_verifyElementPresent_closure1.call(VerifyElementPresentKeyword.groovy)
	at com.kms.katalon.core.webui.keyword.internal.WebUIKeywordMain.runKeyword(WebUIKeywordMain.groovy:20)
	... 35 more


2020-06-05 23:06:13 - [TEST_STEP][FAILED] - verifyEqual(verifyElementPresent(findTestObject("Object Repository/Page_Mattermost_Signup/input_email"), 1), true): Unable to verify object 'Object Repository/Page_Mattermost_Signup/input_email' is present (Root cause: com.kms.katalon.core.exception.StepFailedException: Unable to verify object 'Object Repository/Page_Mattermost_Signup/input_email' is present
	at com.kms.katalon.core.webui.keyword.internal.WebUIKeywordMain.stepFailed(WebUIKeywordMain.groovy:64)
	at com.kms.katalon.core.webui.keyword.internal.WebUIKeywordMain.runKeyword(WebUIKeywordMain.groovy:26)
	at com.kms.katalon.core.webui.keyword.builtin.VerifyElementPresentKeyword.verifyElementPresent(VerifyElementPresentKeyword.groovy:92)
	at com.kms.katalon.core.webui.keyword.builtin.VerifyElementPresentKeyword.execute(VerifyElementPresentKeyword.groovy:68)
	at com.kms.katalon.core.keyword.internal.KeywordExecutor.executeKeywordForPlatform(KeywordExecutor.groovy:72)
	at com.kms.katalon.core.webui.keyword.WebUiBuiltInKeywords.verifyElementPresent(WebUiBuiltInKeywords.groovy:1460)
	at com.kms.katalon.core.webui.keyword.WebUiBuiltInKeywords$verifyElementPresent$0.call(Unknown Source)
	at signup_function.run(signup_function:19)
	at com.kms.katalon.core.main.ScriptEngine.run(ScriptEngine.java:194)
	at com.kms.katalon.core.main.ScriptEngine.runScriptAsRawText(ScriptEngine.java:119)
	at com.kms.katalon.core.main.TestCaseExecutor.runScript(TestCaseExecutor.java:337)
	at com.kms.katalon.core.main.TestCaseExecutor.doExecute(TestCaseExecutor.java:328)
	at com.kms.katalon.core.main.TestCaseExecutor.processExecutionPhase(TestCaseExecutor.java:307)
	at com.kms.katalon.core.main.TestCaseExecutor.accessMainPhase(TestCaseExecutor.java:299)
	at com.kms.katalon.core.main.TestCaseExecutor.execute(TestCaseExecutor.java:233)
	at com.kms.katalon.core.main.TestCaseMain.runTestCase(TestCaseMain.java:114)
	at com.kms.katalon.core.keyword.builtin.CallTestCaseKeyword$_callTestCase_closure1.doCall(CallTestCaseKeyword.groovy:59)
	at com.kms.katalon.core.keyword.builtin.CallTestCaseKeyword$_callTestCase_closure1.call(CallTestCaseKeyword.groovy)
	at com.kms.katalon.core.keyword.internal.KeywordMain.runKeyword(KeywordMain.groovy:68)
	at com.kms.katalon.core.keyword.builtin.CallTestCaseKeyword.callTestCase(CallTestCaseKeyword.groovy:81)
	at com.kms.katalon.core.keyword.builtin.CallTestCaseKeyword.execute(CallTestCaseKeyword.groovy:44)
	at com.kms.katalon.core.keyword.internal.KeywordExecutor.executeKeywordForPlatform(KeywordExecutor.groovy:72)
	at com.kms.katalon.core.keyword.BuiltinKeywords.callTestCase(BuiltinKeywords.groovy:334)
	at TC_signup_02.run(TC_signup_02:26)
	at com.kms.katalon.core.main.ScriptEngine.run(ScriptEngine.java:194)
	at com.kms.katalon.core.main.ScriptEngine.runScriptAsRawText(ScriptEngine.java:119)
	at com.kms.katalon.core.main.TestCaseExecutor.runScript(TestCaseExecutor.java:337)
	at com.kms.katalon.core.main.TestCaseExecutor.doExecute(TestCaseExecutor.java:328)
	at com.kms.katalon.core.main.TestCaseExecutor.processExecutionPhase(TestCaseExecutor.java:307)
	at com.kms.katalon.core.main.TestCaseExecutor.accessMainPhase(TestCaseExecutor.java:299)
	at com.kms.katalon.core.main.TestCaseExecutor.execute(TestCaseExecutor.java:233)
	at com.kms.katalon.core.main.TestSuiteExecutor.accessTestCaseMainPhase(TestSuiteExecutor.java:169)
	at com.kms.katalon.core.main.TestSuiteExecutor.accessTestSuiteMainPhase(TestSuiteExecutor.java:142)
	at com.kms.katalon.core.main.TestSuiteExecutor.execute(TestSuiteExecutor.java:91)
	at com.kms.katalon.core.main.TestCaseMain.startTestSuite(TestCaseMain.java:157)
	at com.kms.katalon.core.main.TestCaseMain$startTestSuite$0.call(Unknown Source)
	at TempTestSuite1591373123859.run(TempTestSuite1591373123859.groovy:37)
Caused by: com.kms.katalon.core.exception.StepFailedException: com.kms.katalon.core.webui.exception.WebElementNotFoundException: Web element with id: 'Object Repository/Page_Mattermost_Signup/input_email' located by 'By.xpath: //input[@id='email']' not found
	at com.kms.katalon.core.webui.keyword.internal.WebUIKeywordMain.stepFailed(WebUIKeywordMain.groovy:64)
	at com.kms.katalon.core.webui.keyword.builtin.VerifyElementPresentKeyword$_verifyElementPresent_closure1.doCall(VerifyElementPresentKeyword.groovy:85)
	at com.kms.katalon.core.webui.keyword.builtin.VerifyElementPresentKeyword$_verifyElementPresent_closure1.call(VerifyElementPresentKeyword.groovy)
	at com.kms.katalon.core.webui.keyword.internal.WebUIKeywordMain.runKeyword(WebUIKeywordMain.groovy:20)
	... 35 more
)

2020-06-05 23:06:15 - [MESSAGE][INFO] - Unable to find the element located by 'By.xpath: //input[@id='email']'. Please recheck the objects properties to make sure the desired element is located. 

2020-06-05 23:06:15 - [MESSAGE][FAILED] - com.kms.katalon.core.webui.exception.WebElementNotFoundException: Web element with id: 'Object Repository/Page_Mattermost_Signup/input_email' located by 'By.xpath: //input[@id='email']' not found (Root cause: com.kms.katalon.core.exception.StepFailedException: com.kms.katalon.core.webui.exception.WebElementNotFoundException: Web element with id: 'Object Repository/Page_Mattermost_Signup/input_email' located by 'By.xpath: //input[@id='email']' not found
	at com.kms.katalon.core.webui.keyword.internal.WebUIKeywordMain.stepFailed(WebUIKeywordMain.groovy:64)
	at com.kms.katalon.core.webui.keyword.builtin.VerifyElementPresentKeyword$_verifyElementPresent_closure1.doCall(VerifyElementPresentKeyword.groovy:85)
	at com.kms.katalon.core.webui.keyword.builtin.VerifyElementPresentKeyword$_verifyElementPresent_closure1.call(VerifyElementPresentKeyword.groovy)
	at com.kms.katalon.core.webui.keyword.internal.WebUIKeywordMain.runKeyword(WebUIKeywordMain.groovy:20)
	at com.kms.katalon.core.webui.keyword.builtin.VerifyElementPresentKeyword.verifyElementPresent(VerifyElementPresentKeyword.groovy:92)
	at com.kms.katalon.core.webui.keyword.builtin.VerifyElementPresentKeyword.execute(VerifyElementPresentKeyword.groovy:68)
	at com.kms.katalon.core.keyword.internal.KeywordExecutor.executeKeywordForPlatform(KeywordExecutor.groovy:72)
	at com.kms.katalon.core.webui.keyword.WebUiBuiltInKeywords.verifyElementPresent(WebUiBuiltInKeywords.groovy:1460)
	at com.kms.katalon.core.webui.keyword.WebUiBuiltInKeywords$verifyElementPresent$0.call(Unknown Source)
	at signup_function.run(signup_function:19)
	at com.kms.katalon.core.main.ScriptEngine.run(ScriptEngine.java:194)
	at com.kms.katalon.core.main.ScriptEngine.runScriptAsRawText(ScriptEngine.java:119)
	at com.kms.katalon.core.main.TestCaseExecutor.runScript(TestCaseExecutor.java:337)
	at com.kms.katalon.core.main.TestCaseExecutor.doExecute(TestCaseExecutor.java:328)
	at com.kms.katalon.core.main.TestCaseExecutor.processExecutionPhase(TestCaseExecutor.java:307)
	at com.kms.katalon.core.main.TestCaseExecutor.accessMainPhase(TestCaseExecutor.java:299)
	at com.kms.katalon.core.main.TestCaseExecutor.execute(TestCaseExecutor.java:233)
	at com.kms.katalon.core.main.TestCaseMain.runTestCase(TestCaseMain.java:114)
	at com.kms.katalon.core.keyword.builtin.CallTestCaseKeyword$_callTestCase_closure1.doCall(CallTestCaseKeyword.groovy:59)
	at com.kms.katalon.core.keyword.builtin.CallTestCaseKeyword$_callTestCase_closure1.call(CallTestCaseKeyword.groovy)
	at com.kms.katalon.core.keyword.internal.KeywordMain.runKeyword(KeywordMain.groovy:68)
	at com.kms.katalon.core.keyword.builtin.CallTestCaseKeyword.callTestCase(CallTestCaseKeyword.groovy:81)
	at com.kms.katalon.core.keyword.builtin.CallTestCaseKeyword.execute(CallTestCaseKeyword.groovy:44)
	at com.kms.katalon.core.keyword.internal.KeywordExecutor.executeKeywordForPlatform(KeywordExecutor.groovy:72)
	at com.kms.katalon.core.keyword.BuiltinKeywords.callTestCase(BuiltinKeywords.groovy:334)
	at TC_signup_02.run(TC_signup_02:26)
	at com.kms.katalon.core.main.ScriptEngine.run(ScriptEngine.java:194)
	at com.kms.katalon.core.main.ScriptEngine.runScriptAsRawText(ScriptEngine.java:119)
	at com.kms.katalon.core.main.TestCaseExecutor.runScript(TestCaseExecutor.java:337)
	at com.kms.katalon.core.main.TestCaseExecutor.doExecute(TestCaseExecutor.java:328)
	at com.kms.katalon.core.main.TestCaseExecutor.processExecutionPhase(TestCaseExecutor.java:307)
	at com.kms.katalon.core.main.TestCaseExecutor.accessMainPhase(TestCaseExecutor.java:299)
	at com.kms.katalon.core.main.TestCaseExecutor.execute(TestCaseExecutor.java:233)
	at com.kms.katalon.core.main.TestSuiteExecutor.accessTestCaseMainPhase(TestSuiteExecutor.java:169)
	at com.kms.katalon.core.main.TestSuiteExecutor.accessTestSuiteMainPhase(TestSuiteExecutor.java:142)
	at com.kms.katalon.core.main.TestSuiteExecutor.execute(TestSuiteExecutor.java:91)
	at com.kms.katalon.core.main.TestCaseMain.startTestSuite(TestCaseMain.java:157)
	at com.kms.katalon.core.main.TestCaseMain$startTestSuite$0.call(Unknown Source)
	at TempTestSuite1591373123859.run(TempTestSuite1591373123859.groovy:37)
)
[[ATTACHMENT|D:\\katalon\\hw2-katalon-testing\\Reports\\20200605_230523\\Run_All_Test_Cases\\20200605_230523\\1591373175088.png]]

2020-06-05 23:06:15 - [MESSAGE][FAILED] - Unable to verify object 'Object Repository/Page_Mattermost_Signup/input_email' is present (Root cause: com.kms.katalon.core.exception.StepFailedException: Unable to verify object 'Object Repository/Page_Mattermost_Signup/input_email' is present
	at com.kms.katalon.core.webui.keyword.internal.WebUIKeywordMain.stepFailed(WebUIKeywordMain.groovy:64)
	at com.kms.katalon.core.webui.keyword.internal.WebUIKeywordMain.runKeyword(WebUIKeywordMain.groovy:26)
	at com.kms.katalon.core.webui.keyword.builtin.VerifyElementPresentKeyword.verifyElementPresent(VerifyElementPresentKeyword.groovy:92)
	at com.kms.katalon.core.webui.keyword.builtin.VerifyElementPresentKeyword.execute(VerifyElementPresentKeyword.groovy:68)
	at com.kms.katalon.core.keyword.internal.KeywordExecutor.executeKeywordForPlatform(KeywordExecutor.groovy:72)
	at com.kms.katalon.core.webui.keyword.WebUiBuiltInKeywords.verifyElementPresent(WebUiBuiltInKeywords.groovy:1460)
	at com.kms.katalon.core.webui.keyword.WebUiBuiltInKeywords$verifyElementPresent$0.call(Unknown Source)
	at signup_function.run(signup_function:19)
	at com.kms.katalon.core.main.ScriptEngine.run(ScriptEngine.java:194)
	at com.kms.katalon.core.main.ScriptEngine.runScriptAsRawText(ScriptEngine.java:119)
	at com.kms.katalon.core.main.TestCaseExecutor.runScript(TestCaseExecutor.java:337)
	at com.kms.katalon.core.main.TestCaseExecutor.doExecute(TestCaseExecutor.java:328)
	at com.kms.katalon.core.main.TestCaseExecutor.processExecutionPhase(TestCaseExecutor.java:307)
	at com.kms.katalon.core.main.TestCaseExecutor.accessMainPhase(TestCaseExecutor.java:299)
	at com.kms.katalon.core.main.TestCaseExecutor.execute(TestCaseExecutor.java:233)
	at com.kms.katalon.core.main.TestCaseMain.runTestCase(TestCaseMain.java:114)
	at com.kms.katalon.core.keyword.builtin.CallTestCaseKeyword$_callTestCase_closure1.doCall(CallTestCaseKeyword.groovy:59)
	at com.kms.katalon.core.keyword.builtin.CallTestCaseKeyword$_callTestCase_closure1.call(CallTestCaseKeyword.groovy)
	at com.kms.katalon.core.keyword.internal.KeywordMain.runKeyword(KeywordMain.groovy:68)
	at com.kms.katalon.core.keyword.builtin.CallTestCaseKeyword.callTestCase(CallTestCaseKeyword.groovy:81)
	at com.kms.katalon.core.keyword.builtin.CallTestCaseKeyword.execute(CallTestCaseKeyword.groovy:44)
	at com.kms.katalon.core.keyword.internal.KeywordExecutor.executeKeywordForPlatform(KeywordExecutor.groovy:72)
	at com.kms.katalon.core.keyword.BuiltinKeywords.callTestCase(BuiltinKeywords.groovy:334)
	at TC_signup_02.run(TC_signup_02:26)
	at com.kms.katalon.core.main.ScriptEngine.run(ScriptEngine.java:194)
	at com.kms.katalon.core.main.ScriptEngine.runScriptAsRawText(ScriptEngine.java:119)
	at com.kms.katalon.core.main.TestCaseExecutor.runScript(TestCaseExecutor.java:337)
	at com.kms.katalon.core.main.TestCaseExecutor.doExecute(TestCaseExecutor.java:328)
	at com.kms.katalon.core.main.TestCaseExecutor.processExecutionPhase(TestCaseExecutor.java:307)
	at com.kms.katalon.core.main.TestCaseExecutor.accessMainPhase(TestCaseExecutor.java:299)
	at com.kms.katalon.core.main.TestCaseExecutor.execute(TestCaseExecutor.java:233)
	at com.kms.katalon.core.main.TestSuiteExecutor.accessTestCaseMainPhase(TestSuiteExecutor.java:169)
	at com.kms.katalon.core.main.TestSuiteExecutor.accessTestSuiteMainPhase(TestSuiteExecutor.java:142)
	at com.kms.katalon.core.main.TestSuiteExecutor.execute(TestSuiteExecutor.java:91)
	at com.kms.katalon.core.main.TestCaseMain.startTestSuite(TestCaseMain.java:157)
	at com.kms.katalon.core.main.TestCaseMain$startTestSuite$0.call(Unknown Source)
	at TempTestSuite1591373123859.run(TempTestSuite1591373123859.groovy:37)
Caused by: com.kms.katalon.core.exception.StepFailedException: com.kms.katalon.core.webui.exception.WebElementNotFoundException: Web element with id: 'Object Repository/Page_Mattermost_Signup/input_email' located by 'By.xpath: //input[@id='email']' not found
	at com.kms.katalon.core.webui.keyword.internal.WebUIKeywordMain.stepFailed(WebUIKeywordMain.groovy:64)
	at com.kms.katalon.core.webui.keyword.builtin.VerifyElementPresentKeyword$_verifyElementPresent_closure1.doCall(VerifyElementPresentKeyword.groovy:85)
	at com.kms.katalon.core.webui.keyword.builtin.VerifyElementPresentKeyword$_verifyElementPresent_closure1.call(VerifyElementPresentKeyword.groovy)
	at com.kms.katalon.core.webui.keyword.internal.WebUIKeywordMain.runKeyword(WebUIKeywordMain.groovy:20)
	... 35 more
)
[[ATTACHMENT|D:\\katalon\\hw2-katalon-testing\\Reports\\20200605_230523\\Run_All_Test_Cases\\20200605_230523\\1591373175178.png]]

2020-06-05 23:06:15 - [MESSAGE][FAILED] - Unable to call Test Case 'Test Cases/Signup/signup_function' (Root cause: com.kms.katalon.core.exception.StepFailedException: Call Test Case 'Test Cases/Signup/signup_function' failed
	at com.kms.katalon.core.keyword.builtin.CallTestCaseKeyword$_callTestCase_closure1.doCall(CallTestCaseKeyword.groovy:63)
	at com.kms.katalon.core.keyword.builtin.CallTestCaseKeyword$_callTestCase_closure1.call(CallTestCaseKeyword.groovy)
	at com.kms.katalon.core.keyword.internal.KeywordMain.runKeyword(KeywordMain.groovy:68)
	at com.kms.katalon.core.keyword.builtin.CallTestCaseKeyword.callTestCase(CallTestCaseKeyword.groovy:81)
	at com.kms.katalon.core.keyword.builtin.CallTestCaseKeyword.execute(CallTestCaseKeyword.groovy:44)
	at com.kms.katalon.core.keyword.internal.KeywordExecutor.executeKeywordForPlatform(KeywordExecutor.groovy:72)
	at com.kms.katalon.core.keyword.BuiltinKeywords.callTestCase(BuiltinKeywords.groovy:334)
	at TC_signup_02.run(TC_signup_02:26)
	at com.kms.katalon.core.main.ScriptEngine.run(ScriptEngine.java:194)
	at com.kms.katalon.core.main.ScriptEngine.runScriptAsRawText(ScriptEngine.java:119)
	at com.kms.katalon.core.main.TestCaseExecutor.runScript(TestCaseExecutor.java:337)
	at com.kms.katalon.core.main.TestCaseExecutor.doExecute(TestCaseExecutor.java:328)
	at com.kms.katalon.core.main.TestCaseExecutor.processExecutionPhase(TestCaseExecutor.java:307)
	at com.kms.katalon.core.main.TestCaseExecutor.accessMainPhase(TestCaseExecutor.java:299)
	at com.kms.katalon.core.main.TestCaseExecutor.execute(TestCaseExecutor.java:233)
	at com.kms.katalon.core.main.TestSuiteExecutor.accessTestCaseMainPhase(TestSuiteExecutor.java:169)
	at com.kms.katalon.core.main.TestSuiteExecutor.accessTestSuiteMainPhase(TestSuiteExecutor.java:142)
	at com.kms.katalon.core.main.TestSuiteExecutor.execute(TestSuiteExecutor.java:91)
	at com.kms.katalon.core.main.TestCaseMain.startTestSuite(TestCaseMain.java:157)
	at com.kms.katalon.core.main.TestCaseMain$startTestSuite$0.call(Unknown Source)
	at TempTestSuite1591373123859.run(TempTestSuite1591373123859.groovy:37)
Caused by: com.kms.katalon.core.exception.StepFailedException: Unable to verify object 'Object Repository/Page_Mattermost_Signup/input_email' is present
	at com.kms.katalon.core.webui.keyword.internal.WebUIKeywordMain.stepFailed(WebUIKeywordMain.groovy:64)
	at com.kms.katalon.core.webui.keyword.internal.WebUIKeywordMain.runKeyword(WebUIKeywordMain.groovy:26)
	at com.kms.katalon.core.webui.keyword.builtin.VerifyElementPresentKeyword.verifyElementPresent(VerifyElementPresentKeyword.groovy:92)
	at com.kms.katalon.core.webui.keyword.builtin.VerifyElementPresentKeyword.execute(VerifyElementPresentKeyword.groovy:68)
	at com.kms.katalon.core.keyword.internal.KeywordExecutor.executeKeywordForPlatform(KeywordExecutor.groovy:72)
	at com.kms.katalon.core.webui.keyword.WebUiBuiltInKeywords.verifyElementPresent(WebUiBuiltInKeywords.groovy:1460)
	at com.kms.katalon.core.webui.keyword.WebUiBuiltInKeywords$verifyElementPresent$0.call(Unknown Source)
	at signup_function.run(signup_function:19)
	at com.kms.katalon.core.main.ScriptEngine.run(ScriptEngine.java:194)
	at com.kms.katalon.core.main.ScriptEngine.runScriptAsRawText(ScriptEngine.java:119)
	at com.kms.katalon.core.main.TestCaseExecutor.runScript(TestCaseExecutor.java:337)
	at com.kms.katalon.core.main.TestCaseExecutor.doExecute(TestCaseExecutor.java:328)
	at com.kms.katalon.core.main.TestCaseExecutor.processExecutionPhase(TestCaseExecutor.java:307)
	at com.kms.katalon.core.main.TestCaseExecutor.accessMainPhase(TestCaseExecutor.java:299)
	at com.kms.katalon.core.main.TestCaseExecutor.execute(TestCaseExecutor.java:233)
	at com.kms.katalon.core.main.TestCaseMain.runTestCase(TestCaseMain.java:114)
	at com.kms.katalon.core.keyword.builtin.CallTestCaseKeyword$_callTestCase_closure1.doCall(CallTestCaseKeyword.groovy:59)
	... 20 more
Caused by: com.kms.katalon.core.exception.StepFailedException: com.kms.katalon.core.webui.exception.WebElementNotFoundException: Web element with id: 'Object Repository/Page_Mattermost_Signup/input_email' located by 'By.xpath: //input[@id='email']' not found
	at com.kms.katalon.core.webui.keyword.internal.WebUIKeywordMain.stepFailed(WebUIKeywordMain.groovy:64)
	at com.kms.katalon.core.webui.keyword.builtin.VerifyElementPresentKeyword$_verifyElementPresent_closure1.doCall(VerifyElementPresentKeyword.groovy:85)
	at com.kms.katalon.core.webui.keyword.builtin.VerifyElementPresentKeyword$_verifyElementPresent_closure1.call(VerifyElementPresentKeyword.groovy)
	at com.kms.katalon.core.webui.keyword.internal.WebUIKeywordMain.runKeyword(WebUIKeywordMain.groovy:20)
	... 35 more
)

2020-06-05 23:06:15 - [TEST_STEP][PASSED] - Start tear down : Teardown: Method 'Teardown' complete successfully

2020-06-05 23:06:15 - [TEST_STEP][PASSED] - closeBrowser(): Browser is closed

2020-06-05 23:06:16 - [MESSAGE][PASSED] - Browser is closed

2020-06-05 23:06:16 - [MESSAGE][PASSED] - Method 'Teardown' complete successfully]]></system-out>
         <system-err><![CDATA[2020-06-05 23:06:08 - [TEST_CASE][FAILED] - Test Cases/Signup/TC_signup_02: Test Cases/Signup/TC_signup_02 FAILED.
Reason:
com.kms.katalon.core.exception.StepFailedException: Call Test Case 'Test Cases/Signup/signup_function' failed
	at com.kms.katalon.core.keyword.builtin.CallTestCaseKeyword$_callTestCase_closure1.doCall(CallTestCaseKeyword.groovy:63)
	at com.kms.katalon.core.keyword.builtin.CallTestCaseKeyword$_callTestCase_closure1.call(CallTestCaseKeyword.groovy)
	at com.kms.katalon.core.keyword.internal.KeywordMain.runKeyword(KeywordMain.groovy:68)
	at com.kms.katalon.core.keyword.builtin.CallTestCaseKeyword.callTestCase(CallTestCaseKeyword.groovy:81)
	at com.kms.katalon.core.keyword.builtin.CallTestCaseKeyword.execute(CallTestCaseKeyword.groovy:44)
	at com.kms.katalon.core.keyword.internal.KeywordExecutor.executeKeywordForPlatform(KeywordExecutor.groovy:72)
	at com.kms.katalon.core.keyword.BuiltinKeywords.callTestCase(BuiltinKeywords.groovy:334)
	at TC_signup_02.run(TC_signup_02:26)
	at com.kms.katalon.core.main.ScriptEngine.run(ScriptEngine.java:194)
	at com.kms.katalon.core.main.ScriptEngine.runScriptAsRawText(ScriptEngine.java:119)
	at com.kms.katalon.core.main.TestCaseExecutor.runScript(TestCaseExecutor.java:337)
	at com.kms.katalon.core.main.TestCaseExecutor.doExecute(TestCaseExecutor.java:328)
	at com.kms.katalon.core.main.TestCaseExecutor.processExecutionPhase(TestCaseExecutor.java:307)
	at com.kms.katalon.core.main.TestCaseExecutor.accessMainPhase(TestCaseExecutor.java:299)
	at com.kms.katalon.core.main.TestCaseExecutor.execute(TestCaseExecutor.java:233)
	at com.kms.katalon.core.main.TestSuiteExecutor.accessTestCaseMainPhase(TestSuiteExecutor.java:169)
	at com.kms.katalon.core.main.TestSuiteExecutor.accessTestSuiteMainPhase(TestSuiteExecutor.java:142)
	at com.kms.katalon.core.main.TestSuiteExecutor.execute(TestSuiteExecutor.java:91)
	at com.kms.katalon.core.main.TestCaseMain.startTestSuite(TestCaseMain.java:157)
	at com.kms.katalon.core.main.TestCaseMain$startTestSuite$0.call(Unknown Source)
	at TempTestSuite1591373123859.run(TempTestSuite1591373123859.groovy:37)
Caused by: com.kms.katalon.core.exception.StepFailedException: Unable to verify object 'Object Repository/Page_Mattermost_Signup/input_email' is present
	at com.kms.katalon.core.webui.keyword.internal.WebUIKeywordMain.stepFailed(WebUIKeywordMain.groovy:64)
	at com.kms.katalon.core.webui.keyword.internal.WebUIKeywordMain.runKeyword(WebUIKeywordMain.groovy:26)
	at com.kms.katalon.core.webui.keyword.builtin.VerifyElementPresentKeyword.verifyElementPresent(VerifyElementPresentKeyword.groovy:92)
	at com.kms.katalon.core.webui.keyword.builtin.VerifyElementPresentKeyword.execute(VerifyElementPresentKeyword.groovy:68)
	at com.kms.katalon.core.keyword.internal.KeywordExecutor.executeKeywordForPlatform(KeywordExecutor.groovy:72)
	at com.kms.katalon.core.webui.keyword.WebUiBuiltInKeywords.verifyElementPresent(WebUiBuiltInKeywords.groovy:1460)
	at com.kms.katalon.core.webui.keyword.WebUiBuiltInKeywords$verifyElementPresent$0.call(Unknown Source)
	at signup_function.run(signup_function:19)
	at com.kms.katalon.core.main.ScriptEngine.run(ScriptEngine.java:194)
	at com.kms.katalon.core.main.ScriptEngine.runScriptAsRawText(ScriptEngine.java:119)
	at com.kms.katalon.core.main.TestCaseExecutor.runScript(TestCaseExecutor.java:337)
	at com.kms.katalon.core.main.TestCaseExecutor.doExecute(TestCaseExecutor.java:328)
	at com.kms.katalon.core.main.TestCaseExecutor.processExecutionPhase(TestCaseExecutor.java:307)
	at com.kms.katalon.core.main.TestCaseExecutor.accessMainPhase(TestCaseExecutor.java:299)
	at com.kms.katalon.core.main.TestCaseExecutor.execute(TestCaseExecutor.java:233)
	at com.kms.katalon.core.main.TestCaseMain.runTestCase(TestCaseMain.java:114)
	at com.kms.katalon.core.keyword.builtin.CallTestCaseKeyword$_callTestCase_closure1.doCall(CallTestCaseKeyword.groovy:59)
	... 20 more
Caused by: com.kms.katalon.core.exception.StepFailedException: com.kms.katalon.core.webui.exception.WebElementNotFoundException: Web element with id: 'Object Repository/Page_Mattermost_Signup/input_email' located by 'By.xpath: //input[@id='email']' not found
	at com.kms.katalon.core.webui.keyword.internal.WebUIKeywordMain.stepFailed(WebUIKeywordMain.groovy:64)
	at com.kms.katalon.core.webui.keyword.builtin.VerifyElementPresentKeyword$_verifyElementPresent_closure1.doCall(VerifyElementPresentKeyword.groovy:85)
	at com.kms.katalon.core.webui.keyword.builtin.VerifyElementPresentKeyword$_verifyElementPresent_closure1.call(VerifyElementPresentKeyword.groovy)
	at com.kms.katalon.core.webui.keyword.internal.WebUIKeywordMain.runKeyword(WebUIKeywordMain.groovy:20)
	... 35 more]]></system-err>
      </testcase>
      <testcase name="Test Cases/Signup/TC_signup_02" time="7.868" classname="Test Cases/Signup/TC_signup_02" status="FAILED">
         <failure type="FAILED" message="Test Cases/Signup/TC_signup_02 FAILED.
Reason:
com.kms.katalon.core.exception.StepFailedException: Call Test Case 'Test Cases/Signup/signup_function' failed
	at com.kms.katalon.core.keyword.builtin.CallTestCaseKeyword$_callTestCase_closure1.doCall(CallTestCaseKeyword.groovy:63)
	at com.kms.katalon.core.keyword.builtin.CallTestCaseKeyword$_callTestCase_closure1.call(CallTestCaseKeyword.groovy)
	at com.kms.katalon.core.keyword.internal.KeywordMain.runKeyword(KeywordMain.groovy:68)
	at com.kms.katalon.core.keyword.builtin.CallTestCaseKeyword.callTestCase(CallTestCaseKeyword.groovy:81)
	at com.kms.katalon.core.keyword.builtin.CallTestCaseKeyword.execute(CallTestCaseKeyword.groovy:44)
	at com.kms.katalon.core.keyword.internal.KeywordExecutor.executeKeywordForPlatform(KeywordExecutor.groovy:72)
	at com.kms.katalon.core.keyword.BuiltinKeywords.callTestCase(BuiltinKeywords.groovy:334)
	at TC_signup_02.run(TC_signup_02:26)
	at com.kms.katalon.core.main.ScriptEngine.run(ScriptEngine.java:194)
	at com.kms.katalon.core.main.ScriptEngine.runScriptAsRawText(ScriptEngine.java:119)
	at com.kms.katalon.core.main.TestCaseExecutor.runScript(TestCaseExecutor.java:337)
	at com.kms.katalon.core.main.TestCaseExecutor.doExecute(TestCaseExecutor.java:328)
	at com.kms.katalon.core.main.TestCaseExecutor.processExecutionPhase(TestCaseExecutor.java:307)
	at com.kms.katalon.core.main.TestCaseExecutor.accessMainPhase(TestCaseExecutor.java:299)
	at com.kms.katalon.core.main.TestCaseExecutor.execute(TestCaseExecutor.java:233)
	at com.kms.katalon.core.main.TestSuiteExecutor.accessTestCaseMainPhase(TestSuiteExecutor.java:169)
	at com.kms.katalon.core.main.TestSuiteExecutor.accessTestSuiteMainPhase(TestSuiteExecutor.java:142)
	at com.kms.katalon.core.main.TestSuiteExecutor.execute(TestSuiteExecutor.java:91)
	at com.kms.katalon.core.main.TestCaseMain.startTestSuite(TestCaseMain.java:157)
	at com.kms.katalon.core.main.TestCaseMain$startTestSuite$0.call(Unknown Source)
	at TempTestSuite1591373123859.run(TempTestSuite1591373123859.groovy:37)
Caused by: com.kms.katalon.core.exception.StepFailedException: Unable to verify object 'Object Repository/Page_Mattermost_Signup/input_email' is present
	at com.kms.katalon.core.webui.keyword.internal.WebUIKeywordMain.stepFailed(WebUIKeywordMain.groovy:64)
	at com.kms.katalon.core.webui.keyword.internal.WebUIKeywordMain.runKeyword(WebUIKeywordMain.groovy:26)
	at com.kms.katalon.core.webui.keyword.builtin.VerifyElementPresentKeyword.verifyElementPresent(VerifyElementPresentKeyword.groovy:92)
	at com.kms.katalon.core.webui.keyword.builtin.VerifyElementPresentKeyword.execute(VerifyElementPresentKeyword.groovy:68)
	at com.kms.katalon.core.keyword.internal.KeywordExecutor.executeKeywordForPlatform(KeywordExecutor.groovy:72)
	at com.kms.katalon.core.webui.keyword.WebUiBuiltInKeywords.verifyElementPresent(WebUiBuiltInKeywords.groovy:1460)
	at com.kms.katalon.core.webui.keyword.WebUiBuiltInKeywords$verifyElementPresent$0.call(Unknown Source)
	at signup_function.run(signup_function:19)
	at com.kms.katalon.core.main.ScriptEngine.run(ScriptEngine.java:194)
	at com.kms.katalon.core.main.ScriptEngine.runScriptAsRawText(ScriptEngine.java:119)
	at com.kms.katalon.core.main.TestCaseExecutor.runScript(TestCaseExecutor.java:337)
	at com.kms.katalon.core.main.TestCaseExecutor.doExecute(TestCaseExecutor.java:328)
	at com.kms.katalon.core.main.TestCaseExecutor.processExecutionPhase(TestCaseExecutor.java:307)
	at com.kms.katalon.core.main.TestCaseExecutor.accessMainPhase(TestCaseExecutor.java:299)
	at com.kms.katalon.core.main.TestCaseExecutor.execute(TestCaseExecutor.java:233)
	at com.kms.katalon.core.main.TestCaseMain.runTestCase(TestCaseMain.java:114)
	at com.kms.katalon.core.keyword.builtin.CallTestCaseKeyword$_callTestCase_closure1.doCall(CallTestCaseKeyword.groovy:59)
	... 20 more
Caused by: com.kms.katalon.core.exception.StepFailedException: com.kms.katalon.core.webui.exception.WebElementNotFoundException: Web element with id: 'Object Repository/Page_Mattermost_Signup/input_email' located by 'By.xpath: //input[@id='email']' not found
	at com.kms.katalon.core.webui.keyword.internal.WebUIKeywordMain.stepFailed(WebUIKeywordMain.groovy:64)
	at com.kms.katalon.core.webui.keyword.builtin.VerifyElementPresentKeyword$_verifyElementPresent_closure1.doCall(VerifyElementPresentKeyword.groovy:85)
	at com.kms.katalon.core.webui.keyword.builtin.VerifyElementPresentKeyword$_verifyElementPresent_closure1.call(VerifyElementPresentKeyword.groovy)
	at com.kms.katalon.core.webui.keyword.internal.WebUIKeywordMain.runKeyword(WebUIKeywordMain.groovy:20)
	... 35 more
"/>
         <system-out><![CDATA[2020-06-05 23:06:16 - [TEST_CASE][FAILED] - Test Cases/Signup/TC_signup_02: Test Cases/Signup/TC_signup_02 FAILED.
Reason:
com.kms.katalon.core.exception.StepFailedException: Call Test Case 'Test Cases/Signup/signup_function' failed
	at com.kms.katalon.core.keyword.builtin.CallTestCaseKeyword$_callTestCase_closure1.doCall(CallTestCaseKeyword.groovy:63)
	at com.kms.katalon.core.keyword.builtin.CallTestCaseKeyword$_callTestCase_closure1.call(CallTestCaseKeyword.groovy)
	at com.kms.katalon.core.keyword.internal.KeywordMain.runKeyword(KeywordMain.groovy:68)
	at com.kms.katalon.core.keyword.builtin.CallTestCaseKeyword.callTestCase(CallTestCaseKeyword.groovy:81)
	at com.kms.katalon.core.keyword.builtin.CallTestCaseKeyword.execute(CallTestCaseKeyword.groovy:44)
	at com.kms.katalon.core.keyword.internal.KeywordExecutor.executeKeywordForPlatform(KeywordExecutor.groovy:72)
	at com.kms.katalon.core.keyword.BuiltinKeywords.callTestCase(BuiltinKeywords.groovy:334)
	at TC_signup_02.run(TC_signup_02:26)
	at com.kms.katalon.core.main.ScriptEngine.run(ScriptEngine.java:194)
	at com.kms.katalon.core.main.ScriptEngine.runScriptAsRawText(ScriptEngine.java:119)
	at com.kms.katalon.core.main.TestCaseExecutor.runScript(TestCaseExecutor.java:337)
	at com.kms.katalon.core.main.TestCaseExecutor.doExecute(TestCaseExecutor.java:328)
	at com.kms.katalon.core.main.TestCaseExecutor.processExecutionPhase(TestCaseExecutor.java:307)
	at com.kms.katalon.core.main.TestCaseExecutor.accessMainPhase(TestCaseExecutor.java:299)
	at com.kms.katalon.core.main.TestCaseExecutor.execute(TestCaseExecutor.java:233)
	at com.kms.katalon.core.main.TestSuiteExecutor.accessTestCaseMainPhase(TestSuiteExecutor.java:169)
	at com.kms.katalon.core.main.TestSuiteExecutor.accessTestSuiteMainPhase(TestSuiteExecutor.java:142)
	at com.kms.katalon.core.main.TestSuiteExecutor.execute(TestSuiteExecutor.java:91)
	at com.kms.katalon.core.main.TestCaseMain.startTestSuite(TestCaseMain.java:157)
	at com.kms.katalon.core.main.TestCaseMain$startTestSuite$0.call(Unknown Source)
	at TempTestSuite1591373123859.run(TempTestSuite1591373123859.groovy:37)
Caused by: com.kms.katalon.core.exception.StepFailedException: Unable to verify object 'Object Repository/Page_Mattermost_Signup/input_email' is present
	at com.kms.katalon.core.webui.keyword.internal.WebUIKeywordMain.stepFailed(WebUIKeywordMain.groovy:64)
	at com.kms.katalon.core.webui.keyword.internal.WebUIKeywordMain.runKeyword(WebUIKeywordMain.groovy:26)
	at com.kms.katalon.core.webui.keyword.builtin.VerifyElementPresentKeyword.verifyElementPresent(VerifyElementPresentKeyword.groovy:92)
	at com.kms.katalon.core.webui.keyword.builtin.VerifyElementPresentKeyword.execute(VerifyElementPresentKeyword.groovy:68)
	at com.kms.katalon.core.keyword.internal.KeywordExecutor.executeKeywordForPlatform(KeywordExecutor.groovy:72)
	at com.kms.katalon.core.webui.keyword.WebUiBuiltInKeywords.verifyElementPresent(WebUiBuiltInKeywords.groovy:1460)
	at com.kms.katalon.core.webui.keyword.WebUiBuiltInKeywords$verifyElementPresent$0.call(Unknown Source)
	at signup_function.run(signup_function:19)
	at com.kms.katalon.core.main.ScriptEngine.run(ScriptEngine.java:194)
	at com.kms.katalon.core.main.ScriptEngine.runScriptAsRawText(ScriptEngine.java:119)
	at com.kms.katalon.core.main.TestCaseExecutor.runScript(TestCaseExecutor.java:337)
	at com.kms.katalon.core.main.TestCaseExecutor.doExecute(TestCaseExecutor.java:328)
	at com.kms.katalon.core.main.TestCaseExecutor.processExecutionPhase(TestCaseExecutor.java:307)
	at com.kms.katalon.core.main.TestCaseExecutor.accessMainPhase(TestCaseExecutor.java:299)
	at com.kms.katalon.core.main.TestCaseExecutor.execute(TestCaseExecutor.java:233)
	at com.kms.katalon.core.main.TestCaseMain.runTestCase(TestCaseMain.java:114)
	at com.kms.katalon.core.keyword.builtin.CallTestCaseKeyword$_callTestCase_closure1.doCall(CallTestCaseKeyword.groovy:59)
	... 20 more
Caused by: com.kms.katalon.core.exception.StepFailedException: com.kms.katalon.core.webui.exception.WebElementNotFoundException: Web element with id: 'Object Repository/Page_Mattermost_Signup/input_email' located by 'By.xpath: //input[@id='email']' not found
	at com.kms.katalon.core.webui.keyword.internal.WebUIKeywordMain.stepFailed(WebUIKeywordMain.groovy:64)
	at com.kms.katalon.core.webui.keyword.builtin.VerifyElementPresentKeyword$_verifyElementPresent_closure1.doCall(VerifyElementPresentKeyword.groovy:85)
	at com.kms.katalon.core.webui.keyword.builtin.VerifyElementPresentKeyword$_verifyElementPresent_closure1.call(VerifyElementPresentKeyword.groovy)
	at com.kms.katalon.core.webui.keyword.internal.WebUIKeywordMain.runKeyword(WebUIKeywordMain.groovy:20)
	... 35 more


2020-06-05 23:06:16 - [TEST_STEP][PASSED] - Start setup action : Setup: Method 'Setup' complete successfully

2020-06-05 23:06:16 - [TEST_STEP][PASSED] - openBrowser("http://192.168.1.10:8065/signup_email"): Browser is opened with url: 'http://192.168.1.10:8065/signup_email'

2020-06-05 23:06:16 - [MESSAGE][INFO] - Starting 'Firefox' driver

2020-06-05 23:06:16 - [MESSAGE][INFO] - Action delay is set to 0 milliseconds

2020-06-05 23:06:20 - [MESSAGE][PASSED] - Browser is opened with url: 'http://192.168.1.10:8065/signup_email'

2020-06-05 23:06:20 - [MESSAGE][PASSED] - Method 'Setup' complete successfully

2020-06-05 23:06:20 - [TEST_STEP][FAILED] - callTestCase(findTestCase("Test Cases/Signup/signup_function"), ["var_email":var_email, "var_name":var_name, "var_password":var_password], STOP_ON_FAILURE): Unable to call Test Case 'Test Cases/Signup/signup_function' (Root cause: com.kms.katalon.core.exception.StepFailedException: Call Test Case 'Test Cases/Signup/signup_function' failed
	at com.kms.katalon.core.keyword.builtin.CallTestCaseKeyword$_callTestCase_closure1.doCall(CallTestCaseKeyword.groovy:63)
	at com.kms.katalon.core.keyword.builtin.CallTestCaseKeyword$_callTestCase_closure1.call(CallTestCaseKeyword.groovy)
	at com.kms.katalon.core.keyword.internal.KeywordMain.runKeyword(KeywordMain.groovy:68)
	at com.kms.katalon.core.keyword.builtin.CallTestCaseKeyword.callTestCase(CallTestCaseKeyword.groovy:81)
	at com.kms.katalon.core.keyword.builtin.CallTestCaseKeyword.execute(CallTestCaseKeyword.groovy:44)
	at com.kms.katalon.core.keyword.internal.KeywordExecutor.executeKeywordForPlatform(KeywordExecutor.groovy:72)
	at com.kms.katalon.core.keyword.BuiltinKeywords.callTestCase(BuiltinKeywords.groovy:334)
	at TC_signup_02.run(TC_signup_02:26)
	at com.kms.katalon.core.main.ScriptEngine.run(ScriptEngine.java:194)
	at com.kms.katalon.core.main.ScriptEngine.runScriptAsRawText(ScriptEngine.java:119)
	at com.kms.katalon.core.main.TestCaseExecutor.runScript(TestCaseExecutor.java:337)
	at com.kms.katalon.core.main.TestCaseExecutor.doExecute(TestCaseExecutor.java:328)
	at com.kms.katalon.core.main.TestCaseExecutor.processExecutionPhase(TestCaseExecutor.java:307)
	at com.kms.katalon.core.main.TestCaseExecutor.accessMainPhase(TestCaseExecutor.java:299)
	at com.kms.katalon.core.main.TestCaseExecutor.execute(TestCaseExecutor.java:233)
	at com.kms.katalon.core.main.TestSuiteExecutor.accessTestCaseMainPhase(TestSuiteExecutor.java:169)
	at com.kms.katalon.core.main.TestSuiteExecutor.accessTestSuiteMainPhase(TestSuiteExecutor.java:142)
	at com.kms.katalon.core.main.TestSuiteExecutor.execute(TestSuiteExecutor.java:91)
	at com.kms.katalon.core.main.TestCaseMain.startTestSuite(TestCaseMain.java:157)
	at com.kms.katalon.core.main.TestCaseMain$startTestSuite$0.call(Unknown Source)
	at TempTestSuite1591373123859.run(TempTestSuite1591373123859.groovy:37)
Caused by: com.kms.katalon.core.exception.StepFailedException: Unable to verify object 'Object Repository/Page_Mattermost_Signup/input_email' is present
	at com.kms.katalon.core.webui.keyword.internal.WebUIKeywordMain.stepFailed(WebUIKeywordMain.groovy:64)
	at com.kms.katalon.core.webui.keyword.internal.WebUIKeywordMain.runKeyword(WebUIKeywordMain.groovy:26)
	at com.kms.katalon.core.webui.keyword.builtin.VerifyElementPresentKeyword.verifyElementPresent(VerifyElementPresentKeyword.groovy:92)
	at com.kms.katalon.core.webui.keyword.builtin.VerifyElementPresentKeyword.execute(VerifyElementPresentKeyword.groovy:68)
	at com.kms.katalon.core.keyword.internal.KeywordExecutor.executeKeywordForPlatform(KeywordExecutor.groovy:72)
	at com.kms.katalon.core.webui.keyword.WebUiBuiltInKeywords.verifyElementPresent(WebUiBuiltInKeywords.groovy:1460)
	at com.kms.katalon.core.webui.keyword.WebUiBuiltInKeywords$verifyElementPresent$0.call(Unknown Source)
	at signup_function.run(signup_function:19)
	at com.kms.katalon.core.main.ScriptEngine.run(ScriptEngine.java:194)
	at com.kms.katalon.core.main.ScriptEngine.runScriptAsRawText(ScriptEngine.java:119)
	at com.kms.katalon.core.main.TestCaseExecutor.runScript(TestCaseExecutor.java:337)
	at com.kms.katalon.core.main.TestCaseExecutor.doExecute(TestCaseExecutor.java:328)
	at com.kms.katalon.core.main.TestCaseExecutor.processExecutionPhase(TestCaseExecutor.java:307)
	at com.kms.katalon.core.main.TestCaseExecutor.accessMainPhase(TestCaseExecutor.java:299)
	at com.kms.katalon.core.main.TestCaseExecutor.execute(TestCaseExecutor.java:233)
	at com.kms.katalon.core.main.TestCaseMain.runTestCase(TestCaseMain.java:114)
	at com.kms.katalon.core.keyword.builtin.CallTestCaseKeyword$_callTestCase_closure1.doCall(CallTestCaseKeyword.groovy:59)
	... 20 more
Caused by: com.kms.katalon.core.exception.StepFailedException: com.kms.katalon.core.webui.exception.WebElementNotFoundException: Web element with id: 'Object Repository/Page_Mattermost_Signup/input_email' located by 'By.xpath: //input[@id='email']' not found
	at com.kms.katalon.core.webui.keyword.internal.WebUIKeywordMain.stepFailed(WebUIKeywordMain.groovy:64)
	at com.kms.katalon.core.webui.keyword.builtin.VerifyElementPresentKeyword$_verifyElementPresent_closure1.doCall(VerifyElementPresentKeyword.groovy:85)
	at com.kms.katalon.core.webui.keyword.builtin.VerifyElementPresentKeyword$_verifyElementPresent_closure1.call(VerifyElementPresentKeyword.groovy)
	at com.kms.katalon.core.webui.keyword.internal.WebUIKeywordMain.runKeyword(WebUIKeywordMain.groovy:20)
	... 35 more
)

2020-06-05 23:06:20 - [TEST_CASE][FAILED] - Test Cases/Signup/signup_function: Test Cases/Signup/signup_function FAILED.
Reason:
com.kms.katalon.core.exception.StepFailedException: Unable to verify object 'Object Repository/Page_Mattermost_Signup/input_email' is present
	at com.kms.katalon.core.webui.keyword.internal.WebUIKeywordMain.stepFailed(WebUIKeywordMain.groovy:64)
	at com.kms.katalon.core.webui.keyword.internal.WebUIKeywordMain.runKeyword(WebUIKeywordMain.groovy:26)
	at com.kms.katalon.core.webui.keyword.builtin.VerifyElementPresentKeyword.verifyElementPresent(VerifyElementPresentKeyword.groovy:92)
	at com.kms.katalon.core.webui.keyword.builtin.VerifyElementPresentKeyword.execute(VerifyElementPresentKeyword.groovy:68)
	at com.kms.katalon.core.keyword.internal.KeywordExecutor.executeKeywordForPlatform(KeywordExecutor.groovy:72)
	at com.kms.katalon.core.webui.keyword.WebUiBuiltInKeywords.verifyElementPresent(WebUiBuiltInKeywords.groovy:1460)
	at com.kms.katalon.core.webui.keyword.WebUiBuiltInKeywords$verifyElementPresent$0.call(Unknown Source)
	at signup_function.run(signup_function:19)
	at com.kms.katalon.core.main.ScriptEngine.run(ScriptEngine.java:194)
	at com.kms.katalon.core.main.ScriptEngine.runScriptAsRawText(ScriptEngine.java:119)
	at com.kms.katalon.core.main.TestCaseExecutor.runScript(TestCaseExecutor.java:337)
	at com.kms.katalon.core.main.TestCaseExecutor.doExecute(TestCaseExecutor.java:328)
	at com.kms.katalon.core.main.TestCaseExecutor.processExecutionPhase(TestCaseExecutor.java:307)
	at com.kms.katalon.core.main.TestCaseExecutor.accessMainPhase(TestCaseExecutor.java:299)
	at com.kms.katalon.core.main.TestCaseExecutor.execute(TestCaseExecutor.java:233)
	at com.kms.katalon.core.main.TestCaseMain.runTestCase(TestCaseMain.java:114)
	at com.kms.katalon.core.keyword.builtin.CallTestCaseKeyword$_callTestCase_closure1.doCall(CallTestCaseKeyword.groovy:59)
	at com.kms.katalon.core.keyword.builtin.CallTestCaseKeyword$_callTestCase_closure1.call(CallTestCaseKeyword.groovy)
	at com.kms.katalon.core.keyword.internal.KeywordMain.runKeyword(KeywordMain.groovy:68)
	at com.kms.katalon.core.keyword.builtin.CallTestCaseKeyword.callTestCase(CallTestCaseKeyword.groovy:81)
	at com.kms.katalon.core.keyword.builtin.CallTestCaseKeyword.execute(CallTestCaseKeyword.groovy:44)
	at com.kms.katalon.core.keyword.internal.KeywordExecutor.executeKeywordForPlatform(KeywordExecutor.groovy:72)
	at com.kms.katalon.core.keyword.BuiltinKeywords.callTestCase(BuiltinKeywords.groovy:334)
	at TC_signup_02.run(TC_signup_02:26)
	at com.kms.katalon.core.main.ScriptEngine.run(ScriptEngine.java:194)
	at com.kms.katalon.core.main.ScriptEngine.runScriptAsRawText(ScriptEngine.java:119)
	at com.kms.katalon.core.main.TestCaseExecutor.runScript(TestCaseExecutor.java:337)
	at com.kms.katalon.core.main.TestCaseExecutor.doExecute(TestCaseExecutor.java:328)
	at com.kms.katalon.core.main.TestCaseExecutor.processExecutionPhase(TestCaseExecutor.java:307)
	at com.kms.katalon.core.main.TestCaseExecutor.accessMainPhase(TestCaseExecutor.java:299)
	at com.kms.katalon.core.main.TestCaseExecutor.execute(TestCaseExecutor.java:233)
	at com.kms.katalon.core.main.TestSuiteExecutor.accessTestCaseMainPhase(TestSuiteExecutor.java:169)
	at com.kms.katalon.core.main.TestSuiteExecutor.accessTestSuiteMainPhase(TestSuiteExecutor.java:142)
	at com.kms.katalon.core.main.TestSuiteExecutor.execute(TestSuiteExecutor.java:91)
	at com.kms.katalon.core.main.TestCaseMain.startTestSuite(TestCaseMain.java:157)
	at com.kms.katalon.core.main.TestCaseMain$startTestSuite$0.call(Unknown Source)
	at TempTestSuite1591373123859.run(TempTestSuite1591373123859.groovy:37)
Caused by: com.kms.katalon.core.exception.StepFailedException: com.kms.katalon.core.webui.exception.WebElementNotFoundException: Web element with id: 'Object Repository/Page_Mattermost_Signup/input_email' located by 'By.xpath: //input[@id='email']' not found
	at com.kms.katalon.core.webui.keyword.internal.WebUIKeywordMain.stepFailed(WebUIKeywordMain.groovy:64)
	at com.kms.katalon.core.webui.keyword.builtin.VerifyElementPresentKeyword$_verifyElementPresent_closure1.doCall(VerifyElementPresentKeyword.groovy:85)
	at com.kms.katalon.core.webui.keyword.builtin.VerifyElementPresentKeyword$_verifyElementPresent_closure1.call(VerifyElementPresentKeyword.groovy)
	at com.kms.katalon.core.webui.keyword.internal.WebUIKeywordMain.runKeyword(WebUIKeywordMain.groovy:20)
	... 35 more


2020-06-05 23:06:20 - [TEST_STEP][FAILED] - verifyEqual(verifyElementPresent(findTestObject("Object Repository/Page_Mattermost_Signup/input_email"), 1), true): Unable to verify object 'Object Repository/Page_Mattermost_Signup/input_email' is present (Root cause: com.kms.katalon.core.exception.StepFailedException: Unable to verify object 'Object Repository/Page_Mattermost_Signup/input_email' is present
	at com.kms.katalon.core.webui.keyword.internal.WebUIKeywordMain.stepFailed(WebUIKeywordMain.groovy:64)
	at com.kms.katalon.core.webui.keyword.internal.WebUIKeywordMain.runKeyword(WebUIKeywordMain.groovy:26)
	at com.kms.katalon.core.webui.keyword.builtin.VerifyElementPresentKeyword.verifyElementPresent(VerifyElementPresentKeyword.groovy:92)
	at com.kms.katalon.core.webui.keyword.builtin.VerifyElementPresentKeyword.execute(VerifyElementPresentKeyword.groovy:68)
	at com.kms.katalon.core.keyword.internal.KeywordExecutor.executeKeywordForPlatform(KeywordExecutor.groovy:72)
	at com.kms.katalon.core.webui.keyword.WebUiBuiltInKeywords.verifyElementPresent(WebUiBuiltInKeywords.groovy:1460)
	at com.kms.katalon.core.webui.keyword.WebUiBuiltInKeywords$verifyElementPresent$0.call(Unknown Source)
	at signup_function.run(signup_function:19)
	at com.kms.katalon.core.main.ScriptEngine.run(ScriptEngine.java:194)
	at com.kms.katalon.core.main.ScriptEngine.runScriptAsRawText(ScriptEngine.java:119)
	at com.kms.katalon.core.main.TestCaseExecutor.runScript(TestCaseExecutor.java:337)
	at com.kms.katalon.core.main.TestCaseExecutor.doExecute(TestCaseExecutor.java:328)
	at com.kms.katalon.core.main.TestCaseExecutor.processExecutionPhase(TestCaseExecutor.java:307)
	at com.kms.katalon.core.main.TestCaseExecutor.accessMainPhase(TestCaseExecutor.java:299)
	at com.kms.katalon.core.main.TestCaseExecutor.execute(TestCaseExecutor.java:233)
	at com.kms.katalon.core.main.TestCaseMain.runTestCase(TestCaseMain.java:114)
	at com.kms.katalon.core.keyword.builtin.CallTestCaseKeyword$_callTestCase_closure1.doCall(CallTestCaseKeyword.groovy:59)
	at com.kms.katalon.core.keyword.builtin.CallTestCaseKeyword$_callTestCase_closure1.call(CallTestCaseKeyword.groovy)
	at com.kms.katalon.core.keyword.internal.KeywordMain.runKeyword(KeywordMain.groovy:68)
	at com.kms.katalon.core.keyword.builtin.CallTestCaseKeyword.callTestCase(CallTestCaseKeyword.groovy:81)
	at com.kms.katalon.core.keyword.builtin.CallTestCaseKeyword.execute(CallTestCaseKeyword.groovy:44)
	at com.kms.katalon.core.keyword.internal.KeywordExecutor.executeKeywordForPlatform(KeywordExecutor.groovy:72)
	at com.kms.katalon.core.keyword.BuiltinKeywords.callTestCase(BuiltinKeywords.groovy:334)
	at TC_signup_02.run(TC_signup_02:26)
	at com.kms.katalon.core.main.ScriptEngine.run(ScriptEngine.java:194)
	at com.kms.katalon.core.main.ScriptEngine.runScriptAsRawText(ScriptEngine.java:119)
	at com.kms.katalon.core.main.TestCaseExecutor.runScript(TestCaseExecutor.java:337)
	at com.kms.katalon.core.main.TestCaseExecutor.doExecute(TestCaseExecutor.java:328)
	at com.kms.katalon.core.main.TestCaseExecutor.processExecutionPhase(TestCaseExecutor.java:307)
	at com.kms.katalon.core.main.TestCaseExecutor.accessMainPhase(TestCaseExecutor.java:299)
	at com.kms.katalon.core.main.TestCaseExecutor.execute(TestCaseExecutor.java:233)
	at com.kms.katalon.core.main.TestSuiteExecutor.accessTestCaseMainPhase(TestSuiteExecutor.java:169)
	at com.kms.katalon.core.main.TestSuiteExecutor.accessTestSuiteMainPhase(TestSuiteExecutor.java:142)
	at com.kms.katalon.core.main.TestSuiteExecutor.execute(TestSuiteExecutor.java:91)
	at com.kms.katalon.core.main.TestCaseMain.startTestSuite(TestCaseMain.java:157)
	at com.kms.katalon.core.main.TestCaseMain$startTestSuite$0.call(Unknown Source)
	at TempTestSuite1591373123859.run(TempTestSuite1591373123859.groovy:37)
Caused by: com.kms.katalon.core.exception.StepFailedException: com.kms.katalon.core.webui.exception.WebElementNotFoundException: Web element with id: 'Object Repository/Page_Mattermost_Signup/input_email' located by 'By.xpath: //input[@id='email']' not found
	at com.kms.katalon.core.webui.keyword.internal.WebUIKeywordMain.stepFailed(WebUIKeywordMain.groovy:64)
	at com.kms.katalon.core.webui.keyword.builtin.VerifyElementPresentKeyword$_verifyElementPresent_closure1.doCall(VerifyElementPresentKeyword.groovy:85)
	at com.kms.katalon.core.webui.keyword.builtin.VerifyElementPresentKeyword$_verifyElementPresent_closure1.call(VerifyElementPresentKeyword.groovy)
	at com.kms.katalon.core.webui.keyword.internal.WebUIKeywordMain.runKeyword(WebUIKeywordMain.groovy:20)
	... 35 more
)

2020-06-05 23:06:22 - [MESSAGE][INFO] - Unable to find the element located by 'By.xpath: //input[@id='email']'. Please recheck the objects properties to make sure the desired element is located. 

2020-06-05 23:06:23 - [MESSAGE][FAILED] - com.kms.katalon.core.webui.exception.WebElementNotFoundException: Web element with id: 'Object Repository/Page_Mattermost_Signup/input_email' located by 'By.xpath: //input[@id='email']' not found (Root cause: com.kms.katalon.core.exception.StepFailedException: com.kms.katalon.core.webui.exception.WebElementNotFoundException: Web element with id: 'Object Repository/Page_Mattermost_Signup/input_email' located by 'By.xpath: //input[@id='email']' not found
	at com.kms.katalon.core.webui.keyword.internal.WebUIKeywordMain.stepFailed(WebUIKeywordMain.groovy:64)
	at com.kms.katalon.core.webui.keyword.builtin.VerifyElementPresentKeyword$_verifyElementPresent_closure1.doCall(VerifyElementPresentKeyword.groovy:85)
	at com.kms.katalon.core.webui.keyword.builtin.VerifyElementPresentKeyword$_verifyElementPresent_closure1.call(VerifyElementPresentKeyword.groovy)
	at com.kms.katalon.core.webui.keyword.internal.WebUIKeywordMain.runKeyword(WebUIKeywordMain.groovy:20)
	at com.kms.katalon.core.webui.keyword.builtin.VerifyElementPresentKeyword.verifyElementPresent(VerifyElementPresentKeyword.groovy:92)
	at com.kms.katalon.core.webui.keyword.builtin.VerifyElementPresentKeyword.execute(VerifyElementPresentKeyword.groovy:68)
	at com.kms.katalon.core.keyword.internal.KeywordExecutor.executeKeywordForPlatform(KeywordExecutor.groovy:72)
	at com.kms.katalon.core.webui.keyword.WebUiBuiltInKeywords.verifyElementPresent(WebUiBuiltInKeywords.groovy:1460)
	at com.kms.katalon.core.webui.keyword.WebUiBuiltInKeywords$verifyElementPresent$0.call(Unknown Source)
	at signup_function.run(signup_function:19)
	at com.kms.katalon.core.main.ScriptEngine.run(ScriptEngine.java:194)
	at com.kms.katalon.core.main.ScriptEngine.runScriptAsRawText(ScriptEngine.java:119)
	at com.kms.katalon.core.main.TestCaseExecutor.runScript(TestCaseExecutor.java:337)
	at com.kms.katalon.core.main.TestCaseExecutor.doExecute(TestCaseExecutor.java:328)
	at com.kms.katalon.core.main.TestCaseExecutor.processExecutionPhase(TestCaseExecutor.java:307)
	at com.kms.katalon.core.main.TestCaseExecutor.accessMainPhase(TestCaseExecutor.java:299)
	at com.kms.katalon.core.main.TestCaseExecutor.execute(TestCaseExecutor.java:233)
	at com.kms.katalon.core.main.TestCaseMain.runTestCase(TestCaseMain.java:114)
	at com.kms.katalon.core.keyword.builtin.CallTestCaseKeyword$_callTestCase_closure1.doCall(CallTestCaseKeyword.groovy:59)
	at com.kms.katalon.core.keyword.builtin.CallTestCaseKeyword$_callTestCase_closure1.call(CallTestCaseKeyword.groovy)
	at com.kms.katalon.core.keyword.internal.KeywordMain.runKeyword(KeywordMain.groovy:68)
	at com.kms.katalon.core.keyword.builtin.CallTestCaseKeyword.callTestCase(CallTestCaseKeyword.groovy:81)
	at com.kms.katalon.core.keyword.builtin.CallTestCaseKeyword.execute(CallTestCaseKeyword.groovy:44)
	at com.kms.katalon.core.keyword.internal.KeywordExecutor.executeKeywordForPlatform(KeywordExecutor.groovy:72)
	at com.kms.katalon.core.keyword.BuiltinKeywords.callTestCase(BuiltinKeywords.groovy:334)
	at TC_signup_02.run(TC_signup_02:26)
	at com.kms.katalon.core.main.ScriptEngine.run(ScriptEngine.java:194)
	at com.kms.katalon.core.main.ScriptEngine.runScriptAsRawText(ScriptEngine.java:119)
	at com.kms.katalon.core.main.TestCaseExecutor.runScript(TestCaseExecutor.java:337)
	at com.kms.katalon.core.main.TestCaseExecutor.doExecute(TestCaseExecutor.java:328)
	at com.kms.katalon.core.main.TestCaseExecutor.processExecutionPhase(TestCaseExecutor.java:307)
	at com.kms.katalon.core.main.TestCaseExecutor.accessMainPhase(TestCaseExecutor.java:299)
	at com.kms.katalon.core.main.TestCaseExecutor.execute(TestCaseExecutor.java:233)
	at com.kms.katalon.core.main.TestSuiteExecutor.accessTestCaseMainPhase(TestSuiteExecutor.java:169)
	at com.kms.katalon.core.main.TestSuiteExecutor.accessTestSuiteMainPhase(TestSuiteExecutor.java:142)
	at com.kms.katalon.core.main.TestSuiteExecutor.execute(TestSuiteExecutor.java:91)
	at com.kms.katalon.core.main.TestCaseMain.startTestSuite(TestCaseMain.java:157)
	at com.kms.katalon.core.main.TestCaseMain$startTestSuite$0.call(Unknown Source)
	at TempTestSuite1591373123859.run(TempTestSuite1591373123859.groovy:37)
)
[[ATTACHMENT|D:\\katalon\\hw2-katalon-testing\\Reports\\20200605_230523\\Run_All_Test_Cases\\20200605_230523\\1591373182983.png]]

2020-06-05 23:06:23 - [MESSAGE][FAILED] - Unable to verify object 'Object Repository/Page_Mattermost_Signup/input_email' is present (Root cause: com.kms.katalon.core.exception.StepFailedException: Unable to verify object 'Object Repository/Page_Mattermost_Signup/input_email' is present
	at com.kms.katalon.core.webui.keyword.internal.WebUIKeywordMain.stepFailed(WebUIKeywordMain.groovy:64)
	at com.kms.katalon.core.webui.keyword.internal.WebUIKeywordMain.runKeyword(WebUIKeywordMain.groovy:26)
	at com.kms.katalon.core.webui.keyword.builtin.VerifyElementPresentKeyword.verifyElementPresent(VerifyElementPresentKeyword.groovy:92)
	at com.kms.katalon.core.webui.keyword.builtin.VerifyElementPresentKeyword.execute(VerifyElementPresentKeyword.groovy:68)
	at com.kms.katalon.core.keyword.internal.KeywordExecutor.executeKeywordForPlatform(KeywordExecutor.groovy:72)
	at com.kms.katalon.core.webui.keyword.WebUiBuiltInKeywords.verifyElementPresent(WebUiBuiltInKeywords.groovy:1460)
	at com.kms.katalon.core.webui.keyword.WebUiBuiltInKeywords$verifyElementPresent$0.call(Unknown Source)
	at signup_function.run(signup_function:19)
	at com.kms.katalon.core.main.ScriptEngine.run(ScriptEngine.java:194)
	at com.kms.katalon.core.main.ScriptEngine.runScriptAsRawText(ScriptEngine.java:119)
	at com.kms.katalon.core.main.TestCaseExecutor.runScript(TestCaseExecutor.java:337)
	at com.kms.katalon.core.main.TestCaseExecutor.doExecute(TestCaseExecutor.java:328)
	at com.kms.katalon.core.main.TestCaseExecutor.processExecutionPhase(TestCaseExecutor.java:307)
	at com.kms.katalon.core.main.TestCaseExecutor.accessMainPhase(TestCaseExecutor.java:299)
	at com.kms.katalon.core.main.TestCaseExecutor.execute(TestCaseExecutor.java:233)
	at com.kms.katalon.core.main.TestCaseMain.runTestCase(TestCaseMain.java:114)
	at com.kms.katalon.core.keyword.builtin.CallTestCaseKeyword$_callTestCase_closure1.doCall(CallTestCaseKeyword.groovy:59)
	at com.kms.katalon.core.keyword.builtin.CallTestCaseKeyword$_callTestCase_closure1.call(CallTestCaseKeyword.groovy)
	at com.kms.katalon.core.keyword.internal.KeywordMain.runKeyword(KeywordMain.groovy:68)
	at com.kms.katalon.core.keyword.builtin.CallTestCaseKeyword.callTestCase(CallTestCaseKeyword.groovy:81)
	at com.kms.katalon.core.keyword.builtin.CallTestCaseKeyword.execute(CallTestCaseKeyword.groovy:44)
	at com.kms.katalon.core.keyword.internal.KeywordExecutor.executeKeywordForPlatform(KeywordExecutor.groovy:72)
	at com.kms.katalon.core.keyword.BuiltinKeywords.callTestCase(BuiltinKeywords.groovy:334)
	at TC_signup_02.run(TC_signup_02:26)
	at com.kms.katalon.core.main.ScriptEngine.run(ScriptEngine.java:194)
	at com.kms.katalon.core.main.ScriptEngine.runScriptAsRawText(ScriptEngine.java:119)
	at com.kms.katalon.core.main.TestCaseExecutor.runScript(TestCaseExecutor.java:337)
	at com.kms.katalon.core.main.TestCaseExecutor.doExecute(TestCaseExecutor.java:328)
	at com.kms.katalon.core.main.TestCaseExecutor.processExecutionPhase(TestCaseExecutor.java:307)
	at com.kms.katalon.core.main.TestCaseExecutor.accessMainPhase(TestCaseExecutor.java:299)
	at com.kms.katalon.core.main.TestCaseExecutor.execute(TestCaseExecutor.java:233)
	at com.kms.katalon.core.main.TestSuiteExecutor.accessTestCaseMainPhase(TestSuiteExecutor.java:169)
	at com.kms.katalon.core.main.TestSuiteExecutor.accessTestSuiteMainPhase(TestSuiteExecutor.java:142)
	at com.kms.katalon.core.main.TestSuiteExecutor.execute(TestSuiteExecutor.java:91)
	at com.kms.katalon.core.main.TestCaseMain.startTestSuite(TestCaseMain.java:157)
	at com.kms.katalon.core.main.TestCaseMain$startTestSuite$0.call(Unknown Source)
	at TempTestSuite1591373123859.run(TempTestSuite1591373123859.groovy:37)
Caused by: com.kms.katalon.core.exception.StepFailedException: com.kms.katalon.core.webui.exception.WebElementNotFoundException: Web element with id: 'Object Repository/Page_Mattermost_Signup/input_email' located by 'By.xpath: //input[@id='email']' not found
	at com.kms.katalon.core.webui.keyword.internal.WebUIKeywordMain.stepFailed(WebUIKeywordMain.groovy:64)
	at com.kms.katalon.core.webui.keyword.builtin.VerifyElementPresentKeyword$_verifyElementPresent_closure1.doCall(VerifyElementPresentKeyword.groovy:85)
	at com.kms.katalon.core.webui.keyword.builtin.VerifyElementPresentKeyword$_verifyElementPresent_closure1.call(VerifyElementPresentKeyword.groovy)
	at com.kms.katalon.core.webui.keyword.internal.WebUIKeywordMain.runKeyword(WebUIKeywordMain.groovy:20)
	... 35 more
)
[[ATTACHMENT|D:\\katalon\\hw2-katalon-testing\\Reports\\20200605_230523\\Run_All_Test_Cases\\20200605_230523\\1591373183079.png]]

2020-06-05 23:06:23 - [MESSAGE][FAILED] - Unable to call Test Case 'Test Cases/Signup/signup_function' (Root cause: com.kms.katalon.core.exception.StepFailedException: Call Test Case 'Test Cases/Signup/signup_function' failed
	at com.kms.katalon.core.keyword.builtin.CallTestCaseKeyword$_callTestCase_closure1.doCall(CallTestCaseKeyword.groovy:63)
	at com.kms.katalon.core.keyword.builtin.CallTestCaseKeyword$_callTestCase_closure1.call(CallTestCaseKeyword.groovy)
	at com.kms.katalon.core.keyword.internal.KeywordMain.runKeyword(KeywordMain.groovy:68)
	at com.kms.katalon.core.keyword.builtin.CallTestCaseKeyword.callTestCase(CallTestCaseKeyword.groovy:81)
	at com.kms.katalon.core.keyword.builtin.CallTestCaseKeyword.execute(CallTestCaseKeyword.groovy:44)
	at com.kms.katalon.core.keyword.internal.KeywordExecutor.executeKeywordForPlatform(KeywordExecutor.groovy:72)
	at com.kms.katalon.core.keyword.BuiltinKeywords.callTestCase(BuiltinKeywords.groovy:334)
	at TC_signup_02.run(TC_signup_02:26)
	at com.kms.katalon.core.main.ScriptEngine.run(ScriptEngine.java:194)
	at com.kms.katalon.core.main.ScriptEngine.runScriptAsRawText(ScriptEngine.java:119)
	at com.kms.katalon.core.main.TestCaseExecutor.runScript(TestCaseExecutor.java:337)
	at com.kms.katalon.core.main.TestCaseExecutor.doExecute(TestCaseExecutor.java:328)
	at com.kms.katalon.core.main.TestCaseExecutor.processExecutionPhase(TestCaseExecutor.java:307)
	at com.kms.katalon.core.main.TestCaseExecutor.accessMainPhase(TestCaseExecutor.java:299)
	at com.kms.katalon.core.main.TestCaseExecutor.execute(TestCaseExecutor.java:233)
	at com.kms.katalon.core.main.TestSuiteExecutor.accessTestCaseMainPhase(TestSuiteExecutor.java:169)
	at com.kms.katalon.core.main.TestSuiteExecutor.accessTestSuiteMainPhase(TestSuiteExecutor.java:142)
	at com.kms.katalon.core.main.TestSuiteExecutor.execute(TestSuiteExecutor.java:91)
	at com.kms.katalon.core.main.TestCaseMain.startTestSuite(TestCaseMain.java:157)
	at com.kms.katalon.core.main.TestCaseMain$startTestSuite$0.call(Unknown Source)
	at TempTestSuite1591373123859.run(TempTestSuite1591373123859.groovy:37)
Caused by: com.kms.katalon.core.exception.StepFailedException: Unable to verify object 'Object Repository/Page_Mattermost_Signup/input_email' is present
	at com.kms.katalon.core.webui.keyword.internal.WebUIKeywordMain.stepFailed(WebUIKeywordMain.groovy:64)
	at com.kms.katalon.core.webui.keyword.internal.WebUIKeywordMain.runKeyword(WebUIKeywordMain.groovy:26)
	at com.kms.katalon.core.webui.keyword.builtin.VerifyElementPresentKeyword.verifyElementPresent(VerifyElementPresentKeyword.groovy:92)
	at com.kms.katalon.core.webui.keyword.builtin.VerifyElementPresentKeyword.execute(VerifyElementPresentKeyword.groovy:68)
	at com.kms.katalon.core.keyword.internal.KeywordExecutor.executeKeywordForPlatform(KeywordExecutor.groovy:72)
	at com.kms.katalon.core.webui.keyword.WebUiBuiltInKeywords.verifyElementPresent(WebUiBuiltInKeywords.groovy:1460)
	at com.kms.katalon.core.webui.keyword.WebUiBuiltInKeywords$verifyElementPresent$0.call(Unknown Source)
	at signup_function.run(signup_function:19)
	at com.kms.katalon.core.main.ScriptEngine.run(ScriptEngine.java:194)
	at com.kms.katalon.core.main.ScriptEngine.runScriptAsRawText(ScriptEngine.java:119)
	at com.kms.katalon.core.main.TestCaseExecutor.runScript(TestCaseExecutor.java:337)
	at com.kms.katalon.core.main.TestCaseExecutor.doExecute(TestCaseExecutor.java:328)
	at com.kms.katalon.core.main.TestCaseExecutor.processExecutionPhase(TestCaseExecutor.java:307)
	at com.kms.katalon.core.main.TestCaseExecutor.accessMainPhase(TestCaseExecutor.java:299)
	at com.kms.katalon.core.main.TestCaseExecutor.execute(TestCaseExecutor.java:233)
	at com.kms.katalon.core.main.TestCaseMain.runTestCase(TestCaseMain.java:114)
	at com.kms.katalon.core.keyword.builtin.CallTestCaseKeyword$_callTestCase_closure1.doCall(CallTestCaseKeyword.groovy:59)
	... 20 more
Caused by: com.kms.katalon.core.exception.StepFailedException: com.kms.katalon.core.webui.exception.WebElementNotFoundException: Web element with id: 'Object Repository/Page_Mattermost_Signup/input_email' located by 'By.xpath: //input[@id='email']' not found
	at com.kms.katalon.core.webui.keyword.internal.WebUIKeywordMain.stepFailed(WebUIKeywordMain.groovy:64)
	at com.kms.katalon.core.webui.keyword.builtin.VerifyElementPresentKeyword$_verifyElementPresent_closure1.doCall(VerifyElementPresentKeyword.groovy:85)
	at com.kms.katalon.core.webui.keyword.builtin.VerifyElementPresentKeyword$_verifyElementPresent_closure1.call(VerifyElementPresentKeyword.groovy)
	at com.kms.katalon.core.webui.keyword.internal.WebUIKeywordMain.runKeyword(WebUIKeywordMain.groovy:20)
	... 35 more
)

2020-06-05 23:06:23 - [TEST_STEP][PASSED] - Start tear down : Teardown: Method 'Teardown' complete successfully

2020-06-05 23:06:23 - [TEST_STEP][PASSED] - closeBrowser(): Browser is closed

2020-06-05 23:06:24 - [MESSAGE][PASSED] - Browser is closed

2020-06-05 23:06:24 - [MESSAGE][PASSED] - Method 'Teardown' complete successfully]]></system-out>
         <system-err><![CDATA[2020-06-05 23:06:16 - [TEST_CASE][FAILED] - Test Cases/Signup/TC_signup_02: Test Cases/Signup/TC_signup_02 FAILED.
Reason:
com.kms.katalon.core.exception.StepFailedException: Call Test Case 'Test Cases/Signup/signup_function' failed
	at com.kms.katalon.core.keyword.builtin.CallTestCaseKeyword$_callTestCase_closure1.doCall(CallTestCaseKeyword.groovy:63)
	at com.kms.katalon.core.keyword.builtin.CallTestCaseKeyword$_callTestCase_closure1.call(CallTestCaseKeyword.groovy)
	at com.kms.katalon.core.keyword.internal.KeywordMain.runKeyword(KeywordMain.groovy:68)
	at com.kms.katalon.core.keyword.builtin.CallTestCaseKeyword.callTestCase(CallTestCaseKeyword.groovy:81)
	at com.kms.katalon.core.keyword.builtin.CallTestCaseKeyword.execute(CallTestCaseKeyword.groovy:44)
	at com.kms.katalon.core.keyword.internal.KeywordExecutor.executeKeywordForPlatform(KeywordExecutor.groovy:72)
	at com.kms.katalon.core.keyword.BuiltinKeywords.callTestCase(BuiltinKeywords.groovy:334)
	at TC_signup_02.run(TC_signup_02:26)
	at com.kms.katalon.core.main.ScriptEngine.run(ScriptEngine.java:194)
	at com.kms.katalon.core.main.ScriptEngine.runScriptAsRawText(ScriptEngine.java:119)
	at com.kms.katalon.core.main.TestCaseExecutor.runScript(TestCaseExecutor.java:337)
	at com.kms.katalon.core.main.TestCaseExecutor.doExecute(TestCaseExecutor.java:328)
	at com.kms.katalon.core.main.TestCaseExecutor.processExecutionPhase(TestCaseExecutor.java:307)
	at com.kms.katalon.core.main.TestCaseExecutor.accessMainPhase(TestCaseExecutor.java:299)
	at com.kms.katalon.core.main.TestCaseExecutor.execute(TestCaseExecutor.java:233)
	at com.kms.katalon.core.main.TestSuiteExecutor.accessTestCaseMainPhase(TestSuiteExecutor.java:169)
	at com.kms.katalon.core.main.TestSuiteExecutor.accessTestSuiteMainPhase(TestSuiteExecutor.java:142)
	at com.kms.katalon.core.main.TestSuiteExecutor.execute(TestSuiteExecutor.java:91)
	at com.kms.katalon.core.main.TestCaseMain.startTestSuite(TestCaseMain.java:157)
	at com.kms.katalon.core.main.TestCaseMain$startTestSuite$0.call(Unknown Source)
	at TempTestSuite1591373123859.run(TempTestSuite1591373123859.groovy:37)
Caused by: com.kms.katalon.core.exception.StepFailedException: Unable to verify object 'Object Repository/Page_Mattermost_Signup/input_email' is present
	at com.kms.katalon.core.webui.keyword.internal.WebUIKeywordMain.stepFailed(WebUIKeywordMain.groovy:64)
	at com.kms.katalon.core.webui.keyword.internal.WebUIKeywordMain.runKeyword(WebUIKeywordMain.groovy:26)
	at com.kms.katalon.core.webui.keyword.builtin.VerifyElementPresentKeyword.verifyElementPresent(VerifyElementPresentKeyword.groovy:92)
	at com.kms.katalon.core.webui.keyword.builtin.VerifyElementPresentKeyword.execute(VerifyElementPresentKeyword.groovy:68)
	at com.kms.katalon.core.keyword.internal.KeywordExecutor.executeKeywordForPlatform(KeywordExecutor.groovy:72)
	at com.kms.katalon.core.webui.keyword.WebUiBuiltInKeywords.verifyElementPresent(WebUiBuiltInKeywords.groovy:1460)
	at com.kms.katalon.core.webui.keyword.WebUiBuiltInKeywords$verifyElementPresent$0.call(Unknown Source)
	at signup_function.run(signup_function:19)
	at com.kms.katalon.core.main.ScriptEngine.run(ScriptEngine.java:194)
	at com.kms.katalon.core.main.ScriptEngine.runScriptAsRawText(ScriptEngine.java:119)
	at com.kms.katalon.core.main.TestCaseExecutor.runScript(TestCaseExecutor.java:337)
	at com.kms.katalon.core.main.TestCaseExecutor.doExecute(TestCaseExecutor.java:328)
	at com.kms.katalon.core.main.TestCaseExecutor.processExecutionPhase(TestCaseExecutor.java:307)
	at com.kms.katalon.core.main.TestCaseExecutor.accessMainPhase(TestCaseExecutor.java:299)
	at com.kms.katalon.core.main.TestCaseExecutor.execute(TestCaseExecutor.java:233)
	at com.kms.katalon.core.main.TestCaseMain.runTestCase(TestCaseMain.java:114)
	at com.kms.katalon.core.keyword.builtin.CallTestCaseKeyword$_callTestCase_closure1.doCall(CallTestCaseKeyword.groovy:59)
	... 20 more
Caused by: com.kms.katalon.core.exception.StepFailedException: com.kms.katalon.core.webui.exception.WebElementNotFoundException: Web element with id: 'Object Repository/Page_Mattermost_Signup/input_email' located by 'By.xpath: //input[@id='email']' not found
	at com.kms.katalon.core.webui.keyword.internal.WebUIKeywordMain.stepFailed(WebUIKeywordMain.groovy:64)
	at com.kms.katalon.core.webui.keyword.builtin.VerifyElementPresentKeyword$_verifyElementPresent_closure1.doCall(VerifyElementPresentKeyword.groovy:85)
	at com.kms.katalon.core.webui.keyword.builtin.VerifyElementPresentKeyword$_verifyElementPresent_closure1.call(VerifyElementPresentKeyword.groovy)
	at com.kms.katalon.core.webui.keyword.internal.WebUIKeywordMain.runKeyword(WebUIKeywordMain.groovy:20)
	... 35 more]]></system-err>
      </testcase>
      <testcase name="Test Cases/Signup/TC_signup_02" time="7.788" classname="Test Cases/Signup/TC_signup_02" status="FAILED">
         <failure type="FAILED" message="Test Cases/Signup/TC_signup_02 FAILED.
Reason:
com.kms.katalon.core.exception.StepFailedException: Call Test Case 'Test Cases/Signup/signup_function' failed
	at com.kms.katalon.core.keyword.builtin.CallTestCaseKeyword$_callTestCase_closure1.doCall(CallTestCaseKeyword.groovy:63)
	at com.kms.katalon.core.keyword.builtin.CallTestCaseKeyword$_callTestCase_closure1.call(CallTestCaseKeyword.groovy)
	at com.kms.katalon.core.keyword.internal.KeywordMain.runKeyword(KeywordMain.groovy:68)
	at com.kms.katalon.core.keyword.builtin.CallTestCaseKeyword.callTestCase(CallTestCaseKeyword.groovy:81)
	at com.kms.katalon.core.keyword.builtin.CallTestCaseKeyword.execute(CallTestCaseKeyword.groovy:44)
	at com.kms.katalon.core.keyword.internal.KeywordExecutor.executeKeywordForPlatform(KeywordExecutor.groovy:72)
	at com.kms.katalon.core.keyword.BuiltinKeywords.callTestCase(BuiltinKeywords.groovy:334)
	at TC_signup_02.run(TC_signup_02:26)
	at com.kms.katalon.core.main.ScriptEngine.run(ScriptEngine.java:194)
	at com.kms.katalon.core.main.ScriptEngine.runScriptAsRawText(ScriptEngine.java:119)
	at com.kms.katalon.core.main.TestCaseExecutor.runScript(TestCaseExecutor.java:337)
	at com.kms.katalon.core.main.TestCaseExecutor.doExecute(TestCaseExecutor.java:328)
	at com.kms.katalon.core.main.TestCaseExecutor.processExecutionPhase(TestCaseExecutor.java:307)
	at com.kms.katalon.core.main.TestCaseExecutor.accessMainPhase(TestCaseExecutor.java:299)
	at com.kms.katalon.core.main.TestCaseExecutor.execute(TestCaseExecutor.java:233)
	at com.kms.katalon.core.main.TestSuiteExecutor.accessTestCaseMainPhase(TestSuiteExecutor.java:169)
	at com.kms.katalon.core.main.TestSuiteExecutor.accessTestSuiteMainPhase(TestSuiteExecutor.java:142)
	at com.kms.katalon.core.main.TestSuiteExecutor.execute(TestSuiteExecutor.java:91)
	at com.kms.katalon.core.main.TestCaseMain.startTestSuite(TestCaseMain.java:157)
	at com.kms.katalon.core.main.TestCaseMain$startTestSuite$0.call(Unknown Source)
	at TempTestSuite1591373123859.run(TempTestSuite1591373123859.groovy:37)
Caused by: com.kms.katalon.core.exception.StepFailedException: Unable to verify object 'Object Repository/Page_Mattermost_Signup/input_email' is present
	at com.kms.katalon.core.webui.keyword.internal.WebUIKeywordMain.stepFailed(WebUIKeywordMain.groovy:64)
	at com.kms.katalon.core.webui.keyword.internal.WebUIKeywordMain.runKeyword(WebUIKeywordMain.groovy:26)
	at com.kms.katalon.core.webui.keyword.builtin.VerifyElementPresentKeyword.verifyElementPresent(VerifyElementPresentKeyword.groovy:92)
	at com.kms.katalon.core.webui.keyword.builtin.VerifyElementPresentKeyword.execute(VerifyElementPresentKeyword.groovy:68)
	at com.kms.katalon.core.keyword.internal.KeywordExecutor.executeKeywordForPlatform(KeywordExecutor.groovy:72)
	at com.kms.katalon.core.webui.keyword.WebUiBuiltInKeywords.verifyElementPresent(WebUiBuiltInKeywords.groovy:1460)
	at com.kms.katalon.core.webui.keyword.WebUiBuiltInKeywords$verifyElementPresent$0.call(Unknown Source)
	at signup_function.run(signup_function:19)
	at com.kms.katalon.core.main.ScriptEngine.run(ScriptEngine.java:194)
	at com.kms.katalon.core.main.ScriptEngine.runScriptAsRawText(ScriptEngine.java:119)
	at com.kms.katalon.core.main.TestCaseExecutor.runScript(TestCaseExecutor.java:337)
	at com.kms.katalon.core.main.TestCaseExecutor.doExecute(TestCaseExecutor.java:328)
	at com.kms.katalon.core.main.TestCaseExecutor.processExecutionPhase(TestCaseExecutor.java:307)
	at com.kms.katalon.core.main.TestCaseExecutor.accessMainPhase(TestCaseExecutor.java:299)
	at com.kms.katalon.core.main.TestCaseExecutor.execute(TestCaseExecutor.java:233)
	at com.kms.katalon.core.main.TestCaseMain.runTestCase(TestCaseMain.java:114)
	at com.kms.katalon.core.keyword.builtin.CallTestCaseKeyword$_callTestCase_closure1.doCall(CallTestCaseKeyword.groovy:59)
	... 20 more
Caused by: com.kms.katalon.core.exception.StepFailedException: com.kms.katalon.core.webui.exception.WebElementNotFoundException: Web element with id: 'Object Repository/Page_Mattermost_Signup/input_email' located by 'By.xpath: //input[@id='email']' not found
	at com.kms.katalon.core.webui.keyword.internal.WebUIKeywordMain.stepFailed(WebUIKeywordMain.groovy:64)
	at com.kms.katalon.core.webui.keyword.builtin.VerifyElementPresentKeyword$_verifyElementPresent_closure1.doCall(VerifyElementPresentKeyword.groovy:85)
	at com.kms.katalon.core.webui.keyword.builtin.VerifyElementPresentKeyword$_verifyElementPresent_closure1.call(VerifyElementPresentKeyword.groovy)
	at com.kms.katalon.core.webui.keyword.internal.WebUIKeywordMain.runKeyword(WebUIKeywordMain.groovy:20)
	... 35 more
"/>
         <system-out><![CDATA[2020-06-05 23:06:24 - [TEST_CASE][FAILED] - Test Cases/Signup/TC_signup_02: Test Cases/Signup/TC_signup_02 FAILED.
Reason:
com.kms.katalon.core.exception.StepFailedException: Call Test Case 'Test Cases/Signup/signup_function' failed
	at com.kms.katalon.core.keyword.builtin.CallTestCaseKeyword$_callTestCase_closure1.doCall(CallTestCaseKeyword.groovy:63)
	at com.kms.katalon.core.keyword.builtin.CallTestCaseKeyword$_callTestCase_closure1.call(CallTestCaseKeyword.groovy)
	at com.kms.katalon.core.keyword.internal.KeywordMain.runKeyword(KeywordMain.groovy:68)
	at com.kms.katalon.core.keyword.builtin.CallTestCaseKeyword.callTestCase(CallTestCaseKeyword.groovy:81)
	at com.kms.katalon.core.keyword.builtin.CallTestCaseKeyword.execute(CallTestCaseKeyword.groovy:44)
	at com.kms.katalon.core.keyword.internal.KeywordExecutor.executeKeywordForPlatform(KeywordExecutor.groovy:72)
	at com.kms.katalon.core.keyword.BuiltinKeywords.callTestCase(BuiltinKeywords.groovy:334)
	at TC_signup_02.run(TC_signup_02:26)
	at com.kms.katalon.core.main.ScriptEngine.run(ScriptEngine.java:194)
	at com.kms.katalon.core.main.ScriptEngine.runScriptAsRawText(ScriptEngine.java:119)
	at com.kms.katalon.core.main.TestCaseExecutor.runScript(TestCaseExecutor.java:337)
	at com.kms.katalon.core.main.TestCaseExecutor.doExecute(TestCaseExecutor.java:328)
	at com.kms.katalon.core.main.TestCaseExecutor.processExecutionPhase(TestCaseExecutor.java:307)
	at com.kms.katalon.core.main.TestCaseExecutor.accessMainPhase(TestCaseExecutor.java:299)
	at com.kms.katalon.core.main.TestCaseExecutor.execute(TestCaseExecutor.java:233)
	at com.kms.katalon.core.main.TestSuiteExecutor.accessTestCaseMainPhase(TestSuiteExecutor.java:169)
	at com.kms.katalon.core.main.TestSuiteExecutor.accessTestSuiteMainPhase(TestSuiteExecutor.java:142)
	at com.kms.katalon.core.main.TestSuiteExecutor.execute(TestSuiteExecutor.java:91)
	at com.kms.katalon.core.main.TestCaseMain.startTestSuite(TestCaseMain.java:157)
	at com.kms.katalon.core.main.TestCaseMain$startTestSuite$0.call(Unknown Source)
	at TempTestSuite1591373123859.run(TempTestSuite1591373123859.groovy:37)
Caused by: com.kms.katalon.core.exception.StepFailedException: Unable to verify object 'Object Repository/Page_Mattermost_Signup/input_email' is present
	at com.kms.katalon.core.webui.keyword.internal.WebUIKeywordMain.stepFailed(WebUIKeywordMain.groovy:64)
	at com.kms.katalon.core.webui.keyword.internal.WebUIKeywordMain.runKeyword(WebUIKeywordMain.groovy:26)
	at com.kms.katalon.core.webui.keyword.builtin.VerifyElementPresentKeyword.verifyElementPresent(VerifyElementPresentKeyword.groovy:92)
	at com.kms.katalon.core.webui.keyword.builtin.VerifyElementPresentKeyword.execute(VerifyElementPresentKeyword.groovy:68)
	at com.kms.katalon.core.keyword.internal.KeywordExecutor.executeKeywordForPlatform(KeywordExecutor.groovy:72)
	at com.kms.katalon.core.webui.keyword.WebUiBuiltInKeywords.verifyElementPresent(WebUiBuiltInKeywords.groovy:1460)
	at com.kms.katalon.core.webui.keyword.WebUiBuiltInKeywords$verifyElementPresent$0.call(Unknown Source)
	at signup_function.run(signup_function:19)
	at com.kms.katalon.core.main.ScriptEngine.run(ScriptEngine.java:194)
	at com.kms.katalon.core.main.ScriptEngine.runScriptAsRawText(ScriptEngine.java:119)
	at com.kms.katalon.core.main.TestCaseExecutor.runScript(TestCaseExecutor.java:337)
	at com.kms.katalon.core.main.TestCaseExecutor.doExecute(TestCaseExecutor.java:328)
	at com.kms.katalon.core.main.TestCaseExecutor.processExecutionPhase(TestCaseExecutor.java:307)
	at com.kms.katalon.core.main.TestCaseExecutor.accessMainPhase(TestCaseExecutor.java:299)
	at com.kms.katalon.core.main.TestCaseExecutor.execute(TestCaseExecutor.java:233)
	at com.kms.katalon.core.main.TestCaseMain.runTestCase(TestCaseMain.java:114)
	at com.kms.katalon.core.keyword.builtin.CallTestCaseKeyword$_callTestCase_closure1.doCall(CallTestCaseKeyword.groovy:59)
	... 20 more
Caused by: com.kms.katalon.core.exception.StepFailedException: com.kms.katalon.core.webui.exception.WebElementNotFoundException: Web element with id: 'Object Repository/Page_Mattermost_Signup/input_email' located by 'By.xpath: //input[@id='email']' not found
	at com.kms.katalon.core.webui.keyword.internal.WebUIKeywordMain.stepFailed(WebUIKeywordMain.groovy:64)
	at com.kms.katalon.core.webui.keyword.builtin.VerifyElementPresentKeyword$_verifyElementPresent_closure1.doCall(VerifyElementPresentKeyword.groovy:85)
	at com.kms.katalon.core.webui.keyword.builtin.VerifyElementPresentKeyword$_verifyElementPresent_closure1.call(VerifyElementPresentKeyword.groovy)
	at com.kms.katalon.core.webui.keyword.internal.WebUIKeywordMain.runKeyword(WebUIKeywordMain.groovy:20)
	... 35 more


2020-06-05 23:06:24 - [TEST_STEP][PASSED] - Start setup action : Setup: Method 'Setup' complete successfully

2020-06-05 23:06:24 - [TEST_STEP][PASSED] - openBrowser("http://192.168.1.10:8065/signup_email"): Browser is opened with url: 'http://192.168.1.10:8065/signup_email'

2020-06-05 23:06:24 - [MESSAGE][INFO] - Starting 'Firefox' driver

2020-06-05 23:06:24 - [MESSAGE][INFO] - Action delay is set to 0 milliseconds

2020-06-05 23:06:28 - [MESSAGE][PASSED] - Browser is opened with url: 'http://192.168.1.10:8065/signup_email'

2020-06-05 23:06:28 - [MESSAGE][PASSED] - Method 'Setup' complete successfully

2020-06-05 23:06:28 - [TEST_STEP][FAILED] - callTestCase(findTestCase("Test Cases/Signup/signup_function"), ["var_email":var_email, "var_name":var_name, "var_password":var_password], STOP_ON_FAILURE): Unable to call Test Case 'Test Cases/Signup/signup_function' (Root cause: com.kms.katalon.core.exception.StepFailedException: Call Test Case 'Test Cases/Signup/signup_function' failed
	at com.kms.katalon.core.keyword.builtin.CallTestCaseKeyword$_callTestCase_closure1.doCall(CallTestCaseKeyword.groovy:63)
	at com.kms.katalon.core.keyword.builtin.CallTestCaseKeyword$_callTestCase_closure1.call(CallTestCaseKeyword.groovy)
	at com.kms.katalon.core.keyword.internal.KeywordMain.runKeyword(KeywordMain.groovy:68)
	at com.kms.katalon.core.keyword.builtin.CallTestCaseKeyword.callTestCase(CallTestCaseKeyword.groovy:81)
	at com.kms.katalon.core.keyword.builtin.CallTestCaseKeyword.execute(CallTestCaseKeyword.groovy:44)
	at com.kms.katalon.core.keyword.internal.KeywordExecutor.executeKeywordForPlatform(KeywordExecutor.groovy:72)
	at com.kms.katalon.core.keyword.BuiltinKeywords.callTestCase(BuiltinKeywords.groovy:334)
	at TC_signup_02.run(TC_signup_02:26)
	at com.kms.katalon.core.main.ScriptEngine.run(ScriptEngine.java:194)
	at com.kms.katalon.core.main.ScriptEngine.runScriptAsRawText(ScriptEngine.java:119)
	at com.kms.katalon.core.main.TestCaseExecutor.runScript(TestCaseExecutor.java:337)
	at com.kms.katalon.core.main.TestCaseExecutor.doExecute(TestCaseExecutor.java:328)
	at com.kms.katalon.core.main.TestCaseExecutor.processExecutionPhase(TestCaseExecutor.java:307)
	at com.kms.katalon.core.main.TestCaseExecutor.accessMainPhase(TestCaseExecutor.java:299)
	at com.kms.katalon.core.main.TestCaseExecutor.execute(TestCaseExecutor.java:233)
	at com.kms.katalon.core.main.TestSuiteExecutor.accessTestCaseMainPhase(TestSuiteExecutor.java:169)
	at com.kms.katalon.core.main.TestSuiteExecutor.accessTestSuiteMainPhase(TestSuiteExecutor.java:142)
	at com.kms.katalon.core.main.TestSuiteExecutor.execute(TestSuiteExecutor.java:91)
	at com.kms.katalon.core.main.TestCaseMain.startTestSuite(TestCaseMain.java:157)
	at com.kms.katalon.core.main.TestCaseMain$startTestSuite$0.call(Unknown Source)
	at TempTestSuite1591373123859.run(TempTestSuite1591373123859.groovy:37)
Caused by: com.kms.katalon.core.exception.StepFailedException: Unable to verify object 'Object Repository/Page_Mattermost_Signup/input_email' is present
	at com.kms.katalon.core.webui.keyword.internal.WebUIKeywordMain.stepFailed(WebUIKeywordMain.groovy:64)
	at com.kms.katalon.core.webui.keyword.internal.WebUIKeywordMain.runKeyword(WebUIKeywordMain.groovy:26)
	at com.kms.katalon.core.webui.keyword.builtin.VerifyElementPresentKeyword.verifyElementPresent(VerifyElementPresentKeyword.groovy:92)
	at com.kms.katalon.core.webui.keyword.builtin.VerifyElementPresentKeyword.execute(VerifyElementPresentKeyword.groovy:68)
	at com.kms.katalon.core.keyword.internal.KeywordExecutor.executeKeywordForPlatform(KeywordExecutor.groovy:72)
	at com.kms.katalon.core.webui.keyword.WebUiBuiltInKeywords.verifyElementPresent(WebUiBuiltInKeywords.groovy:1460)
	at com.kms.katalon.core.webui.keyword.WebUiBuiltInKeywords$verifyElementPresent$0.call(Unknown Source)
	at signup_function.run(signup_function:19)
	at com.kms.katalon.core.main.ScriptEngine.run(ScriptEngine.java:194)
	at com.kms.katalon.core.main.ScriptEngine.runScriptAsRawText(ScriptEngine.java:119)
	at com.kms.katalon.core.main.TestCaseExecutor.runScript(TestCaseExecutor.java:337)
	at com.kms.katalon.core.main.TestCaseExecutor.doExecute(TestCaseExecutor.java:328)
	at com.kms.katalon.core.main.TestCaseExecutor.processExecutionPhase(TestCaseExecutor.java:307)
	at com.kms.katalon.core.main.TestCaseExecutor.accessMainPhase(TestCaseExecutor.java:299)
	at com.kms.katalon.core.main.TestCaseExecutor.execute(TestCaseExecutor.java:233)
	at com.kms.katalon.core.main.TestCaseMain.runTestCase(TestCaseMain.java:114)
	at com.kms.katalon.core.keyword.builtin.CallTestCaseKeyword$_callTestCase_closure1.doCall(CallTestCaseKeyword.groovy:59)
	... 20 more
Caused by: com.kms.katalon.core.exception.StepFailedException: com.kms.katalon.core.webui.exception.WebElementNotFoundException: Web element with id: 'Object Repository/Page_Mattermost_Signup/input_email' located by 'By.xpath: //input[@id='email']' not found
	at com.kms.katalon.core.webui.keyword.internal.WebUIKeywordMain.stepFailed(WebUIKeywordMain.groovy:64)
	at com.kms.katalon.core.webui.keyword.builtin.VerifyElementPresentKeyword$_verifyElementPresent_closure1.doCall(VerifyElementPresentKeyword.groovy:85)
	at com.kms.katalon.core.webui.keyword.builtin.VerifyElementPresentKeyword$_verifyElementPresent_closure1.call(VerifyElementPresentKeyword.groovy)
	at com.kms.katalon.core.webui.keyword.internal.WebUIKeywordMain.runKeyword(WebUIKeywordMain.groovy:20)
	... 35 more
)

2020-06-05 23:06:28 - [TEST_CASE][FAILED] - Test Cases/Signup/signup_function: Test Cases/Signup/signup_function FAILED.
Reason:
com.kms.katalon.core.exception.StepFailedException: Unable to verify object 'Object Repository/Page_Mattermost_Signup/input_email' is present
	at com.kms.katalon.core.webui.keyword.internal.WebUIKeywordMain.stepFailed(WebUIKeywordMain.groovy:64)
	at com.kms.katalon.core.webui.keyword.internal.WebUIKeywordMain.runKeyword(WebUIKeywordMain.groovy:26)
	at com.kms.katalon.core.webui.keyword.builtin.VerifyElementPresentKeyword.verifyElementPresent(VerifyElementPresentKeyword.groovy:92)
	at com.kms.katalon.core.webui.keyword.builtin.VerifyElementPresentKeyword.execute(VerifyElementPresentKeyword.groovy:68)
	at com.kms.katalon.core.keyword.internal.KeywordExecutor.executeKeywordForPlatform(KeywordExecutor.groovy:72)
	at com.kms.katalon.core.webui.keyword.WebUiBuiltInKeywords.verifyElementPresent(WebUiBuiltInKeywords.groovy:1460)
	at com.kms.katalon.core.webui.keyword.WebUiBuiltInKeywords$verifyElementPresent$0.call(Unknown Source)
	at signup_function.run(signup_function:19)
	at com.kms.katalon.core.main.ScriptEngine.run(ScriptEngine.java:194)
	at com.kms.katalon.core.main.ScriptEngine.runScriptAsRawText(ScriptEngine.java:119)
	at com.kms.katalon.core.main.TestCaseExecutor.runScript(TestCaseExecutor.java:337)
	at com.kms.katalon.core.main.TestCaseExecutor.doExecute(TestCaseExecutor.java:328)
	at com.kms.katalon.core.main.TestCaseExecutor.processExecutionPhase(TestCaseExecutor.java:307)
	at com.kms.katalon.core.main.TestCaseExecutor.accessMainPhase(TestCaseExecutor.java:299)
	at com.kms.katalon.core.main.TestCaseExecutor.execute(TestCaseExecutor.java:233)
	at com.kms.katalon.core.main.TestCaseMain.runTestCase(TestCaseMain.java:114)
	at com.kms.katalon.core.keyword.builtin.CallTestCaseKeyword$_callTestCase_closure1.doCall(CallTestCaseKeyword.groovy:59)
	at com.kms.katalon.core.keyword.builtin.CallTestCaseKeyword$_callTestCase_closure1.call(CallTestCaseKeyword.groovy)
	at com.kms.katalon.core.keyword.internal.KeywordMain.runKeyword(KeywordMain.groovy:68)
	at com.kms.katalon.core.keyword.builtin.CallTestCaseKeyword.callTestCase(CallTestCaseKeyword.groovy:81)
	at com.kms.katalon.core.keyword.builtin.CallTestCaseKeyword.execute(CallTestCaseKeyword.groovy:44)
	at com.kms.katalon.core.keyword.internal.KeywordExecutor.executeKeywordForPlatform(KeywordExecutor.groovy:72)
	at com.kms.katalon.core.keyword.BuiltinKeywords.callTestCase(BuiltinKeywords.groovy:334)
	at TC_signup_02.run(TC_signup_02:26)
	at com.kms.katalon.core.main.ScriptEngine.run(ScriptEngine.java:194)
	at com.kms.katalon.core.main.ScriptEngine.runScriptAsRawText(ScriptEngine.java:119)
	at com.kms.katalon.core.main.TestCaseExecutor.runScript(TestCaseExecutor.java:337)
	at com.kms.katalon.core.main.TestCaseExecutor.doExecute(TestCaseExecutor.java:328)
	at com.kms.katalon.core.main.TestCaseExecutor.processExecutionPhase(TestCaseExecutor.java:307)
	at com.kms.katalon.core.main.TestCaseExecutor.accessMainPhase(TestCaseExecutor.java:299)
	at com.kms.katalon.core.main.TestCaseExecutor.execute(TestCaseExecutor.java:233)
	at com.kms.katalon.core.main.TestSuiteExecutor.accessTestCaseMainPhase(TestSuiteExecutor.java:169)
	at com.kms.katalon.core.main.TestSuiteExecutor.accessTestSuiteMainPhase(TestSuiteExecutor.java:142)
	at com.kms.katalon.core.main.TestSuiteExecutor.execute(TestSuiteExecutor.java:91)
	at com.kms.katalon.core.main.TestCaseMain.startTestSuite(TestCaseMain.java:157)
	at com.kms.katalon.core.main.TestCaseMain$startTestSuite$0.call(Unknown Source)
	at TempTestSuite1591373123859.run(TempTestSuite1591373123859.groovy:37)
Caused by: com.kms.katalon.core.exception.StepFailedException: com.kms.katalon.core.webui.exception.WebElementNotFoundException: Web element with id: 'Object Repository/Page_Mattermost_Signup/input_email' located by 'By.xpath: //input[@id='email']' not found
	at com.kms.katalon.core.webui.keyword.internal.WebUIKeywordMain.stepFailed(WebUIKeywordMain.groovy:64)
	at com.kms.katalon.core.webui.keyword.builtin.VerifyElementPresentKeyword$_verifyElementPresent_closure1.doCall(VerifyElementPresentKeyword.groovy:85)
	at com.kms.katalon.core.webui.keyword.builtin.VerifyElementPresentKeyword$_verifyElementPresent_closure1.call(VerifyElementPresentKeyword.groovy)
	at com.kms.katalon.core.webui.keyword.internal.WebUIKeywordMain.runKeyword(WebUIKeywordMain.groovy:20)
	... 35 more


2020-06-05 23:06:28 - [TEST_STEP][FAILED] - verifyEqual(verifyElementPresent(findTestObject("Object Repository/Page_Mattermost_Signup/input_email"), 1), true): Unable to verify object 'Object Repository/Page_Mattermost_Signup/input_email' is present (Root cause: com.kms.katalon.core.exception.StepFailedException: Unable to verify object 'Object Repository/Page_Mattermost_Signup/input_email' is present
	at com.kms.katalon.core.webui.keyword.internal.WebUIKeywordMain.stepFailed(WebUIKeywordMain.groovy:64)
	at com.kms.katalon.core.webui.keyword.internal.WebUIKeywordMain.runKeyword(WebUIKeywordMain.groovy:26)
	at com.kms.katalon.core.webui.keyword.builtin.VerifyElementPresentKeyword.verifyElementPresent(VerifyElementPresentKeyword.groovy:92)
	at com.kms.katalon.core.webui.keyword.builtin.VerifyElementPresentKeyword.execute(VerifyElementPresentKeyword.groovy:68)
	at com.kms.katalon.core.keyword.internal.KeywordExecutor.executeKeywordForPlatform(KeywordExecutor.groovy:72)
	at com.kms.katalon.core.webui.keyword.WebUiBuiltInKeywords.verifyElementPresent(WebUiBuiltInKeywords.groovy:1460)
	at com.kms.katalon.core.webui.keyword.WebUiBuiltInKeywords$verifyElementPresent$0.call(Unknown Source)
	at signup_function.run(signup_function:19)
	at com.kms.katalon.core.main.ScriptEngine.run(ScriptEngine.java:194)
	at com.kms.katalon.core.main.ScriptEngine.runScriptAsRawText(ScriptEngine.java:119)
	at com.kms.katalon.core.main.TestCaseExecutor.runScript(TestCaseExecutor.java:337)
	at com.kms.katalon.core.main.TestCaseExecutor.doExecute(TestCaseExecutor.java:328)
	at com.kms.katalon.core.main.TestCaseExecutor.processExecutionPhase(TestCaseExecutor.java:307)
	at com.kms.katalon.core.main.TestCaseExecutor.accessMainPhase(TestCaseExecutor.java:299)
	at com.kms.katalon.core.main.TestCaseExecutor.execute(TestCaseExecutor.java:233)
	at com.kms.katalon.core.main.TestCaseMain.runTestCase(TestCaseMain.java:114)
	at com.kms.katalon.core.keyword.builtin.CallTestCaseKeyword$_callTestCase_closure1.doCall(CallTestCaseKeyword.groovy:59)
	at com.kms.katalon.core.keyword.builtin.CallTestCaseKeyword$_callTestCase_closure1.call(CallTestCaseKeyword.groovy)
	at com.kms.katalon.core.keyword.internal.KeywordMain.runKeyword(KeywordMain.groovy:68)
	at com.kms.katalon.core.keyword.builtin.CallTestCaseKeyword.callTestCase(CallTestCaseKeyword.groovy:81)
	at com.kms.katalon.core.keyword.builtin.CallTestCaseKeyword.execute(CallTestCaseKeyword.groovy:44)
	at com.kms.katalon.core.keyword.internal.KeywordExecutor.executeKeywordForPlatform(KeywordExecutor.groovy:72)
	at com.kms.katalon.core.keyword.BuiltinKeywords.callTestCase(BuiltinKeywords.groovy:334)
	at TC_signup_02.run(TC_signup_02:26)
	at com.kms.katalon.core.main.ScriptEngine.run(ScriptEngine.java:194)
	at com.kms.katalon.core.main.ScriptEngine.runScriptAsRawText(ScriptEngine.java:119)
	at com.kms.katalon.core.main.TestCaseExecutor.runScript(TestCaseExecutor.java:337)
	at com.kms.katalon.core.main.TestCaseExecutor.doExecute(TestCaseExecutor.java:328)
	at com.kms.katalon.core.main.TestCaseExecutor.processExecutionPhase(TestCaseExecutor.java:307)
	at com.kms.katalon.core.main.TestCaseExecutor.accessMainPhase(TestCaseExecutor.java:299)
	at com.kms.katalon.core.main.TestCaseExecutor.execute(TestCaseExecutor.java:233)
	at com.kms.katalon.core.main.TestSuiteExecutor.accessTestCaseMainPhase(TestSuiteExecutor.java:169)
	at com.kms.katalon.core.main.TestSuiteExecutor.accessTestSuiteMainPhase(TestSuiteExecutor.java:142)
	at com.kms.katalon.core.main.TestSuiteExecutor.execute(TestSuiteExecutor.java:91)
	at com.kms.katalon.core.main.TestCaseMain.startTestSuite(TestCaseMain.java:157)
	at com.kms.katalon.core.main.TestCaseMain$startTestSuite$0.call(Unknown Source)
	at TempTestSuite1591373123859.run(TempTestSuite1591373123859.groovy:37)
Caused by: com.kms.katalon.core.exception.StepFailedException: com.kms.katalon.core.webui.exception.WebElementNotFoundException: Web element with id: 'Object Repository/Page_Mattermost_Signup/input_email' located by 'By.xpath: //input[@id='email']' not found
	at com.kms.katalon.core.webui.keyword.internal.WebUIKeywordMain.stepFailed(WebUIKeywordMain.groovy:64)
	at com.kms.katalon.core.webui.keyword.builtin.VerifyElementPresentKeyword$_verifyElementPresent_closure1.doCall(VerifyElementPresentKeyword.groovy:85)
	at com.kms.katalon.core.webui.keyword.builtin.VerifyElementPresentKeyword$_verifyElementPresent_closure1.call(VerifyElementPresentKeyword.groovy)
	at com.kms.katalon.core.webui.keyword.internal.WebUIKeywordMain.runKeyword(WebUIKeywordMain.groovy:20)
	... 35 more
)

2020-06-05 23:06:30 - [MESSAGE][INFO] - Unable to find the element located by 'By.xpath: //input[@id='email']'. Please recheck the objects properties to make sure the desired element is located. 

2020-06-05 23:06:30 - [MESSAGE][FAILED] - com.kms.katalon.core.webui.exception.WebElementNotFoundException: Web element with id: 'Object Repository/Page_Mattermost_Signup/input_email' located by 'By.xpath: //input[@id='email']' not found (Root cause: com.kms.katalon.core.exception.StepFailedException: com.kms.katalon.core.webui.exception.WebElementNotFoundException: Web element with id: 'Object Repository/Page_Mattermost_Signup/input_email' located by 'By.xpath: //input[@id='email']' not found
	at com.kms.katalon.core.webui.keyword.internal.WebUIKeywordMain.stepFailed(WebUIKeywordMain.groovy:64)
	at com.kms.katalon.core.webui.keyword.builtin.VerifyElementPresentKeyword$_verifyElementPresent_closure1.doCall(VerifyElementPresentKeyword.groovy:85)
	at com.kms.katalon.core.webui.keyword.builtin.VerifyElementPresentKeyword$_verifyElementPresent_closure1.call(VerifyElementPresentKeyword.groovy)
	at com.kms.katalon.core.webui.keyword.internal.WebUIKeywordMain.runKeyword(WebUIKeywordMain.groovy:20)
	at com.kms.katalon.core.webui.keyword.builtin.VerifyElementPresentKeyword.verifyElementPresent(VerifyElementPresentKeyword.groovy:92)
	at com.kms.katalon.core.webui.keyword.builtin.VerifyElementPresentKeyword.execute(VerifyElementPresentKeyword.groovy:68)
	at com.kms.katalon.core.keyword.internal.KeywordExecutor.executeKeywordForPlatform(KeywordExecutor.groovy:72)
	at com.kms.katalon.core.webui.keyword.WebUiBuiltInKeywords.verifyElementPresent(WebUiBuiltInKeywords.groovy:1460)
	at com.kms.katalon.core.webui.keyword.WebUiBuiltInKeywords$verifyElementPresent$0.call(Unknown Source)
	at signup_function.run(signup_function:19)
	at com.kms.katalon.core.main.ScriptEngine.run(ScriptEngine.java:194)
	at com.kms.katalon.core.main.ScriptEngine.runScriptAsRawText(ScriptEngine.java:119)
	at com.kms.katalon.core.main.TestCaseExecutor.runScript(TestCaseExecutor.java:337)
	at com.kms.katalon.core.main.TestCaseExecutor.doExecute(TestCaseExecutor.java:328)
	at com.kms.katalon.core.main.TestCaseExecutor.processExecutionPhase(TestCaseExecutor.java:307)
	at com.kms.katalon.core.main.TestCaseExecutor.accessMainPhase(TestCaseExecutor.java:299)
	at com.kms.katalon.core.main.TestCaseExecutor.execute(TestCaseExecutor.java:233)
	at com.kms.katalon.core.main.TestCaseMain.runTestCase(TestCaseMain.java:114)
	at com.kms.katalon.core.keyword.builtin.CallTestCaseKeyword$_callTestCase_closure1.doCall(CallTestCaseKeyword.groovy:59)
	at com.kms.katalon.core.keyword.builtin.CallTestCaseKeyword$_callTestCase_closure1.call(CallTestCaseKeyword.groovy)
	at com.kms.katalon.core.keyword.internal.KeywordMain.runKeyword(KeywordMain.groovy:68)
	at com.kms.katalon.core.keyword.builtin.CallTestCaseKeyword.callTestCase(CallTestCaseKeyword.groovy:81)
	at com.kms.katalon.core.keyword.builtin.CallTestCaseKeyword.execute(CallTestCaseKeyword.groovy:44)
	at com.kms.katalon.core.keyword.internal.KeywordExecutor.executeKeywordForPlatform(KeywordExecutor.groovy:72)
	at com.kms.katalon.core.keyword.BuiltinKeywords.callTestCase(BuiltinKeywords.groovy:334)
	at TC_signup_02.run(TC_signup_02:26)
	at com.kms.katalon.core.main.ScriptEngine.run(ScriptEngine.java:194)
	at com.kms.katalon.core.main.ScriptEngine.runScriptAsRawText(ScriptEngine.java:119)
	at com.kms.katalon.core.main.TestCaseExecutor.runScript(TestCaseExecutor.java:337)
	at com.kms.katalon.core.main.TestCaseExecutor.doExecute(TestCaseExecutor.java:328)
	at com.kms.katalon.core.main.TestCaseExecutor.processExecutionPhase(TestCaseExecutor.java:307)
	at com.kms.katalon.core.main.TestCaseExecutor.accessMainPhase(TestCaseExecutor.java:299)
	at com.kms.katalon.core.main.TestCaseExecutor.execute(TestCaseExecutor.java:233)
	at com.kms.katalon.core.main.TestSuiteExecutor.accessTestCaseMainPhase(TestSuiteExecutor.java:169)
	at com.kms.katalon.core.main.TestSuiteExecutor.accessTestSuiteMainPhase(TestSuiteExecutor.java:142)
	at com.kms.katalon.core.main.TestSuiteExecutor.execute(TestSuiteExecutor.java:91)
	at com.kms.katalon.core.main.TestCaseMain.startTestSuite(TestCaseMain.java:157)
	at com.kms.katalon.core.main.TestCaseMain$startTestSuite$0.call(Unknown Source)
	at TempTestSuite1591373123859.run(TempTestSuite1591373123859.groovy:37)
)
[[ATTACHMENT|D:\\katalon\\hw2-katalon-testing\\Reports\\20200605_230523\\Run_All_Test_Cases\\20200605_230523\\1591373190796.png]]

2020-06-05 23:06:30 - [MESSAGE][FAILED] - Unable to verify object 'Object Repository/Page_Mattermost_Signup/input_email' is present (Root cause: com.kms.katalon.core.exception.StepFailedException: Unable to verify object 'Object Repository/Page_Mattermost_Signup/input_email' is present
	at com.kms.katalon.core.webui.keyword.internal.WebUIKeywordMain.stepFailed(WebUIKeywordMain.groovy:64)
	at com.kms.katalon.core.webui.keyword.internal.WebUIKeywordMain.runKeyword(WebUIKeywordMain.groovy:26)
	at com.kms.katalon.core.webui.keyword.builtin.VerifyElementPresentKeyword.verifyElementPresent(VerifyElementPresentKeyword.groovy:92)
	at com.kms.katalon.core.webui.keyword.builtin.VerifyElementPresentKeyword.execute(VerifyElementPresentKeyword.groovy:68)
	at com.kms.katalon.core.keyword.internal.KeywordExecutor.executeKeywordForPlatform(KeywordExecutor.groovy:72)
	at com.kms.katalon.core.webui.keyword.WebUiBuiltInKeywords.verifyElementPresent(WebUiBuiltInKeywords.groovy:1460)
	at com.kms.katalon.core.webui.keyword.WebUiBuiltInKeywords$verifyElementPresent$0.call(Unknown Source)
	at signup_function.run(signup_function:19)
	at com.kms.katalon.core.main.ScriptEngine.run(ScriptEngine.java:194)
	at com.kms.katalon.core.main.ScriptEngine.runScriptAsRawText(ScriptEngine.java:119)
	at com.kms.katalon.core.main.TestCaseExecutor.runScript(TestCaseExecutor.java:337)
	at com.kms.katalon.core.main.TestCaseExecutor.doExecute(TestCaseExecutor.java:328)
	at com.kms.katalon.core.main.TestCaseExecutor.processExecutionPhase(TestCaseExecutor.java:307)
	at com.kms.katalon.core.main.TestCaseExecutor.accessMainPhase(TestCaseExecutor.java:299)
	at com.kms.katalon.core.main.TestCaseExecutor.execute(TestCaseExecutor.java:233)
	at com.kms.katalon.core.main.TestCaseMain.runTestCase(TestCaseMain.java:114)
	at com.kms.katalon.core.keyword.builtin.CallTestCaseKeyword$_callTestCase_closure1.doCall(CallTestCaseKeyword.groovy:59)
	at com.kms.katalon.core.keyword.builtin.CallTestCaseKeyword$_callTestCase_closure1.call(CallTestCaseKeyword.groovy)
	at com.kms.katalon.core.keyword.internal.KeywordMain.runKeyword(KeywordMain.groovy:68)
	at com.kms.katalon.core.keyword.builtin.CallTestCaseKeyword.callTestCase(CallTestCaseKeyword.groovy:81)
	at com.kms.katalon.core.keyword.builtin.CallTestCaseKeyword.execute(CallTestCaseKeyword.groovy:44)
	at com.kms.katalon.core.keyword.internal.KeywordExecutor.executeKeywordForPlatform(KeywordExecutor.groovy:72)
	at com.kms.katalon.core.keyword.BuiltinKeywords.callTestCase(BuiltinKeywords.groovy:334)
	at TC_signup_02.run(TC_signup_02:26)
	at com.kms.katalon.core.main.ScriptEngine.run(ScriptEngine.java:194)
	at com.kms.katalon.core.main.ScriptEngine.runScriptAsRawText(ScriptEngine.java:119)
	at com.kms.katalon.core.main.TestCaseExecutor.runScript(TestCaseExecutor.java:337)
	at com.kms.katalon.core.main.TestCaseExecutor.doExecute(TestCaseExecutor.java:328)
	at com.kms.katalon.core.main.TestCaseExecutor.processExecutionPhase(TestCaseExecutor.java:307)
	at com.kms.katalon.core.main.TestCaseExecutor.accessMainPhase(TestCaseExecutor.java:299)
	at com.kms.katalon.core.main.TestCaseExecutor.execute(TestCaseExecutor.java:233)
	at com.kms.katalon.core.main.TestSuiteExecutor.accessTestCaseMainPhase(TestSuiteExecutor.java:169)
	at com.kms.katalon.core.main.TestSuiteExecutor.accessTestSuiteMainPhase(TestSuiteExecutor.java:142)
	at com.kms.katalon.core.main.TestSuiteExecutor.execute(TestSuiteExecutor.java:91)
	at com.kms.katalon.core.main.TestCaseMain.startTestSuite(TestCaseMain.java:157)
	at com.kms.katalon.core.main.TestCaseMain$startTestSuite$0.call(Unknown Source)
	at TempTestSuite1591373123859.run(TempTestSuite1591373123859.groovy:37)
Caused by: com.kms.katalon.core.exception.StepFailedException: com.kms.katalon.core.webui.exception.WebElementNotFoundException: Web element with id: 'Object Repository/Page_Mattermost_Signup/input_email' located by 'By.xpath: //input[@id='email']' not found
	at com.kms.katalon.core.webui.keyword.internal.WebUIKeywordMain.stepFailed(WebUIKeywordMain.groovy:64)
	at com.kms.katalon.core.webui.keyword.builtin.VerifyElementPresentKeyword$_verifyElementPresent_closure1.doCall(VerifyElementPresentKeyword.groovy:85)
	at com.kms.katalon.core.webui.keyword.builtin.VerifyElementPresentKeyword$_verifyElementPresent_closure1.call(VerifyElementPresentKeyword.groovy)
	at com.kms.katalon.core.webui.keyword.internal.WebUIKeywordMain.runKeyword(WebUIKeywordMain.groovy:20)
	... 35 more
)
[[ATTACHMENT|D:\\katalon\\hw2-katalon-testing\\Reports\\20200605_230523\\Run_All_Test_Cases\\20200605_230523\\1591373190881.png]]

2020-06-05 23:06:30 - [MESSAGE][FAILED] - Unable to call Test Case 'Test Cases/Signup/signup_function' (Root cause: com.kms.katalon.core.exception.StepFailedException: Call Test Case 'Test Cases/Signup/signup_function' failed
	at com.kms.katalon.core.keyword.builtin.CallTestCaseKeyword$_callTestCase_closure1.doCall(CallTestCaseKeyword.groovy:63)
	at com.kms.katalon.core.keyword.builtin.CallTestCaseKeyword$_callTestCase_closure1.call(CallTestCaseKeyword.groovy)
	at com.kms.katalon.core.keyword.internal.KeywordMain.runKeyword(KeywordMain.groovy:68)
	at com.kms.katalon.core.keyword.builtin.CallTestCaseKeyword.callTestCase(CallTestCaseKeyword.groovy:81)
	at com.kms.katalon.core.keyword.builtin.CallTestCaseKeyword.execute(CallTestCaseKeyword.groovy:44)
	at com.kms.katalon.core.keyword.internal.KeywordExecutor.executeKeywordForPlatform(KeywordExecutor.groovy:72)
	at com.kms.katalon.core.keyword.BuiltinKeywords.callTestCase(BuiltinKeywords.groovy:334)
	at TC_signup_02.run(TC_signup_02:26)
	at com.kms.katalon.core.main.ScriptEngine.run(ScriptEngine.java:194)
	at com.kms.katalon.core.main.ScriptEngine.runScriptAsRawText(ScriptEngine.java:119)
	at com.kms.katalon.core.main.TestCaseExecutor.runScript(TestCaseExecutor.java:337)
	at com.kms.katalon.core.main.TestCaseExecutor.doExecute(TestCaseExecutor.java:328)
	at com.kms.katalon.core.main.TestCaseExecutor.processExecutionPhase(TestCaseExecutor.java:307)
	at com.kms.katalon.core.main.TestCaseExecutor.accessMainPhase(TestCaseExecutor.java:299)
	at com.kms.katalon.core.main.TestCaseExecutor.execute(TestCaseExecutor.java:233)
	at com.kms.katalon.core.main.TestSuiteExecutor.accessTestCaseMainPhase(TestSuiteExecutor.java:169)
	at com.kms.katalon.core.main.TestSuiteExecutor.accessTestSuiteMainPhase(TestSuiteExecutor.java:142)
	at com.kms.katalon.core.main.TestSuiteExecutor.execute(TestSuiteExecutor.java:91)
	at com.kms.katalon.core.main.TestCaseMain.startTestSuite(TestCaseMain.java:157)
	at com.kms.katalon.core.main.TestCaseMain$startTestSuite$0.call(Unknown Source)
	at TempTestSuite1591373123859.run(TempTestSuite1591373123859.groovy:37)
Caused by: com.kms.katalon.core.exception.StepFailedException: Unable to verify object 'Object Repository/Page_Mattermost_Signup/input_email' is present
	at com.kms.katalon.core.webui.keyword.internal.WebUIKeywordMain.stepFailed(WebUIKeywordMain.groovy:64)
	at com.kms.katalon.core.webui.keyword.internal.WebUIKeywordMain.runKeyword(WebUIKeywordMain.groovy:26)
	at com.kms.katalon.core.webui.keyword.builtin.VerifyElementPresentKeyword.verifyElementPresent(VerifyElementPresentKeyword.groovy:92)
	at com.kms.katalon.core.webui.keyword.builtin.VerifyElementPresentKeyword.execute(VerifyElementPresentKeyword.groovy:68)
	at com.kms.katalon.core.keyword.internal.KeywordExecutor.executeKeywordForPlatform(KeywordExecutor.groovy:72)
	at com.kms.katalon.core.webui.keyword.WebUiBuiltInKeywords.verifyElementPresent(WebUiBuiltInKeywords.groovy:1460)
	at com.kms.katalon.core.webui.keyword.WebUiBuiltInKeywords$verifyElementPresent$0.call(Unknown Source)
	at signup_function.run(signup_function:19)
	at com.kms.katalon.core.main.ScriptEngine.run(ScriptEngine.java:194)
	at com.kms.katalon.core.main.ScriptEngine.runScriptAsRawText(ScriptEngine.java:119)
	at com.kms.katalon.core.main.TestCaseExecutor.runScript(TestCaseExecutor.java:337)
	at com.kms.katalon.core.main.TestCaseExecutor.doExecute(TestCaseExecutor.java:328)
	at com.kms.katalon.core.main.TestCaseExecutor.processExecutionPhase(TestCaseExecutor.java:307)
	at com.kms.katalon.core.main.TestCaseExecutor.accessMainPhase(TestCaseExecutor.java:299)
	at com.kms.katalon.core.main.TestCaseExecutor.execute(TestCaseExecutor.java:233)
	at com.kms.katalon.core.main.TestCaseMain.runTestCase(TestCaseMain.java:114)
	at com.kms.katalon.core.keyword.builtin.CallTestCaseKeyword$_callTestCase_closure1.doCall(CallTestCaseKeyword.groovy:59)
	... 20 more
Caused by: com.kms.katalon.core.exception.StepFailedException: com.kms.katalon.core.webui.exception.WebElementNotFoundException: Web element with id: 'Object Repository/Page_Mattermost_Signup/input_email' located by 'By.xpath: //input[@id='email']' not found
	at com.kms.katalon.core.webui.keyword.internal.WebUIKeywordMain.stepFailed(WebUIKeywordMain.groovy:64)
	at com.kms.katalon.core.webui.keyword.builtin.VerifyElementPresentKeyword$_verifyElementPresent_closure1.doCall(VerifyElementPresentKeyword.groovy:85)
	at com.kms.katalon.core.webui.keyword.builtin.VerifyElementPresentKeyword$_verifyElementPresent_closure1.call(VerifyElementPresentKeyword.groovy)
	at com.kms.katalon.core.webui.keyword.internal.WebUIKeywordMain.runKeyword(WebUIKeywordMain.groovy:20)
	... 35 more
)

2020-06-05 23:06:30 - [TEST_STEP][PASSED] - Start tear down : Teardown: Method 'Teardown' complete successfully

2020-06-05 23:06:30 - [TEST_STEP][PASSED] - closeBrowser(): Browser is closed

2020-06-05 23:06:31 - [MESSAGE][PASSED] - Browser is closed

2020-06-05 23:06:31 - [MESSAGE][PASSED] - Method 'Teardown' complete successfully]]></system-out>
         <system-err><![CDATA[2020-06-05 23:06:24 - [TEST_CASE][FAILED] - Test Cases/Signup/TC_signup_02: Test Cases/Signup/TC_signup_02 FAILED.
Reason:
com.kms.katalon.core.exception.StepFailedException: Call Test Case 'Test Cases/Signup/signup_function' failed
	at com.kms.katalon.core.keyword.builtin.CallTestCaseKeyword$_callTestCase_closure1.doCall(CallTestCaseKeyword.groovy:63)
	at com.kms.katalon.core.keyword.builtin.CallTestCaseKeyword$_callTestCase_closure1.call(CallTestCaseKeyword.groovy)
	at com.kms.katalon.core.keyword.internal.KeywordMain.runKeyword(KeywordMain.groovy:68)
	at com.kms.katalon.core.keyword.builtin.CallTestCaseKeyword.callTestCase(CallTestCaseKeyword.groovy:81)
	at com.kms.katalon.core.keyword.builtin.CallTestCaseKeyword.execute(CallTestCaseKeyword.groovy:44)
	at com.kms.katalon.core.keyword.internal.KeywordExecutor.executeKeywordForPlatform(KeywordExecutor.groovy:72)
	at com.kms.katalon.core.keyword.BuiltinKeywords.callTestCase(BuiltinKeywords.groovy:334)
	at TC_signup_02.run(TC_signup_02:26)
	at com.kms.katalon.core.main.ScriptEngine.run(ScriptEngine.java:194)
	at com.kms.katalon.core.main.ScriptEngine.runScriptAsRawText(ScriptEngine.java:119)
	at com.kms.katalon.core.main.TestCaseExecutor.runScript(TestCaseExecutor.java:337)
	at com.kms.katalon.core.main.TestCaseExecutor.doExecute(TestCaseExecutor.java:328)
	at com.kms.katalon.core.main.TestCaseExecutor.processExecutionPhase(TestCaseExecutor.java:307)
	at com.kms.katalon.core.main.TestCaseExecutor.accessMainPhase(TestCaseExecutor.java:299)
	at com.kms.katalon.core.main.TestCaseExecutor.execute(TestCaseExecutor.java:233)
	at com.kms.katalon.core.main.TestSuiteExecutor.accessTestCaseMainPhase(TestSuiteExecutor.java:169)
	at com.kms.katalon.core.main.TestSuiteExecutor.accessTestSuiteMainPhase(TestSuiteExecutor.java:142)
	at com.kms.katalon.core.main.TestSuiteExecutor.execute(TestSuiteExecutor.java:91)
	at com.kms.katalon.core.main.TestCaseMain.startTestSuite(TestCaseMain.java:157)
	at com.kms.katalon.core.main.TestCaseMain$startTestSuite$0.call(Unknown Source)
	at TempTestSuite1591373123859.run(TempTestSuite1591373123859.groovy:37)
Caused by: com.kms.katalon.core.exception.StepFailedException: Unable to verify object 'Object Repository/Page_Mattermost_Signup/input_email' is present
	at com.kms.katalon.core.webui.keyword.internal.WebUIKeywordMain.stepFailed(WebUIKeywordMain.groovy:64)
	at com.kms.katalon.core.webui.keyword.internal.WebUIKeywordMain.runKeyword(WebUIKeywordMain.groovy:26)
	at com.kms.katalon.core.webui.keyword.builtin.VerifyElementPresentKeyword.verifyElementPresent(VerifyElementPresentKeyword.groovy:92)
	at com.kms.katalon.core.webui.keyword.builtin.VerifyElementPresentKeyword.execute(VerifyElementPresentKeyword.groovy:68)
	at com.kms.katalon.core.keyword.internal.KeywordExecutor.executeKeywordForPlatform(KeywordExecutor.groovy:72)
	at com.kms.katalon.core.webui.keyword.WebUiBuiltInKeywords.verifyElementPresent(WebUiBuiltInKeywords.groovy:1460)
	at com.kms.katalon.core.webui.keyword.WebUiBuiltInKeywords$verifyElementPresent$0.call(Unknown Source)
	at signup_function.run(signup_function:19)
	at com.kms.katalon.core.main.ScriptEngine.run(ScriptEngine.java:194)
	at com.kms.katalon.core.main.ScriptEngine.runScriptAsRawText(ScriptEngine.java:119)
	at com.kms.katalon.core.main.TestCaseExecutor.runScript(TestCaseExecutor.java:337)
	at com.kms.katalon.core.main.TestCaseExecutor.doExecute(TestCaseExecutor.java:328)
	at com.kms.katalon.core.main.TestCaseExecutor.processExecutionPhase(TestCaseExecutor.java:307)
	at com.kms.katalon.core.main.TestCaseExecutor.accessMainPhase(TestCaseExecutor.java:299)
	at com.kms.katalon.core.main.TestCaseExecutor.execute(TestCaseExecutor.java:233)
	at com.kms.katalon.core.main.TestCaseMain.runTestCase(TestCaseMain.java:114)
	at com.kms.katalon.core.keyword.builtin.CallTestCaseKeyword$_callTestCase_closure1.doCall(CallTestCaseKeyword.groovy:59)
	... 20 more
Caused by: com.kms.katalon.core.exception.StepFailedException: com.kms.katalon.core.webui.exception.WebElementNotFoundException: Web element with id: 'Object Repository/Page_Mattermost_Signup/input_email' located by 'By.xpath: //input[@id='email']' not found
	at com.kms.katalon.core.webui.keyword.internal.WebUIKeywordMain.stepFailed(WebUIKeywordMain.groovy:64)
	at com.kms.katalon.core.webui.keyword.builtin.VerifyElementPresentKeyword$_verifyElementPresent_closure1.doCall(VerifyElementPresentKeyword.groovy:85)
	at com.kms.katalon.core.webui.keyword.builtin.VerifyElementPresentKeyword$_verifyElementPresent_closure1.call(VerifyElementPresentKeyword.groovy)
	at com.kms.katalon.core.webui.keyword.internal.WebUIKeywordMain.runKeyword(WebUIKeywordMain.groovy:20)
	... 35 more]]></system-err>
      </testcase>
      <testcase name="Test Cases/Signup/TC_signup_02" time="7.981" classname="Test Cases/Signup/TC_signup_02" status="FAILED">
         <failure type="FAILED" message="Test Cases/Signup/TC_signup_02 FAILED.
Reason:
com.kms.katalon.core.exception.StepFailedException: Call Test Case 'Test Cases/Signup/signup_function' failed
	at com.kms.katalon.core.keyword.builtin.CallTestCaseKeyword$_callTestCase_closure1.doCall(CallTestCaseKeyword.groovy:63)
	at com.kms.katalon.core.keyword.builtin.CallTestCaseKeyword$_callTestCase_closure1.call(CallTestCaseKeyword.groovy)
	at com.kms.katalon.core.keyword.internal.KeywordMain.runKeyword(KeywordMain.groovy:68)
	at com.kms.katalon.core.keyword.builtin.CallTestCaseKeyword.callTestCase(CallTestCaseKeyword.groovy:81)
	at com.kms.katalon.core.keyword.builtin.CallTestCaseKeyword.execute(CallTestCaseKeyword.groovy:44)
	at com.kms.katalon.core.keyword.internal.KeywordExecutor.executeKeywordForPlatform(KeywordExecutor.groovy:72)
	at com.kms.katalon.core.keyword.BuiltinKeywords.callTestCase(BuiltinKeywords.groovy:334)
	at TC_signup_02.run(TC_signup_02:26)
	at com.kms.katalon.core.main.ScriptEngine.run(ScriptEngine.java:194)
	at com.kms.katalon.core.main.ScriptEngine.runScriptAsRawText(ScriptEngine.java:119)
	at com.kms.katalon.core.main.TestCaseExecutor.runScript(TestCaseExecutor.java:337)
	at com.kms.katalon.core.main.TestCaseExecutor.doExecute(TestCaseExecutor.java:328)
	at com.kms.katalon.core.main.TestCaseExecutor.processExecutionPhase(TestCaseExecutor.java:307)
	at com.kms.katalon.core.main.TestCaseExecutor.accessMainPhase(TestCaseExecutor.java:299)
	at com.kms.katalon.core.main.TestCaseExecutor.execute(TestCaseExecutor.java:233)
	at com.kms.katalon.core.main.TestSuiteExecutor.accessTestCaseMainPhase(TestSuiteExecutor.java:169)
	at com.kms.katalon.core.main.TestSuiteExecutor.accessTestSuiteMainPhase(TestSuiteExecutor.java:142)
	at com.kms.katalon.core.main.TestSuiteExecutor.execute(TestSuiteExecutor.java:91)
	at com.kms.katalon.core.main.TestCaseMain.startTestSuite(TestCaseMain.java:157)
	at com.kms.katalon.core.main.TestCaseMain$startTestSuite$0.call(Unknown Source)
	at TempTestSuite1591373123859.run(TempTestSuite1591373123859.groovy:37)
Caused by: com.kms.katalon.core.exception.StepFailedException: Unable to verify object 'Object Repository/Page_Mattermost_Signup/input_email' is present
	at com.kms.katalon.core.webui.keyword.internal.WebUIKeywordMain.stepFailed(WebUIKeywordMain.groovy:64)
	at com.kms.katalon.core.webui.keyword.internal.WebUIKeywordMain.runKeyword(WebUIKeywordMain.groovy:26)
	at com.kms.katalon.core.webui.keyword.builtin.VerifyElementPresentKeyword.verifyElementPresent(VerifyElementPresentKeyword.groovy:92)
	at com.kms.katalon.core.webui.keyword.builtin.VerifyElementPresentKeyword.execute(VerifyElementPresentKeyword.groovy:68)
	at com.kms.katalon.core.keyword.internal.KeywordExecutor.executeKeywordForPlatform(KeywordExecutor.groovy:72)
	at com.kms.katalon.core.webui.keyword.WebUiBuiltInKeywords.verifyElementPresent(WebUiBuiltInKeywords.groovy:1460)
	at com.kms.katalon.core.webui.keyword.WebUiBuiltInKeywords$verifyElementPresent$0.call(Unknown Source)
	at signup_function.run(signup_function:19)
	at com.kms.katalon.core.main.ScriptEngine.run(ScriptEngine.java:194)
	at com.kms.katalon.core.main.ScriptEngine.runScriptAsRawText(ScriptEngine.java:119)
	at com.kms.katalon.core.main.TestCaseExecutor.runScript(TestCaseExecutor.java:337)
	at com.kms.katalon.core.main.TestCaseExecutor.doExecute(TestCaseExecutor.java:328)
	at com.kms.katalon.core.main.TestCaseExecutor.processExecutionPhase(TestCaseExecutor.java:307)
	at com.kms.katalon.core.main.TestCaseExecutor.accessMainPhase(TestCaseExecutor.java:299)
	at com.kms.katalon.core.main.TestCaseExecutor.execute(TestCaseExecutor.java:233)
	at com.kms.katalon.core.main.TestCaseMain.runTestCase(TestCaseMain.java:114)
	at com.kms.katalon.core.keyword.builtin.CallTestCaseKeyword$_callTestCase_closure1.doCall(CallTestCaseKeyword.groovy:59)
	... 20 more
Caused by: com.kms.katalon.core.exception.StepFailedException: com.kms.katalon.core.webui.exception.WebElementNotFoundException: Web element with id: 'Object Repository/Page_Mattermost_Signup/input_email' located by 'By.xpath: //input[@id='email']' not found
	at com.kms.katalon.core.webui.keyword.internal.WebUIKeywordMain.stepFailed(WebUIKeywordMain.groovy:64)
	at com.kms.katalon.core.webui.keyword.builtin.VerifyElementPresentKeyword$_verifyElementPresent_closure1.doCall(VerifyElementPresentKeyword.groovy:85)
	at com.kms.katalon.core.webui.keyword.builtin.VerifyElementPresentKeyword$_verifyElementPresent_closure1.call(VerifyElementPresentKeyword.groovy)
	at com.kms.katalon.core.webui.keyword.internal.WebUIKeywordMain.runKeyword(WebUIKeywordMain.groovy:20)
	... 35 more
"/>
         <system-out><![CDATA[2020-06-05 23:06:31 - [TEST_CASE][FAILED] - Test Cases/Signup/TC_signup_02: Test Cases/Signup/TC_signup_02 FAILED.
Reason:
com.kms.katalon.core.exception.StepFailedException: Call Test Case 'Test Cases/Signup/signup_function' failed
	at com.kms.katalon.core.keyword.builtin.CallTestCaseKeyword$_callTestCase_closure1.doCall(CallTestCaseKeyword.groovy:63)
	at com.kms.katalon.core.keyword.builtin.CallTestCaseKeyword$_callTestCase_closure1.call(CallTestCaseKeyword.groovy)
	at com.kms.katalon.core.keyword.internal.KeywordMain.runKeyword(KeywordMain.groovy:68)
	at com.kms.katalon.core.keyword.builtin.CallTestCaseKeyword.callTestCase(CallTestCaseKeyword.groovy:81)
	at com.kms.katalon.core.keyword.builtin.CallTestCaseKeyword.execute(CallTestCaseKeyword.groovy:44)
	at com.kms.katalon.core.keyword.internal.KeywordExecutor.executeKeywordForPlatform(KeywordExecutor.groovy:72)
	at com.kms.katalon.core.keyword.BuiltinKeywords.callTestCase(BuiltinKeywords.groovy:334)
	at TC_signup_02.run(TC_signup_02:26)
	at com.kms.katalon.core.main.ScriptEngine.run(ScriptEngine.java:194)
	at com.kms.katalon.core.main.ScriptEngine.runScriptAsRawText(ScriptEngine.java:119)
	at com.kms.katalon.core.main.TestCaseExecutor.runScript(TestCaseExecutor.java:337)
	at com.kms.katalon.core.main.TestCaseExecutor.doExecute(TestCaseExecutor.java:328)
	at com.kms.katalon.core.main.TestCaseExecutor.processExecutionPhase(TestCaseExecutor.java:307)
	at com.kms.katalon.core.main.TestCaseExecutor.accessMainPhase(TestCaseExecutor.java:299)
	at com.kms.katalon.core.main.TestCaseExecutor.execute(TestCaseExecutor.java:233)
	at com.kms.katalon.core.main.TestSuiteExecutor.accessTestCaseMainPhase(TestSuiteExecutor.java:169)
	at com.kms.katalon.core.main.TestSuiteExecutor.accessTestSuiteMainPhase(TestSuiteExecutor.java:142)
	at com.kms.katalon.core.main.TestSuiteExecutor.execute(TestSuiteExecutor.java:91)
	at com.kms.katalon.core.main.TestCaseMain.startTestSuite(TestCaseMain.java:157)
	at com.kms.katalon.core.main.TestCaseMain$startTestSuite$0.call(Unknown Source)
	at TempTestSuite1591373123859.run(TempTestSuite1591373123859.groovy:37)
Caused by: com.kms.katalon.core.exception.StepFailedException: Unable to verify object 'Object Repository/Page_Mattermost_Signup/input_email' is present
	at com.kms.katalon.core.webui.keyword.internal.WebUIKeywordMain.stepFailed(WebUIKeywordMain.groovy:64)
	at com.kms.katalon.core.webui.keyword.internal.WebUIKeywordMain.runKeyword(WebUIKeywordMain.groovy:26)
	at com.kms.katalon.core.webui.keyword.builtin.VerifyElementPresentKeyword.verifyElementPresent(VerifyElementPresentKeyword.groovy:92)
	at com.kms.katalon.core.webui.keyword.builtin.VerifyElementPresentKeyword.execute(VerifyElementPresentKeyword.groovy:68)
	at com.kms.katalon.core.keyword.internal.KeywordExecutor.executeKeywordForPlatform(KeywordExecutor.groovy:72)
	at com.kms.katalon.core.webui.keyword.WebUiBuiltInKeywords.verifyElementPresent(WebUiBuiltInKeywords.groovy:1460)
	at com.kms.katalon.core.webui.keyword.WebUiBuiltInKeywords$verifyElementPresent$0.call(Unknown Source)
	at signup_function.run(signup_function:19)
	at com.kms.katalon.core.main.ScriptEngine.run(ScriptEngine.java:194)
	at com.kms.katalon.core.main.ScriptEngine.runScriptAsRawText(ScriptEngine.java:119)
	at com.kms.katalon.core.main.TestCaseExecutor.runScript(TestCaseExecutor.java:337)
	at com.kms.katalon.core.main.TestCaseExecutor.doExecute(TestCaseExecutor.java:328)
	at com.kms.katalon.core.main.TestCaseExecutor.processExecutionPhase(TestCaseExecutor.java:307)
	at com.kms.katalon.core.main.TestCaseExecutor.accessMainPhase(TestCaseExecutor.java:299)
	at com.kms.katalon.core.main.TestCaseExecutor.execute(TestCaseExecutor.java:233)
	at com.kms.katalon.core.main.TestCaseMain.runTestCase(TestCaseMain.java:114)
	at com.kms.katalon.core.keyword.builtin.CallTestCaseKeyword$_callTestCase_closure1.doCall(CallTestCaseKeyword.groovy:59)
	... 20 more
Caused by: com.kms.katalon.core.exception.StepFailedException: com.kms.katalon.core.webui.exception.WebElementNotFoundException: Web element with id: 'Object Repository/Page_Mattermost_Signup/input_email' located by 'By.xpath: //input[@id='email']' not found
	at com.kms.katalon.core.webui.keyword.internal.WebUIKeywordMain.stepFailed(WebUIKeywordMain.groovy:64)
	at com.kms.katalon.core.webui.keyword.builtin.VerifyElementPresentKeyword$_verifyElementPresent_closure1.doCall(VerifyElementPresentKeyword.groovy:85)
	at com.kms.katalon.core.webui.keyword.builtin.VerifyElementPresentKeyword$_verifyElementPresent_closure1.call(VerifyElementPresentKeyword.groovy)
	at com.kms.katalon.core.webui.keyword.internal.WebUIKeywordMain.runKeyword(WebUIKeywordMain.groovy:20)
	... 35 more


2020-06-05 23:06:31 - [TEST_STEP][PASSED] - Start setup action : Setup: Method 'Setup' complete successfully

2020-06-05 23:06:31 - [TEST_STEP][PASSED] - openBrowser("http://192.168.1.10:8065/signup_email"): Browser is opened with url: 'http://192.168.1.10:8065/signup_email'

2020-06-05 23:06:31 - [MESSAGE][INFO] - Starting 'Firefox' driver

2020-06-05 23:06:31 - [MESSAGE][INFO] - Action delay is set to 0 milliseconds

2020-06-05 23:06:36 - [MESSAGE][PASSED] - Browser is opened with url: 'http://192.168.1.10:8065/signup_email'

2020-06-05 23:06:36 - [MESSAGE][PASSED] - Method 'Setup' complete successfully

2020-06-05 23:06:36 - [TEST_STEP][FAILED] - callTestCase(findTestCase("Test Cases/Signup/signup_function"), ["var_email":var_email, "var_name":var_name, "var_password":var_password], STOP_ON_FAILURE): Unable to call Test Case 'Test Cases/Signup/signup_function' (Root cause: com.kms.katalon.core.exception.StepFailedException: Call Test Case 'Test Cases/Signup/signup_function' failed
	at com.kms.katalon.core.keyword.builtin.CallTestCaseKeyword$_callTestCase_closure1.doCall(CallTestCaseKeyword.groovy:63)
	at com.kms.katalon.core.keyword.builtin.CallTestCaseKeyword$_callTestCase_closure1.call(CallTestCaseKeyword.groovy)
	at com.kms.katalon.core.keyword.internal.KeywordMain.runKeyword(KeywordMain.groovy:68)
	at com.kms.katalon.core.keyword.builtin.CallTestCaseKeyword.callTestCase(CallTestCaseKeyword.groovy:81)
	at com.kms.katalon.core.keyword.builtin.CallTestCaseKeyword.execute(CallTestCaseKeyword.groovy:44)
	at com.kms.katalon.core.keyword.internal.KeywordExecutor.executeKeywordForPlatform(KeywordExecutor.groovy:72)
	at com.kms.katalon.core.keyword.BuiltinKeywords.callTestCase(BuiltinKeywords.groovy:334)
	at TC_signup_02.run(TC_signup_02:26)
	at com.kms.katalon.core.main.ScriptEngine.run(ScriptEngine.java:194)
	at com.kms.katalon.core.main.ScriptEngine.runScriptAsRawText(ScriptEngine.java:119)
	at com.kms.katalon.core.main.TestCaseExecutor.runScript(TestCaseExecutor.java:337)
	at com.kms.katalon.core.main.TestCaseExecutor.doExecute(TestCaseExecutor.java:328)
	at com.kms.katalon.core.main.TestCaseExecutor.processExecutionPhase(TestCaseExecutor.java:307)
	at com.kms.katalon.core.main.TestCaseExecutor.accessMainPhase(TestCaseExecutor.java:299)
	at com.kms.katalon.core.main.TestCaseExecutor.execute(TestCaseExecutor.java:233)
	at com.kms.katalon.core.main.TestSuiteExecutor.accessTestCaseMainPhase(TestSuiteExecutor.java:169)
	at com.kms.katalon.core.main.TestSuiteExecutor.accessTestSuiteMainPhase(TestSuiteExecutor.java:142)
	at com.kms.katalon.core.main.TestSuiteExecutor.execute(TestSuiteExecutor.java:91)
	at com.kms.katalon.core.main.TestCaseMain.startTestSuite(TestCaseMain.java:157)
	at com.kms.katalon.core.main.TestCaseMain$startTestSuite$0.call(Unknown Source)
	at TempTestSuite1591373123859.run(TempTestSuite1591373123859.groovy:37)
Caused by: com.kms.katalon.core.exception.StepFailedException: Unable to verify object 'Object Repository/Page_Mattermost_Signup/input_email' is present
	at com.kms.katalon.core.webui.keyword.internal.WebUIKeywordMain.stepFailed(WebUIKeywordMain.groovy:64)
	at com.kms.katalon.core.webui.keyword.internal.WebUIKeywordMain.runKeyword(WebUIKeywordMain.groovy:26)
	at com.kms.katalon.core.webui.keyword.builtin.VerifyElementPresentKeyword.verifyElementPresent(VerifyElementPresentKeyword.groovy:92)
	at com.kms.katalon.core.webui.keyword.builtin.VerifyElementPresentKeyword.execute(VerifyElementPresentKeyword.groovy:68)
	at com.kms.katalon.core.keyword.internal.KeywordExecutor.executeKeywordForPlatform(KeywordExecutor.groovy:72)
	at com.kms.katalon.core.webui.keyword.WebUiBuiltInKeywords.verifyElementPresent(WebUiBuiltInKeywords.groovy:1460)
	at com.kms.katalon.core.webui.keyword.WebUiBuiltInKeywords$verifyElementPresent$0.call(Unknown Source)
	at signup_function.run(signup_function:19)
	at com.kms.katalon.core.main.ScriptEngine.run(ScriptEngine.java:194)
	at com.kms.katalon.core.main.ScriptEngine.runScriptAsRawText(ScriptEngine.java:119)
	at com.kms.katalon.core.main.TestCaseExecutor.runScript(TestCaseExecutor.java:337)
	at com.kms.katalon.core.main.TestCaseExecutor.doExecute(TestCaseExecutor.java:328)
	at com.kms.katalon.core.main.TestCaseExecutor.processExecutionPhase(TestCaseExecutor.java:307)
	at com.kms.katalon.core.main.TestCaseExecutor.accessMainPhase(TestCaseExecutor.java:299)
	at com.kms.katalon.core.main.TestCaseExecutor.execute(TestCaseExecutor.java:233)
	at com.kms.katalon.core.main.TestCaseMain.runTestCase(TestCaseMain.java:114)
	at com.kms.katalon.core.keyword.builtin.CallTestCaseKeyword$_callTestCase_closure1.doCall(CallTestCaseKeyword.groovy:59)
	... 20 more
Caused by: com.kms.katalon.core.exception.StepFailedException: com.kms.katalon.core.webui.exception.WebElementNotFoundException: Web element with id: 'Object Repository/Page_Mattermost_Signup/input_email' located by 'By.xpath: //input[@id='email']' not found
	at com.kms.katalon.core.webui.keyword.internal.WebUIKeywordMain.stepFailed(WebUIKeywordMain.groovy:64)
	at com.kms.katalon.core.webui.keyword.builtin.VerifyElementPresentKeyword$_verifyElementPresent_closure1.doCall(VerifyElementPresentKeyword.groovy:85)
	at com.kms.katalon.core.webui.keyword.builtin.VerifyElementPresentKeyword$_verifyElementPresent_closure1.call(VerifyElementPresentKeyword.groovy)
	at com.kms.katalon.core.webui.keyword.internal.WebUIKeywordMain.runKeyword(WebUIKeywordMain.groovy:20)
	... 35 more
)

2020-06-05 23:06:36 - [TEST_CASE][FAILED] - Test Cases/Signup/signup_function: Test Cases/Signup/signup_function FAILED.
Reason:
com.kms.katalon.core.exception.StepFailedException: Unable to verify object 'Object Repository/Page_Mattermost_Signup/input_email' is present
	at com.kms.katalon.core.webui.keyword.internal.WebUIKeywordMain.stepFailed(WebUIKeywordMain.groovy:64)
	at com.kms.katalon.core.webui.keyword.internal.WebUIKeywordMain.runKeyword(WebUIKeywordMain.groovy:26)
	at com.kms.katalon.core.webui.keyword.builtin.VerifyElementPresentKeyword.verifyElementPresent(VerifyElementPresentKeyword.groovy:92)
	at com.kms.katalon.core.webui.keyword.builtin.VerifyElementPresentKeyword.execute(VerifyElementPresentKeyword.groovy:68)
	at com.kms.katalon.core.keyword.internal.KeywordExecutor.executeKeywordForPlatform(KeywordExecutor.groovy:72)
	at com.kms.katalon.core.webui.keyword.WebUiBuiltInKeywords.verifyElementPresent(WebUiBuiltInKeywords.groovy:1460)
	at com.kms.katalon.core.webui.keyword.WebUiBuiltInKeywords$verifyElementPresent$0.call(Unknown Source)
	at signup_function.run(signup_function:19)
	at com.kms.katalon.core.main.ScriptEngine.run(ScriptEngine.java:194)
	at com.kms.katalon.core.main.ScriptEngine.runScriptAsRawText(ScriptEngine.java:119)
	at com.kms.katalon.core.main.TestCaseExecutor.runScript(TestCaseExecutor.java:337)
	at com.kms.katalon.core.main.TestCaseExecutor.doExecute(TestCaseExecutor.java:328)
	at com.kms.katalon.core.main.TestCaseExecutor.processExecutionPhase(TestCaseExecutor.java:307)
	at com.kms.katalon.core.main.TestCaseExecutor.accessMainPhase(TestCaseExecutor.java:299)
	at com.kms.katalon.core.main.TestCaseExecutor.execute(TestCaseExecutor.java:233)
	at com.kms.katalon.core.main.TestCaseMain.runTestCase(TestCaseMain.java:114)
	at com.kms.katalon.core.keyword.builtin.CallTestCaseKeyword$_callTestCase_closure1.doCall(CallTestCaseKeyword.groovy:59)
	at com.kms.katalon.core.keyword.builtin.CallTestCaseKeyword$_callTestCase_closure1.call(CallTestCaseKeyword.groovy)
	at com.kms.katalon.core.keyword.internal.KeywordMain.runKeyword(KeywordMain.groovy:68)
	at com.kms.katalon.core.keyword.builtin.CallTestCaseKeyword.callTestCase(CallTestCaseKeyword.groovy:81)
	at com.kms.katalon.core.keyword.builtin.CallTestCaseKeyword.execute(CallTestCaseKeyword.groovy:44)
	at com.kms.katalon.core.keyword.internal.KeywordExecutor.executeKeywordForPlatform(KeywordExecutor.groovy:72)
	at com.kms.katalon.core.keyword.BuiltinKeywords.callTestCase(BuiltinKeywords.groovy:334)
	at TC_signup_02.run(TC_signup_02:26)
	at com.kms.katalon.core.main.ScriptEngine.run(ScriptEngine.java:194)
	at com.kms.katalon.core.main.ScriptEngine.runScriptAsRawText(ScriptEngine.java:119)
	at com.kms.katalon.core.main.TestCaseExecutor.runScript(TestCaseExecutor.java:337)
	at com.kms.katalon.core.main.TestCaseExecutor.doExecute(TestCaseExecutor.java:328)
	at com.kms.katalon.core.main.TestCaseExecutor.processExecutionPhase(TestCaseExecutor.java:307)
	at com.kms.katalon.core.main.TestCaseExecutor.accessMainPhase(TestCaseExecutor.java:299)
	at com.kms.katalon.core.main.TestCaseExecutor.execute(TestCaseExecutor.java:233)
	at com.kms.katalon.core.main.TestSuiteExecutor.accessTestCaseMainPhase(TestSuiteExecutor.java:169)
	at com.kms.katalon.core.main.TestSuiteExecutor.accessTestSuiteMainPhase(TestSuiteExecutor.java:142)
	at com.kms.katalon.core.main.TestSuiteExecutor.execute(TestSuiteExecutor.java:91)
	at com.kms.katalon.core.main.TestCaseMain.startTestSuite(TestCaseMain.java:157)
	at com.kms.katalon.core.main.TestCaseMain$startTestSuite$0.call(Unknown Source)
	at TempTestSuite1591373123859.run(TempTestSuite1591373123859.groovy:37)
Caused by: com.kms.katalon.core.exception.StepFailedException: com.kms.katalon.core.webui.exception.WebElementNotFoundException: Web element with id: 'Object Repository/Page_Mattermost_Signup/input_email' located by 'By.xpath: //input[@id='email']' not found
	at com.kms.katalon.core.webui.keyword.internal.WebUIKeywordMain.stepFailed(WebUIKeywordMain.groovy:64)
	at com.kms.katalon.core.webui.keyword.builtin.VerifyElementPresentKeyword$_verifyElementPresent_closure1.doCall(VerifyElementPresentKeyword.groovy:85)
	at com.kms.katalon.core.webui.keyword.builtin.VerifyElementPresentKeyword$_verifyElementPresent_closure1.call(VerifyElementPresentKeyword.groovy)
	at com.kms.katalon.core.webui.keyword.internal.WebUIKeywordMain.runKeyword(WebUIKeywordMain.groovy:20)
	... 35 more


2020-06-05 23:06:36 - [TEST_STEP][FAILED] - verifyEqual(verifyElementPresent(findTestObject("Object Repository/Page_Mattermost_Signup/input_email"), 1), true): Unable to verify object 'Object Repository/Page_Mattermost_Signup/input_email' is present (Root cause: com.kms.katalon.core.exception.StepFailedException: Unable to verify object 'Object Repository/Page_Mattermost_Signup/input_email' is present
	at com.kms.katalon.core.webui.keyword.internal.WebUIKeywordMain.stepFailed(WebUIKeywordMain.groovy:64)
	at com.kms.katalon.core.webui.keyword.internal.WebUIKeywordMain.runKeyword(WebUIKeywordMain.groovy:26)
	at com.kms.katalon.core.webui.keyword.builtin.VerifyElementPresentKeyword.verifyElementPresent(VerifyElementPresentKeyword.groovy:92)
	at com.kms.katalon.core.webui.keyword.builtin.VerifyElementPresentKeyword.execute(VerifyElementPresentKeyword.groovy:68)
	at com.kms.katalon.core.keyword.internal.KeywordExecutor.executeKeywordForPlatform(KeywordExecutor.groovy:72)
	at com.kms.katalon.core.webui.keyword.WebUiBuiltInKeywords.verifyElementPresent(WebUiBuiltInKeywords.groovy:1460)
	at com.kms.katalon.core.webui.keyword.WebUiBuiltInKeywords$verifyElementPresent$0.call(Unknown Source)
	at signup_function.run(signup_function:19)
	at com.kms.katalon.core.main.ScriptEngine.run(ScriptEngine.java:194)
	at com.kms.katalon.core.main.ScriptEngine.runScriptAsRawText(ScriptEngine.java:119)
	at com.kms.katalon.core.main.TestCaseExecutor.runScript(TestCaseExecutor.java:337)
	at com.kms.katalon.core.main.TestCaseExecutor.doExecute(TestCaseExecutor.java:328)
	at com.kms.katalon.core.main.TestCaseExecutor.processExecutionPhase(TestCaseExecutor.java:307)
	at com.kms.katalon.core.main.TestCaseExecutor.accessMainPhase(TestCaseExecutor.java:299)
	at com.kms.katalon.core.main.TestCaseExecutor.execute(TestCaseExecutor.java:233)
	at com.kms.katalon.core.main.TestCaseMain.runTestCase(TestCaseMain.java:114)
	at com.kms.katalon.core.keyword.builtin.CallTestCaseKeyword$_callTestCase_closure1.doCall(CallTestCaseKeyword.groovy:59)
	at com.kms.katalon.core.keyword.builtin.CallTestCaseKeyword$_callTestCase_closure1.call(CallTestCaseKeyword.groovy)
	at com.kms.katalon.core.keyword.internal.KeywordMain.runKeyword(KeywordMain.groovy:68)
	at com.kms.katalon.core.keyword.builtin.CallTestCaseKeyword.callTestCase(CallTestCaseKeyword.groovy:81)
	at com.kms.katalon.core.keyword.builtin.CallTestCaseKeyword.execute(CallTestCaseKeyword.groovy:44)
	at com.kms.katalon.core.keyword.internal.KeywordExecutor.executeKeywordForPlatform(KeywordExecutor.groovy:72)
	at com.kms.katalon.core.keyword.BuiltinKeywords.callTestCase(BuiltinKeywords.groovy:334)
	at TC_signup_02.run(TC_signup_02:26)
	at com.kms.katalon.core.main.ScriptEngine.run(ScriptEngine.java:194)
	at com.kms.katalon.core.main.ScriptEngine.runScriptAsRawText(ScriptEngine.java:119)
	at com.kms.katalon.core.main.TestCaseExecutor.runScript(TestCaseExecutor.java:337)
	at com.kms.katalon.core.main.TestCaseExecutor.doExecute(TestCaseExecutor.java:328)
	at com.kms.katalon.core.main.TestCaseExecutor.processExecutionPhase(TestCaseExecutor.java:307)
	at com.kms.katalon.core.main.TestCaseExecutor.accessMainPhase(TestCaseExecutor.java:299)
	at com.kms.katalon.core.main.TestCaseExecutor.execute(TestCaseExecutor.java:233)
	at com.kms.katalon.core.main.TestSuiteExecutor.accessTestCaseMainPhase(TestSuiteExecutor.java:169)
	at com.kms.katalon.core.main.TestSuiteExecutor.accessTestSuiteMainPhase(TestSuiteExecutor.java:142)
	at com.kms.katalon.core.main.TestSuiteExecutor.execute(TestSuiteExecutor.java:91)
	at com.kms.katalon.core.main.TestCaseMain.startTestSuite(TestCaseMain.java:157)
	at com.kms.katalon.core.main.TestCaseMain$startTestSuite$0.call(Unknown Source)
	at TempTestSuite1591373123859.run(TempTestSuite1591373123859.groovy:37)
Caused by: com.kms.katalon.core.exception.StepFailedException: com.kms.katalon.core.webui.exception.WebElementNotFoundException: Web element with id: 'Object Repository/Page_Mattermost_Signup/input_email' located by 'By.xpath: //input[@id='email']' not found
	at com.kms.katalon.core.webui.keyword.internal.WebUIKeywordMain.stepFailed(WebUIKeywordMain.groovy:64)
	at com.kms.katalon.core.webui.keyword.builtin.VerifyElementPresentKeyword$_verifyElementPresent_closure1.doCall(VerifyElementPresentKeyword.groovy:85)
	at com.kms.katalon.core.webui.keyword.builtin.VerifyElementPresentKeyword$_verifyElementPresent_closure1.call(VerifyElementPresentKeyword.groovy)
	at com.kms.katalon.core.webui.keyword.internal.WebUIKeywordMain.runKeyword(WebUIKeywordMain.groovy:20)
	... 35 more
)

2020-06-05 23:06:38 - [MESSAGE][INFO] - Unable to find the element located by 'By.xpath: //input[@id='email']'. Please recheck the objects properties to make sure the desired element is located. 

2020-06-05 23:06:38 - [MESSAGE][FAILED] - com.kms.katalon.core.webui.exception.WebElementNotFoundException: Web element with id: 'Object Repository/Page_Mattermost_Signup/input_email' located by 'By.xpath: //input[@id='email']' not found (Root cause: com.kms.katalon.core.exception.StepFailedException: com.kms.katalon.core.webui.exception.WebElementNotFoundException: Web element with id: 'Object Repository/Page_Mattermost_Signup/input_email' located by 'By.xpath: //input[@id='email']' not found
	at com.kms.katalon.core.webui.keyword.internal.WebUIKeywordMain.stepFailed(WebUIKeywordMain.groovy:64)
	at com.kms.katalon.core.webui.keyword.builtin.VerifyElementPresentKeyword$_verifyElementPresent_closure1.doCall(VerifyElementPresentKeyword.groovy:85)
	at com.kms.katalon.core.webui.keyword.builtin.VerifyElementPresentKeyword$_verifyElementPresent_closure1.call(VerifyElementPresentKeyword.groovy)
	at com.kms.katalon.core.webui.keyword.internal.WebUIKeywordMain.runKeyword(WebUIKeywordMain.groovy:20)
	at com.kms.katalon.core.webui.keyword.builtin.VerifyElementPresentKeyword.verifyElementPresent(VerifyElementPresentKeyword.groovy:92)
	at com.kms.katalon.core.webui.keyword.builtin.VerifyElementPresentKeyword.execute(VerifyElementPresentKeyword.groovy:68)
	at com.kms.katalon.core.keyword.internal.KeywordExecutor.executeKeywordForPlatform(KeywordExecutor.groovy:72)
	at com.kms.katalon.core.webui.keyword.WebUiBuiltInKeywords.verifyElementPresent(WebUiBuiltInKeywords.groovy:1460)
	at com.kms.katalon.core.webui.keyword.WebUiBuiltInKeywords$verifyElementPresent$0.call(Unknown Source)
	at signup_function.run(signup_function:19)
	at com.kms.katalon.core.main.ScriptEngine.run(ScriptEngine.java:194)
	at com.kms.katalon.core.main.ScriptEngine.runScriptAsRawText(ScriptEngine.java:119)
	at com.kms.katalon.core.main.TestCaseExecutor.runScript(TestCaseExecutor.java:337)
	at com.kms.katalon.core.main.TestCaseExecutor.doExecute(TestCaseExecutor.java:328)
	at com.kms.katalon.core.main.TestCaseExecutor.processExecutionPhase(TestCaseExecutor.java:307)
	at com.kms.katalon.core.main.TestCaseExecutor.accessMainPhase(TestCaseExecutor.java:299)
	at com.kms.katalon.core.main.TestCaseExecutor.execute(TestCaseExecutor.java:233)
	at com.kms.katalon.core.main.TestCaseMain.runTestCase(TestCaseMain.java:114)
	at com.kms.katalon.core.keyword.builtin.CallTestCaseKeyword$_callTestCase_closure1.doCall(CallTestCaseKeyword.groovy:59)
	at com.kms.katalon.core.keyword.builtin.CallTestCaseKeyword$_callTestCase_closure1.call(CallTestCaseKeyword.groovy)
	at com.kms.katalon.core.keyword.internal.KeywordMain.runKeyword(KeywordMain.groovy:68)
	at com.kms.katalon.core.keyword.builtin.CallTestCaseKeyword.callTestCase(CallTestCaseKeyword.groovy:81)
	at com.kms.katalon.core.keyword.builtin.CallTestCaseKeyword.execute(CallTestCaseKeyword.groovy:44)
	at com.kms.katalon.core.keyword.internal.KeywordExecutor.executeKeywordForPlatform(KeywordExecutor.groovy:72)
	at com.kms.katalon.core.keyword.BuiltinKeywords.callTestCase(BuiltinKeywords.groovy:334)
	at TC_signup_02.run(TC_signup_02:26)
	at com.kms.katalon.core.main.ScriptEngine.run(ScriptEngine.java:194)
	at com.kms.katalon.core.main.ScriptEngine.runScriptAsRawText(ScriptEngine.java:119)
	at com.kms.katalon.core.main.TestCaseExecutor.runScript(TestCaseExecutor.java:337)
	at com.kms.katalon.core.main.TestCaseExecutor.doExecute(TestCaseExecutor.java:328)
	at com.kms.katalon.core.main.TestCaseExecutor.processExecutionPhase(TestCaseExecutor.java:307)
	at com.kms.katalon.core.main.TestCaseExecutor.accessMainPhase(TestCaseExecutor.java:299)
	at com.kms.katalon.core.main.TestCaseExecutor.execute(TestCaseExecutor.java:233)
	at com.kms.katalon.core.main.TestSuiteExecutor.accessTestCaseMainPhase(TestSuiteExecutor.java:169)
	at com.kms.katalon.core.main.TestSuiteExecutor.accessTestSuiteMainPhase(TestSuiteExecutor.java:142)
	at com.kms.katalon.core.main.TestSuiteExecutor.execute(TestSuiteExecutor.java:91)
	at com.kms.katalon.core.main.TestCaseMain.startTestSuite(TestCaseMain.java:157)
	at com.kms.katalon.core.main.TestCaseMain$startTestSuite$0.call(Unknown Source)
	at TempTestSuite1591373123859.run(TempTestSuite1591373123859.groovy:37)
)
[[ATTACHMENT|D:\\katalon\\hw2-katalon-testing\\Reports\\20200605_230523\\Run_All_Test_Cases\\20200605_230523\\1591373198628.png]]

2020-06-05 23:06:38 - [MESSAGE][FAILED] - Unable to verify object 'Object Repository/Page_Mattermost_Signup/input_email' is present (Root cause: com.kms.katalon.core.exception.StepFailedException: Unable to verify object 'Object Repository/Page_Mattermost_Signup/input_email' is present
	at com.kms.katalon.core.webui.keyword.internal.WebUIKeywordMain.stepFailed(WebUIKeywordMain.groovy:64)
	at com.kms.katalon.core.webui.keyword.internal.WebUIKeywordMain.runKeyword(WebUIKeywordMain.groovy:26)
	at com.kms.katalon.core.webui.keyword.builtin.VerifyElementPresentKeyword.verifyElementPresent(VerifyElementPresentKeyword.groovy:92)
	at com.kms.katalon.core.webui.keyword.builtin.VerifyElementPresentKeyword.execute(VerifyElementPresentKeyword.groovy:68)
	at com.kms.katalon.core.keyword.internal.KeywordExecutor.executeKeywordForPlatform(KeywordExecutor.groovy:72)
	at com.kms.katalon.core.webui.keyword.WebUiBuiltInKeywords.verifyElementPresent(WebUiBuiltInKeywords.groovy:1460)
	at com.kms.katalon.core.webui.keyword.WebUiBuiltInKeywords$verifyElementPresent$0.call(Unknown Source)
	at signup_function.run(signup_function:19)
	at com.kms.katalon.core.main.ScriptEngine.run(ScriptEngine.java:194)
	at com.kms.katalon.core.main.ScriptEngine.runScriptAsRawText(ScriptEngine.java:119)
	at com.kms.katalon.core.main.TestCaseExecutor.runScript(TestCaseExecutor.java:337)
	at com.kms.katalon.core.main.TestCaseExecutor.doExecute(TestCaseExecutor.java:328)
	at com.kms.katalon.core.main.TestCaseExecutor.processExecutionPhase(TestCaseExecutor.java:307)
	at com.kms.katalon.core.main.TestCaseExecutor.accessMainPhase(TestCaseExecutor.java:299)
	at com.kms.katalon.core.main.TestCaseExecutor.execute(TestCaseExecutor.java:233)
	at com.kms.katalon.core.main.TestCaseMain.runTestCase(TestCaseMain.java:114)
	at com.kms.katalon.core.keyword.builtin.CallTestCaseKeyword$_callTestCase_closure1.doCall(CallTestCaseKeyword.groovy:59)
	at com.kms.katalon.core.keyword.builtin.CallTestCaseKeyword$_callTestCase_closure1.call(CallTestCaseKeyword.groovy)
	at com.kms.katalon.core.keyword.internal.KeywordMain.runKeyword(KeywordMain.groovy:68)
	at com.kms.katalon.core.keyword.builtin.CallTestCaseKeyword.callTestCase(CallTestCaseKeyword.groovy:81)
	at com.kms.katalon.core.keyword.builtin.CallTestCaseKeyword.execute(CallTestCaseKeyword.groovy:44)
	at com.kms.katalon.core.keyword.internal.KeywordExecutor.executeKeywordForPlatform(KeywordExecutor.groovy:72)
	at com.kms.katalon.core.keyword.BuiltinKeywords.callTestCase(BuiltinKeywords.groovy:334)
	at TC_signup_02.run(TC_signup_02:26)
	at com.kms.katalon.core.main.ScriptEngine.run(ScriptEngine.java:194)
	at com.kms.katalon.core.main.ScriptEngine.runScriptAsRawText(ScriptEngine.java:119)
	at com.kms.katalon.core.main.TestCaseExecutor.runScript(TestCaseExecutor.java:337)
	at com.kms.katalon.core.main.TestCaseExecutor.doExecute(TestCaseExecutor.java:328)
	at com.kms.katalon.core.main.TestCaseExecutor.processExecutionPhase(TestCaseExecutor.java:307)
	at com.kms.katalon.core.main.TestCaseExecutor.accessMainPhase(TestCaseExecutor.java:299)
	at com.kms.katalon.core.main.TestCaseExecutor.execute(TestCaseExecutor.java:233)
	at com.kms.katalon.core.main.TestSuiteExecutor.accessTestCaseMainPhase(TestSuiteExecutor.java:169)
	at com.kms.katalon.core.main.TestSuiteExecutor.accessTestSuiteMainPhase(TestSuiteExecutor.java:142)
	at com.kms.katalon.core.main.TestSuiteExecutor.execute(TestSuiteExecutor.java:91)
	at com.kms.katalon.core.main.TestCaseMain.startTestSuite(TestCaseMain.java:157)
	at com.kms.katalon.core.main.TestCaseMain$startTestSuite$0.call(Unknown Source)
	at TempTestSuite1591373123859.run(TempTestSuite1591373123859.groovy:37)
Caused by: com.kms.katalon.core.exception.StepFailedException: com.kms.katalon.core.webui.exception.WebElementNotFoundException: Web element with id: 'Object Repository/Page_Mattermost_Signup/input_email' located by 'By.xpath: //input[@id='email']' not found
	at com.kms.katalon.core.webui.keyword.internal.WebUIKeywordMain.stepFailed(WebUIKeywordMain.groovy:64)
	at com.kms.katalon.core.webui.keyword.builtin.VerifyElementPresentKeyword$_verifyElementPresent_closure1.doCall(VerifyElementPresentKeyword.groovy:85)
	at com.kms.katalon.core.webui.keyword.builtin.VerifyElementPresentKeyword$_verifyElementPresent_closure1.call(VerifyElementPresentKeyword.groovy)
	at com.kms.katalon.core.webui.keyword.internal.WebUIKeywordMain.runKeyword(WebUIKeywordMain.groovy:20)
	... 35 more
)
[[ATTACHMENT|D:\\katalon\\hw2-katalon-testing\\Reports\\20200605_230523\\Run_All_Test_Cases\\20200605_230523\\1591373198708.png]]

2020-06-05 23:06:38 - [MESSAGE][FAILED] - Unable to call Test Case 'Test Cases/Signup/signup_function' (Root cause: com.kms.katalon.core.exception.StepFailedException: Call Test Case 'Test Cases/Signup/signup_function' failed
	at com.kms.katalon.core.keyword.builtin.CallTestCaseKeyword$_callTestCase_closure1.doCall(CallTestCaseKeyword.groovy:63)
	at com.kms.katalon.core.keyword.builtin.CallTestCaseKeyword$_callTestCase_closure1.call(CallTestCaseKeyword.groovy)
	at com.kms.katalon.core.keyword.internal.KeywordMain.runKeyword(KeywordMain.groovy:68)
	at com.kms.katalon.core.keyword.builtin.CallTestCaseKeyword.callTestCase(CallTestCaseKeyword.groovy:81)
	at com.kms.katalon.core.keyword.builtin.CallTestCaseKeyword.execute(CallTestCaseKeyword.groovy:44)
	at com.kms.katalon.core.keyword.internal.KeywordExecutor.executeKeywordForPlatform(KeywordExecutor.groovy:72)
	at com.kms.katalon.core.keyword.BuiltinKeywords.callTestCase(BuiltinKeywords.groovy:334)
	at TC_signup_02.run(TC_signup_02:26)
	at com.kms.katalon.core.main.ScriptEngine.run(ScriptEngine.java:194)
	at com.kms.katalon.core.main.ScriptEngine.runScriptAsRawText(ScriptEngine.java:119)
	at com.kms.katalon.core.main.TestCaseExecutor.runScript(TestCaseExecutor.java:337)
	at com.kms.katalon.core.main.TestCaseExecutor.doExecute(TestCaseExecutor.java:328)
	at com.kms.katalon.core.main.TestCaseExecutor.processExecutionPhase(TestCaseExecutor.java:307)
	at com.kms.katalon.core.main.TestCaseExecutor.accessMainPhase(TestCaseExecutor.java:299)
	at com.kms.katalon.core.main.TestCaseExecutor.execute(TestCaseExecutor.java:233)
	at com.kms.katalon.core.main.TestSuiteExecutor.accessTestCaseMainPhase(TestSuiteExecutor.java:169)
	at com.kms.katalon.core.main.TestSuiteExecutor.accessTestSuiteMainPhase(TestSuiteExecutor.java:142)
	at com.kms.katalon.core.main.TestSuiteExecutor.execute(TestSuiteExecutor.java:91)
	at com.kms.katalon.core.main.TestCaseMain.startTestSuite(TestCaseMain.java:157)
	at com.kms.katalon.core.main.TestCaseMain$startTestSuite$0.call(Unknown Source)
	at TempTestSuite1591373123859.run(TempTestSuite1591373123859.groovy:37)
Caused by: com.kms.katalon.core.exception.StepFailedException: Unable to verify object 'Object Repository/Page_Mattermost_Signup/input_email' is present
	at com.kms.katalon.core.webui.keyword.internal.WebUIKeywordMain.stepFailed(WebUIKeywordMain.groovy:64)
	at com.kms.katalon.core.webui.keyword.internal.WebUIKeywordMain.runKeyword(WebUIKeywordMain.groovy:26)
	at com.kms.katalon.core.webui.keyword.builtin.VerifyElementPresentKeyword.verifyElementPresent(VerifyElementPresentKeyword.groovy:92)
	at com.kms.katalon.core.webui.keyword.builtin.VerifyElementPresentKeyword.execute(VerifyElementPresentKeyword.groovy:68)
	at com.kms.katalon.core.keyword.internal.KeywordExecutor.executeKeywordForPlatform(KeywordExecutor.groovy:72)
	at com.kms.katalon.core.webui.keyword.WebUiBuiltInKeywords.verifyElementPresent(WebUiBuiltInKeywords.groovy:1460)
	at com.kms.katalon.core.webui.keyword.WebUiBuiltInKeywords$verifyElementPresent$0.call(Unknown Source)
	at signup_function.run(signup_function:19)
	at com.kms.katalon.core.main.ScriptEngine.run(ScriptEngine.java:194)
	at com.kms.katalon.core.main.ScriptEngine.runScriptAsRawText(ScriptEngine.java:119)
	at com.kms.katalon.core.main.TestCaseExecutor.runScript(TestCaseExecutor.java:337)
	at com.kms.katalon.core.main.TestCaseExecutor.doExecute(TestCaseExecutor.java:328)
	at com.kms.katalon.core.main.TestCaseExecutor.processExecutionPhase(TestCaseExecutor.java:307)
	at com.kms.katalon.core.main.TestCaseExecutor.accessMainPhase(TestCaseExecutor.java:299)
	at com.kms.katalon.core.main.TestCaseExecutor.execute(TestCaseExecutor.java:233)
	at com.kms.katalon.core.main.TestCaseMain.runTestCase(TestCaseMain.java:114)
	at com.kms.katalon.core.keyword.builtin.CallTestCaseKeyword$_callTestCase_closure1.doCall(CallTestCaseKeyword.groovy:59)
	... 20 more
Caused by: com.kms.katalon.core.exception.StepFailedException: com.kms.katalon.core.webui.exception.WebElementNotFoundException: Web element with id: 'Object Repository/Page_Mattermost_Signup/input_email' located by 'By.xpath: //input[@id='email']' not found
	at com.kms.katalon.core.webui.keyword.internal.WebUIKeywordMain.stepFailed(WebUIKeywordMain.groovy:64)
	at com.kms.katalon.core.webui.keyword.builtin.VerifyElementPresentKeyword$_verifyElementPresent_closure1.doCall(VerifyElementPresentKeyword.groovy:85)
	at com.kms.katalon.core.webui.keyword.builtin.VerifyElementPresentKeyword$_verifyElementPresent_closure1.call(VerifyElementPresentKeyword.groovy)
	at com.kms.katalon.core.webui.keyword.internal.WebUIKeywordMain.runKeyword(WebUIKeywordMain.groovy:20)
	... 35 more
)

2020-06-05 23:06:38 - [TEST_STEP][PASSED] - Start tear down : Teardown: Method 'Teardown' complete successfully

2020-06-05 23:06:38 - [TEST_STEP][PASSED] - closeBrowser(): Browser is closed

2020-06-05 23:06:39 - [MESSAGE][PASSED] - Browser is closed

2020-06-05 23:06:39 - [MESSAGE][PASSED] - Method 'Teardown' complete successfully]]></system-out>
         <system-err><![CDATA[2020-06-05 23:06:31 - [TEST_CASE][FAILED] - Test Cases/Signup/TC_signup_02: Test Cases/Signup/TC_signup_02 FAILED.
Reason:
com.kms.katalon.core.exception.StepFailedException: Call Test Case 'Test Cases/Signup/signup_function' failed
	at com.kms.katalon.core.keyword.builtin.CallTestCaseKeyword$_callTestCase_closure1.doCall(CallTestCaseKeyword.groovy:63)
	at com.kms.katalon.core.keyword.builtin.CallTestCaseKeyword$_callTestCase_closure1.call(CallTestCaseKeyword.groovy)
	at com.kms.katalon.core.keyword.internal.KeywordMain.runKeyword(KeywordMain.groovy:68)
	at com.kms.katalon.core.keyword.builtin.CallTestCaseKeyword.callTestCase(CallTestCaseKeyword.groovy:81)
	at com.kms.katalon.core.keyword.builtin.CallTestCaseKeyword.execute(CallTestCaseKeyword.groovy:44)
	at com.kms.katalon.core.keyword.internal.KeywordExecutor.executeKeywordForPlatform(KeywordExecutor.groovy:72)
	at com.kms.katalon.core.keyword.BuiltinKeywords.callTestCase(BuiltinKeywords.groovy:334)
	at TC_signup_02.run(TC_signup_02:26)
	at com.kms.katalon.core.main.ScriptEngine.run(ScriptEngine.java:194)
	at com.kms.katalon.core.main.ScriptEngine.runScriptAsRawText(ScriptEngine.java:119)
	at com.kms.katalon.core.main.TestCaseExecutor.runScript(TestCaseExecutor.java:337)
	at com.kms.katalon.core.main.TestCaseExecutor.doExecute(TestCaseExecutor.java:328)
	at com.kms.katalon.core.main.TestCaseExecutor.processExecutionPhase(TestCaseExecutor.java:307)
	at com.kms.katalon.core.main.TestCaseExecutor.accessMainPhase(TestCaseExecutor.java:299)
	at com.kms.katalon.core.main.TestCaseExecutor.execute(TestCaseExecutor.java:233)
	at com.kms.katalon.core.main.TestSuiteExecutor.accessTestCaseMainPhase(TestSuiteExecutor.java:169)
	at com.kms.katalon.core.main.TestSuiteExecutor.accessTestSuiteMainPhase(TestSuiteExecutor.java:142)
	at com.kms.katalon.core.main.TestSuiteExecutor.execute(TestSuiteExecutor.java:91)
	at com.kms.katalon.core.main.TestCaseMain.startTestSuite(TestCaseMain.java:157)
	at com.kms.katalon.core.main.TestCaseMain$startTestSuite$0.call(Unknown Source)
	at TempTestSuite1591373123859.run(TempTestSuite1591373123859.groovy:37)
Caused by: com.kms.katalon.core.exception.StepFailedException: Unable to verify object 'Object Repository/Page_Mattermost_Signup/input_email' is present
	at com.kms.katalon.core.webui.keyword.internal.WebUIKeywordMain.stepFailed(WebUIKeywordMain.groovy:64)
	at com.kms.katalon.core.webui.keyword.internal.WebUIKeywordMain.runKeyword(WebUIKeywordMain.groovy:26)
	at com.kms.katalon.core.webui.keyword.builtin.VerifyElementPresentKeyword.verifyElementPresent(VerifyElementPresentKeyword.groovy:92)
	at com.kms.katalon.core.webui.keyword.builtin.VerifyElementPresentKeyword.execute(VerifyElementPresentKeyword.groovy:68)
	at com.kms.katalon.core.keyword.internal.KeywordExecutor.executeKeywordForPlatform(KeywordExecutor.groovy:72)
	at com.kms.katalon.core.webui.keyword.WebUiBuiltInKeywords.verifyElementPresent(WebUiBuiltInKeywords.groovy:1460)
	at com.kms.katalon.core.webui.keyword.WebUiBuiltInKeywords$verifyElementPresent$0.call(Unknown Source)
	at signup_function.run(signup_function:19)
	at com.kms.katalon.core.main.ScriptEngine.run(ScriptEngine.java:194)
	at com.kms.katalon.core.main.ScriptEngine.runScriptAsRawText(ScriptEngine.java:119)
	at com.kms.katalon.core.main.TestCaseExecutor.runScript(TestCaseExecutor.java:337)
	at com.kms.katalon.core.main.TestCaseExecutor.doExecute(TestCaseExecutor.java:328)
	at com.kms.katalon.core.main.TestCaseExecutor.processExecutionPhase(TestCaseExecutor.java:307)
	at com.kms.katalon.core.main.TestCaseExecutor.accessMainPhase(TestCaseExecutor.java:299)
	at com.kms.katalon.core.main.TestCaseExecutor.execute(TestCaseExecutor.java:233)
	at com.kms.katalon.core.main.TestCaseMain.runTestCase(TestCaseMain.java:114)
	at com.kms.katalon.core.keyword.builtin.CallTestCaseKeyword$_callTestCase_closure1.doCall(CallTestCaseKeyword.groovy:59)
	... 20 more
Caused by: com.kms.katalon.core.exception.StepFailedException: com.kms.katalon.core.webui.exception.WebElementNotFoundException: Web element with id: 'Object Repository/Page_Mattermost_Signup/input_email' located by 'By.xpath: //input[@id='email']' not found
	at com.kms.katalon.core.webui.keyword.internal.WebUIKeywordMain.stepFailed(WebUIKeywordMain.groovy:64)
	at com.kms.katalon.core.webui.keyword.builtin.VerifyElementPresentKeyword$_verifyElementPresent_closure1.doCall(VerifyElementPresentKeyword.groovy:85)
	at com.kms.katalon.core.webui.keyword.builtin.VerifyElementPresentKeyword$_verifyElementPresent_closure1.call(VerifyElementPresentKeyword.groovy)
	at com.kms.katalon.core.webui.keyword.internal.WebUIKeywordMain.runKeyword(WebUIKeywordMain.groovy:20)
	... 35 more]]></system-err>
      </testcase>
      <testcase name="Test Cases/Signup/TC_signup_02" time="7.852" classname="Test Cases/Signup/TC_signup_02" status="FAILED">
         <failure type="FAILED" message="Test Cases/Signup/TC_signup_02 FAILED.
Reason:
com.kms.katalon.core.exception.StepFailedException: Call Test Case 'Test Cases/Signup/signup_function' failed
	at com.kms.katalon.core.keyword.builtin.CallTestCaseKeyword$_callTestCase_closure1.doCall(CallTestCaseKeyword.groovy:63)
	at com.kms.katalon.core.keyword.builtin.CallTestCaseKeyword$_callTestCase_closure1.call(CallTestCaseKeyword.groovy)
	at com.kms.katalon.core.keyword.internal.KeywordMain.runKeyword(KeywordMain.groovy:68)
	at com.kms.katalon.core.keyword.builtin.CallTestCaseKeyword.callTestCase(CallTestCaseKeyword.groovy:81)
	at com.kms.katalon.core.keyword.builtin.CallTestCaseKeyword.execute(CallTestCaseKeyword.groovy:44)
	at com.kms.katalon.core.keyword.internal.KeywordExecutor.executeKeywordForPlatform(KeywordExecutor.groovy:72)
	at com.kms.katalon.core.keyword.BuiltinKeywords.callTestCase(BuiltinKeywords.groovy:334)
	at TC_signup_02.run(TC_signup_02:26)
	at com.kms.katalon.core.main.ScriptEngine.run(ScriptEngine.java:194)
	at com.kms.katalon.core.main.ScriptEngine.runScriptAsRawText(ScriptEngine.java:119)
	at com.kms.katalon.core.main.TestCaseExecutor.runScript(TestCaseExecutor.java:337)
	at com.kms.katalon.core.main.TestCaseExecutor.doExecute(TestCaseExecutor.java:328)
	at com.kms.katalon.core.main.TestCaseExecutor.processExecutionPhase(TestCaseExecutor.java:307)
	at com.kms.katalon.core.main.TestCaseExecutor.accessMainPhase(TestCaseExecutor.java:299)
	at com.kms.katalon.core.main.TestCaseExecutor.execute(TestCaseExecutor.java:233)
	at com.kms.katalon.core.main.TestSuiteExecutor.accessTestCaseMainPhase(TestSuiteExecutor.java:169)
	at com.kms.katalon.core.main.TestSuiteExecutor.accessTestSuiteMainPhase(TestSuiteExecutor.java:142)
	at com.kms.katalon.core.main.TestSuiteExecutor.execute(TestSuiteExecutor.java:91)
	at com.kms.katalon.core.main.TestCaseMain.startTestSuite(TestCaseMain.java:157)
	at com.kms.katalon.core.main.TestCaseMain$startTestSuite$0.call(Unknown Source)
	at TempTestSuite1591373123859.run(TempTestSuite1591373123859.groovy:37)
Caused by: com.kms.katalon.core.exception.StepFailedException: Unable to verify object 'Object Repository/Page_Mattermost_Signup/input_email' is present
	at com.kms.katalon.core.webui.keyword.internal.WebUIKeywordMain.stepFailed(WebUIKeywordMain.groovy:64)
	at com.kms.katalon.core.webui.keyword.internal.WebUIKeywordMain.runKeyword(WebUIKeywordMain.groovy:26)
	at com.kms.katalon.core.webui.keyword.builtin.VerifyElementPresentKeyword.verifyElementPresent(VerifyElementPresentKeyword.groovy:92)
	at com.kms.katalon.core.webui.keyword.builtin.VerifyElementPresentKeyword.execute(VerifyElementPresentKeyword.groovy:68)
	at com.kms.katalon.core.keyword.internal.KeywordExecutor.executeKeywordForPlatform(KeywordExecutor.groovy:72)
	at com.kms.katalon.core.webui.keyword.WebUiBuiltInKeywords.verifyElementPresent(WebUiBuiltInKeywords.groovy:1460)
	at com.kms.katalon.core.webui.keyword.WebUiBuiltInKeywords$verifyElementPresent$0.call(Unknown Source)
	at signup_function.run(signup_function:19)
	at com.kms.katalon.core.main.ScriptEngine.run(ScriptEngine.java:194)
	at com.kms.katalon.core.main.ScriptEngine.runScriptAsRawText(ScriptEngine.java:119)
	at com.kms.katalon.core.main.TestCaseExecutor.runScript(TestCaseExecutor.java:337)
	at com.kms.katalon.core.main.TestCaseExecutor.doExecute(TestCaseExecutor.java:328)
	at com.kms.katalon.core.main.TestCaseExecutor.processExecutionPhase(TestCaseExecutor.java:307)
	at com.kms.katalon.core.main.TestCaseExecutor.accessMainPhase(TestCaseExecutor.java:299)
	at com.kms.katalon.core.main.TestCaseExecutor.execute(TestCaseExecutor.java:233)
	at com.kms.katalon.core.main.TestCaseMain.runTestCase(TestCaseMain.java:114)
	at com.kms.katalon.core.keyword.builtin.CallTestCaseKeyword$_callTestCase_closure1.doCall(CallTestCaseKeyword.groovy:59)
	... 20 more
Caused by: com.kms.katalon.core.exception.StepFailedException: com.kms.katalon.core.webui.exception.WebElementNotFoundException: Web element with id: 'Object Repository/Page_Mattermost_Signup/input_email' located by 'By.xpath: //input[@id='email']' not found
	at com.kms.katalon.core.webui.keyword.internal.WebUIKeywordMain.stepFailed(WebUIKeywordMain.groovy:64)
	at com.kms.katalon.core.webui.keyword.builtin.VerifyElementPresentKeyword$_verifyElementPresent_closure1.doCall(VerifyElementPresentKeyword.groovy:85)
	at com.kms.katalon.core.webui.keyword.builtin.VerifyElementPresentKeyword$_verifyElementPresent_closure1.call(VerifyElementPresentKeyword.groovy)
	at com.kms.katalon.core.webui.keyword.internal.WebUIKeywordMain.runKeyword(WebUIKeywordMain.groovy:20)
	... 35 more
"/>
         <system-out><![CDATA[2020-06-05 23:06:39 - [TEST_CASE][FAILED] - Test Cases/Signup/TC_signup_02: Test Cases/Signup/TC_signup_02 FAILED.
Reason:
com.kms.katalon.core.exception.StepFailedException: Call Test Case 'Test Cases/Signup/signup_function' failed
	at com.kms.katalon.core.keyword.builtin.CallTestCaseKeyword$_callTestCase_closure1.doCall(CallTestCaseKeyword.groovy:63)
	at com.kms.katalon.core.keyword.builtin.CallTestCaseKeyword$_callTestCase_closure1.call(CallTestCaseKeyword.groovy)
	at com.kms.katalon.core.keyword.internal.KeywordMain.runKeyword(KeywordMain.groovy:68)
	at com.kms.katalon.core.keyword.builtin.CallTestCaseKeyword.callTestCase(CallTestCaseKeyword.groovy:81)
	at com.kms.katalon.core.keyword.builtin.CallTestCaseKeyword.execute(CallTestCaseKeyword.groovy:44)
	at com.kms.katalon.core.keyword.internal.KeywordExecutor.executeKeywordForPlatform(KeywordExecutor.groovy:72)
	at com.kms.katalon.core.keyword.BuiltinKeywords.callTestCase(BuiltinKeywords.groovy:334)
	at TC_signup_02.run(TC_signup_02:26)
	at com.kms.katalon.core.main.ScriptEngine.run(ScriptEngine.java:194)
	at com.kms.katalon.core.main.ScriptEngine.runScriptAsRawText(ScriptEngine.java:119)
	at com.kms.katalon.core.main.TestCaseExecutor.runScript(TestCaseExecutor.java:337)
	at com.kms.katalon.core.main.TestCaseExecutor.doExecute(TestCaseExecutor.java:328)
	at com.kms.katalon.core.main.TestCaseExecutor.processExecutionPhase(TestCaseExecutor.java:307)
	at com.kms.katalon.core.main.TestCaseExecutor.accessMainPhase(TestCaseExecutor.java:299)
	at com.kms.katalon.core.main.TestCaseExecutor.execute(TestCaseExecutor.java:233)
	at com.kms.katalon.core.main.TestSuiteExecutor.accessTestCaseMainPhase(TestSuiteExecutor.java:169)
	at com.kms.katalon.core.main.TestSuiteExecutor.accessTestSuiteMainPhase(TestSuiteExecutor.java:142)
	at com.kms.katalon.core.main.TestSuiteExecutor.execute(TestSuiteExecutor.java:91)
	at com.kms.katalon.core.main.TestCaseMain.startTestSuite(TestCaseMain.java:157)
	at com.kms.katalon.core.main.TestCaseMain$startTestSuite$0.call(Unknown Source)
	at TempTestSuite1591373123859.run(TempTestSuite1591373123859.groovy:37)
Caused by: com.kms.katalon.core.exception.StepFailedException: Unable to verify object 'Object Repository/Page_Mattermost_Signup/input_email' is present
	at com.kms.katalon.core.webui.keyword.internal.WebUIKeywordMain.stepFailed(WebUIKeywordMain.groovy:64)
	at com.kms.katalon.core.webui.keyword.internal.WebUIKeywordMain.runKeyword(WebUIKeywordMain.groovy:26)
	at com.kms.katalon.core.webui.keyword.builtin.VerifyElementPresentKeyword.verifyElementPresent(VerifyElementPresentKeyword.groovy:92)
	at com.kms.katalon.core.webui.keyword.builtin.VerifyElementPresentKeyword.execute(VerifyElementPresentKeyword.groovy:68)
	at com.kms.katalon.core.keyword.internal.KeywordExecutor.executeKeywordForPlatform(KeywordExecutor.groovy:72)
	at com.kms.katalon.core.webui.keyword.WebUiBuiltInKeywords.verifyElementPresent(WebUiBuiltInKeywords.groovy:1460)
	at com.kms.katalon.core.webui.keyword.WebUiBuiltInKeywords$verifyElementPresent$0.call(Unknown Source)
	at signup_function.run(signup_function:19)
	at com.kms.katalon.core.main.ScriptEngine.run(ScriptEngine.java:194)
	at com.kms.katalon.core.main.ScriptEngine.runScriptAsRawText(ScriptEngine.java:119)
	at com.kms.katalon.core.main.TestCaseExecutor.runScript(TestCaseExecutor.java:337)
	at com.kms.katalon.core.main.TestCaseExecutor.doExecute(TestCaseExecutor.java:328)
	at com.kms.katalon.core.main.TestCaseExecutor.processExecutionPhase(TestCaseExecutor.java:307)
	at com.kms.katalon.core.main.TestCaseExecutor.accessMainPhase(TestCaseExecutor.java:299)
	at com.kms.katalon.core.main.TestCaseExecutor.execute(TestCaseExecutor.java:233)
	at com.kms.katalon.core.main.TestCaseMain.runTestCase(TestCaseMain.java:114)
	at com.kms.katalon.core.keyword.builtin.CallTestCaseKeyword$_callTestCase_closure1.doCall(CallTestCaseKeyword.groovy:59)
	... 20 more
Caused by: com.kms.katalon.core.exception.StepFailedException: com.kms.katalon.core.webui.exception.WebElementNotFoundException: Web element with id: 'Object Repository/Page_Mattermost_Signup/input_email' located by 'By.xpath: //input[@id='email']' not found
	at com.kms.katalon.core.webui.keyword.internal.WebUIKeywordMain.stepFailed(WebUIKeywordMain.groovy:64)
	at com.kms.katalon.core.webui.keyword.builtin.VerifyElementPresentKeyword$_verifyElementPresent_closure1.doCall(VerifyElementPresentKeyword.groovy:85)
	at com.kms.katalon.core.webui.keyword.builtin.VerifyElementPresentKeyword$_verifyElementPresent_closure1.call(VerifyElementPresentKeyword.groovy)
	at com.kms.katalon.core.webui.keyword.internal.WebUIKeywordMain.runKeyword(WebUIKeywordMain.groovy:20)
	... 35 more


2020-06-05 23:06:39 - [TEST_STEP][PASSED] - Start setup action : Setup: Method 'Setup' complete successfully

2020-06-05 23:06:39 - [TEST_STEP][PASSED] - openBrowser("http://192.168.1.10:8065/signup_email"): Browser is opened with url: 'http://192.168.1.10:8065/signup_email'

2020-06-05 23:06:39 - [MESSAGE][INFO] - Starting 'Firefox' driver

2020-06-05 23:06:39 - [MESSAGE][INFO] - Action delay is set to 0 milliseconds

2020-06-05 23:06:44 - [MESSAGE][PASSED] - Browser is opened with url: 'http://192.168.1.10:8065/signup_email'

2020-06-05 23:06:44 - [MESSAGE][PASSED] - Method 'Setup' complete successfully

2020-06-05 23:06:44 - [TEST_STEP][FAILED] - callTestCase(findTestCase("Test Cases/Signup/signup_function"), ["var_email":var_email, "var_name":var_name, "var_password":var_password], STOP_ON_FAILURE): Unable to call Test Case 'Test Cases/Signup/signup_function' (Root cause: com.kms.katalon.core.exception.StepFailedException: Call Test Case 'Test Cases/Signup/signup_function' failed
	at com.kms.katalon.core.keyword.builtin.CallTestCaseKeyword$_callTestCase_closure1.doCall(CallTestCaseKeyword.groovy:63)
	at com.kms.katalon.core.keyword.builtin.CallTestCaseKeyword$_callTestCase_closure1.call(CallTestCaseKeyword.groovy)
	at com.kms.katalon.core.keyword.internal.KeywordMain.runKeyword(KeywordMain.groovy:68)
	at com.kms.katalon.core.keyword.builtin.CallTestCaseKeyword.callTestCase(CallTestCaseKeyword.groovy:81)
	at com.kms.katalon.core.keyword.builtin.CallTestCaseKeyword.execute(CallTestCaseKeyword.groovy:44)
	at com.kms.katalon.core.keyword.internal.KeywordExecutor.executeKeywordForPlatform(KeywordExecutor.groovy:72)
	at com.kms.katalon.core.keyword.BuiltinKeywords.callTestCase(BuiltinKeywords.groovy:334)
	at TC_signup_02.run(TC_signup_02:26)
	at com.kms.katalon.core.main.ScriptEngine.run(ScriptEngine.java:194)
	at com.kms.katalon.core.main.ScriptEngine.runScriptAsRawText(ScriptEngine.java:119)
	at com.kms.katalon.core.main.TestCaseExecutor.runScript(TestCaseExecutor.java:337)
	at com.kms.katalon.core.main.TestCaseExecutor.doExecute(TestCaseExecutor.java:328)
	at com.kms.katalon.core.main.TestCaseExecutor.processExecutionPhase(TestCaseExecutor.java:307)
	at com.kms.katalon.core.main.TestCaseExecutor.accessMainPhase(TestCaseExecutor.java:299)
	at com.kms.katalon.core.main.TestCaseExecutor.execute(TestCaseExecutor.java:233)
	at com.kms.katalon.core.main.TestSuiteExecutor.accessTestCaseMainPhase(TestSuiteExecutor.java:169)
	at com.kms.katalon.core.main.TestSuiteExecutor.accessTestSuiteMainPhase(TestSuiteExecutor.java:142)
	at com.kms.katalon.core.main.TestSuiteExecutor.execute(TestSuiteExecutor.java:91)
	at com.kms.katalon.core.main.TestCaseMain.startTestSuite(TestCaseMain.java:157)
	at com.kms.katalon.core.main.TestCaseMain$startTestSuite$0.call(Unknown Source)
	at TempTestSuite1591373123859.run(TempTestSuite1591373123859.groovy:37)
Caused by: com.kms.katalon.core.exception.StepFailedException: Unable to verify object 'Object Repository/Page_Mattermost_Signup/input_email' is present
	at com.kms.katalon.core.webui.keyword.internal.WebUIKeywordMain.stepFailed(WebUIKeywordMain.groovy:64)
	at com.kms.katalon.core.webui.keyword.internal.WebUIKeywordMain.runKeyword(WebUIKeywordMain.groovy:26)
	at com.kms.katalon.core.webui.keyword.builtin.VerifyElementPresentKeyword.verifyElementPresent(VerifyElementPresentKeyword.groovy:92)
	at com.kms.katalon.core.webui.keyword.builtin.VerifyElementPresentKeyword.execute(VerifyElementPresentKeyword.groovy:68)
	at com.kms.katalon.core.keyword.internal.KeywordExecutor.executeKeywordForPlatform(KeywordExecutor.groovy:72)
	at com.kms.katalon.core.webui.keyword.WebUiBuiltInKeywords.verifyElementPresent(WebUiBuiltInKeywords.groovy:1460)
	at com.kms.katalon.core.webui.keyword.WebUiBuiltInKeywords$verifyElementPresent$0.call(Unknown Source)
	at signup_function.run(signup_function:19)
	at com.kms.katalon.core.main.ScriptEngine.run(ScriptEngine.java:194)
	at com.kms.katalon.core.main.ScriptEngine.runScriptAsRawText(ScriptEngine.java:119)
	at com.kms.katalon.core.main.TestCaseExecutor.runScript(TestCaseExecutor.java:337)
	at com.kms.katalon.core.main.TestCaseExecutor.doExecute(TestCaseExecutor.java:328)
	at com.kms.katalon.core.main.TestCaseExecutor.processExecutionPhase(TestCaseExecutor.java:307)
	at com.kms.katalon.core.main.TestCaseExecutor.accessMainPhase(TestCaseExecutor.java:299)
	at com.kms.katalon.core.main.TestCaseExecutor.execute(TestCaseExecutor.java:233)
	at com.kms.katalon.core.main.TestCaseMain.runTestCase(TestCaseMain.java:114)
	at com.kms.katalon.core.keyword.builtin.CallTestCaseKeyword$_callTestCase_closure1.doCall(CallTestCaseKeyword.groovy:59)
	... 20 more
Caused by: com.kms.katalon.core.exception.StepFailedException: com.kms.katalon.core.webui.exception.WebElementNotFoundException: Web element with id: 'Object Repository/Page_Mattermost_Signup/input_email' located by 'By.xpath: //input[@id='email']' not found
	at com.kms.katalon.core.webui.keyword.internal.WebUIKeywordMain.stepFailed(WebUIKeywordMain.groovy:64)
	at com.kms.katalon.core.webui.keyword.builtin.VerifyElementPresentKeyword$_verifyElementPresent_closure1.doCall(VerifyElementPresentKeyword.groovy:85)
	at com.kms.katalon.core.webui.keyword.builtin.VerifyElementPresentKeyword$_verifyElementPresent_closure1.call(VerifyElementPresentKeyword.groovy)
	at com.kms.katalon.core.webui.keyword.internal.WebUIKeywordMain.runKeyword(WebUIKeywordMain.groovy:20)
	... 35 more
)

2020-06-05 23:06:44 - [TEST_CASE][FAILED] - Test Cases/Signup/signup_function: Test Cases/Signup/signup_function FAILED.
Reason:
com.kms.katalon.core.exception.StepFailedException: Unable to verify object 'Object Repository/Page_Mattermost_Signup/input_email' is present
	at com.kms.katalon.core.webui.keyword.internal.WebUIKeywordMain.stepFailed(WebUIKeywordMain.groovy:64)
	at com.kms.katalon.core.webui.keyword.internal.WebUIKeywordMain.runKeyword(WebUIKeywordMain.groovy:26)
	at com.kms.katalon.core.webui.keyword.builtin.VerifyElementPresentKeyword.verifyElementPresent(VerifyElementPresentKeyword.groovy:92)
	at com.kms.katalon.core.webui.keyword.builtin.VerifyElementPresentKeyword.execute(VerifyElementPresentKeyword.groovy:68)
	at com.kms.katalon.core.keyword.internal.KeywordExecutor.executeKeywordForPlatform(KeywordExecutor.groovy:72)
	at com.kms.katalon.core.webui.keyword.WebUiBuiltInKeywords.verifyElementPresent(WebUiBuiltInKeywords.groovy:1460)
	at com.kms.katalon.core.webui.keyword.WebUiBuiltInKeywords$verifyElementPresent$0.call(Unknown Source)
	at signup_function.run(signup_function:19)
	at com.kms.katalon.core.main.ScriptEngine.run(ScriptEngine.java:194)
	at com.kms.katalon.core.main.ScriptEngine.runScriptAsRawText(ScriptEngine.java:119)
	at com.kms.katalon.core.main.TestCaseExecutor.runScript(TestCaseExecutor.java:337)
	at com.kms.katalon.core.main.TestCaseExecutor.doExecute(TestCaseExecutor.java:328)
	at com.kms.katalon.core.main.TestCaseExecutor.processExecutionPhase(TestCaseExecutor.java:307)
	at com.kms.katalon.core.main.TestCaseExecutor.accessMainPhase(TestCaseExecutor.java:299)
	at com.kms.katalon.core.main.TestCaseExecutor.execute(TestCaseExecutor.java:233)
	at com.kms.katalon.core.main.TestCaseMain.runTestCase(TestCaseMain.java:114)
	at com.kms.katalon.core.keyword.builtin.CallTestCaseKeyword$_callTestCase_closure1.doCall(CallTestCaseKeyword.groovy:59)
	at com.kms.katalon.core.keyword.builtin.CallTestCaseKeyword$_callTestCase_closure1.call(CallTestCaseKeyword.groovy)
	at com.kms.katalon.core.keyword.internal.KeywordMain.runKeyword(KeywordMain.groovy:68)
	at com.kms.katalon.core.keyword.builtin.CallTestCaseKeyword.callTestCase(CallTestCaseKeyword.groovy:81)
	at com.kms.katalon.core.keyword.builtin.CallTestCaseKeyword.execute(CallTestCaseKeyword.groovy:44)
	at com.kms.katalon.core.keyword.internal.KeywordExecutor.executeKeywordForPlatform(KeywordExecutor.groovy:72)
	at com.kms.katalon.core.keyword.BuiltinKeywords.callTestCase(BuiltinKeywords.groovy:334)
	at TC_signup_02.run(TC_signup_02:26)
	at com.kms.katalon.core.main.ScriptEngine.run(ScriptEngine.java:194)
	at com.kms.katalon.core.main.ScriptEngine.runScriptAsRawText(ScriptEngine.java:119)
	at com.kms.katalon.core.main.TestCaseExecutor.runScript(TestCaseExecutor.java:337)
	at com.kms.katalon.core.main.TestCaseExecutor.doExecute(TestCaseExecutor.java:328)
	at com.kms.katalon.core.main.TestCaseExecutor.processExecutionPhase(TestCaseExecutor.java:307)
	at com.kms.katalon.core.main.TestCaseExecutor.accessMainPhase(TestCaseExecutor.java:299)
	at com.kms.katalon.core.main.TestCaseExecutor.execute(TestCaseExecutor.java:233)
	at com.kms.katalon.core.main.TestSuiteExecutor.accessTestCaseMainPhase(TestSuiteExecutor.java:169)
	at com.kms.katalon.core.main.TestSuiteExecutor.accessTestSuiteMainPhase(TestSuiteExecutor.java:142)
	at com.kms.katalon.core.main.TestSuiteExecutor.execute(TestSuiteExecutor.java:91)
	at com.kms.katalon.core.main.TestCaseMain.startTestSuite(TestCaseMain.java:157)
	at com.kms.katalon.core.main.TestCaseMain$startTestSuite$0.call(Unknown Source)
	at TempTestSuite1591373123859.run(TempTestSuite1591373123859.groovy:37)
Caused by: com.kms.katalon.core.exception.StepFailedException: com.kms.katalon.core.webui.exception.WebElementNotFoundException: Web element with id: 'Object Repository/Page_Mattermost_Signup/input_email' located by 'By.xpath: //input[@id='email']' not found
	at com.kms.katalon.core.webui.keyword.internal.WebUIKeywordMain.stepFailed(WebUIKeywordMain.groovy:64)
	at com.kms.katalon.core.webui.keyword.builtin.VerifyElementPresentKeyword$_verifyElementPresent_closure1.doCall(VerifyElementPresentKeyword.groovy:85)
	at com.kms.katalon.core.webui.keyword.builtin.VerifyElementPresentKeyword$_verifyElementPresent_closure1.call(VerifyElementPresentKeyword.groovy)
	at com.kms.katalon.core.webui.keyword.internal.WebUIKeywordMain.runKeyword(WebUIKeywordMain.groovy:20)
	... 35 more


2020-06-05 23:06:44 - [TEST_STEP][FAILED] - verifyEqual(verifyElementPresent(findTestObject("Object Repository/Page_Mattermost_Signup/input_email"), 1), true): Unable to verify object 'Object Repository/Page_Mattermost_Signup/input_email' is present (Root cause: com.kms.katalon.core.exception.StepFailedException: Unable to verify object 'Object Repository/Page_Mattermost_Signup/input_email' is present
	at com.kms.katalon.core.webui.keyword.internal.WebUIKeywordMain.stepFailed(WebUIKeywordMain.groovy:64)
	at com.kms.katalon.core.webui.keyword.internal.WebUIKeywordMain.runKeyword(WebUIKeywordMain.groovy:26)
	at com.kms.katalon.core.webui.keyword.builtin.VerifyElementPresentKeyword.verifyElementPresent(VerifyElementPresentKeyword.groovy:92)
	at com.kms.katalon.core.webui.keyword.builtin.VerifyElementPresentKeyword.execute(VerifyElementPresentKeyword.groovy:68)
	at com.kms.katalon.core.keyword.internal.KeywordExecutor.executeKeywordForPlatform(KeywordExecutor.groovy:72)
	at com.kms.katalon.core.webui.keyword.WebUiBuiltInKeywords.verifyElementPresent(WebUiBuiltInKeywords.groovy:1460)
	at com.kms.katalon.core.webui.keyword.WebUiBuiltInKeywords$verifyElementPresent$0.call(Unknown Source)
	at signup_function.run(signup_function:19)
	at com.kms.katalon.core.main.ScriptEngine.run(ScriptEngine.java:194)
	at com.kms.katalon.core.main.ScriptEngine.runScriptAsRawText(ScriptEngine.java:119)
	at com.kms.katalon.core.main.TestCaseExecutor.runScript(TestCaseExecutor.java:337)
	at com.kms.katalon.core.main.TestCaseExecutor.doExecute(TestCaseExecutor.java:328)
	at com.kms.katalon.core.main.TestCaseExecutor.processExecutionPhase(TestCaseExecutor.java:307)
	at com.kms.katalon.core.main.TestCaseExecutor.accessMainPhase(TestCaseExecutor.java:299)
	at com.kms.katalon.core.main.TestCaseExecutor.execute(TestCaseExecutor.java:233)
	at com.kms.katalon.core.main.TestCaseMain.runTestCase(TestCaseMain.java:114)
	at com.kms.katalon.core.keyword.builtin.CallTestCaseKeyword$_callTestCase_closure1.doCall(CallTestCaseKeyword.groovy:59)
	at com.kms.katalon.core.keyword.builtin.CallTestCaseKeyword$_callTestCase_closure1.call(CallTestCaseKeyword.groovy)
	at com.kms.katalon.core.keyword.internal.KeywordMain.runKeyword(KeywordMain.groovy:68)
	at com.kms.katalon.core.keyword.builtin.CallTestCaseKeyword.callTestCase(CallTestCaseKeyword.groovy:81)
	at com.kms.katalon.core.keyword.builtin.CallTestCaseKeyword.execute(CallTestCaseKeyword.groovy:44)
	at com.kms.katalon.core.keyword.internal.KeywordExecutor.executeKeywordForPlatform(KeywordExecutor.groovy:72)
	at com.kms.katalon.core.keyword.BuiltinKeywords.callTestCase(BuiltinKeywords.groovy:334)
	at TC_signup_02.run(TC_signup_02:26)
	at com.kms.katalon.core.main.ScriptEngine.run(ScriptEngine.java:194)
	at com.kms.katalon.core.main.ScriptEngine.runScriptAsRawText(ScriptEngine.java:119)
	at com.kms.katalon.core.main.TestCaseExecutor.runScript(TestCaseExecutor.java:337)
	at com.kms.katalon.core.main.TestCaseExecutor.doExecute(TestCaseExecutor.java:328)
	at com.kms.katalon.core.main.TestCaseExecutor.processExecutionPhase(TestCaseExecutor.java:307)
	at com.kms.katalon.core.main.TestCaseExecutor.accessMainPhase(TestCaseExecutor.java:299)
	at com.kms.katalon.core.main.TestCaseExecutor.execute(TestCaseExecutor.java:233)
	at com.kms.katalon.core.main.TestSuiteExecutor.accessTestCaseMainPhase(TestSuiteExecutor.java:169)
	at com.kms.katalon.core.main.TestSuiteExecutor.accessTestSuiteMainPhase(TestSuiteExecutor.java:142)
	at com.kms.katalon.core.main.TestSuiteExecutor.execute(TestSuiteExecutor.java:91)
	at com.kms.katalon.core.main.TestCaseMain.startTestSuite(TestCaseMain.java:157)
	at com.kms.katalon.core.main.TestCaseMain$startTestSuite$0.call(Unknown Source)
	at TempTestSuite1591373123859.run(TempTestSuite1591373123859.groovy:37)
Caused by: com.kms.katalon.core.exception.StepFailedException: com.kms.katalon.core.webui.exception.WebElementNotFoundException: Web element with id: 'Object Repository/Page_Mattermost_Signup/input_email' located by 'By.xpath: //input[@id='email']' not found
	at com.kms.katalon.core.webui.keyword.internal.WebUIKeywordMain.stepFailed(WebUIKeywordMain.groovy:64)
	at com.kms.katalon.core.webui.keyword.builtin.VerifyElementPresentKeyword$_verifyElementPresent_closure1.doCall(VerifyElementPresentKeyword.groovy:85)
	at com.kms.katalon.core.webui.keyword.builtin.VerifyElementPresentKeyword$_verifyElementPresent_closure1.call(VerifyElementPresentKeyword.groovy)
	at com.kms.katalon.core.webui.keyword.internal.WebUIKeywordMain.runKeyword(WebUIKeywordMain.groovy:20)
	... 35 more
)

2020-06-05 23:06:46 - [MESSAGE][INFO] - Unable to find the element located by 'By.xpath: //input[@id='email']'. Please recheck the objects properties to make sure the desired element is located. 

2020-06-05 23:06:46 - [MESSAGE][FAILED] - com.kms.katalon.core.webui.exception.WebElementNotFoundException: Web element with id: 'Object Repository/Page_Mattermost_Signup/input_email' located by 'By.xpath: //input[@id='email']' not found (Root cause: com.kms.katalon.core.exception.StepFailedException: com.kms.katalon.core.webui.exception.WebElementNotFoundException: Web element with id: 'Object Repository/Page_Mattermost_Signup/input_email' located by 'By.xpath: //input[@id='email']' not found
	at com.kms.katalon.core.webui.keyword.internal.WebUIKeywordMain.stepFailed(WebUIKeywordMain.groovy:64)
	at com.kms.katalon.core.webui.keyword.builtin.VerifyElementPresentKeyword$_verifyElementPresent_closure1.doCall(VerifyElementPresentKeyword.groovy:85)
	at com.kms.katalon.core.webui.keyword.builtin.VerifyElementPresentKeyword$_verifyElementPresent_closure1.call(VerifyElementPresentKeyword.groovy)
	at com.kms.katalon.core.webui.keyword.internal.WebUIKeywordMain.runKeyword(WebUIKeywordMain.groovy:20)
	at com.kms.katalon.core.webui.keyword.builtin.VerifyElementPresentKeyword.verifyElementPresent(VerifyElementPresentKeyword.groovy:92)
	at com.kms.katalon.core.webui.keyword.builtin.VerifyElementPresentKeyword.execute(VerifyElementPresentKeyword.groovy:68)
	at com.kms.katalon.core.keyword.internal.KeywordExecutor.executeKeywordForPlatform(KeywordExecutor.groovy:72)
	at com.kms.katalon.core.webui.keyword.WebUiBuiltInKeywords.verifyElementPresent(WebUiBuiltInKeywords.groovy:1460)
	at com.kms.katalon.core.webui.keyword.WebUiBuiltInKeywords$verifyElementPresent$0.call(Unknown Source)
	at signup_function.run(signup_function:19)
	at com.kms.katalon.core.main.ScriptEngine.run(ScriptEngine.java:194)
	at com.kms.katalon.core.main.ScriptEngine.runScriptAsRawText(ScriptEngine.java:119)
	at com.kms.katalon.core.main.TestCaseExecutor.runScript(TestCaseExecutor.java:337)
	at com.kms.katalon.core.main.TestCaseExecutor.doExecute(TestCaseExecutor.java:328)
	at com.kms.katalon.core.main.TestCaseExecutor.processExecutionPhase(TestCaseExecutor.java:307)
	at com.kms.katalon.core.main.TestCaseExecutor.accessMainPhase(TestCaseExecutor.java:299)
	at com.kms.katalon.core.main.TestCaseExecutor.execute(TestCaseExecutor.java:233)
	at com.kms.katalon.core.main.TestCaseMain.runTestCase(TestCaseMain.java:114)
	at com.kms.katalon.core.keyword.builtin.CallTestCaseKeyword$_callTestCase_closure1.doCall(CallTestCaseKeyword.groovy:59)
	at com.kms.katalon.core.keyword.builtin.CallTestCaseKeyword$_callTestCase_closure1.call(CallTestCaseKeyword.groovy)
	at com.kms.katalon.core.keyword.internal.KeywordMain.runKeyword(KeywordMain.groovy:68)
	at com.kms.katalon.core.keyword.builtin.CallTestCaseKeyword.callTestCase(CallTestCaseKeyword.groovy:81)
	at com.kms.katalon.core.keyword.builtin.CallTestCaseKeyword.execute(CallTestCaseKeyword.groovy:44)
	at com.kms.katalon.core.keyword.internal.KeywordExecutor.executeKeywordForPlatform(KeywordExecutor.groovy:72)
	at com.kms.katalon.core.keyword.BuiltinKeywords.callTestCase(BuiltinKeywords.groovy:334)
	at TC_signup_02.run(TC_signup_02:26)
	at com.kms.katalon.core.main.ScriptEngine.run(ScriptEngine.java:194)
	at com.kms.katalon.core.main.ScriptEngine.runScriptAsRawText(ScriptEngine.java:119)
	at com.kms.katalon.core.main.TestCaseExecutor.runScript(TestCaseExecutor.java:337)
	at com.kms.katalon.core.main.TestCaseExecutor.doExecute(TestCaseExecutor.java:328)
	at com.kms.katalon.core.main.TestCaseExecutor.processExecutionPhase(TestCaseExecutor.java:307)
	at com.kms.katalon.core.main.TestCaseExecutor.accessMainPhase(TestCaseExecutor.java:299)
	at com.kms.katalon.core.main.TestCaseExecutor.execute(TestCaseExecutor.java:233)
	at com.kms.katalon.core.main.TestSuiteExecutor.accessTestCaseMainPhase(TestSuiteExecutor.java:169)
	at com.kms.katalon.core.main.TestSuiteExecutor.accessTestSuiteMainPhase(TestSuiteExecutor.java:142)
	at com.kms.katalon.core.main.TestSuiteExecutor.execute(TestSuiteExecutor.java:91)
	at com.kms.katalon.core.main.TestCaseMain.startTestSuite(TestCaseMain.java:157)
	at com.kms.katalon.core.main.TestCaseMain$startTestSuite$0.call(Unknown Source)
	at TempTestSuite1591373123859.run(TempTestSuite1591373123859.groovy:37)
)
[[ATTACHMENT|D:\\katalon\\hw2-katalon-testing\\Reports\\20200605_230523\\Run_All_Test_Cases\\20200605_230523\\1591373206683.png]]

2020-06-05 23:06:46 - [MESSAGE][FAILED] - Unable to verify object 'Object Repository/Page_Mattermost_Signup/input_email' is present (Root cause: com.kms.katalon.core.exception.StepFailedException: Unable to verify object 'Object Repository/Page_Mattermost_Signup/input_email' is present
	at com.kms.katalon.core.webui.keyword.internal.WebUIKeywordMain.stepFailed(WebUIKeywordMain.groovy:64)
	at com.kms.katalon.core.webui.keyword.internal.WebUIKeywordMain.runKeyword(WebUIKeywordMain.groovy:26)
	at com.kms.katalon.core.webui.keyword.builtin.VerifyElementPresentKeyword.verifyElementPresent(VerifyElementPresentKeyword.groovy:92)
	at com.kms.katalon.core.webui.keyword.builtin.VerifyElementPresentKeyword.execute(VerifyElementPresentKeyword.groovy:68)
	at com.kms.katalon.core.keyword.internal.KeywordExecutor.executeKeywordForPlatform(KeywordExecutor.groovy:72)
	at com.kms.katalon.core.webui.keyword.WebUiBuiltInKeywords.verifyElementPresent(WebUiBuiltInKeywords.groovy:1460)
	at com.kms.katalon.core.webui.keyword.WebUiBuiltInKeywords$verifyElementPresent$0.call(Unknown Source)
	at signup_function.run(signup_function:19)
	at com.kms.katalon.core.main.ScriptEngine.run(ScriptEngine.java:194)
	at com.kms.katalon.core.main.ScriptEngine.runScriptAsRawText(ScriptEngine.java:119)
	at com.kms.katalon.core.main.TestCaseExecutor.runScript(TestCaseExecutor.java:337)
	at com.kms.katalon.core.main.TestCaseExecutor.doExecute(TestCaseExecutor.java:328)
	at com.kms.katalon.core.main.TestCaseExecutor.processExecutionPhase(TestCaseExecutor.java:307)
	at com.kms.katalon.core.main.TestCaseExecutor.accessMainPhase(TestCaseExecutor.java:299)
	at com.kms.katalon.core.main.TestCaseExecutor.execute(TestCaseExecutor.java:233)
	at com.kms.katalon.core.main.TestCaseMain.runTestCase(TestCaseMain.java:114)
	at com.kms.katalon.core.keyword.builtin.CallTestCaseKeyword$_callTestCase_closure1.doCall(CallTestCaseKeyword.groovy:59)
	at com.kms.katalon.core.keyword.builtin.CallTestCaseKeyword$_callTestCase_closure1.call(CallTestCaseKeyword.groovy)
	at com.kms.katalon.core.keyword.internal.KeywordMain.runKeyword(KeywordMain.groovy:68)
	at com.kms.katalon.core.keyword.builtin.CallTestCaseKeyword.callTestCase(CallTestCaseKeyword.groovy:81)
	at com.kms.katalon.core.keyword.builtin.CallTestCaseKeyword.execute(CallTestCaseKeyword.groovy:44)
	at com.kms.katalon.core.keyword.internal.KeywordExecutor.executeKeywordForPlatform(KeywordExecutor.groovy:72)
	at com.kms.katalon.core.keyword.BuiltinKeywords.callTestCase(BuiltinKeywords.groovy:334)
	at TC_signup_02.run(TC_signup_02:26)
	at com.kms.katalon.core.main.ScriptEngine.run(ScriptEngine.java:194)
	at com.kms.katalon.core.main.ScriptEngine.runScriptAsRawText(ScriptEngine.java:119)
	at com.kms.katalon.core.main.TestCaseExecutor.runScript(TestCaseExecutor.java:337)
	at com.kms.katalon.core.main.TestCaseExecutor.doExecute(TestCaseExecutor.java:328)
	at com.kms.katalon.core.main.TestCaseExecutor.processExecutionPhase(TestCaseExecutor.java:307)
	at com.kms.katalon.core.main.TestCaseExecutor.accessMainPhase(TestCaseExecutor.java:299)
	at com.kms.katalon.core.main.TestCaseExecutor.execute(TestCaseExecutor.java:233)
	at com.kms.katalon.core.main.TestSuiteExecutor.accessTestCaseMainPhase(TestSuiteExecutor.java:169)
	at com.kms.katalon.core.main.TestSuiteExecutor.accessTestSuiteMainPhase(TestSuiteExecutor.java:142)
	at com.kms.katalon.core.main.TestSuiteExecutor.execute(TestSuiteExecutor.java:91)
	at com.kms.katalon.core.main.TestCaseMain.startTestSuite(TestCaseMain.java:157)
	at com.kms.katalon.core.main.TestCaseMain$startTestSuite$0.call(Unknown Source)
	at TempTestSuite1591373123859.run(TempTestSuite1591373123859.groovy:37)
Caused by: com.kms.katalon.core.exception.StepFailedException: com.kms.katalon.core.webui.exception.WebElementNotFoundException: Web element with id: 'Object Repository/Page_Mattermost_Signup/input_email' located by 'By.xpath: //input[@id='email']' not found
	at com.kms.katalon.core.webui.keyword.internal.WebUIKeywordMain.stepFailed(WebUIKeywordMain.groovy:64)
	at com.kms.katalon.core.webui.keyword.builtin.VerifyElementPresentKeyword$_verifyElementPresent_closure1.doCall(VerifyElementPresentKeyword.groovy:85)
	at com.kms.katalon.core.webui.keyword.builtin.VerifyElementPresentKeyword$_verifyElementPresent_closure1.call(VerifyElementPresentKeyword.groovy)
	at com.kms.katalon.core.webui.keyword.internal.WebUIKeywordMain.runKeyword(WebUIKeywordMain.groovy:20)
	... 35 more
)
[[ATTACHMENT|D:\\katalon\\hw2-katalon-testing\\Reports\\20200605_230523\\Run_All_Test_Cases\\20200605_230523\\1591373206773.png]]

2020-06-05 23:06:46 - [MESSAGE][FAILED] - Unable to call Test Case 'Test Cases/Signup/signup_function' (Root cause: com.kms.katalon.core.exception.StepFailedException: Call Test Case 'Test Cases/Signup/signup_function' failed
	at com.kms.katalon.core.keyword.builtin.CallTestCaseKeyword$_callTestCase_closure1.doCall(CallTestCaseKeyword.groovy:63)
	at com.kms.katalon.core.keyword.builtin.CallTestCaseKeyword$_callTestCase_closure1.call(CallTestCaseKeyword.groovy)
	at com.kms.katalon.core.keyword.internal.KeywordMain.runKeyword(KeywordMain.groovy:68)
	at com.kms.katalon.core.keyword.builtin.CallTestCaseKeyword.callTestCase(CallTestCaseKeyword.groovy:81)
	at com.kms.katalon.core.keyword.builtin.CallTestCaseKeyword.execute(CallTestCaseKeyword.groovy:44)
	at com.kms.katalon.core.keyword.internal.KeywordExecutor.executeKeywordForPlatform(KeywordExecutor.groovy:72)
	at com.kms.katalon.core.keyword.BuiltinKeywords.callTestCase(BuiltinKeywords.groovy:334)
	at TC_signup_02.run(TC_signup_02:26)
	at com.kms.katalon.core.main.ScriptEngine.run(ScriptEngine.java:194)
	at com.kms.katalon.core.main.ScriptEngine.runScriptAsRawText(ScriptEngine.java:119)
	at com.kms.katalon.core.main.TestCaseExecutor.runScript(TestCaseExecutor.java:337)
	at com.kms.katalon.core.main.TestCaseExecutor.doExecute(TestCaseExecutor.java:328)
	at com.kms.katalon.core.main.TestCaseExecutor.processExecutionPhase(TestCaseExecutor.java:307)
	at com.kms.katalon.core.main.TestCaseExecutor.accessMainPhase(TestCaseExecutor.java:299)
	at com.kms.katalon.core.main.TestCaseExecutor.execute(TestCaseExecutor.java:233)
	at com.kms.katalon.core.main.TestSuiteExecutor.accessTestCaseMainPhase(TestSuiteExecutor.java:169)
	at com.kms.katalon.core.main.TestSuiteExecutor.accessTestSuiteMainPhase(TestSuiteExecutor.java:142)
	at com.kms.katalon.core.main.TestSuiteExecutor.execute(TestSuiteExecutor.java:91)
	at com.kms.katalon.core.main.TestCaseMain.startTestSuite(TestCaseMain.java:157)
	at com.kms.katalon.core.main.TestCaseMain$startTestSuite$0.call(Unknown Source)
	at TempTestSuite1591373123859.run(TempTestSuite1591373123859.groovy:37)
Caused by: com.kms.katalon.core.exception.StepFailedException: Unable to verify object 'Object Repository/Page_Mattermost_Signup/input_email' is present
	at com.kms.katalon.core.webui.keyword.internal.WebUIKeywordMain.stepFailed(WebUIKeywordMain.groovy:64)
	at com.kms.katalon.core.webui.keyword.internal.WebUIKeywordMain.runKeyword(WebUIKeywordMain.groovy:26)
	at com.kms.katalon.core.webui.keyword.builtin.VerifyElementPresentKeyword.verifyElementPresent(VerifyElementPresentKeyword.groovy:92)
	at com.kms.katalon.core.webui.keyword.builtin.VerifyElementPresentKeyword.execute(VerifyElementPresentKeyword.groovy:68)
	at com.kms.katalon.core.keyword.internal.KeywordExecutor.executeKeywordForPlatform(KeywordExecutor.groovy:72)
	at com.kms.katalon.core.webui.keyword.WebUiBuiltInKeywords.verifyElementPresent(WebUiBuiltInKeywords.groovy:1460)
	at com.kms.katalon.core.webui.keyword.WebUiBuiltInKeywords$verifyElementPresent$0.call(Unknown Source)
	at signup_function.run(signup_function:19)
	at com.kms.katalon.core.main.ScriptEngine.run(ScriptEngine.java:194)
	at com.kms.katalon.core.main.ScriptEngine.runScriptAsRawText(ScriptEngine.java:119)
	at com.kms.katalon.core.main.TestCaseExecutor.runScript(TestCaseExecutor.java:337)
	at com.kms.katalon.core.main.TestCaseExecutor.doExecute(TestCaseExecutor.java:328)
	at com.kms.katalon.core.main.TestCaseExecutor.processExecutionPhase(TestCaseExecutor.java:307)
	at com.kms.katalon.core.main.TestCaseExecutor.accessMainPhase(TestCaseExecutor.java:299)
	at com.kms.katalon.core.main.TestCaseExecutor.execute(TestCaseExecutor.java:233)
	at com.kms.katalon.core.main.TestCaseMain.runTestCase(TestCaseMain.java:114)
	at com.kms.katalon.core.keyword.builtin.CallTestCaseKeyword$_callTestCase_closure1.doCall(CallTestCaseKeyword.groovy:59)
	... 20 more
Caused by: com.kms.katalon.core.exception.StepFailedException: com.kms.katalon.core.webui.exception.WebElementNotFoundException: Web element with id: 'Object Repository/Page_Mattermost_Signup/input_email' located by 'By.xpath: //input[@id='email']' not found
	at com.kms.katalon.core.webui.keyword.internal.WebUIKeywordMain.stepFailed(WebUIKeywordMain.groovy:64)
	at com.kms.katalon.core.webui.keyword.builtin.VerifyElementPresentKeyword$_verifyElementPresent_closure1.doCall(VerifyElementPresentKeyword.groovy:85)
	at com.kms.katalon.core.webui.keyword.builtin.VerifyElementPresentKeyword$_verifyElementPresent_closure1.call(VerifyElementPresentKeyword.groovy)
	at com.kms.katalon.core.webui.keyword.internal.WebUIKeywordMain.runKeyword(WebUIKeywordMain.groovy:20)
	... 35 more
)

2020-06-05 23:06:46 - [TEST_STEP][PASSED] - Start tear down : Teardown: Method 'Teardown' complete successfully

2020-06-05 23:06:46 - [TEST_STEP][PASSED] - closeBrowser(): Browser is closed

2020-06-05 23:06:47 - [MESSAGE][PASSED] - Browser is closed

2020-06-05 23:06:47 - [MESSAGE][PASSED] - Method 'Teardown' complete successfully]]></system-out>
         <system-err><![CDATA[2020-06-05 23:06:39 - [TEST_CASE][FAILED] - Test Cases/Signup/TC_signup_02: Test Cases/Signup/TC_signup_02 FAILED.
Reason:
com.kms.katalon.core.exception.StepFailedException: Call Test Case 'Test Cases/Signup/signup_function' failed
	at com.kms.katalon.core.keyword.builtin.CallTestCaseKeyword$_callTestCase_closure1.doCall(CallTestCaseKeyword.groovy:63)
	at com.kms.katalon.core.keyword.builtin.CallTestCaseKeyword$_callTestCase_closure1.call(CallTestCaseKeyword.groovy)
	at com.kms.katalon.core.keyword.internal.KeywordMain.runKeyword(KeywordMain.groovy:68)
	at com.kms.katalon.core.keyword.builtin.CallTestCaseKeyword.callTestCase(CallTestCaseKeyword.groovy:81)
	at com.kms.katalon.core.keyword.builtin.CallTestCaseKeyword.execute(CallTestCaseKeyword.groovy:44)
	at com.kms.katalon.core.keyword.internal.KeywordExecutor.executeKeywordForPlatform(KeywordExecutor.groovy:72)
	at com.kms.katalon.core.keyword.BuiltinKeywords.callTestCase(BuiltinKeywords.groovy:334)
	at TC_signup_02.run(TC_signup_02:26)
	at com.kms.katalon.core.main.ScriptEngine.run(ScriptEngine.java:194)
	at com.kms.katalon.core.main.ScriptEngine.runScriptAsRawText(ScriptEngine.java:119)
	at com.kms.katalon.core.main.TestCaseExecutor.runScript(TestCaseExecutor.java:337)
	at com.kms.katalon.core.main.TestCaseExecutor.doExecute(TestCaseExecutor.java:328)
	at com.kms.katalon.core.main.TestCaseExecutor.processExecutionPhase(TestCaseExecutor.java:307)
	at com.kms.katalon.core.main.TestCaseExecutor.accessMainPhase(TestCaseExecutor.java:299)
	at com.kms.katalon.core.main.TestCaseExecutor.execute(TestCaseExecutor.java:233)
	at com.kms.katalon.core.main.TestSuiteExecutor.accessTestCaseMainPhase(TestSuiteExecutor.java:169)
	at com.kms.katalon.core.main.TestSuiteExecutor.accessTestSuiteMainPhase(TestSuiteExecutor.java:142)
	at com.kms.katalon.core.main.TestSuiteExecutor.execute(TestSuiteExecutor.java:91)
	at com.kms.katalon.core.main.TestCaseMain.startTestSuite(TestCaseMain.java:157)
	at com.kms.katalon.core.main.TestCaseMain$startTestSuite$0.call(Unknown Source)
	at TempTestSuite1591373123859.run(TempTestSuite1591373123859.groovy:37)
Caused by: com.kms.katalon.core.exception.StepFailedException: Unable to verify object 'Object Repository/Page_Mattermost_Signup/input_email' is present
	at com.kms.katalon.core.webui.keyword.internal.WebUIKeywordMain.stepFailed(WebUIKeywordMain.groovy:64)
	at com.kms.katalon.core.webui.keyword.internal.WebUIKeywordMain.runKeyword(WebUIKeywordMain.groovy:26)
	at com.kms.katalon.core.webui.keyword.builtin.VerifyElementPresentKeyword.verifyElementPresent(VerifyElementPresentKeyword.groovy:92)
	at com.kms.katalon.core.webui.keyword.builtin.VerifyElementPresentKeyword.execute(VerifyElementPresentKeyword.groovy:68)
	at com.kms.katalon.core.keyword.internal.KeywordExecutor.executeKeywordForPlatform(KeywordExecutor.groovy:72)
	at com.kms.katalon.core.webui.keyword.WebUiBuiltInKeywords.verifyElementPresent(WebUiBuiltInKeywords.groovy:1460)
	at com.kms.katalon.core.webui.keyword.WebUiBuiltInKeywords$verifyElementPresent$0.call(Unknown Source)
	at signup_function.run(signup_function:19)
	at com.kms.katalon.core.main.ScriptEngine.run(ScriptEngine.java:194)
	at com.kms.katalon.core.main.ScriptEngine.runScriptAsRawText(ScriptEngine.java:119)
	at com.kms.katalon.core.main.TestCaseExecutor.runScript(TestCaseExecutor.java:337)
	at com.kms.katalon.core.main.TestCaseExecutor.doExecute(TestCaseExecutor.java:328)
	at com.kms.katalon.core.main.TestCaseExecutor.processExecutionPhase(TestCaseExecutor.java:307)
	at com.kms.katalon.core.main.TestCaseExecutor.accessMainPhase(TestCaseExecutor.java:299)
	at com.kms.katalon.core.main.TestCaseExecutor.execute(TestCaseExecutor.java:233)
	at com.kms.katalon.core.main.TestCaseMain.runTestCase(TestCaseMain.java:114)
	at com.kms.katalon.core.keyword.builtin.CallTestCaseKeyword$_callTestCase_closure1.doCall(CallTestCaseKeyword.groovy:59)
	... 20 more
Caused by: com.kms.katalon.core.exception.StepFailedException: com.kms.katalon.core.webui.exception.WebElementNotFoundException: Web element with id: 'Object Repository/Page_Mattermost_Signup/input_email' located by 'By.xpath: //input[@id='email']' not found
	at com.kms.katalon.core.webui.keyword.internal.WebUIKeywordMain.stepFailed(WebUIKeywordMain.groovy:64)
	at com.kms.katalon.core.webui.keyword.builtin.VerifyElementPresentKeyword$_verifyElementPresent_closure1.doCall(VerifyElementPresentKeyword.groovy:85)
	at com.kms.katalon.core.webui.keyword.builtin.VerifyElementPresentKeyword$_verifyElementPresent_closure1.call(VerifyElementPresentKeyword.groovy)
	at com.kms.katalon.core.webui.keyword.internal.WebUIKeywordMain.runKeyword(WebUIKeywordMain.groovy:20)
	... 35 more]]></system-err>
      </testcase>
      <testcase name="Test Cases/Signup/TC_signup_03" time="7.906" classname="Test Cases/Signup/TC_signup_03" status="FAILED">
         <failure type="FAILED" message="Test Cases/Signup/TC_signup_03 FAILED.
Reason:
com.kms.katalon.core.exception.StepFailedException: Call Test Case 'Test Cases/Signup/signup_function' failed
	at com.kms.katalon.core.keyword.builtin.CallTestCaseKeyword$_callTestCase_closure1.doCall(CallTestCaseKeyword.groovy:63)
	at com.kms.katalon.core.keyword.builtin.CallTestCaseKeyword$_callTestCase_closure1.call(CallTestCaseKeyword.groovy)
	at com.kms.katalon.core.keyword.internal.KeywordMain.runKeyword(KeywordMain.groovy:68)
	at com.kms.katalon.core.keyword.builtin.CallTestCaseKeyword.callTestCase(CallTestCaseKeyword.groovy:81)
	at com.kms.katalon.core.keyword.builtin.CallTestCaseKeyword.execute(CallTestCaseKeyword.groovy:44)
	at com.kms.katalon.core.keyword.internal.KeywordExecutor.executeKeywordForPlatform(KeywordExecutor.groovy:72)
	at com.kms.katalon.core.keyword.BuiltinKeywords.callTestCase(BuiltinKeywords.groovy:334)
	at TC_signup_03.run(TC_signup_03:25)
	at com.kms.katalon.core.main.ScriptEngine.run(ScriptEngine.java:194)
	at com.kms.katalon.core.main.ScriptEngine.runScriptAsRawText(ScriptEngine.java:119)
	at com.kms.katalon.core.main.TestCaseExecutor.runScript(TestCaseExecutor.java:337)
	at com.kms.katalon.core.main.TestCaseExecutor.doExecute(TestCaseExecutor.java:328)
	at com.kms.katalon.core.main.TestCaseExecutor.processExecutionPhase(TestCaseExecutor.java:307)
	at com.kms.katalon.core.main.TestCaseExecutor.accessMainPhase(TestCaseExecutor.java:299)
	at com.kms.katalon.core.main.TestCaseExecutor.execute(TestCaseExecutor.java:233)
	at com.kms.katalon.core.main.TestSuiteExecutor.accessTestCaseMainPhase(TestSuiteExecutor.java:169)
	at com.kms.katalon.core.main.TestSuiteExecutor.accessTestSuiteMainPhase(TestSuiteExecutor.java:142)
	at com.kms.katalon.core.main.TestSuiteExecutor.execute(TestSuiteExecutor.java:91)
	at com.kms.katalon.core.main.TestCaseMain.startTestSuite(TestCaseMain.java:157)
	at com.kms.katalon.core.main.TestCaseMain$startTestSuite$0.call(Unknown Source)
	at TempTestSuite1591373123859.run(TempTestSuite1591373123859.groovy:37)
Caused by: com.kms.katalon.core.exception.StepFailedException: Unable to verify object 'Object Repository/Page_Mattermost_Signup/input_email' is present
	at com.kms.katalon.core.webui.keyword.internal.WebUIKeywordMain.stepFailed(WebUIKeywordMain.groovy:64)
	at com.kms.katalon.core.webui.keyword.internal.WebUIKeywordMain.runKeyword(WebUIKeywordMain.groovy:26)
	at com.kms.katalon.core.webui.keyword.builtin.VerifyElementPresentKeyword.verifyElementPresent(VerifyElementPresentKeyword.groovy:92)
	at com.kms.katalon.core.webui.keyword.builtin.VerifyElementPresentKeyword.execute(VerifyElementPresentKeyword.groovy:68)
	at com.kms.katalon.core.keyword.internal.KeywordExecutor.executeKeywordForPlatform(KeywordExecutor.groovy:72)
	at com.kms.katalon.core.webui.keyword.WebUiBuiltInKeywords.verifyElementPresent(WebUiBuiltInKeywords.groovy:1460)
	at com.kms.katalon.core.webui.keyword.WebUiBuiltInKeywords$verifyElementPresent$0.call(Unknown Source)
	at signup_function.run(signup_function:19)
	at com.kms.katalon.core.main.ScriptEngine.run(ScriptEngine.java:194)
	at com.kms.katalon.core.main.ScriptEngine.runScriptAsRawText(ScriptEngine.java:119)
	at com.kms.katalon.core.main.TestCaseExecutor.runScript(TestCaseExecutor.java:337)
	at com.kms.katalon.core.main.TestCaseExecutor.doExecute(TestCaseExecutor.java:328)
	at com.kms.katalon.core.main.TestCaseExecutor.processExecutionPhase(TestCaseExecutor.java:307)
	at com.kms.katalon.core.main.TestCaseExecutor.accessMainPhase(TestCaseExecutor.java:299)
	at com.kms.katalon.core.main.TestCaseExecutor.execute(TestCaseExecutor.java:233)
	at com.kms.katalon.core.main.TestCaseMain.runTestCase(TestCaseMain.java:114)
	at com.kms.katalon.core.keyword.builtin.CallTestCaseKeyword$_callTestCase_closure1.doCall(CallTestCaseKeyword.groovy:59)
	... 20 more
Caused by: com.kms.katalon.core.exception.StepFailedException: com.kms.katalon.core.webui.exception.WebElementNotFoundException: Web element with id: 'Object Repository/Page_Mattermost_Signup/input_email' located by 'By.xpath: //input[@id='email']' not found
	at com.kms.katalon.core.webui.keyword.internal.WebUIKeywordMain.stepFailed(WebUIKeywordMain.groovy:64)
	at com.kms.katalon.core.webui.keyword.builtin.VerifyElementPresentKeyword$_verifyElementPresent_closure1.doCall(VerifyElementPresentKeyword.groovy:85)
	at com.kms.katalon.core.webui.keyword.builtin.VerifyElementPresentKeyword$_verifyElementPresent_closure1.call(VerifyElementPresentKeyword.groovy)
	at com.kms.katalon.core.webui.keyword.internal.WebUIKeywordMain.runKeyword(WebUIKeywordMain.groovy:20)
	... 35 more
"/>
         <system-out><![CDATA[2020-06-05 23:06:47 - [TEST_CASE][FAILED] - Test Cases/Signup/TC_signup_03: Test Cases/Signup/TC_signup_03 FAILED.
Reason:
com.kms.katalon.core.exception.StepFailedException: Call Test Case 'Test Cases/Signup/signup_function' failed
	at com.kms.katalon.core.keyword.builtin.CallTestCaseKeyword$_callTestCase_closure1.doCall(CallTestCaseKeyword.groovy:63)
	at com.kms.katalon.core.keyword.builtin.CallTestCaseKeyword$_callTestCase_closure1.call(CallTestCaseKeyword.groovy)
	at com.kms.katalon.core.keyword.internal.KeywordMain.runKeyword(KeywordMain.groovy:68)
	at com.kms.katalon.core.keyword.builtin.CallTestCaseKeyword.callTestCase(CallTestCaseKeyword.groovy:81)
	at com.kms.katalon.core.keyword.builtin.CallTestCaseKeyword.execute(CallTestCaseKeyword.groovy:44)
	at com.kms.katalon.core.keyword.internal.KeywordExecutor.executeKeywordForPlatform(KeywordExecutor.groovy:72)
	at com.kms.katalon.core.keyword.BuiltinKeywords.callTestCase(BuiltinKeywords.groovy:334)
	at TC_signup_03.run(TC_signup_03:25)
	at com.kms.katalon.core.main.ScriptEngine.run(ScriptEngine.java:194)
	at com.kms.katalon.core.main.ScriptEngine.runScriptAsRawText(ScriptEngine.java:119)
	at com.kms.katalon.core.main.TestCaseExecutor.runScript(TestCaseExecutor.java:337)
	at com.kms.katalon.core.main.TestCaseExecutor.doExecute(TestCaseExecutor.java:328)
	at com.kms.katalon.core.main.TestCaseExecutor.processExecutionPhase(TestCaseExecutor.java:307)
	at com.kms.katalon.core.main.TestCaseExecutor.accessMainPhase(TestCaseExecutor.java:299)
	at com.kms.katalon.core.main.TestCaseExecutor.execute(TestCaseExecutor.java:233)
	at com.kms.katalon.core.main.TestSuiteExecutor.accessTestCaseMainPhase(TestSuiteExecutor.java:169)
	at com.kms.katalon.core.main.TestSuiteExecutor.accessTestSuiteMainPhase(TestSuiteExecutor.java:142)
	at com.kms.katalon.core.main.TestSuiteExecutor.execute(TestSuiteExecutor.java:91)
	at com.kms.katalon.core.main.TestCaseMain.startTestSuite(TestCaseMain.java:157)
	at com.kms.katalon.core.main.TestCaseMain$startTestSuite$0.call(Unknown Source)
	at TempTestSuite1591373123859.run(TempTestSuite1591373123859.groovy:37)
Caused by: com.kms.katalon.core.exception.StepFailedException: Unable to verify object 'Object Repository/Page_Mattermost_Signup/input_email' is present
	at com.kms.katalon.core.webui.keyword.internal.WebUIKeywordMain.stepFailed(WebUIKeywordMain.groovy:64)
	at com.kms.katalon.core.webui.keyword.internal.WebUIKeywordMain.runKeyword(WebUIKeywordMain.groovy:26)
	at com.kms.katalon.core.webui.keyword.builtin.VerifyElementPresentKeyword.verifyElementPresent(VerifyElementPresentKeyword.groovy:92)
	at com.kms.katalon.core.webui.keyword.builtin.VerifyElementPresentKeyword.execute(VerifyElementPresentKeyword.groovy:68)
	at com.kms.katalon.core.keyword.internal.KeywordExecutor.executeKeywordForPlatform(KeywordExecutor.groovy:72)
	at com.kms.katalon.core.webui.keyword.WebUiBuiltInKeywords.verifyElementPresent(WebUiBuiltInKeywords.groovy:1460)
	at com.kms.katalon.core.webui.keyword.WebUiBuiltInKeywords$verifyElementPresent$0.call(Unknown Source)
	at signup_function.run(signup_function:19)
	at com.kms.katalon.core.main.ScriptEngine.run(ScriptEngine.java:194)
	at com.kms.katalon.core.main.ScriptEngine.runScriptAsRawText(ScriptEngine.java:119)
	at com.kms.katalon.core.main.TestCaseExecutor.runScript(TestCaseExecutor.java:337)
	at com.kms.katalon.core.main.TestCaseExecutor.doExecute(TestCaseExecutor.java:328)
	at com.kms.katalon.core.main.TestCaseExecutor.processExecutionPhase(TestCaseExecutor.java:307)
	at com.kms.katalon.core.main.TestCaseExecutor.accessMainPhase(TestCaseExecutor.java:299)
	at com.kms.katalon.core.main.TestCaseExecutor.execute(TestCaseExecutor.java:233)
	at com.kms.katalon.core.main.TestCaseMain.runTestCase(TestCaseMain.java:114)
	at com.kms.katalon.core.keyword.builtin.CallTestCaseKeyword$_callTestCase_closure1.doCall(CallTestCaseKeyword.groovy:59)
	... 20 more
Caused by: com.kms.katalon.core.exception.StepFailedException: com.kms.katalon.core.webui.exception.WebElementNotFoundException: Web element with id: 'Object Repository/Page_Mattermost_Signup/input_email' located by 'By.xpath: //input[@id='email']' not found
	at com.kms.katalon.core.webui.keyword.internal.WebUIKeywordMain.stepFailed(WebUIKeywordMain.groovy:64)
	at com.kms.katalon.core.webui.keyword.builtin.VerifyElementPresentKeyword$_verifyElementPresent_closure1.doCall(VerifyElementPresentKeyword.groovy:85)
	at com.kms.katalon.core.webui.keyword.builtin.VerifyElementPresentKeyword$_verifyElementPresent_closure1.call(VerifyElementPresentKeyword.groovy)
	at com.kms.katalon.core.webui.keyword.internal.WebUIKeywordMain.runKeyword(WebUIKeywordMain.groovy:20)
	... 35 more


2020-06-05 23:06:47 - [TEST_STEP][PASSED] - Start setup action : Setup: Method 'Setup' complete successfully

2020-06-05 23:06:47 - [TEST_STEP][PASSED] - openBrowser("http://192.168.1.10:8065/signup_email"): Browser is opened with url: 'http://192.168.1.10:8065/signup_email'

2020-06-05 23:06:47 - [MESSAGE][INFO] - Starting 'Firefox' driver

2020-06-05 23:06:47 - [MESSAGE][INFO] - Action delay is set to 0 milliseconds

2020-06-05 23:06:52 - [MESSAGE][PASSED] - Browser is opened with url: 'http://192.168.1.10:8065/signup_email'

2020-06-05 23:06:52 - [MESSAGE][PASSED] - Method 'Setup' complete successfully

2020-06-05 23:06:52 - [TEST_STEP][FAILED] - callTestCase(findTestCase("Test Cases/Signup/signup_function"), ["var_email":var_email, "var_name":var_name, "var_password":var_password], STOP_ON_FAILURE): Unable to call Test Case 'Test Cases/Signup/signup_function' (Root cause: com.kms.katalon.core.exception.StepFailedException: Call Test Case 'Test Cases/Signup/signup_function' failed
	at com.kms.katalon.core.keyword.builtin.CallTestCaseKeyword$_callTestCase_closure1.doCall(CallTestCaseKeyword.groovy:63)
	at com.kms.katalon.core.keyword.builtin.CallTestCaseKeyword$_callTestCase_closure1.call(CallTestCaseKeyword.groovy)
	at com.kms.katalon.core.keyword.internal.KeywordMain.runKeyword(KeywordMain.groovy:68)
	at com.kms.katalon.core.keyword.builtin.CallTestCaseKeyword.callTestCase(CallTestCaseKeyword.groovy:81)
	at com.kms.katalon.core.keyword.builtin.CallTestCaseKeyword.execute(CallTestCaseKeyword.groovy:44)
	at com.kms.katalon.core.keyword.internal.KeywordExecutor.executeKeywordForPlatform(KeywordExecutor.groovy:72)
	at com.kms.katalon.core.keyword.BuiltinKeywords.callTestCase(BuiltinKeywords.groovy:334)
	at TC_signup_03.run(TC_signup_03:25)
	at com.kms.katalon.core.main.ScriptEngine.run(ScriptEngine.java:194)
	at com.kms.katalon.core.main.ScriptEngine.runScriptAsRawText(ScriptEngine.java:119)
	at com.kms.katalon.core.main.TestCaseExecutor.runScript(TestCaseExecutor.java:337)
	at com.kms.katalon.core.main.TestCaseExecutor.doExecute(TestCaseExecutor.java:328)
	at com.kms.katalon.core.main.TestCaseExecutor.processExecutionPhase(TestCaseExecutor.java:307)
	at com.kms.katalon.core.main.TestCaseExecutor.accessMainPhase(TestCaseExecutor.java:299)
	at com.kms.katalon.core.main.TestCaseExecutor.execute(TestCaseExecutor.java:233)
	at com.kms.katalon.core.main.TestSuiteExecutor.accessTestCaseMainPhase(TestSuiteExecutor.java:169)
	at com.kms.katalon.core.main.TestSuiteExecutor.accessTestSuiteMainPhase(TestSuiteExecutor.java:142)
	at com.kms.katalon.core.main.TestSuiteExecutor.execute(TestSuiteExecutor.java:91)
	at com.kms.katalon.core.main.TestCaseMain.startTestSuite(TestCaseMain.java:157)
	at com.kms.katalon.core.main.TestCaseMain$startTestSuite$0.call(Unknown Source)
	at TempTestSuite1591373123859.run(TempTestSuite1591373123859.groovy:37)
Caused by: com.kms.katalon.core.exception.StepFailedException: Unable to verify object 'Object Repository/Page_Mattermost_Signup/input_email' is present
	at com.kms.katalon.core.webui.keyword.internal.WebUIKeywordMain.stepFailed(WebUIKeywordMain.groovy:64)
	at com.kms.katalon.core.webui.keyword.internal.WebUIKeywordMain.runKeyword(WebUIKeywordMain.groovy:26)
	at com.kms.katalon.core.webui.keyword.builtin.VerifyElementPresentKeyword.verifyElementPresent(VerifyElementPresentKeyword.groovy:92)
	at com.kms.katalon.core.webui.keyword.builtin.VerifyElementPresentKeyword.execute(VerifyElementPresentKeyword.groovy:68)
	at com.kms.katalon.core.keyword.internal.KeywordExecutor.executeKeywordForPlatform(KeywordExecutor.groovy:72)
	at com.kms.katalon.core.webui.keyword.WebUiBuiltInKeywords.verifyElementPresent(WebUiBuiltInKeywords.groovy:1460)
	at com.kms.katalon.core.webui.keyword.WebUiBuiltInKeywords$verifyElementPresent$0.call(Unknown Source)
	at signup_function.run(signup_function:19)
	at com.kms.katalon.core.main.ScriptEngine.run(ScriptEngine.java:194)
	at com.kms.katalon.core.main.ScriptEngine.runScriptAsRawText(ScriptEngine.java:119)
	at com.kms.katalon.core.main.TestCaseExecutor.runScript(TestCaseExecutor.java:337)
	at com.kms.katalon.core.main.TestCaseExecutor.doExecute(TestCaseExecutor.java:328)
	at com.kms.katalon.core.main.TestCaseExecutor.processExecutionPhase(TestCaseExecutor.java:307)
	at com.kms.katalon.core.main.TestCaseExecutor.accessMainPhase(TestCaseExecutor.java:299)
	at com.kms.katalon.core.main.TestCaseExecutor.execute(TestCaseExecutor.java:233)
	at com.kms.katalon.core.main.TestCaseMain.runTestCase(TestCaseMain.java:114)
	at com.kms.katalon.core.keyword.builtin.CallTestCaseKeyword$_callTestCase_closure1.doCall(CallTestCaseKeyword.groovy:59)
	... 20 more
Caused by: com.kms.katalon.core.exception.StepFailedException: com.kms.katalon.core.webui.exception.WebElementNotFoundException: Web element with id: 'Object Repository/Page_Mattermost_Signup/input_email' located by 'By.xpath: //input[@id='email']' not found
	at com.kms.katalon.core.webui.keyword.internal.WebUIKeywordMain.stepFailed(WebUIKeywordMain.groovy:64)
	at com.kms.katalon.core.webui.keyword.builtin.VerifyElementPresentKeyword$_verifyElementPresent_closure1.doCall(VerifyElementPresentKeyword.groovy:85)
	at com.kms.katalon.core.webui.keyword.builtin.VerifyElementPresentKeyword$_verifyElementPresent_closure1.call(VerifyElementPresentKeyword.groovy)
	at com.kms.katalon.core.webui.keyword.internal.WebUIKeywordMain.runKeyword(WebUIKeywordMain.groovy:20)
	... 35 more
)

2020-06-05 23:06:52 - [TEST_CASE][FAILED] - Test Cases/Signup/signup_function: Test Cases/Signup/signup_function FAILED.
Reason:
com.kms.katalon.core.exception.StepFailedException: Unable to verify object 'Object Repository/Page_Mattermost_Signup/input_email' is present
	at com.kms.katalon.core.webui.keyword.internal.WebUIKeywordMain.stepFailed(WebUIKeywordMain.groovy:64)
	at com.kms.katalon.core.webui.keyword.internal.WebUIKeywordMain.runKeyword(WebUIKeywordMain.groovy:26)
	at com.kms.katalon.core.webui.keyword.builtin.VerifyElementPresentKeyword.verifyElementPresent(VerifyElementPresentKeyword.groovy:92)
	at com.kms.katalon.core.webui.keyword.builtin.VerifyElementPresentKeyword.execute(VerifyElementPresentKeyword.groovy:68)
	at com.kms.katalon.core.keyword.internal.KeywordExecutor.executeKeywordForPlatform(KeywordExecutor.groovy:72)
	at com.kms.katalon.core.webui.keyword.WebUiBuiltInKeywords.verifyElementPresent(WebUiBuiltInKeywords.groovy:1460)
	at com.kms.katalon.core.webui.keyword.WebUiBuiltInKeywords$verifyElementPresent$0.call(Unknown Source)
	at signup_function.run(signup_function:19)
	at com.kms.katalon.core.main.ScriptEngine.run(ScriptEngine.java:194)
	at com.kms.katalon.core.main.ScriptEngine.runScriptAsRawText(ScriptEngine.java:119)
	at com.kms.katalon.core.main.TestCaseExecutor.runScript(TestCaseExecutor.java:337)
	at com.kms.katalon.core.main.TestCaseExecutor.doExecute(TestCaseExecutor.java:328)
	at com.kms.katalon.core.main.TestCaseExecutor.processExecutionPhase(TestCaseExecutor.java:307)
	at com.kms.katalon.core.main.TestCaseExecutor.accessMainPhase(TestCaseExecutor.java:299)
	at com.kms.katalon.core.main.TestCaseExecutor.execute(TestCaseExecutor.java:233)
	at com.kms.katalon.core.main.TestCaseMain.runTestCase(TestCaseMain.java:114)
	at com.kms.katalon.core.keyword.builtin.CallTestCaseKeyword$_callTestCase_closure1.doCall(CallTestCaseKeyword.groovy:59)
	at com.kms.katalon.core.keyword.builtin.CallTestCaseKeyword$_callTestCase_closure1.call(CallTestCaseKeyword.groovy)
	at com.kms.katalon.core.keyword.internal.KeywordMain.runKeyword(KeywordMain.groovy:68)
	at com.kms.katalon.core.keyword.builtin.CallTestCaseKeyword.callTestCase(CallTestCaseKeyword.groovy:81)
	at com.kms.katalon.core.keyword.builtin.CallTestCaseKeyword.execute(CallTestCaseKeyword.groovy:44)
	at com.kms.katalon.core.keyword.internal.KeywordExecutor.executeKeywordForPlatform(KeywordExecutor.groovy:72)
	at com.kms.katalon.core.keyword.BuiltinKeywords.callTestCase(BuiltinKeywords.groovy:334)
	at TC_signup_03.run(TC_signup_03:25)
	at com.kms.katalon.core.main.ScriptEngine.run(ScriptEngine.java:194)
	at com.kms.katalon.core.main.ScriptEngine.runScriptAsRawText(ScriptEngine.java:119)
	at com.kms.katalon.core.main.TestCaseExecutor.runScript(TestCaseExecutor.java:337)
	at com.kms.katalon.core.main.TestCaseExecutor.doExecute(TestCaseExecutor.java:328)
	at com.kms.katalon.core.main.TestCaseExecutor.processExecutionPhase(TestCaseExecutor.java:307)
	at com.kms.katalon.core.main.TestCaseExecutor.accessMainPhase(TestCaseExecutor.java:299)
	at com.kms.katalon.core.main.TestCaseExecutor.execute(TestCaseExecutor.java:233)
	at com.kms.katalon.core.main.TestSuiteExecutor.accessTestCaseMainPhase(TestSuiteExecutor.java:169)
	at com.kms.katalon.core.main.TestSuiteExecutor.accessTestSuiteMainPhase(TestSuiteExecutor.java:142)
	at com.kms.katalon.core.main.TestSuiteExecutor.execute(TestSuiteExecutor.java:91)
	at com.kms.katalon.core.main.TestCaseMain.startTestSuite(TestCaseMain.java:157)
	at com.kms.katalon.core.main.TestCaseMain$startTestSuite$0.call(Unknown Source)
	at TempTestSuite1591373123859.run(TempTestSuite1591373123859.groovy:37)
Caused by: com.kms.katalon.core.exception.StepFailedException: com.kms.katalon.core.webui.exception.WebElementNotFoundException: Web element with id: 'Object Repository/Page_Mattermost_Signup/input_email' located by 'By.xpath: //input[@id='email']' not found
	at com.kms.katalon.core.webui.keyword.internal.WebUIKeywordMain.stepFailed(WebUIKeywordMain.groovy:64)
	at com.kms.katalon.core.webui.keyword.builtin.VerifyElementPresentKeyword$_verifyElementPresent_closure1.doCall(VerifyElementPresentKeyword.groovy:85)
	at com.kms.katalon.core.webui.keyword.builtin.VerifyElementPresentKeyword$_verifyElementPresent_closure1.call(VerifyElementPresentKeyword.groovy)
	at com.kms.katalon.core.webui.keyword.internal.WebUIKeywordMain.runKeyword(WebUIKeywordMain.groovy:20)
	... 35 more


2020-06-05 23:06:52 - [TEST_STEP][FAILED] - verifyEqual(verifyElementPresent(findTestObject("Object Repository/Page_Mattermost_Signup/input_email"), 1), true): Unable to verify object 'Object Repository/Page_Mattermost_Signup/input_email' is present (Root cause: com.kms.katalon.core.exception.StepFailedException: Unable to verify object 'Object Repository/Page_Mattermost_Signup/input_email' is present
	at com.kms.katalon.core.webui.keyword.internal.WebUIKeywordMain.stepFailed(WebUIKeywordMain.groovy:64)
	at com.kms.katalon.core.webui.keyword.internal.WebUIKeywordMain.runKeyword(WebUIKeywordMain.groovy:26)
	at com.kms.katalon.core.webui.keyword.builtin.VerifyElementPresentKeyword.verifyElementPresent(VerifyElementPresentKeyword.groovy:92)
	at com.kms.katalon.core.webui.keyword.builtin.VerifyElementPresentKeyword.execute(VerifyElementPresentKeyword.groovy:68)
	at com.kms.katalon.core.keyword.internal.KeywordExecutor.executeKeywordForPlatform(KeywordExecutor.groovy:72)
	at com.kms.katalon.core.webui.keyword.WebUiBuiltInKeywords.verifyElementPresent(WebUiBuiltInKeywords.groovy:1460)
	at com.kms.katalon.core.webui.keyword.WebUiBuiltInKeywords$verifyElementPresent$0.call(Unknown Source)
	at signup_function.run(signup_function:19)
	at com.kms.katalon.core.main.ScriptEngine.run(ScriptEngine.java:194)
	at com.kms.katalon.core.main.ScriptEngine.runScriptAsRawText(ScriptEngine.java:119)
	at com.kms.katalon.core.main.TestCaseExecutor.runScript(TestCaseExecutor.java:337)
	at com.kms.katalon.core.main.TestCaseExecutor.doExecute(TestCaseExecutor.java:328)
	at com.kms.katalon.core.main.TestCaseExecutor.processExecutionPhase(TestCaseExecutor.java:307)
	at com.kms.katalon.core.main.TestCaseExecutor.accessMainPhase(TestCaseExecutor.java:299)
	at com.kms.katalon.core.main.TestCaseExecutor.execute(TestCaseExecutor.java:233)
	at com.kms.katalon.core.main.TestCaseMain.runTestCase(TestCaseMain.java:114)
	at com.kms.katalon.core.keyword.builtin.CallTestCaseKeyword$_callTestCase_closure1.doCall(CallTestCaseKeyword.groovy:59)
	at com.kms.katalon.core.keyword.builtin.CallTestCaseKeyword$_callTestCase_closure1.call(CallTestCaseKeyword.groovy)
	at com.kms.katalon.core.keyword.internal.KeywordMain.runKeyword(KeywordMain.groovy:68)
	at com.kms.katalon.core.keyword.builtin.CallTestCaseKeyword.callTestCase(CallTestCaseKeyword.groovy:81)
	at com.kms.katalon.core.keyword.builtin.CallTestCaseKeyword.execute(CallTestCaseKeyword.groovy:44)
	at com.kms.katalon.core.keyword.internal.KeywordExecutor.executeKeywordForPlatform(KeywordExecutor.groovy:72)
	at com.kms.katalon.core.keyword.BuiltinKeywords.callTestCase(BuiltinKeywords.groovy:334)
	at TC_signup_03.run(TC_signup_03:25)
	at com.kms.katalon.core.main.ScriptEngine.run(ScriptEngine.java:194)
	at com.kms.katalon.core.main.ScriptEngine.runScriptAsRawText(ScriptEngine.java:119)
	at com.kms.katalon.core.main.TestCaseExecutor.runScript(TestCaseExecutor.java:337)
	at com.kms.katalon.core.main.TestCaseExecutor.doExecute(TestCaseExecutor.java:328)
	at com.kms.katalon.core.main.TestCaseExecutor.processExecutionPhase(TestCaseExecutor.java:307)
	at com.kms.katalon.core.main.TestCaseExecutor.accessMainPhase(TestCaseExecutor.java:299)
	at com.kms.katalon.core.main.TestCaseExecutor.execute(TestCaseExecutor.java:233)
	at com.kms.katalon.core.main.TestSuiteExecutor.accessTestCaseMainPhase(TestSuiteExecutor.java:169)
	at com.kms.katalon.core.main.TestSuiteExecutor.accessTestSuiteMainPhase(TestSuiteExecutor.java:142)
	at com.kms.katalon.core.main.TestSuiteExecutor.execute(TestSuiteExecutor.java:91)
	at com.kms.katalon.core.main.TestCaseMain.startTestSuite(TestCaseMain.java:157)
	at com.kms.katalon.core.main.TestCaseMain$startTestSuite$0.call(Unknown Source)
	at TempTestSuite1591373123859.run(TempTestSuite1591373123859.groovy:37)
Caused by: com.kms.katalon.core.exception.StepFailedException: com.kms.katalon.core.webui.exception.WebElementNotFoundException: Web element with id: 'Object Repository/Page_Mattermost_Signup/input_email' located by 'By.xpath: //input[@id='email']' not found
	at com.kms.katalon.core.webui.keyword.internal.WebUIKeywordMain.stepFailed(WebUIKeywordMain.groovy:64)
	at com.kms.katalon.core.webui.keyword.builtin.VerifyElementPresentKeyword$_verifyElementPresent_closure1.doCall(VerifyElementPresentKeyword.groovy:85)
	at com.kms.katalon.core.webui.keyword.builtin.VerifyElementPresentKeyword$_verifyElementPresent_closure1.call(VerifyElementPresentKeyword.groovy)
	at com.kms.katalon.core.webui.keyword.internal.WebUIKeywordMain.runKeyword(WebUIKeywordMain.groovy:20)
	... 35 more
)

2020-06-05 23:06:54 - [MESSAGE][INFO] - Unable to find the element located by 'By.xpath: //input[@id='email']'. Please recheck the objects properties to make sure the desired element is located. 

2020-06-05 23:06:54 - [MESSAGE][FAILED] - com.kms.katalon.core.webui.exception.WebElementNotFoundException: Web element with id: 'Object Repository/Page_Mattermost_Signup/input_email' located by 'By.xpath: //input[@id='email']' not found (Root cause: com.kms.katalon.core.exception.StepFailedException: com.kms.katalon.core.webui.exception.WebElementNotFoundException: Web element with id: 'Object Repository/Page_Mattermost_Signup/input_email' located by 'By.xpath: //input[@id='email']' not found
	at com.kms.katalon.core.webui.keyword.internal.WebUIKeywordMain.stepFailed(WebUIKeywordMain.groovy:64)
	at com.kms.katalon.core.webui.keyword.builtin.VerifyElementPresentKeyword$_verifyElementPresent_closure1.doCall(VerifyElementPresentKeyword.groovy:85)
	at com.kms.katalon.core.webui.keyword.builtin.VerifyElementPresentKeyword$_verifyElementPresent_closure1.call(VerifyElementPresentKeyword.groovy)
	at com.kms.katalon.core.webui.keyword.internal.WebUIKeywordMain.runKeyword(WebUIKeywordMain.groovy:20)
	at com.kms.katalon.core.webui.keyword.builtin.VerifyElementPresentKeyword.verifyElementPresent(VerifyElementPresentKeyword.groovy:92)
	at com.kms.katalon.core.webui.keyword.builtin.VerifyElementPresentKeyword.execute(VerifyElementPresentKeyword.groovy:68)
	at com.kms.katalon.core.keyword.internal.KeywordExecutor.executeKeywordForPlatform(KeywordExecutor.groovy:72)
	at com.kms.katalon.core.webui.keyword.WebUiBuiltInKeywords.verifyElementPresent(WebUiBuiltInKeywords.groovy:1460)
	at com.kms.katalon.core.webui.keyword.WebUiBuiltInKeywords$verifyElementPresent$0.call(Unknown Source)
	at signup_function.run(signup_function:19)
	at com.kms.katalon.core.main.ScriptEngine.run(ScriptEngine.java:194)
	at com.kms.katalon.core.main.ScriptEngine.runScriptAsRawText(ScriptEngine.java:119)
	at com.kms.katalon.core.main.TestCaseExecutor.runScript(TestCaseExecutor.java:337)
	at com.kms.katalon.core.main.TestCaseExecutor.doExecute(TestCaseExecutor.java:328)
	at com.kms.katalon.core.main.TestCaseExecutor.processExecutionPhase(TestCaseExecutor.java:307)
	at com.kms.katalon.core.main.TestCaseExecutor.accessMainPhase(TestCaseExecutor.java:299)
	at com.kms.katalon.core.main.TestCaseExecutor.execute(TestCaseExecutor.java:233)
	at com.kms.katalon.core.main.TestCaseMain.runTestCase(TestCaseMain.java:114)
	at com.kms.katalon.core.keyword.builtin.CallTestCaseKeyword$_callTestCase_closure1.doCall(CallTestCaseKeyword.groovy:59)
	at com.kms.katalon.core.keyword.builtin.CallTestCaseKeyword$_callTestCase_closure1.call(CallTestCaseKeyword.groovy)
	at com.kms.katalon.core.keyword.internal.KeywordMain.runKeyword(KeywordMain.groovy:68)
	at com.kms.katalon.core.keyword.builtin.CallTestCaseKeyword.callTestCase(CallTestCaseKeyword.groovy:81)
	at com.kms.katalon.core.keyword.builtin.CallTestCaseKeyword.execute(CallTestCaseKeyword.groovy:44)
	at com.kms.katalon.core.keyword.internal.KeywordExecutor.executeKeywordForPlatform(KeywordExecutor.groovy:72)
	at com.kms.katalon.core.keyword.BuiltinKeywords.callTestCase(BuiltinKeywords.groovy:334)
	at TC_signup_03.run(TC_signup_03:25)
	at com.kms.katalon.core.main.ScriptEngine.run(ScriptEngine.java:194)
	at com.kms.katalon.core.main.ScriptEngine.runScriptAsRawText(ScriptEngine.java:119)
	at com.kms.katalon.core.main.TestCaseExecutor.runScript(TestCaseExecutor.java:337)
	at com.kms.katalon.core.main.TestCaseExecutor.doExecute(TestCaseExecutor.java:328)
	at com.kms.katalon.core.main.TestCaseExecutor.processExecutionPhase(TestCaseExecutor.java:307)
	at com.kms.katalon.core.main.TestCaseExecutor.accessMainPhase(TestCaseExecutor.java:299)
	at com.kms.katalon.core.main.TestCaseExecutor.execute(TestCaseExecutor.java:233)
	at com.kms.katalon.core.main.TestSuiteExecutor.accessTestCaseMainPhase(TestSuiteExecutor.java:169)
	at com.kms.katalon.core.main.TestSuiteExecutor.accessTestSuiteMainPhase(TestSuiteExecutor.java:142)
	at com.kms.katalon.core.main.TestSuiteExecutor.execute(TestSuiteExecutor.java:91)
	at com.kms.katalon.core.main.TestCaseMain.startTestSuite(TestCaseMain.java:157)
	at com.kms.katalon.core.main.TestCaseMain$startTestSuite$0.call(Unknown Source)
	at TempTestSuite1591373123859.run(TempTestSuite1591373123859.groovy:37)
)
[[ATTACHMENT|D:\\katalon\\hw2-katalon-testing\\Reports\\20200605_230523\\Run_All_Test_Cases\\20200605_230523\\1591373214647.png]]

2020-06-05 23:06:54 - [MESSAGE][FAILED] - Unable to verify object 'Object Repository/Page_Mattermost_Signup/input_email' is present (Root cause: com.kms.katalon.core.exception.StepFailedException: Unable to verify object 'Object Repository/Page_Mattermost_Signup/input_email' is present
	at com.kms.katalon.core.webui.keyword.internal.WebUIKeywordMain.stepFailed(WebUIKeywordMain.groovy:64)
	at com.kms.katalon.core.webui.keyword.internal.WebUIKeywordMain.runKeyword(WebUIKeywordMain.groovy:26)
	at com.kms.katalon.core.webui.keyword.builtin.VerifyElementPresentKeyword.verifyElementPresent(VerifyElementPresentKeyword.groovy:92)
	at com.kms.katalon.core.webui.keyword.builtin.VerifyElementPresentKeyword.execute(VerifyElementPresentKeyword.groovy:68)
	at com.kms.katalon.core.keyword.internal.KeywordExecutor.executeKeywordForPlatform(KeywordExecutor.groovy:72)
	at com.kms.katalon.core.webui.keyword.WebUiBuiltInKeywords.verifyElementPresent(WebUiBuiltInKeywords.groovy:1460)
	at com.kms.katalon.core.webui.keyword.WebUiBuiltInKeywords$verifyElementPresent$0.call(Unknown Source)
	at signup_function.run(signup_function:19)
	at com.kms.katalon.core.main.ScriptEngine.run(ScriptEngine.java:194)
	at com.kms.katalon.core.main.ScriptEngine.runScriptAsRawText(ScriptEngine.java:119)
	at com.kms.katalon.core.main.TestCaseExecutor.runScript(TestCaseExecutor.java:337)
	at com.kms.katalon.core.main.TestCaseExecutor.doExecute(TestCaseExecutor.java:328)
	at com.kms.katalon.core.main.TestCaseExecutor.processExecutionPhase(TestCaseExecutor.java:307)
	at com.kms.katalon.core.main.TestCaseExecutor.accessMainPhase(TestCaseExecutor.java:299)
	at com.kms.katalon.core.main.TestCaseExecutor.execute(TestCaseExecutor.java:233)
	at com.kms.katalon.core.main.TestCaseMain.runTestCase(TestCaseMain.java:114)
	at com.kms.katalon.core.keyword.builtin.CallTestCaseKeyword$_callTestCase_closure1.doCall(CallTestCaseKeyword.groovy:59)
	at com.kms.katalon.core.keyword.builtin.CallTestCaseKeyword$_callTestCase_closure1.call(CallTestCaseKeyword.groovy)
	at com.kms.katalon.core.keyword.internal.KeywordMain.runKeyword(KeywordMain.groovy:68)
	at com.kms.katalon.core.keyword.builtin.CallTestCaseKeyword.callTestCase(CallTestCaseKeyword.groovy:81)
	at com.kms.katalon.core.keyword.builtin.CallTestCaseKeyword.execute(CallTestCaseKeyword.groovy:44)
	at com.kms.katalon.core.keyword.internal.KeywordExecutor.executeKeywordForPlatform(KeywordExecutor.groovy:72)
	at com.kms.katalon.core.keyword.BuiltinKeywords.callTestCase(BuiltinKeywords.groovy:334)
	at TC_signup_03.run(TC_signup_03:25)
	at com.kms.katalon.core.main.ScriptEngine.run(ScriptEngine.java:194)
	at com.kms.katalon.core.main.ScriptEngine.runScriptAsRawText(ScriptEngine.java:119)
	at com.kms.katalon.core.main.TestCaseExecutor.runScript(TestCaseExecutor.java:337)
	at com.kms.katalon.core.main.TestCaseExecutor.doExecute(TestCaseExecutor.java:328)
	at com.kms.katalon.core.main.TestCaseExecutor.processExecutionPhase(TestCaseExecutor.java:307)
	at com.kms.katalon.core.main.TestCaseExecutor.accessMainPhase(TestCaseExecutor.java:299)
	at com.kms.katalon.core.main.TestCaseExecutor.execute(TestCaseExecutor.java:233)
	at com.kms.katalon.core.main.TestSuiteExecutor.accessTestCaseMainPhase(TestSuiteExecutor.java:169)
	at com.kms.katalon.core.main.TestSuiteExecutor.accessTestSuiteMainPhase(TestSuiteExecutor.java:142)
	at com.kms.katalon.core.main.TestSuiteExecutor.execute(TestSuiteExecutor.java:91)
	at com.kms.katalon.core.main.TestCaseMain.startTestSuite(TestCaseMain.java:157)
	at com.kms.katalon.core.main.TestCaseMain$startTestSuite$0.call(Unknown Source)
	at TempTestSuite1591373123859.run(TempTestSuite1591373123859.groovy:37)
Caused by: com.kms.katalon.core.exception.StepFailedException: com.kms.katalon.core.webui.exception.WebElementNotFoundException: Web element with id: 'Object Repository/Page_Mattermost_Signup/input_email' located by 'By.xpath: //input[@id='email']' not found
	at com.kms.katalon.core.webui.keyword.internal.WebUIKeywordMain.stepFailed(WebUIKeywordMain.groovy:64)
	at com.kms.katalon.core.webui.keyword.builtin.VerifyElementPresentKeyword$_verifyElementPresent_closure1.doCall(VerifyElementPresentKeyword.groovy:85)
	at com.kms.katalon.core.webui.keyword.builtin.VerifyElementPresentKeyword$_verifyElementPresent_closure1.call(VerifyElementPresentKeyword.groovy)
	at com.kms.katalon.core.webui.keyword.internal.WebUIKeywordMain.runKeyword(WebUIKeywordMain.groovy:20)
	... 35 more
)
[[ATTACHMENT|D:\\katalon\\hw2-katalon-testing\\Reports\\20200605_230523\\Run_All_Test_Cases\\20200605_230523\\1591373214733.png]]

2020-06-05 23:06:54 - [MESSAGE][FAILED] - Unable to call Test Case 'Test Cases/Signup/signup_function' (Root cause: com.kms.katalon.core.exception.StepFailedException: Call Test Case 'Test Cases/Signup/signup_function' failed
	at com.kms.katalon.core.keyword.builtin.CallTestCaseKeyword$_callTestCase_closure1.doCall(CallTestCaseKeyword.groovy:63)
	at com.kms.katalon.core.keyword.builtin.CallTestCaseKeyword$_callTestCase_closure1.call(CallTestCaseKeyword.groovy)
	at com.kms.katalon.core.keyword.internal.KeywordMain.runKeyword(KeywordMain.groovy:68)
	at com.kms.katalon.core.keyword.builtin.CallTestCaseKeyword.callTestCase(CallTestCaseKeyword.groovy:81)
	at com.kms.katalon.core.keyword.builtin.CallTestCaseKeyword.execute(CallTestCaseKeyword.groovy:44)
	at com.kms.katalon.core.keyword.internal.KeywordExecutor.executeKeywordForPlatform(KeywordExecutor.groovy:72)
	at com.kms.katalon.core.keyword.BuiltinKeywords.callTestCase(BuiltinKeywords.groovy:334)
	at TC_signup_03.run(TC_signup_03:25)
	at com.kms.katalon.core.main.ScriptEngine.run(ScriptEngine.java:194)
	at com.kms.katalon.core.main.ScriptEngine.runScriptAsRawText(ScriptEngine.java:119)
	at com.kms.katalon.core.main.TestCaseExecutor.runScript(TestCaseExecutor.java:337)
	at com.kms.katalon.core.main.TestCaseExecutor.doExecute(TestCaseExecutor.java:328)
	at com.kms.katalon.core.main.TestCaseExecutor.processExecutionPhase(TestCaseExecutor.java:307)
	at com.kms.katalon.core.main.TestCaseExecutor.accessMainPhase(TestCaseExecutor.java:299)
	at com.kms.katalon.core.main.TestCaseExecutor.execute(TestCaseExecutor.java:233)
	at com.kms.katalon.core.main.TestSuiteExecutor.accessTestCaseMainPhase(TestSuiteExecutor.java:169)
	at com.kms.katalon.core.main.TestSuiteExecutor.accessTestSuiteMainPhase(TestSuiteExecutor.java:142)
	at com.kms.katalon.core.main.TestSuiteExecutor.execute(TestSuiteExecutor.java:91)
	at com.kms.katalon.core.main.TestCaseMain.startTestSuite(TestCaseMain.java:157)
	at com.kms.katalon.core.main.TestCaseMain$startTestSuite$0.call(Unknown Source)
	at TempTestSuite1591373123859.run(TempTestSuite1591373123859.groovy:37)
Caused by: com.kms.katalon.core.exception.StepFailedException: Unable to verify object 'Object Repository/Page_Mattermost_Signup/input_email' is present
	at com.kms.katalon.core.webui.keyword.internal.WebUIKeywordMain.stepFailed(WebUIKeywordMain.groovy:64)
	at com.kms.katalon.core.webui.keyword.internal.WebUIKeywordMain.runKeyword(WebUIKeywordMain.groovy:26)
	at com.kms.katalon.core.webui.keyword.builtin.VerifyElementPresentKeyword.verifyElementPresent(VerifyElementPresentKeyword.groovy:92)
	at com.kms.katalon.core.webui.keyword.builtin.VerifyElementPresentKeyword.execute(VerifyElementPresentKeyword.groovy:68)
	at com.kms.katalon.core.keyword.internal.KeywordExecutor.executeKeywordForPlatform(KeywordExecutor.groovy:72)
	at com.kms.katalon.core.webui.keyword.WebUiBuiltInKeywords.verifyElementPresent(WebUiBuiltInKeywords.groovy:1460)
	at com.kms.katalon.core.webui.keyword.WebUiBuiltInKeywords$verifyElementPresent$0.call(Unknown Source)
	at signup_function.run(signup_function:19)
	at com.kms.katalon.core.main.ScriptEngine.run(ScriptEngine.java:194)
	at com.kms.katalon.core.main.ScriptEngine.runScriptAsRawText(ScriptEngine.java:119)
	at com.kms.katalon.core.main.TestCaseExecutor.runScript(TestCaseExecutor.java:337)
	at com.kms.katalon.core.main.TestCaseExecutor.doExecute(TestCaseExecutor.java:328)
	at com.kms.katalon.core.main.TestCaseExecutor.processExecutionPhase(TestCaseExecutor.java:307)
	at com.kms.katalon.core.main.TestCaseExecutor.accessMainPhase(TestCaseExecutor.java:299)
	at com.kms.katalon.core.main.TestCaseExecutor.execute(TestCaseExecutor.java:233)
	at com.kms.katalon.core.main.TestCaseMain.runTestCase(TestCaseMain.java:114)
	at com.kms.katalon.core.keyword.builtin.CallTestCaseKeyword$_callTestCase_closure1.doCall(CallTestCaseKeyword.groovy:59)
	... 20 more
Caused by: com.kms.katalon.core.exception.StepFailedException: com.kms.katalon.core.webui.exception.WebElementNotFoundException: Web element with id: 'Object Repository/Page_Mattermost_Signup/input_email' located by 'By.xpath: //input[@id='email']' not found
	at com.kms.katalon.core.webui.keyword.internal.WebUIKeywordMain.stepFailed(WebUIKeywordMain.groovy:64)
	at com.kms.katalon.core.webui.keyword.builtin.VerifyElementPresentKeyword$_verifyElementPresent_closure1.doCall(VerifyElementPresentKeyword.groovy:85)
	at com.kms.katalon.core.webui.keyword.builtin.VerifyElementPresentKeyword$_verifyElementPresent_closure1.call(VerifyElementPresentKeyword.groovy)
	at com.kms.katalon.core.webui.keyword.internal.WebUIKeywordMain.runKeyword(WebUIKeywordMain.groovy:20)
	... 35 more
)

2020-06-05 23:06:54 - [TEST_STEP][PASSED] - Start tear down : Teardown: Method 'Teardown' complete successfully

2020-06-05 23:06:54 - [TEST_STEP][PASSED] - closeBrowser(): Browser is closed

2020-06-05 23:06:55 - [MESSAGE][PASSED] - Browser is closed

2020-06-05 23:06:55 - [MESSAGE][PASSED] - Method 'Teardown' complete successfully]]></system-out>
         <system-err><![CDATA[2020-06-05 23:06:47 - [TEST_CASE][FAILED] - Test Cases/Signup/TC_signup_03: Test Cases/Signup/TC_signup_03 FAILED.
Reason:
com.kms.katalon.core.exception.StepFailedException: Call Test Case 'Test Cases/Signup/signup_function' failed
	at com.kms.katalon.core.keyword.builtin.CallTestCaseKeyword$_callTestCase_closure1.doCall(CallTestCaseKeyword.groovy:63)
	at com.kms.katalon.core.keyword.builtin.CallTestCaseKeyword$_callTestCase_closure1.call(CallTestCaseKeyword.groovy)
	at com.kms.katalon.core.keyword.internal.KeywordMain.runKeyword(KeywordMain.groovy:68)
	at com.kms.katalon.core.keyword.builtin.CallTestCaseKeyword.callTestCase(CallTestCaseKeyword.groovy:81)
	at com.kms.katalon.core.keyword.builtin.CallTestCaseKeyword.execute(CallTestCaseKeyword.groovy:44)
	at com.kms.katalon.core.keyword.internal.KeywordExecutor.executeKeywordForPlatform(KeywordExecutor.groovy:72)
	at com.kms.katalon.core.keyword.BuiltinKeywords.callTestCase(BuiltinKeywords.groovy:334)
	at TC_signup_03.run(TC_signup_03:25)
	at com.kms.katalon.core.main.ScriptEngine.run(ScriptEngine.java:194)
	at com.kms.katalon.core.main.ScriptEngine.runScriptAsRawText(ScriptEngine.java:119)
	at com.kms.katalon.core.main.TestCaseExecutor.runScript(TestCaseExecutor.java:337)
	at com.kms.katalon.core.main.TestCaseExecutor.doExecute(TestCaseExecutor.java:328)
	at com.kms.katalon.core.main.TestCaseExecutor.processExecutionPhase(TestCaseExecutor.java:307)
	at com.kms.katalon.core.main.TestCaseExecutor.accessMainPhase(TestCaseExecutor.java:299)
	at com.kms.katalon.core.main.TestCaseExecutor.execute(TestCaseExecutor.java:233)
	at com.kms.katalon.core.main.TestSuiteExecutor.accessTestCaseMainPhase(TestSuiteExecutor.java:169)
	at com.kms.katalon.core.main.TestSuiteExecutor.accessTestSuiteMainPhase(TestSuiteExecutor.java:142)
	at com.kms.katalon.core.main.TestSuiteExecutor.execute(TestSuiteExecutor.java:91)
	at com.kms.katalon.core.main.TestCaseMain.startTestSuite(TestCaseMain.java:157)
	at com.kms.katalon.core.main.TestCaseMain$startTestSuite$0.call(Unknown Source)
	at TempTestSuite1591373123859.run(TempTestSuite1591373123859.groovy:37)
Caused by: com.kms.katalon.core.exception.StepFailedException: Unable to verify object 'Object Repository/Page_Mattermost_Signup/input_email' is present
	at com.kms.katalon.core.webui.keyword.internal.WebUIKeywordMain.stepFailed(WebUIKeywordMain.groovy:64)
	at com.kms.katalon.core.webui.keyword.internal.WebUIKeywordMain.runKeyword(WebUIKeywordMain.groovy:26)
	at com.kms.katalon.core.webui.keyword.builtin.VerifyElementPresentKeyword.verifyElementPresent(VerifyElementPresentKeyword.groovy:92)
	at com.kms.katalon.core.webui.keyword.builtin.VerifyElementPresentKeyword.execute(VerifyElementPresentKeyword.groovy:68)
	at com.kms.katalon.core.keyword.internal.KeywordExecutor.executeKeywordForPlatform(KeywordExecutor.groovy:72)
	at com.kms.katalon.core.webui.keyword.WebUiBuiltInKeywords.verifyElementPresent(WebUiBuiltInKeywords.groovy:1460)
	at com.kms.katalon.core.webui.keyword.WebUiBuiltInKeywords$verifyElementPresent$0.call(Unknown Source)
	at signup_function.run(signup_function:19)
	at com.kms.katalon.core.main.ScriptEngine.run(ScriptEngine.java:194)
	at com.kms.katalon.core.main.ScriptEngine.runScriptAsRawText(ScriptEngine.java:119)
	at com.kms.katalon.core.main.TestCaseExecutor.runScript(TestCaseExecutor.java:337)
	at com.kms.katalon.core.main.TestCaseExecutor.doExecute(TestCaseExecutor.java:328)
	at com.kms.katalon.core.main.TestCaseExecutor.processExecutionPhase(TestCaseExecutor.java:307)
	at com.kms.katalon.core.main.TestCaseExecutor.accessMainPhase(TestCaseExecutor.java:299)
	at com.kms.katalon.core.main.TestCaseExecutor.execute(TestCaseExecutor.java:233)
	at com.kms.katalon.core.main.TestCaseMain.runTestCase(TestCaseMain.java:114)
	at com.kms.katalon.core.keyword.builtin.CallTestCaseKeyword$_callTestCase_closure1.doCall(CallTestCaseKeyword.groovy:59)
	... 20 more
Caused by: com.kms.katalon.core.exception.StepFailedException: com.kms.katalon.core.webui.exception.WebElementNotFoundException: Web element with id: 'Object Repository/Page_Mattermost_Signup/input_email' located by 'By.xpath: //input[@id='email']' not found
	at com.kms.katalon.core.webui.keyword.internal.WebUIKeywordMain.stepFailed(WebUIKeywordMain.groovy:64)
	at com.kms.katalon.core.webui.keyword.builtin.VerifyElementPresentKeyword$_verifyElementPresent_closure1.doCall(VerifyElementPresentKeyword.groovy:85)
	at com.kms.katalon.core.webui.keyword.builtin.VerifyElementPresentKeyword$_verifyElementPresent_closure1.call(VerifyElementPresentKeyword.groovy)
	at com.kms.katalon.core.webui.keyword.internal.WebUIKeywordMain.runKeyword(WebUIKeywordMain.groovy:20)
	... 35 more]]></system-err>
      </testcase>
      <testcase name="Test Cases/Signup/TC_signup_03" time="7.241" classname="Test Cases/Signup/TC_signup_03" status="FAILED">
         <failure type="FAILED" message="Test Cases/Signup/TC_signup_03 FAILED.
Reason:
com.kms.katalon.core.exception.StepFailedException: Call Test Case 'Test Cases/Signup/signup_function' failed
	at com.kms.katalon.core.keyword.builtin.CallTestCaseKeyword$_callTestCase_closure1.doCall(CallTestCaseKeyword.groovy:63)
	at com.kms.katalon.core.keyword.builtin.CallTestCaseKeyword$_callTestCase_closure1.call(CallTestCaseKeyword.groovy)
	at com.kms.katalon.core.keyword.internal.KeywordMain.runKeyword(KeywordMain.groovy:68)
	at com.kms.katalon.core.keyword.builtin.CallTestCaseKeyword.callTestCase(CallTestCaseKeyword.groovy:81)
	at com.kms.katalon.core.keyword.builtin.CallTestCaseKeyword.execute(CallTestCaseKeyword.groovy:44)
	at com.kms.katalon.core.keyword.internal.KeywordExecutor.executeKeywordForPlatform(KeywordExecutor.groovy:72)
	at com.kms.katalon.core.keyword.BuiltinKeywords.callTestCase(BuiltinKeywords.groovy:334)
	at TC_signup_03.run(TC_signup_03:25)
	at com.kms.katalon.core.main.ScriptEngine.run(ScriptEngine.java:194)
	at com.kms.katalon.core.main.ScriptEngine.runScriptAsRawText(ScriptEngine.java:119)
	at com.kms.katalon.core.main.TestCaseExecutor.runScript(TestCaseExecutor.java:337)
	at com.kms.katalon.core.main.TestCaseExecutor.doExecute(TestCaseExecutor.java:328)
	at com.kms.katalon.core.main.TestCaseExecutor.processExecutionPhase(TestCaseExecutor.java:307)
	at com.kms.katalon.core.main.TestCaseExecutor.accessMainPhase(TestCaseExecutor.java:299)
	at com.kms.katalon.core.main.TestCaseExecutor.execute(TestCaseExecutor.java:233)
	at com.kms.katalon.core.main.TestSuiteExecutor.accessTestCaseMainPhase(TestSuiteExecutor.java:169)
	at com.kms.katalon.core.main.TestSuiteExecutor.accessTestSuiteMainPhase(TestSuiteExecutor.java:142)
	at com.kms.katalon.core.main.TestSuiteExecutor.execute(TestSuiteExecutor.java:91)
	at com.kms.katalon.core.main.TestCaseMain.startTestSuite(TestCaseMain.java:157)
	at com.kms.katalon.core.main.TestCaseMain$startTestSuite$0.call(Unknown Source)
	at TempTestSuite1591373123859.run(TempTestSuite1591373123859.groovy:37)
Caused by: com.kms.katalon.core.exception.StepFailedException: Unable to verify object 'Object Repository/Page_Mattermost_Signup/input_email' is present
	at com.kms.katalon.core.webui.keyword.internal.WebUIKeywordMain.stepFailed(WebUIKeywordMain.groovy:64)
	at com.kms.katalon.core.webui.keyword.internal.WebUIKeywordMain.runKeyword(WebUIKeywordMain.groovy:26)
	at com.kms.katalon.core.webui.keyword.builtin.VerifyElementPresentKeyword.verifyElementPresent(VerifyElementPresentKeyword.groovy:92)
	at com.kms.katalon.core.webui.keyword.builtin.VerifyElementPresentKeyword.execute(VerifyElementPresentKeyword.groovy:68)
	at com.kms.katalon.core.keyword.internal.KeywordExecutor.executeKeywordForPlatform(KeywordExecutor.groovy:72)
	at com.kms.katalon.core.webui.keyword.WebUiBuiltInKeywords.verifyElementPresent(WebUiBuiltInKeywords.groovy:1460)
	at com.kms.katalon.core.webui.keyword.WebUiBuiltInKeywords$verifyElementPresent$0.call(Unknown Source)
	at signup_function.run(signup_function:19)
	at com.kms.katalon.core.main.ScriptEngine.run(ScriptEngine.java:194)
	at com.kms.katalon.core.main.ScriptEngine.runScriptAsRawText(ScriptEngine.java:119)
	at com.kms.katalon.core.main.TestCaseExecutor.runScript(TestCaseExecutor.java:337)
	at com.kms.katalon.core.main.TestCaseExecutor.doExecute(TestCaseExecutor.java:328)
	at com.kms.katalon.core.main.TestCaseExecutor.processExecutionPhase(TestCaseExecutor.java:307)
	at com.kms.katalon.core.main.TestCaseExecutor.accessMainPhase(TestCaseExecutor.java:299)
	at com.kms.katalon.core.main.TestCaseExecutor.execute(TestCaseExecutor.java:233)
	at com.kms.katalon.core.main.TestCaseMain.runTestCase(TestCaseMain.java:114)
	at com.kms.katalon.core.keyword.builtin.CallTestCaseKeyword$_callTestCase_closure1.doCall(CallTestCaseKeyword.groovy:59)
	... 20 more
Caused by: com.kms.katalon.core.exception.StepFailedException: com.kms.katalon.core.webui.exception.WebElementNotFoundException: Web element with id: 'Object Repository/Page_Mattermost_Signup/input_email' located by 'By.xpath: //input[@id='email']' not found
	at com.kms.katalon.core.webui.keyword.internal.WebUIKeywordMain.stepFailed(WebUIKeywordMain.groovy:64)
	at com.kms.katalon.core.webui.keyword.builtin.VerifyElementPresentKeyword$_verifyElementPresent_closure1.doCall(VerifyElementPresentKeyword.groovy:85)
	at com.kms.katalon.core.webui.keyword.builtin.VerifyElementPresentKeyword$_verifyElementPresent_closure1.call(VerifyElementPresentKeyword.groovy)
	at com.kms.katalon.core.webui.keyword.internal.WebUIKeywordMain.runKeyword(WebUIKeywordMain.groovy:20)
	... 35 more
"/>
         <system-out><![CDATA[2020-06-05 23:06:55 - [TEST_CASE][FAILED] - Test Cases/Signup/TC_signup_03: Test Cases/Signup/TC_signup_03 FAILED.
Reason:
com.kms.katalon.core.exception.StepFailedException: Call Test Case 'Test Cases/Signup/signup_function' failed
	at com.kms.katalon.core.keyword.builtin.CallTestCaseKeyword$_callTestCase_closure1.doCall(CallTestCaseKeyword.groovy:63)
	at com.kms.katalon.core.keyword.builtin.CallTestCaseKeyword$_callTestCase_closure1.call(CallTestCaseKeyword.groovy)
	at com.kms.katalon.core.keyword.internal.KeywordMain.runKeyword(KeywordMain.groovy:68)
	at com.kms.katalon.core.keyword.builtin.CallTestCaseKeyword.callTestCase(CallTestCaseKeyword.groovy:81)
	at com.kms.katalon.core.keyword.builtin.CallTestCaseKeyword.execute(CallTestCaseKeyword.groovy:44)
	at com.kms.katalon.core.keyword.internal.KeywordExecutor.executeKeywordForPlatform(KeywordExecutor.groovy:72)
	at com.kms.katalon.core.keyword.BuiltinKeywords.callTestCase(BuiltinKeywords.groovy:334)
	at TC_signup_03.run(TC_signup_03:25)
	at com.kms.katalon.core.main.ScriptEngine.run(ScriptEngine.java:194)
	at com.kms.katalon.core.main.ScriptEngine.runScriptAsRawText(ScriptEngine.java:119)
	at com.kms.katalon.core.main.TestCaseExecutor.runScript(TestCaseExecutor.java:337)
	at com.kms.katalon.core.main.TestCaseExecutor.doExecute(TestCaseExecutor.java:328)
	at com.kms.katalon.core.main.TestCaseExecutor.processExecutionPhase(TestCaseExecutor.java:307)
	at com.kms.katalon.core.main.TestCaseExecutor.accessMainPhase(TestCaseExecutor.java:299)
	at com.kms.katalon.core.main.TestCaseExecutor.execute(TestCaseExecutor.java:233)
	at com.kms.katalon.core.main.TestSuiteExecutor.accessTestCaseMainPhase(TestSuiteExecutor.java:169)
	at com.kms.katalon.core.main.TestSuiteExecutor.accessTestSuiteMainPhase(TestSuiteExecutor.java:142)
	at com.kms.katalon.core.main.TestSuiteExecutor.execute(TestSuiteExecutor.java:91)
	at com.kms.katalon.core.main.TestCaseMain.startTestSuite(TestCaseMain.java:157)
	at com.kms.katalon.core.main.TestCaseMain$startTestSuite$0.call(Unknown Source)
	at TempTestSuite1591373123859.run(TempTestSuite1591373123859.groovy:37)
Caused by: com.kms.katalon.core.exception.StepFailedException: Unable to verify object 'Object Repository/Page_Mattermost_Signup/input_email' is present
	at com.kms.katalon.core.webui.keyword.internal.WebUIKeywordMain.stepFailed(WebUIKeywordMain.groovy:64)
	at com.kms.katalon.core.webui.keyword.internal.WebUIKeywordMain.runKeyword(WebUIKeywordMain.groovy:26)
	at com.kms.katalon.core.webui.keyword.builtin.VerifyElementPresentKeyword.verifyElementPresent(VerifyElementPresentKeyword.groovy:92)
	at com.kms.katalon.core.webui.keyword.builtin.VerifyElementPresentKeyword.execute(VerifyElementPresentKeyword.groovy:68)
	at com.kms.katalon.core.keyword.internal.KeywordExecutor.executeKeywordForPlatform(KeywordExecutor.groovy:72)
	at com.kms.katalon.core.webui.keyword.WebUiBuiltInKeywords.verifyElementPresent(WebUiBuiltInKeywords.groovy:1460)
	at com.kms.katalon.core.webui.keyword.WebUiBuiltInKeywords$verifyElementPresent$0.call(Unknown Source)
	at signup_function.run(signup_function:19)
	at com.kms.katalon.core.main.ScriptEngine.run(ScriptEngine.java:194)
	at com.kms.katalon.core.main.ScriptEngine.runScriptAsRawText(ScriptEngine.java:119)
	at com.kms.katalon.core.main.TestCaseExecutor.runScript(TestCaseExecutor.java:337)
	at com.kms.katalon.core.main.TestCaseExecutor.doExecute(TestCaseExecutor.java:328)
	at com.kms.katalon.core.main.TestCaseExecutor.processExecutionPhase(TestCaseExecutor.java:307)
	at com.kms.katalon.core.main.TestCaseExecutor.accessMainPhase(TestCaseExecutor.java:299)
	at com.kms.katalon.core.main.TestCaseExecutor.execute(TestCaseExecutor.java:233)
	at com.kms.katalon.core.main.TestCaseMain.runTestCase(TestCaseMain.java:114)
	at com.kms.katalon.core.keyword.builtin.CallTestCaseKeyword$_callTestCase_closure1.doCall(CallTestCaseKeyword.groovy:59)
	... 20 more
Caused by: com.kms.katalon.core.exception.StepFailedException: com.kms.katalon.core.webui.exception.WebElementNotFoundException: Web element with id: 'Object Repository/Page_Mattermost_Signup/input_email' located by 'By.xpath: //input[@id='email']' not found
	at com.kms.katalon.core.webui.keyword.internal.WebUIKeywordMain.stepFailed(WebUIKeywordMain.groovy:64)
	at com.kms.katalon.core.webui.keyword.builtin.VerifyElementPresentKeyword$_verifyElementPresent_closure1.doCall(VerifyElementPresentKeyword.groovy:85)
	at com.kms.katalon.core.webui.keyword.builtin.VerifyElementPresentKeyword$_verifyElementPresent_closure1.call(VerifyElementPresentKeyword.groovy)
	at com.kms.katalon.core.webui.keyword.internal.WebUIKeywordMain.runKeyword(WebUIKeywordMain.groovy:20)
	... 35 more


2020-06-05 23:06:55 - [TEST_STEP][PASSED] - Start setup action : Setup: Method 'Setup' complete successfully

2020-06-05 23:06:55 - [TEST_STEP][PASSED] - openBrowser("http://192.168.1.10:8065/signup_email"): Browser is opened with url: 'http://192.168.1.10:8065/signup_email'

2020-06-05 23:06:55 - [MESSAGE][INFO] - Starting 'Firefox' driver

2020-06-05 23:06:55 - [MESSAGE][INFO] - Action delay is set to 0 milliseconds

2020-06-05 23:07:00 - [MESSAGE][PASSED] - Browser is opened with url: 'http://192.168.1.10:8065/signup_email'

2020-06-05 23:07:00 - [MESSAGE][PASSED] - Method 'Setup' complete successfully

2020-06-05 23:07:00 - [TEST_STEP][FAILED] - callTestCase(findTestCase("Test Cases/Signup/signup_function"), ["var_email":var_email, "var_name":var_name, "var_password":var_password], STOP_ON_FAILURE): Unable to call Test Case 'Test Cases/Signup/signup_function' (Root cause: com.kms.katalon.core.exception.StepFailedException: Call Test Case 'Test Cases/Signup/signup_function' failed
	at com.kms.katalon.core.keyword.builtin.CallTestCaseKeyword$_callTestCase_closure1.doCall(CallTestCaseKeyword.groovy:63)
	at com.kms.katalon.core.keyword.builtin.CallTestCaseKeyword$_callTestCase_closure1.call(CallTestCaseKeyword.groovy)
	at com.kms.katalon.core.keyword.internal.KeywordMain.runKeyword(KeywordMain.groovy:68)
	at com.kms.katalon.core.keyword.builtin.CallTestCaseKeyword.callTestCase(CallTestCaseKeyword.groovy:81)
	at com.kms.katalon.core.keyword.builtin.CallTestCaseKeyword.execute(CallTestCaseKeyword.groovy:44)
	at com.kms.katalon.core.keyword.internal.KeywordExecutor.executeKeywordForPlatform(KeywordExecutor.groovy:72)
	at com.kms.katalon.core.keyword.BuiltinKeywords.callTestCase(BuiltinKeywords.groovy:334)
	at TC_signup_03.run(TC_signup_03:25)
	at com.kms.katalon.core.main.ScriptEngine.run(ScriptEngine.java:194)
	at com.kms.katalon.core.main.ScriptEngine.runScriptAsRawText(ScriptEngine.java:119)
	at com.kms.katalon.core.main.TestCaseExecutor.runScript(TestCaseExecutor.java:337)
	at com.kms.katalon.core.main.TestCaseExecutor.doExecute(TestCaseExecutor.java:328)
	at com.kms.katalon.core.main.TestCaseExecutor.processExecutionPhase(TestCaseExecutor.java:307)
	at com.kms.katalon.core.main.TestCaseExecutor.accessMainPhase(TestCaseExecutor.java:299)
	at com.kms.katalon.core.main.TestCaseExecutor.execute(TestCaseExecutor.java:233)
	at com.kms.katalon.core.main.TestSuiteExecutor.accessTestCaseMainPhase(TestSuiteExecutor.java:169)
	at com.kms.katalon.core.main.TestSuiteExecutor.accessTestSuiteMainPhase(TestSuiteExecutor.java:142)
	at com.kms.katalon.core.main.TestSuiteExecutor.execute(TestSuiteExecutor.java:91)
	at com.kms.katalon.core.main.TestCaseMain.startTestSuite(TestCaseMain.java:157)
	at com.kms.katalon.core.main.TestCaseMain$startTestSuite$0.call(Unknown Source)
	at TempTestSuite1591373123859.run(TempTestSuite1591373123859.groovy:37)
Caused by: com.kms.katalon.core.exception.StepFailedException: Unable to verify object 'Object Repository/Page_Mattermost_Signup/input_email' is present
	at com.kms.katalon.core.webui.keyword.internal.WebUIKeywordMain.stepFailed(WebUIKeywordMain.groovy:64)
	at com.kms.katalon.core.webui.keyword.internal.WebUIKeywordMain.runKeyword(WebUIKeywordMain.groovy:26)
	at com.kms.katalon.core.webui.keyword.builtin.VerifyElementPresentKeyword.verifyElementPresent(VerifyElementPresentKeyword.groovy:92)
	at com.kms.katalon.core.webui.keyword.builtin.VerifyElementPresentKeyword.execute(VerifyElementPresentKeyword.groovy:68)
	at com.kms.katalon.core.keyword.internal.KeywordExecutor.executeKeywordForPlatform(KeywordExecutor.groovy:72)
	at com.kms.katalon.core.webui.keyword.WebUiBuiltInKeywords.verifyElementPresent(WebUiBuiltInKeywords.groovy:1460)
	at com.kms.katalon.core.webui.keyword.WebUiBuiltInKeywords$verifyElementPresent$0.call(Unknown Source)
	at signup_function.run(signup_function:19)
	at com.kms.katalon.core.main.ScriptEngine.run(ScriptEngine.java:194)
	at com.kms.katalon.core.main.ScriptEngine.runScriptAsRawText(ScriptEngine.java:119)
	at com.kms.katalon.core.main.TestCaseExecutor.runScript(TestCaseExecutor.java:337)
	at com.kms.katalon.core.main.TestCaseExecutor.doExecute(TestCaseExecutor.java:328)
	at com.kms.katalon.core.main.TestCaseExecutor.processExecutionPhase(TestCaseExecutor.java:307)
	at com.kms.katalon.core.main.TestCaseExecutor.accessMainPhase(TestCaseExecutor.java:299)
	at com.kms.katalon.core.main.TestCaseExecutor.execute(TestCaseExecutor.java:233)
	at com.kms.katalon.core.main.TestCaseMain.runTestCase(TestCaseMain.java:114)
	at com.kms.katalon.core.keyword.builtin.CallTestCaseKeyword$_callTestCase_closure1.doCall(CallTestCaseKeyword.groovy:59)
	... 20 more
Caused by: com.kms.katalon.core.exception.StepFailedException: com.kms.katalon.core.webui.exception.WebElementNotFoundException: Web element with id: 'Object Repository/Page_Mattermost_Signup/input_email' located by 'By.xpath: //input[@id='email']' not found
	at com.kms.katalon.core.webui.keyword.internal.WebUIKeywordMain.stepFailed(WebUIKeywordMain.groovy:64)
	at com.kms.katalon.core.webui.keyword.builtin.VerifyElementPresentKeyword$_verifyElementPresent_closure1.doCall(VerifyElementPresentKeyword.groovy:85)
	at com.kms.katalon.core.webui.keyword.builtin.VerifyElementPresentKeyword$_verifyElementPresent_closure1.call(VerifyElementPresentKeyword.groovy)
	at com.kms.katalon.core.webui.keyword.internal.WebUIKeywordMain.runKeyword(WebUIKeywordMain.groovy:20)
	... 35 more
)

2020-06-05 23:07:00 - [TEST_CASE][FAILED] - Test Cases/Signup/signup_function: Test Cases/Signup/signup_function FAILED.
Reason:
com.kms.katalon.core.exception.StepFailedException: Unable to verify object 'Object Repository/Page_Mattermost_Signup/input_email' is present
	at com.kms.katalon.core.webui.keyword.internal.WebUIKeywordMain.stepFailed(WebUIKeywordMain.groovy:64)
	at com.kms.katalon.core.webui.keyword.internal.WebUIKeywordMain.runKeyword(WebUIKeywordMain.groovy:26)
	at com.kms.katalon.core.webui.keyword.builtin.VerifyElementPresentKeyword.verifyElementPresent(VerifyElementPresentKeyword.groovy:92)
	at com.kms.katalon.core.webui.keyword.builtin.VerifyElementPresentKeyword.execute(VerifyElementPresentKeyword.groovy:68)
	at com.kms.katalon.core.keyword.internal.KeywordExecutor.executeKeywordForPlatform(KeywordExecutor.groovy:72)
	at com.kms.katalon.core.webui.keyword.WebUiBuiltInKeywords.verifyElementPresent(WebUiBuiltInKeywords.groovy:1460)
	at com.kms.katalon.core.webui.keyword.WebUiBuiltInKeywords$verifyElementPresent$0.call(Unknown Source)
	at signup_function.run(signup_function:19)
	at com.kms.katalon.core.main.ScriptEngine.run(ScriptEngine.java:194)
	at com.kms.katalon.core.main.ScriptEngine.runScriptAsRawText(ScriptEngine.java:119)
	at com.kms.katalon.core.main.TestCaseExecutor.runScript(TestCaseExecutor.java:337)
	at com.kms.katalon.core.main.TestCaseExecutor.doExecute(TestCaseExecutor.java:328)
	at com.kms.katalon.core.main.TestCaseExecutor.processExecutionPhase(TestCaseExecutor.java:307)
	at com.kms.katalon.core.main.TestCaseExecutor.accessMainPhase(TestCaseExecutor.java:299)
	at com.kms.katalon.core.main.TestCaseExecutor.execute(TestCaseExecutor.java:233)
	at com.kms.katalon.core.main.TestCaseMain.runTestCase(TestCaseMain.java:114)
	at com.kms.katalon.core.keyword.builtin.CallTestCaseKeyword$_callTestCase_closure1.doCall(CallTestCaseKeyword.groovy:59)
	at com.kms.katalon.core.keyword.builtin.CallTestCaseKeyword$_callTestCase_closure1.call(CallTestCaseKeyword.groovy)
	at com.kms.katalon.core.keyword.internal.KeywordMain.runKeyword(KeywordMain.groovy:68)
	at com.kms.katalon.core.keyword.builtin.CallTestCaseKeyword.callTestCase(CallTestCaseKeyword.groovy:81)
	at com.kms.katalon.core.keyword.builtin.CallTestCaseKeyword.execute(CallTestCaseKeyword.groovy:44)
	at com.kms.katalon.core.keyword.internal.KeywordExecutor.executeKeywordForPlatform(KeywordExecutor.groovy:72)
	at com.kms.katalon.core.keyword.BuiltinKeywords.callTestCase(BuiltinKeywords.groovy:334)
	at TC_signup_03.run(TC_signup_03:25)
	at com.kms.katalon.core.main.ScriptEngine.run(ScriptEngine.java:194)
	at com.kms.katalon.core.main.ScriptEngine.runScriptAsRawText(ScriptEngine.java:119)
	at com.kms.katalon.core.main.TestCaseExecutor.runScript(TestCaseExecutor.java:337)
	at com.kms.katalon.core.main.TestCaseExecutor.doExecute(TestCaseExecutor.java:328)
	at com.kms.katalon.core.main.TestCaseExecutor.processExecutionPhase(TestCaseExecutor.java:307)
	at com.kms.katalon.core.main.TestCaseExecutor.accessMainPhase(TestCaseExecutor.java:299)
	at com.kms.katalon.core.main.TestCaseExecutor.execute(TestCaseExecutor.java:233)
	at com.kms.katalon.core.main.TestSuiteExecutor.accessTestCaseMainPhase(TestSuiteExecutor.java:169)
	at com.kms.katalon.core.main.TestSuiteExecutor.accessTestSuiteMainPhase(TestSuiteExecutor.java:142)
	at com.kms.katalon.core.main.TestSuiteExecutor.execute(TestSuiteExecutor.java:91)
	at com.kms.katalon.core.main.TestCaseMain.startTestSuite(TestCaseMain.java:157)
	at com.kms.katalon.core.main.TestCaseMain$startTestSuite$0.call(Unknown Source)
	at TempTestSuite1591373123859.run(TempTestSuite1591373123859.groovy:37)
Caused by: com.kms.katalon.core.exception.StepFailedException: com.kms.katalon.core.webui.exception.WebElementNotFoundException: Web element with id: 'Object Repository/Page_Mattermost_Signup/input_email' located by 'By.xpath: //input[@id='email']' not found
	at com.kms.katalon.core.webui.keyword.internal.WebUIKeywordMain.stepFailed(WebUIKeywordMain.groovy:64)
	at com.kms.katalon.core.webui.keyword.builtin.VerifyElementPresentKeyword$_verifyElementPresent_closure1.doCall(VerifyElementPresentKeyword.groovy:85)
	at com.kms.katalon.core.webui.keyword.builtin.VerifyElementPresentKeyword$_verifyElementPresent_closure1.call(VerifyElementPresentKeyword.groovy)
	at com.kms.katalon.core.webui.keyword.internal.WebUIKeywordMain.runKeyword(WebUIKeywordMain.groovy:20)
	... 35 more


2020-06-05 23:07:00 - [TEST_STEP][FAILED] - verifyEqual(verifyElementPresent(findTestObject("Object Repository/Page_Mattermost_Signup/input_email"), 1), true): Unable to verify object 'Object Repository/Page_Mattermost_Signup/input_email' is present (Root cause: com.kms.katalon.core.exception.StepFailedException: Unable to verify object 'Object Repository/Page_Mattermost_Signup/input_email' is present
	at com.kms.katalon.core.webui.keyword.internal.WebUIKeywordMain.stepFailed(WebUIKeywordMain.groovy:64)
	at com.kms.katalon.core.webui.keyword.internal.WebUIKeywordMain.runKeyword(WebUIKeywordMain.groovy:26)
	at com.kms.katalon.core.webui.keyword.builtin.VerifyElementPresentKeyword.verifyElementPresent(VerifyElementPresentKeyword.groovy:92)
	at com.kms.katalon.core.webui.keyword.builtin.VerifyElementPresentKeyword.execute(VerifyElementPresentKeyword.groovy:68)
	at com.kms.katalon.core.keyword.internal.KeywordExecutor.executeKeywordForPlatform(KeywordExecutor.groovy:72)
	at com.kms.katalon.core.webui.keyword.WebUiBuiltInKeywords.verifyElementPresent(WebUiBuiltInKeywords.groovy:1460)
	at com.kms.katalon.core.webui.keyword.WebUiBuiltInKeywords$verifyElementPresent$0.call(Unknown Source)
	at signup_function.run(signup_function:19)
	at com.kms.katalon.core.main.ScriptEngine.run(ScriptEngine.java:194)
	at com.kms.katalon.core.main.ScriptEngine.runScriptAsRawText(ScriptEngine.java:119)
	at com.kms.katalon.core.main.TestCaseExecutor.runScript(TestCaseExecutor.java:337)
	at com.kms.katalon.core.main.TestCaseExecutor.doExecute(TestCaseExecutor.java:328)
	at com.kms.katalon.core.main.TestCaseExecutor.processExecutionPhase(TestCaseExecutor.java:307)
	at com.kms.katalon.core.main.TestCaseExecutor.accessMainPhase(TestCaseExecutor.java:299)
	at com.kms.katalon.core.main.TestCaseExecutor.execute(TestCaseExecutor.java:233)
	at com.kms.katalon.core.main.TestCaseMain.runTestCase(TestCaseMain.java:114)
	at com.kms.katalon.core.keyword.builtin.CallTestCaseKeyword$_callTestCase_closure1.doCall(CallTestCaseKeyword.groovy:59)
	at com.kms.katalon.core.keyword.builtin.CallTestCaseKeyword$_callTestCase_closure1.call(CallTestCaseKeyword.groovy)
	at com.kms.katalon.core.keyword.internal.KeywordMain.runKeyword(KeywordMain.groovy:68)
	at com.kms.katalon.core.keyword.builtin.CallTestCaseKeyword.callTestCase(CallTestCaseKeyword.groovy:81)
	at com.kms.katalon.core.keyword.builtin.CallTestCaseKeyword.execute(CallTestCaseKeyword.groovy:44)
	at com.kms.katalon.core.keyword.internal.KeywordExecutor.executeKeywordForPlatform(KeywordExecutor.groovy:72)
	at com.kms.katalon.core.keyword.BuiltinKeywords.callTestCase(BuiltinKeywords.groovy:334)
	at TC_signup_03.run(TC_signup_03:25)
	at com.kms.katalon.core.main.ScriptEngine.run(ScriptEngine.java:194)
	at com.kms.katalon.core.main.ScriptEngine.runScriptAsRawText(ScriptEngine.java:119)
	at com.kms.katalon.core.main.TestCaseExecutor.runScript(TestCaseExecutor.java:337)
	at com.kms.katalon.core.main.TestCaseExecutor.doExecute(TestCaseExecutor.java:328)
	at com.kms.katalon.core.main.TestCaseExecutor.processExecutionPhase(TestCaseExecutor.java:307)
	at com.kms.katalon.core.main.TestCaseExecutor.accessMainPhase(TestCaseExecutor.java:299)
	at com.kms.katalon.core.main.TestCaseExecutor.execute(TestCaseExecutor.java:233)
	at com.kms.katalon.core.main.TestSuiteExecutor.accessTestCaseMainPhase(TestSuiteExecutor.java:169)
	at com.kms.katalon.core.main.TestSuiteExecutor.accessTestSuiteMainPhase(TestSuiteExecutor.java:142)
	at com.kms.katalon.core.main.TestSuiteExecutor.execute(TestSuiteExecutor.java:91)
	at com.kms.katalon.core.main.TestCaseMain.startTestSuite(TestCaseMain.java:157)
	at com.kms.katalon.core.main.TestCaseMain$startTestSuite$0.call(Unknown Source)
	at TempTestSuite1591373123859.run(TempTestSuite1591373123859.groovy:37)
Caused by: com.kms.katalon.core.exception.StepFailedException: com.kms.katalon.core.webui.exception.WebElementNotFoundException: Web element with id: 'Object Repository/Page_Mattermost_Signup/input_email' located by 'By.xpath: //input[@id='email']' not found
	at com.kms.katalon.core.webui.keyword.internal.WebUIKeywordMain.stepFailed(WebUIKeywordMain.groovy:64)
	at com.kms.katalon.core.webui.keyword.builtin.VerifyElementPresentKeyword$_verifyElementPresent_closure1.doCall(VerifyElementPresentKeyword.groovy:85)
	at com.kms.katalon.core.webui.keyword.builtin.VerifyElementPresentKeyword$_verifyElementPresent_closure1.call(VerifyElementPresentKeyword.groovy)
	at com.kms.katalon.core.webui.keyword.internal.WebUIKeywordMain.runKeyword(WebUIKeywordMain.groovy:20)
	... 35 more
)

2020-06-05 23:07:01 - [MESSAGE][INFO] - Unable to find the element located by 'By.xpath: //input[@id='email']'. Please recheck the objects properties to make sure the desired element is located. 

2020-06-05 23:07:01 - [MESSAGE][FAILED] - com.kms.katalon.core.webui.exception.WebElementNotFoundException: Web element with id: 'Object Repository/Page_Mattermost_Signup/input_email' located by 'By.xpath: //input[@id='email']' not found (Root cause: com.kms.katalon.core.exception.StepFailedException: com.kms.katalon.core.webui.exception.WebElementNotFoundException: Web element with id: 'Object Repository/Page_Mattermost_Signup/input_email' located by 'By.xpath: //input[@id='email']' not found
	at com.kms.katalon.core.webui.keyword.internal.WebUIKeywordMain.stepFailed(WebUIKeywordMain.groovy:64)
	at com.kms.katalon.core.webui.keyword.builtin.VerifyElementPresentKeyword$_verifyElementPresent_closure1.doCall(VerifyElementPresentKeyword.groovy:85)
	at com.kms.katalon.core.webui.keyword.builtin.VerifyElementPresentKeyword$_verifyElementPresent_closure1.call(VerifyElementPresentKeyword.groovy)
	at com.kms.katalon.core.webui.keyword.internal.WebUIKeywordMain.runKeyword(WebUIKeywordMain.groovy:20)
	at com.kms.katalon.core.webui.keyword.builtin.VerifyElementPresentKeyword.verifyElementPresent(VerifyElementPresentKeyword.groovy:92)
	at com.kms.katalon.core.webui.keyword.builtin.VerifyElementPresentKeyword.execute(VerifyElementPresentKeyword.groovy:68)
	at com.kms.katalon.core.keyword.internal.KeywordExecutor.executeKeywordForPlatform(KeywordExecutor.groovy:72)
	at com.kms.katalon.core.webui.keyword.WebUiBuiltInKeywords.verifyElementPresent(WebUiBuiltInKeywords.groovy:1460)
	at com.kms.katalon.core.webui.keyword.WebUiBuiltInKeywords$verifyElementPresent$0.call(Unknown Source)
	at signup_function.run(signup_function:19)
	at com.kms.katalon.core.main.ScriptEngine.run(ScriptEngine.java:194)
	at com.kms.katalon.core.main.ScriptEngine.runScriptAsRawText(ScriptEngine.java:119)
	at com.kms.katalon.core.main.TestCaseExecutor.runScript(TestCaseExecutor.java:337)
	at com.kms.katalon.core.main.TestCaseExecutor.doExecute(TestCaseExecutor.java:328)
	at com.kms.katalon.core.main.TestCaseExecutor.processExecutionPhase(TestCaseExecutor.java:307)
	at com.kms.katalon.core.main.TestCaseExecutor.accessMainPhase(TestCaseExecutor.java:299)
	at com.kms.katalon.core.main.TestCaseExecutor.execute(TestCaseExecutor.java:233)
	at com.kms.katalon.core.main.TestCaseMain.runTestCase(TestCaseMain.java:114)
	at com.kms.katalon.core.keyword.builtin.CallTestCaseKeyword$_callTestCase_closure1.doCall(CallTestCaseKeyword.groovy:59)
	at com.kms.katalon.core.keyword.builtin.CallTestCaseKeyword$_callTestCase_closure1.call(CallTestCaseKeyword.groovy)
	at com.kms.katalon.core.keyword.internal.KeywordMain.runKeyword(KeywordMain.groovy:68)
	at com.kms.katalon.core.keyword.builtin.CallTestCaseKeyword.callTestCase(CallTestCaseKeyword.groovy:81)
	at com.kms.katalon.core.keyword.builtin.CallTestCaseKeyword.execute(CallTestCaseKeyword.groovy:44)
	at com.kms.katalon.core.keyword.internal.KeywordExecutor.executeKeywordForPlatform(KeywordExecutor.groovy:72)
	at com.kms.katalon.core.keyword.BuiltinKeywords.callTestCase(BuiltinKeywords.groovy:334)
	at TC_signup_03.run(TC_signup_03:25)
	at com.kms.katalon.core.main.ScriptEngine.run(ScriptEngine.java:194)
	at com.kms.katalon.core.main.ScriptEngine.runScriptAsRawText(ScriptEngine.java:119)
	at com.kms.katalon.core.main.TestCaseExecutor.runScript(TestCaseExecutor.java:337)
	at com.kms.katalon.core.main.TestCaseExecutor.doExecute(TestCaseExecutor.java:328)
	at com.kms.katalon.core.main.TestCaseExecutor.processExecutionPhase(TestCaseExecutor.java:307)
	at com.kms.katalon.core.main.TestCaseExecutor.accessMainPhase(TestCaseExecutor.java:299)
	at com.kms.katalon.core.main.TestCaseExecutor.execute(TestCaseExecutor.java:233)
	at com.kms.katalon.core.main.TestSuiteExecutor.accessTestCaseMainPhase(TestSuiteExecutor.java:169)
	at com.kms.katalon.core.main.TestSuiteExecutor.accessTestSuiteMainPhase(TestSuiteExecutor.java:142)
	at com.kms.katalon.core.main.TestSuiteExecutor.execute(TestSuiteExecutor.java:91)
	at com.kms.katalon.core.main.TestCaseMain.startTestSuite(TestCaseMain.java:157)
	at com.kms.katalon.core.main.TestCaseMain$startTestSuite$0.call(Unknown Source)
	at TempTestSuite1591373123859.run(TempTestSuite1591373123859.groovy:37)
)
[[ATTACHMENT|D:\\katalon\\hw2-katalon-testing\\Reports\\20200605_230523\\Run_All_Test_Cases\\20200605_230523\\1591373221886.png]]

2020-06-05 23:07:02 - [MESSAGE][FAILED] - Unable to verify object 'Object Repository/Page_Mattermost_Signup/input_email' is present (Root cause: com.kms.katalon.core.exception.StepFailedException: Unable to verify object 'Object Repository/Page_Mattermost_Signup/input_email' is present
	at com.kms.katalon.core.webui.keyword.internal.WebUIKeywordMain.stepFailed(WebUIKeywordMain.groovy:64)
	at com.kms.katalon.core.webui.keyword.internal.WebUIKeywordMain.runKeyword(WebUIKeywordMain.groovy:26)
	at com.kms.katalon.core.webui.keyword.builtin.VerifyElementPresentKeyword.verifyElementPresent(VerifyElementPresentKeyword.groovy:92)
	at com.kms.katalon.core.webui.keyword.builtin.VerifyElementPresentKeyword.execute(VerifyElementPresentKeyword.groovy:68)
	at com.kms.katalon.core.keyword.internal.KeywordExecutor.executeKeywordForPlatform(KeywordExecutor.groovy:72)
	at com.kms.katalon.core.webui.keyword.WebUiBuiltInKeywords.verifyElementPresent(WebUiBuiltInKeywords.groovy:1460)
	at com.kms.katalon.core.webui.keyword.WebUiBuiltInKeywords$verifyElementPresent$0.call(Unknown Source)
	at signup_function.run(signup_function:19)
	at com.kms.katalon.core.main.ScriptEngine.run(ScriptEngine.java:194)
	at com.kms.katalon.core.main.ScriptEngine.runScriptAsRawText(ScriptEngine.java:119)
	at com.kms.katalon.core.main.TestCaseExecutor.runScript(TestCaseExecutor.java:337)
	at com.kms.katalon.core.main.TestCaseExecutor.doExecute(TestCaseExecutor.java:328)
	at com.kms.katalon.core.main.TestCaseExecutor.processExecutionPhase(TestCaseExecutor.java:307)
	at com.kms.katalon.core.main.TestCaseExecutor.accessMainPhase(TestCaseExecutor.java:299)
	at com.kms.katalon.core.main.TestCaseExecutor.execute(TestCaseExecutor.java:233)
	at com.kms.katalon.core.main.TestCaseMain.runTestCase(TestCaseMain.java:114)
	at com.kms.katalon.core.keyword.builtin.CallTestCaseKeyword$_callTestCase_closure1.doCall(CallTestCaseKeyword.groovy:59)
	at com.kms.katalon.core.keyword.builtin.CallTestCaseKeyword$_callTestCase_closure1.call(CallTestCaseKeyword.groovy)
	at com.kms.katalon.core.keyword.internal.KeywordMain.runKeyword(KeywordMain.groovy:68)
	at com.kms.katalon.core.keyword.builtin.CallTestCaseKeyword.callTestCase(CallTestCaseKeyword.groovy:81)
	at com.kms.katalon.core.keyword.builtin.CallTestCaseKeyword.execute(CallTestCaseKeyword.groovy:44)
	at com.kms.katalon.core.keyword.internal.KeywordExecutor.executeKeywordForPlatform(KeywordExecutor.groovy:72)
	at com.kms.katalon.core.keyword.BuiltinKeywords.callTestCase(BuiltinKeywords.groovy:334)
	at TC_signup_03.run(TC_signup_03:25)
	at com.kms.katalon.core.main.ScriptEngine.run(ScriptEngine.java:194)
	at com.kms.katalon.core.main.ScriptEngine.runScriptAsRawText(ScriptEngine.java:119)
	at com.kms.katalon.core.main.TestCaseExecutor.runScript(TestCaseExecutor.java:337)
	at com.kms.katalon.core.main.TestCaseExecutor.doExecute(TestCaseExecutor.java:328)
	at com.kms.katalon.core.main.TestCaseExecutor.processExecutionPhase(TestCaseExecutor.java:307)
	at com.kms.katalon.core.main.TestCaseExecutor.accessMainPhase(TestCaseExecutor.java:299)
	at com.kms.katalon.core.main.TestCaseExecutor.execute(TestCaseExecutor.java:233)
	at com.kms.katalon.core.main.TestSuiteExecutor.accessTestCaseMainPhase(TestSuiteExecutor.java:169)
	at com.kms.katalon.core.main.TestSuiteExecutor.accessTestSuiteMainPhase(TestSuiteExecutor.java:142)
	at com.kms.katalon.core.main.TestSuiteExecutor.execute(TestSuiteExecutor.java:91)
	at com.kms.katalon.core.main.TestCaseMain.startTestSuite(TestCaseMain.java:157)
	at com.kms.katalon.core.main.TestCaseMain$startTestSuite$0.call(Unknown Source)
	at TempTestSuite1591373123859.run(TempTestSuite1591373123859.groovy:37)
Caused by: com.kms.katalon.core.exception.StepFailedException: com.kms.katalon.core.webui.exception.WebElementNotFoundException: Web element with id: 'Object Repository/Page_Mattermost_Signup/input_email' located by 'By.xpath: //input[@id='email']' not found
	at com.kms.katalon.core.webui.keyword.internal.WebUIKeywordMain.stepFailed(WebUIKeywordMain.groovy:64)
	at com.kms.katalon.core.webui.keyword.builtin.VerifyElementPresentKeyword$_verifyElementPresent_closure1.doCall(VerifyElementPresentKeyword.groovy:85)
	at com.kms.katalon.core.webui.keyword.builtin.VerifyElementPresentKeyword$_verifyElementPresent_closure1.call(VerifyElementPresentKeyword.groovy)
	at com.kms.katalon.core.webui.keyword.internal.WebUIKeywordMain.runKeyword(WebUIKeywordMain.groovy:20)
	... 35 more
)
[[ATTACHMENT|D:\\katalon\\hw2-katalon-testing\\Reports\\20200605_230523\\Run_All_Test_Cases\\20200605_230523\\1591373221976.png]]

2020-06-05 23:07:02 - [MESSAGE][FAILED] - Unable to call Test Case 'Test Cases/Signup/signup_function' (Root cause: com.kms.katalon.core.exception.StepFailedException: Call Test Case 'Test Cases/Signup/signup_function' failed
	at com.kms.katalon.core.keyword.builtin.CallTestCaseKeyword$_callTestCase_closure1.doCall(CallTestCaseKeyword.groovy:63)
	at com.kms.katalon.core.keyword.builtin.CallTestCaseKeyword$_callTestCase_closure1.call(CallTestCaseKeyword.groovy)
	at com.kms.katalon.core.keyword.internal.KeywordMain.runKeyword(KeywordMain.groovy:68)
	at com.kms.katalon.core.keyword.builtin.CallTestCaseKeyword.callTestCase(CallTestCaseKeyword.groovy:81)
	at com.kms.katalon.core.keyword.builtin.CallTestCaseKeyword.execute(CallTestCaseKeyword.groovy:44)
	at com.kms.katalon.core.keyword.internal.KeywordExecutor.executeKeywordForPlatform(KeywordExecutor.groovy:72)
	at com.kms.katalon.core.keyword.BuiltinKeywords.callTestCase(BuiltinKeywords.groovy:334)
	at TC_signup_03.run(TC_signup_03:25)
	at com.kms.katalon.core.main.ScriptEngine.run(ScriptEngine.java:194)
	at com.kms.katalon.core.main.ScriptEngine.runScriptAsRawText(ScriptEngine.java:119)
	at com.kms.katalon.core.main.TestCaseExecutor.runScript(TestCaseExecutor.java:337)
	at com.kms.katalon.core.main.TestCaseExecutor.doExecute(TestCaseExecutor.java:328)
	at com.kms.katalon.core.main.TestCaseExecutor.processExecutionPhase(TestCaseExecutor.java:307)
	at com.kms.katalon.core.main.TestCaseExecutor.accessMainPhase(TestCaseExecutor.java:299)
	at com.kms.katalon.core.main.TestCaseExecutor.execute(TestCaseExecutor.java:233)
	at com.kms.katalon.core.main.TestSuiteExecutor.accessTestCaseMainPhase(TestSuiteExecutor.java:169)
	at com.kms.katalon.core.main.TestSuiteExecutor.accessTestSuiteMainPhase(TestSuiteExecutor.java:142)
	at com.kms.katalon.core.main.TestSuiteExecutor.execute(TestSuiteExecutor.java:91)
	at com.kms.katalon.core.main.TestCaseMain.startTestSuite(TestCaseMain.java:157)
	at com.kms.katalon.core.main.TestCaseMain$startTestSuite$0.call(Unknown Source)
	at TempTestSuite1591373123859.run(TempTestSuite1591373123859.groovy:37)
Caused by: com.kms.katalon.core.exception.StepFailedException: Unable to verify object 'Object Repository/Page_Mattermost_Signup/input_email' is present
	at com.kms.katalon.core.webui.keyword.internal.WebUIKeywordMain.stepFailed(WebUIKeywordMain.groovy:64)
	at com.kms.katalon.core.webui.keyword.internal.WebUIKeywordMain.runKeyword(WebUIKeywordMain.groovy:26)
	at com.kms.katalon.core.webui.keyword.builtin.VerifyElementPresentKeyword.verifyElementPresent(VerifyElementPresentKeyword.groovy:92)
	at com.kms.katalon.core.webui.keyword.builtin.VerifyElementPresentKeyword.execute(VerifyElementPresentKeyword.groovy:68)
	at com.kms.katalon.core.keyword.internal.KeywordExecutor.executeKeywordForPlatform(KeywordExecutor.groovy:72)
	at com.kms.katalon.core.webui.keyword.WebUiBuiltInKeywords.verifyElementPresent(WebUiBuiltInKeywords.groovy:1460)
	at com.kms.katalon.core.webui.keyword.WebUiBuiltInKeywords$verifyElementPresent$0.call(Unknown Source)
	at signup_function.run(signup_function:19)
	at com.kms.katalon.core.main.ScriptEngine.run(ScriptEngine.java:194)
	at com.kms.katalon.core.main.ScriptEngine.runScriptAsRawText(ScriptEngine.java:119)
	at com.kms.katalon.core.main.TestCaseExecutor.runScript(TestCaseExecutor.java:337)
	at com.kms.katalon.core.main.TestCaseExecutor.doExecute(TestCaseExecutor.java:328)
	at com.kms.katalon.core.main.TestCaseExecutor.processExecutionPhase(TestCaseExecutor.java:307)
	at com.kms.katalon.core.main.TestCaseExecutor.accessMainPhase(TestCaseExecutor.java:299)
	at com.kms.katalon.core.main.TestCaseExecutor.execute(TestCaseExecutor.java:233)
	at com.kms.katalon.core.main.TestCaseMain.runTestCase(TestCaseMain.java:114)
	at com.kms.katalon.core.keyword.builtin.CallTestCaseKeyword$_callTestCase_closure1.doCall(CallTestCaseKeyword.groovy:59)
	... 20 more
Caused by: com.kms.katalon.core.exception.StepFailedException: com.kms.katalon.core.webui.exception.WebElementNotFoundException: Web element with id: 'Object Repository/Page_Mattermost_Signup/input_email' located by 'By.xpath: //input[@id='email']' not found
	at com.kms.katalon.core.webui.keyword.internal.WebUIKeywordMain.stepFailed(WebUIKeywordMain.groovy:64)
	at com.kms.katalon.core.webui.keyword.builtin.VerifyElementPresentKeyword$_verifyElementPresent_closure1.doCall(VerifyElementPresentKeyword.groovy:85)
	at com.kms.katalon.core.webui.keyword.builtin.VerifyElementPresentKeyword$_verifyElementPresent_closure1.call(VerifyElementPresentKeyword.groovy)
	at com.kms.katalon.core.webui.keyword.internal.WebUIKeywordMain.runKeyword(WebUIKeywordMain.groovy:20)
	... 35 more
)

2020-06-05 23:07:02 - [TEST_STEP][PASSED] - Start tear down : Teardown: Method 'Teardown' complete successfully

2020-06-05 23:07:02 - [TEST_STEP][PASSED] - closeBrowser(): Browser is closed

2020-06-05 23:07:02 - [MESSAGE][PASSED] - Browser is closed

2020-06-05 23:07:02 - [MESSAGE][PASSED] - Method 'Teardown' complete successfully]]></system-out>
         <system-err><![CDATA[2020-06-05 23:06:55 - [TEST_CASE][FAILED] - Test Cases/Signup/TC_signup_03: Test Cases/Signup/TC_signup_03 FAILED.
Reason:
com.kms.katalon.core.exception.StepFailedException: Call Test Case 'Test Cases/Signup/signup_function' failed
	at com.kms.katalon.core.keyword.builtin.CallTestCaseKeyword$_callTestCase_closure1.doCall(CallTestCaseKeyword.groovy:63)
	at com.kms.katalon.core.keyword.builtin.CallTestCaseKeyword$_callTestCase_closure1.call(CallTestCaseKeyword.groovy)
	at com.kms.katalon.core.keyword.internal.KeywordMain.runKeyword(KeywordMain.groovy:68)
	at com.kms.katalon.core.keyword.builtin.CallTestCaseKeyword.callTestCase(CallTestCaseKeyword.groovy:81)
	at com.kms.katalon.core.keyword.builtin.CallTestCaseKeyword.execute(CallTestCaseKeyword.groovy:44)
	at com.kms.katalon.core.keyword.internal.KeywordExecutor.executeKeywordForPlatform(KeywordExecutor.groovy:72)
	at com.kms.katalon.core.keyword.BuiltinKeywords.callTestCase(BuiltinKeywords.groovy:334)
	at TC_signup_03.run(TC_signup_03:25)
	at com.kms.katalon.core.main.ScriptEngine.run(ScriptEngine.java:194)
	at com.kms.katalon.core.main.ScriptEngine.runScriptAsRawText(ScriptEngine.java:119)
	at com.kms.katalon.core.main.TestCaseExecutor.runScript(TestCaseExecutor.java:337)
	at com.kms.katalon.core.main.TestCaseExecutor.doExecute(TestCaseExecutor.java:328)
	at com.kms.katalon.core.main.TestCaseExecutor.processExecutionPhase(TestCaseExecutor.java:307)
	at com.kms.katalon.core.main.TestCaseExecutor.accessMainPhase(TestCaseExecutor.java:299)
	at com.kms.katalon.core.main.TestCaseExecutor.execute(TestCaseExecutor.java:233)
	at com.kms.katalon.core.main.TestSuiteExecutor.accessTestCaseMainPhase(TestSuiteExecutor.java:169)
	at com.kms.katalon.core.main.TestSuiteExecutor.accessTestSuiteMainPhase(TestSuiteExecutor.java:142)
	at com.kms.katalon.core.main.TestSuiteExecutor.execute(TestSuiteExecutor.java:91)
	at com.kms.katalon.core.main.TestCaseMain.startTestSuite(TestCaseMain.java:157)
	at com.kms.katalon.core.main.TestCaseMain$startTestSuite$0.call(Unknown Source)
	at TempTestSuite1591373123859.run(TempTestSuite1591373123859.groovy:37)
Caused by: com.kms.katalon.core.exception.StepFailedException: Unable to verify object 'Object Repository/Page_Mattermost_Signup/input_email' is present
	at com.kms.katalon.core.webui.keyword.internal.WebUIKeywordMain.stepFailed(WebUIKeywordMain.groovy:64)
	at com.kms.katalon.core.webui.keyword.internal.WebUIKeywordMain.runKeyword(WebUIKeywordMain.groovy:26)
	at com.kms.katalon.core.webui.keyword.builtin.VerifyElementPresentKeyword.verifyElementPresent(VerifyElementPresentKeyword.groovy:92)
	at com.kms.katalon.core.webui.keyword.builtin.VerifyElementPresentKeyword.execute(VerifyElementPresentKeyword.groovy:68)
	at com.kms.katalon.core.keyword.internal.KeywordExecutor.executeKeywordForPlatform(KeywordExecutor.groovy:72)
	at com.kms.katalon.core.webui.keyword.WebUiBuiltInKeywords.verifyElementPresent(WebUiBuiltInKeywords.groovy:1460)
	at com.kms.katalon.core.webui.keyword.WebUiBuiltInKeywords$verifyElementPresent$0.call(Unknown Source)
	at signup_function.run(signup_function:19)
	at com.kms.katalon.core.main.ScriptEngine.run(ScriptEngine.java:194)
	at com.kms.katalon.core.main.ScriptEngine.runScriptAsRawText(ScriptEngine.java:119)
	at com.kms.katalon.core.main.TestCaseExecutor.runScript(TestCaseExecutor.java:337)
	at com.kms.katalon.core.main.TestCaseExecutor.doExecute(TestCaseExecutor.java:328)
	at com.kms.katalon.core.main.TestCaseExecutor.processExecutionPhase(TestCaseExecutor.java:307)
	at com.kms.katalon.core.main.TestCaseExecutor.accessMainPhase(TestCaseExecutor.java:299)
	at com.kms.katalon.core.main.TestCaseExecutor.execute(TestCaseExecutor.java:233)
	at com.kms.katalon.core.main.TestCaseMain.runTestCase(TestCaseMain.java:114)
	at com.kms.katalon.core.keyword.builtin.CallTestCaseKeyword$_callTestCase_closure1.doCall(CallTestCaseKeyword.groovy:59)
	... 20 more
Caused by: com.kms.katalon.core.exception.StepFailedException: com.kms.katalon.core.webui.exception.WebElementNotFoundException: Web element with id: 'Object Repository/Page_Mattermost_Signup/input_email' located by 'By.xpath: //input[@id='email']' not found
	at com.kms.katalon.core.webui.keyword.internal.WebUIKeywordMain.stepFailed(WebUIKeywordMain.groovy:64)
	at com.kms.katalon.core.webui.keyword.builtin.VerifyElementPresentKeyword$_verifyElementPresent_closure1.doCall(VerifyElementPresentKeyword.groovy:85)
	at com.kms.katalon.core.webui.keyword.builtin.VerifyElementPresentKeyword$_verifyElementPresent_closure1.call(VerifyElementPresentKeyword.groovy)
	at com.kms.katalon.core.webui.keyword.internal.WebUIKeywordMain.runKeyword(WebUIKeywordMain.groovy:20)
	... 35 more]]></system-err>
      </testcase>
      <testcase name="Test Cases/Signup/TC_signup_03" time="7.878" classname="Test Cases/Signup/TC_signup_03" status="FAILED">
         <failure type="FAILED" message="Test Cases/Signup/TC_signup_03 FAILED.
Reason:
com.kms.katalon.core.exception.StepFailedException: Call Test Case 'Test Cases/Signup/signup_function' failed
	at com.kms.katalon.core.keyword.builtin.CallTestCaseKeyword$_callTestCase_closure1.doCall(CallTestCaseKeyword.groovy:63)
	at com.kms.katalon.core.keyword.builtin.CallTestCaseKeyword$_callTestCase_closure1.call(CallTestCaseKeyword.groovy)
	at com.kms.katalon.core.keyword.internal.KeywordMain.runKeyword(KeywordMain.groovy:68)
	at com.kms.katalon.core.keyword.builtin.CallTestCaseKeyword.callTestCase(CallTestCaseKeyword.groovy:81)
	at com.kms.katalon.core.keyword.builtin.CallTestCaseKeyword.execute(CallTestCaseKeyword.groovy:44)
	at com.kms.katalon.core.keyword.internal.KeywordExecutor.executeKeywordForPlatform(KeywordExecutor.groovy:72)
	at com.kms.katalon.core.keyword.BuiltinKeywords.callTestCase(BuiltinKeywords.groovy:334)
	at TC_signup_03.run(TC_signup_03:25)
	at com.kms.katalon.core.main.ScriptEngine.run(ScriptEngine.java:194)
	at com.kms.katalon.core.main.ScriptEngine.runScriptAsRawText(ScriptEngine.java:119)
	at com.kms.katalon.core.main.TestCaseExecutor.runScript(TestCaseExecutor.java:337)
	at com.kms.katalon.core.main.TestCaseExecutor.doExecute(TestCaseExecutor.java:328)
	at com.kms.katalon.core.main.TestCaseExecutor.processExecutionPhase(TestCaseExecutor.java:307)
	at com.kms.katalon.core.main.TestCaseExecutor.accessMainPhase(TestCaseExecutor.java:299)
	at com.kms.katalon.core.main.TestCaseExecutor.execute(TestCaseExecutor.java:233)
	at com.kms.katalon.core.main.TestSuiteExecutor.accessTestCaseMainPhase(TestSuiteExecutor.java:169)
	at com.kms.katalon.core.main.TestSuiteExecutor.accessTestSuiteMainPhase(TestSuiteExecutor.java:142)
	at com.kms.katalon.core.main.TestSuiteExecutor.execute(TestSuiteExecutor.java:91)
	at com.kms.katalon.core.main.TestCaseMain.startTestSuite(TestCaseMain.java:157)
	at com.kms.katalon.core.main.TestCaseMain$startTestSuite$0.call(Unknown Source)
	at TempTestSuite1591373123859.run(TempTestSuite1591373123859.groovy:37)
Caused by: com.kms.katalon.core.exception.StepFailedException: Unable to verify object 'Object Repository/Page_Mattermost_Signup/input_email' is present
	at com.kms.katalon.core.webui.keyword.internal.WebUIKeywordMain.stepFailed(WebUIKeywordMain.groovy:64)
	at com.kms.katalon.core.webui.keyword.internal.WebUIKeywordMain.runKeyword(WebUIKeywordMain.groovy:26)
	at com.kms.katalon.core.webui.keyword.builtin.VerifyElementPresentKeyword.verifyElementPresent(VerifyElementPresentKeyword.groovy:92)
	at com.kms.katalon.core.webui.keyword.builtin.VerifyElementPresentKeyword.execute(VerifyElementPresentKeyword.groovy:68)
	at com.kms.katalon.core.keyword.internal.KeywordExecutor.executeKeywordForPlatform(KeywordExecutor.groovy:72)
	at com.kms.katalon.core.webui.keyword.WebUiBuiltInKeywords.verifyElementPresent(WebUiBuiltInKeywords.groovy:1460)
	at com.kms.katalon.core.webui.keyword.WebUiBuiltInKeywords$verifyElementPresent$0.call(Unknown Source)
	at signup_function.run(signup_function:19)
	at com.kms.katalon.core.main.ScriptEngine.run(ScriptEngine.java:194)
	at com.kms.katalon.core.main.ScriptEngine.runScriptAsRawText(ScriptEngine.java:119)
	at com.kms.katalon.core.main.TestCaseExecutor.runScript(TestCaseExecutor.java:337)
	at com.kms.katalon.core.main.TestCaseExecutor.doExecute(TestCaseExecutor.java:328)
	at com.kms.katalon.core.main.TestCaseExecutor.processExecutionPhase(TestCaseExecutor.java:307)
	at com.kms.katalon.core.main.TestCaseExecutor.accessMainPhase(TestCaseExecutor.java:299)
	at com.kms.katalon.core.main.TestCaseExecutor.execute(TestCaseExecutor.java:233)
	at com.kms.katalon.core.main.TestCaseMain.runTestCase(TestCaseMain.java:114)
	at com.kms.katalon.core.keyword.builtin.CallTestCaseKeyword$_callTestCase_closure1.doCall(CallTestCaseKeyword.groovy:59)
	... 20 more
Caused by: com.kms.katalon.core.exception.StepFailedException: com.kms.katalon.core.webui.exception.WebElementNotFoundException: Web element with id: 'Object Repository/Page_Mattermost_Signup/input_email' located by 'By.xpath: //input[@id='email']' not found
	at com.kms.katalon.core.webui.keyword.internal.WebUIKeywordMain.stepFailed(WebUIKeywordMain.groovy:64)
	at com.kms.katalon.core.webui.keyword.builtin.VerifyElementPresentKeyword$_verifyElementPresent_closure1.doCall(VerifyElementPresentKeyword.groovy:85)
	at com.kms.katalon.core.webui.keyword.builtin.VerifyElementPresentKeyword$_verifyElementPresent_closure1.call(VerifyElementPresentKeyword.groovy)
	at com.kms.katalon.core.webui.keyword.internal.WebUIKeywordMain.runKeyword(WebUIKeywordMain.groovy:20)
	... 35 more
"/>
         <system-out><![CDATA[2020-06-05 23:07:03 - [TEST_CASE][FAILED] - Test Cases/Signup/TC_signup_03: Test Cases/Signup/TC_signup_03 FAILED.
Reason:
com.kms.katalon.core.exception.StepFailedException: Call Test Case 'Test Cases/Signup/signup_function' failed
	at com.kms.katalon.core.keyword.builtin.CallTestCaseKeyword$_callTestCase_closure1.doCall(CallTestCaseKeyword.groovy:63)
	at com.kms.katalon.core.keyword.builtin.CallTestCaseKeyword$_callTestCase_closure1.call(CallTestCaseKeyword.groovy)
	at com.kms.katalon.core.keyword.internal.KeywordMain.runKeyword(KeywordMain.groovy:68)
	at com.kms.katalon.core.keyword.builtin.CallTestCaseKeyword.callTestCase(CallTestCaseKeyword.groovy:81)
	at com.kms.katalon.core.keyword.builtin.CallTestCaseKeyword.execute(CallTestCaseKeyword.groovy:44)
	at com.kms.katalon.core.keyword.internal.KeywordExecutor.executeKeywordForPlatform(KeywordExecutor.groovy:72)
	at com.kms.katalon.core.keyword.BuiltinKeywords.callTestCase(BuiltinKeywords.groovy:334)
	at TC_signup_03.run(TC_signup_03:25)
	at com.kms.katalon.core.main.ScriptEngine.run(ScriptEngine.java:194)
	at com.kms.katalon.core.main.ScriptEngine.runScriptAsRawText(ScriptEngine.java:119)
	at com.kms.katalon.core.main.TestCaseExecutor.runScript(TestCaseExecutor.java:337)
	at com.kms.katalon.core.main.TestCaseExecutor.doExecute(TestCaseExecutor.java:328)
	at com.kms.katalon.core.main.TestCaseExecutor.processExecutionPhase(TestCaseExecutor.java:307)
	at com.kms.katalon.core.main.TestCaseExecutor.accessMainPhase(TestCaseExecutor.java:299)
	at com.kms.katalon.core.main.TestCaseExecutor.execute(TestCaseExecutor.java:233)
	at com.kms.katalon.core.main.TestSuiteExecutor.accessTestCaseMainPhase(TestSuiteExecutor.java:169)
	at com.kms.katalon.core.main.TestSuiteExecutor.accessTestSuiteMainPhase(TestSuiteExecutor.java:142)
	at com.kms.katalon.core.main.TestSuiteExecutor.execute(TestSuiteExecutor.java:91)
	at com.kms.katalon.core.main.TestCaseMain.startTestSuite(TestCaseMain.java:157)
	at com.kms.katalon.core.main.TestCaseMain$startTestSuite$0.call(Unknown Source)
	at TempTestSuite1591373123859.run(TempTestSuite1591373123859.groovy:37)
Caused by: com.kms.katalon.core.exception.StepFailedException: Unable to verify object 'Object Repository/Page_Mattermost_Signup/input_email' is present
	at com.kms.katalon.core.webui.keyword.internal.WebUIKeywordMain.stepFailed(WebUIKeywordMain.groovy:64)
	at com.kms.katalon.core.webui.keyword.internal.WebUIKeywordMain.runKeyword(WebUIKeywordMain.groovy:26)
	at com.kms.katalon.core.webui.keyword.builtin.VerifyElementPresentKeyword.verifyElementPresent(VerifyElementPresentKeyword.groovy:92)
	at com.kms.katalon.core.webui.keyword.builtin.VerifyElementPresentKeyword.execute(VerifyElementPresentKeyword.groovy:68)
	at com.kms.katalon.core.keyword.internal.KeywordExecutor.executeKeywordForPlatform(KeywordExecutor.groovy:72)
	at com.kms.katalon.core.webui.keyword.WebUiBuiltInKeywords.verifyElementPresent(WebUiBuiltInKeywords.groovy:1460)
	at com.kms.katalon.core.webui.keyword.WebUiBuiltInKeywords$verifyElementPresent$0.call(Unknown Source)
	at signup_function.run(signup_function:19)
	at com.kms.katalon.core.main.ScriptEngine.run(ScriptEngine.java:194)
	at com.kms.katalon.core.main.ScriptEngine.runScriptAsRawText(ScriptEngine.java:119)
	at com.kms.katalon.core.main.TestCaseExecutor.runScript(TestCaseExecutor.java:337)
	at com.kms.katalon.core.main.TestCaseExecutor.doExecute(TestCaseExecutor.java:328)
	at com.kms.katalon.core.main.TestCaseExecutor.processExecutionPhase(TestCaseExecutor.java:307)
	at com.kms.katalon.core.main.TestCaseExecutor.accessMainPhase(TestCaseExecutor.java:299)
	at com.kms.katalon.core.main.TestCaseExecutor.execute(TestCaseExecutor.java:233)
	at com.kms.katalon.core.main.TestCaseMain.runTestCase(TestCaseMain.java:114)
	at com.kms.katalon.core.keyword.builtin.CallTestCaseKeyword$_callTestCase_closure1.doCall(CallTestCaseKeyword.groovy:59)
	... 20 more
Caused by: com.kms.katalon.core.exception.StepFailedException: com.kms.katalon.core.webui.exception.WebElementNotFoundException: Web element with id: 'Object Repository/Page_Mattermost_Signup/input_email' located by 'By.xpath: //input[@id='email']' not found
	at com.kms.katalon.core.webui.keyword.internal.WebUIKeywordMain.stepFailed(WebUIKeywordMain.groovy:64)
	at com.kms.katalon.core.webui.keyword.builtin.VerifyElementPresentKeyword$_verifyElementPresent_closure1.doCall(VerifyElementPresentKeyword.groovy:85)
	at com.kms.katalon.core.webui.keyword.builtin.VerifyElementPresentKeyword$_verifyElementPresent_closure1.call(VerifyElementPresentKeyword.groovy)
	at com.kms.katalon.core.webui.keyword.internal.WebUIKeywordMain.runKeyword(WebUIKeywordMain.groovy:20)
	... 35 more


2020-06-05 23:07:03 - [TEST_STEP][PASSED] - Start setup action : Setup: Method 'Setup' complete successfully

2020-06-05 23:07:03 - [TEST_STEP][PASSED] - openBrowser("http://192.168.1.10:8065/signup_email"): Browser is opened with url: 'http://192.168.1.10:8065/signup_email'

2020-06-05 23:07:03 - [MESSAGE][INFO] - Starting 'Firefox' driver

2020-06-05 23:07:03 - [MESSAGE][INFO] - Action delay is set to 0 milliseconds

2020-06-05 23:07:07 - [MESSAGE][PASSED] - Browser is opened with url: 'http://192.168.1.10:8065/signup_email'

2020-06-05 23:07:07 - [MESSAGE][PASSED] - Method 'Setup' complete successfully

2020-06-05 23:07:07 - [TEST_STEP][FAILED] - callTestCase(findTestCase("Test Cases/Signup/signup_function"), ["var_email":var_email, "var_name":var_name, "var_password":var_password], STOP_ON_FAILURE): Unable to call Test Case 'Test Cases/Signup/signup_function' (Root cause: com.kms.katalon.core.exception.StepFailedException: Call Test Case 'Test Cases/Signup/signup_function' failed
	at com.kms.katalon.core.keyword.builtin.CallTestCaseKeyword$_callTestCase_closure1.doCall(CallTestCaseKeyword.groovy:63)
	at com.kms.katalon.core.keyword.builtin.CallTestCaseKeyword$_callTestCase_closure1.call(CallTestCaseKeyword.groovy)
	at com.kms.katalon.core.keyword.internal.KeywordMain.runKeyword(KeywordMain.groovy:68)
	at com.kms.katalon.core.keyword.builtin.CallTestCaseKeyword.callTestCase(CallTestCaseKeyword.groovy:81)
	at com.kms.katalon.core.keyword.builtin.CallTestCaseKeyword.execute(CallTestCaseKeyword.groovy:44)
	at com.kms.katalon.core.keyword.internal.KeywordExecutor.executeKeywordForPlatform(KeywordExecutor.groovy:72)
	at com.kms.katalon.core.keyword.BuiltinKeywords.callTestCase(BuiltinKeywords.groovy:334)
	at TC_signup_03.run(TC_signup_03:25)
	at com.kms.katalon.core.main.ScriptEngine.run(ScriptEngine.java:194)
	at com.kms.katalon.core.main.ScriptEngine.runScriptAsRawText(ScriptEngine.java:119)
	at com.kms.katalon.core.main.TestCaseExecutor.runScript(TestCaseExecutor.java:337)
	at com.kms.katalon.core.main.TestCaseExecutor.doExecute(TestCaseExecutor.java:328)
	at com.kms.katalon.core.main.TestCaseExecutor.processExecutionPhase(TestCaseExecutor.java:307)
	at com.kms.katalon.core.main.TestCaseExecutor.accessMainPhase(TestCaseExecutor.java:299)
	at com.kms.katalon.core.main.TestCaseExecutor.execute(TestCaseExecutor.java:233)
	at com.kms.katalon.core.main.TestSuiteExecutor.accessTestCaseMainPhase(TestSuiteExecutor.java:169)
	at com.kms.katalon.core.main.TestSuiteExecutor.accessTestSuiteMainPhase(TestSuiteExecutor.java:142)
	at com.kms.katalon.core.main.TestSuiteExecutor.execute(TestSuiteExecutor.java:91)
	at com.kms.katalon.core.main.TestCaseMain.startTestSuite(TestCaseMain.java:157)
	at com.kms.katalon.core.main.TestCaseMain$startTestSuite$0.call(Unknown Source)
	at TempTestSuite1591373123859.run(TempTestSuite1591373123859.groovy:37)
Caused by: com.kms.katalon.core.exception.StepFailedException: Unable to verify object 'Object Repository/Page_Mattermost_Signup/input_email' is present
	at com.kms.katalon.core.webui.keyword.internal.WebUIKeywordMain.stepFailed(WebUIKeywordMain.groovy:64)
	at com.kms.katalon.core.webui.keyword.internal.WebUIKeywordMain.runKeyword(WebUIKeywordMain.groovy:26)
	at com.kms.katalon.core.webui.keyword.builtin.VerifyElementPresentKeyword.verifyElementPresent(VerifyElementPresentKeyword.groovy:92)
	at com.kms.katalon.core.webui.keyword.builtin.VerifyElementPresentKeyword.execute(VerifyElementPresentKeyword.groovy:68)
	at com.kms.katalon.core.keyword.internal.KeywordExecutor.executeKeywordForPlatform(KeywordExecutor.groovy:72)
	at com.kms.katalon.core.webui.keyword.WebUiBuiltInKeywords.verifyElementPresent(WebUiBuiltInKeywords.groovy:1460)
	at com.kms.katalon.core.webui.keyword.WebUiBuiltInKeywords$verifyElementPresent$0.call(Unknown Source)
	at signup_function.run(signup_function:19)
	at com.kms.katalon.core.main.ScriptEngine.run(ScriptEngine.java:194)
	at com.kms.katalon.core.main.ScriptEngine.runScriptAsRawText(ScriptEngine.java:119)
	at com.kms.katalon.core.main.TestCaseExecutor.runScript(TestCaseExecutor.java:337)
	at com.kms.katalon.core.main.TestCaseExecutor.doExecute(TestCaseExecutor.java:328)
	at com.kms.katalon.core.main.TestCaseExecutor.processExecutionPhase(TestCaseExecutor.java:307)
	at com.kms.katalon.core.main.TestCaseExecutor.accessMainPhase(TestCaseExecutor.java:299)
	at com.kms.katalon.core.main.TestCaseExecutor.execute(TestCaseExecutor.java:233)
	at com.kms.katalon.core.main.TestCaseMain.runTestCase(TestCaseMain.java:114)
	at com.kms.katalon.core.keyword.builtin.CallTestCaseKeyword$_callTestCase_closure1.doCall(CallTestCaseKeyword.groovy:59)
	... 20 more
Caused by: com.kms.katalon.core.exception.StepFailedException: com.kms.katalon.core.webui.exception.WebElementNotFoundException: Web element with id: 'Object Repository/Page_Mattermost_Signup/input_email' located by 'By.xpath: //input[@id='email']' not found
	at com.kms.katalon.core.webui.keyword.internal.WebUIKeywordMain.stepFailed(WebUIKeywordMain.groovy:64)
	at com.kms.katalon.core.webui.keyword.builtin.VerifyElementPresentKeyword$_verifyElementPresent_closure1.doCall(VerifyElementPresentKeyword.groovy:85)
	at com.kms.katalon.core.webui.keyword.builtin.VerifyElementPresentKeyword$_verifyElementPresent_closure1.call(VerifyElementPresentKeyword.groovy)
	at com.kms.katalon.core.webui.keyword.internal.WebUIKeywordMain.runKeyword(WebUIKeywordMain.groovy:20)
	... 35 more
)

2020-06-05 23:07:07 - [TEST_CASE][FAILED] - Test Cases/Signup/signup_function: Test Cases/Signup/signup_function FAILED.
Reason:
com.kms.katalon.core.exception.StepFailedException: Unable to verify object 'Object Repository/Page_Mattermost_Signup/input_email' is present
	at com.kms.katalon.core.webui.keyword.internal.WebUIKeywordMain.stepFailed(WebUIKeywordMain.groovy:64)
	at com.kms.katalon.core.webui.keyword.internal.WebUIKeywordMain.runKeyword(WebUIKeywordMain.groovy:26)
	at com.kms.katalon.core.webui.keyword.builtin.VerifyElementPresentKeyword.verifyElementPresent(VerifyElementPresentKeyword.groovy:92)
	at com.kms.katalon.core.webui.keyword.builtin.VerifyElementPresentKeyword.execute(VerifyElementPresentKeyword.groovy:68)
	at com.kms.katalon.core.keyword.internal.KeywordExecutor.executeKeywordForPlatform(KeywordExecutor.groovy:72)
	at com.kms.katalon.core.webui.keyword.WebUiBuiltInKeywords.verifyElementPresent(WebUiBuiltInKeywords.groovy:1460)
	at com.kms.katalon.core.webui.keyword.WebUiBuiltInKeywords$verifyElementPresent$0.call(Unknown Source)
	at signup_function.run(signup_function:19)
	at com.kms.katalon.core.main.ScriptEngine.run(ScriptEngine.java:194)
	at com.kms.katalon.core.main.ScriptEngine.runScriptAsRawText(ScriptEngine.java:119)
	at com.kms.katalon.core.main.TestCaseExecutor.runScript(TestCaseExecutor.java:337)
	at com.kms.katalon.core.main.TestCaseExecutor.doExecute(TestCaseExecutor.java:328)
	at com.kms.katalon.core.main.TestCaseExecutor.processExecutionPhase(TestCaseExecutor.java:307)
	at com.kms.katalon.core.main.TestCaseExecutor.accessMainPhase(TestCaseExecutor.java:299)
	at com.kms.katalon.core.main.TestCaseExecutor.execute(TestCaseExecutor.java:233)
	at com.kms.katalon.core.main.TestCaseMain.runTestCase(TestCaseMain.java:114)
	at com.kms.katalon.core.keyword.builtin.CallTestCaseKeyword$_callTestCase_closure1.doCall(CallTestCaseKeyword.groovy:59)
	at com.kms.katalon.core.keyword.builtin.CallTestCaseKeyword$_callTestCase_closure1.call(CallTestCaseKeyword.groovy)
	at com.kms.katalon.core.keyword.internal.KeywordMain.runKeyword(KeywordMain.groovy:68)
	at com.kms.katalon.core.keyword.builtin.CallTestCaseKeyword.callTestCase(CallTestCaseKeyword.groovy:81)
	at com.kms.katalon.core.keyword.builtin.CallTestCaseKeyword.execute(CallTestCaseKeyword.groovy:44)
	at com.kms.katalon.core.keyword.internal.KeywordExecutor.executeKeywordForPlatform(KeywordExecutor.groovy:72)
	at com.kms.katalon.core.keyword.BuiltinKeywords.callTestCase(BuiltinKeywords.groovy:334)
	at TC_signup_03.run(TC_signup_03:25)
	at com.kms.katalon.core.main.ScriptEngine.run(ScriptEngine.java:194)
	at com.kms.katalon.core.main.ScriptEngine.runScriptAsRawText(ScriptEngine.java:119)
	at com.kms.katalon.core.main.TestCaseExecutor.runScript(TestCaseExecutor.java:337)
	at com.kms.katalon.core.main.TestCaseExecutor.doExecute(TestCaseExecutor.java:328)
	at com.kms.katalon.core.main.TestCaseExecutor.processExecutionPhase(TestCaseExecutor.java:307)
	at com.kms.katalon.core.main.TestCaseExecutor.accessMainPhase(TestCaseExecutor.java:299)
	at com.kms.katalon.core.main.TestCaseExecutor.execute(TestCaseExecutor.java:233)
	at com.kms.katalon.core.main.TestSuiteExecutor.accessTestCaseMainPhase(TestSuiteExecutor.java:169)
	at com.kms.katalon.core.main.TestSuiteExecutor.accessTestSuiteMainPhase(TestSuiteExecutor.java:142)
	at com.kms.katalon.core.main.TestSuiteExecutor.execute(TestSuiteExecutor.java:91)
	at com.kms.katalon.core.main.TestCaseMain.startTestSuite(TestCaseMain.java:157)
	at com.kms.katalon.core.main.TestCaseMain$startTestSuite$0.call(Unknown Source)
	at TempTestSuite1591373123859.run(TempTestSuite1591373123859.groovy:37)
Caused by: com.kms.katalon.core.exception.StepFailedException: com.kms.katalon.core.webui.exception.WebElementNotFoundException: Web element with id: 'Object Repository/Page_Mattermost_Signup/input_email' located by 'By.xpath: //input[@id='email']' not found
	at com.kms.katalon.core.webui.keyword.internal.WebUIKeywordMain.stepFailed(WebUIKeywordMain.groovy:64)
	at com.kms.katalon.core.webui.keyword.builtin.VerifyElementPresentKeyword$_verifyElementPresent_closure1.doCall(VerifyElementPresentKeyword.groovy:85)
	at com.kms.katalon.core.webui.keyword.builtin.VerifyElementPresentKeyword$_verifyElementPresent_closure1.call(VerifyElementPresentKeyword.groovy)
	at com.kms.katalon.core.webui.keyword.internal.WebUIKeywordMain.runKeyword(WebUIKeywordMain.groovy:20)
	... 35 more


2020-06-05 23:07:07 - [TEST_STEP][FAILED] - verifyEqual(verifyElementPresent(findTestObject("Object Repository/Page_Mattermost_Signup/input_email"), 1), true): Unable to verify object 'Object Repository/Page_Mattermost_Signup/input_email' is present (Root cause: com.kms.katalon.core.exception.StepFailedException: Unable to verify object 'Object Repository/Page_Mattermost_Signup/input_email' is present
	at com.kms.katalon.core.webui.keyword.internal.WebUIKeywordMain.stepFailed(WebUIKeywordMain.groovy:64)
	at com.kms.katalon.core.webui.keyword.internal.WebUIKeywordMain.runKeyword(WebUIKeywordMain.groovy:26)
	at com.kms.katalon.core.webui.keyword.builtin.VerifyElementPresentKeyword.verifyElementPresent(VerifyElementPresentKeyword.groovy:92)
	at com.kms.katalon.core.webui.keyword.builtin.VerifyElementPresentKeyword.execute(VerifyElementPresentKeyword.groovy:68)
	at com.kms.katalon.core.keyword.internal.KeywordExecutor.executeKeywordForPlatform(KeywordExecutor.groovy:72)
	at com.kms.katalon.core.webui.keyword.WebUiBuiltInKeywords.verifyElementPresent(WebUiBuiltInKeywords.groovy:1460)
	at com.kms.katalon.core.webui.keyword.WebUiBuiltInKeywords$verifyElementPresent$0.call(Unknown Source)
	at signup_function.run(signup_function:19)
	at com.kms.katalon.core.main.ScriptEngine.run(ScriptEngine.java:194)
	at com.kms.katalon.core.main.ScriptEngine.runScriptAsRawText(ScriptEngine.java:119)
	at com.kms.katalon.core.main.TestCaseExecutor.runScript(TestCaseExecutor.java:337)
	at com.kms.katalon.core.main.TestCaseExecutor.doExecute(TestCaseExecutor.java:328)
	at com.kms.katalon.core.main.TestCaseExecutor.processExecutionPhase(TestCaseExecutor.java:307)
	at com.kms.katalon.core.main.TestCaseExecutor.accessMainPhase(TestCaseExecutor.java:299)
	at com.kms.katalon.core.main.TestCaseExecutor.execute(TestCaseExecutor.java:233)
	at com.kms.katalon.core.main.TestCaseMain.runTestCase(TestCaseMain.java:114)
	at com.kms.katalon.core.keyword.builtin.CallTestCaseKeyword$_callTestCase_closure1.doCall(CallTestCaseKeyword.groovy:59)
	at com.kms.katalon.core.keyword.builtin.CallTestCaseKeyword$_callTestCase_closure1.call(CallTestCaseKeyword.groovy)
	at com.kms.katalon.core.keyword.internal.KeywordMain.runKeyword(KeywordMain.groovy:68)
	at com.kms.katalon.core.keyword.builtin.CallTestCaseKeyword.callTestCase(CallTestCaseKeyword.groovy:81)
	at com.kms.katalon.core.keyword.builtin.CallTestCaseKeyword.execute(CallTestCaseKeyword.groovy:44)
	at com.kms.katalon.core.keyword.internal.KeywordExecutor.executeKeywordForPlatform(KeywordExecutor.groovy:72)
	at com.kms.katalon.core.keyword.BuiltinKeywords.callTestCase(BuiltinKeywords.groovy:334)
	at TC_signup_03.run(TC_signup_03:25)
	at com.kms.katalon.core.main.ScriptEngine.run(ScriptEngine.java:194)
	at com.kms.katalon.core.main.ScriptEngine.runScriptAsRawText(ScriptEngine.java:119)
	at com.kms.katalon.core.main.TestCaseExecutor.runScript(TestCaseExecutor.java:337)
	at com.kms.katalon.core.main.TestCaseExecutor.doExecute(TestCaseExecutor.java:328)
	at com.kms.katalon.core.main.TestCaseExecutor.processExecutionPhase(TestCaseExecutor.java:307)
	at com.kms.katalon.core.main.TestCaseExecutor.accessMainPhase(TestCaseExecutor.java:299)
	at com.kms.katalon.core.main.TestCaseExecutor.execute(TestCaseExecutor.java:233)
	at com.kms.katalon.core.main.TestSuiteExecutor.accessTestCaseMainPhase(TestSuiteExecutor.java:169)
	at com.kms.katalon.core.main.TestSuiteExecutor.accessTestSuiteMainPhase(TestSuiteExecutor.java:142)
	at com.kms.katalon.core.main.TestSuiteExecutor.execute(TestSuiteExecutor.java:91)
	at com.kms.katalon.core.main.TestCaseMain.startTestSuite(TestCaseMain.java:157)
	at com.kms.katalon.core.main.TestCaseMain$startTestSuite$0.call(Unknown Source)
	at TempTestSuite1591373123859.run(TempTestSuite1591373123859.groovy:37)
Caused by: com.kms.katalon.core.exception.StepFailedException: com.kms.katalon.core.webui.exception.WebElementNotFoundException: Web element with id: 'Object Repository/Page_Mattermost_Signup/input_email' located by 'By.xpath: //input[@id='email']' not found
	at com.kms.katalon.core.webui.keyword.internal.WebUIKeywordMain.stepFailed(WebUIKeywordMain.groovy:64)
	at com.kms.katalon.core.webui.keyword.builtin.VerifyElementPresentKeyword$_verifyElementPresent_closure1.doCall(VerifyElementPresentKeyword.groovy:85)
	at com.kms.katalon.core.webui.keyword.builtin.VerifyElementPresentKeyword$_verifyElementPresent_closure1.call(VerifyElementPresentKeyword.groovy)
	at com.kms.katalon.core.webui.keyword.internal.WebUIKeywordMain.runKeyword(WebUIKeywordMain.groovy:20)
	... 35 more
)

2020-06-05 23:07:09 - [MESSAGE][INFO] - Unable to find the element located by 'By.xpath: //input[@id='email']'. Please recheck the objects properties to make sure the desired element is located. 

2020-06-05 23:07:09 - [MESSAGE][FAILED] - com.kms.katalon.core.webui.exception.WebElementNotFoundException: Web element with id: 'Object Repository/Page_Mattermost_Signup/input_email' located by 'By.xpath: //input[@id='email']' not found (Root cause: com.kms.katalon.core.exception.StepFailedException: com.kms.katalon.core.webui.exception.WebElementNotFoundException: Web element with id: 'Object Repository/Page_Mattermost_Signup/input_email' located by 'By.xpath: //input[@id='email']' not found
	at com.kms.katalon.core.webui.keyword.internal.WebUIKeywordMain.stepFailed(WebUIKeywordMain.groovy:64)
	at com.kms.katalon.core.webui.keyword.builtin.VerifyElementPresentKeyword$_verifyElementPresent_closure1.doCall(VerifyElementPresentKeyword.groovy:85)
	at com.kms.katalon.core.webui.keyword.builtin.VerifyElementPresentKeyword$_verifyElementPresent_closure1.call(VerifyElementPresentKeyword.groovy)
	at com.kms.katalon.core.webui.keyword.internal.WebUIKeywordMain.runKeyword(WebUIKeywordMain.groovy:20)
	at com.kms.katalon.core.webui.keyword.builtin.VerifyElementPresentKeyword.verifyElementPresent(VerifyElementPresentKeyword.groovy:92)
	at com.kms.katalon.core.webui.keyword.builtin.VerifyElementPresentKeyword.execute(VerifyElementPresentKeyword.groovy:68)
	at com.kms.katalon.core.keyword.internal.KeywordExecutor.executeKeywordForPlatform(KeywordExecutor.groovy:72)
	at com.kms.katalon.core.webui.keyword.WebUiBuiltInKeywords.verifyElementPresent(WebUiBuiltInKeywords.groovy:1460)
	at com.kms.katalon.core.webui.keyword.WebUiBuiltInKeywords$verifyElementPresent$0.call(Unknown Source)
	at signup_function.run(signup_function:19)
	at com.kms.katalon.core.main.ScriptEngine.run(ScriptEngine.java:194)
	at com.kms.katalon.core.main.ScriptEngine.runScriptAsRawText(ScriptEngine.java:119)
	at com.kms.katalon.core.main.TestCaseExecutor.runScript(TestCaseExecutor.java:337)
	at com.kms.katalon.core.main.TestCaseExecutor.doExecute(TestCaseExecutor.java:328)
	at com.kms.katalon.core.main.TestCaseExecutor.processExecutionPhase(TestCaseExecutor.java:307)
	at com.kms.katalon.core.main.TestCaseExecutor.accessMainPhase(TestCaseExecutor.java:299)
	at com.kms.katalon.core.main.TestCaseExecutor.execute(TestCaseExecutor.java:233)
	at com.kms.katalon.core.main.TestCaseMain.runTestCase(TestCaseMain.java:114)
	at com.kms.katalon.core.keyword.builtin.CallTestCaseKeyword$_callTestCase_closure1.doCall(CallTestCaseKeyword.groovy:59)
	at com.kms.katalon.core.keyword.builtin.CallTestCaseKeyword$_callTestCase_closure1.call(CallTestCaseKeyword.groovy)
	at com.kms.katalon.core.keyword.internal.KeywordMain.runKeyword(KeywordMain.groovy:68)
	at com.kms.katalon.core.keyword.builtin.CallTestCaseKeyword.callTestCase(CallTestCaseKeyword.groovy:81)
	at com.kms.katalon.core.keyword.builtin.CallTestCaseKeyword.execute(CallTestCaseKeyword.groovy:44)
	at com.kms.katalon.core.keyword.internal.KeywordExecutor.executeKeywordForPlatform(KeywordExecutor.groovy:72)
	at com.kms.katalon.core.keyword.BuiltinKeywords.callTestCase(BuiltinKeywords.groovy:334)
	at TC_signup_03.run(TC_signup_03:25)
	at com.kms.katalon.core.main.ScriptEngine.run(ScriptEngine.java:194)
	at com.kms.katalon.core.main.ScriptEngine.runScriptAsRawText(ScriptEngine.java:119)
	at com.kms.katalon.core.main.TestCaseExecutor.runScript(TestCaseExecutor.java:337)
	at com.kms.katalon.core.main.TestCaseExecutor.doExecute(TestCaseExecutor.java:328)
	at com.kms.katalon.core.main.TestCaseExecutor.processExecutionPhase(TestCaseExecutor.java:307)
	at com.kms.katalon.core.main.TestCaseExecutor.accessMainPhase(TestCaseExecutor.java:299)
	at com.kms.katalon.core.main.TestCaseExecutor.execute(TestCaseExecutor.java:233)
	at com.kms.katalon.core.main.TestSuiteExecutor.accessTestCaseMainPhase(TestSuiteExecutor.java:169)
	at com.kms.katalon.core.main.TestSuiteExecutor.accessTestSuiteMainPhase(TestSuiteExecutor.java:142)
	at com.kms.katalon.core.main.TestSuiteExecutor.execute(TestSuiteExecutor.java:91)
	at com.kms.katalon.core.main.TestCaseMain.startTestSuite(TestCaseMain.java:157)
	at com.kms.katalon.core.main.TestCaseMain$startTestSuite$0.call(Unknown Source)
	at TempTestSuite1591373123859.run(TempTestSuite1591373123859.groovy:37)
)
[[ATTACHMENT|D:\\katalon\\hw2-katalon-testing\\Reports\\20200605_230523\\Run_All_Test_Cases\\20200605_230523\\1591373229775.png]]

2020-06-05 23:07:09 - [MESSAGE][FAILED] - Unable to verify object 'Object Repository/Page_Mattermost_Signup/input_email' is present (Root cause: com.kms.katalon.core.exception.StepFailedException: Unable to verify object 'Object Repository/Page_Mattermost_Signup/input_email' is present
	at com.kms.katalon.core.webui.keyword.internal.WebUIKeywordMain.stepFailed(WebUIKeywordMain.groovy:64)
	at com.kms.katalon.core.webui.keyword.internal.WebUIKeywordMain.runKeyword(WebUIKeywordMain.groovy:26)
	at com.kms.katalon.core.webui.keyword.builtin.VerifyElementPresentKeyword.verifyElementPresent(VerifyElementPresentKeyword.groovy:92)
	at com.kms.katalon.core.webui.keyword.builtin.VerifyElementPresentKeyword.execute(VerifyElementPresentKeyword.groovy:68)
	at com.kms.katalon.core.keyword.internal.KeywordExecutor.executeKeywordForPlatform(KeywordExecutor.groovy:72)
	at com.kms.katalon.core.webui.keyword.WebUiBuiltInKeywords.verifyElementPresent(WebUiBuiltInKeywords.groovy:1460)
	at com.kms.katalon.core.webui.keyword.WebUiBuiltInKeywords$verifyElementPresent$0.call(Unknown Source)
	at signup_function.run(signup_function:19)
	at com.kms.katalon.core.main.ScriptEngine.run(ScriptEngine.java:194)
	at com.kms.katalon.core.main.ScriptEngine.runScriptAsRawText(ScriptEngine.java:119)
	at com.kms.katalon.core.main.TestCaseExecutor.runScript(TestCaseExecutor.java:337)
	at com.kms.katalon.core.main.TestCaseExecutor.doExecute(TestCaseExecutor.java:328)
	at com.kms.katalon.core.main.TestCaseExecutor.processExecutionPhase(TestCaseExecutor.java:307)
	at com.kms.katalon.core.main.TestCaseExecutor.accessMainPhase(TestCaseExecutor.java:299)
	at com.kms.katalon.core.main.TestCaseExecutor.execute(TestCaseExecutor.java:233)
	at com.kms.katalon.core.main.TestCaseMain.runTestCase(TestCaseMain.java:114)
	at com.kms.katalon.core.keyword.builtin.CallTestCaseKeyword$_callTestCase_closure1.doCall(CallTestCaseKeyword.groovy:59)
	at com.kms.katalon.core.keyword.builtin.CallTestCaseKeyword$_callTestCase_closure1.call(CallTestCaseKeyword.groovy)
	at com.kms.katalon.core.keyword.internal.KeywordMain.runKeyword(KeywordMain.groovy:68)
	at com.kms.katalon.core.keyword.builtin.CallTestCaseKeyword.callTestCase(CallTestCaseKeyword.groovy:81)
	at com.kms.katalon.core.keyword.builtin.CallTestCaseKeyword.execute(CallTestCaseKeyword.groovy:44)
	at com.kms.katalon.core.keyword.internal.KeywordExecutor.executeKeywordForPlatform(KeywordExecutor.groovy:72)
	at com.kms.katalon.core.keyword.BuiltinKeywords.callTestCase(BuiltinKeywords.groovy:334)
	at TC_signup_03.run(TC_signup_03:25)
	at com.kms.katalon.core.main.ScriptEngine.run(ScriptEngine.java:194)
	at com.kms.katalon.core.main.ScriptEngine.runScriptAsRawText(ScriptEngine.java:119)
	at com.kms.katalon.core.main.TestCaseExecutor.runScript(TestCaseExecutor.java:337)
	at com.kms.katalon.core.main.TestCaseExecutor.doExecute(TestCaseExecutor.java:328)
	at com.kms.katalon.core.main.TestCaseExecutor.processExecutionPhase(TestCaseExecutor.java:307)
	at com.kms.katalon.core.main.TestCaseExecutor.accessMainPhase(TestCaseExecutor.java:299)
	at com.kms.katalon.core.main.TestCaseExecutor.execute(TestCaseExecutor.java:233)
	at com.kms.katalon.core.main.TestSuiteExecutor.accessTestCaseMainPhase(TestSuiteExecutor.java:169)
	at com.kms.katalon.core.main.TestSuiteExecutor.accessTestSuiteMainPhase(TestSuiteExecutor.java:142)
	at com.kms.katalon.core.main.TestSuiteExecutor.execute(TestSuiteExecutor.java:91)
	at com.kms.katalon.core.main.TestCaseMain.startTestSuite(TestCaseMain.java:157)
	at com.kms.katalon.core.main.TestCaseMain$startTestSuite$0.call(Unknown Source)
	at TempTestSuite1591373123859.run(TempTestSuite1591373123859.groovy:37)
Caused by: com.kms.katalon.core.exception.StepFailedException: com.kms.katalon.core.webui.exception.WebElementNotFoundException: Web element with id: 'Object Repository/Page_Mattermost_Signup/input_email' located by 'By.xpath: //input[@id='email']' not found
	at com.kms.katalon.core.webui.keyword.internal.WebUIKeywordMain.stepFailed(WebUIKeywordMain.groovy:64)
	at com.kms.katalon.core.webui.keyword.builtin.VerifyElementPresentKeyword$_verifyElementPresent_closure1.doCall(VerifyElementPresentKeyword.groovy:85)
	at com.kms.katalon.core.webui.keyword.builtin.VerifyElementPresentKeyword$_verifyElementPresent_closure1.call(VerifyElementPresentKeyword.groovy)
	at com.kms.katalon.core.webui.keyword.internal.WebUIKeywordMain.runKeyword(WebUIKeywordMain.groovy:20)
	... 35 more
)
[[ATTACHMENT|D:\\katalon\\hw2-katalon-testing\\Reports\\20200605_230523\\Run_All_Test_Cases\\20200605_230523\\1591373229880.png]]

2020-06-05 23:07:09 - [MESSAGE][FAILED] - Unable to call Test Case 'Test Cases/Signup/signup_function' (Root cause: com.kms.katalon.core.exception.StepFailedException: Call Test Case 'Test Cases/Signup/signup_function' failed
	at com.kms.katalon.core.keyword.builtin.CallTestCaseKeyword$_callTestCase_closure1.doCall(CallTestCaseKeyword.groovy:63)
	at com.kms.katalon.core.keyword.builtin.CallTestCaseKeyword$_callTestCase_closure1.call(CallTestCaseKeyword.groovy)
	at com.kms.katalon.core.keyword.internal.KeywordMain.runKeyword(KeywordMain.groovy:68)
	at com.kms.katalon.core.keyword.builtin.CallTestCaseKeyword.callTestCase(CallTestCaseKeyword.groovy:81)
	at com.kms.katalon.core.keyword.builtin.CallTestCaseKeyword.execute(CallTestCaseKeyword.groovy:44)
	at com.kms.katalon.core.keyword.internal.KeywordExecutor.executeKeywordForPlatform(KeywordExecutor.groovy:72)
	at com.kms.katalon.core.keyword.BuiltinKeywords.callTestCase(BuiltinKeywords.groovy:334)
	at TC_signup_03.run(TC_signup_03:25)
	at com.kms.katalon.core.main.ScriptEngine.run(ScriptEngine.java:194)
	at com.kms.katalon.core.main.ScriptEngine.runScriptAsRawText(ScriptEngine.java:119)
	at com.kms.katalon.core.main.TestCaseExecutor.runScript(TestCaseExecutor.java:337)
	at com.kms.katalon.core.main.TestCaseExecutor.doExecute(TestCaseExecutor.java:328)
	at com.kms.katalon.core.main.TestCaseExecutor.processExecutionPhase(TestCaseExecutor.java:307)
	at com.kms.katalon.core.main.TestCaseExecutor.accessMainPhase(TestCaseExecutor.java:299)
	at com.kms.katalon.core.main.TestCaseExecutor.execute(TestCaseExecutor.java:233)
	at com.kms.katalon.core.main.TestSuiteExecutor.accessTestCaseMainPhase(TestSuiteExecutor.java:169)
	at com.kms.katalon.core.main.TestSuiteExecutor.accessTestSuiteMainPhase(TestSuiteExecutor.java:142)
	at com.kms.katalon.core.main.TestSuiteExecutor.execute(TestSuiteExecutor.java:91)
	at com.kms.katalon.core.main.TestCaseMain.startTestSuite(TestCaseMain.java:157)
	at com.kms.katalon.core.main.TestCaseMain$startTestSuite$0.call(Unknown Source)
	at TempTestSuite1591373123859.run(TempTestSuite1591373123859.groovy:37)
Caused by: com.kms.katalon.core.exception.StepFailedException: Unable to verify object 'Object Repository/Page_Mattermost_Signup/input_email' is present
	at com.kms.katalon.core.webui.keyword.internal.WebUIKeywordMain.stepFailed(WebUIKeywordMain.groovy:64)
	at com.kms.katalon.core.webui.keyword.internal.WebUIKeywordMain.runKeyword(WebUIKeywordMain.groovy:26)
	at com.kms.katalon.core.webui.keyword.builtin.VerifyElementPresentKeyword.verifyElementPresent(VerifyElementPresentKeyword.groovy:92)
	at com.kms.katalon.core.webui.keyword.builtin.VerifyElementPresentKeyword.execute(VerifyElementPresentKeyword.groovy:68)
	at com.kms.katalon.core.keyword.internal.KeywordExecutor.executeKeywordForPlatform(KeywordExecutor.groovy:72)
	at com.kms.katalon.core.webui.keyword.WebUiBuiltInKeywords.verifyElementPresent(WebUiBuiltInKeywords.groovy:1460)
	at com.kms.katalon.core.webui.keyword.WebUiBuiltInKeywords$verifyElementPresent$0.call(Unknown Source)
	at signup_function.run(signup_function:19)
	at com.kms.katalon.core.main.ScriptEngine.run(ScriptEngine.java:194)
	at com.kms.katalon.core.main.ScriptEngine.runScriptAsRawText(ScriptEngine.java:119)
	at com.kms.katalon.core.main.TestCaseExecutor.runScript(TestCaseExecutor.java:337)
	at com.kms.katalon.core.main.TestCaseExecutor.doExecute(TestCaseExecutor.java:328)
	at com.kms.katalon.core.main.TestCaseExecutor.processExecutionPhase(TestCaseExecutor.java:307)
	at com.kms.katalon.core.main.TestCaseExecutor.accessMainPhase(TestCaseExecutor.java:299)
	at com.kms.katalon.core.main.TestCaseExecutor.execute(TestCaseExecutor.java:233)
	at com.kms.katalon.core.main.TestCaseMain.runTestCase(TestCaseMain.java:114)
	at com.kms.katalon.core.keyword.builtin.CallTestCaseKeyword$_callTestCase_closure1.doCall(CallTestCaseKeyword.groovy:59)
	... 20 more
Caused by: com.kms.katalon.core.exception.StepFailedException: com.kms.katalon.core.webui.exception.WebElementNotFoundException: Web element with id: 'Object Repository/Page_Mattermost_Signup/input_email' located by 'By.xpath: //input[@id='email']' not found
	at com.kms.katalon.core.webui.keyword.internal.WebUIKeywordMain.stepFailed(WebUIKeywordMain.groovy:64)
	at com.kms.katalon.core.webui.keyword.builtin.VerifyElementPresentKeyword$_verifyElementPresent_closure1.doCall(VerifyElementPresentKeyword.groovy:85)
	at com.kms.katalon.core.webui.keyword.builtin.VerifyElementPresentKeyword$_verifyElementPresent_closure1.call(VerifyElementPresentKeyword.groovy)
	at com.kms.katalon.core.webui.keyword.internal.WebUIKeywordMain.runKeyword(WebUIKeywordMain.groovy:20)
	... 35 more
)

2020-06-05 23:07:09 - [TEST_STEP][PASSED] - Start tear down : Teardown: Method 'Teardown' complete successfully

2020-06-05 23:07:09 - [TEST_STEP][PASSED] - closeBrowser(): Browser is closed

2020-06-05 23:07:10 - [MESSAGE][PASSED] - Browser is closed

2020-06-05 23:07:10 - [MESSAGE][PASSED] - Method 'Teardown' complete successfully]]></system-out>
         <system-err><![CDATA[2020-06-05 23:07:03 - [TEST_CASE][FAILED] - Test Cases/Signup/TC_signup_03: Test Cases/Signup/TC_signup_03 FAILED.
Reason:
com.kms.katalon.core.exception.StepFailedException: Call Test Case 'Test Cases/Signup/signup_function' failed
	at com.kms.katalon.core.keyword.builtin.CallTestCaseKeyword$_callTestCase_closure1.doCall(CallTestCaseKeyword.groovy:63)
	at com.kms.katalon.core.keyword.builtin.CallTestCaseKeyword$_callTestCase_closure1.call(CallTestCaseKeyword.groovy)
	at com.kms.katalon.core.keyword.internal.KeywordMain.runKeyword(KeywordMain.groovy:68)
	at com.kms.katalon.core.keyword.builtin.CallTestCaseKeyword.callTestCase(CallTestCaseKeyword.groovy:81)
	at com.kms.katalon.core.keyword.builtin.CallTestCaseKeyword.execute(CallTestCaseKeyword.groovy:44)
	at com.kms.katalon.core.keyword.internal.KeywordExecutor.executeKeywordForPlatform(KeywordExecutor.groovy:72)
	at com.kms.katalon.core.keyword.BuiltinKeywords.callTestCase(BuiltinKeywords.groovy:334)
	at TC_signup_03.run(TC_signup_03:25)
	at com.kms.katalon.core.main.ScriptEngine.run(ScriptEngine.java:194)
	at com.kms.katalon.core.main.ScriptEngine.runScriptAsRawText(ScriptEngine.java:119)
	at com.kms.katalon.core.main.TestCaseExecutor.runScript(TestCaseExecutor.java:337)
	at com.kms.katalon.core.main.TestCaseExecutor.doExecute(TestCaseExecutor.java:328)
	at com.kms.katalon.core.main.TestCaseExecutor.processExecutionPhase(TestCaseExecutor.java:307)
	at com.kms.katalon.core.main.TestCaseExecutor.accessMainPhase(TestCaseExecutor.java:299)
	at com.kms.katalon.core.main.TestCaseExecutor.execute(TestCaseExecutor.java:233)
	at com.kms.katalon.core.main.TestSuiteExecutor.accessTestCaseMainPhase(TestSuiteExecutor.java:169)
	at com.kms.katalon.core.main.TestSuiteExecutor.accessTestSuiteMainPhase(TestSuiteExecutor.java:142)
	at com.kms.katalon.core.main.TestSuiteExecutor.execute(TestSuiteExecutor.java:91)
	at com.kms.katalon.core.main.TestCaseMain.startTestSuite(TestCaseMain.java:157)
	at com.kms.katalon.core.main.TestCaseMain$startTestSuite$0.call(Unknown Source)
	at TempTestSuite1591373123859.run(TempTestSuite1591373123859.groovy:37)
Caused by: com.kms.katalon.core.exception.StepFailedException: Unable to verify object 'Object Repository/Page_Mattermost_Signup/input_email' is present
	at com.kms.katalon.core.webui.keyword.internal.WebUIKeywordMain.stepFailed(WebUIKeywordMain.groovy:64)
	at com.kms.katalon.core.webui.keyword.internal.WebUIKeywordMain.runKeyword(WebUIKeywordMain.groovy:26)
	at com.kms.katalon.core.webui.keyword.builtin.VerifyElementPresentKeyword.verifyElementPresent(VerifyElementPresentKeyword.groovy:92)
	at com.kms.katalon.core.webui.keyword.builtin.VerifyElementPresentKeyword.execute(VerifyElementPresentKeyword.groovy:68)
	at com.kms.katalon.core.keyword.internal.KeywordExecutor.executeKeywordForPlatform(KeywordExecutor.groovy:72)
	at com.kms.katalon.core.webui.keyword.WebUiBuiltInKeywords.verifyElementPresent(WebUiBuiltInKeywords.groovy:1460)
	at com.kms.katalon.core.webui.keyword.WebUiBuiltInKeywords$verifyElementPresent$0.call(Unknown Source)
	at signup_function.run(signup_function:19)
	at com.kms.katalon.core.main.ScriptEngine.run(ScriptEngine.java:194)
	at com.kms.katalon.core.main.ScriptEngine.runScriptAsRawText(ScriptEngine.java:119)
	at com.kms.katalon.core.main.TestCaseExecutor.runScript(TestCaseExecutor.java:337)
	at com.kms.katalon.core.main.TestCaseExecutor.doExecute(TestCaseExecutor.java:328)
	at com.kms.katalon.core.main.TestCaseExecutor.processExecutionPhase(TestCaseExecutor.java:307)
	at com.kms.katalon.core.main.TestCaseExecutor.accessMainPhase(TestCaseExecutor.java:299)
	at com.kms.katalon.core.main.TestCaseExecutor.execute(TestCaseExecutor.java:233)
	at com.kms.katalon.core.main.TestCaseMain.runTestCase(TestCaseMain.java:114)
	at com.kms.katalon.core.keyword.builtin.CallTestCaseKeyword$_callTestCase_closure1.doCall(CallTestCaseKeyword.groovy:59)
	... 20 more
Caused by: com.kms.katalon.core.exception.StepFailedException: com.kms.katalon.core.webui.exception.WebElementNotFoundException: Web element with id: 'Object Repository/Page_Mattermost_Signup/input_email' located by 'By.xpath: //input[@id='email']' not found
	at com.kms.katalon.core.webui.keyword.internal.WebUIKeywordMain.stepFailed(WebUIKeywordMain.groovy:64)
	at com.kms.katalon.core.webui.keyword.builtin.VerifyElementPresentKeyword$_verifyElementPresent_closure1.doCall(VerifyElementPresentKeyword.groovy:85)
	at com.kms.katalon.core.webui.keyword.builtin.VerifyElementPresentKeyword$_verifyElementPresent_closure1.call(VerifyElementPresentKeyword.groovy)
	at com.kms.katalon.core.webui.keyword.internal.WebUIKeywordMain.runKeyword(WebUIKeywordMain.groovy:20)
	... 35 more]]></system-err>
      </testcase>
      <testcase name="Test Cases/Signup/TC_signup_03" time="7.819" classname="Test Cases/Signup/TC_signup_03" status="FAILED">
         <failure type="FAILED" message="Test Cases/Signup/TC_signup_03 FAILED.
Reason:
com.kms.katalon.core.exception.StepFailedException: Call Test Case 'Test Cases/Signup/signup_function' failed
	at com.kms.katalon.core.keyword.builtin.CallTestCaseKeyword$_callTestCase_closure1.doCall(CallTestCaseKeyword.groovy:63)
	at com.kms.katalon.core.keyword.builtin.CallTestCaseKeyword$_callTestCase_closure1.call(CallTestCaseKeyword.groovy)
	at com.kms.katalon.core.keyword.internal.KeywordMain.runKeyword(KeywordMain.groovy:68)
	at com.kms.katalon.core.keyword.builtin.CallTestCaseKeyword.callTestCase(CallTestCaseKeyword.groovy:81)
	at com.kms.katalon.core.keyword.builtin.CallTestCaseKeyword.execute(CallTestCaseKeyword.groovy:44)
	at com.kms.katalon.core.keyword.internal.KeywordExecutor.executeKeywordForPlatform(KeywordExecutor.groovy:72)
	at com.kms.katalon.core.keyword.BuiltinKeywords.callTestCase(BuiltinKeywords.groovy:334)
	at TC_signup_03.run(TC_signup_03:25)
	at com.kms.katalon.core.main.ScriptEngine.run(ScriptEngine.java:194)
	at com.kms.katalon.core.main.ScriptEngine.runScriptAsRawText(ScriptEngine.java:119)
	at com.kms.katalon.core.main.TestCaseExecutor.runScript(TestCaseExecutor.java:337)
	at com.kms.katalon.core.main.TestCaseExecutor.doExecute(TestCaseExecutor.java:328)
	at com.kms.katalon.core.main.TestCaseExecutor.processExecutionPhase(TestCaseExecutor.java:307)
	at com.kms.katalon.core.main.TestCaseExecutor.accessMainPhase(TestCaseExecutor.java:299)
	at com.kms.katalon.core.main.TestCaseExecutor.execute(TestCaseExecutor.java:233)
	at com.kms.katalon.core.main.TestSuiteExecutor.accessTestCaseMainPhase(TestSuiteExecutor.java:169)
	at com.kms.katalon.core.main.TestSuiteExecutor.accessTestSuiteMainPhase(TestSuiteExecutor.java:142)
	at com.kms.katalon.core.main.TestSuiteExecutor.execute(TestSuiteExecutor.java:91)
	at com.kms.katalon.core.main.TestCaseMain.startTestSuite(TestCaseMain.java:157)
	at com.kms.katalon.core.main.TestCaseMain$startTestSuite$0.call(Unknown Source)
	at TempTestSuite1591373123859.run(TempTestSuite1591373123859.groovy:37)
Caused by: com.kms.katalon.core.exception.StepFailedException: Unable to verify object 'Object Repository/Page_Mattermost_Signup/input_email' is present
	at com.kms.katalon.core.webui.keyword.internal.WebUIKeywordMain.stepFailed(WebUIKeywordMain.groovy:64)
	at com.kms.katalon.core.webui.keyword.internal.WebUIKeywordMain.runKeyword(WebUIKeywordMain.groovy:26)
	at com.kms.katalon.core.webui.keyword.builtin.VerifyElementPresentKeyword.verifyElementPresent(VerifyElementPresentKeyword.groovy:92)
	at com.kms.katalon.core.webui.keyword.builtin.VerifyElementPresentKeyword.execute(VerifyElementPresentKeyword.groovy:68)
	at com.kms.katalon.core.keyword.internal.KeywordExecutor.executeKeywordForPlatform(KeywordExecutor.groovy:72)
	at com.kms.katalon.core.webui.keyword.WebUiBuiltInKeywords.verifyElementPresent(WebUiBuiltInKeywords.groovy:1460)
	at com.kms.katalon.core.webui.keyword.WebUiBuiltInKeywords$verifyElementPresent$0.call(Unknown Source)
	at signup_function.run(signup_function:19)
	at com.kms.katalon.core.main.ScriptEngine.run(ScriptEngine.java:194)
	at com.kms.katalon.core.main.ScriptEngine.runScriptAsRawText(ScriptEngine.java:119)
	at com.kms.katalon.core.main.TestCaseExecutor.runScript(TestCaseExecutor.java:337)
	at com.kms.katalon.core.main.TestCaseExecutor.doExecute(TestCaseExecutor.java:328)
	at com.kms.katalon.core.main.TestCaseExecutor.processExecutionPhase(TestCaseExecutor.java:307)
	at com.kms.katalon.core.main.TestCaseExecutor.accessMainPhase(TestCaseExecutor.java:299)
	at com.kms.katalon.core.main.TestCaseExecutor.execute(TestCaseExecutor.java:233)
	at com.kms.katalon.core.main.TestCaseMain.runTestCase(TestCaseMain.java:114)
	at com.kms.katalon.core.keyword.builtin.CallTestCaseKeyword$_callTestCase_closure1.doCall(CallTestCaseKeyword.groovy:59)
	... 20 more
Caused by: com.kms.katalon.core.exception.StepFailedException: com.kms.katalon.core.webui.exception.WebElementNotFoundException: Web element with id: 'Object Repository/Page_Mattermost_Signup/input_email' located by 'By.xpath: //input[@id='email']' not found
	at com.kms.katalon.core.webui.keyword.internal.WebUIKeywordMain.stepFailed(WebUIKeywordMain.groovy:64)
	at com.kms.katalon.core.webui.keyword.builtin.VerifyElementPresentKeyword$_verifyElementPresent_closure1.doCall(VerifyElementPresentKeyword.groovy:85)
	at com.kms.katalon.core.webui.keyword.builtin.VerifyElementPresentKeyword$_verifyElementPresent_closure1.call(VerifyElementPresentKeyword.groovy)
	at com.kms.katalon.core.webui.keyword.internal.WebUIKeywordMain.runKeyword(WebUIKeywordMain.groovy:20)
	... 35 more
"/>
         <system-out><![CDATA[2020-06-05 23:07:10 - [TEST_CASE][FAILED] - Test Cases/Signup/TC_signup_03: Test Cases/Signup/TC_signup_03 FAILED.
Reason:
com.kms.katalon.core.exception.StepFailedException: Call Test Case 'Test Cases/Signup/signup_function' failed
	at com.kms.katalon.core.keyword.builtin.CallTestCaseKeyword$_callTestCase_closure1.doCall(CallTestCaseKeyword.groovy:63)
	at com.kms.katalon.core.keyword.builtin.CallTestCaseKeyword$_callTestCase_closure1.call(CallTestCaseKeyword.groovy)
	at com.kms.katalon.core.keyword.internal.KeywordMain.runKeyword(KeywordMain.groovy:68)
	at com.kms.katalon.core.keyword.builtin.CallTestCaseKeyword.callTestCase(CallTestCaseKeyword.groovy:81)
	at com.kms.katalon.core.keyword.builtin.CallTestCaseKeyword.execute(CallTestCaseKeyword.groovy:44)
	at com.kms.katalon.core.keyword.internal.KeywordExecutor.executeKeywordForPlatform(KeywordExecutor.groovy:72)
	at com.kms.katalon.core.keyword.BuiltinKeywords.callTestCase(BuiltinKeywords.groovy:334)
	at TC_signup_03.run(TC_signup_03:25)
	at com.kms.katalon.core.main.ScriptEngine.run(ScriptEngine.java:194)
	at com.kms.katalon.core.main.ScriptEngine.runScriptAsRawText(ScriptEngine.java:119)
	at com.kms.katalon.core.main.TestCaseExecutor.runScript(TestCaseExecutor.java:337)
	at com.kms.katalon.core.main.TestCaseExecutor.doExecute(TestCaseExecutor.java:328)
	at com.kms.katalon.core.main.TestCaseExecutor.processExecutionPhase(TestCaseExecutor.java:307)
	at com.kms.katalon.core.main.TestCaseExecutor.accessMainPhase(TestCaseExecutor.java:299)
	at com.kms.katalon.core.main.TestCaseExecutor.execute(TestCaseExecutor.java:233)
	at com.kms.katalon.core.main.TestSuiteExecutor.accessTestCaseMainPhase(TestSuiteExecutor.java:169)
	at com.kms.katalon.core.main.TestSuiteExecutor.accessTestSuiteMainPhase(TestSuiteExecutor.java:142)
	at com.kms.katalon.core.main.TestSuiteExecutor.execute(TestSuiteExecutor.java:91)
	at com.kms.katalon.core.main.TestCaseMain.startTestSuite(TestCaseMain.java:157)
	at com.kms.katalon.core.main.TestCaseMain$startTestSuite$0.call(Unknown Source)
	at TempTestSuite1591373123859.run(TempTestSuite1591373123859.groovy:37)
Caused by: com.kms.katalon.core.exception.StepFailedException: Unable to verify object 'Object Repository/Page_Mattermost_Signup/input_email' is present
	at com.kms.katalon.core.webui.keyword.internal.WebUIKeywordMain.stepFailed(WebUIKeywordMain.groovy:64)
	at com.kms.katalon.core.webui.keyword.internal.WebUIKeywordMain.runKeyword(WebUIKeywordMain.groovy:26)
	at com.kms.katalon.core.webui.keyword.builtin.VerifyElementPresentKeyword.verifyElementPresent(VerifyElementPresentKeyword.groovy:92)
	at com.kms.katalon.core.webui.keyword.builtin.VerifyElementPresentKeyword.execute(VerifyElementPresentKeyword.groovy:68)
	at com.kms.katalon.core.keyword.internal.KeywordExecutor.executeKeywordForPlatform(KeywordExecutor.groovy:72)
	at com.kms.katalon.core.webui.keyword.WebUiBuiltInKeywords.verifyElementPresent(WebUiBuiltInKeywords.groovy:1460)
	at com.kms.katalon.core.webui.keyword.WebUiBuiltInKeywords$verifyElementPresent$0.call(Unknown Source)
	at signup_function.run(signup_function:19)
	at com.kms.katalon.core.main.ScriptEngine.run(ScriptEngine.java:194)
	at com.kms.katalon.core.main.ScriptEngine.runScriptAsRawText(ScriptEngine.java:119)
	at com.kms.katalon.core.main.TestCaseExecutor.runScript(TestCaseExecutor.java:337)
	at com.kms.katalon.core.main.TestCaseExecutor.doExecute(TestCaseExecutor.java:328)
	at com.kms.katalon.core.main.TestCaseExecutor.processExecutionPhase(TestCaseExecutor.java:307)
	at com.kms.katalon.core.main.TestCaseExecutor.accessMainPhase(TestCaseExecutor.java:299)
	at com.kms.katalon.core.main.TestCaseExecutor.execute(TestCaseExecutor.java:233)
	at com.kms.katalon.core.main.TestCaseMain.runTestCase(TestCaseMain.java:114)
	at com.kms.katalon.core.keyword.builtin.CallTestCaseKeyword$_callTestCase_closure1.doCall(CallTestCaseKeyword.groovy:59)
	... 20 more
Caused by: com.kms.katalon.core.exception.StepFailedException: com.kms.katalon.core.webui.exception.WebElementNotFoundException: Web element with id: 'Object Repository/Page_Mattermost_Signup/input_email' located by 'By.xpath: //input[@id='email']' not found
	at com.kms.katalon.core.webui.keyword.internal.WebUIKeywordMain.stepFailed(WebUIKeywordMain.groovy:64)
	at com.kms.katalon.core.webui.keyword.builtin.VerifyElementPresentKeyword$_verifyElementPresent_closure1.doCall(VerifyElementPresentKeyword.groovy:85)
	at com.kms.katalon.core.webui.keyword.builtin.VerifyElementPresentKeyword$_verifyElementPresent_closure1.call(VerifyElementPresentKeyword.groovy)
	at com.kms.katalon.core.webui.keyword.internal.WebUIKeywordMain.runKeyword(WebUIKeywordMain.groovy:20)
	... 35 more


2020-06-05 23:07:10 - [TEST_STEP][PASSED] - Start setup action : Setup: Method 'Setup' complete successfully

2020-06-05 23:07:10 - [TEST_STEP][PASSED] - openBrowser("http://192.168.1.10:8065/signup_email"): Browser is opened with url: 'http://192.168.1.10:8065/signup_email'

2020-06-05 23:07:10 - [MESSAGE][INFO] - Starting 'Firefox' driver

2020-06-05 23:07:10 - [MESSAGE][INFO] - Action delay is set to 0 milliseconds

2020-06-05 23:07:15 - [MESSAGE][PASSED] - Browser is opened with url: 'http://192.168.1.10:8065/signup_email'

2020-06-05 23:07:15 - [MESSAGE][PASSED] - Method 'Setup' complete successfully

2020-06-05 23:07:15 - [TEST_STEP][FAILED] - callTestCase(findTestCase("Test Cases/Signup/signup_function"), ["var_email":var_email, "var_name":var_name, "var_password":var_password], STOP_ON_FAILURE): Unable to call Test Case 'Test Cases/Signup/signup_function' (Root cause: com.kms.katalon.core.exception.StepFailedException: Call Test Case 'Test Cases/Signup/signup_function' failed
	at com.kms.katalon.core.keyword.builtin.CallTestCaseKeyword$_callTestCase_closure1.doCall(CallTestCaseKeyword.groovy:63)
	at com.kms.katalon.core.keyword.builtin.CallTestCaseKeyword$_callTestCase_closure1.call(CallTestCaseKeyword.groovy)
	at com.kms.katalon.core.keyword.internal.KeywordMain.runKeyword(KeywordMain.groovy:68)
	at com.kms.katalon.core.keyword.builtin.CallTestCaseKeyword.callTestCase(CallTestCaseKeyword.groovy:81)
	at com.kms.katalon.core.keyword.builtin.CallTestCaseKeyword.execute(CallTestCaseKeyword.groovy:44)
	at com.kms.katalon.core.keyword.internal.KeywordExecutor.executeKeywordForPlatform(KeywordExecutor.groovy:72)
	at com.kms.katalon.core.keyword.BuiltinKeywords.callTestCase(BuiltinKeywords.groovy:334)
	at TC_signup_03.run(TC_signup_03:25)
	at com.kms.katalon.core.main.ScriptEngine.run(ScriptEngine.java:194)
	at com.kms.katalon.core.main.ScriptEngine.runScriptAsRawText(ScriptEngine.java:119)
	at com.kms.katalon.core.main.TestCaseExecutor.runScript(TestCaseExecutor.java:337)
	at com.kms.katalon.core.main.TestCaseExecutor.doExecute(TestCaseExecutor.java:328)
	at com.kms.katalon.core.main.TestCaseExecutor.processExecutionPhase(TestCaseExecutor.java:307)
	at com.kms.katalon.core.main.TestCaseExecutor.accessMainPhase(TestCaseExecutor.java:299)
	at com.kms.katalon.core.main.TestCaseExecutor.execute(TestCaseExecutor.java:233)
	at com.kms.katalon.core.main.TestSuiteExecutor.accessTestCaseMainPhase(TestSuiteExecutor.java:169)
	at com.kms.katalon.core.main.TestSuiteExecutor.accessTestSuiteMainPhase(TestSuiteExecutor.java:142)
	at com.kms.katalon.core.main.TestSuiteExecutor.execute(TestSuiteExecutor.java:91)
	at com.kms.katalon.core.main.TestCaseMain.startTestSuite(TestCaseMain.java:157)
	at com.kms.katalon.core.main.TestCaseMain$startTestSuite$0.call(Unknown Source)
	at TempTestSuite1591373123859.run(TempTestSuite1591373123859.groovy:37)
Caused by: com.kms.katalon.core.exception.StepFailedException: Unable to verify object 'Object Repository/Page_Mattermost_Signup/input_email' is present
	at com.kms.katalon.core.webui.keyword.internal.WebUIKeywordMain.stepFailed(WebUIKeywordMain.groovy:64)
	at com.kms.katalon.core.webui.keyword.internal.WebUIKeywordMain.runKeyword(WebUIKeywordMain.groovy:26)
	at com.kms.katalon.core.webui.keyword.builtin.VerifyElementPresentKeyword.verifyElementPresent(VerifyElementPresentKeyword.groovy:92)
	at com.kms.katalon.core.webui.keyword.builtin.VerifyElementPresentKeyword.execute(VerifyElementPresentKeyword.groovy:68)
	at com.kms.katalon.core.keyword.internal.KeywordExecutor.executeKeywordForPlatform(KeywordExecutor.groovy:72)
	at com.kms.katalon.core.webui.keyword.WebUiBuiltInKeywords.verifyElementPresent(WebUiBuiltInKeywords.groovy:1460)
	at com.kms.katalon.core.webui.keyword.WebUiBuiltInKeywords$verifyElementPresent$0.call(Unknown Source)
	at signup_function.run(signup_function:19)
	at com.kms.katalon.core.main.ScriptEngine.run(ScriptEngine.java:194)
	at com.kms.katalon.core.main.ScriptEngine.runScriptAsRawText(ScriptEngine.java:119)
	at com.kms.katalon.core.main.TestCaseExecutor.runScript(TestCaseExecutor.java:337)
	at com.kms.katalon.core.main.TestCaseExecutor.doExecute(TestCaseExecutor.java:328)
	at com.kms.katalon.core.main.TestCaseExecutor.processExecutionPhase(TestCaseExecutor.java:307)
	at com.kms.katalon.core.main.TestCaseExecutor.accessMainPhase(TestCaseExecutor.java:299)
	at com.kms.katalon.core.main.TestCaseExecutor.execute(TestCaseExecutor.java:233)
	at com.kms.katalon.core.main.TestCaseMain.runTestCase(TestCaseMain.java:114)
	at com.kms.katalon.core.keyword.builtin.CallTestCaseKeyword$_callTestCase_closure1.doCall(CallTestCaseKeyword.groovy:59)
	... 20 more
Caused by: com.kms.katalon.core.exception.StepFailedException: com.kms.katalon.core.webui.exception.WebElementNotFoundException: Web element with id: 'Object Repository/Page_Mattermost_Signup/input_email' located by 'By.xpath: //input[@id='email']' not found
	at com.kms.katalon.core.webui.keyword.internal.WebUIKeywordMain.stepFailed(WebUIKeywordMain.groovy:64)
	at com.kms.katalon.core.webui.keyword.builtin.VerifyElementPresentKeyword$_verifyElementPresent_closure1.doCall(VerifyElementPresentKeyword.groovy:85)
	at com.kms.katalon.core.webui.keyword.builtin.VerifyElementPresentKeyword$_verifyElementPresent_closure1.call(VerifyElementPresentKeyword.groovy)
	at com.kms.katalon.core.webui.keyword.internal.WebUIKeywordMain.runKeyword(WebUIKeywordMain.groovy:20)
	... 35 more
)

2020-06-05 23:07:15 - [TEST_CASE][FAILED] - Test Cases/Signup/signup_function: Test Cases/Signup/signup_function FAILED.
Reason:
com.kms.katalon.core.exception.StepFailedException: Unable to verify object 'Object Repository/Page_Mattermost_Signup/input_email' is present
	at com.kms.katalon.core.webui.keyword.internal.WebUIKeywordMain.stepFailed(WebUIKeywordMain.groovy:64)
	at com.kms.katalon.core.webui.keyword.internal.WebUIKeywordMain.runKeyword(WebUIKeywordMain.groovy:26)
	at com.kms.katalon.core.webui.keyword.builtin.VerifyElementPresentKeyword.verifyElementPresent(VerifyElementPresentKeyword.groovy:92)
	at com.kms.katalon.core.webui.keyword.builtin.VerifyElementPresentKeyword.execute(VerifyElementPresentKeyword.groovy:68)
	at com.kms.katalon.core.keyword.internal.KeywordExecutor.executeKeywordForPlatform(KeywordExecutor.groovy:72)
	at com.kms.katalon.core.webui.keyword.WebUiBuiltInKeywords.verifyElementPresent(WebUiBuiltInKeywords.groovy:1460)
	at com.kms.katalon.core.webui.keyword.WebUiBuiltInKeywords$verifyElementPresent$0.call(Unknown Source)
	at signup_function.run(signup_function:19)
	at com.kms.katalon.core.main.ScriptEngine.run(ScriptEngine.java:194)
	at com.kms.katalon.core.main.ScriptEngine.runScriptAsRawText(ScriptEngine.java:119)
	at com.kms.katalon.core.main.TestCaseExecutor.runScript(TestCaseExecutor.java:337)
	at com.kms.katalon.core.main.TestCaseExecutor.doExecute(TestCaseExecutor.java:328)
	at com.kms.katalon.core.main.TestCaseExecutor.processExecutionPhase(TestCaseExecutor.java:307)
	at com.kms.katalon.core.main.TestCaseExecutor.accessMainPhase(TestCaseExecutor.java:299)
	at com.kms.katalon.core.main.TestCaseExecutor.execute(TestCaseExecutor.java:233)
	at com.kms.katalon.core.main.TestCaseMain.runTestCase(TestCaseMain.java:114)
	at com.kms.katalon.core.keyword.builtin.CallTestCaseKeyword$_callTestCase_closure1.doCall(CallTestCaseKeyword.groovy:59)
	at com.kms.katalon.core.keyword.builtin.CallTestCaseKeyword$_callTestCase_closure1.call(CallTestCaseKeyword.groovy)
	at com.kms.katalon.core.keyword.internal.KeywordMain.runKeyword(KeywordMain.groovy:68)
	at com.kms.katalon.core.keyword.builtin.CallTestCaseKeyword.callTestCase(CallTestCaseKeyword.groovy:81)
	at com.kms.katalon.core.keyword.builtin.CallTestCaseKeyword.execute(CallTestCaseKeyword.groovy:44)
	at com.kms.katalon.core.keyword.internal.KeywordExecutor.executeKeywordForPlatform(KeywordExecutor.groovy:72)
	at com.kms.katalon.core.keyword.BuiltinKeywords.callTestCase(BuiltinKeywords.groovy:334)
	at TC_signup_03.run(TC_signup_03:25)
	at com.kms.katalon.core.main.ScriptEngine.run(ScriptEngine.java:194)
	at com.kms.katalon.core.main.ScriptEngine.runScriptAsRawText(ScriptEngine.java:119)
	at com.kms.katalon.core.main.TestCaseExecutor.runScript(TestCaseExecutor.java:337)
	at com.kms.katalon.core.main.TestCaseExecutor.doExecute(TestCaseExecutor.java:328)
	at com.kms.katalon.core.main.TestCaseExecutor.processExecutionPhase(TestCaseExecutor.java:307)
	at com.kms.katalon.core.main.TestCaseExecutor.accessMainPhase(TestCaseExecutor.java:299)
	at com.kms.katalon.core.main.TestCaseExecutor.execute(TestCaseExecutor.java:233)
	at com.kms.katalon.core.main.TestSuiteExecutor.accessTestCaseMainPhase(TestSuiteExecutor.java:169)
	at com.kms.katalon.core.main.TestSuiteExecutor.accessTestSuiteMainPhase(TestSuiteExecutor.java:142)
	at com.kms.katalon.core.main.TestSuiteExecutor.execute(TestSuiteExecutor.java:91)
	at com.kms.katalon.core.main.TestCaseMain.startTestSuite(TestCaseMain.java:157)
	at com.kms.katalon.core.main.TestCaseMain$startTestSuite$0.call(Unknown Source)
	at TempTestSuite1591373123859.run(TempTestSuite1591373123859.groovy:37)
Caused by: com.kms.katalon.core.exception.StepFailedException: com.kms.katalon.core.webui.exception.WebElementNotFoundException: Web element with id: 'Object Repository/Page_Mattermost_Signup/input_email' located by 'By.xpath: //input[@id='email']' not found
	at com.kms.katalon.core.webui.keyword.internal.WebUIKeywordMain.stepFailed(WebUIKeywordMain.groovy:64)
	at com.kms.katalon.core.webui.keyword.builtin.VerifyElementPresentKeyword$_verifyElementPresent_closure1.doCall(VerifyElementPresentKeyword.groovy:85)
	at com.kms.katalon.core.webui.keyword.builtin.VerifyElementPresentKeyword$_verifyElementPresent_closure1.call(VerifyElementPresentKeyword.groovy)
	at com.kms.katalon.core.webui.keyword.internal.WebUIKeywordMain.runKeyword(WebUIKeywordMain.groovy:20)
	... 35 more


2020-06-05 23:07:15 - [TEST_STEP][FAILED] - verifyEqual(verifyElementPresent(findTestObject("Object Repository/Page_Mattermost_Signup/input_email"), 1), true): Unable to verify object 'Object Repository/Page_Mattermost_Signup/input_email' is present (Root cause: com.kms.katalon.core.exception.StepFailedException: Unable to verify object 'Object Repository/Page_Mattermost_Signup/input_email' is present
	at com.kms.katalon.core.webui.keyword.internal.WebUIKeywordMain.stepFailed(WebUIKeywordMain.groovy:64)
	at com.kms.katalon.core.webui.keyword.internal.WebUIKeywordMain.runKeyword(WebUIKeywordMain.groovy:26)
	at com.kms.katalon.core.webui.keyword.builtin.VerifyElementPresentKeyword.verifyElementPresent(VerifyElementPresentKeyword.groovy:92)
	at com.kms.katalon.core.webui.keyword.builtin.VerifyElementPresentKeyword.execute(VerifyElementPresentKeyword.groovy:68)
	at com.kms.katalon.core.keyword.internal.KeywordExecutor.executeKeywordForPlatform(KeywordExecutor.groovy:72)
	at com.kms.katalon.core.webui.keyword.WebUiBuiltInKeywords.verifyElementPresent(WebUiBuiltInKeywords.groovy:1460)
	at com.kms.katalon.core.webui.keyword.WebUiBuiltInKeywords$verifyElementPresent$0.call(Unknown Source)
	at signup_function.run(signup_function:19)
	at com.kms.katalon.core.main.ScriptEngine.run(ScriptEngine.java:194)
	at com.kms.katalon.core.main.ScriptEngine.runScriptAsRawText(ScriptEngine.java:119)
	at com.kms.katalon.core.main.TestCaseExecutor.runScript(TestCaseExecutor.java:337)
	at com.kms.katalon.core.main.TestCaseExecutor.doExecute(TestCaseExecutor.java:328)
	at com.kms.katalon.core.main.TestCaseExecutor.processExecutionPhase(TestCaseExecutor.java:307)
	at com.kms.katalon.core.main.TestCaseExecutor.accessMainPhase(TestCaseExecutor.java:299)
	at com.kms.katalon.core.main.TestCaseExecutor.execute(TestCaseExecutor.java:233)
	at com.kms.katalon.core.main.TestCaseMain.runTestCase(TestCaseMain.java:114)
	at com.kms.katalon.core.keyword.builtin.CallTestCaseKeyword$_callTestCase_closure1.doCall(CallTestCaseKeyword.groovy:59)
	at com.kms.katalon.core.keyword.builtin.CallTestCaseKeyword$_callTestCase_closure1.call(CallTestCaseKeyword.groovy)
	at com.kms.katalon.core.keyword.internal.KeywordMain.runKeyword(KeywordMain.groovy:68)
	at com.kms.katalon.core.keyword.builtin.CallTestCaseKeyword.callTestCase(CallTestCaseKeyword.groovy:81)
	at com.kms.katalon.core.keyword.builtin.CallTestCaseKeyword.execute(CallTestCaseKeyword.groovy:44)
	at com.kms.katalon.core.keyword.internal.KeywordExecutor.executeKeywordForPlatform(KeywordExecutor.groovy:72)
	at com.kms.katalon.core.keyword.BuiltinKeywords.callTestCase(BuiltinKeywords.groovy:334)
	at TC_signup_03.run(TC_signup_03:25)
	at com.kms.katalon.core.main.ScriptEngine.run(ScriptEngine.java:194)
	at com.kms.katalon.core.main.ScriptEngine.runScriptAsRawText(ScriptEngine.java:119)
	at com.kms.katalon.core.main.TestCaseExecutor.runScript(TestCaseExecutor.java:337)
	at com.kms.katalon.core.main.TestCaseExecutor.doExecute(TestCaseExecutor.java:328)
	at com.kms.katalon.core.main.TestCaseExecutor.processExecutionPhase(TestCaseExecutor.java:307)
	at com.kms.katalon.core.main.TestCaseExecutor.accessMainPhase(TestCaseExecutor.java:299)
	at com.kms.katalon.core.main.TestCaseExecutor.execute(TestCaseExecutor.java:233)
	at com.kms.katalon.core.main.TestSuiteExecutor.accessTestCaseMainPhase(TestSuiteExecutor.java:169)
	at com.kms.katalon.core.main.TestSuiteExecutor.accessTestSuiteMainPhase(TestSuiteExecutor.java:142)
	at com.kms.katalon.core.main.TestSuiteExecutor.execute(TestSuiteExecutor.java:91)
	at com.kms.katalon.core.main.TestCaseMain.startTestSuite(TestCaseMain.java:157)
	at com.kms.katalon.core.main.TestCaseMain$startTestSuite$0.call(Unknown Source)
	at TempTestSuite1591373123859.run(TempTestSuite1591373123859.groovy:37)
Caused by: com.kms.katalon.core.exception.StepFailedException: com.kms.katalon.core.webui.exception.WebElementNotFoundException: Web element with id: 'Object Repository/Page_Mattermost_Signup/input_email' located by 'By.xpath: //input[@id='email']' not found
	at com.kms.katalon.core.webui.keyword.internal.WebUIKeywordMain.stepFailed(WebUIKeywordMain.groovy:64)
	at com.kms.katalon.core.webui.keyword.builtin.VerifyElementPresentKeyword$_verifyElementPresent_closure1.doCall(VerifyElementPresentKeyword.groovy:85)
	at com.kms.katalon.core.webui.keyword.builtin.VerifyElementPresentKeyword$_verifyElementPresent_closure1.call(VerifyElementPresentKeyword.groovy)
	at com.kms.katalon.core.webui.keyword.internal.WebUIKeywordMain.runKeyword(WebUIKeywordMain.groovy:20)
	... 35 more
)

2020-06-05 23:07:17 - [MESSAGE][INFO] - Unable to find the element located by 'By.xpath: //input[@id='email']'. Please recheck the objects properties to make sure the desired element is located. 

2020-06-05 23:07:17 - [MESSAGE][FAILED] - com.kms.katalon.core.webui.exception.WebElementNotFoundException: Web element with id: 'Object Repository/Page_Mattermost_Signup/input_email' located by 'By.xpath: //input[@id='email']' not found (Root cause: com.kms.katalon.core.exception.StepFailedException: com.kms.katalon.core.webui.exception.WebElementNotFoundException: Web element with id: 'Object Repository/Page_Mattermost_Signup/input_email' located by 'By.xpath: //input[@id='email']' not found
	at com.kms.katalon.core.webui.keyword.internal.WebUIKeywordMain.stepFailed(WebUIKeywordMain.groovy:64)
	at com.kms.katalon.core.webui.keyword.builtin.VerifyElementPresentKeyword$_verifyElementPresent_closure1.doCall(VerifyElementPresentKeyword.groovy:85)
	at com.kms.katalon.core.webui.keyword.builtin.VerifyElementPresentKeyword$_verifyElementPresent_closure1.call(VerifyElementPresentKeyword.groovy)
	at com.kms.katalon.core.webui.keyword.internal.WebUIKeywordMain.runKeyword(WebUIKeywordMain.groovy:20)
	at com.kms.katalon.core.webui.keyword.builtin.VerifyElementPresentKeyword.verifyElementPresent(VerifyElementPresentKeyword.groovy:92)
	at com.kms.katalon.core.webui.keyword.builtin.VerifyElementPresentKeyword.execute(VerifyElementPresentKeyword.groovy:68)
	at com.kms.katalon.core.keyword.internal.KeywordExecutor.executeKeywordForPlatform(KeywordExecutor.groovy:72)
	at com.kms.katalon.core.webui.keyword.WebUiBuiltInKeywords.verifyElementPresent(WebUiBuiltInKeywords.groovy:1460)
	at com.kms.katalon.core.webui.keyword.WebUiBuiltInKeywords$verifyElementPresent$0.call(Unknown Source)
	at signup_function.run(signup_function:19)
	at com.kms.katalon.core.main.ScriptEngine.run(ScriptEngine.java:194)
	at com.kms.katalon.core.main.ScriptEngine.runScriptAsRawText(ScriptEngine.java:119)
	at com.kms.katalon.core.main.TestCaseExecutor.runScript(TestCaseExecutor.java:337)
	at com.kms.katalon.core.main.TestCaseExecutor.doExecute(TestCaseExecutor.java:328)
	at com.kms.katalon.core.main.TestCaseExecutor.processExecutionPhase(TestCaseExecutor.java:307)
	at com.kms.katalon.core.main.TestCaseExecutor.accessMainPhase(TestCaseExecutor.java:299)
	at com.kms.katalon.core.main.TestCaseExecutor.execute(TestCaseExecutor.java:233)
	at com.kms.katalon.core.main.TestCaseMain.runTestCase(TestCaseMain.java:114)
	at com.kms.katalon.core.keyword.builtin.CallTestCaseKeyword$_callTestCase_closure1.doCall(CallTestCaseKeyword.groovy:59)
	at com.kms.katalon.core.keyword.builtin.CallTestCaseKeyword$_callTestCase_closure1.call(CallTestCaseKeyword.groovy)
	at com.kms.katalon.core.keyword.internal.KeywordMain.runKeyword(KeywordMain.groovy:68)
	at com.kms.katalon.core.keyword.builtin.CallTestCaseKeyword.callTestCase(CallTestCaseKeyword.groovy:81)
	at com.kms.katalon.core.keyword.builtin.CallTestCaseKeyword.execute(CallTestCaseKeyword.groovy:44)
	at com.kms.katalon.core.keyword.internal.KeywordExecutor.executeKeywordForPlatform(KeywordExecutor.groovy:72)
	at com.kms.katalon.core.keyword.BuiltinKeywords.callTestCase(BuiltinKeywords.groovy:334)
	at TC_signup_03.run(TC_signup_03:25)
	at com.kms.katalon.core.main.ScriptEngine.run(ScriptEngine.java:194)
	at com.kms.katalon.core.main.ScriptEngine.runScriptAsRawText(ScriptEngine.java:119)
	at com.kms.katalon.core.main.TestCaseExecutor.runScript(TestCaseExecutor.java:337)
	at com.kms.katalon.core.main.TestCaseExecutor.doExecute(TestCaseExecutor.java:328)
	at com.kms.katalon.core.main.TestCaseExecutor.processExecutionPhase(TestCaseExecutor.java:307)
	at com.kms.katalon.core.main.TestCaseExecutor.accessMainPhase(TestCaseExecutor.java:299)
	at com.kms.katalon.core.main.TestCaseExecutor.execute(TestCaseExecutor.java:233)
	at com.kms.katalon.core.main.TestSuiteExecutor.accessTestCaseMainPhase(TestSuiteExecutor.java:169)
	at com.kms.katalon.core.main.TestSuiteExecutor.accessTestSuiteMainPhase(TestSuiteExecutor.java:142)
	at com.kms.katalon.core.main.TestSuiteExecutor.execute(TestSuiteExecutor.java:91)
	at com.kms.katalon.core.main.TestCaseMain.startTestSuite(TestCaseMain.java:157)
	at com.kms.katalon.core.main.TestCaseMain$startTestSuite$0.call(Unknown Source)
	at TempTestSuite1591373123859.run(TempTestSuite1591373123859.groovy:37)
)
[[ATTACHMENT|D:\\katalon\\hw2-katalon-testing\\Reports\\20200605_230523\\Run_All_Test_Cases\\20200605_230523\\1591373237649.png]]

2020-06-05 23:07:17 - [MESSAGE][FAILED] - Unable to verify object 'Object Repository/Page_Mattermost_Signup/input_email' is present (Root cause: com.kms.katalon.core.exception.StepFailedException: Unable to verify object 'Object Repository/Page_Mattermost_Signup/input_email' is present
	at com.kms.katalon.core.webui.keyword.internal.WebUIKeywordMain.stepFailed(WebUIKeywordMain.groovy:64)
	at com.kms.katalon.core.webui.keyword.internal.WebUIKeywordMain.runKeyword(WebUIKeywordMain.groovy:26)
	at com.kms.katalon.core.webui.keyword.builtin.VerifyElementPresentKeyword.verifyElementPresent(VerifyElementPresentKeyword.groovy:92)
	at com.kms.katalon.core.webui.keyword.builtin.VerifyElementPresentKeyword.execute(VerifyElementPresentKeyword.groovy:68)
	at com.kms.katalon.core.keyword.internal.KeywordExecutor.executeKeywordForPlatform(KeywordExecutor.groovy:72)
	at com.kms.katalon.core.webui.keyword.WebUiBuiltInKeywords.verifyElementPresent(WebUiBuiltInKeywords.groovy:1460)
	at com.kms.katalon.core.webui.keyword.WebUiBuiltInKeywords$verifyElementPresent$0.call(Unknown Source)
	at signup_function.run(signup_function:19)
	at com.kms.katalon.core.main.ScriptEngine.run(ScriptEngine.java:194)
	at com.kms.katalon.core.main.ScriptEngine.runScriptAsRawText(ScriptEngine.java:119)
	at com.kms.katalon.core.main.TestCaseExecutor.runScript(TestCaseExecutor.java:337)
	at com.kms.katalon.core.main.TestCaseExecutor.doExecute(TestCaseExecutor.java:328)
	at com.kms.katalon.core.main.TestCaseExecutor.processExecutionPhase(TestCaseExecutor.java:307)
	at com.kms.katalon.core.main.TestCaseExecutor.accessMainPhase(TestCaseExecutor.java:299)
	at com.kms.katalon.core.main.TestCaseExecutor.execute(TestCaseExecutor.java:233)
	at com.kms.katalon.core.main.TestCaseMain.runTestCase(TestCaseMain.java:114)
	at com.kms.katalon.core.keyword.builtin.CallTestCaseKeyword$_callTestCase_closure1.doCall(CallTestCaseKeyword.groovy:59)
	at com.kms.katalon.core.keyword.builtin.CallTestCaseKeyword$_callTestCase_closure1.call(CallTestCaseKeyword.groovy)
	at com.kms.katalon.core.keyword.internal.KeywordMain.runKeyword(KeywordMain.groovy:68)
	at com.kms.katalon.core.keyword.builtin.CallTestCaseKeyword.callTestCase(CallTestCaseKeyword.groovy:81)
	at com.kms.katalon.core.keyword.builtin.CallTestCaseKeyword.execute(CallTestCaseKeyword.groovy:44)
	at com.kms.katalon.core.keyword.internal.KeywordExecutor.executeKeywordForPlatform(KeywordExecutor.groovy:72)
	at com.kms.katalon.core.keyword.BuiltinKeywords.callTestCase(BuiltinKeywords.groovy:334)
	at TC_signup_03.run(TC_signup_03:25)
	at com.kms.katalon.core.main.ScriptEngine.run(ScriptEngine.java:194)
	at com.kms.katalon.core.main.ScriptEngine.runScriptAsRawText(ScriptEngine.java:119)
	at com.kms.katalon.core.main.TestCaseExecutor.runScript(TestCaseExecutor.java:337)
	at com.kms.katalon.core.main.TestCaseExecutor.doExecute(TestCaseExecutor.java:328)
	at com.kms.katalon.core.main.TestCaseExecutor.processExecutionPhase(TestCaseExecutor.java:307)
	at com.kms.katalon.core.main.TestCaseExecutor.accessMainPhase(TestCaseExecutor.java:299)
	at com.kms.katalon.core.main.TestCaseExecutor.execute(TestCaseExecutor.java:233)
	at com.kms.katalon.core.main.TestSuiteExecutor.accessTestCaseMainPhase(TestSuiteExecutor.java:169)
	at com.kms.katalon.core.main.TestSuiteExecutor.accessTestSuiteMainPhase(TestSuiteExecutor.java:142)
	at com.kms.katalon.core.main.TestSuiteExecutor.execute(TestSuiteExecutor.java:91)
	at com.kms.katalon.core.main.TestCaseMain.startTestSuite(TestCaseMain.java:157)
	at com.kms.katalon.core.main.TestCaseMain$startTestSuite$0.call(Unknown Source)
	at TempTestSuite1591373123859.run(TempTestSuite1591373123859.groovy:37)
Caused by: com.kms.katalon.core.exception.StepFailedException: com.kms.katalon.core.webui.exception.WebElementNotFoundException: Web element with id: 'Object Repository/Page_Mattermost_Signup/input_email' located by 'By.xpath: //input[@id='email']' not found
	at com.kms.katalon.core.webui.keyword.internal.WebUIKeywordMain.stepFailed(WebUIKeywordMain.groovy:64)
	at com.kms.katalon.core.webui.keyword.builtin.VerifyElementPresentKeyword$_verifyElementPresent_closure1.doCall(VerifyElementPresentKeyword.groovy:85)
	at com.kms.katalon.core.webui.keyword.builtin.VerifyElementPresentKeyword$_verifyElementPresent_closure1.call(VerifyElementPresentKeyword.groovy)
	at com.kms.katalon.core.webui.keyword.internal.WebUIKeywordMain.runKeyword(WebUIKeywordMain.groovy:20)
	... 35 more
)
[[ATTACHMENT|D:\\katalon\\hw2-katalon-testing\\Reports\\20200605_230523\\Run_All_Test_Cases\\20200605_230523\\1591373237728.png]]

2020-06-05 23:07:17 - [MESSAGE][FAILED] - Unable to call Test Case 'Test Cases/Signup/signup_function' (Root cause: com.kms.katalon.core.exception.StepFailedException: Call Test Case 'Test Cases/Signup/signup_function' failed
	at com.kms.katalon.core.keyword.builtin.CallTestCaseKeyword$_callTestCase_closure1.doCall(CallTestCaseKeyword.groovy:63)
	at com.kms.katalon.core.keyword.builtin.CallTestCaseKeyword$_callTestCase_closure1.call(CallTestCaseKeyword.groovy)
	at com.kms.katalon.core.keyword.internal.KeywordMain.runKeyword(KeywordMain.groovy:68)
	at com.kms.katalon.core.keyword.builtin.CallTestCaseKeyword.callTestCase(CallTestCaseKeyword.groovy:81)
	at com.kms.katalon.core.keyword.builtin.CallTestCaseKeyword.execute(CallTestCaseKeyword.groovy:44)
	at com.kms.katalon.core.keyword.internal.KeywordExecutor.executeKeywordForPlatform(KeywordExecutor.groovy:72)
	at com.kms.katalon.core.keyword.BuiltinKeywords.callTestCase(BuiltinKeywords.groovy:334)
	at TC_signup_03.run(TC_signup_03:25)
	at com.kms.katalon.core.main.ScriptEngine.run(ScriptEngine.java:194)
	at com.kms.katalon.core.main.ScriptEngine.runScriptAsRawText(ScriptEngine.java:119)
	at com.kms.katalon.core.main.TestCaseExecutor.runScript(TestCaseExecutor.java:337)
	at com.kms.katalon.core.main.TestCaseExecutor.doExecute(TestCaseExecutor.java:328)
	at com.kms.katalon.core.main.TestCaseExecutor.processExecutionPhase(TestCaseExecutor.java:307)
	at com.kms.katalon.core.main.TestCaseExecutor.accessMainPhase(TestCaseExecutor.java:299)
	at com.kms.katalon.core.main.TestCaseExecutor.execute(TestCaseExecutor.java:233)
	at com.kms.katalon.core.main.TestSuiteExecutor.accessTestCaseMainPhase(TestSuiteExecutor.java:169)
	at com.kms.katalon.core.main.TestSuiteExecutor.accessTestSuiteMainPhase(TestSuiteExecutor.java:142)
	at com.kms.katalon.core.main.TestSuiteExecutor.execute(TestSuiteExecutor.java:91)
	at com.kms.katalon.core.main.TestCaseMain.startTestSuite(TestCaseMain.java:157)
	at com.kms.katalon.core.main.TestCaseMain$startTestSuite$0.call(Unknown Source)
	at TempTestSuite1591373123859.run(TempTestSuite1591373123859.groovy:37)
Caused by: com.kms.katalon.core.exception.StepFailedException: Unable to verify object 'Object Repository/Page_Mattermost_Signup/input_email' is present
	at com.kms.katalon.core.webui.keyword.internal.WebUIKeywordMain.stepFailed(WebUIKeywordMain.groovy:64)
	at com.kms.katalon.core.webui.keyword.internal.WebUIKeywordMain.runKeyword(WebUIKeywordMain.groovy:26)
	at com.kms.katalon.core.webui.keyword.builtin.VerifyElementPresentKeyword.verifyElementPresent(VerifyElementPresentKeyword.groovy:92)
	at com.kms.katalon.core.webui.keyword.builtin.VerifyElementPresentKeyword.execute(VerifyElementPresentKeyword.groovy:68)
	at com.kms.katalon.core.keyword.internal.KeywordExecutor.executeKeywordForPlatform(KeywordExecutor.groovy:72)
	at com.kms.katalon.core.webui.keyword.WebUiBuiltInKeywords.verifyElementPresent(WebUiBuiltInKeywords.groovy:1460)
	at com.kms.katalon.core.webui.keyword.WebUiBuiltInKeywords$verifyElementPresent$0.call(Unknown Source)
	at signup_function.run(signup_function:19)
	at com.kms.katalon.core.main.ScriptEngine.run(ScriptEngine.java:194)
	at com.kms.katalon.core.main.ScriptEngine.runScriptAsRawText(ScriptEngine.java:119)
	at com.kms.katalon.core.main.TestCaseExecutor.runScript(TestCaseExecutor.java:337)
	at com.kms.katalon.core.main.TestCaseExecutor.doExecute(TestCaseExecutor.java:328)
	at com.kms.katalon.core.main.TestCaseExecutor.processExecutionPhase(TestCaseExecutor.java:307)
	at com.kms.katalon.core.main.TestCaseExecutor.accessMainPhase(TestCaseExecutor.java:299)
	at com.kms.katalon.core.main.TestCaseExecutor.execute(TestCaseExecutor.java:233)
	at com.kms.katalon.core.main.TestCaseMain.runTestCase(TestCaseMain.java:114)
	at com.kms.katalon.core.keyword.builtin.CallTestCaseKeyword$_callTestCase_closure1.doCall(CallTestCaseKeyword.groovy:59)
	... 20 more
Caused by: com.kms.katalon.core.exception.StepFailedException: com.kms.katalon.core.webui.exception.WebElementNotFoundException: Web element with id: 'Object Repository/Page_Mattermost_Signup/input_email' located by 'By.xpath: //input[@id='email']' not found
	at com.kms.katalon.core.webui.keyword.internal.WebUIKeywordMain.stepFailed(WebUIKeywordMain.groovy:64)
	at com.kms.katalon.core.webui.keyword.builtin.VerifyElementPresentKeyword$_verifyElementPresent_closure1.doCall(VerifyElementPresentKeyword.groovy:85)
	at com.kms.katalon.core.webui.keyword.builtin.VerifyElementPresentKeyword$_verifyElementPresent_closure1.call(VerifyElementPresentKeyword.groovy)
	at com.kms.katalon.core.webui.keyword.internal.WebUIKeywordMain.runKeyword(WebUIKeywordMain.groovy:20)
	... 35 more
)

2020-06-05 23:07:17 - [TEST_STEP][PASSED] - Start tear down : Teardown: Method 'Teardown' complete successfully

2020-06-05 23:07:17 - [TEST_STEP][PASSED] - closeBrowser(): Browser is closed

2020-06-05 23:07:18 - [MESSAGE][PASSED] - Browser is closed

2020-06-05 23:07:18 - [MESSAGE][PASSED] - Method 'Teardown' complete successfully]]></system-out>
         <system-err><![CDATA[2020-06-05 23:07:10 - [TEST_CASE][FAILED] - Test Cases/Signup/TC_signup_03: Test Cases/Signup/TC_signup_03 FAILED.
Reason:
com.kms.katalon.core.exception.StepFailedException: Call Test Case 'Test Cases/Signup/signup_function' failed
	at com.kms.katalon.core.keyword.builtin.CallTestCaseKeyword$_callTestCase_closure1.doCall(CallTestCaseKeyword.groovy:63)
	at com.kms.katalon.core.keyword.builtin.CallTestCaseKeyword$_callTestCase_closure1.call(CallTestCaseKeyword.groovy)
	at com.kms.katalon.core.keyword.internal.KeywordMain.runKeyword(KeywordMain.groovy:68)
	at com.kms.katalon.core.keyword.builtin.CallTestCaseKeyword.callTestCase(CallTestCaseKeyword.groovy:81)
	at com.kms.katalon.core.keyword.builtin.CallTestCaseKeyword.execute(CallTestCaseKeyword.groovy:44)
	at com.kms.katalon.core.keyword.internal.KeywordExecutor.executeKeywordForPlatform(KeywordExecutor.groovy:72)
	at com.kms.katalon.core.keyword.BuiltinKeywords.callTestCase(BuiltinKeywords.groovy:334)
	at TC_signup_03.run(TC_signup_03:25)
	at com.kms.katalon.core.main.ScriptEngine.run(ScriptEngine.java:194)
	at com.kms.katalon.core.main.ScriptEngine.runScriptAsRawText(ScriptEngine.java:119)
	at com.kms.katalon.core.main.TestCaseExecutor.runScript(TestCaseExecutor.java:337)
	at com.kms.katalon.core.main.TestCaseExecutor.doExecute(TestCaseExecutor.java:328)
	at com.kms.katalon.core.main.TestCaseExecutor.processExecutionPhase(TestCaseExecutor.java:307)
	at com.kms.katalon.core.main.TestCaseExecutor.accessMainPhase(TestCaseExecutor.java:299)
	at com.kms.katalon.core.main.TestCaseExecutor.execute(TestCaseExecutor.java:233)
	at com.kms.katalon.core.main.TestSuiteExecutor.accessTestCaseMainPhase(TestSuiteExecutor.java:169)
	at com.kms.katalon.core.main.TestSuiteExecutor.accessTestSuiteMainPhase(TestSuiteExecutor.java:142)
	at com.kms.katalon.core.main.TestSuiteExecutor.execute(TestSuiteExecutor.java:91)
	at com.kms.katalon.core.main.TestCaseMain.startTestSuite(TestCaseMain.java:157)
	at com.kms.katalon.core.main.TestCaseMain$startTestSuite$0.call(Unknown Source)
	at TempTestSuite1591373123859.run(TempTestSuite1591373123859.groovy:37)
Caused by: com.kms.katalon.core.exception.StepFailedException: Unable to verify object 'Object Repository/Page_Mattermost_Signup/input_email' is present
	at com.kms.katalon.core.webui.keyword.internal.WebUIKeywordMain.stepFailed(WebUIKeywordMain.groovy:64)
	at com.kms.katalon.core.webui.keyword.internal.WebUIKeywordMain.runKeyword(WebUIKeywordMain.groovy:26)
	at com.kms.katalon.core.webui.keyword.builtin.VerifyElementPresentKeyword.verifyElementPresent(VerifyElementPresentKeyword.groovy:92)
	at com.kms.katalon.core.webui.keyword.builtin.VerifyElementPresentKeyword.execute(VerifyElementPresentKeyword.groovy:68)
	at com.kms.katalon.core.keyword.internal.KeywordExecutor.executeKeywordForPlatform(KeywordExecutor.groovy:72)
	at com.kms.katalon.core.webui.keyword.WebUiBuiltInKeywords.verifyElementPresent(WebUiBuiltInKeywords.groovy:1460)
	at com.kms.katalon.core.webui.keyword.WebUiBuiltInKeywords$verifyElementPresent$0.call(Unknown Source)
	at signup_function.run(signup_function:19)
	at com.kms.katalon.core.main.ScriptEngine.run(ScriptEngine.java:194)
	at com.kms.katalon.core.main.ScriptEngine.runScriptAsRawText(ScriptEngine.java:119)
	at com.kms.katalon.core.main.TestCaseExecutor.runScript(TestCaseExecutor.java:337)
	at com.kms.katalon.core.main.TestCaseExecutor.doExecute(TestCaseExecutor.java:328)
	at com.kms.katalon.core.main.TestCaseExecutor.processExecutionPhase(TestCaseExecutor.java:307)
	at com.kms.katalon.core.main.TestCaseExecutor.accessMainPhase(TestCaseExecutor.java:299)
	at com.kms.katalon.core.main.TestCaseExecutor.execute(TestCaseExecutor.java:233)
	at com.kms.katalon.core.main.TestCaseMain.runTestCase(TestCaseMain.java:114)
	at com.kms.katalon.core.keyword.builtin.CallTestCaseKeyword$_callTestCase_closure1.doCall(CallTestCaseKeyword.groovy:59)
	... 20 more
Caused by: com.kms.katalon.core.exception.StepFailedException: com.kms.katalon.core.webui.exception.WebElementNotFoundException: Web element with id: 'Object Repository/Page_Mattermost_Signup/input_email' located by 'By.xpath: //input[@id='email']' not found
	at com.kms.katalon.core.webui.keyword.internal.WebUIKeywordMain.stepFailed(WebUIKeywordMain.groovy:64)
	at com.kms.katalon.core.webui.keyword.builtin.VerifyElementPresentKeyword$_verifyElementPresent_closure1.doCall(VerifyElementPresentKeyword.groovy:85)
	at com.kms.katalon.core.webui.keyword.builtin.VerifyElementPresentKeyword$_verifyElementPresent_closure1.call(VerifyElementPresentKeyword.groovy)
	at com.kms.katalon.core.webui.keyword.internal.WebUIKeywordMain.runKeyword(WebUIKeywordMain.groovy:20)
	... 35 more]]></system-err>
      </testcase>
      <testcase name="Test Cases/Signup/TC_signup_03" time="7.871" classname="Test Cases/Signup/TC_signup_03" status="FAILED">
         <failure type="FAILED" message="Test Cases/Signup/TC_signup_03 FAILED.
Reason:
com.kms.katalon.core.exception.StepFailedException: Call Test Case 'Test Cases/Signup/signup_function' failed
	at com.kms.katalon.core.keyword.builtin.CallTestCaseKeyword$_callTestCase_closure1.doCall(CallTestCaseKeyword.groovy:63)
	at com.kms.katalon.core.keyword.builtin.CallTestCaseKeyword$_callTestCase_closure1.call(CallTestCaseKeyword.groovy)
	at com.kms.katalon.core.keyword.internal.KeywordMain.runKeyword(KeywordMain.groovy:68)
	at com.kms.katalon.core.keyword.builtin.CallTestCaseKeyword.callTestCase(CallTestCaseKeyword.groovy:81)
	at com.kms.katalon.core.keyword.builtin.CallTestCaseKeyword.execute(CallTestCaseKeyword.groovy:44)
	at com.kms.katalon.core.keyword.internal.KeywordExecutor.executeKeywordForPlatform(KeywordExecutor.groovy:72)
	at com.kms.katalon.core.keyword.BuiltinKeywords.callTestCase(BuiltinKeywords.groovy:334)
	at TC_signup_03.run(TC_signup_03:25)
	at com.kms.katalon.core.main.ScriptEngine.run(ScriptEngine.java:194)
	at com.kms.katalon.core.main.ScriptEngine.runScriptAsRawText(ScriptEngine.java:119)
	at com.kms.katalon.core.main.TestCaseExecutor.runScript(TestCaseExecutor.java:337)
	at com.kms.katalon.core.main.TestCaseExecutor.doExecute(TestCaseExecutor.java:328)
	at com.kms.katalon.core.main.TestCaseExecutor.processExecutionPhase(TestCaseExecutor.java:307)
	at com.kms.katalon.core.main.TestCaseExecutor.accessMainPhase(TestCaseExecutor.java:299)
	at com.kms.katalon.core.main.TestCaseExecutor.execute(TestCaseExecutor.java:233)
	at com.kms.katalon.core.main.TestSuiteExecutor.accessTestCaseMainPhase(TestSuiteExecutor.java:169)
	at com.kms.katalon.core.main.TestSuiteExecutor.accessTestSuiteMainPhase(TestSuiteExecutor.java:142)
	at com.kms.katalon.core.main.TestSuiteExecutor.execute(TestSuiteExecutor.java:91)
	at com.kms.katalon.core.main.TestCaseMain.startTestSuite(TestCaseMain.java:157)
	at com.kms.katalon.core.main.TestCaseMain$startTestSuite$0.call(Unknown Source)
	at TempTestSuite1591373123859.run(TempTestSuite1591373123859.groovy:37)
Caused by: com.kms.katalon.core.exception.StepFailedException: Unable to verify object 'Object Repository/Page_Mattermost_Signup/input_email' is present
	at com.kms.katalon.core.webui.keyword.internal.WebUIKeywordMain.stepFailed(WebUIKeywordMain.groovy:64)
	at com.kms.katalon.core.webui.keyword.internal.WebUIKeywordMain.runKeyword(WebUIKeywordMain.groovy:26)
	at com.kms.katalon.core.webui.keyword.builtin.VerifyElementPresentKeyword.verifyElementPresent(VerifyElementPresentKeyword.groovy:92)
	at com.kms.katalon.core.webui.keyword.builtin.VerifyElementPresentKeyword.execute(VerifyElementPresentKeyword.groovy:68)
	at com.kms.katalon.core.keyword.internal.KeywordExecutor.executeKeywordForPlatform(KeywordExecutor.groovy:72)
	at com.kms.katalon.core.webui.keyword.WebUiBuiltInKeywords.verifyElementPresent(WebUiBuiltInKeywords.groovy:1460)
	at com.kms.katalon.core.webui.keyword.WebUiBuiltInKeywords$verifyElementPresent$0.call(Unknown Source)
	at signup_function.run(signup_function:19)
	at com.kms.katalon.core.main.ScriptEngine.run(ScriptEngine.java:194)
	at com.kms.katalon.core.main.ScriptEngine.runScriptAsRawText(ScriptEngine.java:119)
	at com.kms.katalon.core.main.TestCaseExecutor.runScript(TestCaseExecutor.java:337)
	at com.kms.katalon.core.main.TestCaseExecutor.doExecute(TestCaseExecutor.java:328)
	at com.kms.katalon.core.main.TestCaseExecutor.processExecutionPhase(TestCaseExecutor.java:307)
	at com.kms.katalon.core.main.TestCaseExecutor.accessMainPhase(TestCaseExecutor.java:299)
	at com.kms.katalon.core.main.TestCaseExecutor.execute(TestCaseExecutor.java:233)
	at com.kms.katalon.core.main.TestCaseMain.runTestCase(TestCaseMain.java:114)
	at com.kms.katalon.core.keyword.builtin.CallTestCaseKeyword$_callTestCase_closure1.doCall(CallTestCaseKeyword.groovy:59)
	... 20 more
Caused by: com.kms.katalon.core.exception.StepFailedException: com.kms.katalon.core.webui.exception.WebElementNotFoundException: Web element with id: 'Object Repository/Page_Mattermost_Signup/input_email' located by 'By.xpath: //input[@id='email']' not found
	at com.kms.katalon.core.webui.keyword.internal.WebUIKeywordMain.stepFailed(WebUIKeywordMain.groovy:64)
	at com.kms.katalon.core.webui.keyword.builtin.VerifyElementPresentKeyword$_verifyElementPresent_closure1.doCall(VerifyElementPresentKeyword.groovy:85)
	at com.kms.katalon.core.webui.keyword.builtin.VerifyElementPresentKeyword$_verifyElementPresent_closure1.call(VerifyElementPresentKeyword.groovy)
	at com.kms.katalon.core.webui.keyword.internal.WebUIKeywordMain.runKeyword(WebUIKeywordMain.groovy:20)
	... 35 more
"/>
         <system-out><![CDATA[2020-06-05 23:07:18 - [TEST_CASE][FAILED] - Test Cases/Signup/TC_signup_03: Test Cases/Signup/TC_signup_03 FAILED.
Reason:
com.kms.katalon.core.exception.StepFailedException: Call Test Case 'Test Cases/Signup/signup_function' failed
	at com.kms.katalon.core.keyword.builtin.CallTestCaseKeyword$_callTestCase_closure1.doCall(CallTestCaseKeyword.groovy:63)
	at com.kms.katalon.core.keyword.builtin.CallTestCaseKeyword$_callTestCase_closure1.call(CallTestCaseKeyword.groovy)
	at com.kms.katalon.core.keyword.internal.KeywordMain.runKeyword(KeywordMain.groovy:68)
	at com.kms.katalon.core.keyword.builtin.CallTestCaseKeyword.callTestCase(CallTestCaseKeyword.groovy:81)
	at com.kms.katalon.core.keyword.builtin.CallTestCaseKeyword.execute(CallTestCaseKeyword.groovy:44)
	at com.kms.katalon.core.keyword.internal.KeywordExecutor.executeKeywordForPlatform(KeywordExecutor.groovy:72)
	at com.kms.katalon.core.keyword.BuiltinKeywords.callTestCase(BuiltinKeywords.groovy:334)
	at TC_signup_03.run(TC_signup_03:25)
	at com.kms.katalon.core.main.ScriptEngine.run(ScriptEngine.java:194)
	at com.kms.katalon.core.main.ScriptEngine.runScriptAsRawText(ScriptEngine.java:119)
	at com.kms.katalon.core.main.TestCaseExecutor.runScript(TestCaseExecutor.java:337)
	at com.kms.katalon.core.main.TestCaseExecutor.doExecute(TestCaseExecutor.java:328)
	at com.kms.katalon.core.main.TestCaseExecutor.processExecutionPhase(TestCaseExecutor.java:307)
	at com.kms.katalon.core.main.TestCaseExecutor.accessMainPhase(TestCaseExecutor.java:299)
	at com.kms.katalon.core.main.TestCaseExecutor.execute(TestCaseExecutor.java:233)
	at com.kms.katalon.core.main.TestSuiteExecutor.accessTestCaseMainPhase(TestSuiteExecutor.java:169)
	at com.kms.katalon.core.main.TestSuiteExecutor.accessTestSuiteMainPhase(TestSuiteExecutor.java:142)
	at com.kms.katalon.core.main.TestSuiteExecutor.execute(TestSuiteExecutor.java:91)
	at com.kms.katalon.core.main.TestCaseMain.startTestSuite(TestCaseMain.java:157)
	at com.kms.katalon.core.main.TestCaseMain$startTestSuite$0.call(Unknown Source)
	at TempTestSuite1591373123859.run(TempTestSuite1591373123859.groovy:37)
Caused by: com.kms.katalon.core.exception.StepFailedException: Unable to verify object 'Object Repository/Page_Mattermost_Signup/input_email' is present
	at com.kms.katalon.core.webui.keyword.internal.WebUIKeywordMain.stepFailed(WebUIKeywordMain.groovy:64)
	at com.kms.katalon.core.webui.keyword.internal.WebUIKeywordMain.runKeyword(WebUIKeywordMain.groovy:26)
	at com.kms.katalon.core.webui.keyword.builtin.VerifyElementPresentKeyword.verifyElementPresent(VerifyElementPresentKeyword.groovy:92)
	at com.kms.katalon.core.webui.keyword.builtin.VerifyElementPresentKeyword.execute(VerifyElementPresentKeyword.groovy:68)
	at com.kms.katalon.core.keyword.internal.KeywordExecutor.executeKeywordForPlatform(KeywordExecutor.groovy:72)
	at com.kms.katalon.core.webui.keyword.WebUiBuiltInKeywords.verifyElementPresent(WebUiBuiltInKeywords.groovy:1460)
	at com.kms.katalon.core.webui.keyword.WebUiBuiltInKeywords$verifyElementPresent$0.call(Unknown Source)
	at signup_function.run(signup_function:19)
	at com.kms.katalon.core.main.ScriptEngine.run(ScriptEngine.java:194)
	at com.kms.katalon.core.main.ScriptEngine.runScriptAsRawText(ScriptEngine.java:119)
	at com.kms.katalon.core.main.TestCaseExecutor.runScript(TestCaseExecutor.java:337)
	at com.kms.katalon.core.main.TestCaseExecutor.doExecute(TestCaseExecutor.java:328)
	at com.kms.katalon.core.main.TestCaseExecutor.processExecutionPhase(TestCaseExecutor.java:307)
	at com.kms.katalon.core.main.TestCaseExecutor.accessMainPhase(TestCaseExecutor.java:299)
	at com.kms.katalon.core.main.TestCaseExecutor.execute(TestCaseExecutor.java:233)
	at com.kms.katalon.core.main.TestCaseMain.runTestCase(TestCaseMain.java:114)
	at com.kms.katalon.core.keyword.builtin.CallTestCaseKeyword$_callTestCase_closure1.doCall(CallTestCaseKeyword.groovy:59)
	... 20 more
Caused by: com.kms.katalon.core.exception.StepFailedException: com.kms.katalon.core.webui.exception.WebElementNotFoundException: Web element with id: 'Object Repository/Page_Mattermost_Signup/input_email' located by 'By.xpath: //input[@id='email']' not found
	at com.kms.katalon.core.webui.keyword.internal.WebUIKeywordMain.stepFailed(WebUIKeywordMain.groovy:64)
	at com.kms.katalon.core.webui.keyword.builtin.VerifyElementPresentKeyword$_verifyElementPresent_closure1.doCall(VerifyElementPresentKeyword.groovy:85)
	at com.kms.katalon.core.webui.keyword.builtin.VerifyElementPresentKeyword$_verifyElementPresent_closure1.call(VerifyElementPresentKeyword.groovy)
	at com.kms.katalon.core.webui.keyword.internal.WebUIKeywordMain.runKeyword(WebUIKeywordMain.groovy:20)
	... 35 more


2020-06-05 23:07:18 - [TEST_STEP][PASSED] - Start setup action : Setup: Method 'Setup' complete successfully

2020-06-05 23:07:18 - [TEST_STEP][PASSED] - openBrowser("http://192.168.1.10:8065/signup_email"): Browser is opened with url: 'http://192.168.1.10:8065/signup_email'

2020-06-05 23:07:18 - [MESSAGE][INFO] - Starting 'Firefox' driver

2020-06-05 23:07:18 - [MESSAGE][INFO] - Action delay is set to 0 milliseconds

2020-06-05 23:07:23 - [MESSAGE][PASSED] - Browser is opened with url: 'http://192.168.1.10:8065/signup_email'

2020-06-05 23:07:23 - [MESSAGE][PASSED] - Method 'Setup' complete successfully

2020-06-05 23:07:23 - [TEST_STEP][FAILED] - callTestCase(findTestCase("Test Cases/Signup/signup_function"), ["var_email":var_email, "var_name":var_name, "var_password":var_password], STOP_ON_FAILURE): Unable to call Test Case 'Test Cases/Signup/signup_function' (Root cause: com.kms.katalon.core.exception.StepFailedException: Call Test Case 'Test Cases/Signup/signup_function' failed
	at com.kms.katalon.core.keyword.builtin.CallTestCaseKeyword$_callTestCase_closure1.doCall(CallTestCaseKeyword.groovy:63)
	at com.kms.katalon.core.keyword.builtin.CallTestCaseKeyword$_callTestCase_closure1.call(CallTestCaseKeyword.groovy)
	at com.kms.katalon.core.keyword.internal.KeywordMain.runKeyword(KeywordMain.groovy:68)
	at com.kms.katalon.core.keyword.builtin.CallTestCaseKeyword.callTestCase(CallTestCaseKeyword.groovy:81)
	at com.kms.katalon.core.keyword.builtin.CallTestCaseKeyword.execute(CallTestCaseKeyword.groovy:44)
	at com.kms.katalon.core.keyword.internal.KeywordExecutor.executeKeywordForPlatform(KeywordExecutor.groovy:72)
	at com.kms.katalon.core.keyword.BuiltinKeywords.callTestCase(BuiltinKeywords.groovy:334)
	at TC_signup_03.run(TC_signup_03:25)
	at com.kms.katalon.core.main.ScriptEngine.run(ScriptEngine.java:194)
	at com.kms.katalon.core.main.ScriptEngine.runScriptAsRawText(ScriptEngine.java:119)
	at com.kms.katalon.core.main.TestCaseExecutor.runScript(TestCaseExecutor.java:337)
	at com.kms.katalon.core.main.TestCaseExecutor.doExecute(TestCaseExecutor.java:328)
	at com.kms.katalon.core.main.TestCaseExecutor.processExecutionPhase(TestCaseExecutor.java:307)
	at com.kms.katalon.core.main.TestCaseExecutor.accessMainPhase(TestCaseExecutor.java:299)
	at com.kms.katalon.core.main.TestCaseExecutor.execute(TestCaseExecutor.java:233)
	at com.kms.katalon.core.main.TestSuiteExecutor.accessTestCaseMainPhase(TestSuiteExecutor.java:169)
	at com.kms.katalon.core.main.TestSuiteExecutor.accessTestSuiteMainPhase(TestSuiteExecutor.java:142)
	at com.kms.katalon.core.main.TestSuiteExecutor.execute(TestSuiteExecutor.java:91)
	at com.kms.katalon.core.main.TestCaseMain.startTestSuite(TestCaseMain.java:157)
	at com.kms.katalon.core.main.TestCaseMain$startTestSuite$0.call(Unknown Source)
	at TempTestSuite1591373123859.run(TempTestSuite1591373123859.groovy:37)
Caused by: com.kms.katalon.core.exception.StepFailedException: Unable to verify object 'Object Repository/Page_Mattermost_Signup/input_email' is present
	at com.kms.katalon.core.webui.keyword.internal.WebUIKeywordMain.stepFailed(WebUIKeywordMain.groovy:64)
	at com.kms.katalon.core.webui.keyword.internal.WebUIKeywordMain.runKeyword(WebUIKeywordMain.groovy:26)
	at com.kms.katalon.core.webui.keyword.builtin.VerifyElementPresentKeyword.verifyElementPresent(VerifyElementPresentKeyword.groovy:92)
	at com.kms.katalon.core.webui.keyword.builtin.VerifyElementPresentKeyword.execute(VerifyElementPresentKeyword.groovy:68)
	at com.kms.katalon.core.keyword.internal.KeywordExecutor.executeKeywordForPlatform(KeywordExecutor.groovy:72)
	at com.kms.katalon.core.webui.keyword.WebUiBuiltInKeywords.verifyElementPresent(WebUiBuiltInKeywords.groovy:1460)
	at com.kms.katalon.core.webui.keyword.WebUiBuiltInKeywords$verifyElementPresent$0.call(Unknown Source)
	at signup_function.run(signup_function:19)
	at com.kms.katalon.core.main.ScriptEngine.run(ScriptEngine.java:194)
	at com.kms.katalon.core.main.ScriptEngine.runScriptAsRawText(ScriptEngine.java:119)
	at com.kms.katalon.core.main.TestCaseExecutor.runScript(TestCaseExecutor.java:337)
	at com.kms.katalon.core.main.TestCaseExecutor.doExecute(TestCaseExecutor.java:328)
	at com.kms.katalon.core.main.TestCaseExecutor.processExecutionPhase(TestCaseExecutor.java:307)
	at com.kms.katalon.core.main.TestCaseExecutor.accessMainPhase(TestCaseExecutor.java:299)
	at com.kms.katalon.core.main.TestCaseExecutor.execute(TestCaseExecutor.java:233)
	at com.kms.katalon.core.main.TestCaseMain.runTestCase(TestCaseMain.java:114)
	at com.kms.katalon.core.keyword.builtin.CallTestCaseKeyword$_callTestCase_closure1.doCall(CallTestCaseKeyword.groovy:59)
	... 20 more
Caused by: com.kms.katalon.core.exception.StepFailedException: com.kms.katalon.core.webui.exception.WebElementNotFoundException: Web element with id: 'Object Repository/Page_Mattermost_Signup/input_email' located by 'By.xpath: //input[@id='email']' not found
	at com.kms.katalon.core.webui.keyword.internal.WebUIKeywordMain.stepFailed(WebUIKeywordMain.groovy:64)
	at com.kms.katalon.core.webui.keyword.builtin.VerifyElementPresentKeyword$_verifyElementPresent_closure1.doCall(VerifyElementPresentKeyword.groovy:85)
	at com.kms.katalon.core.webui.keyword.builtin.VerifyElementPresentKeyword$_verifyElementPresent_closure1.call(VerifyElementPresentKeyword.groovy)
	at com.kms.katalon.core.webui.keyword.internal.WebUIKeywordMain.runKeyword(WebUIKeywordMain.groovy:20)
	... 35 more
)

2020-06-05 23:07:23 - [TEST_CASE][FAILED] - Test Cases/Signup/signup_function: Test Cases/Signup/signup_function FAILED.
Reason:
com.kms.katalon.core.exception.StepFailedException: Unable to verify object 'Object Repository/Page_Mattermost_Signup/input_email' is present
	at com.kms.katalon.core.webui.keyword.internal.WebUIKeywordMain.stepFailed(WebUIKeywordMain.groovy:64)
	at com.kms.katalon.core.webui.keyword.internal.WebUIKeywordMain.runKeyword(WebUIKeywordMain.groovy:26)
	at com.kms.katalon.core.webui.keyword.builtin.VerifyElementPresentKeyword.verifyElementPresent(VerifyElementPresentKeyword.groovy:92)
	at com.kms.katalon.core.webui.keyword.builtin.VerifyElementPresentKeyword.execute(VerifyElementPresentKeyword.groovy:68)
	at com.kms.katalon.core.keyword.internal.KeywordExecutor.executeKeywordForPlatform(KeywordExecutor.groovy:72)
	at com.kms.katalon.core.webui.keyword.WebUiBuiltInKeywords.verifyElementPresent(WebUiBuiltInKeywords.groovy:1460)
	at com.kms.katalon.core.webui.keyword.WebUiBuiltInKeywords$verifyElementPresent$0.call(Unknown Source)
	at signup_function.run(signup_function:19)
	at com.kms.katalon.core.main.ScriptEngine.run(ScriptEngine.java:194)
	at com.kms.katalon.core.main.ScriptEngine.runScriptAsRawText(ScriptEngine.java:119)
	at com.kms.katalon.core.main.TestCaseExecutor.runScript(TestCaseExecutor.java:337)
	at com.kms.katalon.core.main.TestCaseExecutor.doExecute(TestCaseExecutor.java:328)
	at com.kms.katalon.core.main.TestCaseExecutor.processExecutionPhase(TestCaseExecutor.java:307)
	at com.kms.katalon.core.main.TestCaseExecutor.accessMainPhase(TestCaseExecutor.java:299)
	at com.kms.katalon.core.main.TestCaseExecutor.execute(TestCaseExecutor.java:233)
	at com.kms.katalon.core.main.TestCaseMain.runTestCase(TestCaseMain.java:114)
	at com.kms.katalon.core.keyword.builtin.CallTestCaseKeyword$_callTestCase_closure1.doCall(CallTestCaseKeyword.groovy:59)
	at com.kms.katalon.core.keyword.builtin.CallTestCaseKeyword$_callTestCase_closure1.call(CallTestCaseKeyword.groovy)
	at com.kms.katalon.core.keyword.internal.KeywordMain.runKeyword(KeywordMain.groovy:68)
	at com.kms.katalon.core.keyword.builtin.CallTestCaseKeyword.callTestCase(CallTestCaseKeyword.groovy:81)
	at com.kms.katalon.core.keyword.builtin.CallTestCaseKeyword.execute(CallTestCaseKeyword.groovy:44)
	at com.kms.katalon.core.keyword.internal.KeywordExecutor.executeKeywordForPlatform(KeywordExecutor.groovy:72)
	at com.kms.katalon.core.keyword.BuiltinKeywords.callTestCase(BuiltinKeywords.groovy:334)
	at TC_signup_03.run(TC_signup_03:25)
	at com.kms.katalon.core.main.ScriptEngine.run(ScriptEngine.java:194)
	at com.kms.katalon.core.main.ScriptEngine.runScriptAsRawText(ScriptEngine.java:119)
	at com.kms.katalon.core.main.TestCaseExecutor.runScript(TestCaseExecutor.java:337)
	at com.kms.katalon.core.main.TestCaseExecutor.doExecute(TestCaseExecutor.java:328)
	at com.kms.katalon.core.main.TestCaseExecutor.processExecutionPhase(TestCaseExecutor.java:307)
	at com.kms.katalon.core.main.TestCaseExecutor.accessMainPhase(TestCaseExecutor.java:299)
	at com.kms.katalon.core.main.TestCaseExecutor.execute(TestCaseExecutor.java:233)
	at com.kms.katalon.core.main.TestSuiteExecutor.accessTestCaseMainPhase(TestSuiteExecutor.java:169)
	at com.kms.katalon.core.main.TestSuiteExecutor.accessTestSuiteMainPhase(TestSuiteExecutor.java:142)
	at com.kms.katalon.core.main.TestSuiteExecutor.execute(TestSuiteExecutor.java:91)
	at com.kms.katalon.core.main.TestCaseMain.startTestSuite(TestCaseMain.java:157)
	at com.kms.katalon.core.main.TestCaseMain$startTestSuite$0.call(Unknown Source)
	at TempTestSuite1591373123859.run(TempTestSuite1591373123859.groovy:37)
Caused by: com.kms.katalon.core.exception.StepFailedException: com.kms.katalon.core.webui.exception.WebElementNotFoundException: Web element with id: 'Object Repository/Page_Mattermost_Signup/input_email' located by 'By.xpath: //input[@id='email']' not found
	at com.kms.katalon.core.webui.keyword.internal.WebUIKeywordMain.stepFailed(WebUIKeywordMain.groovy:64)
	at com.kms.katalon.core.webui.keyword.builtin.VerifyElementPresentKeyword$_verifyElementPresent_closure1.doCall(VerifyElementPresentKeyword.groovy:85)
	at com.kms.katalon.core.webui.keyword.builtin.VerifyElementPresentKeyword$_verifyElementPresent_closure1.call(VerifyElementPresentKeyword.groovy)
	at com.kms.katalon.core.webui.keyword.internal.WebUIKeywordMain.runKeyword(WebUIKeywordMain.groovy:20)
	... 35 more


2020-06-05 23:07:23 - [TEST_STEP][FAILED] - verifyEqual(verifyElementPresent(findTestObject("Object Repository/Page_Mattermost_Signup/input_email"), 1), true): Unable to verify object 'Object Repository/Page_Mattermost_Signup/input_email' is present (Root cause: com.kms.katalon.core.exception.StepFailedException: Unable to verify object 'Object Repository/Page_Mattermost_Signup/input_email' is present
	at com.kms.katalon.core.webui.keyword.internal.WebUIKeywordMain.stepFailed(WebUIKeywordMain.groovy:64)
	at com.kms.katalon.core.webui.keyword.internal.WebUIKeywordMain.runKeyword(WebUIKeywordMain.groovy:26)
	at com.kms.katalon.core.webui.keyword.builtin.VerifyElementPresentKeyword.verifyElementPresent(VerifyElementPresentKeyword.groovy:92)
	at com.kms.katalon.core.webui.keyword.builtin.VerifyElementPresentKeyword.execute(VerifyElementPresentKeyword.groovy:68)
	at com.kms.katalon.core.keyword.internal.KeywordExecutor.executeKeywordForPlatform(KeywordExecutor.groovy:72)
	at com.kms.katalon.core.webui.keyword.WebUiBuiltInKeywords.verifyElementPresent(WebUiBuiltInKeywords.groovy:1460)
	at com.kms.katalon.core.webui.keyword.WebUiBuiltInKeywords$verifyElementPresent$0.call(Unknown Source)
	at signup_function.run(signup_function:19)
	at com.kms.katalon.core.main.ScriptEngine.run(ScriptEngine.java:194)
	at com.kms.katalon.core.main.ScriptEngine.runScriptAsRawText(ScriptEngine.java:119)
	at com.kms.katalon.core.main.TestCaseExecutor.runScript(TestCaseExecutor.java:337)
	at com.kms.katalon.core.main.TestCaseExecutor.doExecute(TestCaseExecutor.java:328)
	at com.kms.katalon.core.main.TestCaseExecutor.processExecutionPhase(TestCaseExecutor.java:307)
	at com.kms.katalon.core.main.TestCaseExecutor.accessMainPhase(TestCaseExecutor.java:299)
	at com.kms.katalon.core.main.TestCaseExecutor.execute(TestCaseExecutor.java:233)
	at com.kms.katalon.core.main.TestCaseMain.runTestCase(TestCaseMain.java:114)
	at com.kms.katalon.core.keyword.builtin.CallTestCaseKeyword$_callTestCase_closure1.doCall(CallTestCaseKeyword.groovy:59)
	at com.kms.katalon.core.keyword.builtin.CallTestCaseKeyword$_callTestCase_closure1.call(CallTestCaseKeyword.groovy)
	at com.kms.katalon.core.keyword.internal.KeywordMain.runKeyword(KeywordMain.groovy:68)
	at com.kms.katalon.core.keyword.builtin.CallTestCaseKeyword.callTestCase(CallTestCaseKeyword.groovy:81)
	at com.kms.katalon.core.keyword.builtin.CallTestCaseKeyword.execute(CallTestCaseKeyword.groovy:44)
	at com.kms.katalon.core.keyword.internal.KeywordExecutor.executeKeywordForPlatform(KeywordExecutor.groovy:72)
	at com.kms.katalon.core.keyword.BuiltinKeywords.callTestCase(BuiltinKeywords.groovy:334)
	at TC_signup_03.run(TC_signup_03:25)
	at com.kms.katalon.core.main.ScriptEngine.run(ScriptEngine.java:194)
	at com.kms.katalon.core.main.ScriptEngine.runScriptAsRawText(ScriptEngine.java:119)
	at com.kms.katalon.core.main.TestCaseExecutor.runScript(TestCaseExecutor.java:337)
	at com.kms.katalon.core.main.TestCaseExecutor.doExecute(TestCaseExecutor.java:328)
	at com.kms.katalon.core.main.TestCaseExecutor.processExecutionPhase(TestCaseExecutor.java:307)
	at com.kms.katalon.core.main.TestCaseExecutor.accessMainPhase(TestCaseExecutor.java:299)
	at com.kms.katalon.core.main.TestCaseExecutor.execute(TestCaseExecutor.java:233)
	at com.kms.katalon.core.main.TestSuiteExecutor.accessTestCaseMainPhase(TestSuiteExecutor.java:169)
	at com.kms.katalon.core.main.TestSuiteExecutor.accessTestSuiteMainPhase(TestSuiteExecutor.java:142)
	at com.kms.katalon.core.main.TestSuiteExecutor.execute(TestSuiteExecutor.java:91)
	at com.kms.katalon.core.main.TestCaseMain.startTestSuite(TestCaseMain.java:157)
	at com.kms.katalon.core.main.TestCaseMain$startTestSuite$0.call(Unknown Source)
	at TempTestSuite1591373123859.run(TempTestSuite1591373123859.groovy:37)
Caused by: com.kms.katalon.core.exception.StepFailedException: com.kms.katalon.core.webui.exception.WebElementNotFoundException: Web element with id: 'Object Repository/Page_Mattermost_Signup/input_email' located by 'By.xpath: //input[@id='email']' not found
	at com.kms.katalon.core.webui.keyword.internal.WebUIKeywordMain.stepFailed(WebUIKeywordMain.groovy:64)
	at com.kms.katalon.core.webui.keyword.builtin.VerifyElementPresentKeyword$_verifyElementPresent_closure1.doCall(VerifyElementPresentKeyword.groovy:85)
	at com.kms.katalon.core.webui.keyword.builtin.VerifyElementPresentKeyword$_verifyElementPresent_closure1.call(VerifyElementPresentKeyword.groovy)
	at com.kms.katalon.core.webui.keyword.internal.WebUIKeywordMain.runKeyword(WebUIKeywordMain.groovy:20)
	... 35 more
)

2020-06-05 23:07:25 - [MESSAGE][INFO] - Unable to find the element located by 'By.xpath: //input[@id='email']'. Please recheck the objects properties to make sure the desired element is located. 

2020-06-05 23:07:25 - [MESSAGE][FAILED] - com.kms.katalon.core.webui.exception.WebElementNotFoundException: Web element with id: 'Object Repository/Page_Mattermost_Signup/input_email' located by 'By.xpath: //input[@id='email']' not found (Root cause: com.kms.katalon.core.exception.StepFailedException: com.kms.katalon.core.webui.exception.WebElementNotFoundException: Web element with id: 'Object Repository/Page_Mattermost_Signup/input_email' located by 'By.xpath: //input[@id='email']' not found
	at com.kms.katalon.core.webui.keyword.internal.WebUIKeywordMain.stepFailed(WebUIKeywordMain.groovy:64)
	at com.kms.katalon.core.webui.keyword.builtin.VerifyElementPresentKeyword$_verifyElementPresent_closure1.doCall(VerifyElementPresentKeyword.groovy:85)
	at com.kms.katalon.core.webui.keyword.builtin.VerifyElementPresentKeyword$_verifyElementPresent_closure1.call(VerifyElementPresentKeyword.groovy)
	at com.kms.katalon.core.webui.keyword.internal.WebUIKeywordMain.runKeyword(WebUIKeywordMain.groovy:20)
	at com.kms.katalon.core.webui.keyword.builtin.VerifyElementPresentKeyword.verifyElementPresent(VerifyElementPresentKeyword.groovy:92)
	at com.kms.katalon.core.webui.keyword.builtin.VerifyElementPresentKeyword.execute(VerifyElementPresentKeyword.groovy:68)
	at com.kms.katalon.core.keyword.internal.KeywordExecutor.executeKeywordForPlatform(KeywordExecutor.groovy:72)
	at com.kms.katalon.core.webui.keyword.WebUiBuiltInKeywords.verifyElementPresent(WebUiBuiltInKeywords.groovy:1460)
	at com.kms.katalon.core.webui.keyword.WebUiBuiltInKeywords$verifyElementPresent$0.call(Unknown Source)
	at signup_function.run(signup_function:19)
	at com.kms.katalon.core.main.ScriptEngine.run(ScriptEngine.java:194)
	at com.kms.katalon.core.main.ScriptEngine.runScriptAsRawText(ScriptEngine.java:119)
	at com.kms.katalon.core.main.TestCaseExecutor.runScript(TestCaseExecutor.java:337)
	at com.kms.katalon.core.main.TestCaseExecutor.doExecute(TestCaseExecutor.java:328)
	at com.kms.katalon.core.main.TestCaseExecutor.processExecutionPhase(TestCaseExecutor.java:307)
	at com.kms.katalon.core.main.TestCaseExecutor.accessMainPhase(TestCaseExecutor.java:299)
	at com.kms.katalon.core.main.TestCaseExecutor.execute(TestCaseExecutor.java:233)
	at com.kms.katalon.core.main.TestCaseMain.runTestCase(TestCaseMain.java:114)
	at com.kms.katalon.core.keyword.builtin.CallTestCaseKeyword$_callTestCase_closure1.doCall(CallTestCaseKeyword.groovy:59)
	at com.kms.katalon.core.keyword.builtin.CallTestCaseKeyword$_callTestCase_closure1.call(CallTestCaseKeyword.groovy)
	at com.kms.katalon.core.keyword.internal.KeywordMain.runKeyword(KeywordMain.groovy:68)
	at com.kms.katalon.core.keyword.builtin.CallTestCaseKeyword.callTestCase(CallTestCaseKeyword.groovy:81)
	at com.kms.katalon.core.keyword.builtin.CallTestCaseKeyword.execute(CallTestCaseKeyword.groovy:44)
	at com.kms.katalon.core.keyword.internal.KeywordExecutor.executeKeywordForPlatform(KeywordExecutor.groovy:72)
	at com.kms.katalon.core.keyword.BuiltinKeywords.callTestCase(BuiltinKeywords.groovy:334)
	at TC_signup_03.run(TC_signup_03:25)
	at com.kms.katalon.core.main.ScriptEngine.run(ScriptEngine.java:194)
	at com.kms.katalon.core.main.ScriptEngine.runScriptAsRawText(ScriptEngine.java:119)
	at com.kms.katalon.core.main.TestCaseExecutor.runScript(TestCaseExecutor.java:337)
	at com.kms.katalon.core.main.TestCaseExecutor.doExecute(TestCaseExecutor.java:328)
	at com.kms.katalon.core.main.TestCaseExecutor.processExecutionPhase(TestCaseExecutor.java:307)
	at com.kms.katalon.core.main.TestCaseExecutor.accessMainPhase(TestCaseExecutor.java:299)
	at com.kms.katalon.core.main.TestCaseExecutor.execute(TestCaseExecutor.java:233)
	at com.kms.katalon.core.main.TestSuiteExecutor.accessTestCaseMainPhase(TestSuiteExecutor.java:169)
	at com.kms.katalon.core.main.TestSuiteExecutor.accessTestSuiteMainPhase(TestSuiteExecutor.java:142)
	at com.kms.katalon.core.main.TestSuiteExecutor.execute(TestSuiteExecutor.java:91)
	at com.kms.katalon.core.main.TestCaseMain.startTestSuite(TestCaseMain.java:157)
	at com.kms.katalon.core.main.TestCaseMain$startTestSuite$0.call(Unknown Source)
	at TempTestSuite1591373123859.run(TempTestSuite1591373123859.groovy:37)
)
[[ATTACHMENT|D:\\katalon\\hw2-katalon-testing\\Reports\\20200605_230523\\Run_All_Test_Cases\\20200605_230523\\1591373245528.png]]

2020-06-05 23:07:25 - [MESSAGE][FAILED] - Unable to verify object 'Object Repository/Page_Mattermost_Signup/input_email' is present (Root cause: com.kms.katalon.core.exception.StepFailedException: Unable to verify object 'Object Repository/Page_Mattermost_Signup/input_email' is present
	at com.kms.katalon.core.webui.keyword.internal.WebUIKeywordMain.stepFailed(WebUIKeywordMain.groovy:64)
	at com.kms.katalon.core.webui.keyword.internal.WebUIKeywordMain.runKeyword(WebUIKeywordMain.groovy:26)
	at com.kms.katalon.core.webui.keyword.builtin.VerifyElementPresentKeyword.verifyElementPresent(VerifyElementPresentKeyword.groovy:92)
	at com.kms.katalon.core.webui.keyword.builtin.VerifyElementPresentKeyword.execute(VerifyElementPresentKeyword.groovy:68)
	at com.kms.katalon.core.keyword.internal.KeywordExecutor.executeKeywordForPlatform(KeywordExecutor.groovy:72)
	at com.kms.katalon.core.webui.keyword.WebUiBuiltInKeywords.verifyElementPresent(WebUiBuiltInKeywords.groovy:1460)
	at com.kms.katalon.core.webui.keyword.WebUiBuiltInKeywords$verifyElementPresent$0.call(Unknown Source)
	at signup_function.run(signup_function:19)
	at com.kms.katalon.core.main.ScriptEngine.run(ScriptEngine.java:194)
	at com.kms.katalon.core.main.ScriptEngine.runScriptAsRawText(ScriptEngine.java:119)
	at com.kms.katalon.core.main.TestCaseExecutor.runScript(TestCaseExecutor.java:337)
	at com.kms.katalon.core.main.TestCaseExecutor.doExecute(TestCaseExecutor.java:328)
	at com.kms.katalon.core.main.TestCaseExecutor.processExecutionPhase(TestCaseExecutor.java:307)
	at com.kms.katalon.core.main.TestCaseExecutor.accessMainPhase(TestCaseExecutor.java:299)
	at com.kms.katalon.core.main.TestCaseExecutor.execute(TestCaseExecutor.java:233)
	at com.kms.katalon.core.main.TestCaseMain.runTestCase(TestCaseMain.java:114)
	at com.kms.katalon.core.keyword.builtin.CallTestCaseKeyword$_callTestCase_closure1.doCall(CallTestCaseKeyword.groovy:59)
	at com.kms.katalon.core.keyword.builtin.CallTestCaseKeyword$_callTestCase_closure1.call(CallTestCaseKeyword.groovy)
	at com.kms.katalon.core.keyword.internal.KeywordMain.runKeyword(KeywordMain.groovy:68)
	at com.kms.katalon.core.keyword.builtin.CallTestCaseKeyword.callTestCase(CallTestCaseKeyword.groovy:81)
	at com.kms.katalon.core.keyword.builtin.CallTestCaseKeyword.execute(CallTestCaseKeyword.groovy:44)
	at com.kms.katalon.core.keyword.internal.KeywordExecutor.executeKeywordForPlatform(KeywordExecutor.groovy:72)
	at com.kms.katalon.core.keyword.BuiltinKeywords.callTestCase(BuiltinKeywords.groovy:334)
	at TC_signup_03.run(TC_signup_03:25)
	at com.kms.katalon.core.main.ScriptEngine.run(ScriptEngine.java:194)
	at com.kms.katalon.core.main.ScriptEngine.runScriptAsRawText(ScriptEngine.java:119)
	at com.kms.katalon.core.main.TestCaseExecutor.runScript(TestCaseExecutor.java:337)
	at com.kms.katalon.core.main.TestCaseExecutor.doExecute(TestCaseExecutor.java:328)
	at com.kms.katalon.core.main.TestCaseExecutor.processExecutionPhase(TestCaseExecutor.java:307)
	at com.kms.katalon.core.main.TestCaseExecutor.accessMainPhase(TestCaseExecutor.java:299)
	at com.kms.katalon.core.main.TestCaseExecutor.execute(TestCaseExecutor.java:233)
	at com.kms.katalon.core.main.TestSuiteExecutor.accessTestCaseMainPhase(TestSuiteExecutor.java:169)
	at com.kms.katalon.core.main.TestSuiteExecutor.accessTestSuiteMainPhase(TestSuiteExecutor.java:142)
	at com.kms.katalon.core.main.TestSuiteExecutor.execute(TestSuiteExecutor.java:91)
	at com.kms.katalon.core.main.TestCaseMain.startTestSuite(TestCaseMain.java:157)
	at com.kms.katalon.core.main.TestCaseMain$startTestSuite$0.call(Unknown Source)
	at TempTestSuite1591373123859.run(TempTestSuite1591373123859.groovy:37)
Caused by: com.kms.katalon.core.exception.StepFailedException: com.kms.katalon.core.webui.exception.WebElementNotFoundException: Web element with id: 'Object Repository/Page_Mattermost_Signup/input_email' located by 'By.xpath: //input[@id='email']' not found
	at com.kms.katalon.core.webui.keyword.internal.WebUIKeywordMain.stepFailed(WebUIKeywordMain.groovy:64)
	at com.kms.katalon.core.webui.keyword.builtin.VerifyElementPresentKeyword$_verifyElementPresent_closure1.doCall(VerifyElementPresentKeyword.groovy:85)
	at com.kms.katalon.core.webui.keyword.builtin.VerifyElementPresentKeyword$_verifyElementPresent_closure1.call(VerifyElementPresentKeyword.groovy)
	at com.kms.katalon.core.webui.keyword.internal.WebUIKeywordMain.runKeyword(WebUIKeywordMain.groovy:20)
	... 35 more
)
[[ATTACHMENT|D:\\katalon\\hw2-katalon-testing\\Reports\\20200605_230523\\Run_All_Test_Cases\\20200605_230523\\1591373245598.png]]

2020-06-05 23:07:25 - [MESSAGE][FAILED] - Unable to call Test Case 'Test Cases/Signup/signup_function' (Root cause: com.kms.katalon.core.exception.StepFailedException: Call Test Case 'Test Cases/Signup/signup_function' failed
	at com.kms.katalon.core.keyword.builtin.CallTestCaseKeyword$_callTestCase_closure1.doCall(CallTestCaseKeyword.groovy:63)
	at com.kms.katalon.core.keyword.builtin.CallTestCaseKeyword$_callTestCase_closure1.call(CallTestCaseKeyword.groovy)
	at com.kms.katalon.core.keyword.internal.KeywordMain.runKeyword(KeywordMain.groovy:68)
	at com.kms.katalon.core.keyword.builtin.CallTestCaseKeyword.callTestCase(CallTestCaseKeyword.groovy:81)
	at com.kms.katalon.core.keyword.builtin.CallTestCaseKeyword.execute(CallTestCaseKeyword.groovy:44)
	at com.kms.katalon.core.keyword.internal.KeywordExecutor.executeKeywordForPlatform(KeywordExecutor.groovy:72)
	at com.kms.katalon.core.keyword.BuiltinKeywords.callTestCase(BuiltinKeywords.groovy:334)
	at TC_signup_03.run(TC_signup_03:25)
	at com.kms.katalon.core.main.ScriptEngine.run(ScriptEngine.java:194)
	at com.kms.katalon.core.main.ScriptEngine.runScriptAsRawText(ScriptEngine.java:119)
	at com.kms.katalon.core.main.TestCaseExecutor.runScript(TestCaseExecutor.java:337)
	at com.kms.katalon.core.main.TestCaseExecutor.doExecute(TestCaseExecutor.java:328)
	at com.kms.katalon.core.main.TestCaseExecutor.processExecutionPhase(TestCaseExecutor.java:307)
	at com.kms.katalon.core.main.TestCaseExecutor.accessMainPhase(TestCaseExecutor.java:299)
	at com.kms.katalon.core.main.TestCaseExecutor.execute(TestCaseExecutor.java:233)
	at com.kms.katalon.core.main.TestSuiteExecutor.accessTestCaseMainPhase(TestSuiteExecutor.java:169)
	at com.kms.katalon.core.main.TestSuiteExecutor.accessTestSuiteMainPhase(TestSuiteExecutor.java:142)
	at com.kms.katalon.core.main.TestSuiteExecutor.execute(TestSuiteExecutor.java:91)
	at com.kms.katalon.core.main.TestCaseMain.startTestSuite(TestCaseMain.java:157)
	at com.kms.katalon.core.main.TestCaseMain$startTestSuite$0.call(Unknown Source)
	at TempTestSuite1591373123859.run(TempTestSuite1591373123859.groovy:37)
Caused by: com.kms.katalon.core.exception.StepFailedException: Unable to verify object 'Object Repository/Page_Mattermost_Signup/input_email' is present
	at com.kms.katalon.core.webui.keyword.internal.WebUIKeywordMain.stepFailed(WebUIKeywordMain.groovy:64)
	at com.kms.katalon.core.webui.keyword.internal.WebUIKeywordMain.runKeyword(WebUIKeywordMain.groovy:26)
	at com.kms.katalon.core.webui.keyword.builtin.VerifyElementPresentKeyword.verifyElementPresent(VerifyElementPresentKeyword.groovy:92)
	at com.kms.katalon.core.webui.keyword.builtin.VerifyElementPresentKeyword.execute(VerifyElementPresentKeyword.groovy:68)
	at com.kms.katalon.core.keyword.internal.KeywordExecutor.executeKeywordForPlatform(KeywordExecutor.groovy:72)
	at com.kms.katalon.core.webui.keyword.WebUiBuiltInKeywords.verifyElementPresent(WebUiBuiltInKeywords.groovy:1460)
	at com.kms.katalon.core.webui.keyword.WebUiBuiltInKeywords$verifyElementPresent$0.call(Unknown Source)
	at signup_function.run(signup_function:19)
	at com.kms.katalon.core.main.ScriptEngine.run(ScriptEngine.java:194)
	at com.kms.katalon.core.main.ScriptEngine.runScriptAsRawText(ScriptEngine.java:119)
	at com.kms.katalon.core.main.TestCaseExecutor.runScript(TestCaseExecutor.java:337)
	at com.kms.katalon.core.main.TestCaseExecutor.doExecute(TestCaseExecutor.java:328)
	at com.kms.katalon.core.main.TestCaseExecutor.processExecutionPhase(TestCaseExecutor.java:307)
	at com.kms.katalon.core.main.TestCaseExecutor.accessMainPhase(TestCaseExecutor.java:299)
	at com.kms.katalon.core.main.TestCaseExecutor.execute(TestCaseExecutor.java:233)
	at com.kms.katalon.core.main.TestCaseMain.runTestCase(TestCaseMain.java:114)
	at com.kms.katalon.core.keyword.builtin.CallTestCaseKeyword$_callTestCase_closure1.doCall(CallTestCaseKeyword.groovy:59)
	... 20 more
Caused by: com.kms.katalon.core.exception.StepFailedException: com.kms.katalon.core.webui.exception.WebElementNotFoundException: Web element with id: 'Object Repository/Page_Mattermost_Signup/input_email' located by 'By.xpath: //input[@id='email']' not found
	at com.kms.katalon.core.webui.keyword.internal.WebUIKeywordMain.stepFailed(WebUIKeywordMain.groovy:64)
	at com.kms.katalon.core.webui.keyword.builtin.VerifyElementPresentKeyword$_verifyElementPresent_closure1.doCall(VerifyElementPresentKeyword.groovy:85)
	at com.kms.katalon.core.webui.keyword.builtin.VerifyElementPresentKeyword$_verifyElementPresent_closure1.call(VerifyElementPresentKeyword.groovy)
	at com.kms.katalon.core.webui.keyword.internal.WebUIKeywordMain.runKeyword(WebUIKeywordMain.groovy:20)
	... 35 more
)

2020-06-05 23:07:25 - [TEST_STEP][PASSED] - Start tear down : Teardown: Method 'Teardown' complete successfully

2020-06-05 23:07:25 - [TEST_STEP][PASSED] - closeBrowser(): Browser is closed

2020-06-05 23:07:26 - [MESSAGE][PASSED] - Browser is closed

2020-06-05 23:07:26 - [MESSAGE][PASSED] - Method 'Teardown' complete successfully]]></system-out>
         <system-err><![CDATA[2020-06-05 23:07:18 - [TEST_CASE][FAILED] - Test Cases/Signup/TC_signup_03: Test Cases/Signup/TC_signup_03 FAILED.
Reason:
com.kms.katalon.core.exception.StepFailedException: Call Test Case 'Test Cases/Signup/signup_function' failed
	at com.kms.katalon.core.keyword.builtin.CallTestCaseKeyword$_callTestCase_closure1.doCall(CallTestCaseKeyword.groovy:63)
	at com.kms.katalon.core.keyword.builtin.CallTestCaseKeyword$_callTestCase_closure1.call(CallTestCaseKeyword.groovy)
	at com.kms.katalon.core.keyword.internal.KeywordMain.runKeyword(KeywordMain.groovy:68)
	at com.kms.katalon.core.keyword.builtin.CallTestCaseKeyword.callTestCase(CallTestCaseKeyword.groovy:81)
	at com.kms.katalon.core.keyword.builtin.CallTestCaseKeyword.execute(CallTestCaseKeyword.groovy:44)
	at com.kms.katalon.core.keyword.internal.KeywordExecutor.executeKeywordForPlatform(KeywordExecutor.groovy:72)
	at com.kms.katalon.core.keyword.BuiltinKeywords.callTestCase(BuiltinKeywords.groovy:334)
	at TC_signup_03.run(TC_signup_03:25)
	at com.kms.katalon.core.main.ScriptEngine.run(ScriptEngine.java:194)
	at com.kms.katalon.core.main.ScriptEngine.runScriptAsRawText(ScriptEngine.java:119)
	at com.kms.katalon.core.main.TestCaseExecutor.runScript(TestCaseExecutor.java:337)
	at com.kms.katalon.core.main.TestCaseExecutor.doExecute(TestCaseExecutor.java:328)
	at com.kms.katalon.core.main.TestCaseExecutor.processExecutionPhase(TestCaseExecutor.java:307)
	at com.kms.katalon.core.main.TestCaseExecutor.accessMainPhase(TestCaseExecutor.java:299)
	at com.kms.katalon.core.main.TestCaseExecutor.execute(TestCaseExecutor.java:233)
	at com.kms.katalon.core.main.TestSuiteExecutor.accessTestCaseMainPhase(TestSuiteExecutor.java:169)
	at com.kms.katalon.core.main.TestSuiteExecutor.accessTestSuiteMainPhase(TestSuiteExecutor.java:142)
	at com.kms.katalon.core.main.TestSuiteExecutor.execute(TestSuiteExecutor.java:91)
	at com.kms.katalon.core.main.TestCaseMain.startTestSuite(TestCaseMain.java:157)
	at com.kms.katalon.core.main.TestCaseMain$startTestSuite$0.call(Unknown Source)
	at TempTestSuite1591373123859.run(TempTestSuite1591373123859.groovy:37)
Caused by: com.kms.katalon.core.exception.StepFailedException: Unable to verify object 'Object Repository/Page_Mattermost_Signup/input_email' is present
	at com.kms.katalon.core.webui.keyword.internal.WebUIKeywordMain.stepFailed(WebUIKeywordMain.groovy:64)
	at com.kms.katalon.core.webui.keyword.internal.WebUIKeywordMain.runKeyword(WebUIKeywordMain.groovy:26)
	at com.kms.katalon.core.webui.keyword.builtin.VerifyElementPresentKeyword.verifyElementPresent(VerifyElementPresentKeyword.groovy:92)
	at com.kms.katalon.core.webui.keyword.builtin.VerifyElementPresentKeyword.execute(VerifyElementPresentKeyword.groovy:68)
	at com.kms.katalon.core.keyword.internal.KeywordExecutor.executeKeywordForPlatform(KeywordExecutor.groovy:72)
	at com.kms.katalon.core.webui.keyword.WebUiBuiltInKeywords.verifyElementPresent(WebUiBuiltInKeywords.groovy:1460)
	at com.kms.katalon.core.webui.keyword.WebUiBuiltInKeywords$verifyElementPresent$0.call(Unknown Source)
	at signup_function.run(signup_function:19)
	at com.kms.katalon.core.main.ScriptEngine.run(ScriptEngine.java:194)
	at com.kms.katalon.core.main.ScriptEngine.runScriptAsRawText(ScriptEngine.java:119)
	at com.kms.katalon.core.main.TestCaseExecutor.runScript(TestCaseExecutor.java:337)
	at com.kms.katalon.core.main.TestCaseExecutor.doExecute(TestCaseExecutor.java:328)
	at com.kms.katalon.core.main.TestCaseExecutor.processExecutionPhase(TestCaseExecutor.java:307)
	at com.kms.katalon.core.main.TestCaseExecutor.accessMainPhase(TestCaseExecutor.java:299)
	at com.kms.katalon.core.main.TestCaseExecutor.execute(TestCaseExecutor.java:233)
	at com.kms.katalon.core.main.TestCaseMain.runTestCase(TestCaseMain.java:114)
	at com.kms.katalon.core.keyword.builtin.CallTestCaseKeyword$_callTestCase_closure1.doCall(CallTestCaseKeyword.groovy:59)
	... 20 more
Caused by: com.kms.katalon.core.exception.StepFailedException: com.kms.katalon.core.webui.exception.WebElementNotFoundException: Web element with id: 'Object Repository/Page_Mattermost_Signup/input_email' located by 'By.xpath: //input[@id='email']' not found
	at com.kms.katalon.core.webui.keyword.internal.WebUIKeywordMain.stepFailed(WebUIKeywordMain.groovy:64)
	at com.kms.katalon.core.webui.keyword.builtin.VerifyElementPresentKeyword$_verifyElementPresent_closure1.doCall(VerifyElementPresentKeyword.groovy:85)
	at com.kms.katalon.core.webui.keyword.builtin.VerifyElementPresentKeyword$_verifyElementPresent_closure1.call(VerifyElementPresentKeyword.groovy)
	at com.kms.katalon.core.webui.keyword.internal.WebUIKeywordMain.runKeyword(WebUIKeywordMain.groovy:20)
	... 35 more]]></system-err>
      </testcase>
      <testcase name="Test Cases/Login/TC_login_01" time="8.453" classname="Test Cases/Login/TC_login_01" status="PASSED">
         <system-out><![CDATA[2020-06-05 23:07:26 - [TEST_CASE][PASSED] - Test Cases/Login/TC_login_01: Test Cases/Login/TC_login_01

2020-06-05 23:07:26 - [TEST_STEP][PASSED] - Start setup action : Setup: Method 'Setup' complete successfully

2020-06-05 23:07:26 - [TEST_STEP][PASSED] - openBrowser("http://192.168.1.10:8065/login"): Browser is opened with url: 'http://192.168.1.10:8065/login'

2020-06-05 23:07:26 - [MESSAGE][INFO] - Starting 'Firefox' driver

2020-06-05 23:07:26 - [MESSAGE][INFO] - Action delay is set to 0 milliseconds

2020-06-05 23:07:31 - [MESSAGE][PASSED] - Browser is opened with url: 'http://192.168.1.10:8065/login'

2020-06-05 23:07:31 - [MESSAGE][PASSED] - Method 'Setup' complete successfully

2020-06-05 23:07:31 - [TEST_STEP][PASSED] - callTestCase(findTestCase("Test Cases/Login/login_function"), ["var_user":var_email, "var_password":var_password], STOP_ON_FAILURE): Call Test Case 'Test Cases/Login/login_function' successfully

2020-06-05 23:07:31 - [TEST_CASE][PASSED] - Test Cases/Login/login_function: Test Cases/Login/login_function

2020-06-05 23:07:31 - [TEST_STEP][PASSED] - setText(findTestObject("Object Repository/Page_Mattermost_login/input_loginId"), var_user): Text '' is set on object 'Object Repository/Page_Mattermost_login/input_loginId'

2020-06-05 23:07:32 - [MESSAGE][PASSED] - Text '' is set on object 'Object Repository/Page_Mattermost_login/input_loginId'

2020-06-05 23:07:32 - [TEST_STEP][PASSED] - setText(findTestObject("Object Repository/Page_Mattermost_login/input_password"), var_password): Text 'matkhausai' is set on object 'Object Repository/Page_Mattermost_login/input_password'

2020-06-05 23:07:33 - [MESSAGE][PASSED] - Text 'matkhausai' is set on object 'Object Repository/Page_Mattermost_login/input_password'

2020-06-05 23:07:33 - [TEST_STEP][PASSED] - click(findTestObject("Object Repository/Page_Mattermost_login/span_Sign in")): Object: 'Object Repository/Page_Mattermost_login/span_Sign in' is clicked on

2020-06-05 23:07:33 - [MESSAGE][PASSED] - Object: 'Object Repository/Page_Mattermost_login/span_Sign in' is clicked on

2020-06-05 23:07:33 - [MESSAGE][PASSED] - Call Test Case 'Test Cases/Login/login_function' successfully

2020-06-05 23:07:33 - [TEST_STEP][PASSED] - errorMess = getText(findTestObject("Object Repository/Page_Mattermost_login/label_status_login")): Text of object 'Object Repository/Page_Mattermost_login/label_status_login' is: 'Please enter your email or username'

2020-06-05 23:07:34 - [MESSAGE][PASSED] - Text of object 'Object Repository/Page_Mattermost_login/label_status_login' is: 'Please enter your email or username'

2020-06-05 23:07:34 - [TEST_STEP][PASSED] - verifyEqual(errorMess.contains("Please enter your email or username"), true): Actual object 'true' and expected object 'true' are equal

2020-06-05 23:07:34 - [MESSAGE][PASSED] - Actual object 'true' and expected object 'true' are equal

2020-06-05 23:07:34 - [TEST_STEP][PASSED] - Start tear down : Teardown: Method 'Teardown' complete successfully

2020-06-05 23:07:34 - [TEST_STEP][PASSED] - closeBrowser(): Browser is closed

2020-06-05 23:07:35 - [MESSAGE][PASSED] - Browser is closed

2020-06-05 23:07:35 - [MESSAGE][PASSED] - Method 'Teardown' complete successfully]]></system-out>
         <system-err><![CDATA[]]></system-err>
      </testcase>
      <testcase name="Test Cases/Login/TC_login_01" time="8.266" classname="Test Cases/Login/TC_login_01" status="PASSED">
         <system-out><![CDATA[2020-06-05 23:07:35 - [TEST_CASE][PASSED] - Test Cases/Login/TC_login_01: Test Cases/Login/TC_login_01

2020-06-05 23:07:35 - [TEST_STEP][PASSED] - Start setup action : Setup: Method 'Setup' complete successfully

2020-06-05 23:07:35 - [TEST_STEP][PASSED] - openBrowser("http://192.168.1.10:8065/login"): Browser is opened with url: 'http://192.168.1.10:8065/login'

2020-06-05 23:07:35 - [MESSAGE][INFO] - Starting 'Firefox' driver

2020-06-05 23:07:35 - [MESSAGE][INFO] - Action delay is set to 0 milliseconds

2020-06-05 23:07:39 - [MESSAGE][PASSED] - Browser is opened with url: 'http://192.168.1.10:8065/login'

2020-06-05 23:07:39 - [MESSAGE][PASSED] - Method 'Setup' complete successfully

2020-06-05 23:07:39 - [TEST_STEP][PASSED] - callTestCase(findTestCase("Test Cases/Login/login_function"), ["var_user":var_email, "var_password":var_password], STOP_ON_FAILURE): Call Test Case 'Test Cases/Login/login_function' successfully

2020-06-05 23:07:39 - [TEST_CASE][PASSED] - Test Cases/Login/login_function: Test Cases/Login/login_function

2020-06-05 23:07:39 - [TEST_STEP][PASSED] - setText(findTestObject("Object Repository/Page_Mattermost_login/input_loginId"), var_user): Text '' is set on object 'Object Repository/Page_Mattermost_login/input_loginId'

2020-06-05 23:07:40 - [MESSAGE][PASSED] - Text '' is set on object 'Object Repository/Page_Mattermost_login/input_loginId'

2020-06-05 23:07:40 - [TEST_STEP][PASSED] - setText(findTestObject("Object Repository/Page_Mattermost_login/input_password"), var_password): Text 'matkhaudung' is set on object 'Object Repository/Page_Mattermost_login/input_password'

2020-06-05 23:07:41 - [MESSAGE][PASSED] - Text 'matkhaudung' is set on object 'Object Repository/Page_Mattermost_login/input_password'

2020-06-05 23:07:41 - [TEST_STEP][PASSED] - click(findTestObject("Object Repository/Page_Mattermost_login/span_Sign in")): Object: 'Object Repository/Page_Mattermost_login/span_Sign in' is clicked on

2020-06-05 23:07:42 - [MESSAGE][PASSED] - Object: 'Object Repository/Page_Mattermost_login/span_Sign in' is clicked on

2020-06-05 23:07:42 - [MESSAGE][PASSED] - Call Test Case 'Test Cases/Login/login_function' successfully

2020-06-05 23:07:42 - [TEST_STEP][PASSED] - errorMess = getText(findTestObject("Object Repository/Page_Mattermost_login/label_status_login")): Text of object 'Object Repository/Page_Mattermost_login/label_status_login' is: 'Please enter your email or username'

2020-06-05 23:07:42 - [MESSAGE][PASSED] - Text of object 'Object Repository/Page_Mattermost_login/label_status_login' is: 'Please enter your email or username'

2020-06-05 23:07:42 - [TEST_STEP][PASSED] - verifyEqual(errorMess.contains("Please enter your email or username"), true): Actual object 'true' and expected object 'true' are equal

2020-06-05 23:07:42 - [MESSAGE][PASSED] - Actual object 'true' and expected object 'true' are equal

2020-06-05 23:07:42 - [TEST_STEP][PASSED] - Start tear down : Teardown: Method 'Teardown' complete successfully

2020-06-05 23:07:42 - [TEST_STEP][PASSED] - closeBrowser(): Browser is closed

2020-06-05 23:07:43 - [MESSAGE][PASSED] - Browser is closed

2020-06-05 23:07:43 - [MESSAGE][PASSED] - Method 'Teardown' complete successfully]]></system-out>
         <system-err><![CDATA[]]></system-err>
      </testcase>
      <testcase name="Test Cases/Login/TC_login_01" time="8.09" classname="Test Cases/Login/TC_login_01" status="PASSED">
         <system-out><![CDATA[2020-06-05 23:07:43 - [TEST_CASE][PASSED] - Test Cases/Login/TC_login_01: Test Cases/Login/TC_login_01

2020-06-05 23:07:43 - [TEST_STEP][PASSED] - Start setup action : Setup: Method 'Setup' complete successfully

2020-06-05 23:07:43 - [TEST_STEP][PASSED] - openBrowser("http://192.168.1.10:8065/login"): Browser is opened with url: 'http://192.168.1.10:8065/login'

2020-06-05 23:07:43 - [MESSAGE][INFO] - Starting 'Firefox' driver

2020-06-05 23:07:43 - [MESSAGE][INFO] - Action delay is set to 0 milliseconds

2020-06-05 23:07:47 - [MESSAGE][PASSED] - Browser is opened with url: 'http://192.168.1.10:8065/login'

2020-06-05 23:07:47 - [MESSAGE][PASSED] - Method 'Setup' complete successfully

2020-06-05 23:07:47 - [TEST_STEP][PASSED] - callTestCase(findTestCase("Test Cases/Login/login_function"), ["var_user":var_email, "var_password":var_password], STOP_ON_FAILURE): Call Test Case 'Test Cases/Login/login_function' successfully

2020-06-05 23:07:47 - [TEST_CASE][PASSED] - Test Cases/Login/login_function: Test Cases/Login/login_function

2020-06-05 23:07:47 - [TEST_STEP][PASSED] - setText(findTestObject("Object Repository/Page_Mattermost_login/input_loginId"), var_user): Text '' is set on object 'Object Repository/Page_Mattermost_login/input_loginId'

2020-06-05 23:07:49 - [MESSAGE][PASSED] - Text '' is set on object 'Object Repository/Page_Mattermost_login/input_loginId'

2020-06-05 23:07:49 - [TEST_STEP][PASSED] - setText(findTestObject("Object Repository/Page_Mattermost_login/input_password"), var_password): Text 'testcase' is set on object 'Object Repository/Page_Mattermost_login/input_password'

2020-06-05 23:07:49 - [MESSAGE][PASSED] - Text 'testcase' is set on object 'Object Repository/Page_Mattermost_login/input_password'

2020-06-05 23:07:49 - [TEST_STEP][PASSED] - click(findTestObject("Object Repository/Page_Mattermost_login/span_Sign in")): Object: 'Object Repository/Page_Mattermost_login/span_Sign in' is clicked on

2020-06-05 23:07:50 - [MESSAGE][PASSED] - Object: 'Object Repository/Page_Mattermost_login/span_Sign in' is clicked on

2020-06-05 23:07:50 - [MESSAGE][PASSED] - Call Test Case 'Test Cases/Login/login_function' successfully

2020-06-05 23:07:50 - [TEST_STEP][PASSED] - errorMess = getText(findTestObject("Object Repository/Page_Mattermost_login/label_status_login")): Text of object 'Object Repository/Page_Mattermost_login/label_status_login' is: 'Please enter your email or username'

2020-06-05 23:07:50 - [MESSAGE][PASSED] - Text of object 'Object Repository/Page_Mattermost_login/label_status_login' is: 'Please enter your email or username'

2020-06-05 23:07:50 - [TEST_STEP][PASSED] - verifyEqual(errorMess.contains("Please enter your email or username"), true): Actual object 'true' and expected object 'true' are equal

2020-06-05 23:07:50 - [MESSAGE][PASSED] - Actual object 'true' and expected object 'true' are equal

2020-06-05 23:07:50 - [TEST_STEP][PASSED] - Start tear down : Teardown: Method 'Teardown' complete successfully

2020-06-05 23:07:50 - [TEST_STEP][PASSED] - closeBrowser(): Browser is closed

2020-06-05 23:07:51 - [MESSAGE][PASSED] - Browser is closed

2020-06-05 23:07:51 - [MESSAGE][PASSED] - Method 'Teardown' complete successfully]]></system-out>
         <system-err><![CDATA[]]></system-err>
      </testcase>
      <testcase name="Test Cases/Login/TC_login_01" time="8.204" classname="Test Cases/Login/TC_login_01" status="PASSED">
         <system-out><![CDATA[2020-06-05 23:07:51 - [TEST_CASE][PASSED] - Test Cases/Login/TC_login_01: Test Cases/Login/TC_login_01

2020-06-05 23:07:51 - [TEST_STEP][PASSED] - Start setup action : Setup: Method 'Setup' complete successfully

2020-06-05 23:07:51 - [TEST_STEP][PASSED] - openBrowser("http://192.168.1.10:8065/login"): Browser is opened with url: 'http://192.168.1.10:8065/login'

2020-06-05 23:07:51 - [MESSAGE][INFO] - Starting 'Firefox' driver

2020-06-05 23:07:51 - [MESSAGE][INFO] - Action delay is set to 0 milliseconds

2020-06-05 23:07:55 - [MESSAGE][PASSED] - Browser is opened with url: 'http://192.168.1.10:8065/login'

2020-06-05 23:07:55 - [MESSAGE][PASSED] - Method 'Setup' complete successfully

2020-06-05 23:07:55 - [TEST_STEP][PASSED] - callTestCase(findTestCase("Test Cases/Login/login_function"), ["var_user":var_email, "var_password":var_password], STOP_ON_FAILURE): Call Test Case 'Test Cases/Login/login_function' successfully

2020-06-05 23:07:55 - [TEST_CASE][PASSED] - Test Cases/Login/login_function: Test Cases/Login/login_function

2020-06-05 23:07:55 - [TEST_STEP][PASSED] - setText(findTestObject("Object Repository/Page_Mattermost_login/input_loginId"), var_user): Text '' is set on object 'Object Repository/Page_Mattermost_login/input_loginId'

2020-06-05 23:07:57 - [MESSAGE][PASSED] - Text '' is set on object 'Object Repository/Page_Mattermost_login/input_loginId'

2020-06-05 23:07:57 - [TEST_STEP][PASSED] - setText(findTestObject("Object Repository/Page_Mattermost_login/input_password"), var_password): Text 'nhincaigi' is set on object 'Object Repository/Page_Mattermost_login/input_password'

2020-06-05 23:07:57 - [MESSAGE][PASSED] - Text 'nhincaigi' is set on object 'Object Repository/Page_Mattermost_login/input_password'

2020-06-05 23:07:57 - [TEST_STEP][PASSED] - click(findTestObject("Object Repository/Page_Mattermost_login/span_Sign in")): Object: 'Object Repository/Page_Mattermost_login/span_Sign in' is clicked on

2020-06-05 23:07:58 - [MESSAGE][PASSED] - Object: 'Object Repository/Page_Mattermost_login/span_Sign in' is clicked on

2020-06-05 23:07:58 - [MESSAGE][PASSED] - Call Test Case 'Test Cases/Login/login_function' successfully

2020-06-05 23:07:58 - [TEST_STEP][PASSED] - errorMess = getText(findTestObject("Object Repository/Page_Mattermost_login/label_status_login")): Text of object 'Object Repository/Page_Mattermost_login/label_status_login' is: 'Please enter your email or username'

2020-06-05 23:07:58 - [MESSAGE][PASSED] - Text of object 'Object Repository/Page_Mattermost_login/label_status_login' is: 'Please enter your email or username'

2020-06-05 23:07:58 - [TEST_STEP][PASSED] - verifyEqual(errorMess.contains("Please enter your email or username"), true): Actual object 'true' and expected object 'true' are equal

2020-06-05 23:07:58 - [MESSAGE][PASSED] - Actual object 'true' and expected object 'true' are equal

2020-06-05 23:07:58 - [TEST_STEP][PASSED] - Start tear down : Teardown: Method 'Teardown' complete successfully

2020-06-05 23:07:58 - [TEST_STEP][PASSED] - closeBrowser(): Browser is closed

2020-06-05 23:07:59 - [MESSAGE][PASSED] - Browser is closed

2020-06-05 23:07:59 - [MESSAGE][PASSED] - Method 'Teardown' complete successfully]]></system-out>
         <system-err><![CDATA[]]></system-err>
      </testcase>
      <testcase name="Test Cases/Login/TC_login_01" time="8.735" classname="Test Cases/Login/TC_login_01" status="PASSED">
         <system-out><![CDATA[2020-06-05 23:07:59 - [TEST_CASE][PASSED] - Test Cases/Login/TC_login_01: Test Cases/Login/TC_login_01

2020-06-05 23:07:59 - [TEST_STEP][PASSED] - Start setup action : Setup: Method 'Setup' complete successfully

2020-06-05 23:07:59 - [TEST_STEP][PASSED] - openBrowser("http://192.168.1.10:8065/login"): Browser is opened with url: 'http://192.168.1.10:8065/login'

2020-06-05 23:07:59 - [MESSAGE][INFO] - Starting 'Firefox' driver

2020-06-05 23:07:59 - [MESSAGE][INFO] - Action delay is set to 0 milliseconds

2020-06-05 23:08:04 - [MESSAGE][PASSED] - Browser is opened with url: 'http://192.168.1.10:8065/login'

2020-06-05 23:08:04 - [MESSAGE][PASSED] - Method 'Setup' complete successfully

2020-06-05 23:08:04 - [TEST_STEP][PASSED] - callTestCase(findTestCase("Test Cases/Login/login_function"), ["var_user":var_email, "var_password":var_password], STOP_ON_FAILURE): Call Test Case 'Test Cases/Login/login_function' successfully

2020-06-05 23:08:04 - [TEST_CASE][PASSED] - Test Cases/Login/login_function: Test Cases/Login/login_function

2020-06-05 23:08:04 - [TEST_STEP][PASSED] - setText(findTestObject("Object Repository/Page_Mattermost_login/input_loginId"), var_user): Text '' is set on object 'Object Repository/Page_Mattermost_login/input_loginId'

2020-06-05 23:08:06 - [MESSAGE][PASSED] - Text '' is set on object 'Object Repository/Page_Mattermost_login/input_loginId'

2020-06-05 23:08:06 - [TEST_STEP][PASSED] - setText(findTestObject("Object Repository/Page_Mattermost_login/input_password"), var_password): Text 'asbcd11782' is set on object 'Object Repository/Page_Mattermost_login/input_password'

2020-06-05 23:08:06 - [MESSAGE][PASSED] - Text 'asbcd11782' is set on object 'Object Repository/Page_Mattermost_login/input_password'

2020-06-05 23:08:06 - [TEST_STEP][PASSED] - click(findTestObject("Object Repository/Page_Mattermost_login/span_Sign in")): Object: 'Object Repository/Page_Mattermost_login/span_Sign in' is clicked on

2020-06-05 23:08:07 - [MESSAGE][PASSED] - Object: 'Object Repository/Page_Mattermost_login/span_Sign in' is clicked on

2020-06-05 23:08:07 - [MESSAGE][PASSED] - Call Test Case 'Test Cases/Login/login_function' successfully

2020-06-05 23:08:07 - [TEST_STEP][PASSED] - errorMess = getText(findTestObject("Object Repository/Page_Mattermost_login/label_status_login")): Text of object 'Object Repository/Page_Mattermost_login/label_status_login' is: 'Please enter your email or username'

2020-06-05 23:08:07 - [MESSAGE][PASSED] - Text of object 'Object Repository/Page_Mattermost_login/label_status_login' is: 'Please enter your email or username'

2020-06-05 23:08:07 - [TEST_STEP][PASSED] - verifyEqual(errorMess.contains("Please enter your email or username"), true): Actual object 'true' and expected object 'true' are equal

2020-06-05 23:08:07 - [MESSAGE][PASSED] - Actual object 'true' and expected object 'true' are equal

2020-06-05 23:08:07 - [TEST_STEP][PASSED] - Start tear down : Teardown: Method 'Teardown' complete successfully

2020-06-05 23:08:07 - [TEST_STEP][PASSED] - closeBrowser(): Browser is closed

2020-06-05 23:08:08 - [MESSAGE][PASSED] - Browser is closed

2020-06-05 23:08:08 - [MESSAGE][PASSED] - Method 'Teardown' complete successfully]]></system-out>
         <system-err><![CDATA[]]></system-err>
      </testcase>
      <testcase name="Test Cases/Login/TC_login_02" time="8.392" classname="Test Cases/Login/TC_login_02" status="PASSED">
         <system-out><![CDATA[2020-06-05 23:08:08 - [TEST_CASE][PASSED] - Test Cases/Login/TC_login_02: Test Cases/Login/TC_login_02

2020-06-05 23:08:08 - [TEST_STEP][PASSED] - Start setup action : Setup: Method 'Setup' complete successfully

2020-06-05 23:08:08 - [TEST_STEP][PASSED] - openBrowser("http://192.168.1.10:8065/login"): Browser is opened with url: 'http://192.168.1.10:8065/login'

2020-06-05 23:08:08 - [MESSAGE][INFO] - Starting 'Firefox' driver

2020-06-05 23:08:08 - [MESSAGE][INFO] - Action delay is set to 0 milliseconds

2020-06-05 23:08:12 - [MESSAGE][PASSED] - Browser is opened with url: 'http://192.168.1.10:8065/login'

2020-06-05 23:08:12 - [MESSAGE][PASSED] - Method 'Setup' complete successfully

2020-06-05 23:08:12 - [TEST_STEP][PASSED] - callTestCase(findTestCase("Test Cases/Login/login_function"), ["var_user":var_email, "var_password":var_password], STOP_ON_FAILURE): Call Test Case 'Test Cases/Login/login_function' successfully

2020-06-05 23:08:13 - [TEST_CASE][PASSED] - Test Cases/Login/login_function: Test Cases/Login/login_function

2020-06-05 23:08:13 - [TEST_STEP][PASSED] - setText(findTestObject("Object Repository/Page_Mattermost_login/input_loginId"), var_user): Text 'cuong' is set on object 'Object Repository/Page_Mattermost_login/input_loginId'

2020-06-05 23:08:14 - [MESSAGE][PASSED] - Text 'cuong' is set on object 'Object Repository/Page_Mattermost_login/input_loginId'

2020-06-05 23:08:14 - [TEST_STEP][PASSED] - setText(findTestObject("Object Repository/Page_Mattermost_login/input_password"), var_password): Text '' is set on object 'Object Repository/Page_Mattermost_login/input_password'

2020-06-05 23:08:15 - [MESSAGE][PASSED] - Text '' is set on object 'Object Repository/Page_Mattermost_login/input_password'

2020-06-05 23:08:15 - [TEST_STEP][PASSED] - click(findTestObject("Object Repository/Page_Mattermost_login/span_Sign in")): Object: 'Object Repository/Page_Mattermost_login/span_Sign in' is clicked on

2020-06-05 23:08:15 - [MESSAGE][PASSED] - Object: 'Object Repository/Page_Mattermost_login/span_Sign in' is clicked on

2020-06-05 23:08:15 - [MESSAGE][PASSED] - Call Test Case 'Test Cases/Login/login_function' successfully

2020-06-05 23:08:15 - [TEST_STEP][PASSED] - errorMess = getText(findTestObject("Object Repository/Page_Mattermost_login/label_status_login")): Text of object 'Object Repository/Page_Mattermost_login/label_status_login' is: 'Please enter your password'

2020-06-05 23:08:15 - [MESSAGE][PASSED] - Text of object 'Object Repository/Page_Mattermost_login/label_status_login' is: 'Please enter your password'

2020-06-05 23:08:15 - [TEST_STEP][PASSED] - verifyEqual(errorMess.contains("Please enter your password"), true): Actual object 'true' and expected object 'true' are equal

2020-06-05 23:08:15 - [MESSAGE][PASSED] - Actual object 'true' and expected object 'true' are equal

2020-06-05 23:08:15 - [TEST_STEP][PASSED] - Start tear down : Teardown: Method 'Teardown' complete successfully

2020-06-05 23:08:15 - [TEST_STEP][PASSED] - closeBrowser(): Browser is closed

2020-06-05 23:08:16 - [MESSAGE][PASSED] - Browser is closed

2020-06-05 23:08:16 - [MESSAGE][PASSED] - Method 'Teardown' complete successfully]]></system-out>
         <system-err><![CDATA[]]></system-err>
      </testcase>
      <testcase name="Test Cases/Login/TC_login_02" time="8.255" classname="Test Cases/Login/TC_login_02" status="PASSED">
         <system-out><![CDATA[2020-06-05 23:08:16 - [TEST_CASE][PASSED] - Test Cases/Login/TC_login_02: Test Cases/Login/TC_login_02

2020-06-05 23:08:16 - [TEST_STEP][PASSED] - Start setup action : Setup: Method 'Setup' complete successfully

2020-06-05 23:08:16 - [TEST_STEP][PASSED] - openBrowser("http://192.168.1.10:8065/login"): Browser is opened with url: 'http://192.168.1.10:8065/login'

2020-06-05 23:08:16 - [MESSAGE][INFO] - Starting 'Firefox' driver

2020-06-05 23:08:16 - [MESSAGE][INFO] - Action delay is set to 0 milliseconds

2020-06-05 23:08:21 - [MESSAGE][PASSED] - Browser is opened with url: 'http://192.168.1.10:8065/login'

2020-06-05 23:08:21 - [MESSAGE][PASSED] - Method 'Setup' complete successfully

2020-06-05 23:08:21 - [TEST_STEP][PASSED] - callTestCase(findTestCase("Test Cases/Login/login_function"), ["var_user":var_email, "var_password":var_password], STOP_ON_FAILURE): Call Test Case 'Test Cases/Login/login_function' successfully

2020-06-05 23:08:21 - [TEST_CASE][PASSED] - Test Cases/Login/login_function: Test Cases/Login/login_function

2020-06-05 23:08:21 - [TEST_STEP][PASSED] - setText(findTestObject("Object Repository/Page_Mattermost_login/input_loginId"), var_user): Text 'bao' is set on object 'Object Repository/Page_Mattermost_login/input_loginId'

2020-06-05 23:08:22 - [MESSAGE][PASSED] - Text 'bao' is set on object 'Object Repository/Page_Mattermost_login/input_loginId'

2020-06-05 23:08:22 - [TEST_STEP][PASSED] - setText(findTestObject("Object Repository/Page_Mattermost_login/input_password"), var_password): Text '' is set on object 'Object Repository/Page_Mattermost_login/input_password'

2020-06-05 23:08:23 - [MESSAGE][PASSED] - Text '' is set on object 'Object Repository/Page_Mattermost_login/input_password'

2020-06-05 23:08:23 - [TEST_STEP][PASSED] - click(findTestObject("Object Repository/Page_Mattermost_login/span_Sign in")): Object: 'Object Repository/Page_Mattermost_login/span_Sign in' is clicked on

2020-06-05 23:08:23 - [MESSAGE][PASSED] - Object: 'Object Repository/Page_Mattermost_login/span_Sign in' is clicked on

2020-06-05 23:08:23 - [MESSAGE][PASSED] - Call Test Case 'Test Cases/Login/login_function' successfully

2020-06-05 23:08:23 - [TEST_STEP][PASSED] - errorMess = getText(findTestObject("Object Repository/Page_Mattermost_login/label_status_login")): Text of object 'Object Repository/Page_Mattermost_login/label_status_login' is: 'Please enter your password'

2020-06-05 23:08:24 - [MESSAGE][PASSED] - Text of object 'Object Repository/Page_Mattermost_login/label_status_login' is: 'Please enter your password'

2020-06-05 23:08:24 - [TEST_STEP][PASSED] - verifyEqual(errorMess.contains("Please enter your password"), true): Actual object 'true' and expected object 'true' are equal

2020-06-05 23:08:24 - [MESSAGE][PASSED] - Actual object 'true' and expected object 'true' are equal

2020-06-05 23:08:24 - [TEST_STEP][PASSED] - Start tear down : Teardown: Method 'Teardown' complete successfully

2020-06-05 23:08:24 - [TEST_STEP][PASSED] - closeBrowser(): Browser is closed

2020-06-05 23:08:25 - [MESSAGE][PASSED] - Browser is closed

2020-06-05 23:08:25 - [MESSAGE][PASSED] - Method 'Teardown' complete successfully]]></system-out>
         <system-err><![CDATA[]]></system-err>
      </testcase>
      <testcase name="Test Cases/Login/TC_login_02" time="8.875" classname="Test Cases/Login/TC_login_02" status="PASSED">
         <system-out><![CDATA[2020-06-05 23:08:25 - [TEST_CASE][PASSED] - Test Cases/Login/TC_login_02: Test Cases/Login/TC_login_02

2020-06-05 23:08:25 - [TEST_STEP][PASSED] - Start setup action : Setup: Method 'Setup' complete successfully

2020-06-05 23:08:25 - [TEST_STEP][PASSED] - openBrowser("http://192.168.1.10:8065/login"): Browser is opened with url: 'http://192.168.1.10:8065/login'

2020-06-05 23:08:25 - [MESSAGE][INFO] - Starting 'Firefox' driver

2020-06-05 23:08:25 - [MESSAGE][INFO] - Action delay is set to 0 milliseconds

2020-06-05 23:08:30 - [MESSAGE][PASSED] - Browser is opened with url: 'http://192.168.1.10:8065/login'

2020-06-05 23:08:30 - [MESSAGE][PASSED] - Method 'Setup' complete successfully

2020-06-05 23:08:30 - [TEST_STEP][PASSED] - callTestCase(findTestCase("Test Cases/Login/login_function"), ["var_user":var_email, "var_password":var_password], STOP_ON_FAILURE): Call Test Case 'Test Cases/Login/login_function' successfully

2020-06-05 23:08:30 - [TEST_CASE][PASSED] - Test Cases/Login/login_function: Test Cases/Login/login_function

2020-06-05 23:08:30 - [TEST_STEP][PASSED] - setText(findTestObject("Object Repository/Page_Mattermost_login/input_loginId"), var_user): Text 'hien' is set on object 'Object Repository/Page_Mattermost_login/input_loginId'

2020-06-05 23:08:31 - [MESSAGE][PASSED] - Text 'hien' is set on object 'Object Repository/Page_Mattermost_login/input_loginId'

2020-06-05 23:08:31 - [TEST_STEP][PASSED] - setText(findTestObject("Object Repository/Page_Mattermost_login/input_password"), var_password): Text '' is set on object 'Object Repository/Page_Mattermost_login/input_password'

2020-06-05 23:08:32 - [MESSAGE][PASSED] - Text '' is set on object 'Object Repository/Page_Mattermost_login/input_password'

2020-06-05 23:08:32 - [TEST_STEP][PASSED] - click(findTestObject("Object Repository/Page_Mattermost_login/span_Sign in")): Object: 'Object Repository/Page_Mattermost_login/span_Sign in' is clicked on

2020-06-05 23:08:32 - [MESSAGE][PASSED] - Object: 'Object Repository/Page_Mattermost_login/span_Sign in' is clicked on

2020-06-05 23:08:32 - [MESSAGE][PASSED] - Call Test Case 'Test Cases/Login/login_function' successfully

2020-06-05 23:08:32 - [TEST_STEP][PASSED] - errorMess = getText(findTestObject("Object Repository/Page_Mattermost_login/label_status_login")): Text of object 'Object Repository/Page_Mattermost_login/label_status_login' is: 'Please enter your password'

2020-06-05 23:08:33 - [MESSAGE][PASSED] - Text of object 'Object Repository/Page_Mattermost_login/label_status_login' is: 'Please enter your password'

2020-06-05 23:08:33 - [TEST_STEP][PASSED] - verifyEqual(errorMess.contains("Please enter your password"), true): Actual object 'true' and expected object 'true' are equal

2020-06-05 23:08:33 - [MESSAGE][PASSED] - Actual object 'true' and expected object 'true' are equal

2020-06-05 23:08:33 - [TEST_STEP][PASSED] - Start tear down : Teardown: Method 'Teardown' complete successfully

2020-06-05 23:08:33 - [TEST_STEP][PASSED] - closeBrowser(): Browser is closed

2020-06-05 23:08:33 - [MESSAGE][PASSED] - Browser is closed

2020-06-05 23:08:33 - [MESSAGE][PASSED] - Method 'Teardown' complete successfully]]></system-out>
         <system-err><![CDATA[]]></system-err>
      </testcase>
      <testcase name="Test Cases/Login/TC_login_02" time="8.206" classname="Test Cases/Login/TC_login_02" status="PASSED">
         <system-out><![CDATA[2020-06-05 23:08:34 - [TEST_CASE][PASSED] - Test Cases/Login/TC_login_02: Test Cases/Login/TC_login_02

2020-06-05 23:08:34 - [TEST_STEP][PASSED] - Start setup action : Setup: Method 'Setup' complete successfully

2020-06-05 23:08:34 - [TEST_STEP][PASSED] - openBrowser("http://192.168.1.10:8065/login"): Browser is opened with url: 'http://192.168.1.10:8065/login'

2020-06-05 23:08:34 - [MESSAGE][INFO] - Starting 'Firefox' driver

2020-06-05 23:08:34 - [MESSAGE][INFO] - Action delay is set to 0 milliseconds

2020-06-05 23:08:38 - [MESSAGE][PASSED] - Browser is opened with url: 'http://192.168.1.10:8065/login'

2020-06-05 23:08:38 - [MESSAGE][PASSED] - Method 'Setup' complete successfully

2020-06-05 23:08:38 - [TEST_STEP][PASSED] - callTestCase(findTestCase("Test Cases/Login/login_function"), ["var_user":var_email, "var_password":var_password], STOP_ON_FAILURE): Call Test Case 'Test Cases/Login/login_function' successfully

2020-06-05 23:08:38 - [TEST_CASE][PASSED] - Test Cases/Login/login_function: Test Cases/Login/login_function

2020-06-05 23:08:38 - [TEST_STEP][PASSED] - setText(findTestObject("Object Repository/Page_Mattermost_login/input_loginId"), var_user): Text 'danh' is set on object 'Object Repository/Page_Mattermost_login/input_loginId'

2020-06-05 23:08:39 - [MESSAGE][PASSED] - Text 'danh' is set on object 'Object Repository/Page_Mattermost_login/input_loginId'

2020-06-05 23:08:39 - [TEST_STEP][PASSED] - setText(findTestObject("Object Repository/Page_Mattermost_login/input_password"), var_password): Text '' is set on object 'Object Repository/Page_Mattermost_login/input_password'

2020-06-05 23:08:40 - [MESSAGE][PASSED] - Text '' is set on object 'Object Repository/Page_Mattermost_login/input_password'

2020-06-05 23:08:40 - [TEST_STEP][PASSED] - click(findTestObject("Object Repository/Page_Mattermost_login/span_Sign in")): Object: 'Object Repository/Page_Mattermost_login/span_Sign in' is clicked on

2020-06-05 23:08:40 - [MESSAGE][PASSED] - Object: 'Object Repository/Page_Mattermost_login/span_Sign in' is clicked on

2020-06-05 23:08:40 - [MESSAGE][PASSED] - Call Test Case 'Test Cases/Login/login_function' successfully

2020-06-05 23:08:40 - [TEST_STEP][PASSED] - errorMess = getText(findTestObject("Object Repository/Page_Mattermost_login/label_status_login")): Text of object 'Object Repository/Page_Mattermost_login/label_status_login' is: 'Please enter your password'

2020-06-05 23:08:41 - [MESSAGE][PASSED] - Text of object 'Object Repository/Page_Mattermost_login/label_status_login' is: 'Please enter your password'

2020-06-05 23:08:41 - [TEST_STEP][PASSED] - verifyEqual(errorMess.contains("Please enter your password"), true): Actual object 'true' and expected object 'true' are equal

2020-06-05 23:08:41 - [MESSAGE][PASSED] - Actual object 'true' and expected object 'true' are equal

2020-06-05 23:08:41 - [TEST_STEP][PASSED] - Start tear down : Teardown: Method 'Teardown' complete successfully

2020-06-05 23:08:41 - [TEST_STEP][PASSED] - closeBrowser(): Browser is closed

2020-06-05 23:08:42 - [MESSAGE][PASSED] - Browser is closed

2020-06-05 23:08:42 - [MESSAGE][PASSED] - Method 'Teardown' complete successfully]]></system-out>
         <system-err><![CDATA[]]></system-err>
      </testcase>
      <testcase name="Test Cases/Login/TC_login_02" time="8.271" classname="Test Cases/Login/TC_login_02" status="PASSED">
         <system-out><![CDATA[2020-06-05 23:08:42 - [TEST_CASE][PASSED] - Test Cases/Login/TC_login_02: Test Cases/Login/TC_login_02

2020-06-05 23:08:42 - [TEST_STEP][PASSED] - Start setup action : Setup: Method 'Setup' complete successfully

2020-06-05 23:08:42 - [TEST_STEP][PASSED] - openBrowser("http://192.168.1.10:8065/login"): Browser is opened with url: 'http://192.168.1.10:8065/login'

2020-06-05 23:08:42 - [MESSAGE][INFO] - Starting 'Firefox' driver

2020-06-05 23:08:42 - [MESSAGE][INFO] - Action delay is set to 0 milliseconds

2020-06-05 23:08:46 - [MESSAGE][PASSED] - Browser is opened with url: 'http://192.168.1.10:8065/login'

2020-06-05 23:08:46 - [MESSAGE][PASSED] - Method 'Setup' complete successfully

2020-06-05 23:08:46 - [TEST_STEP][PASSED] - callTestCase(findTestCase("Test Cases/Login/login_function"), ["var_user":var_email, "var_password":var_password], STOP_ON_FAILURE): Call Test Case 'Test Cases/Login/login_function' successfully

2020-06-05 23:08:46 - [TEST_CASE][PASSED] - Test Cases/Login/login_function: Test Cases/Login/login_function

2020-06-05 23:08:46 - [TEST_STEP][PASSED] - setText(findTestObject("Object Repository/Page_Mattermost_login/input_loginId"), var_user): Text 'baophamthien241098' is set on object 'Object Repository/Page_Mattermost_login/input_loginId'

2020-06-05 23:08:48 - [MESSAGE][PASSED] - Text 'baophamthien241098' is set on object 'Object Repository/Page_Mattermost_login/input_loginId'

2020-06-05 23:08:48 - [TEST_STEP][PASSED] - setText(findTestObject("Object Repository/Page_Mattermost_login/input_password"), var_password): Text '' is set on object 'Object Repository/Page_Mattermost_login/input_password'

2020-06-05 23:08:48 - [MESSAGE][PASSED] - Text '' is set on object 'Object Repository/Page_Mattermost_login/input_password'

2020-06-05 23:08:48 - [TEST_STEP][PASSED] - click(findTestObject("Object Repository/Page_Mattermost_login/span_Sign in")): Object: 'Object Repository/Page_Mattermost_login/span_Sign in' is clicked on

2020-06-05 23:08:49 - [MESSAGE][PASSED] - Object: 'Object Repository/Page_Mattermost_login/span_Sign in' is clicked on

2020-06-05 23:08:49 - [MESSAGE][PASSED] - Call Test Case 'Test Cases/Login/login_function' successfully

2020-06-05 23:08:49 - [TEST_STEP][PASSED] - errorMess = getText(findTestObject("Object Repository/Page_Mattermost_login/label_status_login")): Text of object 'Object Repository/Page_Mattermost_login/label_status_login' is: 'Please enter your password'

2020-06-05 23:08:49 - [MESSAGE][PASSED] - Text of object 'Object Repository/Page_Mattermost_login/label_status_login' is: 'Please enter your password'

2020-06-05 23:08:49 - [TEST_STEP][PASSED] - verifyEqual(errorMess.contains("Please enter your password"), true): Actual object 'true' and expected object 'true' are equal

2020-06-05 23:08:49 - [MESSAGE][PASSED] - Actual object 'true' and expected object 'true' are equal

2020-06-05 23:08:49 - [TEST_STEP][PASSED] - Start tear down : Teardown: Method 'Teardown' complete successfully

2020-06-05 23:08:49 - [TEST_STEP][PASSED] - closeBrowser(): Browser is closed

2020-06-05 23:08:50 - [MESSAGE][PASSED] - Browser is closed

2020-06-05 23:08:50 - [MESSAGE][PASSED] - Method 'Teardown' complete successfully]]></system-out>
         <system-err><![CDATA[]]></system-err>
      </testcase>
      <testcase name="Test Cases/Login/TC_login_03" time="8.66" classname="Test Cases/Login/TC_login_03" status="PASSED">
         <system-out><![CDATA[2020-06-05 23:08:50 - [TEST_CASE][PASSED] - Test Cases/Login/TC_login_03: Test Cases/Login/TC_login_03

2020-06-05 23:08:50 - [TEST_STEP][PASSED] - Start setup action : Setup: Method 'Setup' complete successfully

2020-06-05 23:08:50 - [TEST_STEP][PASSED] - openBrowser("http://192.168.1.10:8065/login"): Browser is opened with url: 'http://192.168.1.10:8065/login'

2020-06-05 23:08:50 - [MESSAGE][INFO] - Starting 'Firefox' driver

2020-06-05 23:08:50 - [MESSAGE][INFO] - Action delay is set to 0 milliseconds

2020-06-05 23:08:55 - [MESSAGE][PASSED] - Browser is opened with url: 'http://192.168.1.10:8065/login'

2020-06-05 23:08:55 - [MESSAGE][PASSED] - Method 'Setup' complete successfully

2020-06-05 23:08:55 - [TEST_STEP][PASSED] - callTestCase(findTestCase("Test Cases/Login/login_function"), ["var_user":var_email, "var_password":var_password], STOP_ON_FAILURE): Call Test Case 'Test Cases/Login/login_function' successfully

2020-06-05 23:08:55 - [TEST_CASE][PASSED] - Test Cases/Login/login_function: Test Cases/Login/login_function

2020-06-05 23:08:55 - [TEST_STEP][PASSED] - setText(findTestObject("Object Repository/Page_Mattermost_login/input_loginId"), var_user): Text 'danh' is set on object 'Object Repository/Page_Mattermost_login/input_loginId'

2020-06-05 23:08:56 - [MESSAGE][PASSED] - Text 'danh' is set on object 'Object Repository/Page_Mattermost_login/input_loginId'

2020-06-05 23:08:56 - [TEST_STEP][PASSED] - setText(findTestObject("Object Repository/Page_Mattermost_login/input_password"), var_password): Text 'matkhausai' is set on object 'Object Repository/Page_Mattermost_login/input_password'

2020-06-05 23:08:57 - [MESSAGE][PASSED] - Text 'matkhausai' is set on object 'Object Repository/Page_Mattermost_login/input_password'

2020-06-05 23:08:57 - [TEST_STEP][PASSED] - click(findTestObject("Object Repository/Page_Mattermost_login/span_Sign in")): Object: 'Object Repository/Page_Mattermost_login/span_Sign in' is clicked on

2020-06-05 23:08:57 - [MESSAGE][PASSED] - Object: 'Object Repository/Page_Mattermost_login/span_Sign in' is clicked on

2020-06-05 23:08:57 - [MESSAGE][PASSED] - Call Test Case 'Test Cases/Login/login_function' successfully

2020-06-05 23:08:57 - [TEST_STEP][PASSED] - errorMess = getText(findTestObject("Object Repository/Page_Mattermost_login/label_status_login")): Text of object 'Object Repository/Page_Mattermost_login/label_status_login' is: 'Enter a valid email or username and/or password.'

2020-06-05 23:08:58 - [MESSAGE][PASSED] - Text of object 'Object Repository/Page_Mattermost_login/label_status_login' is: 'Enter a valid email or username and/or password.'

2020-06-05 23:08:58 - [TEST_STEP][PASSED] - verifyEqual(errorMess.contains("Enter a valid email or username and/or password."), true): Actual object 'true' and expected object 'true' are equal

2020-06-05 23:08:58 - [MESSAGE][PASSED] - Actual object 'true' and expected object 'true' are equal

2020-06-05 23:08:58 - [TEST_STEP][PASSED] - Start tear down : Teardown: Method 'Teardown' complete successfully

2020-06-05 23:08:58 - [TEST_STEP][PASSED] - closeBrowser(): Browser is closed

2020-06-05 23:08:59 - [MESSAGE][PASSED] - Browser is closed

2020-06-05 23:08:59 - [MESSAGE][PASSED] - Method 'Teardown' complete successfully]]></system-out>
         <system-err><![CDATA[]]></system-err>
      </testcase>
      <testcase name="Test Cases/Login/TC_login_03" time="8.266" classname="Test Cases/Login/TC_login_03" status="PASSED">
         <system-out><![CDATA[2020-06-05 23:08:59 - [TEST_CASE][PASSED] - Test Cases/Login/TC_login_03: Test Cases/Login/TC_login_03

2020-06-05 23:08:59 - [TEST_STEP][PASSED] - Start setup action : Setup: Method 'Setup' complete successfully

2020-06-05 23:08:59 - [TEST_STEP][PASSED] - openBrowser("http://192.168.1.10:8065/login"): Browser is opened with url: 'http://192.168.1.10:8065/login'

2020-06-05 23:08:59 - [MESSAGE][INFO] - Starting 'Firefox' driver

2020-06-05 23:08:59 - [MESSAGE][INFO] - Action delay is set to 0 milliseconds

2020-06-05 23:09:03 - [MESSAGE][PASSED] - Browser is opened with url: 'http://192.168.1.10:8065/login'

2020-06-05 23:09:03 - [MESSAGE][PASSED] - Method 'Setup' complete successfully

2020-06-05 23:09:03 - [TEST_STEP][PASSED] - callTestCase(findTestCase("Test Cases/Login/login_function"), ["var_user":var_email, "var_password":var_password], STOP_ON_FAILURE): Call Test Case 'Test Cases/Login/login_function' successfully

2020-06-05 23:09:03 - [TEST_CASE][PASSED] - Test Cases/Login/login_function: Test Cases/Login/login_function

2020-06-05 23:09:03 - [TEST_STEP][PASSED] - setText(findTestObject("Object Repository/Page_Mattermost_login/input_loginId"), var_user): Text 'cuong' is set on object 'Object Repository/Page_Mattermost_login/input_loginId'

2020-06-05 23:09:04 - [MESSAGE][PASSED] - Text 'cuong' is set on object 'Object Repository/Page_Mattermost_login/input_loginId'

2020-06-05 23:09:04 - [TEST_STEP][PASSED] - setText(findTestObject("Object Repository/Page_Mattermost_login/input_password"), var_password): Text 'matkhaudung' is set on object 'Object Repository/Page_Mattermost_login/input_password'

2020-06-05 23:09:05 - [MESSAGE][PASSED] - Text 'matkhaudung' is set on object 'Object Repository/Page_Mattermost_login/input_password'

2020-06-05 23:09:05 - [TEST_STEP][PASSED] - click(findTestObject("Object Repository/Page_Mattermost_login/span_Sign in")): Object: 'Object Repository/Page_Mattermost_login/span_Sign in' is clicked on

2020-06-05 23:09:06 - [MESSAGE][PASSED] - Object: 'Object Repository/Page_Mattermost_login/span_Sign in' is clicked on

2020-06-05 23:09:06 - [MESSAGE][PASSED] - Call Test Case 'Test Cases/Login/login_function' successfully

2020-06-05 23:09:06 - [TEST_STEP][PASSED] - errorMess = getText(findTestObject("Object Repository/Page_Mattermost_login/label_status_login")): Text of object 'Object Repository/Page_Mattermost_login/label_status_login' is: 'Enter a valid email or username and/or password.'

2020-06-05 23:09:06 - [MESSAGE][PASSED] - Text of object 'Object Repository/Page_Mattermost_login/label_status_login' is: 'Enter a valid email or username and/or password.'

2020-06-05 23:09:06 - [TEST_STEP][PASSED] - verifyEqual(errorMess.contains("Enter a valid email or username and/or password."), true): Actual object 'true' and expected object 'true' are equal

2020-06-05 23:09:06 - [MESSAGE][PASSED] - Actual object 'true' and expected object 'true' are equal

2020-06-05 23:09:06 - [TEST_STEP][PASSED] - Start tear down : Teardown: Method 'Teardown' complete successfully

2020-06-05 23:09:06 - [TEST_STEP][PASSED] - closeBrowser(): Browser is closed

2020-06-05 23:09:07 - [MESSAGE][PASSED] - Browser is closed

2020-06-05 23:09:07 - [MESSAGE][PASSED] - Method 'Teardown' complete successfully]]></system-out>
         <system-err><![CDATA[]]></system-err>
      </testcase>
      <testcase name="Test Cases/Login/TC_login_03" time="8.34" classname="Test Cases/Login/TC_login_03" status="PASSED">
         <system-out><![CDATA[2020-06-05 23:09:07 - [TEST_CASE][PASSED] - Test Cases/Login/TC_login_03: Test Cases/Login/TC_login_03

2020-06-05 23:09:07 - [TEST_STEP][PASSED] - Start setup action : Setup: Method 'Setup' complete successfully

2020-06-05 23:09:07 - [TEST_STEP][PASSED] - openBrowser("http://192.168.1.10:8065/login"): Browser is opened with url: 'http://192.168.1.10:8065/login'

2020-06-05 23:09:07 - [MESSAGE][INFO] - Starting 'Firefox' driver

2020-06-05 23:09:07 - [MESSAGE][INFO] - Action delay is set to 0 milliseconds

2020-06-05 23:09:11 - [MESSAGE][PASSED] - Browser is opened with url: 'http://192.168.1.10:8065/login'

2020-06-05 23:09:11 - [MESSAGE][PASSED] - Method 'Setup' complete successfully

2020-06-05 23:09:11 - [TEST_STEP][PASSED] - callTestCase(findTestCase("Test Cases/Login/login_function"), ["var_user":var_email, "var_password":var_password], STOP_ON_FAILURE): Call Test Case 'Test Cases/Login/login_function' successfully

2020-06-05 23:09:11 - [TEST_CASE][PASSED] - Test Cases/Login/login_function: Test Cases/Login/login_function

2020-06-05 23:09:11 - [TEST_STEP][PASSED] - setText(findTestObject("Object Repository/Page_Mattermost_login/input_loginId"), var_user): Text 'bao' is set on object 'Object Repository/Page_Mattermost_login/input_loginId'

2020-06-05 23:09:13 - [MESSAGE][PASSED] - Text 'bao' is set on object 'Object Repository/Page_Mattermost_login/input_loginId'

2020-06-05 23:09:13 - [TEST_STEP][PASSED] - setText(findTestObject("Object Repository/Page_Mattermost_login/input_password"), var_password): Text 'kocomatkhau' is set on object 'Object Repository/Page_Mattermost_login/input_password'

2020-06-05 23:09:13 - [MESSAGE][PASSED] - Text 'kocomatkhau' is set on object 'Object Repository/Page_Mattermost_login/input_password'

2020-06-05 23:09:13 - [TEST_STEP][PASSED] - click(findTestObject("Object Repository/Page_Mattermost_login/span_Sign in")): Object: 'Object Repository/Page_Mattermost_login/span_Sign in' is clicked on

2020-06-05 23:09:14 - [MESSAGE][PASSED] - Object: 'Object Repository/Page_Mattermost_login/span_Sign in' is clicked on

2020-06-05 23:09:14 - [MESSAGE][PASSED] - Call Test Case 'Test Cases/Login/login_function' successfully

2020-06-05 23:09:14 - [TEST_STEP][PASSED] - errorMess = getText(findTestObject("Object Repository/Page_Mattermost_login/label_status_login")): Text of object 'Object Repository/Page_Mattermost_login/label_status_login' is: 'Enter a valid email or username and/or password.'

2020-06-05 23:09:14 - [MESSAGE][PASSED] - Text of object 'Object Repository/Page_Mattermost_login/label_status_login' is: 'Enter a valid email or username and/or password.'

2020-06-05 23:09:14 - [TEST_STEP][PASSED] - verifyEqual(errorMess.contains("Enter a valid email or username and/or password."), true): Actual object 'true' and expected object 'true' are equal

2020-06-05 23:09:14 - [MESSAGE][PASSED] - Actual object 'true' and expected object 'true' are equal

2020-06-05 23:09:14 - [TEST_STEP][PASSED] - Start tear down : Teardown: Method 'Teardown' complete successfully

2020-06-05 23:09:14 - [TEST_STEP][PASSED] - closeBrowser(): Browser is closed

2020-06-05 23:09:15 - [MESSAGE][PASSED] - Browser is closed

2020-06-05 23:09:15 - [MESSAGE][PASSED] - Method 'Teardown' complete successfully]]></system-out>
         <system-err><![CDATA[]]></system-err>
      </testcase>
      <testcase name="Test Cases/Login/TC_login_03" time="8.352" classname="Test Cases/Login/TC_login_03" status="PASSED">
         <system-out><![CDATA[2020-06-05 23:09:15 - [TEST_CASE][PASSED] - Test Cases/Login/TC_login_03: Test Cases/Login/TC_login_03

2020-06-05 23:09:15 - [TEST_STEP][PASSED] - Start setup action : Setup: Method 'Setup' complete successfully

2020-06-05 23:09:15 - [TEST_STEP][PASSED] - openBrowser("http://192.168.1.10:8065/login"): Browser is opened with url: 'http://192.168.1.10:8065/login'

2020-06-05 23:09:15 - [MESSAGE][INFO] - Starting 'Firefox' driver

2020-06-05 23:09:15 - [MESSAGE][INFO] - Action delay is set to 0 milliseconds

2020-06-05 23:09:20 - [MESSAGE][PASSED] - Browser is opened with url: 'http://192.168.1.10:8065/login'

2020-06-05 23:09:20 - [MESSAGE][PASSED] - Method 'Setup' complete successfully

2020-06-05 23:09:20 - [TEST_STEP][PASSED] - callTestCase(findTestCase("Test Cases/Login/login_function"), ["var_user":var_email, "var_password":var_password], STOP_ON_FAILURE): Call Test Case 'Test Cases/Login/login_function' successfully

2020-06-05 23:09:20 - [TEST_CASE][PASSED] - Test Cases/Login/login_function: Test Cases/Login/login_function

2020-06-05 23:09:20 - [TEST_STEP][PASSED] - setText(findTestObject("Object Repository/Page_Mattermost_login/input_loginId"), var_user): Text 'hien' is set on object 'Object Repository/Page_Mattermost_login/input_loginId'

2020-06-05 23:09:21 - [MESSAGE][PASSED] - Text 'hien' is set on object 'Object Repository/Page_Mattermost_login/input_loginId'

2020-06-05 23:09:21 - [TEST_STEP][PASSED] - setText(findTestObject("Object Repository/Page_Mattermost_login/input_password"), var_password): Text 'caigilamatkhau' is set on object 'Object Repository/Page_Mattermost_login/input_password'

2020-06-05 23:09:22 - [MESSAGE][PASSED] - Text 'caigilamatkhau' is set on object 'Object Repository/Page_Mattermost_login/input_password'

2020-06-05 23:09:22 - [TEST_STEP][PASSED] - click(findTestObject("Object Repository/Page_Mattermost_login/span_Sign in")): Object: 'Object Repository/Page_Mattermost_login/span_Sign in' is clicked on

2020-06-05 23:09:22 - [MESSAGE][PASSED] - Object: 'Object Repository/Page_Mattermost_login/span_Sign in' is clicked on

2020-06-05 23:09:22 - [MESSAGE][PASSED] - Call Test Case 'Test Cases/Login/login_function' successfully

2020-06-05 23:09:22 - [TEST_STEP][PASSED] - errorMess = getText(findTestObject("Object Repository/Page_Mattermost_login/label_status_login")): Text of object 'Object Repository/Page_Mattermost_login/label_status_login' is: 'Enter a valid email or username and/or password.'

2020-06-05 23:09:23 - [MESSAGE][PASSED] - Text of object 'Object Repository/Page_Mattermost_login/label_status_login' is: 'Enter a valid email or username and/or password.'

2020-06-05 23:09:23 - [TEST_STEP][PASSED] - verifyEqual(errorMess.contains("Enter a valid email or username and/or password."), true): Actual object 'true' and expected object 'true' are equal

2020-06-05 23:09:23 - [MESSAGE][PASSED] - Actual object 'true' and expected object 'true' are equal

2020-06-05 23:09:23 - [TEST_STEP][PASSED] - Start tear down : Teardown: Method 'Teardown' complete successfully

2020-06-05 23:09:23 - [TEST_STEP][PASSED] - closeBrowser(): Browser is closed

2020-06-05 23:09:24 - [MESSAGE][PASSED] - Browser is closed

2020-06-05 23:09:24 - [MESSAGE][PASSED] - Method 'Teardown' complete successfully]]></system-out>
         <system-err><![CDATA[]]></system-err>
      </testcase>
      <testcase name="Test Cases/Login/TC_login_03" time="8.464" classname="Test Cases/Login/TC_login_03" status="PASSED">
         <system-out><![CDATA[2020-06-05 23:09:24 - [TEST_CASE][PASSED] - Test Cases/Login/TC_login_03: Test Cases/Login/TC_login_03

2020-06-05 23:09:24 - [TEST_STEP][PASSED] - Start setup action : Setup: Method 'Setup' complete successfully

2020-06-05 23:09:24 - [TEST_STEP][PASSED] - openBrowser("http://192.168.1.10:8065/login"): Browser is opened with url: 'http://192.168.1.10:8065/login'

2020-06-05 23:09:24 - [MESSAGE][INFO] - Starting 'Firefox' driver

2020-06-05 23:09:24 - [MESSAGE][INFO] - Action delay is set to 0 milliseconds

2020-06-05 23:09:28 - [MESSAGE][PASSED] - Browser is opened with url: 'http://192.168.1.10:8065/login'

2020-06-05 23:09:28 - [MESSAGE][PASSED] - Method 'Setup' complete successfully

2020-06-05 23:09:28 - [TEST_STEP][PASSED] - callTestCase(findTestCase("Test Cases/Login/login_function"), ["var_user":var_email, "var_password":var_password], STOP_ON_FAILURE): Call Test Case 'Test Cases/Login/login_function' successfully

2020-06-05 23:09:28 - [TEST_CASE][PASSED] - Test Cases/Login/login_function: Test Cases/Login/login_function

2020-06-05 23:09:28 - [TEST_STEP][PASSED] - setText(findTestObject("Object Repository/Page_Mattermost_login/input_loginId"), var_user): Text 'baophamthien241098' is set on object 'Object Repository/Page_Mattermost_login/input_loginId'

2020-06-05 23:09:29 - [MESSAGE][PASSED] - Text 'baophamthien241098' is set on object 'Object Repository/Page_Mattermost_login/input_loginId'

2020-06-05 23:09:29 - [TEST_STEP][PASSED] - setText(findTestObject("Object Repository/Page_Mattermost_login/input_password"), var_password): Text 'matkhau' is set on object 'Object Repository/Page_Mattermost_login/input_password'

2020-06-05 23:09:30 - [MESSAGE][PASSED] - Text 'matkhau' is set on object 'Object Repository/Page_Mattermost_login/input_password'

2020-06-05 23:09:30 - [TEST_STEP][PASSED] - click(findTestObject("Object Repository/Page_Mattermost_login/span_Sign in")): Object: 'Object Repository/Page_Mattermost_login/span_Sign in' is clicked on

2020-06-05 23:09:31 - [MESSAGE][PASSED] - Object: 'Object Repository/Page_Mattermost_login/span_Sign in' is clicked on

2020-06-05 23:09:31 - [MESSAGE][PASSED] - Call Test Case 'Test Cases/Login/login_function' successfully

2020-06-05 23:09:31 - [TEST_STEP][PASSED] - errorMess = getText(findTestObject("Object Repository/Page_Mattermost_login/label_status_login")): Text of object 'Object Repository/Page_Mattermost_login/label_status_login' is: 'Enter a valid email or username and/or password.'

2020-06-05 23:09:31 - [MESSAGE][PASSED] - Text of object 'Object Repository/Page_Mattermost_login/label_status_login' is: 'Enter a valid email or username and/or password.'

2020-06-05 23:09:31 - [TEST_STEP][PASSED] - verifyEqual(errorMess.contains("Enter a valid email or username and/or password."), true): Actual object 'true' and expected object 'true' are equal

2020-06-05 23:09:31 - [MESSAGE][PASSED] - Actual object 'true' and expected object 'true' are equal

2020-06-05 23:09:31 - [TEST_STEP][PASSED] - Start tear down : Teardown: Method 'Teardown' complete successfully

2020-06-05 23:09:31 - [TEST_STEP][PASSED] - closeBrowser(): Browser is closed

2020-06-05 23:09:32 - [MESSAGE][PASSED] - Browser is closed

2020-06-05 23:09:32 - [MESSAGE][PASSED] - Method 'Teardown' complete successfully]]></system-out>
         <system-err><![CDATA[]]></system-err>
      </testcase>
      <testcase name="Test Cases/Login/TC_login_04" time="8.492" classname="Test Cases/Login/TC_login_04" status="PASSED">
         <system-out><![CDATA[2020-06-05 23:09:32 - [TEST_CASE][PASSED] - Test Cases/Login/TC_login_04: Test Cases/Login/TC_login_04

2020-06-05 23:09:32 - [TEST_STEP][PASSED] - Start setup action : Setup: Method 'Setup' complete successfully

2020-06-05 23:09:32 - [TEST_STEP][PASSED] - openBrowser("http://192.168.1.10:8065/login"): Browser is opened with url: 'http://192.168.1.10:8065/login'

2020-06-05 23:09:32 - [MESSAGE][INFO] - Starting 'Firefox' driver

2020-06-05 23:09:32 - [MESSAGE][INFO] - Action delay is set to 0 milliseconds

2020-06-05 23:09:37 - [MESSAGE][PASSED] - Browser is opened with url: 'http://192.168.1.10:8065/login'

2020-06-05 23:09:37 - [MESSAGE][PASSED] - Method 'Setup' complete successfully

2020-06-05 23:09:37 - [TEST_STEP][PASSED] - callTestCase(findTestCase("Test Cases/Login/login_function"), ["var_user":"tlvietdanh@gmail.com", "var_password":"13101998"], STOP_ON_FAILURE): Call Test Case 'Test Cases/Login/login_function' successfully

2020-06-05 23:09:37 - [TEST_CASE][PASSED] - Test Cases/Login/login_function: Test Cases/Login/login_function

2020-06-05 23:09:37 - [TEST_STEP][PASSED] - setText(findTestObject("Object Repository/Page_Mattermost_login/input_loginId"), var_user): Text 'tlvietdanh@gmail.com' is set on object 'Object Repository/Page_Mattermost_login/input_loginId'

2020-06-05 23:09:38 - [MESSAGE][PASSED] - Text 'tlvietdanh@gmail.com' is set on object 'Object Repository/Page_Mattermost_login/input_loginId'

2020-06-05 23:09:38 - [TEST_STEP][PASSED] - setText(findTestObject("Object Repository/Page_Mattermost_login/input_password"), var_password): Text '13101998' is set on object 'Object Repository/Page_Mattermost_login/input_password'

2020-06-05 23:09:39 - [MESSAGE][PASSED] - Text '13101998' is set on object 'Object Repository/Page_Mattermost_login/input_password'

2020-06-05 23:09:39 - [TEST_STEP][PASSED] - click(findTestObject("Object Repository/Page_Mattermost_login/span_Sign in")): Object: 'Object Repository/Page_Mattermost_login/span_Sign in' is clicked on

2020-06-05 23:09:40 - [MESSAGE][PASSED] - Object: 'Object Repository/Page_Mattermost_login/span_Sign in' is clicked on

2020-06-05 23:09:40 - [MESSAGE][PASSED] - Call Test Case 'Test Cases/Login/login_function' successfully

2020-06-05 23:09:40 - [TEST_STEP][PASSED] - Start tear down : Teardown: Method 'Teardown' complete successfully

2020-06-05 23:09:40 - [TEST_STEP][PASSED] - closeBrowser(): Browser is closed

2020-06-05 23:09:41 - [MESSAGE][PASSED] - Browser is closed

2020-06-05 23:09:41 - [MESSAGE][PASSED] - Method 'Teardown' complete successfully]]></system-out>
         <system-err><![CDATA[]]></system-err>
      </testcase>
      <testcase name="Test Cases/Create_team" time="13.525" classname="Test Cases/Create_team" status="PASSED">
         <system-out><![CDATA[2020-06-05 23:09:41 - [TEST_CASE][PASSED] - Test Cases/Create_team: Test Cases/Create_team

2020-06-05 23:09:41 - [TEST_STEP][PASSED] - openBrowser(""): Browser is opened with url: ''

2020-06-05 23:09:41 - [MESSAGE][INFO] - Starting 'Firefox' driver

2020-06-05 23:09:41 - [MESSAGE][INFO] - Action delay is set to 0 milliseconds

2020-06-05 23:09:44 - [MESSAGE][PASSED] - Browser is opened with url: ''

2020-06-05 23:09:44 - [TEST_STEP][PASSED] - navigateToUrl(url): Navigate to 'http://192.168.1.10:8065/login' successfully

2020-06-05 23:09:45 - [MESSAGE][PASSED] - Navigate to 'http://192.168.1.10:8065/login' successfully

2020-06-05 23:09:45 - [TEST_STEP][PASSED] - callTestCase(findTestCase("Test Cases/Login/login_function"), ["var_user":"tlvietdanh@gmail.com", "var_password":"13101998"], STOP_ON_FAILURE): Call Test Case 'Test Cases/Login/login_function' successfully

2020-06-05 23:09:45 - [TEST_CASE][PASSED] - Test Cases/Login/login_function: Test Cases/Login/login_function

2020-06-05 23:09:45 - [TEST_STEP][PASSED] - setText(findTestObject("Object Repository/Page_Mattermost_login/input_loginId"), var_user): Text 'tlvietdanh@gmail.com' is set on object 'Object Repository/Page_Mattermost_login/input_loginId'

2020-06-05 23:09:46 - [MESSAGE][PASSED] - Text 'tlvietdanh@gmail.com' is set on object 'Object Repository/Page_Mattermost_login/input_loginId'

2020-06-05 23:09:46 - [TEST_STEP][PASSED] - setText(findTestObject("Object Repository/Page_Mattermost_login/input_password"), var_password): Text '13101998' is set on object 'Object Repository/Page_Mattermost_login/input_password'

2020-06-05 23:09:47 - [MESSAGE][PASSED] - Text '13101998' is set on object 'Object Repository/Page_Mattermost_login/input_password'

2020-06-05 23:09:47 - [TEST_STEP][PASSED] - click(findTestObject("Object Repository/Page_Mattermost_login/span_Sign in")): Object: 'Object Repository/Page_Mattermost_login/span_Sign in' is clicked on

2020-06-05 23:09:48 - [MESSAGE][PASSED] - Object: 'Object Repository/Page_Mattermost_login/span_Sign in' is clicked on

2020-06-05 23:09:48 - [MESSAGE][PASSED] - Call Test Case 'Test Cases/Login/login_function' successfully

2020-06-05 23:09:48 - [TEST_STEP][PASSED] - click(findTestObject("Page_Town Square - asdasd Mattermost/svg (2)")): Object: 'Object Repository/Page_Town Square - asdasd Mattermost/svg (2)' is clicked on

2020-06-05 23:09:50 - [MESSAGE][PASSED] - Object: 'Object Repository/Page_Town Square - asdasd Mattermost/svg (2)' is clicked on

2020-06-05 23:09:50 - [TEST_STEP][PASSED] - click(findTestObject("Object Repository/Page_Town Square - asdasd Mattermost/span_Create a Team")): Object: 'Object Repository/Page_Town Square - asdasd Mattermost/span_Create a Team' is clicked on

2020-06-05 23:09:51 - [MESSAGE][PASSED] - Object: 'Object Repository/Page_Town Square - asdasd Mattermost/span_Create a Team' is clicked on

2020-06-05 23:09:51 - [TEST_STEP][PASSED] - setText(findTestObject("Object Repository/Page_Town Square - asdasd Mattermost/input_Team Name_teamNameInput"), team_name): Text 'hot' is set on object 'Object Repository/Page_Town Square - asdasd Mattermost/input_Team Name_teamNameInput'

2020-06-05 23:09:51 - [MESSAGE][PASSED] - Text 'hot' is set on object 'Object Repository/Page_Town Square - asdasd Mattermost/input_Team Name_teamNameInput'

2020-06-05 23:09:51 - [TEST_STEP][PASSED] - click(findTestObject("Object Repository/Page_Town Square - test Mattermost/button_Next")): Object: 'Object Repository/Page_Town Square - test Mattermost/button_Next' is clicked on

2020-06-05 23:09:52 - [MESSAGE][PASSED] - Object: 'Object Repository/Page_Town Square - test Mattermost/button_Next' is clicked on

2020-06-05 23:09:52 - [TEST_STEP][PASSED] - if (verifyElementPresent(findTestObject("Object Repository/Page_Town Square - button Mattermost/div_bu"), 1, OPTIONAL)): com.kms.katalon.core.webui.exception.WebElementNotFoundException: Web element with id: 'Object Repository/Page_Town Square - button Mattermost/div_bu' located by 'By.xpath: //*[(text() = 'bu' or . = 'bu')]' not found (Root cause: com.kms.katalon.core.exception.StepFailedException: com.kms.katalon.core.webui.exception.WebElementNotFoundException: Web element with id: 'Object Repository/Page_Town Square - button Mattermost/div_bu' located by 'By.xpath: //*[(text() = 'bu' or . = 'bu')]' not found
	at com.kms.katalon.core.webui.keyword.internal.WebUIKeywordMain.stepFailed(WebUIKeywordMain.groovy:64)
	at com.kms.katalon.core.webui.keyword.builtin.VerifyElementPresentKeyword$_verifyElementPresent_closure1.doCall(VerifyElementPresentKeyword.groovy:85)
	at com.kms.katalon.core.webui.keyword.builtin.VerifyElementPresentKeyword$_verifyElementPresent_closure1.call(VerifyElementPresentKeyword.groovy)
	at com.kms.katalon.core.webui.keyword.internal.WebUIKeywordMain.runKeyword(WebUIKeywordMain.groovy:20)
	at com.kms.katalon.core.webui.keyword.builtin.VerifyElementPresentKeyword.verifyElementPresent(VerifyElementPresentKeyword.groovy:92)
	at com.kms.katalon.core.webui.keyword.builtin.VerifyElementPresentKeyword.execute(VerifyElementPresentKeyword.groovy:68)
	at com.kms.katalon.core.keyword.internal.KeywordExecutor.executeKeywordForPlatform(KeywordExecutor.groovy:72)
	at com.kms.katalon.core.webui.keyword.WebUiBuiltInKeywords.verifyElementPresent(WebUiBuiltInKeywords.groovy:1444)
	at com.kms.katalon.core.webui.keyword.WebUiBuiltInKeywords$verifyElementPresent$6.call(Unknown Source)
	at Create_team.run(Create_team:43)
	at com.kms.katalon.core.main.ScriptEngine.run(ScriptEngine.java:194)
	at com.kms.katalon.core.main.ScriptEngine.runScriptAsRawText(ScriptEngine.java:119)
	at com.kms.katalon.core.main.TestCaseExecutor.runScript(TestCaseExecutor.java:337)
	at com.kms.katalon.core.main.TestCaseExecutor.doExecute(TestCaseExecutor.java:328)
	at com.kms.katalon.core.main.TestCaseExecutor.processExecutionPhase(TestCaseExecutor.java:307)
	at com.kms.katalon.core.main.TestCaseExecutor.accessMainPhase(TestCaseExecutor.java:299)
	at com.kms.katalon.core.main.TestCaseExecutor.execute(TestCaseExecutor.java:233)
	at com.kms.katalon.core.main.TestSuiteExecutor.accessTestCaseMainPhase(TestSuiteExecutor.java:169)
	at com.kms.katalon.core.main.TestSuiteExecutor.accessTestSuiteMainPhase(TestSuiteExecutor.java:142)
	at com.kms.katalon.core.main.TestSuiteExecutor.execute(TestSuiteExecutor.java:91)
	at com.kms.katalon.core.main.TestCaseMain.startTestSuite(TestCaseMain.java:157)
	at com.kms.katalon.core.main.TestCaseMain$startTestSuite$0.call(Unknown Source)
	at TempTestSuite1591373123859.run(TempTestSuite1591373123859.groovy:37)
)

2020-06-05 23:09:53 - [MESSAGE][INFO] - Unable to find the element located by 'By.xpath: //*[(text() = 'bu' or . = 'bu')]'. Please recheck the objects properties to make sure the desired element is located. 

2020-06-05 23:09:53 - [MESSAGE][WARNING] - com.kms.katalon.core.webui.exception.WebElementNotFoundException: Web element with id: 'Object Repository/Page_Town Square - button Mattermost/div_bu' located by 'By.xpath: //*[(text() = 'bu' or . = 'bu')]' not found (Root cause: com.kms.katalon.core.exception.StepFailedException: com.kms.katalon.core.webui.exception.WebElementNotFoundException: Web element with id: 'Object Repository/Page_Town Square - button Mattermost/div_bu' located by 'By.xpath: //*[(text() = 'bu' or . = 'bu')]' not found
	at com.kms.katalon.core.webui.keyword.internal.WebUIKeywordMain.stepFailed(WebUIKeywordMain.groovy:64)
	at com.kms.katalon.core.webui.keyword.builtin.VerifyElementPresentKeyword$_verifyElementPresent_closure1.doCall(VerifyElementPresentKeyword.groovy:85)
	at com.kms.katalon.core.webui.keyword.builtin.VerifyElementPresentKeyword$_verifyElementPresent_closure1.call(VerifyElementPresentKeyword.groovy)
	at com.kms.katalon.core.webui.keyword.internal.WebUIKeywordMain.runKeyword(WebUIKeywordMain.groovy:20)
	at com.kms.katalon.core.webui.keyword.builtin.VerifyElementPresentKeyword.verifyElementPresent(VerifyElementPresentKeyword.groovy:92)
	at com.kms.katalon.core.webui.keyword.builtin.VerifyElementPresentKeyword.execute(VerifyElementPresentKeyword.groovy:68)
	at com.kms.katalon.core.keyword.internal.KeywordExecutor.executeKeywordForPlatform(KeywordExecutor.groovy:72)
	at com.kms.katalon.core.webui.keyword.WebUiBuiltInKeywords.verifyElementPresent(WebUiBuiltInKeywords.groovy:1444)
	at com.kms.katalon.core.webui.keyword.WebUiBuiltInKeywords$verifyElementPresent$6.call(Unknown Source)
	at Create_team.run(Create_team:43)
	at com.kms.katalon.core.main.ScriptEngine.run(ScriptEngine.java:194)
	at com.kms.katalon.core.main.ScriptEngine.runScriptAsRawText(ScriptEngine.java:119)
	at com.kms.katalon.core.main.TestCaseExecutor.runScript(TestCaseExecutor.java:337)
	at com.kms.katalon.core.main.TestCaseExecutor.doExecute(TestCaseExecutor.java:328)
	at com.kms.katalon.core.main.TestCaseExecutor.processExecutionPhase(TestCaseExecutor.java:307)
	at com.kms.katalon.core.main.TestCaseExecutor.accessMainPhase(TestCaseExecutor.java:299)
	at com.kms.katalon.core.main.TestCaseExecutor.execute(TestCaseExecutor.java:233)
	at com.kms.katalon.core.main.TestSuiteExecutor.accessTestCaseMainPhase(TestSuiteExecutor.java:169)
	at com.kms.katalon.core.main.TestSuiteExecutor.accessTestSuiteMainPhase(TestSuiteExecutor.java:142)
	at com.kms.katalon.core.main.TestSuiteExecutor.execute(TestSuiteExecutor.java:91)
	at com.kms.katalon.core.main.TestCaseMain.startTestSuite(TestCaseMain.java:157)
	at com.kms.katalon.core.main.TestCaseMain$startTestSuite$0.call(Unknown Source)
	at TempTestSuite1591373123859.run(TempTestSuite1591373123859.groovy:37)
)
[[ATTACHMENT|D:\\katalon\\hw2-katalon-testing\\Reports\\20200605_230523\\Run_All_Test_Cases\\20200605_230523\\1591373393659.png]]

2020-06-05 23:09:53 - [TEST_STEP][PASSED] - closeBrowser(): Browser is closed

2020-06-05 23:09:54 - [MESSAGE][PASSED] - Browser is closed]]></system-out>
         <system-err><![CDATA[]]></system-err>
      </testcase>
      <testcase name="Test Cases/Create_team" time="14.195" classname="Test Cases/Create_team" status="PASSED">
         <system-out><![CDATA[2020-06-05 23:09:54 - [TEST_CASE][PASSED] - Test Cases/Create_team: Test Cases/Create_team

2020-06-05 23:09:54 - [TEST_STEP][PASSED] - openBrowser(""): Browser is opened with url: ''

2020-06-05 23:09:54 - [MESSAGE][INFO] - Starting 'Firefox' driver

2020-06-05 23:09:54 - [MESSAGE][INFO] - Action delay is set to 0 milliseconds

2020-06-05 23:09:58 - [MESSAGE][PASSED] - Browser is opened with url: ''

2020-06-05 23:09:58 - [TEST_STEP][PASSED] - navigateToUrl(url): Navigate to 'http://192.168.1.10:8065/login' successfully

2020-06-05 23:09:59 - [MESSAGE][PASSED] - Navigate to 'http://192.168.1.10:8065/login' successfully

2020-06-05 23:09:59 - [TEST_STEP][PASSED] - callTestCase(findTestCase("Test Cases/Login/login_function"), ["var_user":"tlvietdanh@gmail.com", "var_password":"13101998"], STOP_ON_FAILURE): Call Test Case 'Test Cases/Login/login_function' successfully

2020-06-05 23:09:59 - [TEST_CASE][PASSED] - Test Cases/Login/login_function: Test Cases/Login/login_function

2020-06-05 23:09:59 - [TEST_STEP][PASSED] - setText(findTestObject("Object Repository/Page_Mattermost_login/input_loginId"), var_user): Text 'tlvietdanh@gmail.com' is set on object 'Object Repository/Page_Mattermost_login/input_loginId'

2020-06-05 23:10:00 - [MESSAGE][PASSED] - Text 'tlvietdanh@gmail.com' is set on object 'Object Repository/Page_Mattermost_login/input_loginId'

2020-06-05 23:10:00 - [TEST_STEP][PASSED] - setText(findTestObject("Object Repository/Page_Mattermost_login/input_password"), var_password): Text '13101998' is set on object 'Object Repository/Page_Mattermost_login/input_password'

2020-06-05 23:10:01 - [MESSAGE][PASSED] - Text '13101998' is set on object 'Object Repository/Page_Mattermost_login/input_password'

2020-06-05 23:10:01 - [TEST_STEP][PASSED] - click(findTestObject("Object Repository/Page_Mattermost_login/span_Sign in")): Object: 'Object Repository/Page_Mattermost_login/span_Sign in' is clicked on

2020-06-05 23:10:02 - [MESSAGE][PASSED] - Object: 'Object Repository/Page_Mattermost_login/span_Sign in' is clicked on

2020-06-05 23:10:02 - [MESSAGE][PASSED] - Call Test Case 'Test Cases/Login/login_function' successfully

2020-06-05 23:10:02 - [TEST_STEP][PASSED] - click(findTestObject("Page_Town Square - asdasd Mattermost/svg (2)")): Object: 'Object Repository/Page_Town Square - asdasd Mattermost/svg (2)' is clicked on

2020-06-05 23:10:04 - [MESSAGE][PASSED] - Object: 'Object Repository/Page_Town Square - asdasd Mattermost/svg (2)' is clicked on

2020-06-05 23:10:04 - [TEST_STEP][PASSED] - click(findTestObject("Object Repository/Page_Town Square - asdasd Mattermost/span_Create a Team")): Object: 'Object Repository/Page_Town Square - asdasd Mattermost/span_Create a Team' is clicked on

2020-06-05 23:10:05 - [MESSAGE][PASSED] - Object: 'Object Repository/Page_Town Square - asdasd Mattermost/span_Create a Team' is clicked on

2020-06-05 23:10:05 - [TEST_STEP][PASSED] - setText(findTestObject("Object Repository/Page_Town Square - asdasd Mattermost/input_Team Name_teamNameInput"), team_name): Text 'sport' is set on object 'Object Repository/Page_Town Square - asdasd Mattermost/input_Team Name_teamNameInput'

2020-06-05 23:10:05 - [MESSAGE][PASSED] - Text 'sport' is set on object 'Object Repository/Page_Town Square - asdasd Mattermost/input_Team Name_teamNameInput'

2020-06-05 23:10:05 - [TEST_STEP][PASSED] - click(findTestObject("Object Repository/Page_Town Square - test Mattermost/button_Next")): Object: 'Object Repository/Page_Town Square - test Mattermost/button_Next' is clicked on

2020-06-05 23:10:06 - [MESSAGE][PASSED] - Object: 'Object Repository/Page_Town Square - test Mattermost/button_Next' is clicked on

2020-06-05 23:10:06 - [TEST_STEP][PASSED] - if (verifyElementPresent(findTestObject("Object Repository/Page_Town Square - button Mattermost/div_bu"), 1, OPTIONAL)): com.kms.katalon.core.webui.exception.WebElementNotFoundException: Web element with id: 'Object Repository/Page_Town Square - button Mattermost/div_bu' located by 'By.xpath: //*[(text() = 'bu' or . = 'bu')]' not found (Root cause: com.kms.katalon.core.exception.StepFailedException: com.kms.katalon.core.webui.exception.WebElementNotFoundException: Web element with id: 'Object Repository/Page_Town Square - button Mattermost/div_bu' located by 'By.xpath: //*[(text() = 'bu' or . = 'bu')]' not found
	at com.kms.katalon.core.webui.keyword.internal.WebUIKeywordMain.stepFailed(WebUIKeywordMain.groovy:64)
	at com.kms.katalon.core.webui.keyword.builtin.VerifyElementPresentKeyword$_verifyElementPresent_closure1.doCall(VerifyElementPresentKeyword.groovy:85)
	at com.kms.katalon.core.webui.keyword.builtin.VerifyElementPresentKeyword$_verifyElementPresent_closure1.call(VerifyElementPresentKeyword.groovy)
	at com.kms.katalon.core.webui.keyword.internal.WebUIKeywordMain.runKeyword(WebUIKeywordMain.groovy:20)
	at com.kms.katalon.core.webui.keyword.builtin.VerifyElementPresentKeyword.verifyElementPresent(VerifyElementPresentKeyword.groovy:92)
	at com.kms.katalon.core.webui.keyword.builtin.VerifyElementPresentKeyword.execute(VerifyElementPresentKeyword.groovy:68)
	at com.kms.katalon.core.keyword.internal.KeywordExecutor.executeKeywordForPlatform(KeywordExecutor.groovy:72)
	at com.kms.katalon.core.webui.keyword.WebUiBuiltInKeywords.verifyElementPresent(WebUiBuiltInKeywords.groovy:1444)
	at com.kms.katalon.core.webui.keyword.WebUiBuiltInKeywords$verifyElementPresent$6.call(Unknown Source)
	at Create_team.run(Create_team:43)
	at com.kms.katalon.core.main.ScriptEngine.run(ScriptEngine.java:194)
	at com.kms.katalon.core.main.ScriptEngine.runScriptAsRawText(ScriptEngine.java:119)
	at com.kms.katalon.core.main.TestCaseExecutor.runScript(TestCaseExecutor.java:337)
	at com.kms.katalon.core.main.TestCaseExecutor.doExecute(TestCaseExecutor.java:328)
	at com.kms.katalon.core.main.TestCaseExecutor.processExecutionPhase(TestCaseExecutor.java:307)
	at com.kms.katalon.core.main.TestCaseExecutor.accessMainPhase(TestCaseExecutor.java:299)
	at com.kms.katalon.core.main.TestCaseExecutor.execute(TestCaseExecutor.java:233)
	at com.kms.katalon.core.main.TestSuiteExecutor.accessTestCaseMainPhase(TestSuiteExecutor.java:169)
	at com.kms.katalon.core.main.TestSuiteExecutor.accessTestSuiteMainPhase(TestSuiteExecutor.java:142)
	at com.kms.katalon.core.main.TestSuiteExecutor.execute(TestSuiteExecutor.java:91)
	at com.kms.katalon.core.main.TestCaseMain.startTestSuite(TestCaseMain.java:157)
	at com.kms.katalon.core.main.TestCaseMain$startTestSuite$0.call(Unknown Source)
	at TempTestSuite1591373123859.run(TempTestSuite1591373123859.groovy:37)
)

2020-06-05 23:10:07 - [MESSAGE][INFO] - Unable to find the element located by 'By.xpath: //*[(text() = 'bu' or . = 'bu')]'. Please recheck the objects properties to make sure the desired element is located. 

2020-06-05 23:10:08 - [MESSAGE][WARNING] - com.kms.katalon.core.webui.exception.WebElementNotFoundException: Web element with id: 'Object Repository/Page_Town Square - button Mattermost/div_bu' located by 'By.xpath: //*[(text() = 'bu' or . = 'bu')]' not found (Root cause: com.kms.katalon.core.exception.StepFailedException: com.kms.katalon.core.webui.exception.WebElementNotFoundException: Web element with id: 'Object Repository/Page_Town Square - button Mattermost/div_bu' located by 'By.xpath: //*[(text() = 'bu' or . = 'bu')]' not found
	at com.kms.katalon.core.webui.keyword.internal.WebUIKeywordMain.stepFailed(WebUIKeywordMain.groovy:64)
	at com.kms.katalon.core.webui.keyword.builtin.VerifyElementPresentKeyword$_verifyElementPresent_closure1.doCall(VerifyElementPresentKeyword.groovy:85)
	at com.kms.katalon.core.webui.keyword.builtin.VerifyElementPresentKeyword$_verifyElementPresent_closure1.call(VerifyElementPresentKeyword.groovy)
	at com.kms.katalon.core.webui.keyword.internal.WebUIKeywordMain.runKeyword(WebUIKeywordMain.groovy:20)
	at com.kms.katalon.core.webui.keyword.builtin.VerifyElementPresentKeyword.verifyElementPresent(VerifyElementPresentKeyword.groovy:92)
	at com.kms.katalon.core.webui.keyword.builtin.VerifyElementPresentKeyword.execute(VerifyElementPresentKeyword.groovy:68)
	at com.kms.katalon.core.keyword.internal.KeywordExecutor.executeKeywordForPlatform(KeywordExecutor.groovy:72)
	at com.kms.katalon.core.webui.keyword.WebUiBuiltInKeywords.verifyElementPresent(WebUiBuiltInKeywords.groovy:1444)
	at com.kms.katalon.core.webui.keyword.WebUiBuiltInKeywords$verifyElementPresent$6.call(Unknown Source)
	at Create_team.run(Create_team:43)
	at com.kms.katalon.core.main.ScriptEngine.run(ScriptEngine.java:194)
	at com.kms.katalon.core.main.ScriptEngine.runScriptAsRawText(ScriptEngine.java:119)
	at com.kms.katalon.core.main.TestCaseExecutor.runScript(TestCaseExecutor.java:337)
	at com.kms.katalon.core.main.TestCaseExecutor.doExecute(TestCaseExecutor.java:328)
	at com.kms.katalon.core.main.TestCaseExecutor.processExecutionPhase(TestCaseExecutor.java:307)
	at com.kms.katalon.core.main.TestCaseExecutor.accessMainPhase(TestCaseExecutor.java:299)
	at com.kms.katalon.core.main.TestCaseExecutor.execute(TestCaseExecutor.java:233)
	at com.kms.katalon.core.main.TestSuiteExecutor.accessTestCaseMainPhase(TestSuiteExecutor.java:169)
	at com.kms.katalon.core.main.TestSuiteExecutor.accessTestSuiteMainPhase(TestSuiteExecutor.java:142)
	at com.kms.katalon.core.main.TestSuiteExecutor.execute(TestSuiteExecutor.java:91)
	at com.kms.katalon.core.main.TestCaseMain.startTestSuite(TestCaseMain.java:157)
	at com.kms.katalon.core.main.TestCaseMain$startTestSuite$0.call(Unknown Source)
	at TempTestSuite1591373123859.run(TempTestSuite1591373123859.groovy:37)
)
[[ATTACHMENT|D:\\katalon\\hw2-katalon-testing\\Reports\\20200605_230523\\Run_All_Test_Cases\\20200605_230523\\1591373407941.png]]

2020-06-05 23:10:08 - [TEST_STEP][PASSED] - closeBrowser(): Browser is closed

2020-06-05 23:10:08 - [MESSAGE][PASSED] - Browser is closed]]></system-out>
         <system-err><![CDATA[]]></system-err>
      </testcase>
      <testcase name="Test Cases/Create_team" time="16.434" classname="Test Cases/Create_team" status="PASSED">
         <system-out><![CDATA[2020-06-05 23:10:08 - [TEST_CASE][PASSED] - Test Cases/Create_team: Test Cases/Create_team

2020-06-05 23:10:08 - [TEST_STEP][PASSED] - openBrowser(""): Browser is opened with url: ''

2020-06-05 23:10:08 - [MESSAGE][INFO] - Starting 'Firefox' driver

2020-06-05 23:10:08 - [MESSAGE][INFO] - Action delay is set to 0 milliseconds

2020-06-05 23:10:12 - [MESSAGE][PASSED] - Browser is opened with url: ''

2020-06-05 23:10:12 - [TEST_STEP][PASSED] - navigateToUrl(url): Navigate to 'http://192.168.1.10:8065/login' successfully

2020-06-05 23:10:14 - [MESSAGE][PASSED] - Navigate to 'http://192.168.1.10:8065/login' successfully

2020-06-05 23:10:14 - [TEST_STEP][PASSED] - callTestCase(findTestCase("Test Cases/Login/login_function"), ["var_user":"tlvietdanh@gmail.com", "var_password":"13101998"], STOP_ON_FAILURE): Call Test Case 'Test Cases/Login/login_function' successfully

2020-06-05 23:10:14 - [TEST_CASE][PASSED] - Test Cases/Login/login_function: Test Cases/Login/login_function

2020-06-05 23:10:14 - [TEST_STEP][PASSED] - setText(findTestObject("Object Repository/Page_Mattermost_login/input_loginId"), var_user): Text 'tlvietdanh@gmail.com' is set on object 'Object Repository/Page_Mattermost_login/input_loginId'

2020-06-05 23:10:16 - [MESSAGE][PASSED] - Text 'tlvietdanh@gmail.com' is set on object 'Object Repository/Page_Mattermost_login/input_loginId'

2020-06-05 23:10:16 - [TEST_STEP][PASSED] - setText(findTestObject("Object Repository/Page_Mattermost_login/input_password"), var_password): Text '13101998' is set on object 'Object Repository/Page_Mattermost_login/input_password'

2020-06-05 23:10:17 - [MESSAGE][PASSED] - Text '13101998' is set on object 'Object Repository/Page_Mattermost_login/input_password'

2020-06-05 23:10:17 - [TEST_STEP][PASSED] - click(findTestObject("Object Repository/Page_Mattermost_login/span_Sign in")): Object: 'Object Repository/Page_Mattermost_login/span_Sign in' is clicked on

2020-06-05 23:10:18 - [MESSAGE][PASSED] - Object: 'Object Repository/Page_Mattermost_login/span_Sign in' is clicked on

2020-06-05 23:10:18 - [MESSAGE][PASSED] - Call Test Case 'Test Cases/Login/login_function' successfully

2020-06-05 23:10:18 - [TEST_STEP][PASSED] - click(findTestObject("Page_Town Square - asdasd Mattermost/svg (2)")): Object: 'Object Repository/Page_Town Square - asdasd Mattermost/svg (2)' is clicked on

2020-06-05 23:10:20 - [MESSAGE][PASSED] - Object: 'Object Repository/Page_Town Square - asdasd Mattermost/svg (2)' is clicked on

2020-06-05 23:10:20 - [TEST_STEP][PASSED] - click(findTestObject("Object Repository/Page_Town Square - asdasd Mattermost/span_Create a Team")): Object: 'Object Repository/Page_Town Square - asdasd Mattermost/span_Create a Team' is clicked on

2020-06-05 23:10:21 - [MESSAGE][PASSED] - Object: 'Object Repository/Page_Town Square - asdasd Mattermost/span_Create a Team' is clicked on

2020-06-05 23:10:21 - [TEST_STEP][PASSED] - setText(findTestObject("Object Repository/Page_Town Square - asdasd Mattermost/input_Team Name_teamNameInput"), team_name): Text 'game' is set on object 'Object Repository/Page_Town Square - asdasd Mattermost/input_Team Name_teamNameInput'

2020-06-05 23:10:22 - [MESSAGE][PASSED] - Text 'game' is set on object 'Object Repository/Page_Town Square - asdasd Mattermost/input_Team Name_teamNameInput'

2020-06-05 23:10:22 - [TEST_STEP][PASSED] - click(findTestObject("Object Repository/Page_Town Square - test Mattermost/button_Next")): Object: 'Object Repository/Page_Town Square - test Mattermost/button_Next' is clicked on

2020-06-05 23:10:22 - [MESSAGE][PASSED] - Object: 'Object Repository/Page_Town Square - test Mattermost/button_Next' is clicked on

2020-06-05 23:10:22 - [TEST_STEP][PASSED] - if (verifyElementPresent(findTestObject("Object Repository/Page_Town Square - button Mattermost/div_bu"), 1, OPTIONAL)): com.kms.katalon.core.webui.exception.WebElementNotFoundException: Web element with id: 'Object Repository/Page_Town Square - button Mattermost/div_bu' located by 'By.xpath: //*[(text() = 'bu' or . = 'bu')]' not found (Root cause: com.kms.katalon.core.exception.StepFailedException: com.kms.katalon.core.webui.exception.WebElementNotFoundException: Web element with id: 'Object Repository/Page_Town Square - button Mattermost/div_bu' located by 'By.xpath: //*[(text() = 'bu' or . = 'bu')]' not found
	at com.kms.katalon.core.webui.keyword.internal.WebUIKeywordMain.stepFailed(WebUIKeywordMain.groovy:64)
	at com.kms.katalon.core.webui.keyword.builtin.VerifyElementPresentKeyword$_verifyElementPresent_closure1.doCall(VerifyElementPresentKeyword.groovy:85)
	at com.kms.katalon.core.webui.keyword.builtin.VerifyElementPresentKeyword$_verifyElementPresent_closure1.call(VerifyElementPresentKeyword.groovy)
	at com.kms.katalon.core.webui.keyword.internal.WebUIKeywordMain.runKeyword(WebUIKeywordMain.groovy:20)
	at com.kms.katalon.core.webui.keyword.builtin.VerifyElementPresentKeyword.verifyElementPresent(VerifyElementPresentKeyword.groovy:92)
	at com.kms.katalon.core.webui.keyword.builtin.VerifyElementPresentKeyword.execute(VerifyElementPresentKeyword.groovy:68)
	at com.kms.katalon.core.keyword.internal.KeywordExecutor.executeKeywordForPlatform(KeywordExecutor.groovy:72)
	at com.kms.katalon.core.webui.keyword.WebUiBuiltInKeywords.verifyElementPresent(WebUiBuiltInKeywords.groovy:1444)
	at com.kms.katalon.core.webui.keyword.WebUiBuiltInKeywords$verifyElementPresent$6.call(Unknown Source)
	at Create_team.run(Create_team:43)
	at com.kms.katalon.core.main.ScriptEngine.run(ScriptEngine.java:194)
	at com.kms.katalon.core.main.ScriptEngine.runScriptAsRawText(ScriptEngine.java:119)
	at com.kms.katalon.core.main.TestCaseExecutor.runScript(TestCaseExecutor.java:337)
	at com.kms.katalon.core.main.TestCaseExecutor.doExecute(TestCaseExecutor.java:328)
	at com.kms.katalon.core.main.TestCaseExecutor.processExecutionPhase(TestCaseExecutor.java:307)
	at com.kms.katalon.core.main.TestCaseExecutor.accessMainPhase(TestCaseExecutor.java:299)
	at com.kms.katalon.core.main.TestCaseExecutor.execute(TestCaseExecutor.java:233)
	at com.kms.katalon.core.main.TestSuiteExecutor.accessTestCaseMainPhase(TestSuiteExecutor.java:169)
	at com.kms.katalon.core.main.TestSuiteExecutor.accessTestSuiteMainPhase(TestSuiteExecutor.java:142)
	at com.kms.katalon.core.main.TestSuiteExecutor.execute(TestSuiteExecutor.java:91)
	at com.kms.katalon.core.main.TestCaseMain.startTestSuite(TestCaseMain.java:157)
	at com.kms.katalon.core.main.TestCaseMain$startTestSuite$0.call(Unknown Source)
	at TempTestSuite1591373123859.run(TempTestSuite1591373123859.groovy:37)
)

2020-06-05 23:10:24 - [MESSAGE][INFO] - Unable to find the element located by 'By.xpath: //*[(text() = 'bu' or . = 'bu')]'. Please recheck the objects properties to make sure the desired element is located. 

2020-06-05 23:10:24 - [MESSAGE][WARNING] - com.kms.katalon.core.webui.exception.WebElementNotFoundException: Web element with id: 'Object Repository/Page_Town Square - button Mattermost/div_bu' located by 'By.xpath: //*[(text() = 'bu' or . = 'bu')]' not found (Root cause: com.kms.katalon.core.exception.StepFailedException: com.kms.katalon.core.webui.exception.WebElementNotFoundException: Web element with id: 'Object Repository/Page_Town Square - button Mattermost/div_bu' located by 'By.xpath: //*[(text() = 'bu' or . = 'bu')]' not found
	at com.kms.katalon.core.webui.keyword.internal.WebUIKeywordMain.stepFailed(WebUIKeywordMain.groovy:64)
	at com.kms.katalon.core.webui.keyword.builtin.VerifyElementPresentKeyword$_verifyElementPresent_closure1.doCall(VerifyElementPresentKeyword.groovy:85)
	at com.kms.katalon.core.webui.keyword.builtin.VerifyElementPresentKeyword$_verifyElementPresent_closure1.call(VerifyElementPresentKeyword.groovy)
	at com.kms.katalon.core.webui.keyword.internal.WebUIKeywordMain.runKeyword(WebUIKeywordMain.groovy:20)
	at com.kms.katalon.core.webui.keyword.builtin.VerifyElementPresentKeyword.verifyElementPresent(VerifyElementPresentKeyword.groovy:92)
	at com.kms.katalon.core.webui.keyword.builtin.VerifyElementPresentKeyword.execute(VerifyElementPresentKeyword.groovy:68)
	at com.kms.katalon.core.keyword.internal.KeywordExecutor.executeKeywordForPlatform(KeywordExecutor.groovy:72)
	at com.kms.katalon.core.webui.keyword.WebUiBuiltInKeywords.verifyElementPresent(WebUiBuiltInKeywords.groovy:1444)
	at com.kms.katalon.core.webui.keyword.WebUiBuiltInKeywords$verifyElementPresent$6.call(Unknown Source)
	at Create_team.run(Create_team:43)
	at com.kms.katalon.core.main.ScriptEngine.run(ScriptEngine.java:194)
	at com.kms.katalon.core.main.ScriptEngine.runScriptAsRawText(ScriptEngine.java:119)
	at com.kms.katalon.core.main.TestCaseExecutor.runScript(TestCaseExecutor.java:337)
	at com.kms.katalon.core.main.TestCaseExecutor.doExecute(TestCaseExecutor.java:328)
	at com.kms.katalon.core.main.TestCaseExecutor.processExecutionPhase(TestCaseExecutor.java:307)
	at com.kms.katalon.core.main.TestCaseExecutor.accessMainPhase(TestCaseExecutor.java:299)
	at com.kms.katalon.core.main.TestCaseExecutor.execute(TestCaseExecutor.java:233)
	at com.kms.katalon.core.main.TestSuiteExecutor.accessTestCaseMainPhase(TestSuiteExecutor.java:169)
	at com.kms.katalon.core.main.TestSuiteExecutor.accessTestSuiteMainPhase(TestSuiteExecutor.java:142)
	at com.kms.katalon.core.main.TestSuiteExecutor.execute(TestSuiteExecutor.java:91)
	at com.kms.katalon.core.main.TestCaseMain.startTestSuite(TestCaseMain.java:157)
	at com.kms.katalon.core.main.TestCaseMain$startTestSuite$0.call(Unknown Source)
	at TempTestSuite1591373123859.run(TempTestSuite1591373123859.groovy:37)
)
[[ATTACHMENT|D:\\katalon\\hw2-katalon-testing\\Reports\\20200605_230523\\Run_All_Test_Cases\\20200605_230523\\1591373424183.png]]

2020-06-05 23:10:24 - [TEST_STEP][PASSED] - closeBrowser(): Browser is closed

2020-06-05 23:10:25 - [MESSAGE][PASSED] - Browser is closed]]></system-out>
         <system-err><![CDATA[]]></system-err>
      </testcase>
      <testcase name="Test Cases/Create_team" time="15.318" classname="Test Cases/Create_team" status="PASSED">
         <system-out><![CDATA[2020-06-05 23:10:25 - [TEST_CASE][PASSED] - Test Cases/Create_team: Test Cases/Create_team

2020-06-05 23:10:25 - [TEST_STEP][PASSED] - openBrowser(""): Browser is opened with url: ''

2020-06-05 23:10:25 - [MESSAGE][INFO] - Starting 'Firefox' driver

2020-06-05 23:10:25 - [MESSAGE][INFO] - Action delay is set to 0 milliseconds

2020-06-05 23:10:29 - [MESSAGE][PASSED] - Browser is opened with url: ''

2020-06-05 23:10:29 - [TEST_STEP][PASSED] - navigateToUrl(url): Navigate to 'http://192.168.1.10:8065/login' successfully

2020-06-05 23:10:30 - [MESSAGE][PASSED] - Navigate to 'http://192.168.1.10:8065/login' successfully

2020-06-05 23:10:30 - [TEST_STEP][PASSED] - callTestCase(findTestCase("Test Cases/Login/login_function"), ["var_user":"tlvietdanh@gmail.com", "var_password":"13101998"], STOP_ON_FAILURE): Call Test Case 'Test Cases/Login/login_function' successfully

2020-06-05 23:10:30 - [TEST_CASE][PASSED] - Test Cases/Login/login_function: Test Cases/Login/login_function

2020-06-05 23:10:30 - [TEST_STEP][PASSED] - setText(findTestObject("Object Repository/Page_Mattermost_login/input_loginId"), var_user): Text 'tlvietdanh@gmail.com' is set on object 'Object Repository/Page_Mattermost_login/input_loginId'

2020-06-05 23:10:32 - [MESSAGE][PASSED] - Text 'tlvietdanh@gmail.com' is set on object 'Object Repository/Page_Mattermost_login/input_loginId'

2020-06-05 23:10:32 - [TEST_STEP][PASSED] - setText(findTestObject("Object Repository/Page_Mattermost_login/input_password"), var_password): Text '13101998' is set on object 'Object Repository/Page_Mattermost_login/input_password'

2020-06-05 23:10:33 - [MESSAGE][PASSED] - Text '13101998' is set on object 'Object Repository/Page_Mattermost_login/input_password'

2020-06-05 23:10:33 - [TEST_STEP][PASSED] - click(findTestObject("Object Repository/Page_Mattermost_login/span_Sign in")): Object: 'Object Repository/Page_Mattermost_login/span_Sign in' is clicked on

2020-06-05 23:10:33 - [MESSAGE][PASSED] - Object: 'Object Repository/Page_Mattermost_login/span_Sign in' is clicked on

2020-06-05 23:10:33 - [MESSAGE][PASSED] - Call Test Case 'Test Cases/Login/login_function' successfully

2020-06-05 23:10:33 - [TEST_STEP][PASSED] - click(findTestObject("Page_Town Square - asdasd Mattermost/svg (2)")): Object: 'Object Repository/Page_Town Square - asdasd Mattermost/svg (2)' is clicked on

2020-06-05 23:10:36 - [MESSAGE][PASSED] - Object: 'Object Repository/Page_Town Square - asdasd Mattermost/svg (2)' is clicked on

2020-06-05 23:10:36 - [TEST_STEP][PASSED] - click(findTestObject("Object Repository/Page_Town Square - asdasd Mattermost/span_Create a Team")): Object: 'Object Repository/Page_Town Square - asdasd Mattermost/span_Create a Team' is clicked on

2020-06-05 23:10:37 - [MESSAGE][PASSED] - Object: 'Object Repository/Page_Town Square - asdasd Mattermost/span_Create a Team' is clicked on

2020-06-05 23:10:37 - [TEST_STEP][PASSED] - setText(findTestObject("Object Repository/Page_Town Square - asdasd Mattermost/input_Team Name_teamNameInput"), team_name): Text 'film' is set on object 'Object Repository/Page_Town Square - asdasd Mattermost/input_Team Name_teamNameInput'

2020-06-05 23:10:37 - [MESSAGE][PASSED] - Text 'film' is set on object 'Object Repository/Page_Town Square - asdasd Mattermost/input_Team Name_teamNameInput'

2020-06-05 23:10:37 - [TEST_STEP][PASSED] - click(findTestObject("Object Repository/Page_Town Square - test Mattermost/button_Next")): Object: 'Object Repository/Page_Town Square - test Mattermost/button_Next' is clicked on

2020-06-05 23:10:38 - [MESSAGE][PASSED] - Object: 'Object Repository/Page_Town Square - test Mattermost/button_Next' is clicked on

2020-06-05 23:10:38 - [TEST_STEP][PASSED] - if (verifyElementPresent(findTestObject("Object Repository/Page_Town Square - button Mattermost/div_bu"), 1, OPTIONAL)): com.kms.katalon.core.webui.exception.WebElementNotFoundException: Web element with id: 'Object Repository/Page_Town Square - button Mattermost/div_bu' located by 'By.xpath: //*[(text() = 'bu' or . = 'bu')]' not found (Root cause: com.kms.katalon.core.exception.StepFailedException: com.kms.katalon.core.webui.exception.WebElementNotFoundException: Web element with id: 'Object Repository/Page_Town Square - button Mattermost/div_bu' located by 'By.xpath: //*[(text() = 'bu' or . = 'bu')]' not found
	at com.kms.katalon.core.webui.keyword.internal.WebUIKeywordMain.stepFailed(WebUIKeywordMain.groovy:64)
	at com.kms.katalon.core.webui.keyword.builtin.VerifyElementPresentKeyword$_verifyElementPresent_closure1.doCall(VerifyElementPresentKeyword.groovy:85)
	at com.kms.katalon.core.webui.keyword.builtin.VerifyElementPresentKeyword$_verifyElementPresent_closure1.call(VerifyElementPresentKeyword.groovy)
	at com.kms.katalon.core.webui.keyword.internal.WebUIKeywordMain.runKeyword(WebUIKeywordMain.groovy:20)
	at com.kms.katalon.core.webui.keyword.builtin.VerifyElementPresentKeyword.verifyElementPresent(VerifyElementPresentKeyword.groovy:92)
	at com.kms.katalon.core.webui.keyword.builtin.VerifyElementPresentKeyword.execute(VerifyElementPresentKeyword.groovy:68)
	at com.kms.katalon.core.keyword.internal.KeywordExecutor.executeKeywordForPlatform(KeywordExecutor.groovy:72)
	at com.kms.katalon.core.webui.keyword.WebUiBuiltInKeywords.verifyElementPresent(WebUiBuiltInKeywords.groovy:1444)
	at com.kms.katalon.core.webui.keyword.WebUiBuiltInKeywords$verifyElementPresent$6.call(Unknown Source)
	at Create_team.run(Create_team:43)
	at com.kms.katalon.core.main.ScriptEngine.run(ScriptEngine.java:194)
	at com.kms.katalon.core.main.ScriptEngine.runScriptAsRawText(ScriptEngine.java:119)
	at com.kms.katalon.core.main.TestCaseExecutor.runScript(TestCaseExecutor.java:337)
	at com.kms.katalon.core.main.TestCaseExecutor.doExecute(TestCaseExecutor.java:328)
	at com.kms.katalon.core.main.TestCaseExecutor.processExecutionPhase(TestCaseExecutor.java:307)
	at com.kms.katalon.core.main.TestCaseExecutor.accessMainPhase(TestCaseExecutor.java:299)
	at com.kms.katalon.core.main.TestCaseExecutor.execute(TestCaseExecutor.java:233)
	at com.kms.katalon.core.main.TestSuiteExecutor.accessTestCaseMainPhase(TestSuiteExecutor.java:169)
	at com.kms.katalon.core.main.TestSuiteExecutor.accessTestSuiteMainPhase(TestSuiteExecutor.java:142)
	at com.kms.katalon.core.main.TestSuiteExecutor.execute(TestSuiteExecutor.java:91)
	at com.kms.katalon.core.main.TestCaseMain.startTestSuite(TestCaseMain.java:157)
	at com.kms.katalon.core.main.TestCaseMain$startTestSuite$0.call(Unknown Source)
	at TempTestSuite1591373123859.run(TempTestSuite1591373123859.groovy:37)
)

2020-06-05 23:10:39 - [MESSAGE][INFO] - Unable to find the element located by 'By.xpath: //*[(text() = 'bu' or . = 'bu')]'. Please recheck the objects properties to make sure the desired element is located. 

2020-06-05 23:10:39 - [MESSAGE][WARNING] - com.kms.katalon.core.webui.exception.WebElementNotFoundException: Web element with id: 'Object Repository/Page_Town Square - button Mattermost/div_bu' located by 'By.xpath: //*[(text() = 'bu' or . = 'bu')]' not found (Root cause: com.kms.katalon.core.exception.StepFailedException: com.kms.katalon.core.webui.exception.WebElementNotFoundException: Web element with id: 'Object Repository/Page_Town Square - button Mattermost/div_bu' located by 'By.xpath: //*[(text() = 'bu' or . = 'bu')]' not found
	at com.kms.katalon.core.webui.keyword.internal.WebUIKeywordMain.stepFailed(WebUIKeywordMain.groovy:64)
	at com.kms.katalon.core.webui.keyword.builtin.VerifyElementPresentKeyword$_verifyElementPresent_closure1.doCall(VerifyElementPresentKeyword.groovy:85)
	at com.kms.katalon.core.webui.keyword.builtin.VerifyElementPresentKeyword$_verifyElementPresent_closure1.call(VerifyElementPresentKeyword.groovy)
	at com.kms.katalon.core.webui.keyword.internal.WebUIKeywordMain.runKeyword(WebUIKeywordMain.groovy:20)
	at com.kms.katalon.core.webui.keyword.builtin.VerifyElementPresentKeyword.verifyElementPresent(VerifyElementPresentKeyword.groovy:92)
	at com.kms.katalon.core.webui.keyword.builtin.VerifyElementPresentKeyword.execute(VerifyElementPresentKeyword.groovy:68)
	at com.kms.katalon.core.keyword.internal.KeywordExecutor.executeKeywordForPlatform(KeywordExecutor.groovy:72)
	at com.kms.katalon.core.webui.keyword.WebUiBuiltInKeywords.verifyElementPresent(WebUiBuiltInKeywords.groovy:1444)
	at com.kms.katalon.core.webui.keyword.WebUiBuiltInKeywords$verifyElementPresent$6.call(Unknown Source)
	at Create_team.run(Create_team:43)
	at com.kms.katalon.core.main.ScriptEngine.run(ScriptEngine.java:194)
	at com.kms.katalon.core.main.ScriptEngine.runScriptAsRawText(ScriptEngine.java:119)
	at com.kms.katalon.core.main.TestCaseExecutor.runScript(TestCaseExecutor.java:337)
	at com.kms.katalon.core.main.TestCaseExecutor.doExecute(TestCaseExecutor.java:328)
	at com.kms.katalon.core.main.TestCaseExecutor.processExecutionPhase(TestCaseExecutor.java:307)
	at com.kms.katalon.core.main.TestCaseExecutor.accessMainPhase(TestCaseExecutor.java:299)
	at com.kms.katalon.core.main.TestCaseExecutor.execute(TestCaseExecutor.java:233)
	at com.kms.katalon.core.main.TestSuiteExecutor.accessTestCaseMainPhase(TestSuiteExecutor.java:169)
	at com.kms.katalon.core.main.TestSuiteExecutor.accessTestSuiteMainPhase(TestSuiteExecutor.java:142)
	at com.kms.katalon.core.main.TestSuiteExecutor.execute(TestSuiteExecutor.java:91)
	at com.kms.katalon.core.main.TestCaseMain.startTestSuite(TestCaseMain.java:157)
	at com.kms.katalon.core.main.TestCaseMain$startTestSuite$0.call(Unknown Source)
	at TempTestSuite1591373123859.run(TempTestSuite1591373123859.groovy:37)
)
[[ATTACHMENT|D:\\katalon\\hw2-katalon-testing\\Reports\\20200605_230523\\Run_All_Test_Cases\\20200605_230523\\1591373439597.png]]

2020-06-05 23:10:39 - [TEST_STEP][PASSED] - closeBrowser(): Browser is closed

2020-06-05 23:10:40 - [MESSAGE][PASSED] - Browser is closed]]></system-out>
         <system-err><![CDATA[]]></system-err>
      </testcase>
      <testcase name="Test Cases/Create_team" time="14.53" classname="Test Cases/Create_team" status="PASSED">
         <system-out><![CDATA[2020-06-05 23:10:40 - [TEST_CASE][PASSED] - Test Cases/Create_team: Test Cases/Create_team

2020-06-05 23:10:40 - [TEST_STEP][PASSED] - openBrowser(""): Browser is opened with url: ''

2020-06-05 23:10:40 - [MESSAGE][INFO] - Starting 'Firefox' driver

2020-06-05 23:10:40 - [MESSAGE][INFO] - Action delay is set to 0 milliseconds

2020-06-05 23:10:44 - [MESSAGE][PASSED] - Browser is opened with url: ''

2020-06-05 23:10:44 - [TEST_STEP][PASSED] - navigateToUrl(url): Navigate to 'http://192.168.1.10:8065/login' successfully

2020-06-05 23:10:45 - [MESSAGE][PASSED] - Navigate to 'http://192.168.1.10:8065/login' successfully

2020-06-05 23:10:45 - [TEST_STEP][PASSED] - callTestCase(findTestCase("Test Cases/Login/login_function"), ["var_user":"tlvietdanh@gmail.com", "var_password":"13101998"], STOP_ON_FAILURE): Call Test Case 'Test Cases/Login/login_function' successfully

2020-06-05 23:10:45 - [TEST_CASE][PASSED] - Test Cases/Login/login_function: Test Cases/Login/login_function

2020-06-05 23:10:45 - [TEST_STEP][PASSED] - setText(findTestObject("Object Repository/Page_Mattermost_login/input_loginId"), var_user): Text 'tlvietdanh@gmail.com' is set on object 'Object Repository/Page_Mattermost_login/input_loginId'

2020-06-05 23:10:47 - [MESSAGE][PASSED] - Text 'tlvietdanh@gmail.com' is set on object 'Object Repository/Page_Mattermost_login/input_loginId'

2020-06-05 23:10:47 - [TEST_STEP][PASSED] - setText(findTestObject("Object Repository/Page_Mattermost_login/input_password"), var_password): Text '13101998' is set on object 'Object Repository/Page_Mattermost_login/input_password'

2020-06-05 23:10:48 - [MESSAGE][PASSED] - Text '13101998' is set on object 'Object Repository/Page_Mattermost_login/input_password'

2020-06-05 23:10:48 - [TEST_STEP][PASSED] - click(findTestObject("Object Repository/Page_Mattermost_login/span_Sign in")): Object: 'Object Repository/Page_Mattermost_login/span_Sign in' is clicked on

2020-06-05 23:10:48 - [MESSAGE][PASSED] - Object: 'Object Repository/Page_Mattermost_login/span_Sign in' is clicked on

2020-06-05 23:10:48 - [MESSAGE][PASSED] - Call Test Case 'Test Cases/Login/login_function' successfully

2020-06-05 23:10:48 - [TEST_STEP][PASSED] - click(findTestObject("Page_Town Square - asdasd Mattermost/svg (2)")): Object: 'Object Repository/Page_Town Square - asdasd Mattermost/svg (2)' is clicked on

2020-06-05 23:10:50 - [MESSAGE][PASSED] - Object: 'Object Repository/Page_Town Square - asdasd Mattermost/svg (2)' is clicked on

2020-06-05 23:10:50 - [TEST_STEP][PASSED] - click(findTestObject("Object Repository/Page_Town Square - asdasd Mattermost/span_Create a Team")): Object: 'Object Repository/Page_Town Square - asdasd Mattermost/span_Create a Team' is clicked on

2020-06-05 23:10:51 - [MESSAGE][PASSED] - Object: 'Object Repository/Page_Town Square - asdasd Mattermost/span_Create a Team' is clicked on

2020-06-05 23:10:51 - [TEST_STEP][PASSED] - setText(findTestObject("Object Repository/Page_Town Square - asdasd Mattermost/input_Team Name_teamNameInput"), team_name): Text 'job' is set on object 'Object Repository/Page_Town Square - asdasd Mattermost/input_Team Name_teamNameInput'

2020-06-05 23:10:52 - [MESSAGE][PASSED] - Text 'job' is set on object 'Object Repository/Page_Town Square - asdasd Mattermost/input_Team Name_teamNameInput'

2020-06-05 23:10:52 - [TEST_STEP][PASSED] - click(findTestObject("Object Repository/Page_Town Square - test Mattermost/button_Next")): Object: 'Object Repository/Page_Town Square - test Mattermost/button_Next' is clicked on

2020-06-05 23:10:52 - [MESSAGE][PASSED] - Object: 'Object Repository/Page_Town Square - test Mattermost/button_Next' is clicked on

2020-06-05 23:10:52 - [TEST_STEP][PASSED] - if (verifyElementPresent(findTestObject("Object Repository/Page_Town Square - button Mattermost/div_bu"), 1, OPTIONAL)): com.kms.katalon.core.webui.exception.WebElementNotFoundException: Web element with id: 'Object Repository/Page_Town Square - button Mattermost/div_bu' located by 'By.xpath: //*[(text() = 'bu' or . = 'bu')]' not found (Root cause: com.kms.katalon.core.exception.StepFailedException: com.kms.katalon.core.webui.exception.WebElementNotFoundException: Web element with id: 'Object Repository/Page_Town Square - button Mattermost/div_bu' located by 'By.xpath: //*[(text() = 'bu' or . = 'bu')]' not found
	at com.kms.katalon.core.webui.keyword.internal.WebUIKeywordMain.stepFailed(WebUIKeywordMain.groovy:64)
	at com.kms.katalon.core.webui.keyword.builtin.VerifyElementPresentKeyword$_verifyElementPresent_closure1.doCall(VerifyElementPresentKeyword.groovy:85)
	at com.kms.katalon.core.webui.keyword.builtin.VerifyElementPresentKeyword$_verifyElementPresent_closure1.call(VerifyElementPresentKeyword.groovy)
	at com.kms.katalon.core.webui.keyword.internal.WebUIKeywordMain.runKeyword(WebUIKeywordMain.groovy:20)
	at com.kms.katalon.core.webui.keyword.builtin.VerifyElementPresentKeyword.verifyElementPresent(VerifyElementPresentKeyword.groovy:92)
	at com.kms.katalon.core.webui.keyword.builtin.VerifyElementPresentKeyword.execute(VerifyElementPresentKeyword.groovy:68)
	at com.kms.katalon.core.keyword.internal.KeywordExecutor.executeKeywordForPlatform(KeywordExecutor.groovy:72)
	at com.kms.katalon.core.webui.keyword.WebUiBuiltInKeywords.verifyElementPresent(WebUiBuiltInKeywords.groovy:1444)
	at com.kms.katalon.core.webui.keyword.WebUiBuiltInKeywords$verifyElementPresent$6.call(Unknown Source)
	at Create_team.run(Create_team:43)
	at com.kms.katalon.core.main.ScriptEngine.run(ScriptEngine.java:194)
	at com.kms.katalon.core.main.ScriptEngine.runScriptAsRawText(ScriptEngine.java:119)
	at com.kms.katalon.core.main.TestCaseExecutor.runScript(TestCaseExecutor.java:337)
	at com.kms.katalon.core.main.TestCaseExecutor.doExecute(TestCaseExecutor.java:328)
	at com.kms.katalon.core.main.TestCaseExecutor.processExecutionPhase(TestCaseExecutor.java:307)
	at com.kms.katalon.core.main.TestCaseExecutor.accessMainPhase(TestCaseExecutor.java:299)
	at com.kms.katalon.core.main.TestCaseExecutor.execute(TestCaseExecutor.java:233)
	at com.kms.katalon.core.main.TestSuiteExecutor.accessTestCaseMainPhase(TestSuiteExecutor.java:169)
	at com.kms.katalon.core.main.TestSuiteExecutor.accessTestSuiteMainPhase(TestSuiteExecutor.java:142)
	at com.kms.katalon.core.main.TestSuiteExecutor.execute(TestSuiteExecutor.java:91)
	at com.kms.katalon.core.main.TestCaseMain.startTestSuite(TestCaseMain.java:157)
	at com.kms.katalon.core.main.TestCaseMain$startTestSuite$0.call(Unknown Source)
	at TempTestSuite1591373123859.run(TempTestSuite1591373123859.groovy:37)
)

2020-06-05 23:10:54 - [MESSAGE][INFO] - Unable to find the element located by 'By.xpath: //*[(text() = 'bu' or . = 'bu')]'. Please recheck the objects properties to make sure the desired element is located. 

2020-06-05 23:10:54 - [MESSAGE][WARNING] - com.kms.katalon.core.webui.exception.WebElementNotFoundException: Web element with id: 'Object Repository/Page_Town Square - button Mattermost/div_bu' located by 'By.xpath: //*[(text() = 'bu' or . = 'bu')]' not found (Root cause: com.kms.katalon.core.exception.StepFailedException: com.kms.katalon.core.webui.exception.WebElementNotFoundException: Web element with id: 'Object Repository/Page_Town Square - button Mattermost/div_bu' located by 'By.xpath: //*[(text() = 'bu' or . = 'bu')]' not found
	at com.kms.katalon.core.webui.keyword.internal.WebUIKeywordMain.stepFailed(WebUIKeywordMain.groovy:64)
	at com.kms.katalon.core.webui.keyword.builtin.VerifyElementPresentKeyword$_verifyElementPresent_closure1.doCall(VerifyElementPresentKeyword.groovy:85)
	at com.kms.katalon.core.webui.keyword.builtin.VerifyElementPresentKeyword$_verifyElementPresent_closure1.call(VerifyElementPresentKeyword.groovy)
	at com.kms.katalon.core.webui.keyword.internal.WebUIKeywordMain.runKeyword(WebUIKeywordMain.groovy:20)
	at com.kms.katalon.core.webui.keyword.builtin.VerifyElementPresentKeyword.verifyElementPresent(VerifyElementPresentKeyword.groovy:92)
	at com.kms.katalon.core.webui.keyword.builtin.VerifyElementPresentKeyword.execute(VerifyElementPresentKeyword.groovy:68)
	at com.kms.katalon.core.keyword.internal.KeywordExecutor.executeKeywordForPlatform(KeywordExecutor.groovy:72)
	at com.kms.katalon.core.webui.keyword.WebUiBuiltInKeywords.verifyElementPresent(WebUiBuiltInKeywords.groovy:1444)
	at com.kms.katalon.core.webui.keyword.WebUiBuiltInKeywords$verifyElementPresent$6.call(Unknown Source)
	at Create_team.run(Create_team:43)
	at com.kms.katalon.core.main.ScriptEngine.run(ScriptEngine.java:194)
	at com.kms.katalon.core.main.ScriptEngine.runScriptAsRawText(ScriptEngine.java:119)
	at com.kms.katalon.core.main.TestCaseExecutor.runScript(TestCaseExecutor.java:337)
	at com.kms.katalon.core.main.TestCaseExecutor.doExecute(TestCaseExecutor.java:328)
	at com.kms.katalon.core.main.TestCaseExecutor.processExecutionPhase(TestCaseExecutor.java:307)
	at com.kms.katalon.core.main.TestCaseExecutor.accessMainPhase(TestCaseExecutor.java:299)
	at com.kms.katalon.core.main.TestCaseExecutor.execute(TestCaseExecutor.java:233)
	at com.kms.katalon.core.main.TestSuiteExecutor.accessTestCaseMainPhase(TestSuiteExecutor.java:169)
	at com.kms.katalon.core.main.TestSuiteExecutor.accessTestSuiteMainPhase(TestSuiteExecutor.java:142)
	at com.kms.katalon.core.main.TestSuiteExecutor.execute(TestSuiteExecutor.java:91)
	at com.kms.katalon.core.main.TestCaseMain.startTestSuite(TestCaseMain.java:157)
	at com.kms.katalon.core.main.TestCaseMain$startTestSuite$0.call(Unknown Source)
	at TempTestSuite1591373123859.run(TempTestSuite1591373123859.groovy:37)
)
[[ATTACHMENT|D:\\katalon\\hw2-katalon-testing\\Reports\\20200605_230523\\Run_All_Test_Cases\\20200605_230523\\1591373454076.png]]

2020-06-05 23:10:54 - [TEST_STEP][PASSED] - closeBrowser(): Browser is closed

2020-06-05 23:10:55 - [MESSAGE][PASSED] - Browser is closed]]></system-out>
         <system-err><![CDATA[]]></system-err>
      </testcase>
      <testcase name="Test Cases/Channel/Create_channel" time="11.044" classname="Test Cases/Channel/Create_channel" status="FAILED">
         <failure type="FAILED" message="Test Cases/Channel/Create_channel FAILED.
Reason:
com.kms.katalon.core.exception.StepFailedException: Unable to verify object 'Object Repository/Page_Create_New_Channel_Local/txt_error_duplicate' is present
	at com.kms.katalon.core.webui.keyword.internal.WebUIKeywordMain.stepFailed(WebUIKeywordMain.groovy:64)
	at com.kms.katalon.core.webui.keyword.internal.WebUIKeywordMain.runKeyword(WebUIKeywordMain.groovy:26)
	at com.kms.katalon.core.webui.keyword.builtin.VerifyElementPresentKeyword.verifyElementPresent(VerifyElementPresentKeyword.groovy:92)
	at com.kms.katalon.core.webui.keyword.builtin.VerifyElementPresentKeyword.execute(VerifyElementPresentKeyword.groovy:68)
	at com.kms.katalon.core.keyword.internal.KeywordExecutor.executeKeywordForPlatform(KeywordExecutor.groovy:72)
	at com.kms.katalon.core.webui.keyword.WebUiBuiltInKeywords.verifyElementPresent(WebUiBuiltInKeywords.groovy:1460)
	at com.kms.katalon.core.webui.keyword.WebUiBuiltInKeywords$verifyElementPresent$0.call(Unknown Source)
	at Create_channel.run(Create_channel:26)
	at com.kms.katalon.core.main.ScriptEngine.run(ScriptEngine.java:194)
	at com.kms.katalon.core.main.ScriptEngine.runScriptAsRawText(ScriptEngine.java:119)
	at com.kms.katalon.core.main.TestCaseExecutor.runScript(TestCaseExecutor.java:337)
	at com.kms.katalon.core.main.TestCaseExecutor.doExecute(TestCaseExecutor.java:328)
	at com.kms.katalon.core.main.TestCaseExecutor.processExecutionPhase(TestCaseExecutor.java:307)
	at com.kms.katalon.core.main.TestCaseExecutor.accessMainPhase(TestCaseExecutor.java:299)
	at com.kms.katalon.core.main.TestCaseExecutor.execute(TestCaseExecutor.java:233)
	at com.kms.katalon.core.main.TestSuiteExecutor.accessTestCaseMainPhase(TestSuiteExecutor.java:169)
	at com.kms.katalon.core.main.TestSuiteExecutor.accessTestSuiteMainPhase(TestSuiteExecutor.java:142)
	at com.kms.katalon.core.main.TestSuiteExecutor.execute(TestSuiteExecutor.java:91)
	at com.kms.katalon.core.main.TestCaseMain.startTestSuite(TestCaseMain.java:157)
	at com.kms.katalon.core.main.TestCaseMain$startTestSuite$0.call(Unknown Source)
	at TempTestSuite1591373123859.run(TempTestSuite1591373123859.groovy:37)
Caused by: com.kms.katalon.core.exception.StepFailedException: com.kms.katalon.core.webui.exception.WebElementNotFoundException: Web element with id: 'Object Repository/Page_Create_New_Channel_Local/txt_error_duplicate' located by 'By.xpath: //p[@id='createChannelError']' not found
	at com.kms.katalon.core.webui.keyword.internal.WebUIKeywordMain.stepFailed(WebUIKeywordMain.groovy:64)
	at com.kms.katalon.core.webui.keyword.builtin.VerifyElementPresentKeyword$_verifyElementPresent_closure1.doCall(VerifyElementPresentKeyword.groovy:85)
	at com.kms.katalon.core.webui.keyword.builtin.VerifyElementPresentKeyword$_verifyElementPresent_closure1.call(VerifyElementPresentKeyword.groovy)
	at com.kms.katalon.core.webui.keyword.internal.WebUIKeywordMain.runKeyword(WebUIKeywordMain.groovy:20)
	... 19 more
"/>
         <system-out><![CDATA[2020-06-05 23:10:55 - [TEST_CASE][FAILED] - Test Cases/Channel/Create_channel: Test Cases/Channel/Create_channel FAILED.
Reason:
com.kms.katalon.core.exception.StepFailedException: Unable to verify object 'Object Repository/Page_Create_New_Channel_Local/txt_error_duplicate' is present
	at com.kms.katalon.core.webui.keyword.internal.WebUIKeywordMain.stepFailed(WebUIKeywordMain.groovy:64)
	at com.kms.katalon.core.webui.keyword.internal.WebUIKeywordMain.runKeyword(WebUIKeywordMain.groovy:26)
	at com.kms.katalon.core.webui.keyword.builtin.VerifyElementPresentKeyword.verifyElementPresent(VerifyElementPresentKeyword.groovy:92)
	at com.kms.katalon.core.webui.keyword.builtin.VerifyElementPresentKeyword.execute(VerifyElementPresentKeyword.groovy:68)
	at com.kms.katalon.core.keyword.internal.KeywordExecutor.executeKeywordForPlatform(KeywordExecutor.groovy:72)
	at com.kms.katalon.core.webui.keyword.WebUiBuiltInKeywords.verifyElementPresent(WebUiBuiltInKeywords.groovy:1460)
	at com.kms.katalon.core.webui.keyword.WebUiBuiltInKeywords$verifyElementPresent$0.call(Unknown Source)
	at Create_channel.run(Create_channel:26)
	at com.kms.katalon.core.main.ScriptEngine.run(ScriptEngine.java:194)
	at com.kms.katalon.core.main.ScriptEngine.runScriptAsRawText(ScriptEngine.java:119)
	at com.kms.katalon.core.main.TestCaseExecutor.runScript(TestCaseExecutor.java:337)
	at com.kms.katalon.core.main.TestCaseExecutor.doExecute(TestCaseExecutor.java:328)
	at com.kms.katalon.core.main.TestCaseExecutor.processExecutionPhase(TestCaseExecutor.java:307)
	at com.kms.katalon.core.main.TestCaseExecutor.accessMainPhase(TestCaseExecutor.java:299)
	at com.kms.katalon.core.main.TestCaseExecutor.execute(TestCaseExecutor.java:233)
	at com.kms.katalon.core.main.TestSuiteExecutor.accessTestCaseMainPhase(TestSuiteExecutor.java:169)
	at com.kms.katalon.core.main.TestSuiteExecutor.accessTestSuiteMainPhase(TestSuiteExecutor.java:142)
	at com.kms.katalon.core.main.TestSuiteExecutor.execute(TestSuiteExecutor.java:91)
	at com.kms.katalon.core.main.TestCaseMain.startTestSuite(TestCaseMain.java:157)
	at com.kms.katalon.core.main.TestCaseMain$startTestSuite$0.call(Unknown Source)
	at TempTestSuite1591373123859.run(TempTestSuite1591373123859.groovy:37)
Caused by: com.kms.katalon.core.exception.StepFailedException: com.kms.katalon.core.webui.exception.WebElementNotFoundException: Web element with id: 'Object Repository/Page_Create_New_Channel_Local/txt_error_duplicate' located by 'By.xpath: //p[@id='createChannelError']' not found
	at com.kms.katalon.core.webui.keyword.internal.WebUIKeywordMain.stepFailed(WebUIKeywordMain.groovy:64)
	at com.kms.katalon.core.webui.keyword.builtin.VerifyElementPresentKeyword$_verifyElementPresent_closure1.doCall(VerifyElementPresentKeyword.groovy:85)
	at com.kms.katalon.core.webui.keyword.builtin.VerifyElementPresentKeyword$_verifyElementPresent_closure1.call(VerifyElementPresentKeyword.groovy)
	at com.kms.katalon.core.webui.keyword.internal.WebUIKeywordMain.runKeyword(WebUIKeywordMain.groovy:20)
	... 19 more


2020-06-05 23:10:55 - [TEST_STEP][PASSED] - Start setup action : Setup: Method 'Setup' complete successfully

2020-06-05 23:10:55 - [TEST_STEP][PASSED] - openBrowser("http://192.168.1.10:8065/login"): Browser is opened with url: 'http://192.168.1.10:8065/login'

2020-06-05 23:10:55 - [MESSAGE][INFO] - Starting 'Firefox' driver

2020-06-05 23:10:55 - [MESSAGE][INFO] - Action delay is set to 0 milliseconds

2020-06-05 23:10:59 - [MESSAGE][PASSED] - Browser is opened with url: 'http://192.168.1.10:8065/login'

2020-06-05 23:10:59 - [MESSAGE][PASSED] - Method 'Setup' complete successfully

2020-06-05 23:10:59 - [TEST_STEP][PASSED] - callTestCase(findTestCase("Test Cases/Login/login_function"), ["var_user":"tlvietdanh@gmail.com", "var_password":"13101998"], STOP_ON_FAILURE): Call Test Case 'Test Cases/Login/login_function' successfully

2020-06-05 23:11:00 - [TEST_CASE][PASSED] - Test Cases/Login/login_function: Test Cases/Login/login_function

2020-06-05 23:11:00 - [TEST_STEP][PASSED] - setText(findTestObject("Object Repository/Page_Mattermost_login/input_loginId"), var_user): Text 'tlvietdanh@gmail.com' is set on object 'Object Repository/Page_Mattermost_login/input_loginId'

2020-06-05 23:11:01 - [MESSAGE][PASSED] - Text 'tlvietdanh@gmail.com' is set on object 'Object Repository/Page_Mattermost_login/input_loginId'

2020-06-05 23:11:01 - [TEST_STEP][PASSED] - setText(findTestObject("Object Repository/Page_Mattermost_login/input_password"), var_password): Text '13101998' is set on object 'Object Repository/Page_Mattermost_login/input_password'

2020-06-05 23:11:02 - [MESSAGE][PASSED] - Text '13101998' is set on object 'Object Repository/Page_Mattermost_login/input_password'

2020-06-05 23:11:02 - [TEST_STEP][PASSED] - click(findTestObject("Object Repository/Page_Mattermost_login/span_Sign in")): Object: 'Object Repository/Page_Mattermost_login/span_Sign in' is clicked on

2020-06-05 23:11:03 - [MESSAGE][PASSED] - Object: 'Object Repository/Page_Mattermost_login/span_Sign in' is clicked on

2020-06-05 23:11:03 - [MESSAGE][PASSED] - Call Test Case 'Test Cases/Login/login_function' successfully

2020-06-05 23:11:03 - [TEST_STEP][FAILED] - verifyEqual(verifyElementPresent(findTestObject("Object Repository/Page_Create_New_Channel_Local/txt_error_duplicate"), 1), true): Unable to verify object 'Object Repository/Page_Create_New_Channel_Local/txt_error_duplicate' is present (Root cause: com.kms.katalon.core.exception.StepFailedException: Unable to verify object 'Object Repository/Page_Create_New_Channel_Local/txt_error_duplicate' is present
	at com.kms.katalon.core.webui.keyword.internal.WebUIKeywordMain.stepFailed(WebUIKeywordMain.groovy:64)
	at com.kms.katalon.core.webui.keyword.internal.WebUIKeywordMain.runKeyword(WebUIKeywordMain.groovy:26)
	at com.kms.katalon.core.webui.keyword.builtin.VerifyElementPresentKeyword.verifyElementPresent(VerifyElementPresentKeyword.groovy:92)
	at com.kms.katalon.core.webui.keyword.builtin.VerifyElementPresentKeyword.execute(VerifyElementPresentKeyword.groovy:68)
	at com.kms.katalon.core.keyword.internal.KeywordExecutor.executeKeywordForPlatform(KeywordExecutor.groovy:72)
	at com.kms.katalon.core.webui.keyword.WebUiBuiltInKeywords.verifyElementPresent(WebUiBuiltInKeywords.groovy:1460)
	at com.kms.katalon.core.webui.keyword.WebUiBuiltInKeywords$verifyElementPresent$0.call(Unknown Source)
	at Create_channel.run(Create_channel:26)
	at com.kms.katalon.core.main.ScriptEngine.run(ScriptEngine.java:194)
	at com.kms.katalon.core.main.ScriptEngine.runScriptAsRawText(ScriptEngine.java:119)
	at com.kms.katalon.core.main.TestCaseExecutor.runScript(TestCaseExecutor.java:337)
	at com.kms.katalon.core.main.TestCaseExecutor.doExecute(TestCaseExecutor.java:328)
	at com.kms.katalon.core.main.TestCaseExecutor.processExecutionPhase(TestCaseExecutor.java:307)
	at com.kms.katalon.core.main.TestCaseExecutor.accessMainPhase(TestCaseExecutor.java:299)
	at com.kms.katalon.core.main.TestCaseExecutor.execute(TestCaseExecutor.java:233)
	at com.kms.katalon.core.main.TestSuiteExecutor.accessTestCaseMainPhase(TestSuiteExecutor.java:169)
	at com.kms.katalon.core.main.TestSuiteExecutor.accessTestSuiteMainPhase(TestSuiteExecutor.java:142)
	at com.kms.katalon.core.main.TestSuiteExecutor.execute(TestSuiteExecutor.java:91)
	at com.kms.katalon.core.main.TestCaseMain.startTestSuite(TestCaseMain.java:157)
	at com.kms.katalon.core.main.TestCaseMain$startTestSuite$0.call(Unknown Source)
	at TempTestSuite1591373123859.run(TempTestSuite1591373123859.groovy:37)
Caused by: com.kms.katalon.core.exception.StepFailedException: com.kms.katalon.core.webui.exception.WebElementNotFoundException: Web element with id: 'Object Repository/Page_Create_New_Channel_Local/txt_error_duplicate' located by 'By.xpath: //p[@id='createChannelError']' not found
	at com.kms.katalon.core.webui.keyword.internal.WebUIKeywordMain.stepFailed(WebUIKeywordMain.groovy:64)
	at com.kms.katalon.core.webui.keyword.builtin.VerifyElementPresentKeyword$_verifyElementPresent_closure1.doCall(VerifyElementPresentKeyword.groovy:85)
	at com.kms.katalon.core.webui.keyword.builtin.VerifyElementPresentKeyword$_verifyElementPresent_closure1.call(VerifyElementPresentKeyword.groovy)
	at com.kms.katalon.core.webui.keyword.internal.WebUIKeywordMain.runKeyword(WebUIKeywordMain.groovy:20)
	... 19 more
)

2020-06-05 23:11:05 - [MESSAGE][INFO] - Unable to find the element located by 'By.xpath: //p[@id='createChannelError']'. Please recheck the objects properties to make sure the desired element is located. 

2020-06-05 23:11:05 - [MESSAGE][FAILED] - com.kms.katalon.core.webui.exception.WebElementNotFoundException: Web element with id: 'Object Repository/Page_Create_New_Channel_Local/txt_error_duplicate' located by 'By.xpath: //p[@id='createChannelError']' not found (Root cause: com.kms.katalon.core.exception.StepFailedException: com.kms.katalon.core.webui.exception.WebElementNotFoundException: Web element with id: 'Object Repository/Page_Create_New_Channel_Local/txt_error_duplicate' located by 'By.xpath: //p[@id='createChannelError']' not found
	at com.kms.katalon.core.webui.keyword.internal.WebUIKeywordMain.stepFailed(WebUIKeywordMain.groovy:64)
	at com.kms.katalon.core.webui.keyword.builtin.VerifyElementPresentKeyword$_verifyElementPresent_closure1.doCall(VerifyElementPresentKeyword.groovy:85)
	at com.kms.katalon.core.webui.keyword.builtin.VerifyElementPresentKeyword$_verifyElementPresent_closure1.call(VerifyElementPresentKeyword.groovy)
	at com.kms.katalon.core.webui.keyword.internal.WebUIKeywordMain.runKeyword(WebUIKeywordMain.groovy:20)
	at com.kms.katalon.core.webui.keyword.builtin.VerifyElementPresentKeyword.verifyElementPresent(VerifyElementPresentKeyword.groovy:92)
	at com.kms.katalon.core.webui.keyword.builtin.VerifyElementPresentKeyword.execute(VerifyElementPresentKeyword.groovy:68)
	at com.kms.katalon.core.keyword.internal.KeywordExecutor.executeKeywordForPlatform(KeywordExecutor.groovy:72)
	at com.kms.katalon.core.webui.keyword.WebUiBuiltInKeywords.verifyElementPresent(WebUiBuiltInKeywords.groovy:1460)
	at com.kms.katalon.core.webui.keyword.WebUiBuiltInKeywords$verifyElementPresent$0.call(Unknown Source)
	at Create_channel.run(Create_channel:26)
	at com.kms.katalon.core.main.ScriptEngine.run(ScriptEngine.java:194)
	at com.kms.katalon.core.main.ScriptEngine.runScriptAsRawText(ScriptEngine.java:119)
	at com.kms.katalon.core.main.TestCaseExecutor.runScript(TestCaseExecutor.java:337)
	at com.kms.katalon.core.main.TestCaseExecutor.doExecute(TestCaseExecutor.java:328)
	at com.kms.katalon.core.main.TestCaseExecutor.processExecutionPhase(TestCaseExecutor.java:307)
	at com.kms.katalon.core.main.TestCaseExecutor.accessMainPhase(TestCaseExecutor.java:299)
	at com.kms.katalon.core.main.TestCaseExecutor.execute(TestCaseExecutor.java:233)
	at com.kms.katalon.core.main.TestSuiteExecutor.accessTestCaseMainPhase(TestSuiteExecutor.java:169)
	at com.kms.katalon.core.main.TestSuiteExecutor.accessTestSuiteMainPhase(TestSuiteExecutor.java:142)
	at com.kms.katalon.core.main.TestSuiteExecutor.execute(TestSuiteExecutor.java:91)
	at com.kms.katalon.core.main.TestCaseMain.startTestSuite(TestCaseMain.java:157)
	at com.kms.katalon.core.main.TestCaseMain$startTestSuite$0.call(Unknown Source)
	at TempTestSuite1591373123859.run(TempTestSuite1591373123859.groovy:37)
)
[[ATTACHMENT|D:\\katalon\\hw2-katalon-testing\\Reports\\20200605_230523\\Run_All_Test_Cases\\20200605_230523\\1591373465152.png]]

2020-06-05 23:11:05 - [MESSAGE][FAILED] - Unable to verify object 'Object Repository/Page_Create_New_Channel_Local/txt_error_duplicate' is present (Root cause: com.kms.katalon.core.exception.StepFailedException: Unable to verify object 'Object Repository/Page_Create_New_Channel_Local/txt_error_duplicate' is present
	at com.kms.katalon.core.webui.keyword.internal.WebUIKeywordMain.stepFailed(WebUIKeywordMain.groovy:64)
	at com.kms.katalon.core.webui.keyword.internal.WebUIKeywordMain.runKeyword(WebUIKeywordMain.groovy:26)
	at com.kms.katalon.core.webui.keyword.builtin.VerifyElementPresentKeyword.verifyElementPresent(VerifyElementPresentKeyword.groovy:92)
	at com.kms.katalon.core.webui.keyword.builtin.VerifyElementPresentKeyword.execute(VerifyElementPresentKeyword.groovy:68)
	at com.kms.katalon.core.keyword.internal.KeywordExecutor.executeKeywordForPlatform(KeywordExecutor.groovy:72)
	at com.kms.katalon.core.webui.keyword.WebUiBuiltInKeywords.verifyElementPresent(WebUiBuiltInKeywords.groovy:1460)
	at com.kms.katalon.core.webui.keyword.WebUiBuiltInKeywords$verifyElementPresent$0.call(Unknown Source)
	at Create_channel.run(Create_channel:26)
	at com.kms.katalon.core.main.ScriptEngine.run(ScriptEngine.java:194)
	at com.kms.katalon.core.main.ScriptEngine.runScriptAsRawText(ScriptEngine.java:119)
	at com.kms.katalon.core.main.TestCaseExecutor.runScript(TestCaseExecutor.java:337)
	at com.kms.katalon.core.main.TestCaseExecutor.doExecute(TestCaseExecutor.java:328)
	at com.kms.katalon.core.main.TestCaseExecutor.processExecutionPhase(TestCaseExecutor.java:307)
	at com.kms.katalon.core.main.TestCaseExecutor.accessMainPhase(TestCaseExecutor.java:299)
	at com.kms.katalon.core.main.TestCaseExecutor.execute(TestCaseExecutor.java:233)
	at com.kms.katalon.core.main.TestSuiteExecutor.accessTestCaseMainPhase(TestSuiteExecutor.java:169)
	at com.kms.katalon.core.main.TestSuiteExecutor.accessTestSuiteMainPhase(TestSuiteExecutor.java:142)
	at com.kms.katalon.core.main.TestSuiteExecutor.execute(TestSuiteExecutor.java:91)
	at com.kms.katalon.core.main.TestCaseMain.startTestSuite(TestCaseMain.java:157)
	at com.kms.katalon.core.main.TestCaseMain$startTestSuite$0.call(Unknown Source)
	at TempTestSuite1591373123859.run(TempTestSuite1591373123859.groovy:37)
Caused by: com.kms.katalon.core.exception.StepFailedException: com.kms.katalon.core.webui.exception.WebElementNotFoundException: Web element with id: 'Object Repository/Page_Create_New_Channel_Local/txt_error_duplicate' located by 'By.xpath: //p[@id='createChannelError']' not found
	at com.kms.katalon.core.webui.keyword.internal.WebUIKeywordMain.stepFailed(WebUIKeywordMain.groovy:64)
	at com.kms.katalon.core.webui.keyword.builtin.VerifyElementPresentKeyword$_verifyElementPresent_closure1.doCall(VerifyElementPresentKeyword.groovy:85)
	at com.kms.katalon.core.webui.keyword.builtin.VerifyElementPresentKeyword$_verifyElementPresent_closure1.call(VerifyElementPresentKeyword.groovy)
	at com.kms.katalon.core.webui.keyword.internal.WebUIKeywordMain.runKeyword(WebUIKeywordMain.groovy:20)
	... 19 more
)
[[ATTACHMENT|D:\\katalon\\hw2-katalon-testing\\Reports\\20200605_230523\\Run_All_Test_Cases\\20200605_230523\\1591373465229.png]]

2020-06-05 23:11:05 - [TEST_STEP][PASSED] - Start tear down : Teardown: Method 'Teardown' complete successfully

2020-06-05 23:11:05 - [TEST_STEP][PASSED] - closeBrowser(): Browser is closed

2020-06-05 23:11:06 - [MESSAGE][PASSED] - Browser is closed

2020-06-05 23:11:06 - [MESSAGE][PASSED] - Method 'Teardown' complete successfully]]></system-out>
         <system-err><![CDATA[2020-06-05 23:10:55 - [TEST_CASE][FAILED] - Test Cases/Channel/Create_channel: Test Cases/Channel/Create_channel FAILED.
Reason:
com.kms.katalon.core.exception.StepFailedException: Unable to verify object 'Object Repository/Page_Create_New_Channel_Local/txt_error_duplicate' is present
	at com.kms.katalon.core.webui.keyword.internal.WebUIKeywordMain.stepFailed(WebUIKeywordMain.groovy:64)
	at com.kms.katalon.core.webui.keyword.internal.WebUIKeywordMain.runKeyword(WebUIKeywordMain.groovy:26)
	at com.kms.katalon.core.webui.keyword.builtin.VerifyElementPresentKeyword.verifyElementPresent(VerifyElementPresentKeyword.groovy:92)
	at com.kms.katalon.core.webui.keyword.builtin.VerifyElementPresentKeyword.execute(VerifyElementPresentKeyword.groovy:68)
	at com.kms.katalon.core.keyword.internal.KeywordExecutor.executeKeywordForPlatform(KeywordExecutor.groovy:72)
	at com.kms.katalon.core.webui.keyword.WebUiBuiltInKeywords.verifyElementPresent(WebUiBuiltInKeywords.groovy:1460)
	at com.kms.katalon.core.webui.keyword.WebUiBuiltInKeywords$verifyElementPresent$0.call(Unknown Source)
	at Create_channel.run(Create_channel:26)
	at com.kms.katalon.core.main.ScriptEngine.run(ScriptEngine.java:194)
	at com.kms.katalon.core.main.ScriptEngine.runScriptAsRawText(ScriptEngine.java:119)
	at com.kms.katalon.core.main.TestCaseExecutor.runScript(TestCaseExecutor.java:337)
	at com.kms.katalon.core.main.TestCaseExecutor.doExecute(TestCaseExecutor.java:328)
	at com.kms.katalon.core.main.TestCaseExecutor.processExecutionPhase(TestCaseExecutor.java:307)
	at com.kms.katalon.core.main.TestCaseExecutor.accessMainPhase(TestCaseExecutor.java:299)
	at com.kms.katalon.core.main.TestCaseExecutor.execute(TestCaseExecutor.java:233)
	at com.kms.katalon.core.main.TestSuiteExecutor.accessTestCaseMainPhase(TestSuiteExecutor.java:169)
	at com.kms.katalon.core.main.TestSuiteExecutor.accessTestSuiteMainPhase(TestSuiteExecutor.java:142)
	at com.kms.katalon.core.main.TestSuiteExecutor.execute(TestSuiteExecutor.java:91)
	at com.kms.katalon.core.main.TestCaseMain.startTestSuite(TestCaseMain.java:157)
	at com.kms.katalon.core.main.TestCaseMain$startTestSuite$0.call(Unknown Source)
	at TempTestSuite1591373123859.run(TempTestSuite1591373123859.groovy:37)
Caused by: com.kms.katalon.core.exception.StepFailedException: com.kms.katalon.core.webui.exception.WebElementNotFoundException: Web element with id: 'Object Repository/Page_Create_New_Channel_Local/txt_error_duplicate' located by 'By.xpath: //p[@id='createChannelError']' not found
	at com.kms.katalon.core.webui.keyword.internal.WebUIKeywordMain.stepFailed(WebUIKeywordMain.groovy:64)
	at com.kms.katalon.core.webui.keyword.builtin.VerifyElementPresentKeyword$_verifyElementPresent_closure1.doCall(VerifyElementPresentKeyword.groovy:85)
	at com.kms.katalon.core.webui.keyword.builtin.VerifyElementPresentKeyword$_verifyElementPresent_closure1.call(VerifyElementPresentKeyword.groovy)
	at com.kms.katalon.core.webui.keyword.internal.WebUIKeywordMain.runKeyword(WebUIKeywordMain.groovy:20)
	... 19 more]]></system-err>
      </testcase>
      <testcase name="Test Cases/Channel/Create_channel" time="10.413" classname="Test Cases/Channel/Create_channel" status="FAILED">
         <failure type="FAILED" message="Test Cases/Channel/Create_channel FAILED.
Reason:
com.kms.katalon.core.exception.StepFailedException: Unable to verify object 'Object Repository/Page_Create_New_Channel_Local/txt_error_duplicate' is present
	at com.kms.katalon.core.webui.keyword.internal.WebUIKeywordMain.stepFailed(WebUIKeywordMain.groovy:64)
	at com.kms.katalon.core.webui.keyword.internal.WebUIKeywordMain.runKeyword(WebUIKeywordMain.groovy:26)
	at com.kms.katalon.core.webui.keyword.builtin.VerifyElementPresentKeyword.verifyElementPresent(VerifyElementPresentKeyword.groovy:92)
	at com.kms.katalon.core.webui.keyword.builtin.VerifyElementPresentKeyword.execute(VerifyElementPresentKeyword.groovy:68)
	at com.kms.katalon.core.keyword.internal.KeywordExecutor.executeKeywordForPlatform(KeywordExecutor.groovy:72)
	at com.kms.katalon.core.webui.keyword.WebUiBuiltInKeywords.verifyElementPresent(WebUiBuiltInKeywords.groovy:1460)
	at com.kms.katalon.core.webui.keyword.WebUiBuiltInKeywords$verifyElementPresent$0.call(Unknown Source)
	at Create_channel.run(Create_channel:26)
	at com.kms.katalon.core.main.ScriptEngine.run(ScriptEngine.java:194)
	at com.kms.katalon.core.main.ScriptEngine.runScriptAsRawText(ScriptEngine.java:119)
	at com.kms.katalon.core.main.TestCaseExecutor.runScript(TestCaseExecutor.java:337)
	at com.kms.katalon.core.main.TestCaseExecutor.doExecute(TestCaseExecutor.java:328)
	at com.kms.katalon.core.main.TestCaseExecutor.processExecutionPhase(TestCaseExecutor.java:307)
	at com.kms.katalon.core.main.TestCaseExecutor.accessMainPhase(TestCaseExecutor.java:299)
	at com.kms.katalon.core.main.TestCaseExecutor.execute(TestCaseExecutor.java:233)
	at com.kms.katalon.core.main.TestSuiteExecutor.accessTestCaseMainPhase(TestSuiteExecutor.java:169)
	at com.kms.katalon.core.main.TestSuiteExecutor.accessTestSuiteMainPhase(TestSuiteExecutor.java:142)
	at com.kms.katalon.core.main.TestSuiteExecutor.execute(TestSuiteExecutor.java:91)
	at com.kms.katalon.core.main.TestCaseMain.startTestSuite(TestCaseMain.java:157)
	at com.kms.katalon.core.main.TestCaseMain$startTestSuite$0.call(Unknown Source)
	at TempTestSuite1591373123859.run(TempTestSuite1591373123859.groovy:37)
Caused by: com.kms.katalon.core.exception.StepFailedException: com.kms.katalon.core.webui.exception.WebElementNotFoundException: Web element with id: 'Object Repository/Page_Create_New_Channel_Local/txt_error_duplicate' located by 'By.xpath: //p[@id='createChannelError']' not found
	at com.kms.katalon.core.webui.keyword.internal.WebUIKeywordMain.stepFailed(WebUIKeywordMain.groovy:64)
	at com.kms.katalon.core.webui.keyword.builtin.VerifyElementPresentKeyword$_verifyElementPresent_closure1.doCall(VerifyElementPresentKeyword.groovy:85)
	at com.kms.katalon.core.webui.keyword.builtin.VerifyElementPresentKeyword$_verifyElementPresent_closure1.call(VerifyElementPresentKeyword.groovy)
	at com.kms.katalon.core.webui.keyword.internal.WebUIKeywordMain.runKeyword(WebUIKeywordMain.groovy:20)
	... 19 more
"/>
         <system-out><![CDATA[2020-06-05 23:11:06 - [TEST_CASE][FAILED] - Test Cases/Channel/Create_channel: Test Cases/Channel/Create_channel FAILED.
Reason:
com.kms.katalon.core.exception.StepFailedException: Unable to verify object 'Object Repository/Page_Create_New_Channel_Local/txt_error_duplicate' is present
	at com.kms.katalon.core.webui.keyword.internal.WebUIKeywordMain.stepFailed(WebUIKeywordMain.groovy:64)
	at com.kms.katalon.core.webui.keyword.internal.WebUIKeywordMain.runKeyword(WebUIKeywordMain.groovy:26)
	at com.kms.katalon.core.webui.keyword.builtin.VerifyElementPresentKeyword.verifyElementPresent(VerifyElementPresentKeyword.groovy:92)
	at com.kms.katalon.core.webui.keyword.builtin.VerifyElementPresentKeyword.execute(VerifyElementPresentKeyword.groovy:68)
	at com.kms.katalon.core.keyword.internal.KeywordExecutor.executeKeywordForPlatform(KeywordExecutor.groovy:72)
	at com.kms.katalon.core.webui.keyword.WebUiBuiltInKeywords.verifyElementPresent(WebUiBuiltInKeywords.groovy:1460)
	at com.kms.katalon.core.webui.keyword.WebUiBuiltInKeywords$verifyElementPresent$0.call(Unknown Source)
	at Create_channel.run(Create_channel:26)
	at com.kms.katalon.core.main.ScriptEngine.run(ScriptEngine.java:194)
	at com.kms.katalon.core.main.ScriptEngine.runScriptAsRawText(ScriptEngine.java:119)
	at com.kms.katalon.core.main.TestCaseExecutor.runScript(TestCaseExecutor.java:337)
	at com.kms.katalon.core.main.TestCaseExecutor.doExecute(TestCaseExecutor.java:328)
	at com.kms.katalon.core.main.TestCaseExecutor.processExecutionPhase(TestCaseExecutor.java:307)
	at com.kms.katalon.core.main.TestCaseExecutor.accessMainPhase(TestCaseExecutor.java:299)
	at com.kms.katalon.core.main.TestCaseExecutor.execute(TestCaseExecutor.java:233)
	at com.kms.katalon.core.main.TestSuiteExecutor.accessTestCaseMainPhase(TestSuiteExecutor.java:169)
	at com.kms.katalon.core.main.TestSuiteExecutor.accessTestSuiteMainPhase(TestSuiteExecutor.java:142)
	at com.kms.katalon.core.main.TestSuiteExecutor.execute(TestSuiteExecutor.java:91)
	at com.kms.katalon.core.main.TestCaseMain.startTestSuite(TestCaseMain.java:157)
	at com.kms.katalon.core.main.TestCaseMain$startTestSuite$0.call(Unknown Source)
	at TempTestSuite1591373123859.run(TempTestSuite1591373123859.groovy:37)
Caused by: com.kms.katalon.core.exception.StepFailedException: com.kms.katalon.core.webui.exception.WebElementNotFoundException: Web element with id: 'Object Repository/Page_Create_New_Channel_Local/txt_error_duplicate' located by 'By.xpath: //p[@id='createChannelError']' not found
	at com.kms.katalon.core.webui.keyword.internal.WebUIKeywordMain.stepFailed(WebUIKeywordMain.groovy:64)
	at com.kms.katalon.core.webui.keyword.builtin.VerifyElementPresentKeyword$_verifyElementPresent_closure1.doCall(VerifyElementPresentKeyword.groovy:85)
	at com.kms.katalon.core.webui.keyword.builtin.VerifyElementPresentKeyword$_verifyElementPresent_closure1.call(VerifyElementPresentKeyword.groovy)
	at com.kms.katalon.core.webui.keyword.internal.WebUIKeywordMain.runKeyword(WebUIKeywordMain.groovy:20)
	... 19 more


2020-06-05 23:11:06 - [TEST_STEP][PASSED] - Start setup action : Setup: Method 'Setup' complete successfully

2020-06-05 23:11:06 - [TEST_STEP][PASSED] - openBrowser("http://192.168.1.10:8065/login"): Browser is opened with url: 'http://192.168.1.10:8065/login'

2020-06-05 23:11:06 - [MESSAGE][INFO] - Starting 'Firefox' driver

2020-06-05 23:11:06 - [MESSAGE][INFO] - Action delay is set to 0 milliseconds

2020-06-05 23:11:10 - [MESSAGE][PASSED] - Browser is opened with url: 'http://192.168.1.10:8065/login'

2020-06-05 23:11:10 - [MESSAGE][PASSED] - Method 'Setup' complete successfully

2020-06-05 23:11:10 - [TEST_STEP][PASSED] - callTestCase(findTestCase("Test Cases/Login/login_function"), ["var_user":"tlvietdanh@gmail.com", "var_password":"13101998"], STOP_ON_FAILURE): Call Test Case 'Test Cases/Login/login_function' successfully

2020-06-05 23:11:10 - [TEST_CASE][PASSED] - Test Cases/Login/login_function: Test Cases/Login/login_function

2020-06-05 23:11:10 - [TEST_STEP][PASSED] - setText(findTestObject("Object Repository/Page_Mattermost_login/input_loginId"), var_user): Text 'tlvietdanh@gmail.com' is set on object 'Object Repository/Page_Mattermost_login/input_loginId'

2020-06-05 23:11:12 - [MESSAGE][PASSED] - Text 'tlvietdanh@gmail.com' is set on object 'Object Repository/Page_Mattermost_login/input_loginId'

2020-06-05 23:11:12 - [TEST_STEP][PASSED] - setText(findTestObject("Object Repository/Page_Mattermost_login/input_password"), var_password): Text '13101998' is set on object 'Object Repository/Page_Mattermost_login/input_password'

2020-06-05 23:11:12 - [MESSAGE][PASSED] - Text '13101998' is set on object 'Object Repository/Page_Mattermost_login/input_password'

2020-06-05 23:11:12 - [TEST_STEP][PASSED] - click(findTestObject("Object Repository/Page_Mattermost_login/span_Sign in")): Object: 'Object Repository/Page_Mattermost_login/span_Sign in' is clicked on

2020-06-05 23:11:13 - [MESSAGE][PASSED] - Object: 'Object Repository/Page_Mattermost_login/span_Sign in' is clicked on

2020-06-05 23:11:13 - [MESSAGE][PASSED] - Call Test Case 'Test Cases/Login/login_function' successfully

2020-06-05 23:11:13 - [TEST_STEP][FAILED] - verifyEqual(verifyElementPresent(findTestObject("Object Repository/Page_Create_New_Channel_Local/txt_error_duplicate"), 1), true): Unable to verify object 'Object Repository/Page_Create_New_Channel_Local/txt_error_duplicate' is present (Root cause: com.kms.katalon.core.exception.StepFailedException: Unable to verify object 'Object Repository/Page_Create_New_Channel_Local/txt_error_duplicate' is present
	at com.kms.katalon.core.webui.keyword.internal.WebUIKeywordMain.stepFailed(WebUIKeywordMain.groovy:64)
	at com.kms.katalon.core.webui.keyword.internal.WebUIKeywordMain.runKeyword(WebUIKeywordMain.groovy:26)
	at com.kms.katalon.core.webui.keyword.builtin.VerifyElementPresentKeyword.verifyElementPresent(VerifyElementPresentKeyword.groovy:92)
	at com.kms.katalon.core.webui.keyword.builtin.VerifyElementPresentKeyword.execute(VerifyElementPresentKeyword.groovy:68)
	at com.kms.katalon.core.keyword.internal.KeywordExecutor.executeKeywordForPlatform(KeywordExecutor.groovy:72)
	at com.kms.katalon.core.webui.keyword.WebUiBuiltInKeywords.verifyElementPresent(WebUiBuiltInKeywords.groovy:1460)
	at com.kms.katalon.core.webui.keyword.WebUiBuiltInKeywords$verifyElementPresent$0.call(Unknown Source)
	at Create_channel.run(Create_channel:26)
	at com.kms.katalon.core.main.ScriptEngine.run(ScriptEngine.java:194)
	at com.kms.katalon.core.main.ScriptEngine.runScriptAsRawText(ScriptEngine.java:119)
	at com.kms.katalon.core.main.TestCaseExecutor.runScript(TestCaseExecutor.java:337)
	at com.kms.katalon.core.main.TestCaseExecutor.doExecute(TestCaseExecutor.java:328)
	at com.kms.katalon.core.main.TestCaseExecutor.processExecutionPhase(TestCaseExecutor.java:307)
	at com.kms.katalon.core.main.TestCaseExecutor.accessMainPhase(TestCaseExecutor.java:299)
	at com.kms.katalon.core.main.TestCaseExecutor.execute(TestCaseExecutor.java:233)
	at com.kms.katalon.core.main.TestSuiteExecutor.accessTestCaseMainPhase(TestSuiteExecutor.java:169)
	at com.kms.katalon.core.main.TestSuiteExecutor.accessTestSuiteMainPhase(TestSuiteExecutor.java:142)
	at com.kms.katalon.core.main.TestSuiteExecutor.execute(TestSuiteExecutor.java:91)
	at com.kms.katalon.core.main.TestCaseMain.startTestSuite(TestCaseMain.java:157)
	at com.kms.katalon.core.main.TestCaseMain$startTestSuite$0.call(Unknown Source)
	at TempTestSuite1591373123859.run(TempTestSuite1591373123859.groovy:37)
Caused by: com.kms.katalon.core.exception.StepFailedException: com.kms.katalon.core.webui.exception.WebElementNotFoundException: Web element with id: 'Object Repository/Page_Create_New_Channel_Local/txt_error_duplicate' located by 'By.xpath: //p[@id='createChannelError']' not found
	at com.kms.katalon.core.webui.keyword.internal.WebUIKeywordMain.stepFailed(WebUIKeywordMain.groovy:64)
	at com.kms.katalon.core.webui.keyword.builtin.VerifyElementPresentKeyword$_verifyElementPresent_closure1.doCall(VerifyElementPresentKeyword.groovy:85)
	at com.kms.katalon.core.webui.keyword.builtin.VerifyElementPresentKeyword$_verifyElementPresent_closure1.call(VerifyElementPresentKeyword.groovy)
	at com.kms.katalon.core.webui.keyword.internal.WebUIKeywordMain.runKeyword(WebUIKeywordMain.groovy:20)
	... 19 more
)

2020-06-05 23:11:15 - [MESSAGE][INFO] - Unable to find the element located by 'By.xpath: //p[@id='createChannelError']'. Please recheck the objects properties to make sure the desired element is located. 

2020-06-05 23:11:15 - [MESSAGE][FAILED] - com.kms.katalon.core.webui.exception.WebElementNotFoundException: Web element with id: 'Object Repository/Page_Create_New_Channel_Local/txt_error_duplicate' located by 'By.xpath: //p[@id='createChannelError']' not found (Root cause: com.kms.katalon.core.exception.StepFailedException: com.kms.katalon.core.webui.exception.WebElementNotFoundException: Web element with id: 'Object Repository/Page_Create_New_Channel_Local/txt_error_duplicate' located by 'By.xpath: //p[@id='createChannelError']' not found
	at com.kms.katalon.core.webui.keyword.internal.WebUIKeywordMain.stepFailed(WebUIKeywordMain.groovy:64)
	at com.kms.katalon.core.webui.keyword.builtin.VerifyElementPresentKeyword$_verifyElementPresent_closure1.doCall(VerifyElementPresentKeyword.groovy:85)
	at com.kms.katalon.core.webui.keyword.builtin.VerifyElementPresentKeyword$_verifyElementPresent_closure1.call(VerifyElementPresentKeyword.groovy)
	at com.kms.katalon.core.webui.keyword.internal.WebUIKeywordMain.runKeyword(WebUIKeywordMain.groovy:20)
	at com.kms.katalon.core.webui.keyword.builtin.VerifyElementPresentKeyword.verifyElementPresent(VerifyElementPresentKeyword.groovy:92)
	at com.kms.katalon.core.webui.keyword.builtin.VerifyElementPresentKeyword.execute(VerifyElementPresentKeyword.groovy:68)
	at com.kms.katalon.core.keyword.internal.KeywordExecutor.executeKeywordForPlatform(KeywordExecutor.groovy:72)
	at com.kms.katalon.core.webui.keyword.WebUiBuiltInKeywords.verifyElementPresent(WebUiBuiltInKeywords.groovy:1460)
	at com.kms.katalon.core.webui.keyword.WebUiBuiltInKeywords$verifyElementPresent$0.call(Unknown Source)
	at Create_channel.run(Create_channel:26)
	at com.kms.katalon.core.main.ScriptEngine.run(ScriptEngine.java:194)
	at com.kms.katalon.core.main.ScriptEngine.runScriptAsRawText(ScriptEngine.java:119)
	at com.kms.katalon.core.main.TestCaseExecutor.runScript(TestCaseExecutor.java:337)
	at com.kms.katalon.core.main.TestCaseExecutor.doExecute(TestCaseExecutor.java:328)
	at com.kms.katalon.core.main.TestCaseExecutor.processExecutionPhase(TestCaseExecutor.java:307)
	at com.kms.katalon.core.main.TestCaseExecutor.accessMainPhase(TestCaseExecutor.java:299)
	at com.kms.katalon.core.main.TestCaseExecutor.execute(TestCaseExecutor.java:233)
	at com.kms.katalon.core.main.TestSuiteExecutor.accessTestCaseMainPhase(TestSuiteExecutor.java:169)
	at com.kms.katalon.core.main.TestSuiteExecutor.accessTestSuiteMainPhase(TestSuiteExecutor.java:142)
	at com.kms.katalon.core.main.TestSuiteExecutor.execute(TestSuiteExecutor.java:91)
	at com.kms.katalon.core.main.TestCaseMain.startTestSuite(TestCaseMain.java:157)
	at com.kms.katalon.core.main.TestCaseMain$startTestSuite$0.call(Unknown Source)
	at TempTestSuite1591373123859.run(TempTestSuite1591373123859.groovy:37)
)
[[ATTACHMENT|D:\\katalon\\hw2-katalon-testing\\Reports\\20200605_230523\\Run_All_Test_Cases\\20200605_230523\\1591373475574.png]]

2020-06-05 23:11:15 - [MESSAGE][FAILED] - Unable to verify object 'Object Repository/Page_Create_New_Channel_Local/txt_error_duplicate' is present (Root cause: com.kms.katalon.core.exception.StepFailedException: Unable to verify object 'Object Repository/Page_Create_New_Channel_Local/txt_error_duplicate' is present
	at com.kms.katalon.core.webui.keyword.internal.WebUIKeywordMain.stepFailed(WebUIKeywordMain.groovy:64)
	at com.kms.katalon.core.webui.keyword.internal.WebUIKeywordMain.runKeyword(WebUIKeywordMain.groovy:26)
	at com.kms.katalon.core.webui.keyword.builtin.VerifyElementPresentKeyword.verifyElementPresent(VerifyElementPresentKeyword.groovy:92)
	at com.kms.katalon.core.webui.keyword.builtin.VerifyElementPresentKeyword.execute(VerifyElementPresentKeyword.groovy:68)
	at com.kms.katalon.core.keyword.internal.KeywordExecutor.executeKeywordForPlatform(KeywordExecutor.groovy:72)
	at com.kms.katalon.core.webui.keyword.WebUiBuiltInKeywords.verifyElementPresent(WebUiBuiltInKeywords.groovy:1460)
	at com.kms.katalon.core.webui.keyword.WebUiBuiltInKeywords$verifyElementPresent$0.call(Unknown Source)
	at Create_channel.run(Create_channel:26)
	at com.kms.katalon.core.main.ScriptEngine.run(ScriptEngine.java:194)
	at com.kms.katalon.core.main.ScriptEngine.runScriptAsRawText(ScriptEngine.java:119)
	at com.kms.katalon.core.main.TestCaseExecutor.runScript(TestCaseExecutor.java:337)
	at com.kms.katalon.core.main.TestCaseExecutor.doExecute(TestCaseExecutor.java:328)
	at com.kms.katalon.core.main.TestCaseExecutor.processExecutionPhase(TestCaseExecutor.java:307)
	at com.kms.katalon.core.main.TestCaseExecutor.accessMainPhase(TestCaseExecutor.java:299)
	at com.kms.katalon.core.main.TestCaseExecutor.execute(TestCaseExecutor.java:233)
	at com.kms.katalon.core.main.TestSuiteExecutor.accessTestCaseMainPhase(TestSuiteExecutor.java:169)
	at com.kms.katalon.core.main.TestSuiteExecutor.accessTestSuiteMainPhase(TestSuiteExecutor.java:142)
	at com.kms.katalon.core.main.TestSuiteExecutor.execute(TestSuiteExecutor.java:91)
	at com.kms.katalon.core.main.TestCaseMain.startTestSuite(TestCaseMain.java:157)
	at com.kms.katalon.core.main.TestCaseMain$startTestSuite$0.call(Unknown Source)
	at TempTestSuite1591373123859.run(TempTestSuite1591373123859.groovy:37)
Caused by: com.kms.katalon.core.exception.StepFailedException: com.kms.katalon.core.webui.exception.WebElementNotFoundException: Web element with id: 'Object Repository/Page_Create_New_Channel_Local/txt_error_duplicate' located by 'By.xpath: //p[@id='createChannelError']' not found
	at com.kms.katalon.core.webui.keyword.internal.WebUIKeywordMain.stepFailed(WebUIKeywordMain.groovy:64)
	at com.kms.katalon.core.webui.keyword.builtin.VerifyElementPresentKeyword$_verifyElementPresent_closure1.doCall(VerifyElementPresentKeyword.groovy:85)
	at com.kms.katalon.core.webui.keyword.builtin.VerifyElementPresentKeyword$_verifyElementPresent_closure1.call(VerifyElementPresentKeyword.groovy)
	at com.kms.katalon.core.webui.keyword.internal.WebUIKeywordMain.runKeyword(WebUIKeywordMain.groovy:20)
	... 19 more
)
[[ATTACHMENT|D:\\katalon\\hw2-katalon-testing\\Reports\\20200605_230523\\Run_All_Test_Cases\\20200605_230523\\1591373475652.png]]

2020-06-05 23:11:15 - [TEST_STEP][PASSED] - Start tear down : Teardown: Method 'Teardown' complete successfully

2020-06-05 23:11:15 - [TEST_STEP][PASSED] - closeBrowser(): Browser is closed

2020-06-05 23:11:16 - [MESSAGE][PASSED] - Browser is closed

2020-06-05 23:11:16 - [MESSAGE][PASSED] - Method 'Teardown' complete successfully]]></system-out>
         <system-err><![CDATA[2020-06-05 23:11:06 - [TEST_CASE][FAILED] - Test Cases/Channel/Create_channel: Test Cases/Channel/Create_channel FAILED.
Reason:
com.kms.katalon.core.exception.StepFailedException: Unable to verify object 'Object Repository/Page_Create_New_Channel_Local/txt_error_duplicate' is present
	at com.kms.katalon.core.webui.keyword.internal.WebUIKeywordMain.stepFailed(WebUIKeywordMain.groovy:64)
	at com.kms.katalon.core.webui.keyword.internal.WebUIKeywordMain.runKeyword(WebUIKeywordMain.groovy:26)
	at com.kms.katalon.core.webui.keyword.builtin.VerifyElementPresentKeyword.verifyElementPresent(VerifyElementPresentKeyword.groovy:92)
	at com.kms.katalon.core.webui.keyword.builtin.VerifyElementPresentKeyword.execute(VerifyElementPresentKeyword.groovy:68)
	at com.kms.katalon.core.keyword.internal.KeywordExecutor.executeKeywordForPlatform(KeywordExecutor.groovy:72)
	at com.kms.katalon.core.webui.keyword.WebUiBuiltInKeywords.verifyElementPresent(WebUiBuiltInKeywords.groovy:1460)
	at com.kms.katalon.core.webui.keyword.WebUiBuiltInKeywords$verifyElementPresent$0.call(Unknown Source)
	at Create_channel.run(Create_channel:26)
	at com.kms.katalon.core.main.ScriptEngine.run(ScriptEngine.java:194)
	at com.kms.katalon.core.main.ScriptEngine.runScriptAsRawText(ScriptEngine.java:119)
	at com.kms.katalon.core.main.TestCaseExecutor.runScript(TestCaseExecutor.java:337)
	at com.kms.katalon.core.main.TestCaseExecutor.doExecute(TestCaseExecutor.java:328)
	at com.kms.katalon.core.main.TestCaseExecutor.processExecutionPhase(TestCaseExecutor.java:307)
	at com.kms.katalon.core.main.TestCaseExecutor.accessMainPhase(TestCaseExecutor.java:299)
	at com.kms.katalon.core.main.TestCaseExecutor.execute(TestCaseExecutor.java:233)
	at com.kms.katalon.core.main.TestSuiteExecutor.accessTestCaseMainPhase(TestSuiteExecutor.java:169)
	at com.kms.katalon.core.main.TestSuiteExecutor.accessTestSuiteMainPhase(TestSuiteExecutor.java:142)
	at com.kms.katalon.core.main.TestSuiteExecutor.execute(TestSuiteExecutor.java:91)
	at com.kms.katalon.core.main.TestCaseMain.startTestSuite(TestCaseMain.java:157)
	at com.kms.katalon.core.main.TestCaseMain$startTestSuite$0.call(Unknown Source)
	at TempTestSuite1591373123859.run(TempTestSuite1591373123859.groovy:37)
Caused by: com.kms.katalon.core.exception.StepFailedException: com.kms.katalon.core.webui.exception.WebElementNotFoundException: Web element with id: 'Object Repository/Page_Create_New_Channel_Local/txt_error_duplicate' located by 'By.xpath: //p[@id='createChannelError']' not found
	at com.kms.katalon.core.webui.keyword.internal.WebUIKeywordMain.stepFailed(WebUIKeywordMain.groovy:64)
	at com.kms.katalon.core.webui.keyword.builtin.VerifyElementPresentKeyword$_verifyElementPresent_closure1.doCall(VerifyElementPresentKeyword.groovy:85)
	at com.kms.katalon.core.webui.keyword.builtin.VerifyElementPresentKeyword$_verifyElementPresent_closure1.call(VerifyElementPresentKeyword.groovy)
	at com.kms.katalon.core.webui.keyword.internal.WebUIKeywordMain.runKeyword(WebUIKeywordMain.groovy:20)
	... 19 more]]></system-err>
      </testcase>
      <testcase name="Test Cases/Channel/Create_channel" time="10.351" classname="Test Cases/Channel/Create_channel" status="FAILED">
         <failure type="FAILED" message="Test Cases/Channel/Create_channel FAILED.
Reason:
com.kms.katalon.core.exception.StepFailedException: Unable to verify object 'Object Repository/Page_Create_New_Channel_Local/txt_error_duplicate' is present
	at com.kms.katalon.core.webui.keyword.internal.WebUIKeywordMain.stepFailed(WebUIKeywordMain.groovy:64)
	at com.kms.katalon.core.webui.keyword.internal.WebUIKeywordMain.runKeyword(WebUIKeywordMain.groovy:26)
	at com.kms.katalon.core.webui.keyword.builtin.VerifyElementPresentKeyword.verifyElementPresent(VerifyElementPresentKeyword.groovy:92)
	at com.kms.katalon.core.webui.keyword.builtin.VerifyElementPresentKeyword.execute(VerifyElementPresentKeyword.groovy:68)
	at com.kms.katalon.core.keyword.internal.KeywordExecutor.executeKeywordForPlatform(KeywordExecutor.groovy:72)
	at com.kms.katalon.core.webui.keyword.WebUiBuiltInKeywords.verifyElementPresent(WebUiBuiltInKeywords.groovy:1460)
	at com.kms.katalon.core.webui.keyword.WebUiBuiltInKeywords$verifyElementPresent$0.call(Unknown Source)
	at Create_channel.run(Create_channel:26)
	at com.kms.katalon.core.main.ScriptEngine.run(ScriptEngine.java:194)
	at com.kms.katalon.core.main.ScriptEngine.runScriptAsRawText(ScriptEngine.java:119)
	at com.kms.katalon.core.main.TestCaseExecutor.runScript(TestCaseExecutor.java:337)
	at com.kms.katalon.core.main.TestCaseExecutor.doExecute(TestCaseExecutor.java:328)
	at com.kms.katalon.core.main.TestCaseExecutor.processExecutionPhase(TestCaseExecutor.java:307)
	at com.kms.katalon.core.main.TestCaseExecutor.accessMainPhase(TestCaseExecutor.java:299)
	at com.kms.katalon.core.main.TestCaseExecutor.execute(TestCaseExecutor.java:233)
	at com.kms.katalon.core.main.TestSuiteExecutor.accessTestCaseMainPhase(TestSuiteExecutor.java:169)
	at com.kms.katalon.core.main.TestSuiteExecutor.accessTestSuiteMainPhase(TestSuiteExecutor.java:142)
	at com.kms.katalon.core.main.TestSuiteExecutor.execute(TestSuiteExecutor.java:91)
	at com.kms.katalon.core.main.TestCaseMain.startTestSuite(TestCaseMain.java:157)
	at com.kms.katalon.core.main.TestCaseMain$startTestSuite$0.call(Unknown Source)
	at TempTestSuite1591373123859.run(TempTestSuite1591373123859.groovy:37)
Caused by: com.kms.katalon.core.exception.StepFailedException: com.kms.katalon.core.webui.exception.WebElementNotFoundException: Web element with id: 'Object Repository/Page_Create_New_Channel_Local/txt_error_duplicate' located by 'By.xpath: //p[@id='createChannelError']' not found
	at com.kms.katalon.core.webui.keyword.internal.WebUIKeywordMain.stepFailed(WebUIKeywordMain.groovy:64)
	at com.kms.katalon.core.webui.keyword.builtin.VerifyElementPresentKeyword$_verifyElementPresent_closure1.doCall(VerifyElementPresentKeyword.groovy:85)
	at com.kms.katalon.core.webui.keyword.builtin.VerifyElementPresentKeyword$_verifyElementPresent_closure1.call(VerifyElementPresentKeyword.groovy)
	at com.kms.katalon.core.webui.keyword.internal.WebUIKeywordMain.runKeyword(WebUIKeywordMain.groovy:20)
	... 19 more
"/>
         <system-out><![CDATA[2020-06-05 23:11:16 - [TEST_CASE][FAILED] - Test Cases/Channel/Create_channel: Test Cases/Channel/Create_channel FAILED.
Reason:
com.kms.katalon.core.exception.StepFailedException: Unable to verify object 'Object Repository/Page_Create_New_Channel_Local/txt_error_duplicate' is present
	at com.kms.katalon.core.webui.keyword.internal.WebUIKeywordMain.stepFailed(WebUIKeywordMain.groovy:64)
	at com.kms.katalon.core.webui.keyword.internal.WebUIKeywordMain.runKeyword(WebUIKeywordMain.groovy:26)
	at com.kms.katalon.core.webui.keyword.builtin.VerifyElementPresentKeyword.verifyElementPresent(VerifyElementPresentKeyword.groovy:92)
	at com.kms.katalon.core.webui.keyword.builtin.VerifyElementPresentKeyword.execute(VerifyElementPresentKeyword.groovy:68)
	at com.kms.katalon.core.keyword.internal.KeywordExecutor.executeKeywordForPlatform(KeywordExecutor.groovy:72)
	at com.kms.katalon.core.webui.keyword.WebUiBuiltInKeywords.verifyElementPresent(WebUiBuiltInKeywords.groovy:1460)
	at com.kms.katalon.core.webui.keyword.WebUiBuiltInKeywords$verifyElementPresent$0.call(Unknown Source)
	at Create_channel.run(Create_channel:26)
	at com.kms.katalon.core.main.ScriptEngine.run(ScriptEngine.java:194)
	at com.kms.katalon.core.main.ScriptEngine.runScriptAsRawText(ScriptEngine.java:119)
	at com.kms.katalon.core.main.TestCaseExecutor.runScript(TestCaseExecutor.java:337)
	at com.kms.katalon.core.main.TestCaseExecutor.doExecute(TestCaseExecutor.java:328)
	at com.kms.katalon.core.main.TestCaseExecutor.processExecutionPhase(TestCaseExecutor.java:307)
	at com.kms.katalon.core.main.TestCaseExecutor.accessMainPhase(TestCaseExecutor.java:299)
	at com.kms.katalon.core.main.TestCaseExecutor.execute(TestCaseExecutor.java:233)
	at com.kms.katalon.core.main.TestSuiteExecutor.accessTestCaseMainPhase(TestSuiteExecutor.java:169)
	at com.kms.katalon.core.main.TestSuiteExecutor.accessTestSuiteMainPhase(TestSuiteExecutor.java:142)
	at com.kms.katalon.core.main.TestSuiteExecutor.execute(TestSuiteExecutor.java:91)
	at com.kms.katalon.core.main.TestCaseMain.startTestSuite(TestCaseMain.java:157)
	at com.kms.katalon.core.main.TestCaseMain$startTestSuite$0.call(Unknown Source)
	at TempTestSuite1591373123859.run(TempTestSuite1591373123859.groovy:37)
Caused by: com.kms.katalon.core.exception.StepFailedException: com.kms.katalon.core.webui.exception.WebElementNotFoundException: Web element with id: 'Object Repository/Page_Create_New_Channel_Local/txt_error_duplicate' located by 'By.xpath: //p[@id='createChannelError']' not found
	at com.kms.katalon.core.webui.keyword.internal.WebUIKeywordMain.stepFailed(WebUIKeywordMain.groovy:64)
	at com.kms.katalon.core.webui.keyword.builtin.VerifyElementPresentKeyword$_verifyElementPresent_closure1.doCall(VerifyElementPresentKeyword.groovy:85)
	at com.kms.katalon.core.webui.keyword.builtin.VerifyElementPresentKeyword$_verifyElementPresent_closure1.call(VerifyElementPresentKeyword.groovy)
	at com.kms.katalon.core.webui.keyword.internal.WebUIKeywordMain.runKeyword(WebUIKeywordMain.groovy:20)
	... 19 more


2020-06-05 23:11:16 - [TEST_STEP][PASSED] - Start setup action : Setup: Method 'Setup' complete successfully

2020-06-05 23:11:16 - [TEST_STEP][PASSED] - openBrowser("http://192.168.1.10:8065/login"): Browser is opened with url: 'http://192.168.1.10:8065/login'

2020-06-05 23:11:16 - [MESSAGE][INFO] - Starting 'Firefox' driver

2020-06-05 23:11:16 - [MESSAGE][INFO] - Action delay is set to 0 milliseconds

2020-06-05 23:11:21 - [MESSAGE][PASSED] - Browser is opened with url: 'http://192.168.1.10:8065/login'

2020-06-05 23:11:21 - [MESSAGE][PASSED] - Method 'Setup' complete successfully

2020-06-05 23:11:21 - [TEST_STEP][PASSED] - callTestCase(findTestCase("Test Cases/Login/login_function"), ["var_user":"tlvietdanh@gmail.com", "var_password":"13101998"], STOP_ON_FAILURE): Call Test Case 'Test Cases/Login/login_function' successfully

2020-06-05 23:11:21 - [TEST_CASE][PASSED] - Test Cases/Login/login_function: Test Cases/Login/login_function

2020-06-05 23:11:21 - [TEST_STEP][PASSED] - setText(findTestObject("Object Repository/Page_Mattermost_login/input_loginId"), var_user): Text 'tlvietdanh@gmail.com' is set on object 'Object Repository/Page_Mattermost_login/input_loginId'

2020-06-05 23:11:22 - [MESSAGE][PASSED] - Text 'tlvietdanh@gmail.com' is set on object 'Object Repository/Page_Mattermost_login/input_loginId'

2020-06-05 23:11:22 - [TEST_STEP][PASSED] - setText(findTestObject("Object Repository/Page_Mattermost_login/input_password"), var_password): Text '13101998' is set on object 'Object Repository/Page_Mattermost_login/input_password'

2020-06-05 23:11:23 - [MESSAGE][PASSED] - Text '13101998' is set on object 'Object Repository/Page_Mattermost_login/input_password'

2020-06-05 23:11:23 - [TEST_STEP][PASSED] - click(findTestObject("Object Repository/Page_Mattermost_login/span_Sign in")): Object: 'Object Repository/Page_Mattermost_login/span_Sign in' is clicked on

2020-06-05 23:11:23 - [MESSAGE][PASSED] - Object: 'Object Repository/Page_Mattermost_login/span_Sign in' is clicked on

2020-06-05 23:11:23 - [MESSAGE][PASSED] - Call Test Case 'Test Cases/Login/login_function' successfully

2020-06-05 23:11:23 - [TEST_STEP][FAILED] - verifyEqual(verifyElementPresent(findTestObject("Object Repository/Page_Create_New_Channel_Local/txt_error_duplicate"), 1), true): Unable to verify object 'Object Repository/Page_Create_New_Channel_Local/txt_error_duplicate' is present (Root cause: com.kms.katalon.core.exception.StepFailedException: Unable to verify object 'Object Repository/Page_Create_New_Channel_Local/txt_error_duplicate' is present
	at com.kms.katalon.core.webui.keyword.internal.WebUIKeywordMain.stepFailed(WebUIKeywordMain.groovy:64)
	at com.kms.katalon.core.webui.keyword.internal.WebUIKeywordMain.runKeyword(WebUIKeywordMain.groovy:26)
	at com.kms.katalon.core.webui.keyword.builtin.VerifyElementPresentKeyword.verifyElementPresent(VerifyElementPresentKeyword.groovy:92)
	at com.kms.katalon.core.webui.keyword.builtin.VerifyElementPresentKeyword.execute(VerifyElementPresentKeyword.groovy:68)
	at com.kms.katalon.core.keyword.internal.KeywordExecutor.executeKeywordForPlatform(KeywordExecutor.groovy:72)
	at com.kms.katalon.core.webui.keyword.WebUiBuiltInKeywords.verifyElementPresent(WebUiBuiltInKeywords.groovy:1460)
	at com.kms.katalon.core.webui.keyword.WebUiBuiltInKeywords$verifyElementPresent$0.call(Unknown Source)
	at Create_channel.run(Create_channel:26)
	at com.kms.katalon.core.main.ScriptEngine.run(ScriptEngine.java:194)
	at com.kms.katalon.core.main.ScriptEngine.runScriptAsRawText(ScriptEngine.java:119)
	at com.kms.katalon.core.main.TestCaseExecutor.runScript(TestCaseExecutor.java:337)
	at com.kms.katalon.core.main.TestCaseExecutor.doExecute(TestCaseExecutor.java:328)
	at com.kms.katalon.core.main.TestCaseExecutor.processExecutionPhase(TestCaseExecutor.java:307)
	at com.kms.katalon.core.main.TestCaseExecutor.accessMainPhase(TestCaseExecutor.java:299)
	at com.kms.katalon.core.main.TestCaseExecutor.execute(TestCaseExecutor.java:233)
	at com.kms.katalon.core.main.TestSuiteExecutor.accessTestCaseMainPhase(TestSuiteExecutor.java:169)
	at com.kms.katalon.core.main.TestSuiteExecutor.accessTestSuiteMainPhase(TestSuiteExecutor.java:142)
	at com.kms.katalon.core.main.TestSuiteExecutor.execute(TestSuiteExecutor.java:91)
	at com.kms.katalon.core.main.TestCaseMain.startTestSuite(TestCaseMain.java:157)
	at com.kms.katalon.core.main.TestCaseMain$startTestSuite$0.call(Unknown Source)
	at TempTestSuite1591373123859.run(TempTestSuite1591373123859.groovy:37)
Caused by: com.kms.katalon.core.exception.StepFailedException: com.kms.katalon.core.webui.exception.WebElementNotFoundException: Web element with id: 'Object Repository/Page_Create_New_Channel_Local/txt_error_duplicate' located by 'By.xpath: //p[@id='createChannelError']' not found
	at com.kms.katalon.core.webui.keyword.internal.WebUIKeywordMain.stepFailed(WebUIKeywordMain.groovy:64)
	at com.kms.katalon.core.webui.keyword.builtin.VerifyElementPresentKeyword$_verifyElementPresent_closure1.doCall(VerifyElementPresentKeyword.groovy:85)
	at com.kms.katalon.core.webui.keyword.builtin.VerifyElementPresentKeyword$_verifyElementPresent_closure1.call(VerifyElementPresentKeyword.groovy)
	at com.kms.katalon.core.webui.keyword.internal.WebUIKeywordMain.runKeyword(WebUIKeywordMain.groovy:20)
	... 19 more
)

2020-06-05 23:11:25 - [MESSAGE][INFO] - Unable to find the element located by 'By.xpath: //p[@id='createChannelError']'. Please recheck the objects properties to make sure the desired element is located. 

2020-06-05 23:11:26 - [MESSAGE][FAILED] - com.kms.katalon.core.webui.exception.WebElementNotFoundException: Web element with id: 'Object Repository/Page_Create_New_Channel_Local/txt_error_duplicate' located by 'By.xpath: //p[@id='createChannelError']' not found (Root cause: com.kms.katalon.core.exception.StepFailedException: com.kms.katalon.core.webui.exception.WebElementNotFoundException: Web element with id: 'Object Repository/Page_Create_New_Channel_Local/txt_error_duplicate' located by 'By.xpath: //p[@id='createChannelError']' not found
	at com.kms.katalon.core.webui.keyword.internal.WebUIKeywordMain.stepFailed(WebUIKeywordMain.groovy:64)
	at com.kms.katalon.core.webui.keyword.builtin.VerifyElementPresentKeyword$_verifyElementPresent_closure1.doCall(VerifyElementPresentKeyword.groovy:85)
	at com.kms.katalon.core.webui.keyword.builtin.VerifyElementPresentKeyword$_verifyElementPresent_closure1.call(VerifyElementPresentKeyword.groovy)
	at com.kms.katalon.core.webui.keyword.internal.WebUIKeywordMain.runKeyword(WebUIKeywordMain.groovy:20)
	at com.kms.katalon.core.webui.keyword.builtin.VerifyElementPresentKeyword.verifyElementPresent(VerifyElementPresentKeyword.groovy:92)
	at com.kms.katalon.core.webui.keyword.builtin.VerifyElementPresentKeyword.execute(VerifyElementPresentKeyword.groovy:68)
	at com.kms.katalon.core.keyword.internal.KeywordExecutor.executeKeywordForPlatform(KeywordExecutor.groovy:72)
	at com.kms.katalon.core.webui.keyword.WebUiBuiltInKeywords.verifyElementPresent(WebUiBuiltInKeywords.groovy:1460)
	at com.kms.katalon.core.webui.keyword.WebUiBuiltInKeywords$verifyElementPresent$0.call(Unknown Source)
	at Create_channel.run(Create_channel:26)
	at com.kms.katalon.core.main.ScriptEngine.run(ScriptEngine.java:194)
	at com.kms.katalon.core.main.ScriptEngine.runScriptAsRawText(ScriptEngine.java:119)
	at com.kms.katalon.core.main.TestCaseExecutor.runScript(TestCaseExecutor.java:337)
	at com.kms.katalon.core.main.TestCaseExecutor.doExecute(TestCaseExecutor.java:328)
	at com.kms.katalon.core.main.TestCaseExecutor.processExecutionPhase(TestCaseExecutor.java:307)
	at com.kms.katalon.core.main.TestCaseExecutor.accessMainPhase(TestCaseExecutor.java:299)
	at com.kms.katalon.core.main.TestCaseExecutor.execute(TestCaseExecutor.java:233)
	at com.kms.katalon.core.main.TestSuiteExecutor.accessTestCaseMainPhase(TestSuiteExecutor.java:169)
	at com.kms.katalon.core.main.TestSuiteExecutor.accessTestSuiteMainPhase(TestSuiteExecutor.java:142)
	at com.kms.katalon.core.main.TestSuiteExecutor.execute(TestSuiteExecutor.java:91)
	at com.kms.katalon.core.main.TestCaseMain.startTestSuite(TestCaseMain.java:157)
	at com.kms.katalon.core.main.TestCaseMain$startTestSuite$0.call(Unknown Source)
	at TempTestSuite1591373123859.run(TempTestSuite1591373123859.groovy:37)
)
[[ATTACHMENT|D:\\katalon\\hw2-katalon-testing\\Reports\\20200605_230523\\Run_All_Test_Cases\\20200605_230523\\1591373485926.png]]

2020-06-05 23:11:26 - [MESSAGE][FAILED] - Unable to verify object 'Object Repository/Page_Create_New_Channel_Local/txt_error_duplicate' is present (Root cause: com.kms.katalon.core.exception.StepFailedException: Unable to verify object 'Object Repository/Page_Create_New_Channel_Local/txt_error_duplicate' is present
	at com.kms.katalon.core.webui.keyword.internal.WebUIKeywordMain.stepFailed(WebUIKeywordMain.groovy:64)
	at com.kms.katalon.core.webui.keyword.internal.WebUIKeywordMain.runKeyword(WebUIKeywordMain.groovy:26)
	at com.kms.katalon.core.webui.keyword.builtin.VerifyElementPresentKeyword.verifyElementPresent(VerifyElementPresentKeyword.groovy:92)
	at com.kms.katalon.core.webui.keyword.builtin.VerifyElementPresentKeyword.execute(VerifyElementPresentKeyword.groovy:68)
	at com.kms.katalon.core.keyword.internal.KeywordExecutor.executeKeywordForPlatform(KeywordExecutor.groovy:72)
	at com.kms.katalon.core.webui.keyword.WebUiBuiltInKeywords.verifyElementPresent(WebUiBuiltInKeywords.groovy:1460)
	at com.kms.katalon.core.webui.keyword.WebUiBuiltInKeywords$verifyElementPresent$0.call(Unknown Source)
	at Create_channel.run(Create_channel:26)
	at com.kms.katalon.core.main.ScriptEngine.run(ScriptEngine.java:194)
	at com.kms.katalon.core.main.ScriptEngine.runScriptAsRawText(ScriptEngine.java:119)
	at com.kms.katalon.core.main.TestCaseExecutor.runScript(TestCaseExecutor.java:337)
	at com.kms.katalon.core.main.TestCaseExecutor.doExecute(TestCaseExecutor.java:328)
	at com.kms.katalon.core.main.TestCaseExecutor.processExecutionPhase(TestCaseExecutor.java:307)
	at com.kms.katalon.core.main.TestCaseExecutor.accessMainPhase(TestCaseExecutor.java:299)
	at com.kms.katalon.core.main.TestCaseExecutor.execute(TestCaseExecutor.java:233)
	at com.kms.katalon.core.main.TestSuiteExecutor.accessTestCaseMainPhase(TestSuiteExecutor.java:169)
	at com.kms.katalon.core.main.TestSuiteExecutor.accessTestSuiteMainPhase(TestSuiteExecutor.java:142)
	at com.kms.katalon.core.main.TestSuiteExecutor.execute(TestSuiteExecutor.java:91)
	at com.kms.katalon.core.main.TestCaseMain.startTestSuite(TestCaseMain.java:157)
	at com.kms.katalon.core.main.TestCaseMain$startTestSuite$0.call(Unknown Source)
	at TempTestSuite1591373123859.run(TempTestSuite1591373123859.groovy:37)
Caused by: com.kms.katalon.core.exception.StepFailedException: com.kms.katalon.core.webui.exception.WebElementNotFoundException: Web element with id: 'Object Repository/Page_Create_New_Channel_Local/txt_error_duplicate' located by 'By.xpath: //p[@id='createChannelError']' not found
	at com.kms.katalon.core.webui.keyword.internal.WebUIKeywordMain.stepFailed(WebUIKeywordMain.groovy:64)
	at com.kms.katalon.core.webui.keyword.builtin.VerifyElementPresentKeyword$_verifyElementPresent_closure1.doCall(VerifyElementPresentKeyword.groovy:85)
	at com.kms.katalon.core.webui.keyword.builtin.VerifyElementPresentKeyword$_verifyElementPresent_closure1.call(VerifyElementPresentKeyword.groovy)
	at com.kms.katalon.core.webui.keyword.internal.WebUIKeywordMain.runKeyword(WebUIKeywordMain.groovy:20)
	... 19 more
)
[[ATTACHMENT|D:\\katalon\\hw2-katalon-testing\\Reports\\20200605_230523\\Run_All_Test_Cases\\20200605_230523\\1591373486035.png]]

2020-06-05 23:11:26 - [TEST_STEP][PASSED] - Start tear down : Teardown: Method 'Teardown' complete successfully

2020-06-05 23:11:26 - [TEST_STEP][PASSED] - closeBrowser(): Browser is closed

2020-06-05 23:11:27 - [MESSAGE][PASSED] - Browser is closed

2020-06-05 23:11:27 - [MESSAGE][PASSED] - Method 'Teardown' complete successfully]]></system-out>
         <system-err><![CDATA[2020-06-05 23:11:16 - [TEST_CASE][FAILED] - Test Cases/Channel/Create_channel: Test Cases/Channel/Create_channel FAILED.
Reason:
com.kms.katalon.core.exception.StepFailedException: Unable to verify object 'Object Repository/Page_Create_New_Channel_Local/txt_error_duplicate' is present
	at com.kms.katalon.core.webui.keyword.internal.WebUIKeywordMain.stepFailed(WebUIKeywordMain.groovy:64)
	at com.kms.katalon.core.webui.keyword.internal.WebUIKeywordMain.runKeyword(WebUIKeywordMain.groovy:26)
	at com.kms.katalon.core.webui.keyword.builtin.VerifyElementPresentKeyword.verifyElementPresent(VerifyElementPresentKeyword.groovy:92)
	at com.kms.katalon.core.webui.keyword.builtin.VerifyElementPresentKeyword.execute(VerifyElementPresentKeyword.groovy:68)
	at com.kms.katalon.core.keyword.internal.KeywordExecutor.executeKeywordForPlatform(KeywordExecutor.groovy:72)
	at com.kms.katalon.core.webui.keyword.WebUiBuiltInKeywords.verifyElementPresent(WebUiBuiltInKeywords.groovy:1460)
	at com.kms.katalon.core.webui.keyword.WebUiBuiltInKeywords$verifyElementPresent$0.call(Unknown Source)
	at Create_channel.run(Create_channel:26)
	at com.kms.katalon.core.main.ScriptEngine.run(ScriptEngine.java:194)
	at com.kms.katalon.core.main.ScriptEngine.runScriptAsRawText(ScriptEngine.java:119)
	at com.kms.katalon.core.main.TestCaseExecutor.runScript(TestCaseExecutor.java:337)
	at com.kms.katalon.core.main.TestCaseExecutor.doExecute(TestCaseExecutor.java:328)
	at com.kms.katalon.core.main.TestCaseExecutor.processExecutionPhase(TestCaseExecutor.java:307)
	at com.kms.katalon.core.main.TestCaseExecutor.accessMainPhase(TestCaseExecutor.java:299)
	at com.kms.katalon.core.main.TestCaseExecutor.execute(TestCaseExecutor.java:233)
	at com.kms.katalon.core.main.TestSuiteExecutor.accessTestCaseMainPhase(TestSuiteExecutor.java:169)
	at com.kms.katalon.core.main.TestSuiteExecutor.accessTestSuiteMainPhase(TestSuiteExecutor.java:142)
	at com.kms.katalon.core.main.TestSuiteExecutor.execute(TestSuiteExecutor.java:91)
	at com.kms.katalon.core.main.TestCaseMain.startTestSuite(TestCaseMain.java:157)
	at com.kms.katalon.core.main.TestCaseMain$startTestSuite$0.call(Unknown Source)
	at TempTestSuite1591373123859.run(TempTestSuite1591373123859.groovy:37)
Caused by: com.kms.katalon.core.exception.StepFailedException: com.kms.katalon.core.webui.exception.WebElementNotFoundException: Web element with id: 'Object Repository/Page_Create_New_Channel_Local/txt_error_duplicate' located by 'By.xpath: //p[@id='createChannelError']' not found
	at com.kms.katalon.core.webui.keyword.internal.WebUIKeywordMain.stepFailed(WebUIKeywordMain.groovy:64)
	at com.kms.katalon.core.webui.keyword.builtin.VerifyElementPresentKeyword$_verifyElementPresent_closure1.doCall(VerifyElementPresentKeyword.groovy:85)
	at com.kms.katalon.core.webui.keyword.builtin.VerifyElementPresentKeyword$_verifyElementPresent_closure1.call(VerifyElementPresentKeyword.groovy)
	at com.kms.katalon.core.webui.keyword.internal.WebUIKeywordMain.runKeyword(WebUIKeywordMain.groovy:20)
	... 19 more]]></system-err>
      </testcase>
      <testcase name="Test Cases/Channel/Create_channel" time="10.414" classname="Test Cases/Channel/Create_channel" status="FAILED">
         <failure type="FAILED" message="Test Cases/Channel/Create_channel FAILED.
Reason:
com.kms.katalon.core.exception.StepFailedException: Unable to verify object 'Object Repository/Page_Create_New_Channel_Local/txt_error_duplicate' is present
	at com.kms.katalon.core.webui.keyword.internal.WebUIKeywordMain.stepFailed(WebUIKeywordMain.groovy:64)
	at com.kms.katalon.core.webui.keyword.internal.WebUIKeywordMain.runKeyword(WebUIKeywordMain.groovy:26)
	at com.kms.katalon.core.webui.keyword.builtin.VerifyElementPresentKeyword.verifyElementPresent(VerifyElementPresentKeyword.groovy:92)
	at com.kms.katalon.core.webui.keyword.builtin.VerifyElementPresentKeyword.execute(VerifyElementPresentKeyword.groovy:68)
	at com.kms.katalon.core.keyword.internal.KeywordExecutor.executeKeywordForPlatform(KeywordExecutor.groovy:72)
	at com.kms.katalon.core.webui.keyword.WebUiBuiltInKeywords.verifyElementPresent(WebUiBuiltInKeywords.groovy:1460)
	at com.kms.katalon.core.webui.keyword.WebUiBuiltInKeywords$verifyElementPresent$0.call(Unknown Source)
	at Create_channel.run(Create_channel:26)
	at com.kms.katalon.core.main.ScriptEngine.run(ScriptEngine.java:194)
	at com.kms.katalon.core.main.ScriptEngine.runScriptAsRawText(ScriptEngine.java:119)
	at com.kms.katalon.core.main.TestCaseExecutor.runScript(TestCaseExecutor.java:337)
	at com.kms.katalon.core.main.TestCaseExecutor.doExecute(TestCaseExecutor.java:328)
	at com.kms.katalon.core.main.TestCaseExecutor.processExecutionPhase(TestCaseExecutor.java:307)
	at com.kms.katalon.core.main.TestCaseExecutor.accessMainPhase(TestCaseExecutor.java:299)
	at com.kms.katalon.core.main.TestCaseExecutor.execute(TestCaseExecutor.java:233)
	at com.kms.katalon.core.main.TestSuiteExecutor.accessTestCaseMainPhase(TestSuiteExecutor.java:169)
	at com.kms.katalon.core.main.TestSuiteExecutor.accessTestSuiteMainPhase(TestSuiteExecutor.java:142)
	at com.kms.katalon.core.main.TestSuiteExecutor.execute(TestSuiteExecutor.java:91)
	at com.kms.katalon.core.main.TestCaseMain.startTestSuite(TestCaseMain.java:157)
	at com.kms.katalon.core.main.TestCaseMain$startTestSuite$0.call(Unknown Source)
	at TempTestSuite1591373123859.run(TempTestSuite1591373123859.groovy:37)
Caused by: com.kms.katalon.core.exception.StepFailedException: com.kms.katalon.core.webui.exception.WebElementNotFoundException: Web element with id: 'Object Repository/Page_Create_New_Channel_Local/txt_error_duplicate' located by 'By.xpath: //p[@id='createChannelError']' not found
	at com.kms.katalon.core.webui.keyword.internal.WebUIKeywordMain.stepFailed(WebUIKeywordMain.groovy:64)
	at com.kms.katalon.core.webui.keyword.builtin.VerifyElementPresentKeyword$_verifyElementPresent_closure1.doCall(VerifyElementPresentKeyword.groovy:85)
	at com.kms.katalon.core.webui.keyword.builtin.VerifyElementPresentKeyword$_verifyElementPresent_closure1.call(VerifyElementPresentKeyword.groovy)
	at com.kms.katalon.core.webui.keyword.internal.WebUIKeywordMain.runKeyword(WebUIKeywordMain.groovy:20)
	... 19 more
"/>
         <system-out><![CDATA[2020-06-05 23:11:27 - [TEST_CASE][FAILED] - Test Cases/Channel/Create_channel: Test Cases/Channel/Create_channel FAILED.
Reason:
com.kms.katalon.core.exception.StepFailedException: Unable to verify object 'Object Repository/Page_Create_New_Channel_Local/txt_error_duplicate' is present
	at com.kms.katalon.core.webui.keyword.internal.WebUIKeywordMain.stepFailed(WebUIKeywordMain.groovy:64)
	at com.kms.katalon.core.webui.keyword.internal.WebUIKeywordMain.runKeyword(WebUIKeywordMain.groovy:26)
	at com.kms.katalon.core.webui.keyword.builtin.VerifyElementPresentKeyword.verifyElementPresent(VerifyElementPresentKeyword.groovy:92)
	at com.kms.katalon.core.webui.keyword.builtin.VerifyElementPresentKeyword.execute(VerifyElementPresentKeyword.groovy:68)
	at com.kms.katalon.core.keyword.internal.KeywordExecutor.executeKeywordForPlatform(KeywordExecutor.groovy:72)
	at com.kms.katalon.core.webui.keyword.WebUiBuiltInKeywords.verifyElementPresent(WebUiBuiltInKeywords.groovy:1460)
	at com.kms.katalon.core.webui.keyword.WebUiBuiltInKeywords$verifyElementPresent$0.call(Unknown Source)
	at Create_channel.run(Create_channel:26)
	at com.kms.katalon.core.main.ScriptEngine.run(ScriptEngine.java:194)
	at com.kms.katalon.core.main.ScriptEngine.runScriptAsRawText(ScriptEngine.java:119)
	at com.kms.katalon.core.main.TestCaseExecutor.runScript(TestCaseExecutor.java:337)
	at com.kms.katalon.core.main.TestCaseExecutor.doExecute(TestCaseExecutor.java:328)
	at com.kms.katalon.core.main.TestCaseExecutor.processExecutionPhase(TestCaseExecutor.java:307)
	at com.kms.katalon.core.main.TestCaseExecutor.accessMainPhase(TestCaseExecutor.java:299)
	at com.kms.katalon.core.main.TestCaseExecutor.execute(TestCaseExecutor.java:233)
	at com.kms.katalon.core.main.TestSuiteExecutor.accessTestCaseMainPhase(TestSuiteExecutor.java:169)
	at com.kms.katalon.core.main.TestSuiteExecutor.accessTestSuiteMainPhase(TestSuiteExecutor.java:142)
	at com.kms.katalon.core.main.TestSuiteExecutor.execute(TestSuiteExecutor.java:91)
	at com.kms.katalon.core.main.TestCaseMain.startTestSuite(TestCaseMain.java:157)
	at com.kms.katalon.core.main.TestCaseMain$startTestSuite$0.call(Unknown Source)
	at TempTestSuite1591373123859.run(TempTestSuite1591373123859.groovy:37)
Caused by: com.kms.katalon.core.exception.StepFailedException: com.kms.katalon.core.webui.exception.WebElementNotFoundException: Web element with id: 'Object Repository/Page_Create_New_Channel_Local/txt_error_duplicate' located by 'By.xpath: //p[@id='createChannelError']' not found
	at com.kms.katalon.core.webui.keyword.internal.WebUIKeywordMain.stepFailed(WebUIKeywordMain.groovy:64)
	at com.kms.katalon.core.webui.keyword.builtin.VerifyElementPresentKeyword$_verifyElementPresent_closure1.doCall(VerifyElementPresentKeyword.groovy:85)
	at com.kms.katalon.core.webui.keyword.builtin.VerifyElementPresentKeyword$_verifyElementPresent_closure1.call(VerifyElementPresentKeyword.groovy)
	at com.kms.katalon.core.webui.keyword.internal.WebUIKeywordMain.runKeyword(WebUIKeywordMain.groovy:20)
	... 19 more


2020-06-05 23:11:27 - [TEST_STEP][PASSED] - Start setup action : Setup: Method 'Setup' complete successfully

2020-06-05 23:11:27 - [TEST_STEP][PASSED] - openBrowser("http://192.168.1.10:8065/login"): Browser is opened with url: 'http://192.168.1.10:8065/login'

2020-06-05 23:11:27 - [MESSAGE][INFO] - Starting 'Firefox' driver

2020-06-05 23:11:27 - [MESSAGE][INFO] - Action delay is set to 0 milliseconds

2020-06-05 23:11:31 - [MESSAGE][PASSED] - Browser is opened with url: 'http://192.168.1.10:8065/login'

2020-06-05 23:11:31 - [MESSAGE][PASSED] - Method 'Setup' complete successfully

2020-06-05 23:11:31 - [TEST_STEP][PASSED] - callTestCase(findTestCase("Test Cases/Login/login_function"), ["var_user":"tlvietdanh@gmail.com", "var_password":"13101998"], STOP_ON_FAILURE): Call Test Case 'Test Cases/Login/login_function' successfully

2020-06-05 23:11:31 - [TEST_CASE][PASSED] - Test Cases/Login/login_function: Test Cases/Login/login_function

2020-06-05 23:11:31 - [TEST_STEP][PASSED] - setText(findTestObject("Object Repository/Page_Mattermost_login/input_loginId"), var_user): Text 'tlvietdanh@gmail.com' is set on object 'Object Repository/Page_Mattermost_login/input_loginId'

2020-06-05 23:11:32 - [MESSAGE][PASSED] - Text 'tlvietdanh@gmail.com' is set on object 'Object Repository/Page_Mattermost_login/input_loginId'

2020-06-05 23:11:32 - [TEST_STEP][PASSED] - setText(findTestObject("Object Repository/Page_Mattermost_login/input_password"), var_password): Text '13101998' is set on object 'Object Repository/Page_Mattermost_login/input_password'

2020-06-05 23:11:33 - [MESSAGE][PASSED] - Text '13101998' is set on object 'Object Repository/Page_Mattermost_login/input_password'

2020-06-05 23:11:33 - [TEST_STEP][PASSED] - click(findTestObject("Object Repository/Page_Mattermost_login/span_Sign in")): Object: 'Object Repository/Page_Mattermost_login/span_Sign in' is clicked on

2020-06-05 23:11:34 - [MESSAGE][PASSED] - Object: 'Object Repository/Page_Mattermost_login/span_Sign in' is clicked on

2020-06-05 23:11:34 - [MESSAGE][PASSED] - Call Test Case 'Test Cases/Login/login_function' successfully

2020-06-05 23:11:34 - [TEST_STEP][FAILED] - verifyEqual(verifyElementPresent(findTestObject("Object Repository/Page_Create_New_Channel_Local/txt_error_duplicate"), 1), true): Unable to verify object 'Object Repository/Page_Create_New_Channel_Local/txt_error_duplicate' is present (Root cause: com.kms.katalon.core.exception.StepFailedException: Unable to verify object 'Object Repository/Page_Create_New_Channel_Local/txt_error_duplicate' is present
	at com.kms.katalon.core.webui.keyword.internal.WebUIKeywordMain.stepFailed(WebUIKeywordMain.groovy:64)
	at com.kms.katalon.core.webui.keyword.internal.WebUIKeywordMain.runKeyword(WebUIKeywordMain.groovy:26)
	at com.kms.katalon.core.webui.keyword.builtin.VerifyElementPresentKeyword.verifyElementPresent(VerifyElementPresentKeyword.groovy:92)
	at com.kms.katalon.core.webui.keyword.builtin.VerifyElementPresentKeyword.execute(VerifyElementPresentKeyword.groovy:68)
	at com.kms.katalon.core.keyword.internal.KeywordExecutor.executeKeywordForPlatform(KeywordExecutor.groovy:72)
	at com.kms.katalon.core.webui.keyword.WebUiBuiltInKeywords.verifyElementPresent(WebUiBuiltInKeywords.groovy:1460)
	at com.kms.katalon.core.webui.keyword.WebUiBuiltInKeywords$verifyElementPresent$0.call(Unknown Source)
	at Create_channel.run(Create_channel:26)
	at com.kms.katalon.core.main.ScriptEngine.run(ScriptEngine.java:194)
	at com.kms.katalon.core.main.ScriptEngine.runScriptAsRawText(ScriptEngine.java:119)
	at com.kms.katalon.core.main.TestCaseExecutor.runScript(TestCaseExecutor.java:337)
	at com.kms.katalon.core.main.TestCaseExecutor.doExecute(TestCaseExecutor.java:328)
	at com.kms.katalon.core.main.TestCaseExecutor.processExecutionPhase(TestCaseExecutor.java:307)
	at com.kms.katalon.core.main.TestCaseExecutor.accessMainPhase(TestCaseExecutor.java:299)
	at com.kms.katalon.core.main.TestCaseExecutor.execute(TestCaseExecutor.java:233)
	at com.kms.katalon.core.main.TestSuiteExecutor.accessTestCaseMainPhase(TestSuiteExecutor.java:169)
	at com.kms.katalon.core.main.TestSuiteExecutor.accessTestSuiteMainPhase(TestSuiteExecutor.java:142)
	at com.kms.katalon.core.main.TestSuiteExecutor.execute(TestSuiteExecutor.java:91)
	at com.kms.katalon.core.main.TestCaseMain.startTestSuite(TestCaseMain.java:157)
	at com.kms.katalon.core.main.TestCaseMain$startTestSuite$0.call(Unknown Source)
	at TempTestSuite1591373123859.run(TempTestSuite1591373123859.groovy:37)
Caused by: com.kms.katalon.core.exception.StepFailedException: com.kms.katalon.core.webui.exception.WebElementNotFoundException: Web element with id: 'Object Repository/Page_Create_New_Channel_Local/txt_error_duplicate' located by 'By.xpath: //p[@id='createChannelError']' not found
	at com.kms.katalon.core.webui.keyword.internal.WebUIKeywordMain.stepFailed(WebUIKeywordMain.groovy:64)
	at com.kms.katalon.core.webui.keyword.builtin.VerifyElementPresentKeyword$_verifyElementPresent_closure1.doCall(VerifyElementPresentKeyword.groovy:85)
	at com.kms.katalon.core.webui.keyword.builtin.VerifyElementPresentKeyword$_verifyElementPresent_closure1.call(VerifyElementPresentKeyword.groovy)
	at com.kms.katalon.core.webui.keyword.internal.WebUIKeywordMain.runKeyword(WebUIKeywordMain.groovy:20)
	... 19 more
)

2020-06-05 23:11:36 - [MESSAGE][INFO] - Unable to find the element located by 'By.xpath: //p[@id='createChannelError']'. Please recheck the objects properties to make sure the desired element is located. 

2020-06-05 23:11:36 - [MESSAGE][FAILED] - com.kms.katalon.core.webui.exception.WebElementNotFoundException: Web element with id: 'Object Repository/Page_Create_New_Channel_Local/txt_error_duplicate' located by 'By.xpath: //p[@id='createChannelError']' not found (Root cause: com.kms.katalon.core.exception.StepFailedException: com.kms.katalon.core.webui.exception.WebElementNotFoundException: Web element with id: 'Object Repository/Page_Create_New_Channel_Local/txt_error_duplicate' located by 'By.xpath: //p[@id='createChannelError']' not found
	at com.kms.katalon.core.webui.keyword.internal.WebUIKeywordMain.stepFailed(WebUIKeywordMain.groovy:64)
	at com.kms.katalon.core.webui.keyword.builtin.VerifyElementPresentKeyword$_verifyElementPresent_closure1.doCall(VerifyElementPresentKeyword.groovy:85)
	at com.kms.katalon.core.webui.keyword.builtin.VerifyElementPresentKeyword$_verifyElementPresent_closure1.call(VerifyElementPresentKeyword.groovy)
	at com.kms.katalon.core.webui.keyword.internal.WebUIKeywordMain.runKeyword(WebUIKeywordMain.groovy:20)
	at com.kms.katalon.core.webui.keyword.builtin.VerifyElementPresentKeyword.verifyElementPresent(VerifyElementPresentKeyword.groovy:92)
	at com.kms.katalon.core.webui.keyword.builtin.VerifyElementPresentKeyword.execute(VerifyElementPresentKeyword.groovy:68)
	at com.kms.katalon.core.keyword.internal.KeywordExecutor.executeKeywordForPlatform(KeywordExecutor.groovy:72)
	at com.kms.katalon.core.webui.keyword.WebUiBuiltInKeywords.verifyElementPresent(WebUiBuiltInKeywords.groovy:1460)
	at com.kms.katalon.core.webui.keyword.WebUiBuiltInKeywords$verifyElementPresent$0.call(Unknown Source)
	at Create_channel.run(Create_channel:26)
	at com.kms.katalon.core.main.ScriptEngine.run(ScriptEngine.java:194)
	at com.kms.katalon.core.main.ScriptEngine.runScriptAsRawText(ScriptEngine.java:119)
	at com.kms.katalon.core.main.TestCaseExecutor.runScript(TestCaseExecutor.java:337)
	at com.kms.katalon.core.main.TestCaseExecutor.doExecute(TestCaseExecutor.java:328)
	at com.kms.katalon.core.main.TestCaseExecutor.processExecutionPhase(TestCaseExecutor.java:307)
	at com.kms.katalon.core.main.TestCaseExecutor.accessMainPhase(TestCaseExecutor.java:299)
	at com.kms.katalon.core.main.TestCaseExecutor.execute(TestCaseExecutor.java:233)
	at com.kms.katalon.core.main.TestSuiteExecutor.accessTestCaseMainPhase(TestSuiteExecutor.java:169)
	at com.kms.katalon.core.main.TestSuiteExecutor.accessTestSuiteMainPhase(TestSuiteExecutor.java:142)
	at com.kms.katalon.core.main.TestSuiteExecutor.execute(TestSuiteExecutor.java:91)
	at com.kms.katalon.core.main.TestCaseMain.startTestSuite(TestCaseMain.java:157)
	at com.kms.katalon.core.main.TestCaseMain$startTestSuite$0.call(Unknown Source)
	at TempTestSuite1591373123859.run(TempTestSuite1591373123859.groovy:37)
)
[[ATTACHMENT|D:\\katalon\\hw2-katalon-testing\\Reports\\20200605_230523\\Run_All_Test_Cases\\20200605_230523\\1591373496380.png]]

2020-06-05 23:11:36 - [MESSAGE][FAILED] - Unable to verify object 'Object Repository/Page_Create_New_Channel_Local/txt_error_duplicate' is present (Root cause: com.kms.katalon.core.exception.StepFailedException: Unable to verify object 'Object Repository/Page_Create_New_Channel_Local/txt_error_duplicate' is present
	at com.kms.katalon.core.webui.keyword.internal.WebUIKeywordMain.stepFailed(WebUIKeywordMain.groovy:64)
	at com.kms.katalon.core.webui.keyword.internal.WebUIKeywordMain.runKeyword(WebUIKeywordMain.groovy:26)
	at com.kms.katalon.core.webui.keyword.builtin.VerifyElementPresentKeyword.verifyElementPresent(VerifyElementPresentKeyword.groovy:92)
	at com.kms.katalon.core.webui.keyword.builtin.VerifyElementPresentKeyword.execute(VerifyElementPresentKeyword.groovy:68)
	at com.kms.katalon.core.keyword.internal.KeywordExecutor.executeKeywordForPlatform(KeywordExecutor.groovy:72)
	at com.kms.katalon.core.webui.keyword.WebUiBuiltInKeywords.verifyElementPresent(WebUiBuiltInKeywords.groovy:1460)
	at com.kms.katalon.core.webui.keyword.WebUiBuiltInKeywords$verifyElementPresent$0.call(Unknown Source)
	at Create_channel.run(Create_channel:26)
	at com.kms.katalon.core.main.ScriptEngine.run(ScriptEngine.java:194)
	at com.kms.katalon.core.main.ScriptEngine.runScriptAsRawText(ScriptEngine.java:119)
	at com.kms.katalon.core.main.TestCaseExecutor.runScript(TestCaseExecutor.java:337)
	at com.kms.katalon.core.main.TestCaseExecutor.doExecute(TestCaseExecutor.java:328)
	at com.kms.katalon.core.main.TestCaseExecutor.processExecutionPhase(TestCaseExecutor.java:307)
	at com.kms.katalon.core.main.TestCaseExecutor.accessMainPhase(TestCaseExecutor.java:299)
	at com.kms.katalon.core.main.TestCaseExecutor.execute(TestCaseExecutor.java:233)
	at com.kms.katalon.core.main.TestSuiteExecutor.accessTestCaseMainPhase(TestSuiteExecutor.java:169)
	at com.kms.katalon.core.main.TestSuiteExecutor.accessTestSuiteMainPhase(TestSuiteExecutor.java:142)
	at com.kms.katalon.core.main.TestSuiteExecutor.execute(TestSuiteExecutor.java:91)
	at com.kms.katalon.core.main.TestCaseMain.startTestSuite(TestCaseMain.java:157)
	at com.kms.katalon.core.main.TestCaseMain$startTestSuite$0.call(Unknown Source)
	at TempTestSuite1591373123859.run(TempTestSuite1591373123859.groovy:37)
Caused by: com.kms.katalon.core.exception.StepFailedException: com.kms.katalon.core.webui.exception.WebElementNotFoundException: Web element with id: 'Object Repository/Page_Create_New_Channel_Local/txt_error_duplicate' located by 'By.xpath: //p[@id='createChannelError']' not found
	at com.kms.katalon.core.webui.keyword.internal.WebUIKeywordMain.stepFailed(WebUIKeywordMain.groovy:64)
	at com.kms.katalon.core.webui.keyword.builtin.VerifyElementPresentKeyword$_verifyElementPresent_closure1.doCall(VerifyElementPresentKeyword.groovy:85)
	at com.kms.katalon.core.webui.keyword.builtin.VerifyElementPresentKeyword$_verifyElementPresent_closure1.call(VerifyElementPresentKeyword.groovy)
	at com.kms.katalon.core.webui.keyword.internal.WebUIKeywordMain.runKeyword(WebUIKeywordMain.groovy:20)
	... 19 more
)
[[ATTACHMENT|D:\\katalon\\hw2-katalon-testing\\Reports\\20200605_230523\\Run_All_Test_Cases\\20200605_230523\\1591373496461.png]]

2020-06-05 23:11:36 - [TEST_STEP][PASSED] - Start tear down : Teardown: Method 'Teardown' complete successfully

2020-06-05 23:11:36 - [TEST_STEP][PASSED] - closeBrowser(): Browser is closed

2020-06-05 23:11:37 - [MESSAGE][PASSED] - Browser is closed

2020-06-05 23:11:37 - [MESSAGE][PASSED] - Method 'Teardown' complete successfully]]></system-out>
         <system-err><![CDATA[2020-06-05 23:11:27 - [TEST_CASE][FAILED] - Test Cases/Channel/Create_channel: Test Cases/Channel/Create_channel FAILED.
Reason:
com.kms.katalon.core.exception.StepFailedException: Unable to verify object 'Object Repository/Page_Create_New_Channel_Local/txt_error_duplicate' is present
	at com.kms.katalon.core.webui.keyword.internal.WebUIKeywordMain.stepFailed(WebUIKeywordMain.groovy:64)
	at com.kms.katalon.core.webui.keyword.internal.WebUIKeywordMain.runKeyword(WebUIKeywordMain.groovy:26)
	at com.kms.katalon.core.webui.keyword.builtin.VerifyElementPresentKeyword.verifyElementPresent(VerifyElementPresentKeyword.groovy:92)
	at com.kms.katalon.core.webui.keyword.builtin.VerifyElementPresentKeyword.execute(VerifyElementPresentKeyword.groovy:68)
	at com.kms.katalon.core.keyword.internal.KeywordExecutor.executeKeywordForPlatform(KeywordExecutor.groovy:72)
	at com.kms.katalon.core.webui.keyword.WebUiBuiltInKeywords.verifyElementPresent(WebUiBuiltInKeywords.groovy:1460)
	at com.kms.katalon.core.webui.keyword.WebUiBuiltInKeywords$verifyElementPresent$0.call(Unknown Source)
	at Create_channel.run(Create_channel:26)
	at com.kms.katalon.core.main.ScriptEngine.run(ScriptEngine.java:194)
	at com.kms.katalon.core.main.ScriptEngine.runScriptAsRawText(ScriptEngine.java:119)
	at com.kms.katalon.core.main.TestCaseExecutor.runScript(TestCaseExecutor.java:337)
	at com.kms.katalon.core.main.TestCaseExecutor.doExecute(TestCaseExecutor.java:328)
	at com.kms.katalon.core.main.TestCaseExecutor.processExecutionPhase(TestCaseExecutor.java:307)
	at com.kms.katalon.core.main.TestCaseExecutor.accessMainPhase(TestCaseExecutor.java:299)
	at com.kms.katalon.core.main.TestCaseExecutor.execute(TestCaseExecutor.java:233)
	at com.kms.katalon.core.main.TestSuiteExecutor.accessTestCaseMainPhase(TestSuiteExecutor.java:169)
	at com.kms.katalon.core.main.TestSuiteExecutor.accessTestSuiteMainPhase(TestSuiteExecutor.java:142)
	at com.kms.katalon.core.main.TestSuiteExecutor.execute(TestSuiteExecutor.java:91)
	at com.kms.katalon.core.main.TestCaseMain.startTestSuite(TestCaseMain.java:157)
	at com.kms.katalon.core.main.TestCaseMain$startTestSuite$0.call(Unknown Source)
	at TempTestSuite1591373123859.run(TempTestSuite1591373123859.groovy:37)
Caused by: com.kms.katalon.core.exception.StepFailedException: com.kms.katalon.core.webui.exception.WebElementNotFoundException: Web element with id: 'Object Repository/Page_Create_New_Channel_Local/txt_error_duplicate' located by 'By.xpath: //p[@id='createChannelError']' not found
	at com.kms.katalon.core.webui.keyword.internal.WebUIKeywordMain.stepFailed(WebUIKeywordMain.groovy:64)
	at com.kms.katalon.core.webui.keyword.builtin.VerifyElementPresentKeyword$_verifyElementPresent_closure1.doCall(VerifyElementPresentKeyword.groovy:85)
	at com.kms.katalon.core.webui.keyword.builtin.VerifyElementPresentKeyword$_verifyElementPresent_closure1.call(VerifyElementPresentKeyword.groovy)
	at com.kms.katalon.core.webui.keyword.internal.WebUIKeywordMain.runKeyword(WebUIKeywordMain.groovy:20)
	... 19 more]]></system-err>
      </testcase>
      <testcase name="Test Cases/Channel/Create_channel" time="10.596" classname="Test Cases/Channel/Create_channel" status="FAILED">
         <failure type="FAILED" message="Test Cases/Channel/Create_channel FAILED.
Reason:
com.kms.katalon.core.exception.StepFailedException: Unable to verify object 'Object Repository/Page_Create_New_Channel_Local/txt_error_duplicate' is present
	at com.kms.katalon.core.webui.keyword.internal.WebUIKeywordMain.stepFailed(WebUIKeywordMain.groovy:64)
	at com.kms.katalon.core.webui.keyword.internal.WebUIKeywordMain.runKeyword(WebUIKeywordMain.groovy:26)
	at com.kms.katalon.core.webui.keyword.builtin.VerifyElementPresentKeyword.verifyElementPresent(VerifyElementPresentKeyword.groovy:92)
	at com.kms.katalon.core.webui.keyword.builtin.VerifyElementPresentKeyword.execute(VerifyElementPresentKeyword.groovy:68)
	at com.kms.katalon.core.keyword.internal.KeywordExecutor.executeKeywordForPlatform(KeywordExecutor.groovy:72)
	at com.kms.katalon.core.webui.keyword.WebUiBuiltInKeywords.verifyElementPresent(WebUiBuiltInKeywords.groovy:1460)
	at com.kms.katalon.core.webui.keyword.WebUiBuiltInKeywords$verifyElementPresent$0.call(Unknown Source)
	at Create_channel.run(Create_channel:26)
	at com.kms.katalon.core.main.ScriptEngine.run(ScriptEngine.java:194)
	at com.kms.katalon.core.main.ScriptEngine.runScriptAsRawText(ScriptEngine.java:119)
	at com.kms.katalon.core.main.TestCaseExecutor.runScript(TestCaseExecutor.java:337)
	at com.kms.katalon.core.main.TestCaseExecutor.doExecute(TestCaseExecutor.java:328)
	at com.kms.katalon.core.main.TestCaseExecutor.processExecutionPhase(TestCaseExecutor.java:307)
	at com.kms.katalon.core.main.TestCaseExecutor.accessMainPhase(TestCaseExecutor.java:299)
	at com.kms.katalon.core.main.TestCaseExecutor.execute(TestCaseExecutor.java:233)
	at com.kms.katalon.core.main.TestSuiteExecutor.accessTestCaseMainPhase(TestSuiteExecutor.java:169)
	at com.kms.katalon.core.main.TestSuiteExecutor.accessTestSuiteMainPhase(TestSuiteExecutor.java:142)
	at com.kms.katalon.core.main.TestSuiteExecutor.execute(TestSuiteExecutor.java:91)
	at com.kms.katalon.core.main.TestCaseMain.startTestSuite(TestCaseMain.java:157)
	at com.kms.katalon.core.main.TestCaseMain$startTestSuite$0.call(Unknown Source)
	at TempTestSuite1591373123859.run(TempTestSuite1591373123859.groovy:37)
Caused by: com.kms.katalon.core.exception.StepFailedException: com.kms.katalon.core.webui.exception.WebElementNotFoundException: Web element with id: 'Object Repository/Page_Create_New_Channel_Local/txt_error_duplicate' located by 'By.xpath: //p[@id='createChannelError']' not found
	at com.kms.katalon.core.webui.keyword.internal.WebUIKeywordMain.stepFailed(WebUIKeywordMain.groovy:64)
	at com.kms.katalon.core.webui.keyword.builtin.VerifyElementPresentKeyword$_verifyElementPresent_closure1.doCall(VerifyElementPresentKeyword.groovy:85)
	at com.kms.katalon.core.webui.keyword.builtin.VerifyElementPresentKeyword$_verifyElementPresent_closure1.call(VerifyElementPresentKeyword.groovy)
	at com.kms.katalon.core.webui.keyword.internal.WebUIKeywordMain.runKeyword(WebUIKeywordMain.groovy:20)
	... 19 more
"/>
         <system-out><![CDATA[2020-06-05 23:11:37 - [TEST_CASE][FAILED] - Test Cases/Channel/Create_channel: Test Cases/Channel/Create_channel FAILED.
Reason:
com.kms.katalon.core.exception.StepFailedException: Unable to verify object 'Object Repository/Page_Create_New_Channel_Local/txt_error_duplicate' is present
	at com.kms.katalon.core.webui.keyword.internal.WebUIKeywordMain.stepFailed(WebUIKeywordMain.groovy:64)
	at com.kms.katalon.core.webui.keyword.internal.WebUIKeywordMain.runKeyword(WebUIKeywordMain.groovy:26)
	at com.kms.katalon.core.webui.keyword.builtin.VerifyElementPresentKeyword.verifyElementPresent(VerifyElementPresentKeyword.groovy:92)
	at com.kms.katalon.core.webui.keyword.builtin.VerifyElementPresentKeyword.execute(VerifyElementPresentKeyword.groovy:68)
	at com.kms.katalon.core.keyword.internal.KeywordExecutor.executeKeywordForPlatform(KeywordExecutor.groovy:72)
	at com.kms.katalon.core.webui.keyword.WebUiBuiltInKeywords.verifyElementPresent(WebUiBuiltInKeywords.groovy:1460)
	at com.kms.katalon.core.webui.keyword.WebUiBuiltInKeywords$verifyElementPresent$0.call(Unknown Source)
	at Create_channel.run(Create_channel:26)
	at com.kms.katalon.core.main.ScriptEngine.run(ScriptEngine.java:194)
	at com.kms.katalon.core.main.ScriptEngine.runScriptAsRawText(ScriptEngine.java:119)
	at com.kms.katalon.core.main.TestCaseExecutor.runScript(TestCaseExecutor.java:337)
	at com.kms.katalon.core.main.TestCaseExecutor.doExecute(TestCaseExecutor.java:328)
	at com.kms.katalon.core.main.TestCaseExecutor.processExecutionPhase(TestCaseExecutor.java:307)
	at com.kms.katalon.core.main.TestCaseExecutor.accessMainPhase(TestCaseExecutor.java:299)
	at com.kms.katalon.core.main.TestCaseExecutor.execute(TestCaseExecutor.java:233)
	at com.kms.katalon.core.main.TestSuiteExecutor.accessTestCaseMainPhase(TestSuiteExecutor.java:169)
	at com.kms.katalon.core.main.TestSuiteExecutor.accessTestSuiteMainPhase(TestSuiteExecutor.java:142)
	at com.kms.katalon.core.main.TestSuiteExecutor.execute(TestSuiteExecutor.java:91)
	at com.kms.katalon.core.main.TestCaseMain.startTestSuite(TestCaseMain.java:157)
	at com.kms.katalon.core.main.TestCaseMain$startTestSuite$0.call(Unknown Source)
	at TempTestSuite1591373123859.run(TempTestSuite1591373123859.groovy:37)
Caused by: com.kms.katalon.core.exception.StepFailedException: com.kms.katalon.core.webui.exception.WebElementNotFoundException: Web element with id: 'Object Repository/Page_Create_New_Channel_Local/txt_error_duplicate' located by 'By.xpath: //p[@id='createChannelError']' not found
	at com.kms.katalon.core.webui.keyword.internal.WebUIKeywordMain.stepFailed(WebUIKeywordMain.groovy:64)
	at com.kms.katalon.core.webui.keyword.builtin.VerifyElementPresentKeyword$_verifyElementPresent_closure1.doCall(VerifyElementPresentKeyword.groovy:85)
	at com.kms.katalon.core.webui.keyword.builtin.VerifyElementPresentKeyword$_verifyElementPresent_closure1.call(VerifyElementPresentKeyword.groovy)
	at com.kms.katalon.core.webui.keyword.internal.WebUIKeywordMain.runKeyword(WebUIKeywordMain.groovy:20)
	... 19 more


2020-06-05 23:11:37 - [TEST_STEP][PASSED] - Start setup action : Setup: Method 'Setup' complete successfully

2020-06-05 23:11:37 - [TEST_STEP][PASSED] - openBrowser("http://192.168.1.10:8065/login"): Browser is opened with url: 'http://192.168.1.10:8065/login'

2020-06-05 23:11:37 - [MESSAGE][INFO] - Starting 'Firefox' driver

2020-06-05 23:11:37 - [MESSAGE][INFO] - Action delay is set to 0 milliseconds

2020-06-05 23:11:41 - [MESSAGE][PASSED] - Browser is opened with url: 'http://192.168.1.10:8065/login'

2020-06-05 23:11:41 - [MESSAGE][PASSED] - Method 'Setup' complete successfully

2020-06-05 23:11:41 - [TEST_STEP][PASSED] - callTestCase(findTestCase("Test Cases/Login/login_function"), ["var_user":"tlvietdanh@gmail.com", "var_password":"13101998"], STOP_ON_FAILURE): Call Test Case 'Test Cases/Login/login_function' successfully

2020-06-05 23:11:42 - [TEST_CASE][PASSED] - Test Cases/Login/login_function: Test Cases/Login/login_function

2020-06-05 23:11:42 - [TEST_STEP][PASSED] - setText(findTestObject("Object Repository/Page_Mattermost_login/input_loginId"), var_user): Text 'tlvietdanh@gmail.com' is set on object 'Object Repository/Page_Mattermost_login/input_loginId'

2020-06-05 23:11:43 - [MESSAGE][PASSED] - Text 'tlvietdanh@gmail.com' is set on object 'Object Repository/Page_Mattermost_login/input_loginId'

2020-06-05 23:11:43 - [TEST_STEP][PASSED] - setText(findTestObject("Object Repository/Page_Mattermost_login/input_password"), var_password): Text '13101998' is set on object 'Object Repository/Page_Mattermost_login/input_password'

2020-06-05 23:11:44 - [MESSAGE][PASSED] - Text '13101998' is set on object 'Object Repository/Page_Mattermost_login/input_password'

2020-06-05 23:11:44 - [TEST_STEP][PASSED] - click(findTestObject("Object Repository/Page_Mattermost_login/span_Sign in")): Object: 'Object Repository/Page_Mattermost_login/span_Sign in' is clicked on

2020-06-05 23:11:44 - [MESSAGE][PASSED] - Object: 'Object Repository/Page_Mattermost_login/span_Sign in' is clicked on

2020-06-05 23:11:44 - [MESSAGE][PASSED] - Call Test Case 'Test Cases/Login/login_function' successfully

2020-06-05 23:11:44 - [TEST_STEP][FAILED] - verifyEqual(verifyElementPresent(findTestObject("Object Repository/Page_Create_New_Channel_Local/txt_error_duplicate"), 1), true): Unable to verify object 'Object Repository/Page_Create_New_Channel_Local/txt_error_duplicate' is present (Root cause: com.kms.katalon.core.exception.StepFailedException: Unable to verify object 'Object Repository/Page_Create_New_Channel_Local/txt_error_duplicate' is present
	at com.kms.katalon.core.webui.keyword.internal.WebUIKeywordMain.stepFailed(WebUIKeywordMain.groovy:64)
	at com.kms.katalon.core.webui.keyword.internal.WebUIKeywordMain.runKeyword(WebUIKeywordMain.groovy:26)
	at com.kms.katalon.core.webui.keyword.builtin.VerifyElementPresentKeyword.verifyElementPresent(VerifyElementPresentKeyword.groovy:92)
	at com.kms.katalon.core.webui.keyword.builtin.VerifyElementPresentKeyword.execute(VerifyElementPresentKeyword.groovy:68)
	at com.kms.katalon.core.keyword.internal.KeywordExecutor.executeKeywordForPlatform(KeywordExecutor.groovy:72)
	at com.kms.katalon.core.webui.keyword.WebUiBuiltInKeywords.verifyElementPresent(WebUiBuiltInKeywords.groovy:1460)
	at com.kms.katalon.core.webui.keyword.WebUiBuiltInKeywords$verifyElementPresent$0.call(Unknown Source)
	at Create_channel.run(Create_channel:26)
	at com.kms.katalon.core.main.ScriptEngine.run(ScriptEngine.java:194)
	at com.kms.katalon.core.main.ScriptEngine.runScriptAsRawText(ScriptEngine.java:119)
	at com.kms.katalon.core.main.TestCaseExecutor.runScript(TestCaseExecutor.java:337)
	at com.kms.katalon.core.main.TestCaseExecutor.doExecute(TestCaseExecutor.java:328)
	at com.kms.katalon.core.main.TestCaseExecutor.processExecutionPhase(TestCaseExecutor.java:307)
	at com.kms.katalon.core.main.TestCaseExecutor.accessMainPhase(TestCaseExecutor.java:299)
	at com.kms.katalon.core.main.TestCaseExecutor.execute(TestCaseExecutor.java:233)
	at com.kms.katalon.core.main.TestSuiteExecutor.accessTestCaseMainPhase(TestSuiteExecutor.java:169)
	at com.kms.katalon.core.main.TestSuiteExecutor.accessTestSuiteMainPhase(TestSuiteExecutor.java:142)
	at com.kms.katalon.core.main.TestSuiteExecutor.execute(TestSuiteExecutor.java:91)
	at com.kms.katalon.core.main.TestCaseMain.startTestSuite(TestCaseMain.java:157)
	at com.kms.katalon.core.main.TestCaseMain$startTestSuite$0.call(Unknown Source)
	at TempTestSuite1591373123859.run(TempTestSuite1591373123859.groovy:37)
Caused by: com.kms.katalon.core.exception.StepFailedException: com.kms.katalon.core.webui.exception.WebElementNotFoundException: Web element with id: 'Object Repository/Page_Create_New_Channel_Local/txt_error_duplicate' located by 'By.xpath: //p[@id='createChannelError']' not found
	at com.kms.katalon.core.webui.keyword.internal.WebUIKeywordMain.stepFailed(WebUIKeywordMain.groovy:64)
	at com.kms.katalon.core.webui.keyword.builtin.VerifyElementPresentKeyword$_verifyElementPresent_closure1.doCall(VerifyElementPresentKeyword.groovy:85)
	at com.kms.katalon.core.webui.keyword.builtin.VerifyElementPresentKeyword$_verifyElementPresent_closure1.call(VerifyElementPresentKeyword.groovy)
	at com.kms.katalon.core.webui.keyword.internal.WebUIKeywordMain.runKeyword(WebUIKeywordMain.groovy:20)
	... 19 more
)

2020-06-05 23:11:46 - [MESSAGE][INFO] - Unable to find the element located by 'By.xpath: //p[@id='createChannelError']'. Please recheck the objects properties to make sure the desired element is located. 

2020-06-05 23:11:47 - [MESSAGE][FAILED] - com.kms.katalon.core.webui.exception.WebElementNotFoundException: Web element with id: 'Object Repository/Page_Create_New_Channel_Local/txt_error_duplicate' located by 'By.xpath: //p[@id='createChannelError']' not found (Root cause: com.kms.katalon.core.exception.StepFailedException: com.kms.katalon.core.webui.exception.WebElementNotFoundException: Web element with id: 'Object Repository/Page_Create_New_Channel_Local/txt_error_duplicate' located by 'By.xpath: //p[@id='createChannelError']' not found
	at com.kms.katalon.core.webui.keyword.internal.WebUIKeywordMain.stepFailed(WebUIKeywordMain.groovy:64)
	at com.kms.katalon.core.webui.keyword.builtin.VerifyElementPresentKeyword$_verifyElementPresent_closure1.doCall(VerifyElementPresentKeyword.groovy:85)
	at com.kms.katalon.core.webui.keyword.builtin.VerifyElementPresentKeyword$_verifyElementPresent_closure1.call(VerifyElementPresentKeyword.groovy)
	at com.kms.katalon.core.webui.keyword.internal.WebUIKeywordMain.runKeyword(WebUIKeywordMain.groovy:20)
	at com.kms.katalon.core.webui.keyword.builtin.VerifyElementPresentKeyword.verifyElementPresent(VerifyElementPresentKeyword.groovy:92)
	at com.kms.katalon.core.webui.keyword.builtin.VerifyElementPresentKeyword.execute(VerifyElementPresentKeyword.groovy:68)
	at com.kms.katalon.core.keyword.internal.KeywordExecutor.executeKeywordForPlatform(KeywordExecutor.groovy:72)
	at com.kms.katalon.core.webui.keyword.WebUiBuiltInKeywords.verifyElementPresent(WebUiBuiltInKeywords.groovy:1460)
	at com.kms.katalon.core.webui.keyword.WebUiBuiltInKeywords$verifyElementPresent$0.call(Unknown Source)
	at Create_channel.run(Create_channel:26)
	at com.kms.katalon.core.main.ScriptEngine.run(ScriptEngine.java:194)
	at com.kms.katalon.core.main.ScriptEngine.runScriptAsRawText(ScriptEngine.java:119)
	at com.kms.katalon.core.main.TestCaseExecutor.runScript(TestCaseExecutor.java:337)
	at com.kms.katalon.core.main.TestCaseExecutor.doExecute(TestCaseExecutor.java:328)
	at com.kms.katalon.core.main.TestCaseExecutor.processExecutionPhase(TestCaseExecutor.java:307)
	at com.kms.katalon.core.main.TestCaseExecutor.accessMainPhase(TestCaseExecutor.java:299)
	at com.kms.katalon.core.main.TestCaseExecutor.execute(TestCaseExecutor.java:233)
	at com.kms.katalon.core.main.TestSuiteExecutor.accessTestCaseMainPhase(TestSuiteExecutor.java:169)
	at com.kms.katalon.core.main.TestSuiteExecutor.accessTestSuiteMainPhase(TestSuiteExecutor.java:142)
	at com.kms.katalon.core.main.TestSuiteExecutor.execute(TestSuiteExecutor.java:91)
	at com.kms.katalon.core.main.TestCaseMain.startTestSuite(TestCaseMain.java:157)
	at com.kms.katalon.core.main.TestCaseMain$startTestSuite$0.call(Unknown Source)
	at TempTestSuite1591373123859.run(TempTestSuite1591373123859.groovy:37)
)
[[ATTACHMENT|D:\\katalon\\hw2-katalon-testing\\Reports\\20200605_230523\\Run_All_Test_Cases\\20200605_230523\\1591373506948.png]]

2020-06-05 23:11:47 - [MESSAGE][FAILED] - Unable to verify object 'Object Repository/Page_Create_New_Channel_Local/txt_error_duplicate' is present (Root cause: com.kms.katalon.core.exception.StepFailedException: Unable to verify object 'Object Repository/Page_Create_New_Channel_Local/txt_error_duplicate' is present
	at com.kms.katalon.core.webui.keyword.internal.WebUIKeywordMain.stepFailed(WebUIKeywordMain.groovy:64)
	at com.kms.katalon.core.webui.keyword.internal.WebUIKeywordMain.runKeyword(WebUIKeywordMain.groovy:26)
	at com.kms.katalon.core.webui.keyword.builtin.VerifyElementPresentKeyword.verifyElementPresent(VerifyElementPresentKeyword.groovy:92)
	at com.kms.katalon.core.webui.keyword.builtin.VerifyElementPresentKeyword.execute(VerifyElementPresentKeyword.groovy:68)
	at com.kms.katalon.core.keyword.internal.KeywordExecutor.executeKeywordForPlatform(KeywordExecutor.groovy:72)
	at com.kms.katalon.core.webui.keyword.WebUiBuiltInKeywords.verifyElementPresent(WebUiBuiltInKeywords.groovy:1460)
	at com.kms.katalon.core.webui.keyword.WebUiBuiltInKeywords$verifyElementPresent$0.call(Unknown Source)
	at Create_channel.run(Create_channel:26)
	at com.kms.katalon.core.main.ScriptEngine.run(ScriptEngine.java:194)
	at com.kms.katalon.core.main.ScriptEngine.runScriptAsRawText(ScriptEngine.java:119)
	at com.kms.katalon.core.main.TestCaseExecutor.runScript(TestCaseExecutor.java:337)
	at com.kms.katalon.core.main.TestCaseExecutor.doExecute(TestCaseExecutor.java:328)
	at com.kms.katalon.core.main.TestCaseExecutor.processExecutionPhase(TestCaseExecutor.java:307)
	at com.kms.katalon.core.main.TestCaseExecutor.accessMainPhase(TestCaseExecutor.java:299)
	at com.kms.katalon.core.main.TestCaseExecutor.execute(TestCaseExecutor.java:233)
	at com.kms.katalon.core.main.TestSuiteExecutor.accessTestCaseMainPhase(TestSuiteExecutor.java:169)
	at com.kms.katalon.core.main.TestSuiteExecutor.accessTestSuiteMainPhase(TestSuiteExecutor.java:142)
	at com.kms.katalon.core.main.TestSuiteExecutor.execute(TestSuiteExecutor.java:91)
	at com.kms.katalon.core.main.TestCaseMain.startTestSuite(TestCaseMain.java:157)
	at com.kms.katalon.core.main.TestCaseMain$startTestSuite$0.call(Unknown Source)
	at TempTestSuite1591373123859.run(TempTestSuite1591373123859.groovy:37)
Caused by: com.kms.katalon.core.exception.StepFailedException: com.kms.katalon.core.webui.exception.WebElementNotFoundException: Web element with id: 'Object Repository/Page_Create_New_Channel_Local/txt_error_duplicate' located by 'By.xpath: //p[@id='createChannelError']' not found
	at com.kms.katalon.core.webui.keyword.internal.WebUIKeywordMain.stepFailed(WebUIKeywordMain.groovy:64)
	at com.kms.katalon.core.webui.keyword.builtin.VerifyElementPresentKeyword$_verifyElementPresent_closure1.doCall(VerifyElementPresentKeyword.groovy:85)
	at com.kms.katalon.core.webui.keyword.builtin.VerifyElementPresentKeyword$_verifyElementPresent_closure1.call(VerifyElementPresentKeyword.groovy)
	at com.kms.katalon.core.webui.keyword.internal.WebUIKeywordMain.runKeyword(WebUIKeywordMain.groovy:20)
	... 19 more
)
[[ATTACHMENT|D:\\katalon\\hw2-katalon-testing\\Reports\\20200605_230523\\Run_All_Test_Cases\\20200605_230523\\1591373507045.png]]

2020-06-05 23:11:47 - [TEST_STEP][PASSED] - Start tear down : Teardown: Method 'Teardown' complete successfully

2020-06-05 23:11:47 - [TEST_STEP][PASSED] - closeBrowser(): Browser is closed

2020-06-05 23:11:48 - [MESSAGE][PASSED] - Browser is closed

2020-06-05 23:11:48 - [MESSAGE][PASSED] - Method 'Teardown' complete successfully]]></system-out>
         <system-err><![CDATA[2020-06-05 23:11:37 - [TEST_CASE][FAILED] - Test Cases/Channel/Create_channel: Test Cases/Channel/Create_channel FAILED.
Reason:
com.kms.katalon.core.exception.StepFailedException: Unable to verify object 'Object Repository/Page_Create_New_Channel_Local/txt_error_duplicate' is present
	at com.kms.katalon.core.webui.keyword.internal.WebUIKeywordMain.stepFailed(WebUIKeywordMain.groovy:64)
	at com.kms.katalon.core.webui.keyword.internal.WebUIKeywordMain.runKeyword(WebUIKeywordMain.groovy:26)
	at com.kms.katalon.core.webui.keyword.builtin.VerifyElementPresentKeyword.verifyElementPresent(VerifyElementPresentKeyword.groovy:92)
	at com.kms.katalon.core.webui.keyword.builtin.VerifyElementPresentKeyword.execute(VerifyElementPresentKeyword.groovy:68)
	at com.kms.katalon.core.keyword.internal.KeywordExecutor.executeKeywordForPlatform(KeywordExecutor.groovy:72)
	at com.kms.katalon.core.webui.keyword.WebUiBuiltInKeywords.verifyElementPresent(WebUiBuiltInKeywords.groovy:1460)
	at com.kms.katalon.core.webui.keyword.WebUiBuiltInKeywords$verifyElementPresent$0.call(Unknown Source)
	at Create_channel.run(Create_channel:26)
	at com.kms.katalon.core.main.ScriptEngine.run(ScriptEngine.java:194)
	at com.kms.katalon.core.main.ScriptEngine.runScriptAsRawText(ScriptEngine.java:119)
	at com.kms.katalon.core.main.TestCaseExecutor.runScript(TestCaseExecutor.java:337)
	at com.kms.katalon.core.main.TestCaseExecutor.doExecute(TestCaseExecutor.java:328)
	at com.kms.katalon.core.main.TestCaseExecutor.processExecutionPhase(TestCaseExecutor.java:307)
	at com.kms.katalon.core.main.TestCaseExecutor.accessMainPhase(TestCaseExecutor.java:299)
	at com.kms.katalon.core.main.TestCaseExecutor.execute(TestCaseExecutor.java:233)
	at com.kms.katalon.core.main.TestSuiteExecutor.accessTestCaseMainPhase(TestSuiteExecutor.java:169)
	at com.kms.katalon.core.main.TestSuiteExecutor.accessTestSuiteMainPhase(TestSuiteExecutor.java:142)
	at com.kms.katalon.core.main.TestSuiteExecutor.execute(TestSuiteExecutor.java:91)
	at com.kms.katalon.core.main.TestCaseMain.startTestSuite(TestCaseMain.java:157)
	at com.kms.katalon.core.main.TestCaseMain$startTestSuite$0.call(Unknown Source)
	at TempTestSuite1591373123859.run(TempTestSuite1591373123859.groovy:37)
Caused by: com.kms.katalon.core.exception.StepFailedException: com.kms.katalon.core.webui.exception.WebElementNotFoundException: Web element with id: 'Object Repository/Page_Create_New_Channel_Local/txt_error_duplicate' located by 'By.xpath: //p[@id='createChannelError']' not found
	at com.kms.katalon.core.webui.keyword.internal.WebUIKeywordMain.stepFailed(WebUIKeywordMain.groovy:64)
	at com.kms.katalon.core.webui.keyword.builtin.VerifyElementPresentKeyword$_verifyElementPresent_closure1.doCall(VerifyElementPresentKeyword.groovy:85)
	at com.kms.katalon.core.webui.keyword.builtin.VerifyElementPresentKeyword$_verifyElementPresent_closure1.call(VerifyElementPresentKeyword.groovy)
	at com.kms.katalon.core.webui.keyword.internal.WebUIKeywordMain.runKeyword(WebUIKeywordMain.groovy:20)
	... 19 more]]></system-err>
      </testcase>
      <testcase name="Test Cases/Channel/Create_channel_duplicated" time="11.221" classname="Test Cases/Channel/Create_channel_duplicated" status="FAILED">
         <failure type="FAILED" message="Test Cases/Channel/Create_channel_duplicated FAILED.
Reason:
com.kms.katalon.core.exception.StepFailedException: Unable to verify object 'Object Repository/Page_Create_New_Channel_Local/txt_error_duplicate' is present
	at com.kms.katalon.core.webui.keyword.internal.WebUIKeywordMain.stepFailed(WebUIKeywordMain.groovy:64)
	at com.kms.katalon.core.webui.keyword.internal.WebUIKeywordMain.runKeyword(WebUIKeywordMain.groovy:26)
	at com.kms.katalon.core.webui.keyword.builtin.VerifyElementPresentKeyword.verifyElementPresent(VerifyElementPresentKeyword.groovy:92)
	at com.kms.katalon.core.webui.keyword.builtin.VerifyElementPresentKeyword.execute(VerifyElementPresentKeyword.groovy:68)
	at com.kms.katalon.core.keyword.internal.KeywordExecutor.executeKeywordForPlatform(KeywordExecutor.groovy:72)
	at com.kms.katalon.core.webui.keyword.WebUiBuiltInKeywords.verifyElementPresent(WebUiBuiltInKeywords.groovy:1460)
	at com.kms.katalon.core.webui.keyword.WebUiBuiltInKeywords$verifyElementPresent$0.call(Unknown Source)
	at Create_channel_duplicated.run(Create_channel_duplicated:30)
	at com.kms.katalon.core.main.ScriptEngine.run(ScriptEngine.java:194)
	at com.kms.katalon.core.main.ScriptEngine.runScriptAsRawText(ScriptEngine.java:119)
	at com.kms.katalon.core.main.TestCaseExecutor.runScript(TestCaseExecutor.java:337)
	at com.kms.katalon.core.main.TestCaseExecutor.doExecute(TestCaseExecutor.java:328)
	at com.kms.katalon.core.main.TestCaseExecutor.processExecutionPhase(TestCaseExecutor.java:307)
	at com.kms.katalon.core.main.TestCaseExecutor.accessMainPhase(TestCaseExecutor.java:299)
	at com.kms.katalon.core.main.TestCaseExecutor.execute(TestCaseExecutor.java:233)
	at com.kms.katalon.core.main.TestSuiteExecutor.accessTestCaseMainPhase(TestSuiteExecutor.java:169)
	at com.kms.katalon.core.main.TestSuiteExecutor.accessTestSuiteMainPhase(TestSuiteExecutor.java:142)
	at com.kms.katalon.core.main.TestSuiteExecutor.execute(TestSuiteExecutor.java:91)
	at com.kms.katalon.core.main.TestCaseMain.startTestSuite(TestCaseMain.java:157)
	at com.kms.katalon.core.main.TestCaseMain$startTestSuite$0.call(Unknown Source)
	at TempTestSuite1591373123859.run(TempTestSuite1591373123859.groovy:37)
Caused by: com.kms.katalon.core.exception.StepFailedException: com.kms.katalon.core.webui.exception.WebElementNotFoundException: Web element with id: 'Object Repository/Page_Create_New_Channel_Local/txt_error_duplicate' located by 'By.xpath: //p[@id='createChannelError']' not found
	at com.kms.katalon.core.webui.keyword.internal.WebUIKeywordMain.stepFailed(WebUIKeywordMain.groovy:64)
	at com.kms.katalon.core.webui.keyword.builtin.VerifyElementPresentKeyword$_verifyElementPresent_closure1.doCall(VerifyElementPresentKeyword.groovy:85)
	at com.kms.katalon.core.webui.keyword.builtin.VerifyElementPresentKeyword$_verifyElementPresent_closure1.call(VerifyElementPresentKeyword.groovy)
	at com.kms.katalon.core.webui.keyword.internal.WebUIKeywordMain.runKeyword(WebUIKeywordMain.groovy:20)
	... 19 more
"/>
         <system-out><![CDATA[2020-06-05 23:11:48 - [TEST_CASE][FAILED] - Test Cases/Channel/Create_channel_duplicated: Test Cases/Channel/Create_channel_duplicated FAILED.
Reason:
com.kms.katalon.core.exception.StepFailedException: Unable to verify object 'Object Repository/Page_Create_New_Channel_Local/txt_error_duplicate' is present
	at com.kms.katalon.core.webui.keyword.internal.WebUIKeywordMain.stepFailed(WebUIKeywordMain.groovy:64)
	at com.kms.katalon.core.webui.keyword.internal.WebUIKeywordMain.runKeyword(WebUIKeywordMain.groovy:26)
	at com.kms.katalon.core.webui.keyword.builtin.VerifyElementPresentKeyword.verifyElementPresent(VerifyElementPresentKeyword.groovy:92)
	at com.kms.katalon.core.webui.keyword.builtin.VerifyElementPresentKeyword.execute(VerifyElementPresentKeyword.groovy:68)
	at com.kms.katalon.core.keyword.internal.KeywordExecutor.executeKeywordForPlatform(KeywordExecutor.groovy:72)
	at com.kms.katalon.core.webui.keyword.WebUiBuiltInKeywords.verifyElementPresent(WebUiBuiltInKeywords.groovy:1460)
	at com.kms.katalon.core.webui.keyword.WebUiBuiltInKeywords$verifyElementPresent$0.call(Unknown Source)
	at Create_channel_duplicated.run(Create_channel_duplicated:30)
	at com.kms.katalon.core.main.ScriptEngine.run(ScriptEngine.java:194)
	at com.kms.katalon.core.main.ScriptEngine.runScriptAsRawText(ScriptEngine.java:119)
	at com.kms.katalon.core.main.TestCaseExecutor.runScript(TestCaseExecutor.java:337)
	at com.kms.katalon.core.main.TestCaseExecutor.doExecute(TestCaseExecutor.java:328)
	at com.kms.katalon.core.main.TestCaseExecutor.processExecutionPhase(TestCaseExecutor.java:307)
	at com.kms.katalon.core.main.TestCaseExecutor.accessMainPhase(TestCaseExecutor.java:299)
	at com.kms.katalon.core.main.TestCaseExecutor.execute(TestCaseExecutor.java:233)
	at com.kms.katalon.core.main.TestSuiteExecutor.accessTestCaseMainPhase(TestSuiteExecutor.java:169)
	at com.kms.katalon.core.main.TestSuiteExecutor.accessTestSuiteMainPhase(TestSuiteExecutor.java:142)
	at com.kms.katalon.core.main.TestSuiteExecutor.execute(TestSuiteExecutor.java:91)
	at com.kms.katalon.core.main.TestCaseMain.startTestSuite(TestCaseMain.java:157)
	at com.kms.katalon.core.main.TestCaseMain$startTestSuite$0.call(Unknown Source)
	at TempTestSuite1591373123859.run(TempTestSuite1591373123859.groovy:37)
Caused by: com.kms.katalon.core.exception.StepFailedException: com.kms.katalon.core.webui.exception.WebElementNotFoundException: Web element with id: 'Object Repository/Page_Create_New_Channel_Local/txt_error_duplicate' located by 'By.xpath: //p[@id='createChannelError']' not found
	at com.kms.katalon.core.webui.keyword.internal.WebUIKeywordMain.stepFailed(WebUIKeywordMain.groovy:64)
	at com.kms.katalon.core.webui.keyword.builtin.VerifyElementPresentKeyword$_verifyElementPresent_closure1.doCall(VerifyElementPresentKeyword.groovy:85)
	at com.kms.katalon.core.webui.keyword.builtin.VerifyElementPresentKeyword$_verifyElementPresent_closure1.call(VerifyElementPresentKeyword.groovy)
	at com.kms.katalon.core.webui.keyword.internal.WebUIKeywordMain.runKeyword(WebUIKeywordMain.groovy:20)
	... 19 more


2020-06-05 23:11:48 - [TEST_STEP][PASSED] - Start setup action : Setup: Method 'Setup' complete successfully

2020-06-05 23:11:48 - [TEST_STEP][PASSED] - openBrowser("http://192.168.1.10:8065/login"): Browser is opened with url: 'http://192.168.1.10:8065/login'

2020-06-05 23:11:48 - [MESSAGE][INFO] - Starting 'Firefox' driver

2020-06-05 23:11:48 - [MESSAGE][INFO] - Action delay is set to 0 milliseconds

2020-06-05 23:11:52 - [MESSAGE][PASSED] - Browser is opened with url: 'http://192.168.1.10:8065/login'

2020-06-05 23:11:52 - [MESSAGE][PASSED] - Method 'Setup' complete successfully

2020-06-05 23:11:52 - [TEST_STEP][PASSED] - callTestCase(findTestCase("Test Cases/Login/login_function"), ["var_user":"tlvietdanh@gmail.com", "var_password":"13101998"], STOP_ON_FAILURE): Call Test Case 'Test Cases/Login/login_function' successfully

2020-06-05 23:11:52 - [TEST_CASE][PASSED] - Test Cases/Login/login_function: Test Cases/Login/login_function

2020-06-05 23:11:52 - [TEST_STEP][PASSED] - setText(findTestObject("Object Repository/Page_Mattermost_login/input_loginId"), var_user): Text 'tlvietdanh@gmail.com' is set on object 'Object Repository/Page_Mattermost_login/input_loginId'

2020-06-05 23:11:54 - [MESSAGE][PASSED] - Text 'tlvietdanh@gmail.com' is set on object 'Object Repository/Page_Mattermost_login/input_loginId'

2020-06-05 23:11:54 - [TEST_STEP][PASSED] - setText(findTestObject("Object Repository/Page_Mattermost_login/input_password"), var_password): Text '13101998' is set on object 'Object Repository/Page_Mattermost_login/input_password'

2020-06-05 23:11:55 - [MESSAGE][PASSED] - Text '13101998' is set on object 'Object Repository/Page_Mattermost_login/input_password'

2020-06-05 23:11:55 - [TEST_STEP][PASSED] - click(findTestObject("Object Repository/Page_Mattermost_login/span_Sign in")): Object: 'Object Repository/Page_Mattermost_login/span_Sign in' is clicked on

2020-06-05 23:11:55 - [MESSAGE][PASSED] - Object: 'Object Repository/Page_Mattermost_login/span_Sign in' is clicked on

2020-06-05 23:11:55 - [MESSAGE][PASSED] - Call Test Case 'Test Cases/Login/login_function' successfully

2020-06-05 23:11:55 - [TEST_STEP][FAILED] - verifyEqual(verifyElementPresent(findTestObject("Object Repository/Page_Create_New_Channel_Local/txt_error_duplicate"), 1), true): Unable to verify object 'Object Repository/Page_Create_New_Channel_Local/txt_error_duplicate' is present (Root cause: com.kms.katalon.core.exception.StepFailedException: Unable to verify object 'Object Repository/Page_Create_New_Channel_Local/txt_error_duplicate' is present
	at com.kms.katalon.core.webui.keyword.internal.WebUIKeywordMain.stepFailed(WebUIKeywordMain.groovy:64)
	at com.kms.katalon.core.webui.keyword.internal.WebUIKeywordMain.runKeyword(WebUIKeywordMain.groovy:26)
	at com.kms.katalon.core.webui.keyword.builtin.VerifyElementPresentKeyword.verifyElementPresent(VerifyElementPresentKeyword.groovy:92)
	at com.kms.katalon.core.webui.keyword.builtin.VerifyElementPresentKeyword.execute(VerifyElementPresentKeyword.groovy:68)
	at com.kms.katalon.core.keyword.internal.KeywordExecutor.executeKeywordForPlatform(KeywordExecutor.groovy:72)
	at com.kms.katalon.core.webui.keyword.WebUiBuiltInKeywords.verifyElementPresent(WebUiBuiltInKeywords.groovy:1460)
	at com.kms.katalon.core.webui.keyword.WebUiBuiltInKeywords$verifyElementPresent$0.call(Unknown Source)
	at Create_channel_duplicated.run(Create_channel_duplicated:30)
	at com.kms.katalon.core.main.ScriptEngine.run(ScriptEngine.java:194)
	at com.kms.katalon.core.main.ScriptEngine.runScriptAsRawText(ScriptEngine.java:119)
	at com.kms.katalon.core.main.TestCaseExecutor.runScript(TestCaseExecutor.java:337)
	at com.kms.katalon.core.main.TestCaseExecutor.doExecute(TestCaseExecutor.java:328)
	at com.kms.katalon.core.main.TestCaseExecutor.processExecutionPhase(TestCaseExecutor.java:307)
	at com.kms.katalon.core.main.TestCaseExecutor.accessMainPhase(TestCaseExecutor.java:299)
	at com.kms.katalon.core.main.TestCaseExecutor.execute(TestCaseExecutor.java:233)
	at com.kms.katalon.core.main.TestSuiteExecutor.accessTestCaseMainPhase(TestSuiteExecutor.java:169)
	at com.kms.katalon.core.main.TestSuiteExecutor.accessTestSuiteMainPhase(TestSuiteExecutor.java:142)
	at com.kms.katalon.core.main.TestSuiteExecutor.execute(TestSuiteExecutor.java:91)
	at com.kms.katalon.core.main.TestCaseMain.startTestSuite(TestCaseMain.java:157)
	at com.kms.katalon.core.main.TestCaseMain$startTestSuite$0.call(Unknown Source)
	at TempTestSuite1591373123859.run(TempTestSuite1591373123859.groovy:37)
Caused by: com.kms.katalon.core.exception.StepFailedException: com.kms.katalon.core.webui.exception.WebElementNotFoundException: Web element with id: 'Object Repository/Page_Create_New_Channel_Local/txt_error_duplicate' located by 'By.xpath: //p[@id='createChannelError']' not found
	at com.kms.katalon.core.webui.keyword.internal.WebUIKeywordMain.stepFailed(WebUIKeywordMain.groovy:64)
	at com.kms.katalon.core.webui.keyword.builtin.VerifyElementPresentKeyword$_verifyElementPresent_closure1.doCall(VerifyElementPresentKeyword.groovy:85)
	at com.kms.katalon.core.webui.keyword.builtin.VerifyElementPresentKeyword$_verifyElementPresent_closure1.call(VerifyElementPresentKeyword.groovy)
	at com.kms.katalon.core.webui.keyword.internal.WebUIKeywordMain.runKeyword(WebUIKeywordMain.groovy:20)
	... 19 more
)

2020-06-05 23:11:58 - [MESSAGE][INFO] - Unable to find the element located by 'By.xpath: //p[@id='createChannelError']'. Please recheck the objects properties to make sure the desired element is located. 

2020-06-05 23:11:58 - [MESSAGE][FAILED] - com.kms.katalon.core.webui.exception.WebElementNotFoundException: Web element with id: 'Object Repository/Page_Create_New_Channel_Local/txt_error_duplicate' located by 'By.xpath: //p[@id='createChannelError']' not found (Root cause: com.kms.katalon.core.exception.StepFailedException: com.kms.katalon.core.webui.exception.WebElementNotFoundException: Web element with id: 'Object Repository/Page_Create_New_Channel_Local/txt_error_duplicate' located by 'By.xpath: //p[@id='createChannelError']' not found
	at com.kms.katalon.core.webui.keyword.internal.WebUIKeywordMain.stepFailed(WebUIKeywordMain.groovy:64)
	at com.kms.katalon.core.webui.keyword.builtin.VerifyElementPresentKeyword$_verifyElementPresent_closure1.doCall(VerifyElementPresentKeyword.groovy:85)
	at com.kms.katalon.core.webui.keyword.builtin.VerifyElementPresentKeyword$_verifyElementPresent_closure1.call(VerifyElementPresentKeyword.groovy)
	at com.kms.katalon.core.webui.keyword.internal.WebUIKeywordMain.runKeyword(WebUIKeywordMain.groovy:20)
	at com.kms.katalon.core.webui.keyword.builtin.VerifyElementPresentKeyword.verifyElementPresent(VerifyElementPresentKeyword.groovy:92)
	at com.kms.katalon.core.webui.keyword.builtin.VerifyElementPresentKeyword.execute(VerifyElementPresentKeyword.groovy:68)
	at com.kms.katalon.core.keyword.internal.KeywordExecutor.executeKeywordForPlatform(KeywordExecutor.groovy:72)
	at com.kms.katalon.core.webui.keyword.WebUiBuiltInKeywords.verifyElementPresent(WebUiBuiltInKeywords.groovy:1460)
	at com.kms.katalon.core.webui.keyword.WebUiBuiltInKeywords$verifyElementPresent$0.call(Unknown Source)
	at Create_channel_duplicated.run(Create_channel_duplicated:30)
	at com.kms.katalon.core.main.ScriptEngine.run(ScriptEngine.java:194)
	at com.kms.katalon.core.main.ScriptEngine.runScriptAsRawText(ScriptEngine.java:119)
	at com.kms.katalon.core.main.TestCaseExecutor.runScript(TestCaseExecutor.java:337)
	at com.kms.katalon.core.main.TestCaseExecutor.doExecute(TestCaseExecutor.java:328)
	at com.kms.katalon.core.main.TestCaseExecutor.processExecutionPhase(TestCaseExecutor.java:307)
	at com.kms.katalon.core.main.TestCaseExecutor.accessMainPhase(TestCaseExecutor.java:299)
	at com.kms.katalon.core.main.TestCaseExecutor.execute(TestCaseExecutor.java:233)
	at com.kms.katalon.core.main.TestSuiteExecutor.accessTestCaseMainPhase(TestSuiteExecutor.java:169)
	at com.kms.katalon.core.main.TestSuiteExecutor.accessTestSuiteMainPhase(TestSuiteExecutor.java:142)
	at com.kms.katalon.core.main.TestSuiteExecutor.execute(TestSuiteExecutor.java:91)
	at com.kms.katalon.core.main.TestCaseMain.startTestSuite(TestCaseMain.java:157)
	at com.kms.katalon.core.main.TestCaseMain$startTestSuite$0.call(Unknown Source)
	at TempTestSuite1591373123859.run(TempTestSuite1591373123859.groovy:37)
)
[[ATTACHMENT|D:\\katalon\\hw2-katalon-testing\\Reports\\20200605_230523\\Run_All_Test_Cases\\20200605_230523\\1591373518127.png]]

2020-06-05 23:11:58 - [MESSAGE][FAILED] - Unable to verify object 'Object Repository/Page_Create_New_Channel_Local/txt_error_duplicate' is present (Root cause: com.kms.katalon.core.exception.StepFailedException: Unable to verify object 'Object Repository/Page_Create_New_Channel_Local/txt_error_duplicate' is present
	at com.kms.katalon.core.webui.keyword.internal.WebUIKeywordMain.stepFailed(WebUIKeywordMain.groovy:64)
	at com.kms.katalon.core.webui.keyword.internal.WebUIKeywordMain.runKeyword(WebUIKeywordMain.groovy:26)
	at com.kms.katalon.core.webui.keyword.builtin.VerifyElementPresentKeyword.verifyElementPresent(VerifyElementPresentKeyword.groovy:92)
	at com.kms.katalon.core.webui.keyword.builtin.VerifyElementPresentKeyword.execute(VerifyElementPresentKeyword.groovy:68)
	at com.kms.katalon.core.keyword.internal.KeywordExecutor.executeKeywordForPlatform(KeywordExecutor.groovy:72)
	at com.kms.katalon.core.webui.keyword.WebUiBuiltInKeywords.verifyElementPresent(WebUiBuiltInKeywords.groovy:1460)
	at com.kms.katalon.core.webui.keyword.WebUiBuiltInKeywords$verifyElementPresent$0.call(Unknown Source)
	at Create_channel_duplicated.run(Create_channel_duplicated:30)
	at com.kms.katalon.core.main.ScriptEngine.run(ScriptEngine.java:194)
	at com.kms.katalon.core.main.ScriptEngine.runScriptAsRawText(ScriptEngine.java:119)
	at com.kms.katalon.core.main.TestCaseExecutor.runScript(TestCaseExecutor.java:337)
	at com.kms.katalon.core.main.TestCaseExecutor.doExecute(TestCaseExecutor.java:328)
	at com.kms.katalon.core.main.TestCaseExecutor.processExecutionPhase(TestCaseExecutor.java:307)
	at com.kms.katalon.core.main.TestCaseExecutor.accessMainPhase(TestCaseExecutor.java:299)
	at com.kms.katalon.core.main.TestCaseExecutor.execute(TestCaseExecutor.java:233)
	at com.kms.katalon.core.main.TestSuiteExecutor.accessTestCaseMainPhase(TestSuiteExecutor.java:169)
	at com.kms.katalon.core.main.TestSuiteExecutor.accessTestSuiteMainPhase(TestSuiteExecutor.java:142)
	at com.kms.katalon.core.main.TestSuiteExecutor.execute(TestSuiteExecutor.java:91)
	at com.kms.katalon.core.main.TestCaseMain.startTestSuite(TestCaseMain.java:157)
	at com.kms.katalon.core.main.TestCaseMain$startTestSuite$0.call(Unknown Source)
	at TempTestSuite1591373123859.run(TempTestSuite1591373123859.groovy:37)
Caused by: com.kms.katalon.core.exception.StepFailedException: com.kms.katalon.core.webui.exception.WebElementNotFoundException: Web element with id: 'Object Repository/Page_Create_New_Channel_Local/txt_error_duplicate' located by 'By.xpath: //p[@id='createChannelError']' not found
	at com.kms.katalon.core.webui.keyword.internal.WebUIKeywordMain.stepFailed(WebUIKeywordMain.groovy:64)
	at com.kms.katalon.core.webui.keyword.builtin.VerifyElementPresentKeyword$_verifyElementPresent_closure1.doCall(VerifyElementPresentKeyword.groovy:85)
	at com.kms.katalon.core.webui.keyword.builtin.VerifyElementPresentKeyword$_verifyElementPresent_closure1.call(VerifyElementPresentKeyword.groovy)
	at com.kms.katalon.core.webui.keyword.internal.WebUIKeywordMain.runKeyword(WebUIKeywordMain.groovy:20)
	... 19 more
)
[[ATTACHMENT|D:\\katalon\\hw2-katalon-testing\\Reports\\20200605_230523\\Run_All_Test_Cases\\20200605_230523\\1591373518221.png]]

2020-06-05 23:11:58 - [TEST_STEP][PASSED] - Start tear down : Teardown: Method 'Teardown' complete successfully

2020-06-05 23:11:58 - [TEST_STEP][PASSED] - closeBrowser(): Browser is closed

2020-06-05 23:11:59 - [MESSAGE][PASSED] - Browser is closed

2020-06-05 23:11:59 - [MESSAGE][PASSED] - Method 'Teardown' complete successfully]]></system-out>
         <system-err><![CDATA[2020-06-05 23:11:48 - [TEST_CASE][FAILED] - Test Cases/Channel/Create_channel_duplicated: Test Cases/Channel/Create_channel_duplicated FAILED.
Reason:
com.kms.katalon.core.exception.StepFailedException: Unable to verify object 'Object Repository/Page_Create_New_Channel_Local/txt_error_duplicate' is present
	at com.kms.katalon.core.webui.keyword.internal.WebUIKeywordMain.stepFailed(WebUIKeywordMain.groovy:64)
	at com.kms.katalon.core.webui.keyword.internal.WebUIKeywordMain.runKeyword(WebUIKeywordMain.groovy:26)
	at com.kms.katalon.core.webui.keyword.builtin.VerifyElementPresentKeyword.verifyElementPresent(VerifyElementPresentKeyword.groovy:92)
	at com.kms.katalon.core.webui.keyword.builtin.VerifyElementPresentKeyword.execute(VerifyElementPresentKeyword.groovy:68)
	at com.kms.katalon.core.keyword.internal.KeywordExecutor.executeKeywordForPlatform(KeywordExecutor.groovy:72)
	at com.kms.katalon.core.webui.keyword.WebUiBuiltInKeywords.verifyElementPresent(WebUiBuiltInKeywords.groovy:1460)
	at com.kms.katalon.core.webui.keyword.WebUiBuiltInKeywords$verifyElementPresent$0.call(Unknown Source)
	at Create_channel_duplicated.run(Create_channel_duplicated:30)
	at com.kms.katalon.core.main.ScriptEngine.run(ScriptEngine.java:194)
	at com.kms.katalon.core.main.ScriptEngine.runScriptAsRawText(ScriptEngine.java:119)
	at com.kms.katalon.core.main.TestCaseExecutor.runScript(TestCaseExecutor.java:337)
	at com.kms.katalon.core.main.TestCaseExecutor.doExecute(TestCaseExecutor.java:328)
	at com.kms.katalon.core.main.TestCaseExecutor.processExecutionPhase(TestCaseExecutor.java:307)
	at com.kms.katalon.core.main.TestCaseExecutor.accessMainPhase(TestCaseExecutor.java:299)
	at com.kms.katalon.core.main.TestCaseExecutor.execute(TestCaseExecutor.java:233)
	at com.kms.katalon.core.main.TestSuiteExecutor.accessTestCaseMainPhase(TestSuiteExecutor.java:169)
	at com.kms.katalon.core.main.TestSuiteExecutor.accessTestSuiteMainPhase(TestSuiteExecutor.java:142)
	at com.kms.katalon.core.main.TestSuiteExecutor.execute(TestSuiteExecutor.java:91)
	at com.kms.katalon.core.main.TestCaseMain.startTestSuite(TestCaseMain.java:157)
	at com.kms.katalon.core.main.TestCaseMain$startTestSuite$0.call(Unknown Source)
	at TempTestSuite1591373123859.run(TempTestSuite1591373123859.groovy:37)
Caused by: com.kms.katalon.core.exception.StepFailedException: com.kms.katalon.core.webui.exception.WebElementNotFoundException: Web element with id: 'Object Repository/Page_Create_New_Channel_Local/txt_error_duplicate' located by 'By.xpath: //p[@id='createChannelError']' not found
	at com.kms.katalon.core.webui.keyword.internal.WebUIKeywordMain.stepFailed(WebUIKeywordMain.groovy:64)
	at com.kms.katalon.core.webui.keyword.builtin.VerifyElementPresentKeyword$_verifyElementPresent_closure1.doCall(VerifyElementPresentKeyword.groovy:85)
	at com.kms.katalon.core.webui.keyword.builtin.VerifyElementPresentKeyword$_verifyElementPresent_closure1.call(VerifyElementPresentKeyword.groovy)
	at com.kms.katalon.core.webui.keyword.internal.WebUIKeywordMain.runKeyword(WebUIKeywordMain.groovy:20)
	... 19 more]]></system-err>
      </testcase>
      <testcase name="Test Cases/Channel/Create_channel_duplicated" time="11.419" classname="Test Cases/Channel/Create_channel_duplicated" status="FAILED">
         <failure type="FAILED" message="Test Cases/Channel/Create_channel_duplicated FAILED.
Reason:
com.kms.katalon.core.exception.StepFailedException: Unable to verify object 'Object Repository/Page_Create_New_Channel_Local/txt_error_duplicate' is present
	at com.kms.katalon.core.webui.keyword.internal.WebUIKeywordMain.stepFailed(WebUIKeywordMain.groovy:64)
	at com.kms.katalon.core.webui.keyword.internal.WebUIKeywordMain.runKeyword(WebUIKeywordMain.groovy:26)
	at com.kms.katalon.core.webui.keyword.builtin.VerifyElementPresentKeyword.verifyElementPresent(VerifyElementPresentKeyword.groovy:92)
	at com.kms.katalon.core.webui.keyword.builtin.VerifyElementPresentKeyword.execute(VerifyElementPresentKeyword.groovy:68)
	at com.kms.katalon.core.keyword.internal.KeywordExecutor.executeKeywordForPlatform(KeywordExecutor.groovy:72)
	at com.kms.katalon.core.webui.keyword.WebUiBuiltInKeywords.verifyElementPresent(WebUiBuiltInKeywords.groovy:1460)
	at com.kms.katalon.core.webui.keyword.WebUiBuiltInKeywords$verifyElementPresent$0.call(Unknown Source)
	at Create_channel_duplicated.run(Create_channel_duplicated:30)
	at com.kms.katalon.core.main.ScriptEngine.run(ScriptEngine.java:194)
	at com.kms.katalon.core.main.ScriptEngine.runScriptAsRawText(ScriptEngine.java:119)
	at com.kms.katalon.core.main.TestCaseExecutor.runScript(TestCaseExecutor.java:337)
	at com.kms.katalon.core.main.TestCaseExecutor.doExecute(TestCaseExecutor.java:328)
	at com.kms.katalon.core.main.TestCaseExecutor.processExecutionPhase(TestCaseExecutor.java:307)
	at com.kms.katalon.core.main.TestCaseExecutor.accessMainPhase(TestCaseExecutor.java:299)
	at com.kms.katalon.core.main.TestCaseExecutor.execute(TestCaseExecutor.java:233)
	at com.kms.katalon.core.main.TestSuiteExecutor.accessTestCaseMainPhase(TestSuiteExecutor.java:169)
	at com.kms.katalon.core.main.TestSuiteExecutor.accessTestSuiteMainPhase(TestSuiteExecutor.java:142)
	at com.kms.katalon.core.main.TestSuiteExecutor.execute(TestSuiteExecutor.java:91)
	at com.kms.katalon.core.main.TestCaseMain.startTestSuite(TestCaseMain.java:157)
	at com.kms.katalon.core.main.TestCaseMain$startTestSuite$0.call(Unknown Source)
	at TempTestSuite1591373123859.run(TempTestSuite1591373123859.groovy:37)
Caused by: com.kms.katalon.core.exception.StepFailedException: com.kms.katalon.core.webui.exception.WebElementNotFoundException: Web element with id: 'Object Repository/Page_Create_New_Channel_Local/txt_error_duplicate' located by 'By.xpath: //p[@id='createChannelError']' not found
	at com.kms.katalon.core.webui.keyword.internal.WebUIKeywordMain.stepFailed(WebUIKeywordMain.groovy:64)
	at com.kms.katalon.core.webui.keyword.builtin.VerifyElementPresentKeyword$_verifyElementPresent_closure1.doCall(VerifyElementPresentKeyword.groovy:85)
	at com.kms.katalon.core.webui.keyword.builtin.VerifyElementPresentKeyword$_verifyElementPresent_closure1.call(VerifyElementPresentKeyword.groovy)
	at com.kms.katalon.core.webui.keyword.internal.WebUIKeywordMain.runKeyword(WebUIKeywordMain.groovy:20)
	... 19 more
"/>
         <system-out><![CDATA[2020-06-05 23:11:59 - [TEST_CASE][FAILED] - Test Cases/Channel/Create_channel_duplicated: Test Cases/Channel/Create_channel_duplicated FAILED.
Reason:
com.kms.katalon.core.exception.StepFailedException: Unable to verify object 'Object Repository/Page_Create_New_Channel_Local/txt_error_duplicate' is present
	at com.kms.katalon.core.webui.keyword.internal.WebUIKeywordMain.stepFailed(WebUIKeywordMain.groovy:64)
	at com.kms.katalon.core.webui.keyword.internal.WebUIKeywordMain.runKeyword(WebUIKeywordMain.groovy:26)
	at com.kms.katalon.core.webui.keyword.builtin.VerifyElementPresentKeyword.verifyElementPresent(VerifyElementPresentKeyword.groovy:92)
	at com.kms.katalon.core.webui.keyword.builtin.VerifyElementPresentKeyword.execute(VerifyElementPresentKeyword.groovy:68)
	at com.kms.katalon.core.keyword.internal.KeywordExecutor.executeKeywordForPlatform(KeywordExecutor.groovy:72)
	at com.kms.katalon.core.webui.keyword.WebUiBuiltInKeywords.verifyElementPresent(WebUiBuiltInKeywords.groovy:1460)
	at com.kms.katalon.core.webui.keyword.WebUiBuiltInKeywords$verifyElementPresent$0.call(Unknown Source)
	at Create_channel_duplicated.run(Create_channel_duplicated:30)
	at com.kms.katalon.core.main.ScriptEngine.run(ScriptEngine.java:194)
	at com.kms.katalon.core.main.ScriptEngine.runScriptAsRawText(ScriptEngine.java:119)
	at com.kms.katalon.core.main.TestCaseExecutor.runScript(TestCaseExecutor.java:337)
	at com.kms.katalon.core.main.TestCaseExecutor.doExecute(TestCaseExecutor.java:328)
	at com.kms.katalon.core.main.TestCaseExecutor.processExecutionPhase(TestCaseExecutor.java:307)
	at com.kms.katalon.core.main.TestCaseExecutor.accessMainPhase(TestCaseExecutor.java:299)
	at com.kms.katalon.core.main.TestCaseExecutor.execute(TestCaseExecutor.java:233)
	at com.kms.katalon.core.main.TestSuiteExecutor.accessTestCaseMainPhase(TestSuiteExecutor.java:169)
	at com.kms.katalon.core.main.TestSuiteExecutor.accessTestSuiteMainPhase(TestSuiteExecutor.java:142)
	at com.kms.katalon.core.main.TestSuiteExecutor.execute(TestSuiteExecutor.java:91)
	at com.kms.katalon.core.main.TestCaseMain.startTestSuite(TestCaseMain.java:157)
	at com.kms.katalon.core.main.TestCaseMain$startTestSuite$0.call(Unknown Source)
	at TempTestSuite1591373123859.run(TempTestSuite1591373123859.groovy:37)
Caused by: com.kms.katalon.core.exception.StepFailedException: com.kms.katalon.core.webui.exception.WebElementNotFoundException: Web element with id: 'Object Repository/Page_Create_New_Channel_Local/txt_error_duplicate' located by 'By.xpath: //p[@id='createChannelError']' not found
	at com.kms.katalon.core.webui.keyword.internal.WebUIKeywordMain.stepFailed(WebUIKeywordMain.groovy:64)
	at com.kms.katalon.core.webui.keyword.builtin.VerifyElementPresentKeyword$_verifyElementPresent_closure1.doCall(VerifyElementPresentKeyword.groovy:85)
	at com.kms.katalon.core.webui.keyword.builtin.VerifyElementPresentKeyword$_verifyElementPresent_closure1.call(VerifyElementPresentKeyword.groovy)
	at com.kms.katalon.core.webui.keyword.internal.WebUIKeywordMain.runKeyword(WebUIKeywordMain.groovy:20)
	... 19 more


2020-06-05 23:11:59 - [TEST_STEP][PASSED] - Start setup action : Setup: Method 'Setup' complete successfully

2020-06-05 23:11:59 - [TEST_STEP][PASSED] - openBrowser("http://192.168.1.10:8065/login"): Browser is opened with url: 'http://192.168.1.10:8065/login'

2020-06-05 23:11:59 - [MESSAGE][INFO] - Starting 'Firefox' driver

2020-06-05 23:11:59 - [MESSAGE][INFO] - Action delay is set to 0 milliseconds

2020-06-05 23:12:04 - [MESSAGE][PASSED] - Browser is opened with url: 'http://192.168.1.10:8065/login'

2020-06-05 23:12:04 - [MESSAGE][PASSED] - Method 'Setup' complete successfully

2020-06-05 23:12:04 - [TEST_STEP][PASSED] - callTestCase(findTestCase("Test Cases/Login/login_function"), ["var_user":"tlvietdanh@gmail.com", "var_password":"13101998"], STOP_ON_FAILURE): Call Test Case 'Test Cases/Login/login_function' successfully

2020-06-05 23:12:04 - [TEST_CASE][PASSED] - Test Cases/Login/login_function: Test Cases/Login/login_function

2020-06-05 23:12:04 - [TEST_STEP][PASSED] - setText(findTestObject("Object Repository/Page_Mattermost_login/input_loginId"), var_user): Text 'tlvietdanh@gmail.com' is set on object 'Object Repository/Page_Mattermost_login/input_loginId'

2020-06-05 23:12:05 - [MESSAGE][PASSED] - Text 'tlvietdanh@gmail.com' is set on object 'Object Repository/Page_Mattermost_login/input_loginId'

2020-06-05 23:12:05 - [TEST_STEP][PASSED] - setText(findTestObject("Object Repository/Page_Mattermost_login/input_password"), var_password): Text '13101998' is set on object 'Object Repository/Page_Mattermost_login/input_password'

2020-06-05 23:12:06 - [MESSAGE][PASSED] - Text '13101998' is set on object 'Object Repository/Page_Mattermost_login/input_password'

2020-06-05 23:12:06 - [TEST_STEP][PASSED] - click(findTestObject("Object Repository/Page_Mattermost_login/span_Sign in")): Object: 'Object Repository/Page_Mattermost_login/span_Sign in' is clicked on

2020-06-05 23:12:07 - [MESSAGE][PASSED] - Object: 'Object Repository/Page_Mattermost_login/span_Sign in' is clicked on

2020-06-05 23:12:07 - [MESSAGE][PASSED] - Call Test Case 'Test Cases/Login/login_function' successfully

2020-06-05 23:12:07 - [TEST_STEP][FAILED] - verifyEqual(verifyElementPresent(findTestObject("Object Repository/Page_Create_New_Channel_Local/txt_error_duplicate"), 1), true): Unable to verify object 'Object Repository/Page_Create_New_Channel_Local/txt_error_duplicate' is present (Root cause: com.kms.katalon.core.exception.StepFailedException: Unable to verify object 'Object Repository/Page_Create_New_Channel_Local/txt_error_duplicate' is present
	at com.kms.katalon.core.webui.keyword.internal.WebUIKeywordMain.stepFailed(WebUIKeywordMain.groovy:64)
	at com.kms.katalon.core.webui.keyword.internal.WebUIKeywordMain.runKeyword(WebUIKeywordMain.groovy:26)
	at com.kms.katalon.core.webui.keyword.builtin.VerifyElementPresentKeyword.verifyElementPresent(VerifyElementPresentKeyword.groovy:92)
	at com.kms.katalon.core.webui.keyword.builtin.VerifyElementPresentKeyword.execute(VerifyElementPresentKeyword.groovy:68)
	at com.kms.katalon.core.keyword.internal.KeywordExecutor.executeKeywordForPlatform(KeywordExecutor.groovy:72)
	at com.kms.katalon.core.webui.keyword.WebUiBuiltInKeywords.verifyElementPresent(WebUiBuiltInKeywords.groovy:1460)
	at com.kms.katalon.core.webui.keyword.WebUiBuiltInKeywords$verifyElementPresent$0.call(Unknown Source)
	at Create_channel_duplicated.run(Create_channel_duplicated:30)
	at com.kms.katalon.core.main.ScriptEngine.run(ScriptEngine.java:194)
	at com.kms.katalon.core.main.ScriptEngine.runScriptAsRawText(ScriptEngine.java:119)
	at com.kms.katalon.core.main.TestCaseExecutor.runScript(TestCaseExecutor.java:337)
	at com.kms.katalon.core.main.TestCaseExecutor.doExecute(TestCaseExecutor.java:328)
	at com.kms.katalon.core.main.TestCaseExecutor.processExecutionPhase(TestCaseExecutor.java:307)
	at com.kms.katalon.core.main.TestCaseExecutor.accessMainPhase(TestCaseExecutor.java:299)
	at com.kms.katalon.core.main.TestCaseExecutor.execute(TestCaseExecutor.java:233)
	at com.kms.katalon.core.main.TestSuiteExecutor.accessTestCaseMainPhase(TestSuiteExecutor.java:169)
	at com.kms.katalon.core.main.TestSuiteExecutor.accessTestSuiteMainPhase(TestSuiteExecutor.java:142)
	at com.kms.katalon.core.main.TestSuiteExecutor.execute(TestSuiteExecutor.java:91)
	at com.kms.katalon.core.main.TestCaseMain.startTestSuite(TestCaseMain.java:157)
	at com.kms.katalon.core.main.TestCaseMain$startTestSuite$0.call(Unknown Source)
	at TempTestSuite1591373123859.run(TempTestSuite1591373123859.groovy:37)
Caused by: com.kms.katalon.core.exception.StepFailedException: com.kms.katalon.core.webui.exception.WebElementNotFoundException: Web element with id: 'Object Repository/Page_Create_New_Channel_Local/txt_error_duplicate' located by 'By.xpath: //p[@id='createChannelError']' not found
	at com.kms.katalon.core.webui.keyword.internal.WebUIKeywordMain.stepFailed(WebUIKeywordMain.groovy:64)
	at com.kms.katalon.core.webui.keyword.builtin.VerifyElementPresentKeyword$_verifyElementPresent_closure1.doCall(VerifyElementPresentKeyword.groovy:85)
	at com.kms.katalon.core.webui.keyword.builtin.VerifyElementPresentKeyword$_verifyElementPresent_closure1.call(VerifyElementPresentKeyword.groovy)
	at com.kms.katalon.core.webui.keyword.internal.WebUIKeywordMain.runKeyword(WebUIKeywordMain.groovy:20)
	... 19 more
)

2020-06-05 23:12:09 - [MESSAGE][INFO] - Unable to find the element located by 'By.xpath: //p[@id='createChannelError']'. Please recheck the objects properties to make sure the desired element is located. 

2020-06-05 23:12:09 - [MESSAGE][FAILED] - com.kms.katalon.core.webui.exception.WebElementNotFoundException: Web element with id: 'Object Repository/Page_Create_New_Channel_Local/txt_error_duplicate' located by 'By.xpath: //p[@id='createChannelError']' not found (Root cause: com.kms.katalon.core.exception.StepFailedException: com.kms.katalon.core.webui.exception.WebElementNotFoundException: Web element with id: 'Object Repository/Page_Create_New_Channel_Local/txt_error_duplicate' located by 'By.xpath: //p[@id='createChannelError']' not found
	at com.kms.katalon.core.webui.keyword.internal.WebUIKeywordMain.stepFailed(WebUIKeywordMain.groovy:64)
	at com.kms.katalon.core.webui.keyword.builtin.VerifyElementPresentKeyword$_verifyElementPresent_closure1.doCall(VerifyElementPresentKeyword.groovy:85)
	at com.kms.katalon.core.webui.keyword.builtin.VerifyElementPresentKeyword$_verifyElementPresent_closure1.call(VerifyElementPresentKeyword.groovy)
	at com.kms.katalon.core.webui.keyword.internal.WebUIKeywordMain.runKeyword(WebUIKeywordMain.groovy:20)
	at com.kms.katalon.core.webui.keyword.builtin.VerifyElementPresentKeyword.verifyElementPresent(VerifyElementPresentKeyword.groovy:92)
	at com.kms.katalon.core.webui.keyword.builtin.VerifyElementPresentKeyword.execute(VerifyElementPresentKeyword.groovy:68)
	at com.kms.katalon.core.keyword.internal.KeywordExecutor.executeKeywordForPlatform(KeywordExecutor.groovy:72)
	at com.kms.katalon.core.webui.keyword.WebUiBuiltInKeywords.verifyElementPresent(WebUiBuiltInKeywords.groovy:1460)
	at com.kms.katalon.core.webui.keyword.WebUiBuiltInKeywords$verifyElementPresent$0.call(Unknown Source)
	at Create_channel_duplicated.run(Create_channel_duplicated:30)
	at com.kms.katalon.core.main.ScriptEngine.run(ScriptEngine.java:194)
	at com.kms.katalon.core.main.ScriptEngine.runScriptAsRawText(ScriptEngine.java:119)
	at com.kms.katalon.core.main.TestCaseExecutor.runScript(TestCaseExecutor.java:337)
	at com.kms.katalon.core.main.TestCaseExecutor.doExecute(TestCaseExecutor.java:328)
	at com.kms.katalon.core.main.TestCaseExecutor.processExecutionPhase(TestCaseExecutor.java:307)
	at com.kms.katalon.core.main.TestCaseExecutor.accessMainPhase(TestCaseExecutor.java:299)
	at com.kms.katalon.core.main.TestCaseExecutor.execute(TestCaseExecutor.java:233)
	at com.kms.katalon.core.main.TestSuiteExecutor.accessTestCaseMainPhase(TestSuiteExecutor.java:169)
	at com.kms.katalon.core.main.TestSuiteExecutor.accessTestSuiteMainPhase(TestSuiteExecutor.java:142)
	at com.kms.katalon.core.main.TestSuiteExecutor.execute(TestSuiteExecutor.java:91)
	at com.kms.katalon.core.main.TestCaseMain.startTestSuite(TestCaseMain.java:157)
	at com.kms.katalon.core.main.TestCaseMain$startTestSuite$0.call(Unknown Source)
	at TempTestSuite1591373123859.run(TempTestSuite1591373123859.groovy:37)
)
[[ATTACHMENT|D:\\katalon\\hw2-katalon-testing\\Reports\\20200605_230523\\Run_All_Test_Cases\\20200605_230523\\1591373529582.png]]

2020-06-05 23:12:09 - [MESSAGE][FAILED] - Unable to verify object 'Object Repository/Page_Create_New_Channel_Local/txt_error_duplicate' is present (Root cause: com.kms.katalon.core.exception.StepFailedException: Unable to verify object 'Object Repository/Page_Create_New_Channel_Local/txt_error_duplicate' is present
	at com.kms.katalon.core.webui.keyword.internal.WebUIKeywordMain.stepFailed(WebUIKeywordMain.groovy:64)
	at com.kms.katalon.core.webui.keyword.internal.WebUIKeywordMain.runKeyword(WebUIKeywordMain.groovy:26)
	at com.kms.katalon.core.webui.keyword.builtin.VerifyElementPresentKeyword.verifyElementPresent(VerifyElementPresentKeyword.groovy:92)
	at com.kms.katalon.core.webui.keyword.builtin.VerifyElementPresentKeyword.execute(VerifyElementPresentKeyword.groovy:68)
	at com.kms.katalon.core.keyword.internal.KeywordExecutor.executeKeywordForPlatform(KeywordExecutor.groovy:72)
	at com.kms.katalon.core.webui.keyword.WebUiBuiltInKeywords.verifyElementPresent(WebUiBuiltInKeywords.groovy:1460)
	at com.kms.katalon.core.webui.keyword.WebUiBuiltInKeywords$verifyElementPresent$0.call(Unknown Source)
	at Create_channel_duplicated.run(Create_channel_duplicated:30)
	at com.kms.katalon.core.main.ScriptEngine.run(ScriptEngine.java:194)
	at com.kms.katalon.core.main.ScriptEngine.runScriptAsRawText(ScriptEngine.java:119)
	at com.kms.katalon.core.main.TestCaseExecutor.runScript(TestCaseExecutor.java:337)
	at com.kms.katalon.core.main.TestCaseExecutor.doExecute(TestCaseExecutor.java:328)
	at com.kms.katalon.core.main.TestCaseExecutor.processExecutionPhase(TestCaseExecutor.java:307)
	at com.kms.katalon.core.main.TestCaseExecutor.accessMainPhase(TestCaseExecutor.java:299)
	at com.kms.katalon.core.main.TestCaseExecutor.execute(TestCaseExecutor.java:233)
	at com.kms.katalon.core.main.TestSuiteExecutor.accessTestCaseMainPhase(TestSuiteExecutor.java:169)
	at com.kms.katalon.core.main.TestSuiteExecutor.accessTestSuiteMainPhase(TestSuiteExecutor.java:142)
	at com.kms.katalon.core.main.TestSuiteExecutor.execute(TestSuiteExecutor.java:91)
	at com.kms.katalon.core.main.TestCaseMain.startTestSuite(TestCaseMain.java:157)
	at com.kms.katalon.core.main.TestCaseMain$startTestSuite$0.call(Unknown Source)
	at TempTestSuite1591373123859.run(TempTestSuite1591373123859.groovy:37)
Caused by: com.kms.katalon.core.exception.StepFailedException: com.kms.katalon.core.webui.exception.WebElementNotFoundException: Web element with id: 'Object Repository/Page_Create_New_Channel_Local/txt_error_duplicate' located by 'By.xpath: //p[@id='createChannelError']' not found
	at com.kms.katalon.core.webui.keyword.internal.WebUIKeywordMain.stepFailed(WebUIKeywordMain.groovy:64)
	at com.kms.katalon.core.webui.keyword.builtin.VerifyElementPresentKeyword$_verifyElementPresent_closure1.doCall(VerifyElementPresentKeyword.groovy:85)
	at com.kms.katalon.core.webui.keyword.builtin.VerifyElementPresentKeyword$_verifyElementPresent_closure1.call(VerifyElementPresentKeyword.groovy)
	at com.kms.katalon.core.webui.keyword.internal.WebUIKeywordMain.runKeyword(WebUIKeywordMain.groovy:20)
	... 19 more
)
[[ATTACHMENT|D:\\katalon\\hw2-katalon-testing\\Reports\\20200605_230523\\Run_All_Test_Cases\\20200605_230523\\1591373529757.png]]

2020-06-05 23:12:09 - [TEST_STEP][PASSED] - Start tear down : Teardown: Method 'Teardown' complete successfully

2020-06-05 23:12:09 - [TEST_STEP][PASSED] - closeBrowser(): Browser is closed

2020-06-05 23:12:10 - [MESSAGE][PASSED] - Browser is closed

2020-06-05 23:12:10 - [MESSAGE][PASSED] - Method 'Teardown' complete successfully]]></system-out>
         <system-err><![CDATA[2020-06-05 23:11:59 - [TEST_CASE][FAILED] - Test Cases/Channel/Create_channel_duplicated: Test Cases/Channel/Create_channel_duplicated FAILED.
Reason:
com.kms.katalon.core.exception.StepFailedException: Unable to verify object 'Object Repository/Page_Create_New_Channel_Local/txt_error_duplicate' is present
	at com.kms.katalon.core.webui.keyword.internal.WebUIKeywordMain.stepFailed(WebUIKeywordMain.groovy:64)
	at com.kms.katalon.core.webui.keyword.internal.WebUIKeywordMain.runKeyword(WebUIKeywordMain.groovy:26)
	at com.kms.katalon.core.webui.keyword.builtin.VerifyElementPresentKeyword.verifyElementPresent(VerifyElementPresentKeyword.groovy:92)
	at com.kms.katalon.core.webui.keyword.builtin.VerifyElementPresentKeyword.execute(VerifyElementPresentKeyword.groovy:68)
	at com.kms.katalon.core.keyword.internal.KeywordExecutor.executeKeywordForPlatform(KeywordExecutor.groovy:72)
	at com.kms.katalon.core.webui.keyword.WebUiBuiltInKeywords.verifyElementPresent(WebUiBuiltInKeywords.groovy:1460)
	at com.kms.katalon.core.webui.keyword.WebUiBuiltInKeywords$verifyElementPresent$0.call(Unknown Source)
	at Create_channel_duplicated.run(Create_channel_duplicated:30)
	at com.kms.katalon.core.main.ScriptEngine.run(ScriptEngine.java:194)
	at com.kms.katalon.core.main.ScriptEngine.runScriptAsRawText(ScriptEngine.java:119)
	at com.kms.katalon.core.main.TestCaseExecutor.runScript(TestCaseExecutor.java:337)
	at com.kms.katalon.core.main.TestCaseExecutor.doExecute(TestCaseExecutor.java:328)
	at com.kms.katalon.core.main.TestCaseExecutor.processExecutionPhase(TestCaseExecutor.java:307)
	at com.kms.katalon.core.main.TestCaseExecutor.accessMainPhase(TestCaseExecutor.java:299)
	at com.kms.katalon.core.main.TestCaseExecutor.execute(TestCaseExecutor.java:233)
	at com.kms.katalon.core.main.TestSuiteExecutor.accessTestCaseMainPhase(TestSuiteExecutor.java:169)
	at com.kms.katalon.core.main.TestSuiteExecutor.accessTestSuiteMainPhase(TestSuiteExecutor.java:142)
	at com.kms.katalon.core.main.TestSuiteExecutor.execute(TestSuiteExecutor.java:91)
	at com.kms.katalon.core.main.TestCaseMain.startTestSuite(TestCaseMain.java:157)
	at com.kms.katalon.core.main.TestCaseMain$startTestSuite$0.call(Unknown Source)
	at TempTestSuite1591373123859.run(TempTestSuite1591373123859.groovy:37)
Caused by: com.kms.katalon.core.exception.StepFailedException: com.kms.katalon.core.webui.exception.WebElementNotFoundException: Web element with id: 'Object Repository/Page_Create_New_Channel_Local/txt_error_duplicate' located by 'By.xpath: //p[@id='createChannelError']' not found
	at com.kms.katalon.core.webui.keyword.internal.WebUIKeywordMain.stepFailed(WebUIKeywordMain.groovy:64)
	at com.kms.katalon.core.webui.keyword.builtin.VerifyElementPresentKeyword$_verifyElementPresent_closure1.doCall(VerifyElementPresentKeyword.groovy:85)
	at com.kms.katalon.core.webui.keyword.builtin.VerifyElementPresentKeyword$_verifyElementPresent_closure1.call(VerifyElementPresentKeyword.groovy)
	at com.kms.katalon.core.webui.keyword.internal.WebUIKeywordMain.runKeyword(WebUIKeywordMain.groovy:20)
	... 19 more]]></system-err>
      </testcase>
      <testcase name="Test Cases/Channel/Create_channel_duplicated" time="10.652" classname="Test Cases/Channel/Create_channel_duplicated" status="FAILED">
         <failure type="FAILED" message="Test Cases/Channel/Create_channel_duplicated FAILED.
Reason:
com.kms.katalon.core.exception.StepFailedException: Unable to verify object 'Object Repository/Page_Create_New_Channel_Local/txt_error_duplicate' is present
	at com.kms.katalon.core.webui.keyword.internal.WebUIKeywordMain.stepFailed(WebUIKeywordMain.groovy:64)
	at com.kms.katalon.core.webui.keyword.internal.WebUIKeywordMain.runKeyword(WebUIKeywordMain.groovy:26)
	at com.kms.katalon.core.webui.keyword.builtin.VerifyElementPresentKeyword.verifyElementPresent(VerifyElementPresentKeyword.groovy:92)
	at com.kms.katalon.core.webui.keyword.builtin.VerifyElementPresentKeyword.execute(VerifyElementPresentKeyword.groovy:68)
	at com.kms.katalon.core.keyword.internal.KeywordExecutor.executeKeywordForPlatform(KeywordExecutor.groovy:72)
	at com.kms.katalon.core.webui.keyword.WebUiBuiltInKeywords.verifyElementPresent(WebUiBuiltInKeywords.groovy:1460)
	at com.kms.katalon.core.webui.keyword.WebUiBuiltInKeywords$verifyElementPresent$0.call(Unknown Source)
	at Create_channel_duplicated.run(Create_channel_duplicated:30)
	at com.kms.katalon.core.main.ScriptEngine.run(ScriptEngine.java:194)
	at com.kms.katalon.core.main.ScriptEngine.runScriptAsRawText(ScriptEngine.java:119)
	at com.kms.katalon.core.main.TestCaseExecutor.runScript(TestCaseExecutor.java:337)
	at com.kms.katalon.core.main.TestCaseExecutor.doExecute(TestCaseExecutor.java:328)
	at com.kms.katalon.core.main.TestCaseExecutor.processExecutionPhase(TestCaseExecutor.java:307)
	at com.kms.katalon.core.main.TestCaseExecutor.accessMainPhase(TestCaseExecutor.java:299)
	at com.kms.katalon.core.main.TestCaseExecutor.execute(TestCaseExecutor.java:233)
	at com.kms.katalon.core.main.TestSuiteExecutor.accessTestCaseMainPhase(TestSuiteExecutor.java:169)
	at com.kms.katalon.core.main.TestSuiteExecutor.accessTestSuiteMainPhase(TestSuiteExecutor.java:142)
	at com.kms.katalon.core.main.TestSuiteExecutor.execute(TestSuiteExecutor.java:91)
	at com.kms.katalon.core.main.TestCaseMain.startTestSuite(TestCaseMain.java:157)
	at com.kms.katalon.core.main.TestCaseMain$startTestSuite$0.call(Unknown Source)
	at TempTestSuite1591373123859.run(TempTestSuite1591373123859.groovy:37)
Caused by: com.kms.katalon.core.exception.StepFailedException: com.kms.katalon.core.webui.exception.WebElementNotFoundException: Web element with id: 'Object Repository/Page_Create_New_Channel_Local/txt_error_duplicate' located by 'By.xpath: //p[@id='createChannelError']' not found
	at com.kms.katalon.core.webui.keyword.internal.WebUIKeywordMain.stepFailed(WebUIKeywordMain.groovy:64)
	at com.kms.katalon.core.webui.keyword.builtin.VerifyElementPresentKeyword$_verifyElementPresent_closure1.doCall(VerifyElementPresentKeyword.groovy:85)
	at com.kms.katalon.core.webui.keyword.builtin.VerifyElementPresentKeyword$_verifyElementPresent_closure1.call(VerifyElementPresentKeyword.groovy)
	at com.kms.katalon.core.webui.keyword.internal.WebUIKeywordMain.runKeyword(WebUIKeywordMain.groovy:20)
	... 19 more
"/>
         <system-out><![CDATA[2020-06-05 23:12:10 - [TEST_CASE][FAILED] - Test Cases/Channel/Create_channel_duplicated: Test Cases/Channel/Create_channel_duplicated FAILED.
Reason:
com.kms.katalon.core.exception.StepFailedException: Unable to verify object 'Object Repository/Page_Create_New_Channel_Local/txt_error_duplicate' is present
	at com.kms.katalon.core.webui.keyword.internal.WebUIKeywordMain.stepFailed(WebUIKeywordMain.groovy:64)
	at com.kms.katalon.core.webui.keyword.internal.WebUIKeywordMain.runKeyword(WebUIKeywordMain.groovy:26)
	at com.kms.katalon.core.webui.keyword.builtin.VerifyElementPresentKeyword.verifyElementPresent(VerifyElementPresentKeyword.groovy:92)
	at com.kms.katalon.core.webui.keyword.builtin.VerifyElementPresentKeyword.execute(VerifyElementPresentKeyword.groovy:68)
	at com.kms.katalon.core.keyword.internal.KeywordExecutor.executeKeywordForPlatform(KeywordExecutor.groovy:72)
	at com.kms.katalon.core.webui.keyword.WebUiBuiltInKeywords.verifyElementPresent(WebUiBuiltInKeywords.groovy:1460)
	at com.kms.katalon.core.webui.keyword.WebUiBuiltInKeywords$verifyElementPresent$0.call(Unknown Source)
	at Create_channel_duplicated.run(Create_channel_duplicated:30)
	at com.kms.katalon.core.main.ScriptEngine.run(ScriptEngine.java:194)
	at com.kms.katalon.core.main.ScriptEngine.runScriptAsRawText(ScriptEngine.java:119)
	at com.kms.katalon.core.main.TestCaseExecutor.runScript(TestCaseExecutor.java:337)
	at com.kms.katalon.core.main.TestCaseExecutor.doExecute(TestCaseExecutor.java:328)
	at com.kms.katalon.core.main.TestCaseExecutor.processExecutionPhase(TestCaseExecutor.java:307)
	at com.kms.katalon.core.main.TestCaseExecutor.accessMainPhase(TestCaseExecutor.java:299)
	at com.kms.katalon.core.main.TestCaseExecutor.execute(TestCaseExecutor.java:233)
	at com.kms.katalon.core.main.TestSuiteExecutor.accessTestCaseMainPhase(TestSuiteExecutor.java:169)
	at com.kms.katalon.core.main.TestSuiteExecutor.accessTestSuiteMainPhase(TestSuiteExecutor.java:142)
	at com.kms.katalon.core.main.TestSuiteExecutor.execute(TestSuiteExecutor.java:91)
	at com.kms.katalon.core.main.TestCaseMain.startTestSuite(TestCaseMain.java:157)
	at com.kms.katalon.core.main.TestCaseMain$startTestSuite$0.call(Unknown Source)
	at TempTestSuite1591373123859.run(TempTestSuite1591373123859.groovy:37)
Caused by: com.kms.katalon.core.exception.StepFailedException: com.kms.katalon.core.webui.exception.WebElementNotFoundException: Web element with id: 'Object Repository/Page_Create_New_Channel_Local/txt_error_duplicate' located by 'By.xpath: //p[@id='createChannelError']' not found
	at com.kms.katalon.core.webui.keyword.internal.WebUIKeywordMain.stepFailed(WebUIKeywordMain.groovy:64)
	at com.kms.katalon.core.webui.keyword.builtin.VerifyElementPresentKeyword$_verifyElementPresent_closure1.doCall(VerifyElementPresentKeyword.groovy:85)
	at com.kms.katalon.core.webui.keyword.builtin.VerifyElementPresentKeyword$_verifyElementPresent_closure1.call(VerifyElementPresentKeyword.groovy)
	at com.kms.katalon.core.webui.keyword.internal.WebUIKeywordMain.runKeyword(WebUIKeywordMain.groovy:20)
	... 19 more


2020-06-05 23:12:10 - [TEST_STEP][PASSED] - Start setup action : Setup: Method 'Setup' complete successfully

2020-06-05 23:12:10 - [TEST_STEP][PASSED] - openBrowser("http://192.168.1.10:8065/login"): Browser is opened with url: 'http://192.168.1.10:8065/login'

2020-06-05 23:12:10 - [MESSAGE][INFO] - Starting 'Firefox' driver

2020-06-05 23:12:10 - [MESSAGE][INFO] - Action delay is set to 0 milliseconds

2020-06-05 23:12:15 - [MESSAGE][PASSED] - Browser is opened with url: 'http://192.168.1.10:8065/login'

2020-06-05 23:12:15 - [MESSAGE][PASSED] - Method 'Setup' complete successfully

2020-06-05 23:12:15 - [TEST_STEP][PASSED] - callTestCase(findTestCase("Test Cases/Login/login_function"), ["var_user":"tlvietdanh@gmail.com", "var_password":"13101998"], STOP_ON_FAILURE): Call Test Case 'Test Cases/Login/login_function' successfully

2020-06-05 23:12:15 - [TEST_CASE][PASSED] - Test Cases/Login/login_function: Test Cases/Login/login_function

2020-06-05 23:12:15 - [TEST_STEP][PASSED] - setText(findTestObject("Object Repository/Page_Mattermost_login/input_loginId"), var_user): Text 'tlvietdanh@gmail.com' is set on object 'Object Repository/Page_Mattermost_login/input_loginId'

2020-06-05 23:12:16 - [MESSAGE][PASSED] - Text 'tlvietdanh@gmail.com' is set on object 'Object Repository/Page_Mattermost_login/input_loginId'

2020-06-05 23:12:16 - [TEST_STEP][PASSED] - setText(findTestObject("Object Repository/Page_Mattermost_login/input_password"), var_password): Text '13101998' is set on object 'Object Repository/Page_Mattermost_login/input_password'

2020-06-05 23:12:17 - [MESSAGE][PASSED] - Text '13101998' is set on object 'Object Repository/Page_Mattermost_login/input_password'

2020-06-05 23:12:17 - [TEST_STEP][PASSED] - click(findTestObject("Object Repository/Page_Mattermost_login/span_Sign in")): Object: 'Object Repository/Page_Mattermost_login/span_Sign in' is clicked on

2020-06-05 23:12:18 - [MESSAGE][PASSED] - Object: 'Object Repository/Page_Mattermost_login/span_Sign in' is clicked on

2020-06-05 23:12:18 - [MESSAGE][PASSED] - Call Test Case 'Test Cases/Login/login_function' successfully

2020-06-05 23:12:18 - [TEST_STEP][FAILED] - verifyEqual(verifyElementPresent(findTestObject("Object Repository/Page_Create_New_Channel_Local/txt_error_duplicate"), 1), true): Unable to verify object 'Object Repository/Page_Create_New_Channel_Local/txt_error_duplicate' is present (Root cause: com.kms.katalon.core.exception.StepFailedException: Unable to verify object 'Object Repository/Page_Create_New_Channel_Local/txt_error_duplicate' is present
	at com.kms.katalon.core.webui.keyword.internal.WebUIKeywordMain.stepFailed(WebUIKeywordMain.groovy:64)
	at com.kms.katalon.core.webui.keyword.internal.WebUIKeywordMain.runKeyword(WebUIKeywordMain.groovy:26)
	at com.kms.katalon.core.webui.keyword.builtin.VerifyElementPresentKeyword.verifyElementPresent(VerifyElementPresentKeyword.groovy:92)
	at com.kms.katalon.core.webui.keyword.builtin.VerifyElementPresentKeyword.execute(VerifyElementPresentKeyword.groovy:68)
	at com.kms.katalon.core.keyword.internal.KeywordExecutor.executeKeywordForPlatform(KeywordExecutor.groovy:72)
	at com.kms.katalon.core.webui.keyword.WebUiBuiltInKeywords.verifyElementPresent(WebUiBuiltInKeywords.groovy:1460)
	at com.kms.katalon.core.webui.keyword.WebUiBuiltInKeywords$verifyElementPresent$0.call(Unknown Source)
	at Create_channel_duplicated.run(Create_channel_duplicated:30)
	at com.kms.katalon.core.main.ScriptEngine.run(ScriptEngine.java:194)
	at com.kms.katalon.core.main.ScriptEngine.runScriptAsRawText(ScriptEngine.java:119)
	at com.kms.katalon.core.main.TestCaseExecutor.runScript(TestCaseExecutor.java:337)
	at com.kms.katalon.core.main.TestCaseExecutor.doExecute(TestCaseExecutor.java:328)
	at com.kms.katalon.core.main.TestCaseExecutor.processExecutionPhase(TestCaseExecutor.java:307)
	at com.kms.katalon.core.main.TestCaseExecutor.accessMainPhase(TestCaseExecutor.java:299)
	at com.kms.katalon.core.main.TestCaseExecutor.execute(TestCaseExecutor.java:233)
	at com.kms.katalon.core.main.TestSuiteExecutor.accessTestCaseMainPhase(TestSuiteExecutor.java:169)
	at com.kms.katalon.core.main.TestSuiteExecutor.accessTestSuiteMainPhase(TestSuiteExecutor.java:142)
	at com.kms.katalon.core.main.TestSuiteExecutor.execute(TestSuiteExecutor.java:91)
	at com.kms.katalon.core.main.TestCaseMain.startTestSuite(TestCaseMain.java:157)
	at com.kms.katalon.core.main.TestCaseMain$startTestSuite$0.call(Unknown Source)
	at TempTestSuite1591373123859.run(TempTestSuite1591373123859.groovy:37)
Caused by: com.kms.katalon.core.exception.StepFailedException: com.kms.katalon.core.webui.exception.WebElementNotFoundException: Web element with id: 'Object Repository/Page_Create_New_Channel_Local/txt_error_duplicate' located by 'By.xpath: //p[@id='createChannelError']' not found
	at com.kms.katalon.core.webui.keyword.internal.WebUIKeywordMain.stepFailed(WebUIKeywordMain.groovy:64)
	at com.kms.katalon.core.webui.keyword.builtin.VerifyElementPresentKeyword$_verifyElementPresent_closure1.doCall(VerifyElementPresentKeyword.groovy:85)
	at com.kms.katalon.core.webui.keyword.builtin.VerifyElementPresentKeyword$_verifyElementPresent_closure1.call(VerifyElementPresentKeyword.groovy)
	at com.kms.katalon.core.webui.keyword.internal.WebUIKeywordMain.runKeyword(WebUIKeywordMain.groovy:20)
	... 19 more
)

2020-06-05 23:12:20 - [MESSAGE][INFO] - Unable to find the element located by 'By.xpath: //p[@id='createChannelError']'. Please recheck the objects properties to make sure the desired element is located. 

2020-06-05 23:12:20 - [MESSAGE][FAILED] - com.kms.katalon.core.webui.exception.WebElementNotFoundException: Web element with id: 'Object Repository/Page_Create_New_Channel_Local/txt_error_duplicate' located by 'By.xpath: //p[@id='createChannelError']' not found (Root cause: com.kms.katalon.core.exception.StepFailedException: com.kms.katalon.core.webui.exception.WebElementNotFoundException: Web element with id: 'Object Repository/Page_Create_New_Channel_Local/txt_error_duplicate' located by 'By.xpath: //p[@id='createChannelError']' not found
	at com.kms.katalon.core.webui.keyword.internal.WebUIKeywordMain.stepFailed(WebUIKeywordMain.groovy:64)
	at com.kms.katalon.core.webui.keyword.builtin.VerifyElementPresentKeyword$_verifyElementPresent_closure1.doCall(VerifyElementPresentKeyword.groovy:85)
	at com.kms.katalon.core.webui.keyword.builtin.VerifyElementPresentKeyword$_verifyElementPresent_closure1.call(VerifyElementPresentKeyword.groovy)
	at com.kms.katalon.core.webui.keyword.internal.WebUIKeywordMain.runKeyword(WebUIKeywordMain.groovy:20)
	at com.kms.katalon.core.webui.keyword.builtin.VerifyElementPresentKeyword.verifyElementPresent(VerifyElementPresentKeyword.groovy:92)
	at com.kms.katalon.core.webui.keyword.builtin.VerifyElementPresentKeyword.execute(VerifyElementPresentKeyword.groovy:68)
	at com.kms.katalon.core.keyword.internal.KeywordExecutor.executeKeywordForPlatform(KeywordExecutor.groovy:72)
	at com.kms.katalon.core.webui.keyword.WebUiBuiltInKeywords.verifyElementPresent(WebUiBuiltInKeywords.groovy:1460)
	at com.kms.katalon.core.webui.keyword.WebUiBuiltInKeywords$verifyElementPresent$0.call(Unknown Source)
	at Create_channel_duplicated.run(Create_channel_duplicated:30)
	at com.kms.katalon.core.main.ScriptEngine.run(ScriptEngine.java:194)
	at com.kms.katalon.core.main.ScriptEngine.runScriptAsRawText(ScriptEngine.java:119)
	at com.kms.katalon.core.main.TestCaseExecutor.runScript(TestCaseExecutor.java:337)
	at com.kms.katalon.core.main.TestCaseExecutor.doExecute(TestCaseExecutor.java:328)
	at com.kms.katalon.core.main.TestCaseExecutor.processExecutionPhase(TestCaseExecutor.java:307)
	at com.kms.katalon.core.main.TestCaseExecutor.accessMainPhase(TestCaseExecutor.java:299)
	at com.kms.katalon.core.main.TestCaseExecutor.execute(TestCaseExecutor.java:233)
	at com.kms.katalon.core.main.TestSuiteExecutor.accessTestCaseMainPhase(TestSuiteExecutor.java:169)
	at com.kms.katalon.core.main.TestSuiteExecutor.accessTestSuiteMainPhase(TestSuiteExecutor.java:142)
	at com.kms.katalon.core.main.TestSuiteExecutor.execute(TestSuiteExecutor.java:91)
	at com.kms.katalon.core.main.TestCaseMain.startTestSuite(TestCaseMain.java:157)
	at com.kms.katalon.core.main.TestCaseMain$startTestSuite$0.call(Unknown Source)
	at TempTestSuite1591373123859.run(TempTestSuite1591373123859.groovy:37)
)
[[ATTACHMENT|D:\\katalon\\hw2-katalon-testing\\Reports\\20200605_230523\\Run_All_Test_Cases\\20200605_230523\\1591373540198.png]]

2020-06-05 23:12:20 - [MESSAGE][FAILED] - Unable to verify object 'Object Repository/Page_Create_New_Channel_Local/txt_error_duplicate' is present (Root cause: com.kms.katalon.core.exception.StepFailedException: Unable to verify object 'Object Repository/Page_Create_New_Channel_Local/txt_error_duplicate' is present
	at com.kms.katalon.core.webui.keyword.internal.WebUIKeywordMain.stepFailed(WebUIKeywordMain.groovy:64)
	at com.kms.katalon.core.webui.keyword.internal.WebUIKeywordMain.runKeyword(WebUIKeywordMain.groovy:26)
	at com.kms.katalon.core.webui.keyword.builtin.VerifyElementPresentKeyword.verifyElementPresent(VerifyElementPresentKeyword.groovy:92)
	at com.kms.katalon.core.webui.keyword.builtin.VerifyElementPresentKeyword.execute(VerifyElementPresentKeyword.groovy:68)
	at com.kms.katalon.core.keyword.internal.KeywordExecutor.executeKeywordForPlatform(KeywordExecutor.groovy:72)
	at com.kms.katalon.core.webui.keyword.WebUiBuiltInKeywords.verifyElementPresent(WebUiBuiltInKeywords.groovy:1460)
	at com.kms.katalon.core.webui.keyword.WebUiBuiltInKeywords$verifyElementPresent$0.call(Unknown Source)
	at Create_channel_duplicated.run(Create_channel_duplicated:30)
	at com.kms.katalon.core.main.ScriptEngine.run(ScriptEngine.java:194)
	at com.kms.katalon.core.main.ScriptEngine.runScriptAsRawText(ScriptEngine.java:119)
	at com.kms.katalon.core.main.TestCaseExecutor.runScript(TestCaseExecutor.java:337)
	at com.kms.katalon.core.main.TestCaseExecutor.doExecute(TestCaseExecutor.java:328)
	at com.kms.katalon.core.main.TestCaseExecutor.processExecutionPhase(TestCaseExecutor.java:307)
	at com.kms.katalon.core.main.TestCaseExecutor.accessMainPhase(TestCaseExecutor.java:299)
	at com.kms.katalon.core.main.TestCaseExecutor.execute(TestCaseExecutor.java:233)
	at com.kms.katalon.core.main.TestSuiteExecutor.accessTestCaseMainPhase(TestSuiteExecutor.java:169)
	at com.kms.katalon.core.main.TestSuiteExecutor.accessTestSuiteMainPhase(TestSuiteExecutor.java:142)
	at com.kms.katalon.core.main.TestSuiteExecutor.execute(TestSuiteExecutor.java:91)
	at com.kms.katalon.core.main.TestCaseMain.startTestSuite(TestCaseMain.java:157)
	at com.kms.katalon.core.main.TestCaseMain$startTestSuite$0.call(Unknown Source)
	at TempTestSuite1591373123859.run(TempTestSuite1591373123859.groovy:37)
Caused by: com.kms.katalon.core.exception.StepFailedException: com.kms.katalon.core.webui.exception.WebElementNotFoundException: Web element with id: 'Object Repository/Page_Create_New_Channel_Local/txt_error_duplicate' located by 'By.xpath: //p[@id='createChannelError']' not found
	at com.kms.katalon.core.webui.keyword.internal.WebUIKeywordMain.stepFailed(WebUIKeywordMain.groovy:64)
	at com.kms.katalon.core.webui.keyword.builtin.VerifyElementPresentKeyword$_verifyElementPresent_closure1.doCall(VerifyElementPresentKeyword.groovy:85)
	at com.kms.katalon.core.webui.keyword.builtin.VerifyElementPresentKeyword$_verifyElementPresent_closure1.call(VerifyElementPresentKeyword.groovy)
	at com.kms.katalon.core.webui.keyword.internal.WebUIKeywordMain.runKeyword(WebUIKeywordMain.groovy:20)
	... 19 more
)
[[ATTACHMENT|D:\\katalon\\hw2-katalon-testing\\Reports\\20200605_230523\\Run_All_Test_Cases\\20200605_230523\\1591373540298.png]]

2020-06-05 23:12:20 - [TEST_STEP][PASSED] - Start tear down : Teardown: Method 'Teardown' complete successfully

2020-06-05 23:12:20 - [TEST_STEP][PASSED] - closeBrowser(): Browser is closed

2020-06-05 23:12:21 - [MESSAGE][PASSED] - Browser is closed

2020-06-05 23:12:21 - [MESSAGE][PASSED] - Method 'Teardown' complete successfully]]></system-out>
         <system-err><![CDATA[2020-06-05 23:12:10 - [TEST_CASE][FAILED] - Test Cases/Channel/Create_channel_duplicated: Test Cases/Channel/Create_channel_duplicated FAILED.
Reason:
com.kms.katalon.core.exception.StepFailedException: Unable to verify object 'Object Repository/Page_Create_New_Channel_Local/txt_error_duplicate' is present
	at com.kms.katalon.core.webui.keyword.internal.WebUIKeywordMain.stepFailed(WebUIKeywordMain.groovy:64)
	at com.kms.katalon.core.webui.keyword.internal.WebUIKeywordMain.runKeyword(WebUIKeywordMain.groovy:26)
	at com.kms.katalon.core.webui.keyword.builtin.VerifyElementPresentKeyword.verifyElementPresent(VerifyElementPresentKeyword.groovy:92)
	at com.kms.katalon.core.webui.keyword.builtin.VerifyElementPresentKeyword.execute(VerifyElementPresentKeyword.groovy:68)
	at com.kms.katalon.core.keyword.internal.KeywordExecutor.executeKeywordForPlatform(KeywordExecutor.groovy:72)
	at com.kms.katalon.core.webui.keyword.WebUiBuiltInKeywords.verifyElementPresent(WebUiBuiltInKeywords.groovy:1460)
	at com.kms.katalon.core.webui.keyword.WebUiBuiltInKeywords$verifyElementPresent$0.call(Unknown Source)
	at Create_channel_duplicated.run(Create_channel_duplicated:30)
	at com.kms.katalon.core.main.ScriptEngine.run(ScriptEngine.java:194)
	at com.kms.katalon.core.main.ScriptEngine.runScriptAsRawText(ScriptEngine.java:119)
	at com.kms.katalon.core.main.TestCaseExecutor.runScript(TestCaseExecutor.java:337)
	at com.kms.katalon.core.main.TestCaseExecutor.doExecute(TestCaseExecutor.java:328)
	at com.kms.katalon.core.main.TestCaseExecutor.processExecutionPhase(TestCaseExecutor.java:307)
	at com.kms.katalon.core.main.TestCaseExecutor.accessMainPhase(TestCaseExecutor.java:299)
	at com.kms.katalon.core.main.TestCaseExecutor.execute(TestCaseExecutor.java:233)
	at com.kms.katalon.core.main.TestSuiteExecutor.accessTestCaseMainPhase(TestSuiteExecutor.java:169)
	at com.kms.katalon.core.main.TestSuiteExecutor.accessTestSuiteMainPhase(TestSuiteExecutor.java:142)
	at com.kms.katalon.core.main.TestSuiteExecutor.execute(TestSuiteExecutor.java:91)
	at com.kms.katalon.core.main.TestCaseMain.startTestSuite(TestCaseMain.java:157)
	at com.kms.katalon.core.main.TestCaseMain$startTestSuite$0.call(Unknown Source)
	at TempTestSuite1591373123859.run(TempTestSuite1591373123859.groovy:37)
Caused by: com.kms.katalon.core.exception.StepFailedException: com.kms.katalon.core.webui.exception.WebElementNotFoundException: Web element with id: 'Object Repository/Page_Create_New_Channel_Local/txt_error_duplicate' located by 'By.xpath: //p[@id='createChannelError']' not found
	at com.kms.katalon.core.webui.keyword.internal.WebUIKeywordMain.stepFailed(WebUIKeywordMain.groovy:64)
	at com.kms.katalon.core.webui.keyword.builtin.VerifyElementPresentKeyword$_verifyElementPresent_closure1.doCall(VerifyElementPresentKeyword.groovy:85)
	at com.kms.katalon.core.webui.keyword.builtin.VerifyElementPresentKeyword$_verifyElementPresent_closure1.call(VerifyElementPresentKeyword.groovy)
	at com.kms.katalon.core.webui.keyword.internal.WebUIKeywordMain.runKeyword(WebUIKeywordMain.groovy:20)
	... 19 more]]></system-err>
      </testcase>
      <testcase name="Test Cases/Channel/Create_channel_duplicated" time="10.704" classname="Test Cases/Channel/Create_channel_duplicated" status="FAILED">
         <failure type="FAILED" message="Test Cases/Channel/Create_channel_duplicated FAILED.
Reason:
com.kms.katalon.core.exception.StepFailedException: Unable to verify object 'Object Repository/Page_Create_New_Channel_Local/txt_error_duplicate' is present
	at com.kms.katalon.core.webui.keyword.internal.WebUIKeywordMain.stepFailed(WebUIKeywordMain.groovy:64)
	at com.kms.katalon.core.webui.keyword.internal.WebUIKeywordMain.runKeyword(WebUIKeywordMain.groovy:26)
	at com.kms.katalon.core.webui.keyword.builtin.VerifyElementPresentKeyword.verifyElementPresent(VerifyElementPresentKeyword.groovy:92)
	at com.kms.katalon.core.webui.keyword.builtin.VerifyElementPresentKeyword.execute(VerifyElementPresentKeyword.groovy:68)
	at com.kms.katalon.core.keyword.internal.KeywordExecutor.executeKeywordForPlatform(KeywordExecutor.groovy:72)
	at com.kms.katalon.core.webui.keyword.WebUiBuiltInKeywords.verifyElementPresent(WebUiBuiltInKeywords.groovy:1460)
	at com.kms.katalon.core.webui.keyword.WebUiBuiltInKeywords$verifyElementPresent$0.call(Unknown Source)
	at Create_channel_duplicated.run(Create_channel_duplicated:30)
	at com.kms.katalon.core.main.ScriptEngine.run(ScriptEngine.java:194)
	at com.kms.katalon.core.main.ScriptEngine.runScriptAsRawText(ScriptEngine.java:119)
	at com.kms.katalon.core.main.TestCaseExecutor.runScript(TestCaseExecutor.java:337)
	at com.kms.katalon.core.main.TestCaseExecutor.doExecute(TestCaseExecutor.java:328)
	at com.kms.katalon.core.main.TestCaseExecutor.processExecutionPhase(TestCaseExecutor.java:307)
	at com.kms.katalon.core.main.TestCaseExecutor.accessMainPhase(TestCaseExecutor.java:299)
	at com.kms.katalon.core.main.TestCaseExecutor.execute(TestCaseExecutor.java:233)
	at com.kms.katalon.core.main.TestSuiteExecutor.accessTestCaseMainPhase(TestSuiteExecutor.java:169)
	at com.kms.katalon.core.main.TestSuiteExecutor.accessTestSuiteMainPhase(TestSuiteExecutor.java:142)
	at com.kms.katalon.core.main.TestSuiteExecutor.execute(TestSuiteExecutor.java:91)
	at com.kms.katalon.core.main.TestCaseMain.startTestSuite(TestCaseMain.java:157)
	at com.kms.katalon.core.main.TestCaseMain$startTestSuite$0.call(Unknown Source)
	at TempTestSuite1591373123859.run(TempTestSuite1591373123859.groovy:37)
Caused by: com.kms.katalon.core.exception.StepFailedException: com.kms.katalon.core.webui.exception.WebElementNotFoundException: Web element with id: 'Object Repository/Page_Create_New_Channel_Local/txt_error_duplicate' located by 'By.xpath: //p[@id='createChannelError']' not found
	at com.kms.katalon.core.webui.keyword.internal.WebUIKeywordMain.stepFailed(WebUIKeywordMain.groovy:64)
	at com.kms.katalon.core.webui.keyword.builtin.VerifyElementPresentKeyword$_verifyElementPresent_closure1.doCall(VerifyElementPresentKeyword.groovy:85)
	at com.kms.katalon.core.webui.keyword.builtin.VerifyElementPresentKeyword$_verifyElementPresent_closure1.call(VerifyElementPresentKeyword.groovy)
	at com.kms.katalon.core.webui.keyword.internal.WebUIKeywordMain.runKeyword(WebUIKeywordMain.groovy:20)
	... 19 more
"/>
         <system-out><![CDATA[2020-06-05 23:12:21 - [TEST_CASE][FAILED] - Test Cases/Channel/Create_channel_duplicated: Test Cases/Channel/Create_channel_duplicated FAILED.
Reason:
com.kms.katalon.core.exception.StepFailedException: Unable to verify object 'Object Repository/Page_Create_New_Channel_Local/txt_error_duplicate' is present
	at com.kms.katalon.core.webui.keyword.internal.WebUIKeywordMain.stepFailed(WebUIKeywordMain.groovy:64)
	at com.kms.katalon.core.webui.keyword.internal.WebUIKeywordMain.runKeyword(WebUIKeywordMain.groovy:26)
	at com.kms.katalon.core.webui.keyword.builtin.VerifyElementPresentKeyword.verifyElementPresent(VerifyElementPresentKeyword.groovy:92)
	at com.kms.katalon.core.webui.keyword.builtin.VerifyElementPresentKeyword.execute(VerifyElementPresentKeyword.groovy:68)
	at com.kms.katalon.core.keyword.internal.KeywordExecutor.executeKeywordForPlatform(KeywordExecutor.groovy:72)
	at com.kms.katalon.core.webui.keyword.WebUiBuiltInKeywords.verifyElementPresent(WebUiBuiltInKeywords.groovy:1460)
	at com.kms.katalon.core.webui.keyword.WebUiBuiltInKeywords$verifyElementPresent$0.call(Unknown Source)
	at Create_channel_duplicated.run(Create_channel_duplicated:30)
	at com.kms.katalon.core.main.ScriptEngine.run(ScriptEngine.java:194)
	at com.kms.katalon.core.main.ScriptEngine.runScriptAsRawText(ScriptEngine.java:119)
	at com.kms.katalon.core.main.TestCaseExecutor.runScript(TestCaseExecutor.java:337)
	at com.kms.katalon.core.main.TestCaseExecutor.doExecute(TestCaseExecutor.java:328)
	at com.kms.katalon.core.main.TestCaseExecutor.processExecutionPhase(TestCaseExecutor.java:307)
	at com.kms.katalon.core.main.TestCaseExecutor.accessMainPhase(TestCaseExecutor.java:299)
	at com.kms.katalon.core.main.TestCaseExecutor.execute(TestCaseExecutor.java:233)
	at com.kms.katalon.core.main.TestSuiteExecutor.accessTestCaseMainPhase(TestSuiteExecutor.java:169)
	at com.kms.katalon.core.main.TestSuiteExecutor.accessTestSuiteMainPhase(TestSuiteExecutor.java:142)
	at com.kms.katalon.core.main.TestSuiteExecutor.execute(TestSuiteExecutor.java:91)
	at com.kms.katalon.core.main.TestCaseMain.startTestSuite(TestCaseMain.java:157)
	at com.kms.katalon.core.main.TestCaseMain$startTestSuite$0.call(Unknown Source)
	at TempTestSuite1591373123859.run(TempTestSuite1591373123859.groovy:37)
Caused by: com.kms.katalon.core.exception.StepFailedException: com.kms.katalon.core.webui.exception.WebElementNotFoundException: Web element with id: 'Object Repository/Page_Create_New_Channel_Local/txt_error_duplicate' located by 'By.xpath: //p[@id='createChannelError']' not found
	at com.kms.katalon.core.webui.keyword.internal.WebUIKeywordMain.stepFailed(WebUIKeywordMain.groovy:64)
	at com.kms.katalon.core.webui.keyword.builtin.VerifyElementPresentKeyword$_verifyElementPresent_closure1.doCall(VerifyElementPresentKeyword.groovy:85)
	at com.kms.katalon.core.webui.keyword.builtin.VerifyElementPresentKeyword$_verifyElementPresent_closure1.call(VerifyElementPresentKeyword.groovy)
	at com.kms.katalon.core.webui.keyword.internal.WebUIKeywordMain.runKeyword(WebUIKeywordMain.groovy:20)
	... 19 more


2020-06-05 23:12:21 - [TEST_STEP][PASSED] - Start setup action : Setup: Method 'Setup' complete successfully

2020-06-05 23:12:21 - [TEST_STEP][PASSED] - openBrowser("http://192.168.1.10:8065/login"): Browser is opened with url: 'http://192.168.1.10:8065/login'

2020-06-05 23:12:21 - [MESSAGE][INFO] - Starting 'Firefox' driver

2020-06-05 23:12:21 - [MESSAGE][INFO] - Action delay is set to 0 milliseconds

2020-06-05 23:12:25 - [MESSAGE][PASSED] - Browser is opened with url: 'http://192.168.1.10:8065/login'

2020-06-05 23:12:25 - [MESSAGE][PASSED] - Method 'Setup' complete successfully

2020-06-05 23:12:25 - [TEST_STEP][PASSED] - callTestCase(findTestCase("Test Cases/Login/login_function"), ["var_user":"tlvietdanh@gmail.com", "var_password":"13101998"], STOP_ON_FAILURE): Call Test Case 'Test Cases/Login/login_function' successfully

2020-06-05 23:12:25 - [TEST_CASE][PASSED] - Test Cases/Login/login_function: Test Cases/Login/login_function

2020-06-05 23:12:25 - [TEST_STEP][PASSED] - setText(findTestObject("Object Repository/Page_Mattermost_login/input_loginId"), var_user): Text 'tlvietdanh@gmail.com' is set on object 'Object Repository/Page_Mattermost_login/input_loginId'

2020-06-05 23:12:27 - [MESSAGE][PASSED] - Text 'tlvietdanh@gmail.com' is set on object 'Object Repository/Page_Mattermost_login/input_loginId'

2020-06-05 23:12:27 - [TEST_STEP][PASSED] - setText(findTestObject("Object Repository/Page_Mattermost_login/input_password"), var_password): Text '13101998' is set on object 'Object Repository/Page_Mattermost_login/input_password'

2020-06-05 23:12:28 - [MESSAGE][PASSED] - Text '13101998' is set on object 'Object Repository/Page_Mattermost_login/input_password'

2020-06-05 23:12:28 - [TEST_STEP][PASSED] - click(findTestObject("Object Repository/Page_Mattermost_login/span_Sign in")): Object: 'Object Repository/Page_Mattermost_login/span_Sign in' is clicked on

2020-06-05 23:12:28 - [MESSAGE][PASSED] - Object: 'Object Repository/Page_Mattermost_login/span_Sign in' is clicked on

2020-06-05 23:12:28 - [MESSAGE][PASSED] - Call Test Case 'Test Cases/Login/login_function' successfully

2020-06-05 23:12:28 - [TEST_STEP][FAILED] - verifyEqual(verifyElementPresent(findTestObject("Object Repository/Page_Create_New_Channel_Local/txt_error_duplicate"), 1), true): Unable to verify object 'Object Repository/Page_Create_New_Channel_Local/txt_error_duplicate' is present (Root cause: com.kms.katalon.core.exception.StepFailedException: Unable to verify object 'Object Repository/Page_Create_New_Channel_Local/txt_error_duplicate' is present
	at com.kms.katalon.core.webui.keyword.internal.WebUIKeywordMain.stepFailed(WebUIKeywordMain.groovy:64)
	at com.kms.katalon.core.webui.keyword.internal.WebUIKeywordMain.runKeyword(WebUIKeywordMain.groovy:26)
	at com.kms.katalon.core.webui.keyword.builtin.VerifyElementPresentKeyword.verifyElementPresent(VerifyElementPresentKeyword.groovy:92)
	at com.kms.katalon.core.webui.keyword.builtin.VerifyElementPresentKeyword.execute(VerifyElementPresentKeyword.groovy:68)
	at com.kms.katalon.core.keyword.internal.KeywordExecutor.executeKeywordForPlatform(KeywordExecutor.groovy:72)
	at com.kms.katalon.core.webui.keyword.WebUiBuiltInKeywords.verifyElementPresent(WebUiBuiltInKeywords.groovy:1460)
	at com.kms.katalon.core.webui.keyword.WebUiBuiltInKeywords$verifyElementPresent$0.call(Unknown Source)
	at Create_channel_duplicated.run(Create_channel_duplicated:30)
	at com.kms.katalon.core.main.ScriptEngine.run(ScriptEngine.java:194)
	at com.kms.katalon.core.main.ScriptEngine.runScriptAsRawText(ScriptEngine.java:119)
	at com.kms.katalon.core.main.TestCaseExecutor.runScript(TestCaseExecutor.java:337)
	at com.kms.katalon.core.main.TestCaseExecutor.doExecute(TestCaseExecutor.java:328)
	at com.kms.katalon.core.main.TestCaseExecutor.processExecutionPhase(TestCaseExecutor.java:307)
	at com.kms.katalon.core.main.TestCaseExecutor.accessMainPhase(TestCaseExecutor.java:299)
	at com.kms.katalon.core.main.TestCaseExecutor.execute(TestCaseExecutor.java:233)
	at com.kms.katalon.core.main.TestSuiteExecutor.accessTestCaseMainPhase(TestSuiteExecutor.java:169)
	at com.kms.katalon.core.main.TestSuiteExecutor.accessTestSuiteMainPhase(TestSuiteExecutor.java:142)
	at com.kms.katalon.core.main.TestSuiteExecutor.execute(TestSuiteExecutor.java:91)
	at com.kms.katalon.core.main.TestCaseMain.startTestSuite(TestCaseMain.java:157)
	at com.kms.katalon.core.main.TestCaseMain$startTestSuite$0.call(Unknown Source)
	at TempTestSuite1591373123859.run(TempTestSuite1591373123859.groovy:37)
Caused by: com.kms.katalon.core.exception.StepFailedException: com.kms.katalon.core.webui.exception.WebElementNotFoundException: Web element with id: 'Object Repository/Page_Create_New_Channel_Local/txt_error_duplicate' located by 'By.xpath: //p[@id='createChannelError']' not found
	at com.kms.katalon.core.webui.keyword.internal.WebUIKeywordMain.stepFailed(WebUIKeywordMain.groovy:64)
	at com.kms.katalon.core.webui.keyword.builtin.VerifyElementPresentKeyword$_verifyElementPresent_closure1.doCall(VerifyElementPresentKeyword.groovy:85)
	at com.kms.katalon.core.webui.keyword.builtin.VerifyElementPresentKeyword$_verifyElementPresent_closure1.call(VerifyElementPresentKeyword.groovy)
	at com.kms.katalon.core.webui.keyword.internal.WebUIKeywordMain.runKeyword(WebUIKeywordMain.groovy:20)
	... 19 more
)

2020-06-05 23:12:31 - [MESSAGE][INFO] - Unable to find the element located by 'By.xpath: //p[@id='createChannelError']'. Please recheck the objects properties to make sure the desired element is located. 

2020-06-05 23:12:31 - [MESSAGE][FAILED] - com.kms.katalon.core.webui.exception.WebElementNotFoundException: Web element with id: 'Object Repository/Page_Create_New_Channel_Local/txt_error_duplicate' located by 'By.xpath: //p[@id='createChannelError']' not found (Root cause: com.kms.katalon.core.exception.StepFailedException: com.kms.katalon.core.webui.exception.WebElementNotFoundException: Web element with id: 'Object Repository/Page_Create_New_Channel_Local/txt_error_duplicate' located by 'By.xpath: //p[@id='createChannelError']' not found
	at com.kms.katalon.core.webui.keyword.internal.WebUIKeywordMain.stepFailed(WebUIKeywordMain.groovy:64)
	at com.kms.katalon.core.webui.keyword.builtin.VerifyElementPresentKeyword$_verifyElementPresent_closure1.doCall(VerifyElementPresentKeyword.groovy:85)
	at com.kms.katalon.core.webui.keyword.builtin.VerifyElementPresentKeyword$_verifyElementPresent_closure1.call(VerifyElementPresentKeyword.groovy)
	at com.kms.katalon.core.webui.keyword.internal.WebUIKeywordMain.runKeyword(WebUIKeywordMain.groovy:20)
	at com.kms.katalon.core.webui.keyword.builtin.VerifyElementPresentKeyword.verifyElementPresent(VerifyElementPresentKeyword.groovy:92)
	at com.kms.katalon.core.webui.keyword.builtin.VerifyElementPresentKeyword.execute(VerifyElementPresentKeyword.groovy:68)
	at com.kms.katalon.core.keyword.internal.KeywordExecutor.executeKeywordForPlatform(KeywordExecutor.groovy:72)
	at com.kms.katalon.core.webui.keyword.WebUiBuiltInKeywords.verifyElementPresent(WebUiBuiltInKeywords.groovy:1460)
	at com.kms.katalon.core.webui.keyword.WebUiBuiltInKeywords$verifyElementPresent$0.call(Unknown Source)
	at Create_channel_duplicated.run(Create_channel_duplicated:30)
	at com.kms.katalon.core.main.ScriptEngine.run(ScriptEngine.java:194)
	at com.kms.katalon.core.main.ScriptEngine.runScriptAsRawText(ScriptEngine.java:119)
	at com.kms.katalon.core.main.TestCaseExecutor.runScript(TestCaseExecutor.java:337)
	at com.kms.katalon.core.main.TestCaseExecutor.doExecute(TestCaseExecutor.java:328)
	at com.kms.katalon.core.main.TestCaseExecutor.processExecutionPhase(TestCaseExecutor.java:307)
	at com.kms.katalon.core.main.TestCaseExecutor.accessMainPhase(TestCaseExecutor.java:299)
	at com.kms.katalon.core.main.TestCaseExecutor.execute(TestCaseExecutor.java:233)
	at com.kms.katalon.core.main.TestSuiteExecutor.accessTestCaseMainPhase(TestSuiteExecutor.java:169)
	at com.kms.katalon.core.main.TestSuiteExecutor.accessTestSuiteMainPhase(TestSuiteExecutor.java:142)
	at com.kms.katalon.core.main.TestSuiteExecutor.execute(TestSuiteExecutor.java:91)
	at com.kms.katalon.core.main.TestCaseMain.startTestSuite(TestCaseMain.java:157)
	at com.kms.katalon.core.main.TestCaseMain$startTestSuite$0.call(Unknown Source)
	at TempTestSuite1591373123859.run(TempTestSuite1591373123859.groovy:37)
)
[[ATTACHMENT|D:\\katalon\\hw2-katalon-testing\\Reports\\20200605_230523\\Run_All_Test_Cases\\20200605_230523\\1591373551080.png]]

2020-06-05 23:12:31 - [MESSAGE][FAILED] - Unable to verify object 'Object Repository/Page_Create_New_Channel_Local/txt_error_duplicate' is present (Root cause: com.kms.katalon.core.exception.StepFailedException: Unable to verify object 'Object Repository/Page_Create_New_Channel_Local/txt_error_duplicate' is present
	at com.kms.katalon.core.webui.keyword.internal.WebUIKeywordMain.stepFailed(WebUIKeywordMain.groovy:64)
	at com.kms.katalon.core.webui.keyword.internal.WebUIKeywordMain.runKeyword(WebUIKeywordMain.groovy:26)
	at com.kms.katalon.core.webui.keyword.builtin.VerifyElementPresentKeyword.verifyElementPresent(VerifyElementPresentKeyword.groovy:92)
	at com.kms.katalon.core.webui.keyword.builtin.VerifyElementPresentKeyword.execute(VerifyElementPresentKeyword.groovy:68)
	at com.kms.katalon.core.keyword.internal.KeywordExecutor.executeKeywordForPlatform(KeywordExecutor.groovy:72)
	at com.kms.katalon.core.webui.keyword.WebUiBuiltInKeywords.verifyElementPresent(WebUiBuiltInKeywords.groovy:1460)
	at com.kms.katalon.core.webui.keyword.WebUiBuiltInKeywords$verifyElementPresent$0.call(Unknown Source)
	at Create_channel_duplicated.run(Create_channel_duplicated:30)
	at com.kms.katalon.core.main.ScriptEngine.run(ScriptEngine.java:194)
	at com.kms.katalon.core.main.ScriptEngine.runScriptAsRawText(ScriptEngine.java:119)
	at com.kms.katalon.core.main.TestCaseExecutor.runScript(TestCaseExecutor.java:337)
	at com.kms.katalon.core.main.TestCaseExecutor.doExecute(TestCaseExecutor.java:328)
	at com.kms.katalon.core.main.TestCaseExecutor.processExecutionPhase(TestCaseExecutor.java:307)
	at com.kms.katalon.core.main.TestCaseExecutor.accessMainPhase(TestCaseExecutor.java:299)
	at com.kms.katalon.core.main.TestCaseExecutor.execute(TestCaseExecutor.java:233)
	at com.kms.katalon.core.main.TestSuiteExecutor.accessTestCaseMainPhase(TestSuiteExecutor.java:169)
	at com.kms.katalon.core.main.TestSuiteExecutor.accessTestSuiteMainPhase(TestSuiteExecutor.java:142)
	at com.kms.katalon.core.main.TestSuiteExecutor.execute(TestSuiteExecutor.java:91)
	at com.kms.katalon.core.main.TestCaseMain.startTestSuite(TestCaseMain.java:157)
	at com.kms.katalon.core.main.TestCaseMain$startTestSuite$0.call(Unknown Source)
	at TempTestSuite1591373123859.run(TempTestSuite1591373123859.groovy:37)
Caused by: com.kms.katalon.core.exception.StepFailedException: com.kms.katalon.core.webui.exception.WebElementNotFoundException: Web element with id: 'Object Repository/Page_Create_New_Channel_Local/txt_error_duplicate' located by 'By.xpath: //p[@id='createChannelError']' not found
	at com.kms.katalon.core.webui.keyword.internal.WebUIKeywordMain.stepFailed(WebUIKeywordMain.groovy:64)
	at com.kms.katalon.core.webui.keyword.builtin.VerifyElementPresentKeyword$_verifyElementPresent_closure1.doCall(VerifyElementPresentKeyword.groovy:85)
	at com.kms.katalon.core.webui.keyword.builtin.VerifyElementPresentKeyword$_verifyElementPresent_closure1.call(VerifyElementPresentKeyword.groovy)
	at com.kms.katalon.core.webui.keyword.internal.WebUIKeywordMain.runKeyword(WebUIKeywordMain.groovy:20)
	... 19 more
)
[[ATTACHMENT|D:\\katalon\\hw2-katalon-testing\\Reports\\20200605_230523\\Run_All_Test_Cases\\20200605_230523\\1591373551158.png]]

2020-06-05 23:12:31 - [TEST_STEP][PASSED] - Start tear down : Teardown: Method 'Teardown' complete successfully

2020-06-05 23:12:31 - [TEST_STEP][PASSED] - closeBrowser(): Browser is closed

2020-06-05 23:12:32 - [MESSAGE][PASSED] - Browser is closed

2020-06-05 23:12:32 - [MESSAGE][PASSED] - Method 'Teardown' complete successfully]]></system-out>
         <system-err><![CDATA[2020-06-05 23:12:21 - [TEST_CASE][FAILED] - Test Cases/Channel/Create_channel_duplicated: Test Cases/Channel/Create_channel_duplicated FAILED.
Reason:
com.kms.katalon.core.exception.StepFailedException: Unable to verify object 'Object Repository/Page_Create_New_Channel_Local/txt_error_duplicate' is present
	at com.kms.katalon.core.webui.keyword.internal.WebUIKeywordMain.stepFailed(WebUIKeywordMain.groovy:64)
	at com.kms.katalon.core.webui.keyword.internal.WebUIKeywordMain.runKeyword(WebUIKeywordMain.groovy:26)
	at com.kms.katalon.core.webui.keyword.builtin.VerifyElementPresentKeyword.verifyElementPresent(VerifyElementPresentKeyword.groovy:92)
	at com.kms.katalon.core.webui.keyword.builtin.VerifyElementPresentKeyword.execute(VerifyElementPresentKeyword.groovy:68)
	at com.kms.katalon.core.keyword.internal.KeywordExecutor.executeKeywordForPlatform(KeywordExecutor.groovy:72)
	at com.kms.katalon.core.webui.keyword.WebUiBuiltInKeywords.verifyElementPresent(WebUiBuiltInKeywords.groovy:1460)
	at com.kms.katalon.core.webui.keyword.WebUiBuiltInKeywords$verifyElementPresent$0.call(Unknown Source)
	at Create_channel_duplicated.run(Create_channel_duplicated:30)
	at com.kms.katalon.core.main.ScriptEngine.run(ScriptEngine.java:194)
	at com.kms.katalon.core.main.ScriptEngine.runScriptAsRawText(ScriptEngine.java:119)
	at com.kms.katalon.core.main.TestCaseExecutor.runScript(TestCaseExecutor.java:337)
	at com.kms.katalon.core.main.TestCaseExecutor.doExecute(TestCaseExecutor.java:328)
	at com.kms.katalon.core.main.TestCaseExecutor.processExecutionPhase(TestCaseExecutor.java:307)
	at com.kms.katalon.core.main.TestCaseExecutor.accessMainPhase(TestCaseExecutor.java:299)
	at com.kms.katalon.core.main.TestCaseExecutor.execute(TestCaseExecutor.java:233)
	at com.kms.katalon.core.main.TestSuiteExecutor.accessTestCaseMainPhase(TestSuiteExecutor.java:169)
	at com.kms.katalon.core.main.TestSuiteExecutor.accessTestSuiteMainPhase(TestSuiteExecutor.java:142)
	at com.kms.katalon.core.main.TestSuiteExecutor.execute(TestSuiteExecutor.java:91)
	at com.kms.katalon.core.main.TestCaseMain.startTestSuite(TestCaseMain.java:157)
	at com.kms.katalon.core.main.TestCaseMain$startTestSuite$0.call(Unknown Source)
	at TempTestSuite1591373123859.run(TempTestSuite1591373123859.groovy:37)
Caused by: com.kms.katalon.core.exception.StepFailedException: com.kms.katalon.core.webui.exception.WebElementNotFoundException: Web element with id: 'Object Repository/Page_Create_New_Channel_Local/txt_error_duplicate' located by 'By.xpath: //p[@id='createChannelError']' not found
	at com.kms.katalon.core.webui.keyword.internal.WebUIKeywordMain.stepFailed(WebUIKeywordMain.groovy:64)
	at com.kms.katalon.core.webui.keyword.builtin.VerifyElementPresentKeyword$_verifyElementPresent_closure1.doCall(VerifyElementPresentKeyword.groovy:85)
	at com.kms.katalon.core.webui.keyword.builtin.VerifyElementPresentKeyword$_verifyElementPresent_closure1.call(VerifyElementPresentKeyword.groovy)
	at com.kms.katalon.core.webui.keyword.internal.WebUIKeywordMain.runKeyword(WebUIKeywordMain.groovy:20)
	... 19 more]]></system-err>
      </testcase>
      <testcase name="Test Cases/Channel/Create_channel_duplicated" time="10.32" classname="Test Cases/Channel/Create_channel_duplicated" status="FAILED">
         <failure type="FAILED" message="Test Cases/Channel/Create_channel_duplicated FAILED.
Reason:
com.kms.katalon.core.exception.StepFailedException: Unable to verify object 'Object Repository/Page_Create_New_Channel_Local/txt_error_duplicate' is present
	at com.kms.katalon.core.webui.keyword.internal.WebUIKeywordMain.stepFailed(WebUIKeywordMain.groovy:64)
	at com.kms.katalon.core.webui.keyword.internal.WebUIKeywordMain.runKeyword(WebUIKeywordMain.groovy:26)
	at com.kms.katalon.core.webui.keyword.builtin.VerifyElementPresentKeyword.verifyElementPresent(VerifyElementPresentKeyword.groovy:92)
	at com.kms.katalon.core.webui.keyword.builtin.VerifyElementPresentKeyword.execute(VerifyElementPresentKeyword.groovy:68)
	at com.kms.katalon.core.keyword.internal.KeywordExecutor.executeKeywordForPlatform(KeywordExecutor.groovy:72)
	at com.kms.katalon.core.webui.keyword.WebUiBuiltInKeywords.verifyElementPresent(WebUiBuiltInKeywords.groovy:1460)
	at com.kms.katalon.core.webui.keyword.WebUiBuiltInKeywords$verifyElementPresent$0.call(Unknown Source)
	at Create_channel_duplicated.run(Create_channel_duplicated:30)
	at com.kms.katalon.core.main.ScriptEngine.run(ScriptEngine.java:194)
	at com.kms.katalon.core.main.ScriptEngine.runScriptAsRawText(ScriptEngine.java:119)
	at com.kms.katalon.core.main.TestCaseExecutor.runScript(TestCaseExecutor.java:337)
	at com.kms.katalon.core.main.TestCaseExecutor.doExecute(TestCaseExecutor.java:328)
	at com.kms.katalon.core.main.TestCaseExecutor.processExecutionPhase(TestCaseExecutor.java:307)
	at com.kms.katalon.core.main.TestCaseExecutor.accessMainPhase(TestCaseExecutor.java:299)
	at com.kms.katalon.core.main.TestCaseExecutor.execute(TestCaseExecutor.java:233)
	at com.kms.katalon.core.main.TestSuiteExecutor.accessTestCaseMainPhase(TestSuiteExecutor.java:169)
	at com.kms.katalon.core.main.TestSuiteExecutor.accessTestSuiteMainPhase(TestSuiteExecutor.java:142)
	at com.kms.katalon.core.main.TestSuiteExecutor.execute(TestSuiteExecutor.java:91)
	at com.kms.katalon.core.main.TestCaseMain.startTestSuite(TestCaseMain.java:157)
	at com.kms.katalon.core.main.TestCaseMain$startTestSuite$0.call(Unknown Source)
	at TempTestSuite1591373123859.run(TempTestSuite1591373123859.groovy:37)
Caused by: com.kms.katalon.core.exception.StepFailedException: com.kms.katalon.core.webui.exception.WebElementNotFoundException: Web element with id: 'Object Repository/Page_Create_New_Channel_Local/txt_error_duplicate' located by 'By.xpath: //p[@id='createChannelError']' not found
	at com.kms.katalon.core.webui.keyword.internal.WebUIKeywordMain.stepFailed(WebUIKeywordMain.groovy:64)
	at com.kms.katalon.core.webui.keyword.builtin.VerifyElementPresentKeyword$_verifyElementPresent_closure1.doCall(VerifyElementPresentKeyword.groovy:85)
	at com.kms.katalon.core.webui.keyword.builtin.VerifyElementPresentKeyword$_verifyElementPresent_closure1.call(VerifyElementPresentKeyword.groovy)
	at com.kms.katalon.core.webui.keyword.internal.WebUIKeywordMain.runKeyword(WebUIKeywordMain.groovy:20)
	... 19 more
"/>
         <system-out><![CDATA[2020-06-05 23:12:32 - [TEST_CASE][FAILED] - Test Cases/Channel/Create_channel_duplicated: Test Cases/Channel/Create_channel_duplicated FAILED.
Reason:
com.kms.katalon.core.exception.StepFailedException: Unable to verify object 'Object Repository/Page_Create_New_Channel_Local/txt_error_duplicate' is present
	at com.kms.katalon.core.webui.keyword.internal.WebUIKeywordMain.stepFailed(WebUIKeywordMain.groovy:64)
	at com.kms.katalon.core.webui.keyword.internal.WebUIKeywordMain.runKeyword(WebUIKeywordMain.groovy:26)
	at com.kms.katalon.core.webui.keyword.builtin.VerifyElementPresentKeyword.verifyElementPresent(VerifyElementPresentKeyword.groovy:92)
	at com.kms.katalon.core.webui.keyword.builtin.VerifyElementPresentKeyword.execute(VerifyElementPresentKeyword.groovy:68)
	at com.kms.katalon.core.keyword.internal.KeywordExecutor.executeKeywordForPlatform(KeywordExecutor.groovy:72)
	at com.kms.katalon.core.webui.keyword.WebUiBuiltInKeywords.verifyElementPresent(WebUiBuiltInKeywords.groovy:1460)
	at com.kms.katalon.core.webui.keyword.WebUiBuiltInKeywords$verifyElementPresent$0.call(Unknown Source)
	at Create_channel_duplicated.run(Create_channel_duplicated:30)
	at com.kms.katalon.core.main.ScriptEngine.run(ScriptEngine.java:194)
	at com.kms.katalon.core.main.ScriptEngine.runScriptAsRawText(ScriptEngine.java:119)
	at com.kms.katalon.core.main.TestCaseExecutor.runScript(TestCaseExecutor.java:337)
	at com.kms.katalon.core.main.TestCaseExecutor.doExecute(TestCaseExecutor.java:328)
	at com.kms.katalon.core.main.TestCaseExecutor.processExecutionPhase(TestCaseExecutor.java:307)
	at com.kms.katalon.core.main.TestCaseExecutor.accessMainPhase(TestCaseExecutor.java:299)
	at com.kms.katalon.core.main.TestCaseExecutor.execute(TestCaseExecutor.java:233)
	at com.kms.katalon.core.main.TestSuiteExecutor.accessTestCaseMainPhase(TestSuiteExecutor.java:169)
	at com.kms.katalon.core.main.TestSuiteExecutor.accessTestSuiteMainPhase(TestSuiteExecutor.java:142)
	at com.kms.katalon.core.main.TestSuiteExecutor.execute(TestSuiteExecutor.java:91)
	at com.kms.katalon.core.main.TestCaseMain.startTestSuite(TestCaseMain.java:157)
	at com.kms.katalon.core.main.TestCaseMain$startTestSuite$0.call(Unknown Source)
	at TempTestSuite1591373123859.run(TempTestSuite1591373123859.groovy:37)
Caused by: com.kms.katalon.core.exception.StepFailedException: com.kms.katalon.core.webui.exception.WebElementNotFoundException: Web element with id: 'Object Repository/Page_Create_New_Channel_Local/txt_error_duplicate' located by 'By.xpath: //p[@id='createChannelError']' not found
	at com.kms.katalon.core.webui.keyword.internal.WebUIKeywordMain.stepFailed(WebUIKeywordMain.groovy:64)
	at com.kms.katalon.core.webui.keyword.builtin.VerifyElementPresentKeyword$_verifyElementPresent_closure1.doCall(VerifyElementPresentKeyword.groovy:85)
	at com.kms.katalon.core.webui.keyword.builtin.VerifyElementPresentKeyword$_verifyElementPresent_closure1.call(VerifyElementPresentKeyword.groovy)
	at com.kms.katalon.core.webui.keyword.internal.WebUIKeywordMain.runKeyword(WebUIKeywordMain.groovy:20)
	... 19 more


2020-06-05 23:12:32 - [TEST_STEP][PASSED] - Start setup action : Setup: Method 'Setup' complete successfully

2020-06-05 23:12:32 - [TEST_STEP][PASSED] - openBrowser("http://192.168.1.10:8065/login"): Browser is opened with url: 'http://192.168.1.10:8065/login'

2020-06-05 23:12:32 - [MESSAGE][INFO] - Starting 'Firefox' driver

2020-06-05 23:12:32 - [MESSAGE][INFO] - Action delay is set to 0 milliseconds

2020-06-05 23:12:36 - [MESSAGE][PASSED] - Browser is opened with url: 'http://192.168.1.10:8065/login'

2020-06-05 23:12:36 - [MESSAGE][PASSED] - Method 'Setup' complete successfully

2020-06-05 23:12:36 - [TEST_STEP][PASSED] - callTestCase(findTestCase("Test Cases/Login/login_function"), ["var_user":"tlvietdanh@gmail.com", "var_password":"13101998"], STOP_ON_FAILURE): Call Test Case 'Test Cases/Login/login_function' successfully

2020-06-05 23:12:36 - [TEST_CASE][PASSED] - Test Cases/Login/login_function: Test Cases/Login/login_function

2020-06-05 23:12:36 - [TEST_STEP][PASSED] - setText(findTestObject("Object Repository/Page_Mattermost_login/input_loginId"), var_user): Text 'tlvietdanh@gmail.com' is set on object 'Object Repository/Page_Mattermost_login/input_loginId'

2020-06-05 23:12:37 - [MESSAGE][PASSED] - Text 'tlvietdanh@gmail.com' is set on object 'Object Repository/Page_Mattermost_login/input_loginId'

2020-06-05 23:12:37 - [TEST_STEP][PASSED] - setText(findTestObject("Object Repository/Page_Mattermost_login/input_password"), var_password): Text '13101998' is set on object 'Object Repository/Page_Mattermost_login/input_password'

2020-06-05 23:12:38 - [MESSAGE][PASSED] - Text '13101998' is set on object 'Object Repository/Page_Mattermost_login/input_password'

2020-06-05 23:12:38 - [TEST_STEP][PASSED] - click(findTestObject("Object Repository/Page_Mattermost_login/span_Sign in")): Object: 'Object Repository/Page_Mattermost_login/span_Sign in' is clicked on

2020-06-05 23:12:39 - [MESSAGE][PASSED] - Object: 'Object Repository/Page_Mattermost_login/span_Sign in' is clicked on

2020-06-05 23:12:39 - [MESSAGE][PASSED] - Call Test Case 'Test Cases/Login/login_function' successfully

2020-06-05 23:12:39 - [TEST_STEP][FAILED] - verifyEqual(verifyElementPresent(findTestObject("Object Repository/Page_Create_New_Channel_Local/txt_error_duplicate"), 1), true): Unable to verify object 'Object Repository/Page_Create_New_Channel_Local/txt_error_duplicate' is present (Root cause: com.kms.katalon.core.exception.StepFailedException: Unable to verify object 'Object Repository/Page_Create_New_Channel_Local/txt_error_duplicate' is present
	at com.kms.katalon.core.webui.keyword.internal.WebUIKeywordMain.stepFailed(WebUIKeywordMain.groovy:64)
	at com.kms.katalon.core.webui.keyword.internal.WebUIKeywordMain.runKeyword(WebUIKeywordMain.groovy:26)
	at com.kms.katalon.core.webui.keyword.builtin.VerifyElementPresentKeyword.verifyElementPresent(VerifyElementPresentKeyword.groovy:92)
	at com.kms.katalon.core.webui.keyword.builtin.VerifyElementPresentKeyword.execute(VerifyElementPresentKeyword.groovy:68)
	at com.kms.katalon.core.keyword.internal.KeywordExecutor.executeKeywordForPlatform(KeywordExecutor.groovy:72)
	at com.kms.katalon.core.webui.keyword.WebUiBuiltInKeywords.verifyElementPresent(WebUiBuiltInKeywords.groovy:1460)
	at com.kms.katalon.core.webui.keyword.WebUiBuiltInKeywords$verifyElementPresent$0.call(Unknown Source)
	at Create_channel_duplicated.run(Create_channel_duplicated:30)
	at com.kms.katalon.core.main.ScriptEngine.run(ScriptEngine.java:194)
	at com.kms.katalon.core.main.ScriptEngine.runScriptAsRawText(ScriptEngine.java:119)
	at com.kms.katalon.core.main.TestCaseExecutor.runScript(TestCaseExecutor.java:337)
	at com.kms.katalon.core.main.TestCaseExecutor.doExecute(TestCaseExecutor.java:328)
	at com.kms.katalon.core.main.TestCaseExecutor.processExecutionPhase(TestCaseExecutor.java:307)
	at com.kms.katalon.core.main.TestCaseExecutor.accessMainPhase(TestCaseExecutor.java:299)
	at com.kms.katalon.core.main.TestCaseExecutor.execute(TestCaseExecutor.java:233)
	at com.kms.katalon.core.main.TestSuiteExecutor.accessTestCaseMainPhase(TestSuiteExecutor.java:169)
	at com.kms.katalon.core.main.TestSuiteExecutor.accessTestSuiteMainPhase(TestSuiteExecutor.java:142)
	at com.kms.katalon.core.main.TestSuiteExecutor.execute(TestSuiteExecutor.java:91)
	at com.kms.katalon.core.main.TestCaseMain.startTestSuite(TestCaseMain.java:157)
	at com.kms.katalon.core.main.TestCaseMain$startTestSuite$0.call(Unknown Source)
	at TempTestSuite1591373123859.run(TempTestSuite1591373123859.groovy:37)
Caused by: com.kms.katalon.core.exception.StepFailedException: com.kms.katalon.core.webui.exception.WebElementNotFoundException: Web element with id: 'Object Repository/Page_Create_New_Channel_Local/txt_error_duplicate' located by 'By.xpath: //p[@id='createChannelError']' not found
	at com.kms.katalon.core.webui.keyword.internal.WebUIKeywordMain.stepFailed(WebUIKeywordMain.groovy:64)
	at com.kms.katalon.core.webui.keyword.builtin.VerifyElementPresentKeyword$_verifyElementPresent_closure1.doCall(VerifyElementPresentKeyword.groovy:85)
	at com.kms.katalon.core.webui.keyword.builtin.VerifyElementPresentKeyword$_verifyElementPresent_closure1.call(VerifyElementPresentKeyword.groovy)
	at com.kms.katalon.core.webui.keyword.internal.WebUIKeywordMain.runKeyword(WebUIKeywordMain.groovy:20)
	... 19 more
)

2020-06-05 23:12:41 - [MESSAGE][INFO] - Unable to find the element located by 'By.xpath: //p[@id='createChannelError']'. Please recheck the objects properties to make sure the desired element is located. 

2020-06-05 23:12:41 - [MESSAGE][FAILED] - com.kms.katalon.core.webui.exception.WebElementNotFoundException: Web element with id: 'Object Repository/Page_Create_New_Channel_Local/txt_error_duplicate' located by 'By.xpath: //p[@id='createChannelError']' not found (Root cause: com.kms.katalon.core.exception.StepFailedException: com.kms.katalon.core.webui.exception.WebElementNotFoundException: Web element with id: 'Object Repository/Page_Create_New_Channel_Local/txt_error_duplicate' located by 'By.xpath: //p[@id='createChannelError']' not found
	at com.kms.katalon.core.webui.keyword.internal.WebUIKeywordMain.stepFailed(WebUIKeywordMain.groovy:64)
	at com.kms.katalon.core.webui.keyword.builtin.VerifyElementPresentKeyword$_verifyElementPresent_closure1.doCall(VerifyElementPresentKeyword.groovy:85)
	at com.kms.katalon.core.webui.keyword.builtin.VerifyElementPresentKeyword$_verifyElementPresent_closure1.call(VerifyElementPresentKeyword.groovy)
	at com.kms.katalon.core.webui.keyword.internal.WebUIKeywordMain.runKeyword(WebUIKeywordMain.groovy:20)
	at com.kms.katalon.core.webui.keyword.builtin.VerifyElementPresentKeyword.verifyElementPresent(VerifyElementPresentKeyword.groovy:92)
	at com.kms.katalon.core.webui.keyword.builtin.VerifyElementPresentKeyword.execute(VerifyElementPresentKeyword.groovy:68)
	at com.kms.katalon.core.keyword.internal.KeywordExecutor.executeKeywordForPlatform(KeywordExecutor.groovy:72)
	at com.kms.katalon.core.webui.keyword.WebUiBuiltInKeywords.verifyElementPresent(WebUiBuiltInKeywords.groovy:1460)
	at com.kms.katalon.core.webui.keyword.WebUiBuiltInKeywords$verifyElementPresent$0.call(Unknown Source)
	at Create_channel_duplicated.run(Create_channel_duplicated:30)
	at com.kms.katalon.core.main.ScriptEngine.run(ScriptEngine.java:194)
	at com.kms.katalon.core.main.ScriptEngine.runScriptAsRawText(ScriptEngine.java:119)
	at com.kms.katalon.core.main.TestCaseExecutor.runScript(TestCaseExecutor.java:337)
	at com.kms.katalon.core.main.TestCaseExecutor.doExecute(TestCaseExecutor.java:328)
	at com.kms.katalon.core.main.TestCaseExecutor.processExecutionPhase(TestCaseExecutor.java:307)
	at com.kms.katalon.core.main.TestCaseExecutor.accessMainPhase(TestCaseExecutor.java:299)
	at com.kms.katalon.core.main.TestCaseExecutor.execute(TestCaseExecutor.java:233)
	at com.kms.katalon.core.main.TestSuiteExecutor.accessTestCaseMainPhase(TestSuiteExecutor.java:169)
	at com.kms.katalon.core.main.TestSuiteExecutor.accessTestSuiteMainPhase(TestSuiteExecutor.java:142)
	at com.kms.katalon.core.main.TestSuiteExecutor.execute(TestSuiteExecutor.java:91)
	at com.kms.katalon.core.main.TestCaseMain.startTestSuite(TestCaseMain.java:157)
	at com.kms.katalon.core.main.TestCaseMain$startTestSuite$0.call(Unknown Source)
	at TempTestSuite1591373123859.run(TempTestSuite1591373123859.groovy:37)
)
[[ATTACHMENT|D:\\katalon\\hw2-katalon-testing\\Reports\\20200605_230523\\Run_All_Test_Cases\\20200605_230523\\1591373561433.png]]

2020-06-05 23:12:41 - [MESSAGE][FAILED] - Unable to verify object 'Object Repository/Page_Create_New_Channel_Local/txt_error_duplicate' is present (Root cause: com.kms.katalon.core.exception.StepFailedException: Unable to verify object 'Object Repository/Page_Create_New_Channel_Local/txt_error_duplicate' is present
	at com.kms.katalon.core.webui.keyword.internal.WebUIKeywordMain.stepFailed(WebUIKeywordMain.groovy:64)
	at com.kms.katalon.core.webui.keyword.internal.WebUIKeywordMain.runKeyword(WebUIKeywordMain.groovy:26)
	at com.kms.katalon.core.webui.keyword.builtin.VerifyElementPresentKeyword.verifyElementPresent(VerifyElementPresentKeyword.groovy:92)
	at com.kms.katalon.core.webui.keyword.builtin.VerifyElementPresentKeyword.execute(VerifyElementPresentKeyword.groovy:68)
	at com.kms.katalon.core.keyword.internal.KeywordExecutor.executeKeywordForPlatform(KeywordExecutor.groovy:72)
	at com.kms.katalon.core.webui.keyword.WebUiBuiltInKeywords.verifyElementPresent(WebUiBuiltInKeywords.groovy:1460)
	at com.kms.katalon.core.webui.keyword.WebUiBuiltInKeywords$verifyElementPresent$0.call(Unknown Source)
	at Create_channel_duplicated.run(Create_channel_duplicated:30)
	at com.kms.katalon.core.main.ScriptEngine.run(ScriptEngine.java:194)
	at com.kms.katalon.core.main.ScriptEngine.runScriptAsRawText(ScriptEngine.java:119)
	at com.kms.katalon.core.main.TestCaseExecutor.runScript(TestCaseExecutor.java:337)
	at com.kms.katalon.core.main.TestCaseExecutor.doExecute(TestCaseExecutor.java:328)
	at com.kms.katalon.core.main.TestCaseExecutor.processExecutionPhase(TestCaseExecutor.java:307)
	at com.kms.katalon.core.main.TestCaseExecutor.accessMainPhase(TestCaseExecutor.java:299)
	at com.kms.katalon.core.main.TestCaseExecutor.execute(TestCaseExecutor.java:233)
	at com.kms.katalon.core.main.TestSuiteExecutor.accessTestCaseMainPhase(TestSuiteExecutor.java:169)
	at com.kms.katalon.core.main.TestSuiteExecutor.accessTestSuiteMainPhase(TestSuiteExecutor.java:142)
	at com.kms.katalon.core.main.TestSuiteExecutor.execute(TestSuiteExecutor.java:91)
	at com.kms.katalon.core.main.TestCaseMain.startTestSuite(TestCaseMain.java:157)
	at com.kms.katalon.core.main.TestCaseMain$startTestSuite$0.call(Unknown Source)
	at TempTestSuite1591373123859.run(TempTestSuite1591373123859.groovy:37)
Caused by: com.kms.katalon.core.exception.StepFailedException: com.kms.katalon.core.webui.exception.WebElementNotFoundException: Web element with id: 'Object Repository/Page_Create_New_Channel_Local/txt_error_duplicate' located by 'By.xpath: //p[@id='createChannelError']' not found
	at com.kms.katalon.core.webui.keyword.internal.WebUIKeywordMain.stepFailed(WebUIKeywordMain.groovy:64)
	at com.kms.katalon.core.webui.keyword.builtin.VerifyElementPresentKeyword$_verifyElementPresent_closure1.doCall(VerifyElementPresentKeyword.groovy:85)
	at com.kms.katalon.core.webui.keyword.builtin.VerifyElementPresentKeyword$_verifyElementPresent_closure1.call(VerifyElementPresentKeyword.groovy)
	at com.kms.katalon.core.webui.keyword.internal.WebUIKeywordMain.runKeyword(WebUIKeywordMain.groovy:20)
	... 19 more
)
[[ATTACHMENT|D:\\katalon\\hw2-katalon-testing\\Reports\\20200605_230523\\Run_All_Test_Cases\\20200605_230523\\1591373561508.png]]

2020-06-05 23:12:41 - [TEST_STEP][PASSED] - Start tear down : Teardown: Method 'Teardown' complete successfully

2020-06-05 23:12:41 - [TEST_STEP][PASSED] - closeBrowser(): Browser is closed

2020-06-05 23:12:42 - [MESSAGE][PASSED] - Browser is closed

2020-06-05 23:12:42 - [MESSAGE][PASSED] - Method 'Teardown' complete successfully]]></system-out>
         <system-err><![CDATA[2020-06-05 23:12:32 - [TEST_CASE][FAILED] - Test Cases/Channel/Create_channel_duplicated: Test Cases/Channel/Create_channel_duplicated FAILED.
Reason:
com.kms.katalon.core.exception.StepFailedException: Unable to verify object 'Object Repository/Page_Create_New_Channel_Local/txt_error_duplicate' is present
	at com.kms.katalon.core.webui.keyword.internal.WebUIKeywordMain.stepFailed(WebUIKeywordMain.groovy:64)
	at com.kms.katalon.core.webui.keyword.internal.WebUIKeywordMain.runKeyword(WebUIKeywordMain.groovy:26)
	at com.kms.katalon.core.webui.keyword.builtin.VerifyElementPresentKeyword.verifyElementPresent(VerifyElementPresentKeyword.groovy:92)
	at com.kms.katalon.core.webui.keyword.builtin.VerifyElementPresentKeyword.execute(VerifyElementPresentKeyword.groovy:68)
	at com.kms.katalon.core.keyword.internal.KeywordExecutor.executeKeywordForPlatform(KeywordExecutor.groovy:72)
	at com.kms.katalon.core.webui.keyword.WebUiBuiltInKeywords.verifyElementPresent(WebUiBuiltInKeywords.groovy:1460)
	at com.kms.katalon.core.webui.keyword.WebUiBuiltInKeywords$verifyElementPresent$0.call(Unknown Source)
	at Create_channel_duplicated.run(Create_channel_duplicated:30)
	at com.kms.katalon.core.main.ScriptEngine.run(ScriptEngine.java:194)
	at com.kms.katalon.core.main.ScriptEngine.runScriptAsRawText(ScriptEngine.java:119)
	at com.kms.katalon.core.main.TestCaseExecutor.runScript(TestCaseExecutor.java:337)
	at com.kms.katalon.core.main.TestCaseExecutor.doExecute(TestCaseExecutor.java:328)
	at com.kms.katalon.core.main.TestCaseExecutor.processExecutionPhase(TestCaseExecutor.java:307)
	at com.kms.katalon.core.main.TestCaseExecutor.accessMainPhase(TestCaseExecutor.java:299)
	at com.kms.katalon.core.main.TestCaseExecutor.execute(TestCaseExecutor.java:233)
	at com.kms.katalon.core.main.TestSuiteExecutor.accessTestCaseMainPhase(TestSuiteExecutor.java:169)
	at com.kms.katalon.core.main.TestSuiteExecutor.accessTestSuiteMainPhase(TestSuiteExecutor.java:142)
	at com.kms.katalon.core.main.TestSuiteExecutor.execute(TestSuiteExecutor.java:91)
	at com.kms.katalon.core.main.TestCaseMain.startTestSuite(TestCaseMain.java:157)
	at com.kms.katalon.core.main.TestCaseMain$startTestSuite$0.call(Unknown Source)
	at TempTestSuite1591373123859.run(TempTestSuite1591373123859.groovy:37)
Caused by: com.kms.katalon.core.exception.StepFailedException: com.kms.katalon.core.webui.exception.WebElementNotFoundException: Web element with id: 'Object Repository/Page_Create_New_Channel_Local/txt_error_duplicate' located by 'By.xpath: //p[@id='createChannelError']' not found
	at com.kms.katalon.core.webui.keyword.internal.WebUIKeywordMain.stepFailed(WebUIKeywordMain.groovy:64)
	at com.kms.katalon.core.webui.keyword.builtin.VerifyElementPresentKeyword$_verifyElementPresent_closure1.doCall(VerifyElementPresentKeyword.groovy:85)
	at com.kms.katalon.core.webui.keyword.builtin.VerifyElementPresentKeyword$_verifyElementPresent_closure1.call(VerifyElementPresentKeyword.groovy)
	at com.kms.katalon.core.webui.keyword.internal.WebUIKeywordMain.runKeyword(WebUIKeywordMain.groovy:20)
	... 19 more]]></system-err>
      </testcase>
      <testcase name="Test Cases/Channel/Create_channel_error_header" time="10.637" classname="Test Cases/Channel/Create_channel_error_header" status="FAILED">
         <failure type="FAILED" message="Test Cases/Channel/Create_channel_error_header FAILED.
Reason:
com.kms.katalon.core.exception.StepFailedException: Unable to verify object 'Object Repository/Page_Create_New_Channel_Local/txt_error_duplicate' is present
	at com.kms.katalon.core.webui.keyword.internal.WebUIKeywordMain.stepFailed(WebUIKeywordMain.groovy:64)
	at com.kms.katalon.core.webui.keyword.internal.WebUIKeywordMain.runKeyword(WebUIKeywordMain.groovy:26)
	at com.kms.katalon.core.webui.keyword.builtin.VerifyElementPresentKeyword.verifyElementPresent(VerifyElementPresentKeyword.groovy:92)
	at com.kms.katalon.core.webui.keyword.builtin.VerifyElementPresentKeyword.execute(VerifyElementPresentKeyword.groovy:68)
	at com.kms.katalon.core.keyword.internal.KeywordExecutor.executeKeywordForPlatform(KeywordExecutor.groovy:72)
	at com.kms.katalon.core.webui.keyword.WebUiBuiltInKeywords.verifyElementPresent(WebUiBuiltInKeywords.groovy:1460)
	at com.kms.katalon.core.webui.keyword.WebUiBuiltInKeywords$verifyElementPresent$0.call(Unknown Source)
	at Create_channel_error_header.run(Create_channel_error_header:29)
	at com.kms.katalon.core.main.ScriptEngine.run(ScriptEngine.java:194)
	at com.kms.katalon.core.main.ScriptEngine.runScriptAsRawText(ScriptEngine.java:119)
	at com.kms.katalon.core.main.TestCaseExecutor.runScript(TestCaseExecutor.java:337)
	at com.kms.katalon.core.main.TestCaseExecutor.doExecute(TestCaseExecutor.java:328)
	at com.kms.katalon.core.main.TestCaseExecutor.processExecutionPhase(TestCaseExecutor.java:307)
	at com.kms.katalon.core.main.TestCaseExecutor.accessMainPhase(TestCaseExecutor.java:299)
	at com.kms.katalon.core.main.TestCaseExecutor.execute(TestCaseExecutor.java:233)
	at com.kms.katalon.core.main.TestSuiteExecutor.accessTestCaseMainPhase(TestSuiteExecutor.java:169)
	at com.kms.katalon.core.main.TestSuiteExecutor.accessTestSuiteMainPhase(TestSuiteExecutor.java:142)
	at com.kms.katalon.core.main.TestSuiteExecutor.execute(TestSuiteExecutor.java:91)
	at com.kms.katalon.core.main.TestCaseMain.startTestSuite(TestCaseMain.java:157)
	at com.kms.katalon.core.main.TestCaseMain$startTestSuite$0.call(Unknown Source)
	at TempTestSuite1591373123859.run(TempTestSuite1591373123859.groovy:37)
Caused by: com.kms.katalon.core.exception.StepFailedException: com.kms.katalon.core.webui.exception.WebElementNotFoundException: Web element with id: 'Object Repository/Page_Create_New_Channel_Local/txt_error_duplicate' located by 'By.xpath: //p[@id='createChannelError']' not found
	at com.kms.katalon.core.webui.keyword.internal.WebUIKeywordMain.stepFailed(WebUIKeywordMain.groovy:64)
	at com.kms.katalon.core.webui.keyword.builtin.VerifyElementPresentKeyword$_verifyElementPresent_closure1.doCall(VerifyElementPresentKeyword.groovy:85)
	at com.kms.katalon.core.webui.keyword.builtin.VerifyElementPresentKeyword$_verifyElementPresent_closure1.call(VerifyElementPresentKeyword.groovy)
	at com.kms.katalon.core.webui.keyword.internal.WebUIKeywordMain.runKeyword(WebUIKeywordMain.groovy:20)
	... 19 more
"/>
         <system-out><![CDATA[2020-06-05 23:12:42 - [TEST_CASE][FAILED] - Test Cases/Channel/Create_channel_error_header: Test Cases/Channel/Create_channel_error_header FAILED.
Reason:
com.kms.katalon.core.exception.StepFailedException: Unable to verify object 'Object Repository/Page_Create_New_Channel_Local/txt_error_duplicate' is present
	at com.kms.katalon.core.webui.keyword.internal.WebUIKeywordMain.stepFailed(WebUIKeywordMain.groovy:64)
	at com.kms.katalon.core.webui.keyword.internal.WebUIKeywordMain.runKeyword(WebUIKeywordMain.groovy:26)
	at com.kms.katalon.core.webui.keyword.builtin.VerifyElementPresentKeyword.verifyElementPresent(VerifyElementPresentKeyword.groovy:92)
	at com.kms.katalon.core.webui.keyword.builtin.VerifyElementPresentKeyword.execute(VerifyElementPresentKeyword.groovy:68)
	at com.kms.katalon.core.keyword.internal.KeywordExecutor.executeKeywordForPlatform(KeywordExecutor.groovy:72)
	at com.kms.katalon.core.webui.keyword.WebUiBuiltInKeywords.verifyElementPresent(WebUiBuiltInKeywords.groovy:1460)
	at com.kms.katalon.core.webui.keyword.WebUiBuiltInKeywords$verifyElementPresent$0.call(Unknown Source)
	at Create_channel_error_header.run(Create_channel_error_header:29)
	at com.kms.katalon.core.main.ScriptEngine.run(ScriptEngine.java:194)
	at com.kms.katalon.core.main.ScriptEngine.runScriptAsRawText(ScriptEngine.java:119)
	at com.kms.katalon.core.main.TestCaseExecutor.runScript(TestCaseExecutor.java:337)
	at com.kms.katalon.core.main.TestCaseExecutor.doExecute(TestCaseExecutor.java:328)
	at com.kms.katalon.core.main.TestCaseExecutor.processExecutionPhase(TestCaseExecutor.java:307)
	at com.kms.katalon.core.main.TestCaseExecutor.accessMainPhase(TestCaseExecutor.java:299)
	at com.kms.katalon.core.main.TestCaseExecutor.execute(TestCaseExecutor.java:233)
	at com.kms.katalon.core.main.TestSuiteExecutor.accessTestCaseMainPhase(TestSuiteExecutor.java:169)
	at com.kms.katalon.core.main.TestSuiteExecutor.accessTestSuiteMainPhase(TestSuiteExecutor.java:142)
	at com.kms.katalon.core.main.TestSuiteExecutor.execute(TestSuiteExecutor.java:91)
	at com.kms.katalon.core.main.TestCaseMain.startTestSuite(TestCaseMain.java:157)
	at com.kms.katalon.core.main.TestCaseMain$startTestSuite$0.call(Unknown Source)
	at TempTestSuite1591373123859.run(TempTestSuite1591373123859.groovy:37)
Caused by: com.kms.katalon.core.exception.StepFailedException: com.kms.katalon.core.webui.exception.WebElementNotFoundException: Web element with id: 'Object Repository/Page_Create_New_Channel_Local/txt_error_duplicate' located by 'By.xpath: //p[@id='createChannelError']' not found
	at com.kms.katalon.core.webui.keyword.internal.WebUIKeywordMain.stepFailed(WebUIKeywordMain.groovy:64)
	at com.kms.katalon.core.webui.keyword.builtin.VerifyElementPresentKeyword$_verifyElementPresent_closure1.doCall(VerifyElementPresentKeyword.groovy:85)
	at com.kms.katalon.core.webui.keyword.builtin.VerifyElementPresentKeyword$_verifyElementPresent_closure1.call(VerifyElementPresentKeyword.groovy)
	at com.kms.katalon.core.webui.keyword.internal.WebUIKeywordMain.runKeyword(WebUIKeywordMain.groovy:20)
	... 19 more


2020-06-05 23:12:42 - [TEST_STEP][PASSED] - Start setup action : Setup: Method 'Setup' complete successfully

2020-06-05 23:12:42 - [TEST_STEP][PASSED] - openBrowser("http://192.168.1.10:8065/login"): Browser is opened with url: 'http://192.168.1.10:8065/login'

2020-06-05 23:12:42 - [MESSAGE][INFO] - Starting 'Firefox' driver

2020-06-05 23:12:42 - [MESSAGE][INFO] - Action delay is set to 0 milliseconds

2020-06-05 23:12:46 - [MESSAGE][PASSED] - Browser is opened with url: 'http://192.168.1.10:8065/login'

2020-06-05 23:12:46 - [MESSAGE][PASSED] - Method 'Setup' complete successfully

2020-06-05 23:12:46 - [TEST_STEP][PASSED] - callTestCase(findTestCase("Test Cases/Login/login_function"), ["var_user":"tlvietdanh@gmail.com", "var_password":"13101998"], STOP_ON_FAILURE): Call Test Case 'Test Cases/Login/login_function' successfully

2020-06-05 23:12:46 - [TEST_CASE][PASSED] - Test Cases/Login/login_function: Test Cases/Login/login_function

2020-06-05 23:12:46 - [TEST_STEP][PASSED] - setText(findTestObject("Object Repository/Page_Mattermost_login/input_loginId"), var_user): Text 'tlvietdanh@gmail.com' is set on object 'Object Repository/Page_Mattermost_login/input_loginId'

2020-06-05 23:12:48 - [MESSAGE][PASSED] - Text 'tlvietdanh@gmail.com' is set on object 'Object Repository/Page_Mattermost_login/input_loginId'

2020-06-05 23:12:48 - [TEST_STEP][PASSED] - setText(findTestObject("Object Repository/Page_Mattermost_login/input_password"), var_password): Text '13101998' is set on object 'Object Repository/Page_Mattermost_login/input_password'

2020-06-05 23:12:49 - [MESSAGE][PASSED] - Text '13101998' is set on object 'Object Repository/Page_Mattermost_login/input_password'

2020-06-05 23:12:49 - [TEST_STEP][PASSED] - click(findTestObject("Object Repository/Page_Mattermost_login/span_Sign in")): Object: 'Object Repository/Page_Mattermost_login/span_Sign in' is clicked on

2020-06-05 23:12:49 - [MESSAGE][PASSED] - Object: 'Object Repository/Page_Mattermost_login/span_Sign in' is clicked on

2020-06-05 23:12:49 - [MESSAGE][PASSED] - Call Test Case 'Test Cases/Login/login_function' successfully

2020-06-05 23:12:49 - [TEST_STEP][FAILED] - verifyEqual(verifyElementPresent(findTestObject("Object Repository/Page_Create_New_Channel_Local/txt_error_duplicate"), 1), true): Unable to verify object 'Object Repository/Page_Create_New_Channel_Local/txt_error_duplicate' is present (Root cause: com.kms.katalon.core.exception.StepFailedException: Unable to verify object 'Object Repository/Page_Create_New_Channel_Local/txt_error_duplicate' is present
	at com.kms.katalon.core.webui.keyword.internal.WebUIKeywordMain.stepFailed(WebUIKeywordMain.groovy:64)
	at com.kms.katalon.core.webui.keyword.internal.WebUIKeywordMain.runKeyword(WebUIKeywordMain.groovy:26)
	at com.kms.katalon.core.webui.keyword.builtin.VerifyElementPresentKeyword.verifyElementPresent(VerifyElementPresentKeyword.groovy:92)
	at com.kms.katalon.core.webui.keyword.builtin.VerifyElementPresentKeyword.execute(VerifyElementPresentKeyword.groovy:68)
	at com.kms.katalon.core.keyword.internal.KeywordExecutor.executeKeywordForPlatform(KeywordExecutor.groovy:72)
	at com.kms.katalon.core.webui.keyword.WebUiBuiltInKeywords.verifyElementPresent(WebUiBuiltInKeywords.groovy:1460)
	at com.kms.katalon.core.webui.keyword.WebUiBuiltInKeywords$verifyElementPresent$0.call(Unknown Source)
	at Create_channel_error_header.run(Create_channel_error_header:29)
	at com.kms.katalon.core.main.ScriptEngine.run(ScriptEngine.java:194)
	at com.kms.katalon.core.main.ScriptEngine.runScriptAsRawText(ScriptEngine.java:119)
	at com.kms.katalon.core.main.TestCaseExecutor.runScript(TestCaseExecutor.java:337)
	at com.kms.katalon.core.main.TestCaseExecutor.doExecute(TestCaseExecutor.java:328)
	at com.kms.katalon.core.main.TestCaseExecutor.processExecutionPhase(TestCaseExecutor.java:307)
	at com.kms.katalon.core.main.TestCaseExecutor.accessMainPhase(TestCaseExecutor.java:299)
	at com.kms.katalon.core.main.TestCaseExecutor.execute(TestCaseExecutor.java:233)
	at com.kms.katalon.core.main.TestSuiteExecutor.accessTestCaseMainPhase(TestSuiteExecutor.java:169)
	at com.kms.katalon.core.main.TestSuiteExecutor.accessTestSuiteMainPhase(TestSuiteExecutor.java:142)
	at com.kms.katalon.core.main.TestSuiteExecutor.execute(TestSuiteExecutor.java:91)
	at com.kms.katalon.core.main.TestCaseMain.startTestSuite(TestCaseMain.java:157)
	at com.kms.katalon.core.main.TestCaseMain$startTestSuite$0.call(Unknown Source)
	at TempTestSuite1591373123859.run(TempTestSuite1591373123859.groovy:37)
Caused by: com.kms.katalon.core.exception.StepFailedException: com.kms.katalon.core.webui.exception.WebElementNotFoundException: Web element with id: 'Object Repository/Page_Create_New_Channel_Local/txt_error_duplicate' located by 'By.xpath: //p[@id='createChannelError']' not found
	at com.kms.katalon.core.webui.keyword.internal.WebUIKeywordMain.stepFailed(WebUIKeywordMain.groovy:64)
	at com.kms.katalon.core.webui.keyword.builtin.VerifyElementPresentKeyword$_verifyElementPresent_closure1.doCall(VerifyElementPresentKeyword.groovy:85)
	at com.kms.katalon.core.webui.keyword.builtin.VerifyElementPresentKeyword$_verifyElementPresent_closure1.call(VerifyElementPresentKeyword.groovy)
	at com.kms.katalon.core.webui.keyword.internal.WebUIKeywordMain.runKeyword(WebUIKeywordMain.groovy:20)
	... 19 more
)

2020-06-05 23:12:52 - [MESSAGE][INFO] - Unable to find the element located by 'By.xpath: //p[@id='createChannelError']'. Please recheck the objects properties to make sure the desired element is located. 

2020-06-05 23:12:52 - [MESSAGE][FAILED] - com.kms.katalon.core.webui.exception.WebElementNotFoundException: Web element with id: 'Object Repository/Page_Create_New_Channel_Local/txt_error_duplicate' located by 'By.xpath: //p[@id='createChannelError']' not found (Root cause: com.kms.katalon.core.exception.StepFailedException: com.kms.katalon.core.webui.exception.WebElementNotFoundException: Web element with id: 'Object Repository/Page_Create_New_Channel_Local/txt_error_duplicate' located by 'By.xpath: //p[@id='createChannelError']' not found
	at com.kms.katalon.core.webui.keyword.internal.WebUIKeywordMain.stepFailed(WebUIKeywordMain.groovy:64)
	at com.kms.katalon.core.webui.keyword.builtin.VerifyElementPresentKeyword$_verifyElementPresent_closure1.doCall(VerifyElementPresentKeyword.groovy:85)
	at com.kms.katalon.core.webui.keyword.builtin.VerifyElementPresentKeyword$_verifyElementPresent_closure1.call(VerifyElementPresentKeyword.groovy)
	at com.kms.katalon.core.webui.keyword.internal.WebUIKeywordMain.runKeyword(WebUIKeywordMain.groovy:20)
	at com.kms.katalon.core.webui.keyword.builtin.VerifyElementPresentKeyword.verifyElementPresent(VerifyElementPresentKeyword.groovy:92)
	at com.kms.katalon.core.webui.keyword.builtin.VerifyElementPresentKeyword.execute(VerifyElementPresentKeyword.groovy:68)
	at com.kms.katalon.core.keyword.internal.KeywordExecutor.executeKeywordForPlatform(KeywordExecutor.groovy:72)
	at com.kms.katalon.core.webui.keyword.WebUiBuiltInKeywords.verifyElementPresent(WebUiBuiltInKeywords.groovy:1460)
	at com.kms.katalon.core.webui.keyword.WebUiBuiltInKeywords$verifyElementPresent$0.call(Unknown Source)
	at Create_channel_error_header.run(Create_channel_error_header:29)
	at com.kms.katalon.core.main.ScriptEngine.run(ScriptEngine.java:194)
	at com.kms.katalon.core.main.ScriptEngine.runScriptAsRawText(ScriptEngine.java:119)
	at com.kms.katalon.core.main.TestCaseExecutor.runScript(TestCaseExecutor.java:337)
	at com.kms.katalon.core.main.TestCaseExecutor.doExecute(TestCaseExecutor.java:328)
	at com.kms.katalon.core.main.TestCaseExecutor.processExecutionPhase(TestCaseExecutor.java:307)
	at com.kms.katalon.core.main.TestCaseExecutor.accessMainPhase(TestCaseExecutor.java:299)
	at com.kms.katalon.core.main.TestCaseExecutor.execute(TestCaseExecutor.java:233)
	at com.kms.katalon.core.main.TestSuiteExecutor.accessTestCaseMainPhase(TestSuiteExecutor.java:169)
	at com.kms.katalon.core.main.TestSuiteExecutor.accessTestSuiteMainPhase(TestSuiteExecutor.java:142)
	at com.kms.katalon.core.main.TestSuiteExecutor.execute(TestSuiteExecutor.java:91)
	at com.kms.katalon.core.main.TestCaseMain.startTestSuite(TestCaseMain.java:157)
	at com.kms.katalon.core.main.TestCaseMain$startTestSuite$0.call(Unknown Source)
	at TempTestSuite1591373123859.run(TempTestSuite1591373123859.groovy:37)
)
[[ATTACHMENT|D:\\katalon\\hw2-katalon-testing\\Reports\\20200605_230523\\Run_All_Test_Cases\\20200605_230523\\1591373572051.png]]

2020-06-05 23:12:52 - [MESSAGE][FAILED] - Unable to verify object 'Object Repository/Page_Create_New_Channel_Local/txt_error_duplicate' is present (Root cause: com.kms.katalon.core.exception.StepFailedException: Unable to verify object 'Object Repository/Page_Create_New_Channel_Local/txt_error_duplicate' is present
	at com.kms.katalon.core.webui.keyword.internal.WebUIKeywordMain.stepFailed(WebUIKeywordMain.groovy:64)
	at com.kms.katalon.core.webui.keyword.internal.WebUIKeywordMain.runKeyword(WebUIKeywordMain.groovy:26)
	at com.kms.katalon.core.webui.keyword.builtin.VerifyElementPresentKeyword.verifyElementPresent(VerifyElementPresentKeyword.groovy:92)
	at com.kms.katalon.core.webui.keyword.builtin.VerifyElementPresentKeyword.execute(VerifyElementPresentKeyword.groovy:68)
	at com.kms.katalon.core.keyword.internal.KeywordExecutor.executeKeywordForPlatform(KeywordExecutor.groovy:72)
	at com.kms.katalon.core.webui.keyword.WebUiBuiltInKeywords.verifyElementPresent(WebUiBuiltInKeywords.groovy:1460)
	at com.kms.katalon.core.webui.keyword.WebUiBuiltInKeywords$verifyElementPresent$0.call(Unknown Source)
	at Create_channel_error_header.run(Create_channel_error_header:29)
	at com.kms.katalon.core.main.ScriptEngine.run(ScriptEngine.java:194)
	at com.kms.katalon.core.main.ScriptEngine.runScriptAsRawText(ScriptEngine.java:119)
	at com.kms.katalon.core.main.TestCaseExecutor.runScript(TestCaseExecutor.java:337)
	at com.kms.katalon.core.main.TestCaseExecutor.doExecute(TestCaseExecutor.java:328)
	at com.kms.katalon.core.main.TestCaseExecutor.processExecutionPhase(TestCaseExecutor.java:307)
	at com.kms.katalon.core.main.TestCaseExecutor.accessMainPhase(TestCaseExecutor.java:299)
	at com.kms.katalon.core.main.TestCaseExecutor.execute(TestCaseExecutor.java:233)
	at com.kms.katalon.core.main.TestSuiteExecutor.accessTestCaseMainPhase(TestSuiteExecutor.java:169)
	at com.kms.katalon.core.main.TestSuiteExecutor.accessTestSuiteMainPhase(TestSuiteExecutor.java:142)
	at com.kms.katalon.core.main.TestSuiteExecutor.execute(TestSuiteExecutor.java:91)
	at com.kms.katalon.core.main.TestCaseMain.startTestSuite(TestCaseMain.java:157)
	at com.kms.katalon.core.main.TestCaseMain$startTestSuite$0.call(Unknown Source)
	at TempTestSuite1591373123859.run(TempTestSuite1591373123859.groovy:37)
Caused by: com.kms.katalon.core.exception.StepFailedException: com.kms.katalon.core.webui.exception.WebElementNotFoundException: Web element with id: 'Object Repository/Page_Create_New_Channel_Local/txt_error_duplicate' located by 'By.xpath: //p[@id='createChannelError']' not found
	at com.kms.katalon.core.webui.keyword.internal.WebUIKeywordMain.stepFailed(WebUIKeywordMain.groovy:64)
	at com.kms.katalon.core.webui.keyword.builtin.VerifyElementPresentKeyword$_verifyElementPresent_closure1.doCall(VerifyElementPresentKeyword.groovy:85)
	at com.kms.katalon.core.webui.keyword.builtin.VerifyElementPresentKeyword$_verifyElementPresent_closure1.call(VerifyElementPresentKeyword.groovy)
	at com.kms.katalon.core.webui.keyword.internal.WebUIKeywordMain.runKeyword(WebUIKeywordMain.groovy:20)
	... 19 more
)
[[ATTACHMENT|D:\\katalon\\hw2-katalon-testing\\Reports\\20200605_230523\\Run_All_Test_Cases\\20200605_230523\\1591373572152.png]]

2020-06-05 23:12:52 - [TEST_STEP][PASSED] - Start tear down : Teardown: Method 'Teardown' complete successfully

2020-06-05 23:12:52 - [TEST_STEP][PASSED] - closeBrowser(): Browser is closed

2020-06-05 23:12:53 - [MESSAGE][PASSED] - Browser is closed

2020-06-05 23:12:53 - [MESSAGE][PASSED] - Method 'Teardown' complete successfully]]></system-out>
         <system-err><![CDATA[2020-06-05 23:12:42 - [TEST_CASE][FAILED] - Test Cases/Channel/Create_channel_error_header: Test Cases/Channel/Create_channel_error_header FAILED.
Reason:
com.kms.katalon.core.exception.StepFailedException: Unable to verify object 'Object Repository/Page_Create_New_Channel_Local/txt_error_duplicate' is present
	at com.kms.katalon.core.webui.keyword.internal.WebUIKeywordMain.stepFailed(WebUIKeywordMain.groovy:64)
	at com.kms.katalon.core.webui.keyword.internal.WebUIKeywordMain.runKeyword(WebUIKeywordMain.groovy:26)
	at com.kms.katalon.core.webui.keyword.builtin.VerifyElementPresentKeyword.verifyElementPresent(VerifyElementPresentKeyword.groovy:92)
	at com.kms.katalon.core.webui.keyword.builtin.VerifyElementPresentKeyword.execute(VerifyElementPresentKeyword.groovy:68)
	at com.kms.katalon.core.keyword.internal.KeywordExecutor.executeKeywordForPlatform(KeywordExecutor.groovy:72)
	at com.kms.katalon.core.webui.keyword.WebUiBuiltInKeywords.verifyElementPresent(WebUiBuiltInKeywords.groovy:1460)
	at com.kms.katalon.core.webui.keyword.WebUiBuiltInKeywords$verifyElementPresent$0.call(Unknown Source)
	at Create_channel_error_header.run(Create_channel_error_header:29)
	at com.kms.katalon.core.main.ScriptEngine.run(ScriptEngine.java:194)
	at com.kms.katalon.core.main.ScriptEngine.runScriptAsRawText(ScriptEngine.java:119)
	at com.kms.katalon.core.main.TestCaseExecutor.runScript(TestCaseExecutor.java:337)
	at com.kms.katalon.core.main.TestCaseExecutor.doExecute(TestCaseExecutor.java:328)
	at com.kms.katalon.core.main.TestCaseExecutor.processExecutionPhase(TestCaseExecutor.java:307)
	at com.kms.katalon.core.main.TestCaseExecutor.accessMainPhase(TestCaseExecutor.java:299)
	at com.kms.katalon.core.main.TestCaseExecutor.execute(TestCaseExecutor.java:233)
	at com.kms.katalon.core.main.TestSuiteExecutor.accessTestCaseMainPhase(TestSuiteExecutor.java:169)
	at com.kms.katalon.core.main.TestSuiteExecutor.accessTestSuiteMainPhase(TestSuiteExecutor.java:142)
	at com.kms.katalon.core.main.TestSuiteExecutor.execute(TestSuiteExecutor.java:91)
	at com.kms.katalon.core.main.TestCaseMain.startTestSuite(TestCaseMain.java:157)
	at com.kms.katalon.core.main.TestCaseMain$startTestSuite$0.call(Unknown Source)
	at TempTestSuite1591373123859.run(TempTestSuite1591373123859.groovy:37)
Caused by: com.kms.katalon.core.exception.StepFailedException: com.kms.katalon.core.webui.exception.WebElementNotFoundException: Web element with id: 'Object Repository/Page_Create_New_Channel_Local/txt_error_duplicate' located by 'By.xpath: //p[@id='createChannelError']' not found
	at com.kms.katalon.core.webui.keyword.internal.WebUIKeywordMain.stepFailed(WebUIKeywordMain.groovy:64)
	at com.kms.katalon.core.webui.keyword.builtin.VerifyElementPresentKeyword$_verifyElementPresent_closure1.doCall(VerifyElementPresentKeyword.groovy:85)
	at com.kms.katalon.core.webui.keyword.builtin.VerifyElementPresentKeyword$_verifyElementPresent_closure1.call(VerifyElementPresentKeyword.groovy)
	at com.kms.katalon.core.webui.keyword.internal.WebUIKeywordMain.runKeyword(WebUIKeywordMain.groovy:20)
	... 19 more]]></system-err>
      </testcase>
      <testcase name="Test Cases/Channel/Create_channel_error_header" time="10.793" classname="Test Cases/Channel/Create_channel_error_header" status="FAILED">
         <failure type="FAILED" message="Test Cases/Channel/Create_channel_error_header FAILED.
Reason:
com.kms.katalon.core.exception.StepFailedException: Unable to verify object 'Object Repository/Page_Create_New_Channel_Local/txt_error_duplicate' is present
	at com.kms.katalon.core.webui.keyword.internal.WebUIKeywordMain.stepFailed(WebUIKeywordMain.groovy:64)
	at com.kms.katalon.core.webui.keyword.internal.WebUIKeywordMain.runKeyword(WebUIKeywordMain.groovy:26)
	at com.kms.katalon.core.webui.keyword.builtin.VerifyElementPresentKeyword.verifyElementPresent(VerifyElementPresentKeyword.groovy:92)
	at com.kms.katalon.core.webui.keyword.builtin.VerifyElementPresentKeyword.execute(VerifyElementPresentKeyword.groovy:68)
	at com.kms.katalon.core.keyword.internal.KeywordExecutor.executeKeywordForPlatform(KeywordExecutor.groovy:72)
	at com.kms.katalon.core.webui.keyword.WebUiBuiltInKeywords.verifyElementPresent(WebUiBuiltInKeywords.groovy:1460)
	at com.kms.katalon.core.webui.keyword.WebUiBuiltInKeywords$verifyElementPresent$0.call(Unknown Source)
	at Create_channel_error_header.run(Create_channel_error_header:29)
	at com.kms.katalon.core.main.ScriptEngine.run(ScriptEngine.java:194)
	at com.kms.katalon.core.main.ScriptEngine.runScriptAsRawText(ScriptEngine.java:119)
	at com.kms.katalon.core.main.TestCaseExecutor.runScript(TestCaseExecutor.java:337)
	at com.kms.katalon.core.main.TestCaseExecutor.doExecute(TestCaseExecutor.java:328)
	at com.kms.katalon.core.main.TestCaseExecutor.processExecutionPhase(TestCaseExecutor.java:307)
	at com.kms.katalon.core.main.TestCaseExecutor.accessMainPhase(TestCaseExecutor.java:299)
	at com.kms.katalon.core.main.TestCaseExecutor.execute(TestCaseExecutor.java:233)
	at com.kms.katalon.core.main.TestSuiteExecutor.accessTestCaseMainPhase(TestSuiteExecutor.java:169)
	at com.kms.katalon.core.main.TestSuiteExecutor.accessTestSuiteMainPhase(TestSuiteExecutor.java:142)
	at com.kms.katalon.core.main.TestSuiteExecutor.execute(TestSuiteExecutor.java:91)
	at com.kms.katalon.core.main.TestCaseMain.startTestSuite(TestCaseMain.java:157)
	at com.kms.katalon.core.main.TestCaseMain$startTestSuite$0.call(Unknown Source)
	at TempTestSuite1591373123859.run(TempTestSuite1591373123859.groovy:37)
Caused by: com.kms.katalon.core.exception.StepFailedException: com.kms.katalon.core.webui.exception.WebElementNotFoundException: Web element with id: 'Object Repository/Page_Create_New_Channel_Local/txt_error_duplicate' located by 'By.xpath: //p[@id='createChannelError']' not found
	at com.kms.katalon.core.webui.keyword.internal.WebUIKeywordMain.stepFailed(WebUIKeywordMain.groovy:64)
	at com.kms.katalon.core.webui.keyword.builtin.VerifyElementPresentKeyword$_verifyElementPresent_closure1.doCall(VerifyElementPresentKeyword.groovy:85)
	at com.kms.katalon.core.webui.keyword.builtin.VerifyElementPresentKeyword$_verifyElementPresent_closure1.call(VerifyElementPresentKeyword.groovy)
	at com.kms.katalon.core.webui.keyword.internal.WebUIKeywordMain.runKeyword(WebUIKeywordMain.groovy:20)
	... 19 more
"/>
         <system-out><![CDATA[2020-06-05 23:12:53 - [TEST_CASE][FAILED] - Test Cases/Channel/Create_channel_error_header: Test Cases/Channel/Create_channel_error_header FAILED.
Reason:
com.kms.katalon.core.exception.StepFailedException: Unable to verify object 'Object Repository/Page_Create_New_Channel_Local/txt_error_duplicate' is present
	at com.kms.katalon.core.webui.keyword.internal.WebUIKeywordMain.stepFailed(WebUIKeywordMain.groovy:64)
	at com.kms.katalon.core.webui.keyword.internal.WebUIKeywordMain.runKeyword(WebUIKeywordMain.groovy:26)
	at com.kms.katalon.core.webui.keyword.builtin.VerifyElementPresentKeyword.verifyElementPresent(VerifyElementPresentKeyword.groovy:92)
	at com.kms.katalon.core.webui.keyword.builtin.VerifyElementPresentKeyword.execute(VerifyElementPresentKeyword.groovy:68)
	at com.kms.katalon.core.keyword.internal.KeywordExecutor.executeKeywordForPlatform(KeywordExecutor.groovy:72)
	at com.kms.katalon.core.webui.keyword.WebUiBuiltInKeywords.verifyElementPresent(WebUiBuiltInKeywords.groovy:1460)
	at com.kms.katalon.core.webui.keyword.WebUiBuiltInKeywords$verifyElementPresent$0.call(Unknown Source)
	at Create_channel_error_header.run(Create_channel_error_header:29)
	at com.kms.katalon.core.main.ScriptEngine.run(ScriptEngine.java:194)
	at com.kms.katalon.core.main.ScriptEngine.runScriptAsRawText(ScriptEngine.java:119)
	at com.kms.katalon.core.main.TestCaseExecutor.runScript(TestCaseExecutor.java:337)
	at com.kms.katalon.core.main.TestCaseExecutor.doExecute(TestCaseExecutor.java:328)
	at com.kms.katalon.core.main.TestCaseExecutor.processExecutionPhase(TestCaseExecutor.java:307)
	at com.kms.katalon.core.main.TestCaseExecutor.accessMainPhase(TestCaseExecutor.java:299)
	at com.kms.katalon.core.main.TestCaseExecutor.execute(TestCaseExecutor.java:233)
	at com.kms.katalon.core.main.TestSuiteExecutor.accessTestCaseMainPhase(TestSuiteExecutor.java:169)
	at com.kms.katalon.core.main.TestSuiteExecutor.accessTestSuiteMainPhase(TestSuiteExecutor.java:142)
	at com.kms.katalon.core.main.TestSuiteExecutor.execute(TestSuiteExecutor.java:91)
	at com.kms.katalon.core.main.TestCaseMain.startTestSuite(TestCaseMain.java:157)
	at com.kms.katalon.core.main.TestCaseMain$startTestSuite$0.call(Unknown Source)
	at TempTestSuite1591373123859.run(TempTestSuite1591373123859.groovy:37)
Caused by: com.kms.katalon.core.exception.StepFailedException: com.kms.katalon.core.webui.exception.WebElementNotFoundException: Web element with id: 'Object Repository/Page_Create_New_Channel_Local/txt_error_duplicate' located by 'By.xpath: //p[@id='createChannelError']' not found
	at com.kms.katalon.core.webui.keyword.internal.WebUIKeywordMain.stepFailed(WebUIKeywordMain.groovy:64)
	at com.kms.katalon.core.webui.keyword.builtin.VerifyElementPresentKeyword$_verifyElementPresent_closure1.doCall(VerifyElementPresentKeyword.groovy:85)
	at com.kms.katalon.core.webui.keyword.builtin.VerifyElementPresentKeyword$_verifyElementPresent_closure1.call(VerifyElementPresentKeyword.groovy)
	at com.kms.katalon.core.webui.keyword.internal.WebUIKeywordMain.runKeyword(WebUIKeywordMain.groovy:20)
	... 19 more


2020-06-05 23:12:53 - [TEST_STEP][PASSED] - Start setup action : Setup: Method 'Setup' complete successfully

2020-06-05 23:12:53 - [TEST_STEP][PASSED] - openBrowser("http://192.168.1.10:8065/login"): Browser is opened with url: 'http://192.168.1.10:8065/login'

2020-06-05 23:12:53 - [MESSAGE][INFO] - Starting 'Firefox' driver

2020-06-05 23:12:53 - [MESSAGE][INFO] - Action delay is set to 0 milliseconds

2020-06-05 23:12:57 - [MESSAGE][PASSED] - Browser is opened with url: 'http://192.168.1.10:8065/login'

2020-06-05 23:12:57 - [MESSAGE][PASSED] - Method 'Setup' complete successfully

2020-06-05 23:12:57 - [TEST_STEP][PASSED] - callTestCase(findTestCase("Test Cases/Login/login_function"), ["var_user":"tlvietdanh@gmail.com", "var_password":"13101998"], STOP_ON_FAILURE): Call Test Case 'Test Cases/Login/login_function' successfully

2020-06-05 23:12:57 - [TEST_CASE][PASSED] - Test Cases/Login/login_function: Test Cases/Login/login_function

2020-06-05 23:12:57 - [TEST_STEP][PASSED] - setText(findTestObject("Object Repository/Page_Mattermost_login/input_loginId"), var_user): Text 'tlvietdanh@gmail.com' is set on object 'Object Repository/Page_Mattermost_login/input_loginId'

2020-06-05 23:12:58 - [MESSAGE][PASSED] - Text 'tlvietdanh@gmail.com' is set on object 'Object Repository/Page_Mattermost_login/input_loginId'

2020-06-05 23:12:58 - [TEST_STEP][PASSED] - setText(findTestObject("Object Repository/Page_Mattermost_login/input_password"), var_password): Text '13101998' is set on object 'Object Repository/Page_Mattermost_login/input_password'

2020-06-05 23:12:59 - [MESSAGE][PASSED] - Text '13101998' is set on object 'Object Repository/Page_Mattermost_login/input_password'

2020-06-05 23:12:59 - [TEST_STEP][PASSED] - click(findTestObject("Object Repository/Page_Mattermost_login/span_Sign in")): Object: 'Object Repository/Page_Mattermost_login/span_Sign in' is clicked on

2020-06-05 23:13:00 - [MESSAGE][PASSED] - Object: 'Object Repository/Page_Mattermost_login/span_Sign in' is clicked on

2020-06-05 23:13:00 - [MESSAGE][PASSED] - Call Test Case 'Test Cases/Login/login_function' successfully

2020-06-05 23:13:00 - [TEST_STEP][FAILED] - verifyEqual(verifyElementPresent(findTestObject("Object Repository/Page_Create_New_Channel_Local/txt_error_duplicate"), 1), true): Unable to verify object 'Object Repository/Page_Create_New_Channel_Local/txt_error_duplicate' is present (Root cause: com.kms.katalon.core.exception.StepFailedException: Unable to verify object 'Object Repository/Page_Create_New_Channel_Local/txt_error_duplicate' is present
	at com.kms.katalon.core.webui.keyword.internal.WebUIKeywordMain.stepFailed(WebUIKeywordMain.groovy:64)
	at com.kms.katalon.core.webui.keyword.internal.WebUIKeywordMain.runKeyword(WebUIKeywordMain.groovy:26)
	at com.kms.katalon.core.webui.keyword.builtin.VerifyElementPresentKeyword.verifyElementPresent(VerifyElementPresentKeyword.groovy:92)
	at com.kms.katalon.core.webui.keyword.builtin.VerifyElementPresentKeyword.execute(VerifyElementPresentKeyword.groovy:68)
	at com.kms.katalon.core.keyword.internal.KeywordExecutor.executeKeywordForPlatform(KeywordExecutor.groovy:72)
	at com.kms.katalon.core.webui.keyword.WebUiBuiltInKeywords.verifyElementPresent(WebUiBuiltInKeywords.groovy:1460)
	at com.kms.katalon.core.webui.keyword.WebUiBuiltInKeywords$verifyElementPresent$0.call(Unknown Source)
	at Create_channel_error_header.run(Create_channel_error_header:29)
	at com.kms.katalon.core.main.ScriptEngine.run(ScriptEngine.java:194)
	at com.kms.katalon.core.main.ScriptEngine.runScriptAsRawText(ScriptEngine.java:119)
	at com.kms.katalon.core.main.TestCaseExecutor.runScript(TestCaseExecutor.java:337)
	at com.kms.katalon.core.main.TestCaseExecutor.doExecute(TestCaseExecutor.java:328)
	at com.kms.katalon.core.main.TestCaseExecutor.processExecutionPhase(TestCaseExecutor.java:307)
	at com.kms.katalon.core.main.TestCaseExecutor.accessMainPhase(TestCaseExecutor.java:299)
	at com.kms.katalon.core.main.TestCaseExecutor.execute(TestCaseExecutor.java:233)
	at com.kms.katalon.core.main.TestSuiteExecutor.accessTestCaseMainPhase(TestSuiteExecutor.java:169)
	at com.kms.katalon.core.main.TestSuiteExecutor.accessTestSuiteMainPhase(TestSuiteExecutor.java:142)
	at com.kms.katalon.core.main.TestSuiteExecutor.execute(TestSuiteExecutor.java:91)
	at com.kms.katalon.core.main.TestCaseMain.startTestSuite(TestCaseMain.java:157)
	at com.kms.katalon.core.main.TestCaseMain$startTestSuite$0.call(Unknown Source)
	at TempTestSuite1591373123859.run(TempTestSuite1591373123859.groovy:37)
Caused by: com.kms.katalon.core.exception.StepFailedException: com.kms.katalon.core.webui.exception.WebElementNotFoundException: Web element with id: 'Object Repository/Page_Create_New_Channel_Local/txt_error_duplicate' located by 'By.xpath: //p[@id='createChannelError']' not found
	at com.kms.katalon.core.webui.keyword.internal.WebUIKeywordMain.stepFailed(WebUIKeywordMain.groovy:64)
	at com.kms.katalon.core.webui.keyword.builtin.VerifyElementPresentKeyword$_verifyElementPresent_closure1.doCall(VerifyElementPresentKeyword.groovy:85)
	at com.kms.katalon.core.webui.keyword.builtin.VerifyElementPresentKeyword$_verifyElementPresent_closure1.call(VerifyElementPresentKeyword.groovy)
	at com.kms.katalon.core.webui.keyword.internal.WebUIKeywordMain.runKeyword(WebUIKeywordMain.groovy:20)
	... 19 more
)

2020-06-05 23:13:02 - [MESSAGE][INFO] - Unable to find the element located by 'By.xpath: //p[@id='createChannelError']'. Please recheck the objects properties to make sure the desired element is located. 

2020-06-05 23:13:02 - [MESSAGE][FAILED] - com.kms.katalon.core.webui.exception.WebElementNotFoundException: Web element with id: 'Object Repository/Page_Create_New_Channel_Local/txt_error_duplicate' located by 'By.xpath: //p[@id='createChannelError']' not found (Root cause: com.kms.katalon.core.exception.StepFailedException: com.kms.katalon.core.webui.exception.WebElementNotFoundException: Web element with id: 'Object Repository/Page_Create_New_Channel_Local/txt_error_duplicate' located by 'By.xpath: //p[@id='createChannelError']' not found
	at com.kms.katalon.core.webui.keyword.internal.WebUIKeywordMain.stepFailed(WebUIKeywordMain.groovy:64)
	at com.kms.katalon.core.webui.keyword.builtin.VerifyElementPresentKeyword$_verifyElementPresent_closure1.doCall(VerifyElementPresentKeyword.groovy:85)
	at com.kms.katalon.core.webui.keyword.builtin.VerifyElementPresentKeyword$_verifyElementPresent_closure1.call(VerifyElementPresentKeyword.groovy)
	at com.kms.katalon.core.webui.keyword.internal.WebUIKeywordMain.runKeyword(WebUIKeywordMain.groovy:20)
	at com.kms.katalon.core.webui.keyword.builtin.VerifyElementPresentKeyword.verifyElementPresent(VerifyElementPresentKeyword.groovy:92)
	at com.kms.katalon.core.webui.keyword.builtin.VerifyElementPresentKeyword.execute(VerifyElementPresentKeyword.groovy:68)
	at com.kms.katalon.core.keyword.internal.KeywordExecutor.executeKeywordForPlatform(KeywordExecutor.groovy:72)
	at com.kms.katalon.core.webui.keyword.WebUiBuiltInKeywords.verifyElementPresent(WebUiBuiltInKeywords.groovy:1460)
	at com.kms.katalon.core.webui.keyword.WebUiBuiltInKeywords$verifyElementPresent$0.call(Unknown Source)
	at Create_channel_error_header.run(Create_channel_error_header:29)
	at com.kms.katalon.core.main.ScriptEngine.run(ScriptEngine.java:194)
	at com.kms.katalon.core.main.ScriptEngine.runScriptAsRawText(ScriptEngine.java:119)
	at com.kms.katalon.core.main.TestCaseExecutor.runScript(TestCaseExecutor.java:337)
	at com.kms.katalon.core.main.TestCaseExecutor.doExecute(TestCaseExecutor.java:328)
	at com.kms.katalon.core.main.TestCaseExecutor.processExecutionPhase(TestCaseExecutor.java:307)
	at com.kms.katalon.core.main.TestCaseExecutor.accessMainPhase(TestCaseExecutor.java:299)
	at com.kms.katalon.core.main.TestCaseExecutor.execute(TestCaseExecutor.java:233)
	at com.kms.katalon.core.main.TestSuiteExecutor.accessTestCaseMainPhase(TestSuiteExecutor.java:169)
	at com.kms.katalon.core.main.TestSuiteExecutor.accessTestSuiteMainPhase(TestSuiteExecutor.java:142)
	at com.kms.katalon.core.main.TestSuiteExecutor.execute(TestSuiteExecutor.java:91)
	at com.kms.katalon.core.main.TestCaseMain.startTestSuite(TestCaseMain.java:157)
	at com.kms.katalon.core.main.TestCaseMain$startTestSuite$0.call(Unknown Source)
	at TempTestSuite1591373123859.run(TempTestSuite1591373123859.groovy:37)
)
[[ATTACHMENT|D:\\katalon\\hw2-katalon-testing\\Reports\\20200605_230523\\Run_All_Test_Cases\\20200605_230523\\1591373582775.png]]

2020-06-05 23:13:02 - [MESSAGE][FAILED] - Unable to verify object 'Object Repository/Page_Create_New_Channel_Local/txt_error_duplicate' is present (Root cause: com.kms.katalon.core.exception.StepFailedException: Unable to verify object 'Object Repository/Page_Create_New_Channel_Local/txt_error_duplicate' is present
	at com.kms.katalon.core.webui.keyword.internal.WebUIKeywordMain.stepFailed(WebUIKeywordMain.groovy:64)
	at com.kms.katalon.core.webui.keyword.internal.WebUIKeywordMain.runKeyword(WebUIKeywordMain.groovy:26)
	at com.kms.katalon.core.webui.keyword.builtin.VerifyElementPresentKeyword.verifyElementPresent(VerifyElementPresentKeyword.groovy:92)
	at com.kms.katalon.core.webui.keyword.builtin.VerifyElementPresentKeyword.execute(VerifyElementPresentKeyword.groovy:68)
	at com.kms.katalon.core.keyword.internal.KeywordExecutor.executeKeywordForPlatform(KeywordExecutor.groovy:72)
	at com.kms.katalon.core.webui.keyword.WebUiBuiltInKeywords.verifyElementPresent(WebUiBuiltInKeywords.groovy:1460)
	at com.kms.katalon.core.webui.keyword.WebUiBuiltInKeywords$verifyElementPresent$0.call(Unknown Source)
	at Create_channel_error_header.run(Create_channel_error_header:29)
	at com.kms.katalon.core.main.ScriptEngine.run(ScriptEngine.java:194)
	at com.kms.katalon.core.main.ScriptEngine.runScriptAsRawText(ScriptEngine.java:119)
	at com.kms.katalon.core.main.TestCaseExecutor.runScript(TestCaseExecutor.java:337)
	at com.kms.katalon.core.main.TestCaseExecutor.doExecute(TestCaseExecutor.java:328)
	at com.kms.katalon.core.main.TestCaseExecutor.processExecutionPhase(TestCaseExecutor.java:307)
	at com.kms.katalon.core.main.TestCaseExecutor.accessMainPhase(TestCaseExecutor.java:299)
	at com.kms.katalon.core.main.TestCaseExecutor.execute(TestCaseExecutor.java:233)
	at com.kms.katalon.core.main.TestSuiteExecutor.accessTestCaseMainPhase(TestSuiteExecutor.java:169)
	at com.kms.katalon.core.main.TestSuiteExecutor.accessTestSuiteMainPhase(TestSuiteExecutor.java:142)
	at com.kms.katalon.core.main.TestSuiteExecutor.execute(TestSuiteExecutor.java:91)
	at com.kms.katalon.core.main.TestCaseMain.startTestSuite(TestCaseMain.java:157)
	at com.kms.katalon.core.main.TestCaseMain$startTestSuite$0.call(Unknown Source)
	at TempTestSuite1591373123859.run(TempTestSuite1591373123859.groovy:37)
Caused by: com.kms.katalon.core.exception.StepFailedException: com.kms.katalon.core.webui.exception.WebElementNotFoundException: Web element with id: 'Object Repository/Page_Create_New_Channel_Local/txt_error_duplicate' located by 'By.xpath: //p[@id='createChannelError']' not found
	at com.kms.katalon.core.webui.keyword.internal.WebUIKeywordMain.stepFailed(WebUIKeywordMain.groovy:64)
	at com.kms.katalon.core.webui.keyword.builtin.VerifyElementPresentKeyword$_verifyElementPresent_closure1.doCall(VerifyElementPresentKeyword.groovy:85)
	at com.kms.katalon.core.webui.keyword.builtin.VerifyElementPresentKeyword$_verifyElementPresent_closure1.call(VerifyElementPresentKeyword.groovy)
	at com.kms.katalon.core.webui.keyword.internal.WebUIKeywordMain.runKeyword(WebUIKeywordMain.groovy:20)
	... 19 more
)
[[ATTACHMENT|D:\\katalon\\hw2-katalon-testing\\Reports\\20200605_230523\\Run_All_Test_Cases\\20200605_230523\\1591373582852.png]]

2020-06-05 23:13:02 - [TEST_STEP][PASSED] - Start tear down : Teardown: Method 'Teardown' complete successfully

2020-06-05 23:13:02 - [TEST_STEP][PASSED] - closeBrowser(): Browser is closed

2020-06-05 23:13:03 - [MESSAGE][PASSED] - Browser is closed

2020-06-05 23:13:03 - [MESSAGE][PASSED] - Method 'Teardown' complete successfully]]></system-out>
         <system-err><![CDATA[2020-06-05 23:12:53 - [TEST_CASE][FAILED] - Test Cases/Channel/Create_channel_error_header: Test Cases/Channel/Create_channel_error_header FAILED.
Reason:
com.kms.katalon.core.exception.StepFailedException: Unable to verify object 'Object Repository/Page_Create_New_Channel_Local/txt_error_duplicate' is present
	at com.kms.katalon.core.webui.keyword.internal.WebUIKeywordMain.stepFailed(WebUIKeywordMain.groovy:64)
	at com.kms.katalon.core.webui.keyword.internal.WebUIKeywordMain.runKeyword(WebUIKeywordMain.groovy:26)
	at com.kms.katalon.core.webui.keyword.builtin.VerifyElementPresentKeyword.verifyElementPresent(VerifyElementPresentKeyword.groovy:92)
	at com.kms.katalon.core.webui.keyword.builtin.VerifyElementPresentKeyword.execute(VerifyElementPresentKeyword.groovy:68)
	at com.kms.katalon.core.keyword.internal.KeywordExecutor.executeKeywordForPlatform(KeywordExecutor.groovy:72)
	at com.kms.katalon.core.webui.keyword.WebUiBuiltInKeywords.verifyElementPresent(WebUiBuiltInKeywords.groovy:1460)
	at com.kms.katalon.core.webui.keyword.WebUiBuiltInKeywords$verifyElementPresent$0.call(Unknown Source)
	at Create_channel_error_header.run(Create_channel_error_header:29)
	at com.kms.katalon.core.main.ScriptEngine.run(ScriptEngine.java:194)
	at com.kms.katalon.core.main.ScriptEngine.runScriptAsRawText(ScriptEngine.java:119)
	at com.kms.katalon.core.main.TestCaseExecutor.runScript(TestCaseExecutor.java:337)
	at com.kms.katalon.core.main.TestCaseExecutor.doExecute(TestCaseExecutor.java:328)
	at com.kms.katalon.core.main.TestCaseExecutor.processExecutionPhase(TestCaseExecutor.java:307)
	at com.kms.katalon.core.main.TestCaseExecutor.accessMainPhase(TestCaseExecutor.java:299)
	at com.kms.katalon.core.main.TestCaseExecutor.execute(TestCaseExecutor.java:233)
	at com.kms.katalon.core.main.TestSuiteExecutor.accessTestCaseMainPhase(TestSuiteExecutor.java:169)
	at com.kms.katalon.core.main.TestSuiteExecutor.accessTestSuiteMainPhase(TestSuiteExecutor.java:142)
	at com.kms.katalon.core.main.TestSuiteExecutor.execute(TestSuiteExecutor.java:91)
	at com.kms.katalon.core.main.TestCaseMain.startTestSuite(TestCaseMain.java:157)
	at com.kms.katalon.core.main.TestCaseMain$startTestSuite$0.call(Unknown Source)
	at TempTestSuite1591373123859.run(TempTestSuite1591373123859.groovy:37)
Caused by: com.kms.katalon.core.exception.StepFailedException: com.kms.katalon.core.webui.exception.WebElementNotFoundException: Web element with id: 'Object Repository/Page_Create_New_Channel_Local/txt_error_duplicate' located by 'By.xpath: //p[@id='createChannelError']' not found
	at com.kms.katalon.core.webui.keyword.internal.WebUIKeywordMain.stepFailed(WebUIKeywordMain.groovy:64)
	at com.kms.katalon.core.webui.keyword.builtin.VerifyElementPresentKeyword$_verifyElementPresent_closure1.doCall(VerifyElementPresentKeyword.groovy:85)
	at com.kms.katalon.core.webui.keyword.builtin.VerifyElementPresentKeyword$_verifyElementPresent_closure1.call(VerifyElementPresentKeyword.groovy)
	at com.kms.katalon.core.webui.keyword.internal.WebUIKeywordMain.runKeyword(WebUIKeywordMain.groovy:20)
	... 19 more]]></system-err>
      </testcase>
      <testcase name="Test Cases/Channel/Create_channel_error_header" time="10.548" classname="Test Cases/Channel/Create_channel_error_header" status="FAILED">
         <failure type="FAILED" message="Test Cases/Channel/Create_channel_error_header FAILED.
Reason:
com.kms.katalon.core.exception.StepFailedException: Unable to verify object 'Object Repository/Page_Create_New_Channel_Local/txt_error_duplicate' is present
	at com.kms.katalon.core.webui.keyword.internal.WebUIKeywordMain.stepFailed(WebUIKeywordMain.groovy:64)
	at com.kms.katalon.core.webui.keyword.internal.WebUIKeywordMain.runKeyword(WebUIKeywordMain.groovy:26)
	at com.kms.katalon.core.webui.keyword.builtin.VerifyElementPresentKeyword.verifyElementPresent(VerifyElementPresentKeyword.groovy:92)
	at com.kms.katalon.core.webui.keyword.builtin.VerifyElementPresentKeyword.execute(VerifyElementPresentKeyword.groovy:68)
	at com.kms.katalon.core.keyword.internal.KeywordExecutor.executeKeywordForPlatform(KeywordExecutor.groovy:72)
	at com.kms.katalon.core.webui.keyword.WebUiBuiltInKeywords.verifyElementPresent(WebUiBuiltInKeywords.groovy:1460)
	at com.kms.katalon.core.webui.keyword.WebUiBuiltInKeywords$verifyElementPresent$0.call(Unknown Source)
	at Create_channel_error_header.run(Create_channel_error_header:29)
	at com.kms.katalon.core.main.ScriptEngine.run(ScriptEngine.java:194)
	at com.kms.katalon.core.main.ScriptEngine.runScriptAsRawText(ScriptEngine.java:119)
	at com.kms.katalon.core.main.TestCaseExecutor.runScript(TestCaseExecutor.java:337)
	at com.kms.katalon.core.main.TestCaseExecutor.doExecute(TestCaseExecutor.java:328)
	at com.kms.katalon.core.main.TestCaseExecutor.processExecutionPhase(TestCaseExecutor.java:307)
	at com.kms.katalon.core.main.TestCaseExecutor.accessMainPhase(TestCaseExecutor.java:299)
	at com.kms.katalon.core.main.TestCaseExecutor.execute(TestCaseExecutor.java:233)
	at com.kms.katalon.core.main.TestSuiteExecutor.accessTestCaseMainPhase(TestSuiteExecutor.java:169)
	at com.kms.katalon.core.main.TestSuiteExecutor.accessTestSuiteMainPhase(TestSuiteExecutor.java:142)
	at com.kms.katalon.core.main.TestSuiteExecutor.execute(TestSuiteExecutor.java:91)
	at com.kms.katalon.core.main.TestCaseMain.startTestSuite(TestCaseMain.java:157)
	at com.kms.katalon.core.main.TestCaseMain$startTestSuite$0.call(Unknown Source)
	at TempTestSuite1591373123859.run(TempTestSuite1591373123859.groovy:37)
Caused by: com.kms.katalon.core.exception.StepFailedException: com.kms.katalon.core.webui.exception.WebElementNotFoundException: Web element with id: 'Object Repository/Page_Create_New_Channel_Local/txt_error_duplicate' located by 'By.xpath: //p[@id='createChannelError']' not found
	at com.kms.katalon.core.webui.keyword.internal.WebUIKeywordMain.stepFailed(WebUIKeywordMain.groovy:64)
	at com.kms.katalon.core.webui.keyword.builtin.VerifyElementPresentKeyword$_verifyElementPresent_closure1.doCall(VerifyElementPresentKeyword.groovy:85)
	at com.kms.katalon.core.webui.keyword.builtin.VerifyElementPresentKeyword$_verifyElementPresent_closure1.call(VerifyElementPresentKeyword.groovy)
	at com.kms.katalon.core.webui.keyword.internal.WebUIKeywordMain.runKeyword(WebUIKeywordMain.groovy:20)
	... 19 more
"/>
         <system-out><![CDATA[2020-06-05 23:13:03 - [TEST_CASE][FAILED] - Test Cases/Channel/Create_channel_error_header: Test Cases/Channel/Create_channel_error_header FAILED.
Reason:
com.kms.katalon.core.exception.StepFailedException: Unable to verify object 'Object Repository/Page_Create_New_Channel_Local/txt_error_duplicate' is present
	at com.kms.katalon.core.webui.keyword.internal.WebUIKeywordMain.stepFailed(WebUIKeywordMain.groovy:64)
	at com.kms.katalon.core.webui.keyword.internal.WebUIKeywordMain.runKeyword(WebUIKeywordMain.groovy:26)
	at com.kms.katalon.core.webui.keyword.builtin.VerifyElementPresentKeyword.verifyElementPresent(VerifyElementPresentKeyword.groovy:92)
	at com.kms.katalon.core.webui.keyword.builtin.VerifyElementPresentKeyword.execute(VerifyElementPresentKeyword.groovy:68)
	at com.kms.katalon.core.keyword.internal.KeywordExecutor.executeKeywordForPlatform(KeywordExecutor.groovy:72)
	at com.kms.katalon.core.webui.keyword.WebUiBuiltInKeywords.verifyElementPresent(WebUiBuiltInKeywords.groovy:1460)
	at com.kms.katalon.core.webui.keyword.WebUiBuiltInKeywords$verifyElementPresent$0.call(Unknown Source)
	at Create_channel_error_header.run(Create_channel_error_header:29)
	at com.kms.katalon.core.main.ScriptEngine.run(ScriptEngine.java:194)
	at com.kms.katalon.core.main.ScriptEngine.runScriptAsRawText(ScriptEngine.java:119)
	at com.kms.katalon.core.main.TestCaseExecutor.runScript(TestCaseExecutor.java:337)
	at com.kms.katalon.core.main.TestCaseExecutor.doExecute(TestCaseExecutor.java:328)
	at com.kms.katalon.core.main.TestCaseExecutor.processExecutionPhase(TestCaseExecutor.java:307)
	at com.kms.katalon.core.main.TestCaseExecutor.accessMainPhase(TestCaseExecutor.java:299)
	at com.kms.katalon.core.main.TestCaseExecutor.execute(TestCaseExecutor.java:233)
	at com.kms.katalon.core.main.TestSuiteExecutor.accessTestCaseMainPhase(TestSuiteExecutor.java:169)
	at com.kms.katalon.core.main.TestSuiteExecutor.accessTestSuiteMainPhase(TestSuiteExecutor.java:142)
	at com.kms.katalon.core.main.TestSuiteExecutor.execute(TestSuiteExecutor.java:91)
	at com.kms.katalon.core.main.TestCaseMain.startTestSuite(TestCaseMain.java:157)
	at com.kms.katalon.core.main.TestCaseMain$startTestSuite$0.call(Unknown Source)
	at TempTestSuite1591373123859.run(TempTestSuite1591373123859.groovy:37)
Caused by: com.kms.katalon.core.exception.StepFailedException: com.kms.katalon.core.webui.exception.WebElementNotFoundException: Web element with id: 'Object Repository/Page_Create_New_Channel_Local/txt_error_duplicate' located by 'By.xpath: //p[@id='createChannelError']' not found
	at com.kms.katalon.core.webui.keyword.internal.WebUIKeywordMain.stepFailed(WebUIKeywordMain.groovy:64)
	at com.kms.katalon.core.webui.keyword.builtin.VerifyElementPresentKeyword$_verifyElementPresent_closure1.doCall(VerifyElementPresentKeyword.groovy:85)
	at com.kms.katalon.core.webui.keyword.builtin.VerifyElementPresentKeyword$_verifyElementPresent_closure1.call(VerifyElementPresentKeyword.groovy)
	at com.kms.katalon.core.webui.keyword.internal.WebUIKeywordMain.runKeyword(WebUIKeywordMain.groovy:20)
	... 19 more


2020-06-05 23:13:04 - [TEST_STEP][PASSED] - Start setup action : Setup: Method 'Setup' complete successfully

2020-06-05 23:13:04 - [TEST_STEP][PASSED] - openBrowser("http://192.168.1.10:8065/login"): Browser is opened with url: 'http://192.168.1.10:8065/login'

2020-06-05 23:13:04 - [MESSAGE][INFO] - Starting 'Firefox' driver

2020-06-05 23:13:04 - [MESSAGE][INFO] - Action delay is set to 0 milliseconds

2020-06-05 23:13:08 - [MESSAGE][PASSED] - Browser is opened with url: 'http://192.168.1.10:8065/login'

2020-06-05 23:13:08 - [MESSAGE][PASSED] - Method 'Setup' complete successfully

2020-06-05 23:13:08 - [TEST_STEP][PASSED] - callTestCase(findTestCase("Test Cases/Login/login_function"), ["var_user":"tlvietdanh@gmail.com", "var_password":"13101998"], STOP_ON_FAILURE): Call Test Case 'Test Cases/Login/login_function' successfully

2020-06-05 23:13:08 - [TEST_CASE][PASSED] - Test Cases/Login/login_function: Test Cases/Login/login_function

2020-06-05 23:13:08 - [TEST_STEP][PASSED] - setText(findTestObject("Object Repository/Page_Mattermost_login/input_loginId"), var_user): Text 'tlvietdanh@gmail.com' is set on object 'Object Repository/Page_Mattermost_login/input_loginId'

2020-06-05 23:13:09 - [MESSAGE][PASSED] - Text 'tlvietdanh@gmail.com' is set on object 'Object Repository/Page_Mattermost_login/input_loginId'

2020-06-05 23:13:09 - [TEST_STEP][PASSED] - setText(findTestObject("Object Repository/Page_Mattermost_login/input_password"), var_password): Text '13101998' is set on object 'Object Repository/Page_Mattermost_login/input_password'

2020-06-05 23:13:10 - [MESSAGE][PASSED] - Text '13101998' is set on object 'Object Repository/Page_Mattermost_login/input_password'

2020-06-05 23:13:10 - [TEST_STEP][PASSED] - click(findTestObject("Object Repository/Page_Mattermost_login/span_Sign in")): Object: 'Object Repository/Page_Mattermost_login/span_Sign in' is clicked on

2020-06-05 23:13:11 - [MESSAGE][PASSED] - Object: 'Object Repository/Page_Mattermost_login/span_Sign in' is clicked on

2020-06-05 23:13:11 - [MESSAGE][PASSED] - Call Test Case 'Test Cases/Login/login_function' successfully

2020-06-05 23:13:11 - [TEST_STEP][FAILED] - verifyEqual(verifyElementPresent(findTestObject("Object Repository/Page_Create_New_Channel_Local/txt_error_duplicate"), 1), true): Unable to verify object 'Object Repository/Page_Create_New_Channel_Local/txt_error_duplicate' is present (Root cause: com.kms.katalon.core.exception.StepFailedException: Unable to verify object 'Object Repository/Page_Create_New_Channel_Local/txt_error_duplicate' is present
	at com.kms.katalon.core.webui.keyword.internal.WebUIKeywordMain.stepFailed(WebUIKeywordMain.groovy:64)
	at com.kms.katalon.core.webui.keyword.internal.WebUIKeywordMain.runKeyword(WebUIKeywordMain.groovy:26)
	at com.kms.katalon.core.webui.keyword.builtin.VerifyElementPresentKeyword.verifyElementPresent(VerifyElementPresentKeyword.groovy:92)
	at com.kms.katalon.core.webui.keyword.builtin.VerifyElementPresentKeyword.execute(VerifyElementPresentKeyword.groovy:68)
	at com.kms.katalon.core.keyword.internal.KeywordExecutor.executeKeywordForPlatform(KeywordExecutor.groovy:72)
	at com.kms.katalon.core.webui.keyword.WebUiBuiltInKeywords.verifyElementPresent(WebUiBuiltInKeywords.groovy:1460)
	at com.kms.katalon.core.webui.keyword.WebUiBuiltInKeywords$verifyElementPresent$0.call(Unknown Source)
	at Create_channel_error_header.run(Create_channel_error_header:29)
	at com.kms.katalon.core.main.ScriptEngine.run(ScriptEngine.java:194)
	at com.kms.katalon.core.main.ScriptEngine.runScriptAsRawText(ScriptEngine.java:119)
	at com.kms.katalon.core.main.TestCaseExecutor.runScript(TestCaseExecutor.java:337)
	at com.kms.katalon.core.main.TestCaseExecutor.doExecute(TestCaseExecutor.java:328)
	at com.kms.katalon.core.main.TestCaseExecutor.processExecutionPhase(TestCaseExecutor.java:307)
	at com.kms.katalon.core.main.TestCaseExecutor.accessMainPhase(TestCaseExecutor.java:299)
	at com.kms.katalon.core.main.TestCaseExecutor.execute(TestCaseExecutor.java:233)
	at com.kms.katalon.core.main.TestSuiteExecutor.accessTestCaseMainPhase(TestSuiteExecutor.java:169)
	at com.kms.katalon.core.main.TestSuiteExecutor.accessTestSuiteMainPhase(TestSuiteExecutor.java:142)
	at com.kms.katalon.core.main.TestSuiteExecutor.execute(TestSuiteExecutor.java:91)
	at com.kms.katalon.core.main.TestCaseMain.startTestSuite(TestCaseMain.java:157)
	at com.kms.katalon.core.main.TestCaseMain$startTestSuite$0.call(Unknown Source)
	at TempTestSuite1591373123859.run(TempTestSuite1591373123859.groovy:37)
Caused by: com.kms.katalon.core.exception.StepFailedException: com.kms.katalon.core.webui.exception.WebElementNotFoundException: Web element with id: 'Object Repository/Page_Create_New_Channel_Local/txt_error_duplicate' located by 'By.xpath: //p[@id='createChannelError']' not found
	at com.kms.katalon.core.webui.keyword.internal.WebUIKeywordMain.stepFailed(WebUIKeywordMain.groovy:64)
	at com.kms.katalon.core.webui.keyword.builtin.VerifyElementPresentKeyword$_verifyElementPresent_closure1.doCall(VerifyElementPresentKeyword.groovy:85)
	at com.kms.katalon.core.webui.keyword.builtin.VerifyElementPresentKeyword$_verifyElementPresent_closure1.call(VerifyElementPresentKeyword.groovy)
	at com.kms.katalon.core.webui.keyword.internal.WebUIKeywordMain.runKeyword(WebUIKeywordMain.groovy:20)
	... 19 more
)

2020-06-05 23:13:13 - [MESSAGE][INFO] - Unable to find the element located by 'By.xpath: //p[@id='createChannelError']'. Please recheck the objects properties to make sure the desired element is located. 

2020-06-05 23:13:13 - [MESSAGE][FAILED] - com.kms.katalon.core.webui.exception.WebElementNotFoundException: Web element with id: 'Object Repository/Page_Create_New_Channel_Local/txt_error_duplicate' located by 'By.xpath: //p[@id='createChannelError']' not found (Root cause: com.kms.katalon.core.exception.StepFailedException: com.kms.katalon.core.webui.exception.WebElementNotFoundException: Web element with id: 'Object Repository/Page_Create_New_Channel_Local/txt_error_duplicate' located by 'By.xpath: //p[@id='createChannelError']' not found
	at com.kms.katalon.core.webui.keyword.internal.WebUIKeywordMain.stepFailed(WebUIKeywordMain.groovy:64)
	at com.kms.katalon.core.webui.keyword.builtin.VerifyElementPresentKeyword$_verifyElementPresent_closure1.doCall(VerifyElementPresentKeyword.groovy:85)
	at com.kms.katalon.core.webui.keyword.builtin.VerifyElementPresentKeyword$_verifyElementPresent_closure1.call(VerifyElementPresentKeyword.groovy)
	at com.kms.katalon.core.webui.keyword.internal.WebUIKeywordMain.runKeyword(WebUIKeywordMain.groovy:20)
	at com.kms.katalon.core.webui.keyword.builtin.VerifyElementPresentKeyword.verifyElementPresent(VerifyElementPresentKeyword.groovy:92)
	at com.kms.katalon.core.webui.keyword.builtin.VerifyElementPresentKeyword.execute(VerifyElementPresentKeyword.groovy:68)
	at com.kms.katalon.core.keyword.internal.KeywordExecutor.executeKeywordForPlatform(KeywordExecutor.groovy:72)
	at com.kms.katalon.core.webui.keyword.WebUiBuiltInKeywords.verifyElementPresent(WebUiBuiltInKeywords.groovy:1460)
	at com.kms.katalon.core.webui.keyword.WebUiBuiltInKeywords$verifyElementPresent$0.call(Unknown Source)
	at Create_channel_error_header.run(Create_channel_error_header:29)
	at com.kms.katalon.core.main.ScriptEngine.run(ScriptEngine.java:194)
	at com.kms.katalon.core.main.ScriptEngine.runScriptAsRawText(ScriptEngine.java:119)
	at com.kms.katalon.core.main.TestCaseExecutor.runScript(TestCaseExecutor.java:337)
	at com.kms.katalon.core.main.TestCaseExecutor.doExecute(TestCaseExecutor.java:328)
	at com.kms.katalon.core.main.TestCaseExecutor.processExecutionPhase(TestCaseExecutor.java:307)
	at com.kms.katalon.core.main.TestCaseExecutor.accessMainPhase(TestCaseExecutor.java:299)
	at com.kms.katalon.core.main.TestCaseExecutor.execute(TestCaseExecutor.java:233)
	at com.kms.katalon.core.main.TestSuiteExecutor.accessTestCaseMainPhase(TestSuiteExecutor.java:169)
	at com.kms.katalon.core.main.TestSuiteExecutor.accessTestSuiteMainPhase(TestSuiteExecutor.java:142)
	at com.kms.katalon.core.main.TestSuiteExecutor.execute(TestSuiteExecutor.java:91)
	at com.kms.katalon.core.main.TestCaseMain.startTestSuite(TestCaseMain.java:157)
	at com.kms.katalon.core.main.TestCaseMain$startTestSuite$0.call(Unknown Source)
	at TempTestSuite1591373123859.run(TempTestSuite1591373123859.groovy:37)
)
[[ATTACHMENT|D:\\katalon\\hw2-katalon-testing\\Reports\\20200605_230523\\Run_All_Test_Cases\\20200605_230523\\1591373593382.png]]

2020-06-05 23:13:13 - [MESSAGE][FAILED] - Unable to verify object 'Object Repository/Page_Create_New_Channel_Local/txt_error_duplicate' is present (Root cause: com.kms.katalon.core.exception.StepFailedException: Unable to verify object 'Object Repository/Page_Create_New_Channel_Local/txt_error_duplicate' is present
	at com.kms.katalon.core.webui.keyword.internal.WebUIKeywordMain.stepFailed(WebUIKeywordMain.groovy:64)
	at com.kms.katalon.core.webui.keyword.internal.WebUIKeywordMain.runKeyword(WebUIKeywordMain.groovy:26)
	at com.kms.katalon.core.webui.keyword.builtin.VerifyElementPresentKeyword.verifyElementPresent(VerifyElementPresentKeyword.groovy:92)
	at com.kms.katalon.core.webui.keyword.builtin.VerifyElementPresentKeyword.execute(VerifyElementPresentKeyword.groovy:68)
	at com.kms.katalon.core.keyword.internal.KeywordExecutor.executeKeywordForPlatform(KeywordExecutor.groovy:72)
	at com.kms.katalon.core.webui.keyword.WebUiBuiltInKeywords.verifyElementPresent(WebUiBuiltInKeywords.groovy:1460)
	at com.kms.katalon.core.webui.keyword.WebUiBuiltInKeywords$verifyElementPresent$0.call(Unknown Source)
	at Create_channel_error_header.run(Create_channel_error_header:29)
	at com.kms.katalon.core.main.ScriptEngine.run(ScriptEngine.java:194)
	at com.kms.katalon.core.main.ScriptEngine.runScriptAsRawText(ScriptEngine.java:119)
	at com.kms.katalon.core.main.TestCaseExecutor.runScript(TestCaseExecutor.java:337)
	at com.kms.katalon.core.main.TestCaseExecutor.doExecute(TestCaseExecutor.java:328)
	at com.kms.katalon.core.main.TestCaseExecutor.processExecutionPhase(TestCaseExecutor.java:307)
	at com.kms.katalon.core.main.TestCaseExecutor.accessMainPhase(TestCaseExecutor.java:299)
	at com.kms.katalon.core.main.TestCaseExecutor.execute(TestCaseExecutor.java:233)
	at com.kms.katalon.core.main.TestSuiteExecutor.accessTestCaseMainPhase(TestSuiteExecutor.java:169)
	at com.kms.katalon.core.main.TestSuiteExecutor.accessTestSuiteMainPhase(TestSuiteExecutor.java:142)
	at com.kms.katalon.core.main.TestSuiteExecutor.execute(TestSuiteExecutor.java:91)
	at com.kms.katalon.core.main.TestCaseMain.startTestSuite(TestCaseMain.java:157)
	at com.kms.katalon.core.main.TestCaseMain$startTestSuite$0.call(Unknown Source)
	at TempTestSuite1591373123859.run(TempTestSuite1591373123859.groovy:37)
Caused by: com.kms.katalon.core.exception.StepFailedException: com.kms.katalon.core.webui.exception.WebElementNotFoundException: Web element with id: 'Object Repository/Page_Create_New_Channel_Local/txt_error_duplicate' located by 'By.xpath: //p[@id='createChannelError']' not found
	at com.kms.katalon.core.webui.keyword.internal.WebUIKeywordMain.stepFailed(WebUIKeywordMain.groovy:64)
	at com.kms.katalon.core.webui.keyword.builtin.VerifyElementPresentKeyword$_verifyElementPresent_closure1.doCall(VerifyElementPresentKeyword.groovy:85)
	at com.kms.katalon.core.webui.keyword.builtin.VerifyElementPresentKeyword$_verifyElementPresent_closure1.call(VerifyElementPresentKeyword.groovy)
	at com.kms.katalon.core.webui.keyword.internal.WebUIKeywordMain.runKeyword(WebUIKeywordMain.groovy:20)
	... 19 more
)
[[ATTACHMENT|D:\\katalon\\hw2-katalon-testing\\Reports\\20200605_230523\\Run_All_Test_Cases\\20200605_230523\\1591373593476.png]]

2020-06-05 23:13:13 - [TEST_STEP][PASSED] - Start tear down : Teardown: Method 'Teardown' complete successfully

2020-06-05 23:13:13 - [TEST_STEP][PASSED] - closeBrowser(): Browser is closed

2020-06-05 23:13:14 - [MESSAGE][PASSED] - Browser is closed

2020-06-05 23:13:14 - [MESSAGE][PASSED] - Method 'Teardown' complete successfully]]></system-out>
         <system-err><![CDATA[2020-06-05 23:13:03 - [TEST_CASE][FAILED] - Test Cases/Channel/Create_channel_error_header: Test Cases/Channel/Create_channel_error_header FAILED.
Reason:
com.kms.katalon.core.exception.StepFailedException: Unable to verify object 'Object Repository/Page_Create_New_Channel_Local/txt_error_duplicate' is present
	at com.kms.katalon.core.webui.keyword.internal.WebUIKeywordMain.stepFailed(WebUIKeywordMain.groovy:64)
	at com.kms.katalon.core.webui.keyword.internal.WebUIKeywordMain.runKeyword(WebUIKeywordMain.groovy:26)
	at com.kms.katalon.core.webui.keyword.builtin.VerifyElementPresentKeyword.verifyElementPresent(VerifyElementPresentKeyword.groovy:92)
	at com.kms.katalon.core.webui.keyword.builtin.VerifyElementPresentKeyword.execute(VerifyElementPresentKeyword.groovy:68)
	at com.kms.katalon.core.keyword.internal.KeywordExecutor.executeKeywordForPlatform(KeywordExecutor.groovy:72)
	at com.kms.katalon.core.webui.keyword.WebUiBuiltInKeywords.verifyElementPresent(WebUiBuiltInKeywords.groovy:1460)
	at com.kms.katalon.core.webui.keyword.WebUiBuiltInKeywords$verifyElementPresent$0.call(Unknown Source)
	at Create_channel_error_header.run(Create_channel_error_header:29)
	at com.kms.katalon.core.main.ScriptEngine.run(ScriptEngine.java:194)
	at com.kms.katalon.core.main.ScriptEngine.runScriptAsRawText(ScriptEngine.java:119)
	at com.kms.katalon.core.main.TestCaseExecutor.runScript(TestCaseExecutor.java:337)
	at com.kms.katalon.core.main.TestCaseExecutor.doExecute(TestCaseExecutor.java:328)
	at com.kms.katalon.core.main.TestCaseExecutor.processExecutionPhase(TestCaseExecutor.java:307)
	at com.kms.katalon.core.main.TestCaseExecutor.accessMainPhase(TestCaseExecutor.java:299)
	at com.kms.katalon.core.main.TestCaseExecutor.execute(TestCaseExecutor.java:233)
	at com.kms.katalon.core.main.TestSuiteExecutor.accessTestCaseMainPhase(TestSuiteExecutor.java:169)
	at com.kms.katalon.core.main.TestSuiteExecutor.accessTestSuiteMainPhase(TestSuiteExecutor.java:142)
	at com.kms.katalon.core.main.TestSuiteExecutor.execute(TestSuiteExecutor.java:91)
	at com.kms.katalon.core.main.TestCaseMain.startTestSuite(TestCaseMain.java:157)
	at com.kms.katalon.core.main.TestCaseMain$startTestSuite$0.call(Unknown Source)
	at TempTestSuite1591373123859.run(TempTestSuite1591373123859.groovy:37)
Caused by: com.kms.katalon.core.exception.StepFailedException: com.kms.katalon.core.webui.exception.WebElementNotFoundException: Web element with id: 'Object Repository/Page_Create_New_Channel_Local/txt_error_duplicate' located by 'By.xpath: //p[@id='createChannelError']' not found
	at com.kms.katalon.core.webui.keyword.internal.WebUIKeywordMain.stepFailed(WebUIKeywordMain.groovy:64)
	at com.kms.katalon.core.webui.keyword.builtin.VerifyElementPresentKeyword$_verifyElementPresent_closure1.doCall(VerifyElementPresentKeyword.groovy:85)
	at com.kms.katalon.core.webui.keyword.builtin.VerifyElementPresentKeyword$_verifyElementPresent_closure1.call(VerifyElementPresentKeyword.groovy)
	at com.kms.katalon.core.webui.keyword.internal.WebUIKeywordMain.runKeyword(WebUIKeywordMain.groovy:20)
	... 19 more]]></system-err>
      </testcase>
      <testcase name="Test Cases/Channel/Create_channel_error_header" time="10.72" classname="Test Cases/Channel/Create_channel_error_header" status="FAILED">
         <failure type="FAILED" message="Test Cases/Channel/Create_channel_error_header FAILED.
Reason:
com.kms.katalon.core.exception.StepFailedException: Unable to verify object 'Object Repository/Page_Create_New_Channel_Local/txt_error_duplicate' is present
	at com.kms.katalon.core.webui.keyword.internal.WebUIKeywordMain.stepFailed(WebUIKeywordMain.groovy:64)
	at com.kms.katalon.core.webui.keyword.internal.WebUIKeywordMain.runKeyword(WebUIKeywordMain.groovy:26)
	at com.kms.katalon.core.webui.keyword.builtin.VerifyElementPresentKeyword.verifyElementPresent(VerifyElementPresentKeyword.groovy:92)
	at com.kms.katalon.core.webui.keyword.builtin.VerifyElementPresentKeyword.execute(VerifyElementPresentKeyword.groovy:68)
	at com.kms.katalon.core.keyword.internal.KeywordExecutor.executeKeywordForPlatform(KeywordExecutor.groovy:72)
	at com.kms.katalon.core.webui.keyword.WebUiBuiltInKeywords.verifyElementPresent(WebUiBuiltInKeywords.groovy:1460)
	at com.kms.katalon.core.webui.keyword.WebUiBuiltInKeywords$verifyElementPresent$0.call(Unknown Source)
	at Create_channel_error_header.run(Create_channel_error_header:29)
	at com.kms.katalon.core.main.ScriptEngine.run(ScriptEngine.java:194)
	at com.kms.katalon.core.main.ScriptEngine.runScriptAsRawText(ScriptEngine.java:119)
	at com.kms.katalon.core.main.TestCaseExecutor.runScript(TestCaseExecutor.java:337)
	at com.kms.katalon.core.main.TestCaseExecutor.doExecute(TestCaseExecutor.java:328)
	at com.kms.katalon.core.main.TestCaseExecutor.processExecutionPhase(TestCaseExecutor.java:307)
	at com.kms.katalon.core.main.TestCaseExecutor.accessMainPhase(TestCaseExecutor.java:299)
	at com.kms.katalon.core.main.TestCaseExecutor.execute(TestCaseExecutor.java:233)
	at com.kms.katalon.core.main.TestSuiteExecutor.accessTestCaseMainPhase(TestSuiteExecutor.java:169)
	at com.kms.katalon.core.main.TestSuiteExecutor.accessTestSuiteMainPhase(TestSuiteExecutor.java:142)
	at com.kms.katalon.core.main.TestSuiteExecutor.execute(TestSuiteExecutor.java:91)
	at com.kms.katalon.core.main.TestCaseMain.startTestSuite(TestCaseMain.java:157)
	at com.kms.katalon.core.main.TestCaseMain$startTestSuite$0.call(Unknown Source)
	at TempTestSuite1591373123859.run(TempTestSuite1591373123859.groovy:37)
Caused by: com.kms.katalon.core.exception.StepFailedException: com.kms.katalon.core.webui.exception.WebElementNotFoundException: Web element with id: 'Object Repository/Page_Create_New_Channel_Local/txt_error_duplicate' located by 'By.xpath: //p[@id='createChannelError']' not found
	at com.kms.katalon.core.webui.keyword.internal.WebUIKeywordMain.stepFailed(WebUIKeywordMain.groovy:64)
	at com.kms.katalon.core.webui.keyword.builtin.VerifyElementPresentKeyword$_verifyElementPresent_closure1.doCall(VerifyElementPresentKeyword.groovy:85)
	at com.kms.katalon.core.webui.keyword.builtin.VerifyElementPresentKeyword$_verifyElementPresent_closure1.call(VerifyElementPresentKeyword.groovy)
	at com.kms.katalon.core.webui.keyword.internal.WebUIKeywordMain.runKeyword(WebUIKeywordMain.groovy:20)
	... 19 more
"/>
         <system-out><![CDATA[2020-06-05 23:13:14 - [TEST_CASE][FAILED] - Test Cases/Channel/Create_channel_error_header: Test Cases/Channel/Create_channel_error_header FAILED.
Reason:
com.kms.katalon.core.exception.StepFailedException: Unable to verify object 'Object Repository/Page_Create_New_Channel_Local/txt_error_duplicate' is present
	at com.kms.katalon.core.webui.keyword.internal.WebUIKeywordMain.stepFailed(WebUIKeywordMain.groovy:64)
	at com.kms.katalon.core.webui.keyword.internal.WebUIKeywordMain.runKeyword(WebUIKeywordMain.groovy:26)
	at com.kms.katalon.core.webui.keyword.builtin.VerifyElementPresentKeyword.verifyElementPresent(VerifyElementPresentKeyword.groovy:92)
	at com.kms.katalon.core.webui.keyword.builtin.VerifyElementPresentKeyword.execute(VerifyElementPresentKeyword.groovy:68)
	at com.kms.katalon.core.keyword.internal.KeywordExecutor.executeKeywordForPlatform(KeywordExecutor.groovy:72)
	at com.kms.katalon.core.webui.keyword.WebUiBuiltInKeywords.verifyElementPresent(WebUiBuiltInKeywords.groovy:1460)
	at com.kms.katalon.core.webui.keyword.WebUiBuiltInKeywords$verifyElementPresent$0.call(Unknown Source)
	at Create_channel_error_header.run(Create_channel_error_header:29)
	at com.kms.katalon.core.main.ScriptEngine.run(ScriptEngine.java:194)
	at com.kms.katalon.core.main.ScriptEngine.runScriptAsRawText(ScriptEngine.java:119)
	at com.kms.katalon.core.main.TestCaseExecutor.runScript(TestCaseExecutor.java:337)
	at com.kms.katalon.core.main.TestCaseExecutor.doExecute(TestCaseExecutor.java:328)
	at com.kms.katalon.core.main.TestCaseExecutor.processExecutionPhase(TestCaseExecutor.java:307)
	at com.kms.katalon.core.main.TestCaseExecutor.accessMainPhase(TestCaseExecutor.java:299)
	at com.kms.katalon.core.main.TestCaseExecutor.execute(TestCaseExecutor.java:233)
	at com.kms.katalon.core.main.TestSuiteExecutor.accessTestCaseMainPhase(TestSuiteExecutor.java:169)
	at com.kms.katalon.core.main.TestSuiteExecutor.accessTestSuiteMainPhase(TestSuiteExecutor.java:142)
	at com.kms.katalon.core.main.TestSuiteExecutor.execute(TestSuiteExecutor.java:91)
	at com.kms.katalon.core.main.TestCaseMain.startTestSuite(TestCaseMain.java:157)
	at com.kms.katalon.core.main.TestCaseMain$startTestSuite$0.call(Unknown Source)
	at TempTestSuite1591373123859.run(TempTestSuite1591373123859.groovy:37)
Caused by: com.kms.katalon.core.exception.StepFailedException: com.kms.katalon.core.webui.exception.WebElementNotFoundException: Web element with id: 'Object Repository/Page_Create_New_Channel_Local/txt_error_duplicate' located by 'By.xpath: //p[@id='createChannelError']' not found
	at com.kms.katalon.core.webui.keyword.internal.WebUIKeywordMain.stepFailed(WebUIKeywordMain.groovy:64)
	at com.kms.katalon.core.webui.keyword.builtin.VerifyElementPresentKeyword$_verifyElementPresent_closure1.doCall(VerifyElementPresentKeyword.groovy:85)
	at com.kms.katalon.core.webui.keyword.builtin.VerifyElementPresentKeyword$_verifyElementPresent_closure1.call(VerifyElementPresentKeyword.groovy)
	at com.kms.katalon.core.webui.keyword.internal.WebUIKeywordMain.runKeyword(WebUIKeywordMain.groovy:20)
	... 19 more


2020-06-05 23:13:14 - [TEST_STEP][PASSED] - Start setup action : Setup: Method 'Setup' complete successfully

2020-06-05 23:13:14 - [TEST_STEP][PASSED] - openBrowser("http://192.168.1.10:8065/login"): Browser is opened with url: 'http://192.168.1.10:8065/login'

2020-06-05 23:13:14 - [MESSAGE][INFO] - Starting 'Firefox' driver

2020-06-05 23:13:14 - [MESSAGE][INFO] - Action delay is set to 0 milliseconds

2020-06-05 23:13:19 - [MESSAGE][PASSED] - Browser is opened with url: 'http://192.168.1.10:8065/login'

2020-06-05 23:13:19 - [MESSAGE][PASSED] - Method 'Setup' complete successfully

2020-06-05 23:13:19 - [TEST_STEP][PASSED] - callTestCase(findTestCase("Test Cases/Login/login_function"), ["var_user":"tlvietdanh@gmail.com", "var_password":"13101998"], STOP_ON_FAILURE): Call Test Case 'Test Cases/Login/login_function' successfully

2020-06-05 23:13:19 - [TEST_CASE][PASSED] - Test Cases/Login/login_function: Test Cases/Login/login_function

2020-06-05 23:13:19 - [TEST_STEP][PASSED] - setText(findTestObject("Object Repository/Page_Mattermost_login/input_loginId"), var_user): Text 'tlvietdanh@gmail.com' is set on object 'Object Repository/Page_Mattermost_login/input_loginId'

2020-06-05 23:13:20 - [MESSAGE][PASSED] - Text 'tlvietdanh@gmail.com' is set on object 'Object Repository/Page_Mattermost_login/input_loginId'

2020-06-05 23:13:20 - [TEST_STEP][PASSED] - setText(findTestObject("Object Repository/Page_Mattermost_login/input_password"), var_password): Text '13101998' is set on object 'Object Repository/Page_Mattermost_login/input_password'

2020-06-05 23:13:21 - [MESSAGE][PASSED] - Text '13101998' is set on object 'Object Repository/Page_Mattermost_login/input_password'

2020-06-05 23:13:21 - [TEST_STEP][PASSED] - click(findTestObject("Object Repository/Page_Mattermost_login/span_Sign in")): Object: 'Object Repository/Page_Mattermost_login/span_Sign in' is clicked on

2020-06-05 23:13:21 - [MESSAGE][PASSED] - Object: 'Object Repository/Page_Mattermost_login/span_Sign in' is clicked on

2020-06-05 23:13:21 - [MESSAGE][PASSED] - Call Test Case 'Test Cases/Login/login_function' successfully

2020-06-05 23:13:21 - [TEST_STEP][FAILED] - verifyEqual(verifyElementPresent(findTestObject("Object Repository/Page_Create_New_Channel_Local/txt_error_duplicate"), 1), true): Unable to verify object 'Object Repository/Page_Create_New_Channel_Local/txt_error_duplicate' is present (Root cause: com.kms.katalon.core.exception.StepFailedException: Unable to verify object 'Object Repository/Page_Create_New_Channel_Local/txt_error_duplicate' is present
	at com.kms.katalon.core.webui.keyword.internal.WebUIKeywordMain.stepFailed(WebUIKeywordMain.groovy:64)
	at com.kms.katalon.core.webui.keyword.internal.WebUIKeywordMain.runKeyword(WebUIKeywordMain.groovy:26)
	at com.kms.katalon.core.webui.keyword.builtin.VerifyElementPresentKeyword.verifyElementPresent(VerifyElementPresentKeyword.groovy:92)
	at com.kms.katalon.core.webui.keyword.builtin.VerifyElementPresentKeyword.execute(VerifyElementPresentKeyword.groovy:68)
	at com.kms.katalon.core.keyword.internal.KeywordExecutor.executeKeywordForPlatform(KeywordExecutor.groovy:72)
	at com.kms.katalon.core.webui.keyword.WebUiBuiltInKeywords.verifyElementPresent(WebUiBuiltInKeywords.groovy:1460)
	at com.kms.katalon.core.webui.keyword.WebUiBuiltInKeywords$verifyElementPresent$0.call(Unknown Source)
	at Create_channel_error_header.run(Create_channel_error_header:29)
	at com.kms.katalon.core.main.ScriptEngine.run(ScriptEngine.java:194)
	at com.kms.katalon.core.main.ScriptEngine.runScriptAsRawText(ScriptEngine.java:119)
	at com.kms.katalon.core.main.TestCaseExecutor.runScript(TestCaseExecutor.java:337)
	at com.kms.katalon.core.main.TestCaseExecutor.doExecute(TestCaseExecutor.java:328)
	at com.kms.katalon.core.main.TestCaseExecutor.processExecutionPhase(TestCaseExecutor.java:307)
	at com.kms.katalon.core.main.TestCaseExecutor.accessMainPhase(TestCaseExecutor.java:299)
	at com.kms.katalon.core.main.TestCaseExecutor.execute(TestCaseExecutor.java:233)
	at com.kms.katalon.core.main.TestSuiteExecutor.accessTestCaseMainPhase(TestSuiteExecutor.java:169)
	at com.kms.katalon.core.main.TestSuiteExecutor.accessTestSuiteMainPhase(TestSuiteExecutor.java:142)
	at com.kms.katalon.core.main.TestSuiteExecutor.execute(TestSuiteExecutor.java:91)
	at com.kms.katalon.core.main.TestCaseMain.startTestSuite(TestCaseMain.java:157)
	at com.kms.katalon.core.main.TestCaseMain$startTestSuite$0.call(Unknown Source)
	at TempTestSuite1591373123859.run(TempTestSuite1591373123859.groovy:37)
Caused by: com.kms.katalon.core.exception.StepFailedException: com.kms.katalon.core.webui.exception.WebElementNotFoundException: Web element with id: 'Object Repository/Page_Create_New_Channel_Local/txt_error_duplicate' located by 'By.xpath: //p[@id='createChannelError']' not found
	at com.kms.katalon.core.webui.keyword.internal.WebUIKeywordMain.stepFailed(WebUIKeywordMain.groovy:64)
	at com.kms.katalon.core.webui.keyword.builtin.VerifyElementPresentKeyword$_verifyElementPresent_closure1.doCall(VerifyElementPresentKeyword.groovy:85)
	at com.kms.katalon.core.webui.keyword.builtin.VerifyElementPresentKeyword$_verifyElementPresent_closure1.call(VerifyElementPresentKeyword.groovy)
	at com.kms.katalon.core.webui.keyword.internal.WebUIKeywordMain.runKeyword(WebUIKeywordMain.groovy:20)
	... 19 more
)

2020-06-05 23:13:24 - [MESSAGE][INFO] - Unable to find the element located by 'By.xpath: //p[@id='createChannelError']'. Please recheck the objects properties to make sure the desired element is located. 

2020-06-05 23:13:24 - [MESSAGE][FAILED] - com.kms.katalon.core.webui.exception.WebElementNotFoundException: Web element with id: 'Object Repository/Page_Create_New_Channel_Local/txt_error_duplicate' located by 'By.xpath: //p[@id='createChannelError']' not found (Root cause: com.kms.katalon.core.exception.StepFailedException: com.kms.katalon.core.webui.exception.WebElementNotFoundException: Web element with id: 'Object Repository/Page_Create_New_Channel_Local/txt_error_duplicate' located by 'By.xpath: //p[@id='createChannelError']' not found
	at com.kms.katalon.core.webui.keyword.internal.WebUIKeywordMain.stepFailed(WebUIKeywordMain.groovy:64)
	at com.kms.katalon.core.webui.keyword.builtin.VerifyElementPresentKeyword$_verifyElementPresent_closure1.doCall(VerifyElementPresentKeyword.groovy:85)
	at com.kms.katalon.core.webui.keyword.builtin.VerifyElementPresentKeyword$_verifyElementPresent_closure1.call(VerifyElementPresentKeyword.groovy)
	at com.kms.katalon.core.webui.keyword.internal.WebUIKeywordMain.runKeyword(WebUIKeywordMain.groovy:20)
	at com.kms.katalon.core.webui.keyword.builtin.VerifyElementPresentKeyword.verifyElementPresent(VerifyElementPresentKeyword.groovy:92)
	at com.kms.katalon.core.webui.keyword.builtin.VerifyElementPresentKeyword.execute(VerifyElementPresentKeyword.groovy:68)
	at com.kms.katalon.core.keyword.internal.KeywordExecutor.executeKeywordForPlatform(KeywordExecutor.groovy:72)
	at com.kms.katalon.core.webui.keyword.WebUiBuiltInKeywords.verifyElementPresent(WebUiBuiltInKeywords.groovy:1460)
	at com.kms.katalon.core.webui.keyword.WebUiBuiltInKeywords$verifyElementPresent$0.call(Unknown Source)
	at Create_channel_error_header.run(Create_channel_error_header:29)
	at com.kms.katalon.core.main.ScriptEngine.run(ScriptEngine.java:194)
	at com.kms.katalon.core.main.ScriptEngine.runScriptAsRawText(ScriptEngine.java:119)
	at com.kms.katalon.core.main.TestCaseExecutor.runScript(TestCaseExecutor.java:337)
	at com.kms.katalon.core.main.TestCaseExecutor.doExecute(TestCaseExecutor.java:328)
	at com.kms.katalon.core.main.TestCaseExecutor.processExecutionPhase(TestCaseExecutor.java:307)
	at com.kms.katalon.core.main.TestCaseExecutor.accessMainPhase(TestCaseExecutor.java:299)
	at com.kms.katalon.core.main.TestCaseExecutor.execute(TestCaseExecutor.java:233)
	at com.kms.katalon.core.main.TestSuiteExecutor.accessTestCaseMainPhase(TestSuiteExecutor.java:169)
	at com.kms.katalon.core.main.TestSuiteExecutor.accessTestSuiteMainPhase(TestSuiteExecutor.java:142)
	at com.kms.katalon.core.main.TestSuiteExecutor.execute(TestSuiteExecutor.java:91)
	at com.kms.katalon.core.main.TestCaseMain.startTestSuite(TestCaseMain.java:157)
	at com.kms.katalon.core.main.TestCaseMain$startTestSuite$0.call(Unknown Source)
	at TempTestSuite1591373123859.run(TempTestSuite1591373123859.groovy:37)
)
[[ATTACHMENT|D:\\katalon\\hw2-katalon-testing\\Reports\\20200605_230523\\Run_All_Test_Cases\\20200605_230523\\1591373604132.png]]

2020-06-05 23:13:24 - [MESSAGE][FAILED] - Unable to verify object 'Object Repository/Page_Create_New_Channel_Local/txt_error_duplicate' is present (Root cause: com.kms.katalon.core.exception.StepFailedException: Unable to verify object 'Object Repository/Page_Create_New_Channel_Local/txt_error_duplicate' is present
	at com.kms.katalon.core.webui.keyword.internal.WebUIKeywordMain.stepFailed(WebUIKeywordMain.groovy:64)
	at com.kms.katalon.core.webui.keyword.internal.WebUIKeywordMain.runKeyword(WebUIKeywordMain.groovy:26)
	at com.kms.katalon.core.webui.keyword.builtin.VerifyElementPresentKeyword.verifyElementPresent(VerifyElementPresentKeyword.groovy:92)
	at com.kms.katalon.core.webui.keyword.builtin.VerifyElementPresentKeyword.execute(VerifyElementPresentKeyword.groovy:68)
	at com.kms.katalon.core.keyword.internal.KeywordExecutor.executeKeywordForPlatform(KeywordExecutor.groovy:72)
	at com.kms.katalon.core.webui.keyword.WebUiBuiltInKeywords.verifyElementPresent(WebUiBuiltInKeywords.groovy:1460)
	at com.kms.katalon.core.webui.keyword.WebUiBuiltInKeywords$verifyElementPresent$0.call(Unknown Source)
	at Create_channel_error_header.run(Create_channel_error_header:29)
	at com.kms.katalon.core.main.ScriptEngine.run(ScriptEngine.java:194)
	at com.kms.katalon.core.main.ScriptEngine.runScriptAsRawText(ScriptEngine.java:119)
	at com.kms.katalon.core.main.TestCaseExecutor.runScript(TestCaseExecutor.java:337)
	at com.kms.katalon.core.main.TestCaseExecutor.doExecute(TestCaseExecutor.java:328)
	at com.kms.katalon.core.main.TestCaseExecutor.processExecutionPhase(TestCaseExecutor.java:307)
	at com.kms.katalon.core.main.TestCaseExecutor.accessMainPhase(TestCaseExecutor.java:299)
	at com.kms.katalon.core.main.TestCaseExecutor.execute(TestCaseExecutor.java:233)
	at com.kms.katalon.core.main.TestSuiteExecutor.accessTestCaseMainPhase(TestSuiteExecutor.java:169)
	at com.kms.katalon.core.main.TestSuiteExecutor.accessTestSuiteMainPhase(TestSuiteExecutor.java:142)
	at com.kms.katalon.core.main.TestSuiteExecutor.execute(TestSuiteExecutor.java:91)
	at com.kms.katalon.core.main.TestCaseMain.startTestSuite(TestCaseMain.java:157)
	at com.kms.katalon.core.main.TestCaseMain$startTestSuite$0.call(Unknown Source)
	at TempTestSuite1591373123859.run(TempTestSuite1591373123859.groovy:37)
Caused by: com.kms.katalon.core.exception.StepFailedException: com.kms.katalon.core.webui.exception.WebElementNotFoundException: Web element with id: 'Object Repository/Page_Create_New_Channel_Local/txt_error_duplicate' located by 'By.xpath: //p[@id='createChannelError']' not found
	at com.kms.katalon.core.webui.keyword.internal.WebUIKeywordMain.stepFailed(WebUIKeywordMain.groovy:64)
	at com.kms.katalon.core.webui.keyword.builtin.VerifyElementPresentKeyword$_verifyElementPresent_closure1.doCall(VerifyElementPresentKeyword.groovy:85)
	at com.kms.katalon.core.webui.keyword.builtin.VerifyElementPresentKeyword$_verifyElementPresent_closure1.call(VerifyElementPresentKeyword.groovy)
	at com.kms.katalon.core.webui.keyword.internal.WebUIKeywordMain.runKeyword(WebUIKeywordMain.groovy:20)
	... 19 more
)
[[ATTACHMENT|D:\\katalon\\hw2-katalon-testing\\Reports\\20200605_230523\\Run_All_Test_Cases\\20200605_230523\\1591373604224.png]]

2020-06-05 23:13:24 - [TEST_STEP][PASSED] - Start tear down : Teardown: Method 'Teardown' complete successfully

2020-06-05 23:13:24 - [TEST_STEP][PASSED] - closeBrowser(): Browser is closed

2020-06-05 23:13:25 - [MESSAGE][PASSED] - Browser is closed

2020-06-05 23:13:25 - [MESSAGE][PASSED] - Method 'Teardown' complete successfully]]></system-out>
         <system-err><![CDATA[2020-06-05 23:13:14 - [TEST_CASE][FAILED] - Test Cases/Channel/Create_channel_error_header: Test Cases/Channel/Create_channel_error_header FAILED.
Reason:
com.kms.katalon.core.exception.StepFailedException: Unable to verify object 'Object Repository/Page_Create_New_Channel_Local/txt_error_duplicate' is present
	at com.kms.katalon.core.webui.keyword.internal.WebUIKeywordMain.stepFailed(WebUIKeywordMain.groovy:64)
	at com.kms.katalon.core.webui.keyword.internal.WebUIKeywordMain.runKeyword(WebUIKeywordMain.groovy:26)
	at com.kms.katalon.core.webui.keyword.builtin.VerifyElementPresentKeyword.verifyElementPresent(VerifyElementPresentKeyword.groovy:92)
	at com.kms.katalon.core.webui.keyword.builtin.VerifyElementPresentKeyword.execute(VerifyElementPresentKeyword.groovy:68)
	at com.kms.katalon.core.keyword.internal.KeywordExecutor.executeKeywordForPlatform(KeywordExecutor.groovy:72)
	at com.kms.katalon.core.webui.keyword.WebUiBuiltInKeywords.verifyElementPresent(WebUiBuiltInKeywords.groovy:1460)
	at com.kms.katalon.core.webui.keyword.WebUiBuiltInKeywords$verifyElementPresent$0.call(Unknown Source)
	at Create_channel_error_header.run(Create_channel_error_header:29)
	at com.kms.katalon.core.main.ScriptEngine.run(ScriptEngine.java:194)
	at com.kms.katalon.core.main.ScriptEngine.runScriptAsRawText(ScriptEngine.java:119)
	at com.kms.katalon.core.main.TestCaseExecutor.runScript(TestCaseExecutor.java:337)
	at com.kms.katalon.core.main.TestCaseExecutor.doExecute(TestCaseExecutor.java:328)
	at com.kms.katalon.core.main.TestCaseExecutor.processExecutionPhase(TestCaseExecutor.java:307)
	at com.kms.katalon.core.main.TestCaseExecutor.accessMainPhase(TestCaseExecutor.java:299)
	at com.kms.katalon.core.main.TestCaseExecutor.execute(TestCaseExecutor.java:233)
	at com.kms.katalon.core.main.TestSuiteExecutor.accessTestCaseMainPhase(TestSuiteExecutor.java:169)
	at com.kms.katalon.core.main.TestSuiteExecutor.accessTestSuiteMainPhase(TestSuiteExecutor.java:142)
	at com.kms.katalon.core.main.TestSuiteExecutor.execute(TestSuiteExecutor.java:91)
	at com.kms.katalon.core.main.TestCaseMain.startTestSuite(TestCaseMain.java:157)
	at com.kms.katalon.core.main.TestCaseMain$startTestSuite$0.call(Unknown Source)
	at TempTestSuite1591373123859.run(TempTestSuite1591373123859.groovy:37)
Caused by: com.kms.katalon.core.exception.StepFailedException: com.kms.katalon.core.webui.exception.WebElementNotFoundException: Web element with id: 'Object Repository/Page_Create_New_Channel_Local/txt_error_duplicate' located by 'By.xpath: //p[@id='createChannelError']' not found
	at com.kms.katalon.core.webui.keyword.internal.WebUIKeywordMain.stepFailed(WebUIKeywordMain.groovy:64)
	at com.kms.katalon.core.webui.keyword.builtin.VerifyElementPresentKeyword$_verifyElementPresent_closure1.doCall(VerifyElementPresentKeyword.groovy:85)
	at com.kms.katalon.core.webui.keyword.builtin.VerifyElementPresentKeyword$_verifyElementPresent_closure1.call(VerifyElementPresentKeyword.groovy)
	at com.kms.katalon.core.webui.keyword.internal.WebUIKeywordMain.runKeyword(WebUIKeywordMain.groovy:20)
	... 19 more]]></system-err>
      </testcase>
      <testcase name="Test Cases/Channel/Create_channel_error_header" time="10.34" classname="Test Cases/Channel/Create_channel_error_header" status="FAILED">
         <failure type="FAILED" message="Test Cases/Channel/Create_channel_error_header FAILED.
Reason:
com.kms.katalon.core.exception.StepFailedException: Unable to verify object 'Object Repository/Page_Create_New_Channel_Local/txt_error_duplicate' is present
	at com.kms.katalon.core.webui.keyword.internal.WebUIKeywordMain.stepFailed(WebUIKeywordMain.groovy:64)
	at com.kms.katalon.core.webui.keyword.internal.WebUIKeywordMain.runKeyword(WebUIKeywordMain.groovy:26)
	at com.kms.katalon.core.webui.keyword.builtin.VerifyElementPresentKeyword.verifyElementPresent(VerifyElementPresentKeyword.groovy:92)
	at com.kms.katalon.core.webui.keyword.builtin.VerifyElementPresentKeyword.execute(VerifyElementPresentKeyword.groovy:68)
	at com.kms.katalon.core.keyword.internal.KeywordExecutor.executeKeywordForPlatform(KeywordExecutor.groovy:72)
	at com.kms.katalon.core.webui.keyword.WebUiBuiltInKeywords.verifyElementPresent(WebUiBuiltInKeywords.groovy:1460)
	at com.kms.katalon.core.webui.keyword.WebUiBuiltInKeywords$verifyElementPresent$0.call(Unknown Source)
	at Create_channel_error_header.run(Create_channel_error_header:29)
	at com.kms.katalon.core.main.ScriptEngine.run(ScriptEngine.java:194)
	at com.kms.katalon.core.main.ScriptEngine.runScriptAsRawText(ScriptEngine.java:119)
	at com.kms.katalon.core.main.TestCaseExecutor.runScript(TestCaseExecutor.java:337)
	at com.kms.katalon.core.main.TestCaseExecutor.doExecute(TestCaseExecutor.java:328)
	at com.kms.katalon.core.main.TestCaseExecutor.processExecutionPhase(TestCaseExecutor.java:307)
	at com.kms.katalon.core.main.TestCaseExecutor.accessMainPhase(TestCaseExecutor.java:299)
	at com.kms.katalon.core.main.TestCaseExecutor.execute(TestCaseExecutor.java:233)
	at com.kms.katalon.core.main.TestSuiteExecutor.accessTestCaseMainPhase(TestSuiteExecutor.java:169)
	at com.kms.katalon.core.main.TestSuiteExecutor.accessTestSuiteMainPhase(TestSuiteExecutor.java:142)
	at com.kms.katalon.core.main.TestSuiteExecutor.execute(TestSuiteExecutor.java:91)
	at com.kms.katalon.core.main.TestCaseMain.startTestSuite(TestCaseMain.java:157)
	at com.kms.katalon.core.main.TestCaseMain$startTestSuite$0.call(Unknown Source)
	at TempTestSuite1591373123859.run(TempTestSuite1591373123859.groovy:37)
Caused by: com.kms.katalon.core.exception.StepFailedException: com.kms.katalon.core.webui.exception.WebElementNotFoundException: Web element with id: 'Object Repository/Page_Create_New_Channel_Local/txt_error_duplicate' located by 'By.xpath: //p[@id='createChannelError']' not found
	at com.kms.katalon.core.webui.keyword.internal.WebUIKeywordMain.stepFailed(WebUIKeywordMain.groovy:64)
	at com.kms.katalon.core.webui.keyword.builtin.VerifyElementPresentKeyword$_verifyElementPresent_closure1.doCall(VerifyElementPresentKeyword.groovy:85)
	at com.kms.katalon.core.webui.keyword.builtin.VerifyElementPresentKeyword$_verifyElementPresent_closure1.call(VerifyElementPresentKeyword.groovy)
	at com.kms.katalon.core.webui.keyword.internal.WebUIKeywordMain.runKeyword(WebUIKeywordMain.groovy:20)
	... 19 more
"/>
         <system-out><![CDATA[2020-06-05 23:13:25 - [TEST_CASE][FAILED] - Test Cases/Channel/Create_channel_error_header: Test Cases/Channel/Create_channel_error_header FAILED.
Reason:
com.kms.katalon.core.exception.StepFailedException: Unable to verify object 'Object Repository/Page_Create_New_Channel_Local/txt_error_duplicate' is present
	at com.kms.katalon.core.webui.keyword.internal.WebUIKeywordMain.stepFailed(WebUIKeywordMain.groovy:64)
	at com.kms.katalon.core.webui.keyword.internal.WebUIKeywordMain.runKeyword(WebUIKeywordMain.groovy:26)
	at com.kms.katalon.core.webui.keyword.builtin.VerifyElementPresentKeyword.verifyElementPresent(VerifyElementPresentKeyword.groovy:92)
	at com.kms.katalon.core.webui.keyword.builtin.VerifyElementPresentKeyword.execute(VerifyElementPresentKeyword.groovy:68)
	at com.kms.katalon.core.keyword.internal.KeywordExecutor.executeKeywordForPlatform(KeywordExecutor.groovy:72)
	at com.kms.katalon.core.webui.keyword.WebUiBuiltInKeywords.verifyElementPresent(WebUiBuiltInKeywords.groovy:1460)
	at com.kms.katalon.core.webui.keyword.WebUiBuiltInKeywords$verifyElementPresent$0.call(Unknown Source)
	at Create_channel_error_header.run(Create_channel_error_header:29)
	at com.kms.katalon.core.main.ScriptEngine.run(ScriptEngine.java:194)
	at com.kms.katalon.core.main.ScriptEngine.runScriptAsRawText(ScriptEngine.java:119)
	at com.kms.katalon.core.main.TestCaseExecutor.runScript(TestCaseExecutor.java:337)
	at com.kms.katalon.core.main.TestCaseExecutor.doExecute(TestCaseExecutor.java:328)
	at com.kms.katalon.core.main.TestCaseExecutor.processExecutionPhase(TestCaseExecutor.java:307)
	at com.kms.katalon.core.main.TestCaseExecutor.accessMainPhase(TestCaseExecutor.java:299)
	at com.kms.katalon.core.main.TestCaseExecutor.execute(TestCaseExecutor.java:233)
	at com.kms.katalon.core.main.TestSuiteExecutor.accessTestCaseMainPhase(TestSuiteExecutor.java:169)
	at com.kms.katalon.core.main.TestSuiteExecutor.accessTestSuiteMainPhase(TestSuiteExecutor.java:142)
	at com.kms.katalon.core.main.TestSuiteExecutor.execute(TestSuiteExecutor.java:91)
	at com.kms.katalon.core.main.TestCaseMain.startTestSuite(TestCaseMain.java:157)
	at com.kms.katalon.core.main.TestCaseMain$startTestSuite$0.call(Unknown Source)
	at TempTestSuite1591373123859.run(TempTestSuite1591373123859.groovy:37)
Caused by: com.kms.katalon.core.exception.StepFailedException: com.kms.katalon.core.webui.exception.WebElementNotFoundException: Web element with id: 'Object Repository/Page_Create_New_Channel_Local/txt_error_duplicate' located by 'By.xpath: //p[@id='createChannelError']' not found
	at com.kms.katalon.core.webui.keyword.internal.WebUIKeywordMain.stepFailed(WebUIKeywordMain.groovy:64)
	at com.kms.katalon.core.webui.keyword.builtin.VerifyElementPresentKeyword$_verifyElementPresent_closure1.doCall(VerifyElementPresentKeyword.groovy:85)
	at com.kms.katalon.core.webui.keyword.builtin.VerifyElementPresentKeyword$_verifyElementPresent_closure1.call(VerifyElementPresentKeyword.groovy)
	at com.kms.katalon.core.webui.keyword.internal.WebUIKeywordMain.runKeyword(WebUIKeywordMain.groovy:20)
	... 19 more


2020-06-05 23:13:25 - [TEST_STEP][PASSED] - Start setup action : Setup: Method 'Setup' complete successfully

2020-06-05 23:13:25 - [TEST_STEP][PASSED] - openBrowser("http://192.168.1.10:8065/login"): Browser is opened with url: 'http://192.168.1.10:8065/login'

2020-06-05 23:13:25 - [MESSAGE][INFO] - Starting 'Firefox' driver

2020-06-05 23:13:25 - [MESSAGE][INFO] - Action delay is set to 0 milliseconds

2020-06-05 23:13:29 - [MESSAGE][PASSED] - Browser is opened with url: 'http://192.168.1.10:8065/login'

2020-06-05 23:13:29 - [MESSAGE][PASSED] - Method 'Setup' complete successfully

2020-06-05 23:13:29 - [TEST_STEP][PASSED] - callTestCase(findTestCase("Test Cases/Login/login_function"), ["var_user":"tlvietdanh@gmail.com", "var_password":"13101998"], STOP_ON_FAILURE): Call Test Case 'Test Cases/Login/login_function' successfully

2020-06-05 23:13:29 - [TEST_CASE][PASSED] - Test Cases/Login/login_function: Test Cases/Login/login_function

2020-06-05 23:13:29 - [TEST_STEP][PASSED] - setText(findTestObject("Object Repository/Page_Mattermost_login/input_loginId"), var_user): Text 'tlvietdanh@gmail.com' is set on object 'Object Repository/Page_Mattermost_login/input_loginId'

2020-06-05 23:13:31 - [MESSAGE][PASSED] - Text 'tlvietdanh@gmail.com' is set on object 'Object Repository/Page_Mattermost_login/input_loginId'

2020-06-05 23:13:31 - [TEST_STEP][PASSED] - setText(findTestObject("Object Repository/Page_Mattermost_login/input_password"), var_password): Text '13101998' is set on object 'Object Repository/Page_Mattermost_login/input_password'

2020-06-05 23:13:31 - [MESSAGE][PASSED] - Text '13101998' is set on object 'Object Repository/Page_Mattermost_login/input_password'

2020-06-05 23:13:31 - [TEST_STEP][PASSED] - click(findTestObject("Object Repository/Page_Mattermost_login/span_Sign in")): Object: 'Object Repository/Page_Mattermost_login/span_Sign in' is clicked on

2020-06-05 23:13:32 - [MESSAGE][PASSED] - Object: 'Object Repository/Page_Mattermost_login/span_Sign in' is clicked on

2020-06-05 23:13:32 - [MESSAGE][PASSED] - Call Test Case 'Test Cases/Login/login_function' successfully

2020-06-05 23:13:32 - [TEST_STEP][FAILED] - verifyEqual(verifyElementPresent(findTestObject("Object Repository/Page_Create_New_Channel_Local/txt_error_duplicate"), 1), true): Unable to verify object 'Object Repository/Page_Create_New_Channel_Local/txt_error_duplicate' is present (Root cause: com.kms.katalon.core.exception.StepFailedException: Unable to verify object 'Object Repository/Page_Create_New_Channel_Local/txt_error_duplicate' is present
	at com.kms.katalon.core.webui.keyword.internal.WebUIKeywordMain.stepFailed(WebUIKeywordMain.groovy:64)
	at com.kms.katalon.core.webui.keyword.internal.WebUIKeywordMain.runKeyword(WebUIKeywordMain.groovy:26)
	at com.kms.katalon.core.webui.keyword.builtin.VerifyElementPresentKeyword.verifyElementPresent(VerifyElementPresentKeyword.groovy:92)
	at com.kms.katalon.core.webui.keyword.builtin.VerifyElementPresentKeyword.execute(VerifyElementPresentKeyword.groovy:68)
	at com.kms.katalon.core.keyword.internal.KeywordExecutor.executeKeywordForPlatform(KeywordExecutor.groovy:72)
	at com.kms.katalon.core.webui.keyword.WebUiBuiltInKeywords.verifyElementPresent(WebUiBuiltInKeywords.groovy:1460)
	at com.kms.katalon.core.webui.keyword.WebUiBuiltInKeywords$verifyElementPresent$0.call(Unknown Source)
	at Create_channel_error_header.run(Create_channel_error_header:29)
	at com.kms.katalon.core.main.ScriptEngine.run(ScriptEngine.java:194)
	at com.kms.katalon.core.main.ScriptEngine.runScriptAsRawText(ScriptEngine.java:119)
	at com.kms.katalon.core.main.TestCaseExecutor.runScript(TestCaseExecutor.java:337)
	at com.kms.katalon.core.main.TestCaseExecutor.doExecute(TestCaseExecutor.java:328)
	at com.kms.katalon.core.main.TestCaseExecutor.processExecutionPhase(TestCaseExecutor.java:307)
	at com.kms.katalon.core.main.TestCaseExecutor.accessMainPhase(TestCaseExecutor.java:299)
	at com.kms.katalon.core.main.TestCaseExecutor.execute(TestCaseExecutor.java:233)
	at com.kms.katalon.core.main.TestSuiteExecutor.accessTestCaseMainPhase(TestSuiteExecutor.java:169)
	at com.kms.katalon.core.main.TestSuiteExecutor.accessTestSuiteMainPhase(TestSuiteExecutor.java:142)
	at com.kms.katalon.core.main.TestSuiteExecutor.execute(TestSuiteExecutor.java:91)
	at com.kms.katalon.core.main.TestCaseMain.startTestSuite(TestCaseMain.java:157)
	at com.kms.katalon.core.main.TestCaseMain$startTestSuite$0.call(Unknown Source)
	at TempTestSuite1591373123859.run(TempTestSuite1591373123859.groovy:37)
Caused by: com.kms.katalon.core.exception.StepFailedException: com.kms.katalon.core.webui.exception.WebElementNotFoundException: Web element with id: 'Object Repository/Page_Create_New_Channel_Local/txt_error_duplicate' located by 'By.xpath: //p[@id='createChannelError']' not found
	at com.kms.katalon.core.webui.keyword.internal.WebUIKeywordMain.stepFailed(WebUIKeywordMain.groovy:64)
	at com.kms.katalon.core.webui.keyword.builtin.VerifyElementPresentKeyword$_verifyElementPresent_closure1.doCall(VerifyElementPresentKeyword.groovy:85)
	at com.kms.katalon.core.webui.keyword.builtin.VerifyElementPresentKeyword$_verifyElementPresent_closure1.call(VerifyElementPresentKeyword.groovy)
	at com.kms.katalon.core.webui.keyword.internal.WebUIKeywordMain.runKeyword(WebUIKeywordMain.groovy:20)
	... 19 more
)

2020-06-05 23:13:34 - [MESSAGE][INFO] - Unable to find the element located by 'By.xpath: //p[@id='createChannelError']'. Please recheck the objects properties to make sure the desired element is located. 

2020-06-05 23:13:34 - [MESSAGE][FAILED] - com.kms.katalon.core.webui.exception.WebElementNotFoundException: Web element with id: 'Object Repository/Page_Create_New_Channel_Local/txt_error_duplicate' located by 'By.xpath: //p[@id='createChannelError']' not found (Root cause: com.kms.katalon.core.exception.StepFailedException: com.kms.katalon.core.webui.exception.WebElementNotFoundException: Web element with id: 'Object Repository/Page_Create_New_Channel_Local/txt_error_duplicate' located by 'By.xpath: //p[@id='createChannelError']' not found
	at com.kms.katalon.core.webui.keyword.internal.WebUIKeywordMain.stepFailed(WebUIKeywordMain.groovy:64)
	at com.kms.katalon.core.webui.keyword.builtin.VerifyElementPresentKeyword$_verifyElementPresent_closure1.doCall(VerifyElementPresentKeyword.groovy:85)
	at com.kms.katalon.core.webui.keyword.builtin.VerifyElementPresentKeyword$_verifyElementPresent_closure1.call(VerifyElementPresentKeyword.groovy)
	at com.kms.katalon.core.webui.keyword.internal.WebUIKeywordMain.runKeyword(WebUIKeywordMain.groovy:20)
	at com.kms.katalon.core.webui.keyword.builtin.VerifyElementPresentKeyword.verifyElementPresent(VerifyElementPresentKeyword.groovy:92)
	at com.kms.katalon.core.webui.keyword.builtin.VerifyElementPresentKeyword.execute(VerifyElementPresentKeyword.groovy:68)
	at com.kms.katalon.core.keyword.internal.KeywordExecutor.executeKeywordForPlatform(KeywordExecutor.groovy:72)
	at com.kms.katalon.core.webui.keyword.WebUiBuiltInKeywords.verifyElementPresent(WebUiBuiltInKeywords.groovy:1460)
	at com.kms.katalon.core.webui.keyword.WebUiBuiltInKeywords$verifyElementPresent$0.call(Unknown Source)
	at Create_channel_error_header.run(Create_channel_error_header:29)
	at com.kms.katalon.core.main.ScriptEngine.run(ScriptEngine.java:194)
	at com.kms.katalon.core.main.ScriptEngine.runScriptAsRawText(ScriptEngine.java:119)
	at com.kms.katalon.core.main.TestCaseExecutor.runScript(TestCaseExecutor.java:337)
	at com.kms.katalon.core.main.TestCaseExecutor.doExecute(TestCaseExecutor.java:328)
	at com.kms.katalon.core.main.TestCaseExecutor.processExecutionPhase(TestCaseExecutor.java:307)
	at com.kms.katalon.core.main.TestCaseExecutor.accessMainPhase(TestCaseExecutor.java:299)
	at com.kms.katalon.core.main.TestCaseExecutor.execute(TestCaseExecutor.java:233)
	at com.kms.katalon.core.main.TestSuiteExecutor.accessTestCaseMainPhase(TestSuiteExecutor.java:169)
	at com.kms.katalon.core.main.TestSuiteExecutor.accessTestSuiteMainPhase(TestSuiteExecutor.java:142)
	at com.kms.katalon.core.main.TestSuiteExecutor.execute(TestSuiteExecutor.java:91)
	at com.kms.katalon.core.main.TestCaseMain.startTestSuite(TestCaseMain.java:157)
	at com.kms.katalon.core.main.TestCaseMain$startTestSuite$0.call(Unknown Source)
	at TempTestSuite1591373123859.run(TempTestSuite1591373123859.groovy:37)
)
[[ATTACHMENT|D:\\katalon\\hw2-katalon-testing\\Reports\\20200605_230523\\Run_All_Test_Cases\\20200605_230523\\1591373614561.png]]

2020-06-05 23:13:34 - [MESSAGE][FAILED] - Unable to verify object 'Object Repository/Page_Create_New_Channel_Local/txt_error_duplicate' is present (Root cause: com.kms.katalon.core.exception.StepFailedException: Unable to verify object 'Object Repository/Page_Create_New_Channel_Local/txt_error_duplicate' is present
	at com.kms.katalon.core.webui.keyword.internal.WebUIKeywordMain.stepFailed(WebUIKeywordMain.groovy:64)
	at com.kms.katalon.core.webui.keyword.internal.WebUIKeywordMain.runKeyword(WebUIKeywordMain.groovy:26)
	at com.kms.katalon.core.webui.keyword.builtin.VerifyElementPresentKeyword.verifyElementPresent(VerifyElementPresentKeyword.groovy:92)
	at com.kms.katalon.core.webui.keyword.builtin.VerifyElementPresentKeyword.execute(VerifyElementPresentKeyword.groovy:68)
	at com.kms.katalon.core.keyword.internal.KeywordExecutor.executeKeywordForPlatform(KeywordExecutor.groovy:72)
	at com.kms.katalon.core.webui.keyword.WebUiBuiltInKeywords.verifyElementPresent(WebUiBuiltInKeywords.groovy:1460)
	at com.kms.katalon.core.webui.keyword.WebUiBuiltInKeywords$verifyElementPresent$0.call(Unknown Source)
	at Create_channel_error_header.run(Create_channel_error_header:29)
	at com.kms.katalon.core.main.ScriptEngine.run(ScriptEngine.java:194)
	at com.kms.katalon.core.main.ScriptEngine.runScriptAsRawText(ScriptEngine.java:119)
	at com.kms.katalon.core.main.TestCaseExecutor.runScript(TestCaseExecutor.java:337)
	at com.kms.katalon.core.main.TestCaseExecutor.doExecute(TestCaseExecutor.java:328)
	at com.kms.katalon.core.main.TestCaseExecutor.processExecutionPhase(TestCaseExecutor.java:307)
	at com.kms.katalon.core.main.TestCaseExecutor.accessMainPhase(TestCaseExecutor.java:299)
	at com.kms.katalon.core.main.TestCaseExecutor.execute(TestCaseExecutor.java:233)
	at com.kms.katalon.core.main.TestSuiteExecutor.accessTestCaseMainPhase(TestSuiteExecutor.java:169)
	at com.kms.katalon.core.main.TestSuiteExecutor.accessTestSuiteMainPhase(TestSuiteExecutor.java:142)
	at com.kms.katalon.core.main.TestSuiteExecutor.execute(TestSuiteExecutor.java:91)
	at com.kms.katalon.core.main.TestCaseMain.startTestSuite(TestCaseMain.java:157)
	at com.kms.katalon.core.main.TestCaseMain$startTestSuite$0.call(Unknown Source)
	at TempTestSuite1591373123859.run(TempTestSuite1591373123859.groovy:37)
Caused by: com.kms.katalon.core.exception.StepFailedException: com.kms.katalon.core.webui.exception.WebElementNotFoundException: Web element with id: 'Object Repository/Page_Create_New_Channel_Local/txt_error_duplicate' located by 'By.xpath: //p[@id='createChannelError']' not found
	at com.kms.katalon.core.webui.keyword.internal.WebUIKeywordMain.stepFailed(WebUIKeywordMain.groovy:64)
	at com.kms.katalon.core.webui.keyword.builtin.VerifyElementPresentKeyword$_verifyElementPresent_closure1.doCall(VerifyElementPresentKeyword.groovy:85)
	at com.kms.katalon.core.webui.keyword.builtin.VerifyElementPresentKeyword$_verifyElementPresent_closure1.call(VerifyElementPresentKeyword.groovy)
	at com.kms.katalon.core.webui.keyword.internal.WebUIKeywordMain.runKeyword(WebUIKeywordMain.groovy:20)
	... 19 more
)
[[ATTACHMENT|D:\\katalon\\hw2-katalon-testing\\Reports\\20200605_230523\\Run_All_Test_Cases\\20200605_230523\\1591373614636.png]]

2020-06-05 23:13:34 - [TEST_STEP][PASSED] - Start tear down : Teardown: Method 'Teardown' complete successfully

2020-06-05 23:13:34 - [TEST_STEP][PASSED] - closeBrowser(): Browser is closed

2020-06-05 23:13:35 - [MESSAGE][PASSED] - Browser is closed

2020-06-05 23:13:35 - [MESSAGE][PASSED] - Method 'Teardown' complete successfully]]></system-out>
         <system-err><![CDATA[2020-06-05 23:13:25 - [TEST_CASE][FAILED] - Test Cases/Channel/Create_channel_error_header: Test Cases/Channel/Create_channel_error_header FAILED.
Reason:
com.kms.katalon.core.exception.StepFailedException: Unable to verify object 'Object Repository/Page_Create_New_Channel_Local/txt_error_duplicate' is present
	at com.kms.katalon.core.webui.keyword.internal.WebUIKeywordMain.stepFailed(WebUIKeywordMain.groovy:64)
	at com.kms.katalon.core.webui.keyword.internal.WebUIKeywordMain.runKeyword(WebUIKeywordMain.groovy:26)
	at com.kms.katalon.core.webui.keyword.builtin.VerifyElementPresentKeyword.verifyElementPresent(VerifyElementPresentKeyword.groovy:92)
	at com.kms.katalon.core.webui.keyword.builtin.VerifyElementPresentKeyword.execute(VerifyElementPresentKeyword.groovy:68)
	at com.kms.katalon.core.keyword.internal.KeywordExecutor.executeKeywordForPlatform(KeywordExecutor.groovy:72)
	at com.kms.katalon.core.webui.keyword.WebUiBuiltInKeywords.verifyElementPresent(WebUiBuiltInKeywords.groovy:1460)
	at com.kms.katalon.core.webui.keyword.WebUiBuiltInKeywords$verifyElementPresent$0.call(Unknown Source)
	at Create_channel_error_header.run(Create_channel_error_header:29)
	at com.kms.katalon.core.main.ScriptEngine.run(ScriptEngine.java:194)
	at com.kms.katalon.core.main.ScriptEngine.runScriptAsRawText(ScriptEngine.java:119)
	at com.kms.katalon.core.main.TestCaseExecutor.runScript(TestCaseExecutor.java:337)
	at com.kms.katalon.core.main.TestCaseExecutor.doExecute(TestCaseExecutor.java:328)
	at com.kms.katalon.core.main.TestCaseExecutor.processExecutionPhase(TestCaseExecutor.java:307)
	at com.kms.katalon.core.main.TestCaseExecutor.accessMainPhase(TestCaseExecutor.java:299)
	at com.kms.katalon.core.main.TestCaseExecutor.execute(TestCaseExecutor.java:233)
	at com.kms.katalon.core.main.TestSuiteExecutor.accessTestCaseMainPhase(TestSuiteExecutor.java:169)
	at com.kms.katalon.core.main.TestSuiteExecutor.accessTestSuiteMainPhase(TestSuiteExecutor.java:142)
	at com.kms.katalon.core.main.TestSuiteExecutor.execute(TestSuiteExecutor.java:91)
	at com.kms.katalon.core.main.TestCaseMain.startTestSuite(TestCaseMain.java:157)
	at com.kms.katalon.core.main.TestCaseMain$startTestSuite$0.call(Unknown Source)
	at TempTestSuite1591373123859.run(TempTestSuite1591373123859.groovy:37)
Caused by: com.kms.katalon.core.exception.StepFailedException: com.kms.katalon.core.webui.exception.WebElementNotFoundException: Web element with id: 'Object Repository/Page_Create_New_Channel_Local/txt_error_duplicate' located by 'By.xpath: //p[@id='createChannelError']' not found
	at com.kms.katalon.core.webui.keyword.internal.WebUIKeywordMain.stepFailed(WebUIKeywordMain.groovy:64)
	at com.kms.katalon.core.webui.keyword.builtin.VerifyElementPresentKeyword$_verifyElementPresent_closure1.doCall(VerifyElementPresentKeyword.groovy:85)
	at com.kms.katalon.core.webui.keyword.builtin.VerifyElementPresentKeyword$_verifyElementPresent_closure1.call(VerifyElementPresentKeyword.groovy)
	at com.kms.katalon.core.webui.keyword.internal.WebUIKeywordMain.runKeyword(WebUIKeywordMain.groovy:20)
	... 19 more]]></system-err>
      </testcase>
      <testcase name="Test Cases/Channel/Remane_channel" time="13.955" classname="Test Cases/Channel/Remane_channel" status="PASSED">
         <system-out><![CDATA[2020-06-05 23:13:35 - [TEST_CASE][PASSED] - Test Cases/Channel/Remane_channel: Test Cases/Channel/Remane_channel

2020-06-05 23:13:35 - [TEST_STEP][PASSED] - Start setup action : Setup: Method 'Setup' complete successfully

2020-06-05 23:13:35 - [TEST_STEP][PASSED] - openBrowser("http://192.168.1.10:8065/login"): Browser is opened with url: 'http://192.168.1.10:8065/login'

2020-06-05 23:13:35 - [MESSAGE][INFO] - Starting 'Firefox' driver

2020-06-05 23:13:35 - [MESSAGE][INFO] - Action delay is set to 0 milliseconds

2020-06-05 23:13:40 - [MESSAGE][PASSED] - Browser is opened with url: 'http://192.168.1.10:8065/login'

2020-06-05 23:13:40 - [MESSAGE][PASSED] - Method 'Setup' complete successfully

2020-06-05 23:13:40 - [TEST_STEP][PASSED] - callTestCase(findTestCase("Test Cases/Login/login_function"), ["var_user":"tlvietdanh@gmail.com", "var_password":"13101998"], STOP_ON_FAILURE): Call Test Case 'Test Cases/Login/login_function' successfully

2020-06-05 23:13:40 - [TEST_CASE][PASSED] - Test Cases/Login/login_function: Test Cases/Login/login_function

2020-06-05 23:13:40 - [TEST_STEP][PASSED] - setText(findTestObject("Object Repository/Page_Mattermost_login/input_loginId"), var_user): Text 'tlvietdanh@gmail.com' is set on object 'Object Repository/Page_Mattermost_login/input_loginId'

2020-06-05 23:13:41 - [MESSAGE][PASSED] - Text 'tlvietdanh@gmail.com' is set on object 'Object Repository/Page_Mattermost_login/input_loginId'

2020-06-05 23:13:41 - [TEST_STEP][PASSED] - setText(findTestObject("Object Repository/Page_Mattermost_login/input_password"), var_password): Text '13101998' is set on object 'Object Repository/Page_Mattermost_login/input_password'

2020-06-05 23:13:42 - [MESSAGE][PASSED] - Text '13101998' is set on object 'Object Repository/Page_Mattermost_login/input_password'

2020-06-05 23:13:42 - [TEST_STEP][PASSED] - click(findTestObject("Object Repository/Page_Mattermost_login/span_Sign in")): Object: 'Object Repository/Page_Mattermost_login/span_Sign in' is clicked on

2020-06-05 23:13:43 - [MESSAGE][PASSED] - Object: 'Object Repository/Page_Mattermost_login/span_Sign in' is clicked on

2020-06-05 23:13:43 - [MESSAGE][PASSED] - Call Test Case 'Test Cases/Login/login_function' successfully

2020-06-05 23:13:43 - [TEST_STEP][PASSED] - waitForElementVisible(findTestObject("Object Repository/Rename_channel/span_Town Square"), 2): Object 'Object Repository/Rename_channel/span_Town Square' is visible

2020-06-05 23:13:45 - [MESSAGE][PASSED] - Object 'Object Repository/Rename_channel/span_Town Square' is visible

2020-06-05 23:13:45 - [TEST_STEP][PASSED] - url = getUrl().substring(7): Current window's url is: 'http://192.168.1.10:8065/test4/channels/town-square'

2020-06-05 23:13:45 - [MESSAGE][PASSED] - Current window's url is: 'http://192.168.1.10:8065/test4/channels/town-square'

2020-06-05 23:13:45 - [TEST_STEP][PASSED] - arr = url.split("/"): null

2020-06-05 23:13:45 - [TEST_STEP][PASSED] - arr[length - 1] = channel_url: null

2020-06-05 23:13:45 - [TEST_STEP][PASSED] - newUrl = "": null

2020-06-05 23:13:45 - [TEST_STEP][PASSED] - for ([i = 0, i < length, (i++)]): null

2020-06-05 23:13:45 - [TEST_STEP][PASSED] - newUrl += arr[i] + "/": null

2020-06-05 23:13:45 - [TEST_STEP][PASSED] - newUrl += arr[i] + "/": null

2020-06-05 23:13:45 - [TEST_STEP][PASSED] - newUrl += arr[i] + "/": null

2020-06-05 23:13:45 - [TEST_STEP][PASSED] - newUrl += arr[i] + "/": null

2020-06-05 23:13:45 - [TEST_STEP][PASSED] - printf(newUrl): null

2020-06-05 23:13:45 - [TEST_STEP][PASSED] - navigateToUrl("http://" + newUrl): Navigate to 'http://192.168.1.10:8065/test4/channels/test_name_1/' successfully

2020-06-05 23:13:46 - [MESSAGE][PASSED] - Navigate to 'http://192.168.1.10:8065/test4/channels/test_name_1/' successfully

2020-06-05 23:13:46 - [TEST_STEP][PASSED] - if (verifyElementPresent(findTestObject("Object Repository/Rename_channel/span_Town Square"), 1, OPTIONAL)): com.kms.katalon.core.webui.exception.WebElementNotFoundException: Web element with id: 'Object Repository/Rename_channel/span_Town Square' located by 'By.xpath: //strong[@id='channelHeaderTitle']/span' not found (Root cause: com.kms.katalon.core.exception.StepFailedException: com.kms.katalon.core.webui.exception.WebElementNotFoundException: Web element with id: 'Object Repository/Rename_channel/span_Town Square' located by 'By.xpath: //strong[@id='channelHeaderTitle']/span' not found
	at com.kms.katalon.core.webui.keyword.internal.WebUIKeywordMain.stepFailed(WebUIKeywordMain.groovy:64)
	at com.kms.katalon.core.webui.keyword.builtin.VerifyElementPresentKeyword$_verifyElementPresent_closure1.doCall(VerifyElementPresentKeyword.groovy:85)
	at com.kms.katalon.core.webui.keyword.builtin.VerifyElementPresentKeyword$_verifyElementPresent_closure1.call(VerifyElementPresentKeyword.groovy)
	at com.kms.katalon.core.webui.keyword.internal.WebUIKeywordMain.runKeyword(WebUIKeywordMain.groovy:20)
	at com.kms.katalon.core.webui.keyword.builtin.VerifyElementPresentKeyword.verifyElementPresent(VerifyElementPresentKeyword.groovy:92)
	at com.kms.katalon.core.webui.keyword.builtin.VerifyElementPresentKeyword.execute(VerifyElementPresentKeyword.groovy:68)
	at com.kms.katalon.core.keyword.internal.KeywordExecutor.executeKeywordForPlatform(KeywordExecutor.groovy:72)
	at com.kms.katalon.core.webui.keyword.WebUiBuiltInKeywords.verifyElementPresent(WebUiBuiltInKeywords.groovy:1444)
	at com.kms.katalon.core.webui.keyword.WebUiBuiltInKeywords$verifyElementPresent$6.call(Unknown Source)
	at Remane_channel.run(Remane_channel:65)
	at com.kms.katalon.core.main.ScriptEngine.run(ScriptEngine.java:194)
	at com.kms.katalon.core.main.ScriptEngine.runScriptAsRawText(ScriptEngine.java:119)
	at com.kms.katalon.core.main.TestCaseExecutor.runScript(TestCaseExecutor.java:337)
	at com.kms.katalon.core.main.TestCaseExecutor.doExecute(TestCaseExecutor.java:328)
	at com.kms.katalon.core.main.TestCaseExecutor.processExecutionPhase(TestCaseExecutor.java:307)
	at com.kms.katalon.core.main.TestCaseExecutor.accessMainPhase(TestCaseExecutor.java:299)
	at com.kms.katalon.core.main.TestCaseExecutor.execute(TestCaseExecutor.java:233)
	at com.kms.katalon.core.main.TestSuiteExecutor.accessTestCaseMainPhase(TestSuiteExecutor.java:169)
	at com.kms.katalon.core.main.TestSuiteExecutor.accessTestSuiteMainPhase(TestSuiteExecutor.java:142)
	at com.kms.katalon.core.main.TestSuiteExecutor.execute(TestSuiteExecutor.java:91)
	at com.kms.katalon.core.main.TestCaseMain.startTestSuite(TestCaseMain.java:157)
	at com.kms.katalon.core.main.TestCaseMain$startTestSuite$0.call(Unknown Source)
	at TempTestSuite1591373123859.run(TempTestSuite1591373123859.groovy:37)
)

2020-06-05 23:13:48 - [MESSAGE][INFO] - Unable to find the element located by 'By.xpath: //strong[@id='channelHeaderTitle']/span'. Please recheck the objects properties to make sure the desired element is located. 

2020-06-05 23:13:48 - [MESSAGE][WARNING] - com.kms.katalon.core.webui.exception.WebElementNotFoundException: Web element with id: 'Object Repository/Rename_channel/span_Town Square' located by 'By.xpath: //strong[@id='channelHeaderTitle']/span' not found (Root cause: com.kms.katalon.core.exception.StepFailedException: com.kms.katalon.core.webui.exception.WebElementNotFoundException: Web element with id: 'Object Repository/Rename_channel/span_Town Square' located by 'By.xpath: //strong[@id='channelHeaderTitle']/span' not found
	at com.kms.katalon.core.webui.keyword.internal.WebUIKeywordMain.stepFailed(WebUIKeywordMain.groovy:64)
	at com.kms.katalon.core.webui.keyword.builtin.VerifyElementPresentKeyword$_verifyElementPresent_closure1.doCall(VerifyElementPresentKeyword.groovy:85)
	at com.kms.katalon.core.webui.keyword.builtin.VerifyElementPresentKeyword$_verifyElementPresent_closure1.call(VerifyElementPresentKeyword.groovy)
	at com.kms.katalon.core.webui.keyword.internal.WebUIKeywordMain.runKeyword(WebUIKeywordMain.groovy:20)
	at com.kms.katalon.core.webui.keyword.builtin.VerifyElementPresentKeyword.verifyElementPresent(VerifyElementPresentKeyword.groovy:92)
	at com.kms.katalon.core.webui.keyword.builtin.VerifyElementPresentKeyword.execute(VerifyElementPresentKeyword.groovy:68)
	at com.kms.katalon.core.keyword.internal.KeywordExecutor.executeKeywordForPlatform(KeywordExecutor.groovy:72)
	at com.kms.katalon.core.webui.keyword.WebUiBuiltInKeywords.verifyElementPresent(WebUiBuiltInKeywords.groovy:1444)
	at com.kms.katalon.core.webui.keyword.WebUiBuiltInKeywords$verifyElementPresent$6.call(Unknown Source)
	at Remane_channel.run(Remane_channel:65)
	at com.kms.katalon.core.main.ScriptEngine.run(ScriptEngine.java:194)
	at com.kms.katalon.core.main.ScriptEngine.runScriptAsRawText(ScriptEngine.java:119)
	at com.kms.katalon.core.main.TestCaseExecutor.runScript(TestCaseExecutor.java:337)
	at com.kms.katalon.core.main.TestCaseExecutor.doExecute(TestCaseExecutor.java:328)
	at com.kms.katalon.core.main.TestCaseExecutor.processExecutionPhase(TestCaseExecutor.java:307)
	at com.kms.katalon.core.main.TestCaseExecutor.accessMainPhase(TestCaseExecutor.java:299)
	at com.kms.katalon.core.main.TestCaseExecutor.execute(TestCaseExecutor.java:233)
	at com.kms.katalon.core.main.TestSuiteExecutor.accessTestCaseMainPhase(TestSuiteExecutor.java:169)
	at com.kms.katalon.core.main.TestSuiteExecutor.accessTestSuiteMainPhase(TestSuiteExecutor.java:142)
	at com.kms.katalon.core.main.TestSuiteExecutor.execute(TestSuiteExecutor.java:91)
	at com.kms.katalon.core.main.TestCaseMain.startTestSuite(TestCaseMain.java:157)
	at com.kms.katalon.core.main.TestCaseMain$startTestSuite$0.call(Unknown Source)
	at TempTestSuite1591373123859.run(TempTestSuite1591373123859.groovy:37)
)
[[ATTACHMENT|D:\\katalon\\hw2-katalon-testing\\Reports\\20200605_230523\\Run_All_Test_Cases\\20200605_230523\\1591373628546.png]]

2020-06-05 23:13:48 - [TEST_STEP][PASSED] - Start tear down : Teardown: Method 'Teardown' complete successfully

2020-06-05 23:13:48 - [TEST_STEP][PASSED] - closeBrowser(): Browser is closed

2020-06-05 23:13:49 - [MESSAGE][PASSED] - Browser is closed

2020-06-05 23:13:49 - [MESSAGE][PASSED] - Method 'Teardown' complete successfully]]></system-out>
         <system-err><![CDATA[]]></system-err>
      </testcase>
      <testcase name="Test Cases/Channel/Remane_channel" time="13.679" classname="Test Cases/Channel/Remane_channel" status="PASSED">
         <system-out><![CDATA[2020-06-05 23:13:49 - [TEST_CASE][PASSED] - Test Cases/Channel/Remane_channel: Test Cases/Channel/Remane_channel

2020-06-05 23:13:49 - [TEST_STEP][PASSED] - Start setup action : Setup: Method 'Setup' complete successfully

2020-06-05 23:13:49 - [TEST_STEP][PASSED] - openBrowser("http://192.168.1.10:8065/login"): Browser is opened with url: 'http://192.168.1.10:8065/login'

2020-06-05 23:13:49 - [MESSAGE][INFO] - Starting 'Firefox' driver

2020-06-05 23:13:49 - [MESSAGE][INFO] - Action delay is set to 0 milliseconds

2020-06-05 23:13:54 - [MESSAGE][PASSED] - Browser is opened with url: 'http://192.168.1.10:8065/login'

2020-06-05 23:13:54 - [MESSAGE][PASSED] - Method 'Setup' complete successfully

2020-06-05 23:13:54 - [TEST_STEP][PASSED] - callTestCase(findTestCase("Test Cases/Login/login_function"), ["var_user":"tlvietdanh@gmail.com", "var_password":"13101998"], STOP_ON_FAILURE): Call Test Case 'Test Cases/Login/login_function' successfully

2020-06-05 23:13:54 - [TEST_CASE][PASSED] - Test Cases/Login/login_function: Test Cases/Login/login_function

2020-06-05 23:13:54 - [TEST_STEP][PASSED] - setText(findTestObject("Object Repository/Page_Mattermost_login/input_loginId"), var_user): Text 'tlvietdanh@gmail.com' is set on object 'Object Repository/Page_Mattermost_login/input_loginId'

2020-06-05 23:13:55 - [MESSAGE][PASSED] - Text 'tlvietdanh@gmail.com' is set on object 'Object Repository/Page_Mattermost_login/input_loginId'

2020-06-05 23:13:55 - [TEST_STEP][PASSED] - setText(findTestObject("Object Repository/Page_Mattermost_login/input_password"), var_password): Text '13101998' is set on object 'Object Repository/Page_Mattermost_login/input_password'

2020-06-05 23:13:56 - [MESSAGE][PASSED] - Text '13101998' is set on object 'Object Repository/Page_Mattermost_login/input_password'

2020-06-05 23:13:56 - [TEST_STEP][PASSED] - click(findTestObject("Object Repository/Page_Mattermost_login/span_Sign in")): Object: 'Object Repository/Page_Mattermost_login/span_Sign in' is clicked on

2020-06-05 23:13:57 - [MESSAGE][PASSED] - Object: 'Object Repository/Page_Mattermost_login/span_Sign in' is clicked on

2020-06-05 23:13:57 - [MESSAGE][PASSED] - Call Test Case 'Test Cases/Login/login_function' successfully

2020-06-05 23:13:57 - [TEST_STEP][PASSED] - waitForElementVisible(findTestObject("Object Repository/Rename_channel/span_Town Square"), 2): Object 'Object Repository/Rename_channel/span_Town Square' is visible

2020-06-05 23:13:59 - [MESSAGE][PASSED] - Object 'Object Repository/Rename_channel/span_Town Square' is visible

2020-06-05 23:13:59 - [TEST_STEP][PASSED] - url = getUrl().substring(7): Current window's url is: 'http://192.168.1.10:8065/test4/channels/town-square'

2020-06-05 23:13:59 - [MESSAGE][PASSED] - Current window's url is: 'http://192.168.1.10:8065/test4/channels/town-square'

2020-06-05 23:13:59 - [TEST_STEP][PASSED] - arr = url.split("/"): null

2020-06-05 23:13:59 - [TEST_STEP][PASSED] - arr[length - 1] = channel_url: null

2020-06-05 23:13:59 - [TEST_STEP][PASSED] - newUrl = "": null

2020-06-05 23:13:59 - [TEST_STEP][PASSED] - for ([i = 0, i < length, (i++)]): null

2020-06-05 23:13:59 - [TEST_STEP][PASSED] - newUrl += arr[i] + "/": null

2020-06-05 23:13:59 - [TEST_STEP][PASSED] - newUrl += arr[i] + "/": null

2020-06-05 23:13:59 - [TEST_STEP][PASSED] - newUrl += arr[i] + "/": null

2020-06-05 23:13:59 - [TEST_STEP][PASSED] - newUrl += arr[i] + "/": null

2020-06-05 23:13:59 - [TEST_STEP][PASSED] - printf(newUrl): null

2020-06-05 23:13:59 - [TEST_STEP][PASSED] - navigateToUrl("http://" + newUrl): Navigate to 'http://192.168.1.10:8065/test4/channels/test_name_2/' successfully

2020-06-05 23:13:59 - [MESSAGE][PASSED] - Navigate to 'http://192.168.1.10:8065/test4/channels/test_name_2/' successfully

2020-06-05 23:13:59 - [TEST_STEP][PASSED] - if (verifyElementPresent(findTestObject("Object Repository/Rename_channel/span_Town Square"), 1, OPTIONAL)): com.kms.katalon.core.webui.exception.WebElementNotFoundException: Web element with id: 'Object Repository/Rename_channel/span_Town Square' located by 'By.xpath: //strong[@id='channelHeaderTitle']/span' not found (Root cause: com.kms.katalon.core.exception.StepFailedException: com.kms.katalon.core.webui.exception.WebElementNotFoundException: Web element with id: 'Object Repository/Rename_channel/span_Town Square' located by 'By.xpath: //strong[@id='channelHeaderTitle']/span' not found
	at com.kms.katalon.core.webui.keyword.internal.WebUIKeywordMain.stepFailed(WebUIKeywordMain.groovy:64)
	at com.kms.katalon.core.webui.keyword.builtin.VerifyElementPresentKeyword$_verifyElementPresent_closure1.doCall(VerifyElementPresentKeyword.groovy:85)
	at com.kms.katalon.core.webui.keyword.builtin.VerifyElementPresentKeyword$_verifyElementPresent_closure1.call(VerifyElementPresentKeyword.groovy)
	at com.kms.katalon.core.webui.keyword.internal.WebUIKeywordMain.runKeyword(WebUIKeywordMain.groovy:20)
	at com.kms.katalon.core.webui.keyword.builtin.VerifyElementPresentKeyword.verifyElementPresent(VerifyElementPresentKeyword.groovy:92)
	at com.kms.katalon.core.webui.keyword.builtin.VerifyElementPresentKeyword.execute(VerifyElementPresentKeyword.groovy:68)
	at com.kms.katalon.core.keyword.internal.KeywordExecutor.executeKeywordForPlatform(KeywordExecutor.groovy:72)
	at com.kms.katalon.core.webui.keyword.WebUiBuiltInKeywords.verifyElementPresent(WebUiBuiltInKeywords.groovy:1444)
	at com.kms.katalon.core.webui.keyword.WebUiBuiltInKeywords$verifyElementPresent$6.call(Unknown Source)
	at Remane_channel.run(Remane_channel:65)
	at com.kms.katalon.core.main.ScriptEngine.run(ScriptEngine.java:194)
	at com.kms.katalon.core.main.ScriptEngine.runScriptAsRawText(ScriptEngine.java:119)
	at com.kms.katalon.core.main.TestCaseExecutor.runScript(TestCaseExecutor.java:337)
	at com.kms.katalon.core.main.TestCaseExecutor.doExecute(TestCaseExecutor.java:328)
	at com.kms.katalon.core.main.TestCaseExecutor.processExecutionPhase(TestCaseExecutor.java:307)
	at com.kms.katalon.core.main.TestCaseExecutor.accessMainPhase(TestCaseExecutor.java:299)
	at com.kms.katalon.core.main.TestCaseExecutor.execute(TestCaseExecutor.java:233)
	at com.kms.katalon.core.main.TestSuiteExecutor.accessTestCaseMainPhase(TestSuiteExecutor.java:169)
	at com.kms.katalon.core.main.TestSuiteExecutor.accessTestSuiteMainPhase(TestSuiteExecutor.java:142)
	at com.kms.katalon.core.main.TestSuiteExecutor.execute(TestSuiteExecutor.java:91)
	at com.kms.katalon.core.main.TestCaseMain.startTestSuite(TestCaseMain.java:157)
	at com.kms.katalon.core.main.TestCaseMain$startTestSuite$0.call(Unknown Source)
	at TempTestSuite1591373123859.run(TempTestSuite1591373123859.groovy:37)
)

2020-06-05 23:14:02 - [MESSAGE][INFO] - Unable to find the element located by 'By.xpath: //strong[@id='channelHeaderTitle']/span'. Please recheck the objects properties to make sure the desired element is located. 

2020-06-05 23:14:02 - [MESSAGE][WARNING] - com.kms.katalon.core.webui.exception.WebElementNotFoundException: Web element with id: 'Object Repository/Rename_channel/span_Town Square' located by 'By.xpath: //strong[@id='channelHeaderTitle']/span' not found (Root cause: com.kms.katalon.core.exception.StepFailedException: com.kms.katalon.core.webui.exception.WebElementNotFoundException: Web element with id: 'Object Repository/Rename_channel/span_Town Square' located by 'By.xpath: //strong[@id='channelHeaderTitle']/span' not found
	at com.kms.katalon.core.webui.keyword.internal.WebUIKeywordMain.stepFailed(WebUIKeywordMain.groovy:64)
	at com.kms.katalon.core.webui.keyword.builtin.VerifyElementPresentKeyword$_verifyElementPresent_closure1.doCall(VerifyElementPresentKeyword.groovy:85)
	at com.kms.katalon.core.webui.keyword.builtin.VerifyElementPresentKeyword$_verifyElementPresent_closure1.call(VerifyElementPresentKeyword.groovy)
	at com.kms.katalon.core.webui.keyword.internal.WebUIKeywordMain.runKeyword(WebUIKeywordMain.groovy:20)
	at com.kms.katalon.core.webui.keyword.builtin.VerifyElementPresentKeyword.verifyElementPresent(VerifyElementPresentKeyword.groovy:92)
	at com.kms.katalon.core.webui.keyword.builtin.VerifyElementPresentKeyword.execute(VerifyElementPresentKeyword.groovy:68)
	at com.kms.katalon.core.keyword.internal.KeywordExecutor.executeKeywordForPlatform(KeywordExecutor.groovy:72)
	at com.kms.katalon.core.webui.keyword.WebUiBuiltInKeywords.verifyElementPresent(WebUiBuiltInKeywords.groovy:1444)
	at com.kms.katalon.core.webui.keyword.WebUiBuiltInKeywords$verifyElementPresent$6.call(Unknown Source)
	at Remane_channel.run(Remane_channel:65)
	at com.kms.katalon.core.main.ScriptEngine.run(ScriptEngine.java:194)
	at com.kms.katalon.core.main.ScriptEngine.runScriptAsRawText(ScriptEngine.java:119)
	at com.kms.katalon.core.main.TestCaseExecutor.runScript(TestCaseExecutor.java:337)
	at com.kms.katalon.core.main.TestCaseExecutor.doExecute(TestCaseExecutor.java:328)
	at com.kms.katalon.core.main.TestCaseExecutor.processExecutionPhase(TestCaseExecutor.java:307)
	at com.kms.katalon.core.main.TestCaseExecutor.accessMainPhase(TestCaseExecutor.java:299)
	at com.kms.katalon.core.main.TestCaseExecutor.execute(TestCaseExecutor.java:233)
	at com.kms.katalon.core.main.TestSuiteExecutor.accessTestCaseMainPhase(TestSuiteExecutor.java:169)
	at com.kms.katalon.core.main.TestSuiteExecutor.accessTestSuiteMainPhase(TestSuiteExecutor.java:142)
	at com.kms.katalon.core.main.TestSuiteExecutor.execute(TestSuiteExecutor.java:91)
	at com.kms.katalon.core.main.TestCaseMain.startTestSuite(TestCaseMain.java:157)
	at com.kms.katalon.core.main.TestCaseMain$startTestSuite$0.call(Unknown Source)
	at TempTestSuite1591373123859.run(TempTestSuite1591373123859.groovy:37)
)
[[ATTACHMENT|D:\\katalon\\hw2-katalon-testing\\Reports\\20200605_230523\\Run_All_Test_Cases\\20200605_230523\\1591373642396.png]]

2020-06-05 23:14:02 - [TEST_STEP][PASSED] - Start tear down : Teardown: Method 'Teardown' complete successfully

2020-06-05 23:14:02 - [TEST_STEP][PASSED] - closeBrowser(): Browser is closed

2020-06-05 23:14:03 - [MESSAGE][PASSED] - Browser is closed

2020-06-05 23:14:03 - [MESSAGE][PASSED] - Method 'Teardown' complete successfully]]></system-out>
         <system-err><![CDATA[]]></system-err>
      </testcase>
      <testcase name="Test Cases/Channel/Remane_channel" time="12.985" classname="Test Cases/Channel/Remane_channel" status="PASSED">
         <system-out><![CDATA[2020-06-05 23:14:03 - [TEST_CASE][PASSED] - Test Cases/Channel/Remane_channel: Test Cases/Channel/Remane_channel

2020-06-05 23:14:03 - [TEST_STEP][PASSED] - Start setup action : Setup: Method 'Setup' complete successfully

2020-06-05 23:14:03 - [TEST_STEP][PASSED] - openBrowser("http://192.168.1.10:8065/login"): Browser is opened with url: 'http://192.168.1.10:8065/login'

2020-06-05 23:14:03 - [MESSAGE][INFO] - Starting 'Firefox' driver

2020-06-05 23:14:03 - [MESSAGE][INFO] - Action delay is set to 0 milliseconds

2020-06-05 23:14:07 - [MESSAGE][PASSED] - Browser is opened with url: 'http://192.168.1.10:8065/login'

2020-06-05 23:14:07 - [MESSAGE][PASSED] - Method 'Setup' complete successfully

2020-06-05 23:14:07 - [TEST_STEP][PASSED] - callTestCase(findTestCase("Test Cases/Login/login_function"), ["var_user":"tlvietdanh@gmail.com", "var_password":"13101998"], STOP_ON_FAILURE): Call Test Case 'Test Cases/Login/login_function' successfully

2020-06-05 23:14:07 - [TEST_CASE][PASSED] - Test Cases/Login/login_function: Test Cases/Login/login_function

2020-06-05 23:14:07 - [TEST_STEP][PASSED] - setText(findTestObject("Object Repository/Page_Mattermost_login/input_loginId"), var_user): Text 'tlvietdanh@gmail.com' is set on object 'Object Repository/Page_Mattermost_login/input_loginId'

2020-06-05 23:14:09 - [MESSAGE][PASSED] - Text 'tlvietdanh@gmail.com' is set on object 'Object Repository/Page_Mattermost_login/input_loginId'

2020-06-05 23:14:09 - [TEST_STEP][PASSED] - setText(findTestObject("Object Repository/Page_Mattermost_login/input_password"), var_password): Text '13101998' is set on object 'Object Repository/Page_Mattermost_login/input_password'

2020-06-05 23:14:09 - [MESSAGE][PASSED] - Text '13101998' is set on object 'Object Repository/Page_Mattermost_login/input_password'

2020-06-05 23:14:09 - [TEST_STEP][PASSED] - click(findTestObject("Object Repository/Page_Mattermost_login/span_Sign in")): Object: 'Object Repository/Page_Mattermost_login/span_Sign in' is clicked on

2020-06-05 23:14:10 - [MESSAGE][PASSED] - Object: 'Object Repository/Page_Mattermost_login/span_Sign in' is clicked on

2020-06-05 23:14:10 - [MESSAGE][PASSED] - Call Test Case 'Test Cases/Login/login_function' successfully

2020-06-05 23:14:10 - [TEST_STEP][PASSED] - waitForElementVisible(findTestObject("Object Repository/Rename_channel/span_Town Square"), 2): Object 'Object Repository/Rename_channel/span_Town Square' is visible

2020-06-05 23:14:12 - [MESSAGE][PASSED] - Object 'Object Repository/Rename_channel/span_Town Square' is visible

2020-06-05 23:14:12 - [TEST_STEP][PASSED] - url = getUrl().substring(7): Current window's url is: 'http://192.168.1.10:8065/test4/channels/town-square'

2020-06-05 23:14:12 - [MESSAGE][PASSED] - Current window's url is: 'http://192.168.1.10:8065/test4/channels/town-square'

2020-06-05 23:14:12 - [TEST_STEP][PASSED] - arr = url.split("/"): null

2020-06-05 23:14:12 - [TEST_STEP][PASSED] - arr[length - 1] = channel_url: null

2020-06-05 23:14:12 - [TEST_STEP][PASSED] - newUrl = "": null

2020-06-05 23:14:12 - [TEST_STEP][PASSED] - for ([i = 0, i < length, (i++)]): null

2020-06-05 23:14:12 - [TEST_STEP][PASSED] - newUrl += arr[i] + "/": null

2020-06-05 23:14:12 - [TEST_STEP][PASSED] - newUrl += arr[i] + "/": null

2020-06-05 23:14:12 - [TEST_STEP][PASSED] - newUrl += arr[i] + "/": null

2020-06-05 23:14:12 - [TEST_STEP][PASSED] - newUrl += arr[i] + "/": null

2020-06-05 23:14:12 - [TEST_STEP][PASSED] - printf(newUrl): null

2020-06-05 23:14:12 - [TEST_STEP][PASSED] - navigateToUrl("http://" + newUrl): Navigate to 'http://192.168.1.10:8065/test4/channels/test_name_3/' successfully

2020-06-05 23:14:12 - [MESSAGE][PASSED] - Navigate to 'http://192.168.1.10:8065/test4/channels/test_name_3/' successfully

2020-06-05 23:14:12 - [TEST_STEP][PASSED] - if (verifyElementPresent(findTestObject("Object Repository/Rename_channel/span_Town Square"), 1, OPTIONAL)): com.kms.katalon.core.webui.exception.WebElementNotFoundException: Web element with id: 'Object Repository/Rename_channel/span_Town Square' located by 'By.xpath: //strong[@id='channelHeaderTitle']/span' not found (Root cause: com.kms.katalon.core.exception.StepFailedException: com.kms.katalon.core.webui.exception.WebElementNotFoundException: Web element with id: 'Object Repository/Rename_channel/span_Town Square' located by 'By.xpath: //strong[@id='channelHeaderTitle']/span' not found
	at com.kms.katalon.core.webui.keyword.internal.WebUIKeywordMain.stepFailed(WebUIKeywordMain.groovy:64)
	at com.kms.katalon.core.webui.keyword.builtin.VerifyElementPresentKeyword$_verifyElementPresent_closure1.doCall(VerifyElementPresentKeyword.groovy:85)
	at com.kms.katalon.core.webui.keyword.builtin.VerifyElementPresentKeyword$_verifyElementPresent_closure1.call(VerifyElementPresentKeyword.groovy)
	at com.kms.katalon.core.webui.keyword.internal.WebUIKeywordMain.runKeyword(WebUIKeywordMain.groovy:20)
	at com.kms.katalon.core.webui.keyword.builtin.VerifyElementPresentKeyword.verifyElementPresent(VerifyElementPresentKeyword.groovy:92)
	at com.kms.katalon.core.webui.keyword.builtin.VerifyElementPresentKeyword.execute(VerifyElementPresentKeyword.groovy:68)
	at com.kms.katalon.core.keyword.internal.KeywordExecutor.executeKeywordForPlatform(KeywordExecutor.groovy:72)
	at com.kms.katalon.core.webui.keyword.WebUiBuiltInKeywords.verifyElementPresent(WebUiBuiltInKeywords.groovy:1444)
	at com.kms.katalon.core.webui.keyword.WebUiBuiltInKeywords$verifyElementPresent$6.call(Unknown Source)
	at Remane_channel.run(Remane_channel:65)
	at com.kms.katalon.core.main.ScriptEngine.run(ScriptEngine.java:194)
	at com.kms.katalon.core.main.ScriptEngine.runScriptAsRawText(ScriptEngine.java:119)
	at com.kms.katalon.core.main.TestCaseExecutor.runScript(TestCaseExecutor.java:337)
	at com.kms.katalon.core.main.TestCaseExecutor.doExecute(TestCaseExecutor.java:328)
	at com.kms.katalon.core.main.TestCaseExecutor.processExecutionPhase(TestCaseExecutor.java:307)
	at com.kms.katalon.core.main.TestCaseExecutor.accessMainPhase(TestCaseExecutor.java:299)
	at com.kms.katalon.core.main.TestCaseExecutor.execute(TestCaseExecutor.java:233)
	at com.kms.katalon.core.main.TestSuiteExecutor.accessTestCaseMainPhase(TestSuiteExecutor.java:169)
	at com.kms.katalon.core.main.TestSuiteExecutor.accessTestSuiteMainPhase(TestSuiteExecutor.java:142)
	at com.kms.katalon.core.main.TestSuiteExecutor.execute(TestSuiteExecutor.java:91)
	at com.kms.katalon.core.main.TestCaseMain.startTestSuite(TestCaseMain.java:157)
	at com.kms.katalon.core.main.TestCaseMain$startTestSuite$0.call(Unknown Source)
	at TempTestSuite1591373123859.run(TempTestSuite1591373123859.groovy:37)
)

2020-06-05 23:14:15 - [MESSAGE][INFO] - Unable to find the element located by 'By.xpath: //strong[@id='channelHeaderTitle']/span'. Please recheck the objects properties to make sure the desired element is located. 

2020-06-05 23:14:15 - [MESSAGE][WARNING] - com.kms.katalon.core.webui.exception.WebElementNotFoundException: Web element with id: 'Object Repository/Rename_channel/span_Town Square' located by 'By.xpath: //strong[@id='channelHeaderTitle']/span' not found (Root cause: com.kms.katalon.core.exception.StepFailedException: com.kms.katalon.core.webui.exception.WebElementNotFoundException: Web element with id: 'Object Repository/Rename_channel/span_Town Square' located by 'By.xpath: //strong[@id='channelHeaderTitle']/span' not found
	at com.kms.katalon.core.webui.keyword.internal.WebUIKeywordMain.stepFailed(WebUIKeywordMain.groovy:64)
	at com.kms.katalon.core.webui.keyword.builtin.VerifyElementPresentKeyword$_verifyElementPresent_closure1.doCall(VerifyElementPresentKeyword.groovy:85)
	at com.kms.katalon.core.webui.keyword.builtin.VerifyElementPresentKeyword$_verifyElementPresent_closure1.call(VerifyElementPresentKeyword.groovy)
	at com.kms.katalon.core.webui.keyword.internal.WebUIKeywordMain.runKeyword(WebUIKeywordMain.groovy:20)
	at com.kms.katalon.core.webui.keyword.builtin.VerifyElementPresentKeyword.verifyElementPresent(VerifyElementPresentKeyword.groovy:92)
	at com.kms.katalon.core.webui.keyword.builtin.VerifyElementPresentKeyword.execute(VerifyElementPresentKeyword.groovy:68)
	at com.kms.katalon.core.keyword.internal.KeywordExecutor.executeKeywordForPlatform(KeywordExecutor.groovy:72)
	at com.kms.katalon.core.webui.keyword.WebUiBuiltInKeywords.verifyElementPresent(WebUiBuiltInKeywords.groovy:1444)
	at com.kms.katalon.core.webui.keyword.WebUiBuiltInKeywords$verifyElementPresent$6.call(Unknown Source)
	at Remane_channel.run(Remane_channel:65)
	at com.kms.katalon.core.main.ScriptEngine.run(ScriptEngine.java:194)
	at com.kms.katalon.core.main.ScriptEngine.runScriptAsRawText(ScriptEngine.java:119)
	at com.kms.katalon.core.main.TestCaseExecutor.runScript(TestCaseExecutor.java:337)
	at com.kms.katalon.core.main.TestCaseExecutor.doExecute(TestCaseExecutor.java:328)
	at com.kms.katalon.core.main.TestCaseExecutor.processExecutionPhase(TestCaseExecutor.java:307)
	at com.kms.katalon.core.main.TestCaseExecutor.accessMainPhase(TestCaseExecutor.java:299)
	at com.kms.katalon.core.main.TestCaseExecutor.execute(TestCaseExecutor.java:233)
	at com.kms.katalon.core.main.TestSuiteExecutor.accessTestCaseMainPhase(TestSuiteExecutor.java:169)
	at com.kms.katalon.core.main.TestSuiteExecutor.accessTestSuiteMainPhase(TestSuiteExecutor.java:142)
	at com.kms.katalon.core.main.TestSuiteExecutor.execute(TestSuiteExecutor.java:91)
	at com.kms.katalon.core.main.TestCaseMain.startTestSuite(TestCaseMain.java:157)
	at com.kms.katalon.core.main.TestCaseMain$startTestSuite$0.call(Unknown Source)
	at TempTestSuite1591373123859.run(TempTestSuite1591373123859.groovy:37)
)
[[ATTACHMENT|D:\\katalon\\hw2-katalon-testing\\Reports\\20200605_230523\\Run_All_Test_Cases\\20200605_230523\\1591373655317.png]]

2020-06-05 23:14:15 - [TEST_STEP][PASSED] - Start tear down : Teardown: Method 'Teardown' complete successfully

2020-06-05 23:14:15 - [TEST_STEP][PASSED] - closeBrowser(): Browser is closed

2020-06-05 23:14:16 - [MESSAGE][PASSED] - Browser is closed

2020-06-05 23:14:16 - [MESSAGE][PASSED] - Method 'Teardown' complete successfully]]></system-out>
         <system-err><![CDATA[]]></system-err>
      </testcase>
      <testcase name="Test Cases/Channel/Remane_channel" time="15.361" classname="Test Cases/Channel/Remane_channel" status="PASSED">
         <system-out><![CDATA[2020-06-05 23:14:16 - [TEST_CASE][PASSED] - Test Cases/Channel/Remane_channel: Test Cases/Channel/Remane_channel

2020-06-05 23:14:16 - [TEST_STEP][PASSED] - Start setup action : Setup: Method 'Setup' complete successfully

2020-06-05 23:14:16 - [TEST_STEP][PASSED] - openBrowser("http://192.168.1.10:8065/login"): Browser is opened with url: 'http://192.168.1.10:8065/login'

2020-06-05 23:14:16 - [MESSAGE][INFO] - Starting 'Firefox' driver

2020-06-05 23:14:16 - [MESSAGE][INFO] - Action delay is set to 0 milliseconds

2020-06-05 23:14:20 - [MESSAGE][PASSED] - Browser is opened with url: 'http://192.168.1.10:8065/login'

2020-06-05 23:14:20 - [MESSAGE][PASSED] - Method 'Setup' complete successfully

2020-06-05 23:14:20 - [TEST_STEP][PASSED] - callTestCase(findTestCase("Test Cases/Login/login_function"), ["var_user":"tlvietdanh@gmail.com", "var_password":"13101998"], STOP_ON_FAILURE): Call Test Case 'Test Cases/Login/login_function' successfully

2020-06-05 23:14:20 - [TEST_CASE][PASSED] - Test Cases/Login/login_function: Test Cases/Login/login_function

2020-06-05 23:14:20 - [TEST_STEP][PASSED] - setText(findTestObject("Object Repository/Page_Mattermost_login/input_loginId"), var_user): Text 'tlvietdanh@gmail.com' is set on object 'Object Repository/Page_Mattermost_login/input_loginId'

2020-06-05 23:14:22 - [MESSAGE][PASSED] - Text 'tlvietdanh@gmail.com' is set on object 'Object Repository/Page_Mattermost_login/input_loginId'

2020-06-05 23:14:22 - [TEST_STEP][PASSED] - setText(findTestObject("Object Repository/Page_Mattermost_login/input_password"), var_password): Text '13101998' is set on object 'Object Repository/Page_Mattermost_login/input_password'

2020-06-05 23:14:23 - [MESSAGE][PASSED] - Text '13101998' is set on object 'Object Repository/Page_Mattermost_login/input_password'

2020-06-05 23:14:23 - [TEST_STEP][PASSED] - click(findTestObject("Object Repository/Page_Mattermost_login/span_Sign in")): Object: 'Object Repository/Page_Mattermost_login/span_Sign in' is clicked on

2020-06-05 23:14:25 - [MESSAGE][PASSED] - Object: 'Object Repository/Page_Mattermost_login/span_Sign in' is clicked on

2020-06-05 23:14:25 - [MESSAGE][PASSED] - Call Test Case 'Test Cases/Login/login_function' successfully

2020-06-05 23:14:25 - [TEST_STEP][PASSED] - waitForElementVisible(findTestObject("Object Repository/Rename_channel/span_Town Square"), 2): Object 'Object Repository/Rename_channel/span_Town Square' is visible

2020-06-05 23:14:27 - [MESSAGE][PASSED] - Object 'Object Repository/Rename_channel/span_Town Square' is visible

2020-06-05 23:14:27 - [TEST_STEP][PASSED] - url = getUrl().substring(7): Current window's url is: 'http://192.168.1.10:8065/test4/channels/town-square'

2020-06-05 23:14:27 - [MESSAGE][PASSED] - Current window's url is: 'http://192.168.1.10:8065/test4/channels/town-square'

2020-06-05 23:14:27 - [TEST_STEP][PASSED] - arr = url.split("/"): null

2020-06-05 23:14:27 - [TEST_STEP][PASSED] - arr[length - 1] = channel_url: null

2020-06-05 23:14:27 - [TEST_STEP][PASSED] - newUrl = "": null

2020-06-05 23:14:27 - [TEST_STEP][PASSED] - for ([i = 0, i < length, (i++)]): null

2020-06-05 23:14:27 - [TEST_STEP][PASSED] - newUrl += arr[i] + "/": null

2020-06-05 23:14:27 - [TEST_STEP][PASSED] - newUrl += arr[i] + "/": null

2020-06-05 23:14:27 - [TEST_STEP][PASSED] - newUrl += arr[i] + "/": null

2020-06-05 23:14:27 - [TEST_STEP][PASSED] - newUrl += arr[i] + "/": null

2020-06-05 23:14:27 - [TEST_STEP][PASSED] - printf(newUrl): null

2020-06-05 23:14:27 - [TEST_STEP][PASSED] - navigateToUrl("http://" + newUrl): Navigate to 'http://192.168.1.10:8065/test4/channels/test_name_4/' successfully

2020-06-05 23:14:28 - [MESSAGE][PASSED] - Navigate to 'http://192.168.1.10:8065/test4/channels/test_name_4/' successfully

2020-06-05 23:14:28 - [TEST_STEP][PASSED] - if (verifyElementPresent(findTestObject("Object Repository/Rename_channel/span_Town Square"), 1, OPTIONAL)): com.kms.katalon.core.webui.exception.WebElementNotFoundException: Web element with id: 'Object Repository/Rename_channel/span_Town Square' located by 'By.xpath: //strong[@id='channelHeaderTitle']/span' not found (Root cause: com.kms.katalon.core.exception.StepFailedException: com.kms.katalon.core.webui.exception.WebElementNotFoundException: Web element with id: 'Object Repository/Rename_channel/span_Town Square' located by 'By.xpath: //strong[@id='channelHeaderTitle']/span' not found
	at com.kms.katalon.core.webui.keyword.internal.WebUIKeywordMain.stepFailed(WebUIKeywordMain.groovy:64)
	at com.kms.katalon.core.webui.keyword.builtin.VerifyElementPresentKeyword$_verifyElementPresent_closure1.doCall(VerifyElementPresentKeyword.groovy:85)
	at com.kms.katalon.core.webui.keyword.builtin.VerifyElementPresentKeyword$_verifyElementPresent_closure1.call(VerifyElementPresentKeyword.groovy)
	at com.kms.katalon.core.webui.keyword.internal.WebUIKeywordMain.runKeyword(WebUIKeywordMain.groovy:20)
	at com.kms.katalon.core.webui.keyword.builtin.VerifyElementPresentKeyword.verifyElementPresent(VerifyElementPresentKeyword.groovy:92)
	at com.kms.katalon.core.webui.keyword.builtin.VerifyElementPresentKeyword.execute(VerifyElementPresentKeyword.groovy:68)
	at com.kms.katalon.core.keyword.internal.KeywordExecutor.executeKeywordForPlatform(KeywordExecutor.groovy:72)
	at com.kms.katalon.core.webui.keyword.WebUiBuiltInKeywords.verifyElementPresent(WebUiBuiltInKeywords.groovy:1444)
	at com.kms.katalon.core.webui.keyword.WebUiBuiltInKeywords$verifyElementPresent$6.call(Unknown Source)
	at Remane_channel.run(Remane_channel:65)
	at com.kms.katalon.core.main.ScriptEngine.run(ScriptEngine.java:194)
	at com.kms.katalon.core.main.ScriptEngine.runScriptAsRawText(ScriptEngine.java:119)
	at com.kms.katalon.core.main.TestCaseExecutor.runScript(TestCaseExecutor.java:337)
	at com.kms.katalon.core.main.TestCaseExecutor.doExecute(TestCaseExecutor.java:328)
	at com.kms.katalon.core.main.TestCaseExecutor.processExecutionPhase(TestCaseExecutor.java:307)
	at com.kms.katalon.core.main.TestCaseExecutor.accessMainPhase(TestCaseExecutor.java:299)
	at com.kms.katalon.core.main.TestCaseExecutor.execute(TestCaseExecutor.java:233)
	at com.kms.katalon.core.main.TestSuiteExecutor.accessTestCaseMainPhase(TestSuiteExecutor.java:169)
	at com.kms.katalon.core.main.TestSuiteExecutor.accessTestSuiteMainPhase(TestSuiteExecutor.java:142)
	at com.kms.katalon.core.main.TestSuiteExecutor.execute(TestSuiteExecutor.java:91)
	at com.kms.katalon.core.main.TestCaseMain.startTestSuite(TestCaseMain.java:157)
	at com.kms.katalon.core.main.TestCaseMain$startTestSuite$0.call(Unknown Source)
	at TempTestSuite1591373123859.run(TempTestSuite1591373123859.groovy:37)
)

2020-06-05 23:14:30 - [MESSAGE][INFO] - Unable to find the element located by 'By.xpath: //strong[@id='channelHeaderTitle']/span'. Please recheck the objects properties to make sure the desired element is located. 

2020-06-05 23:14:30 - [MESSAGE][WARNING] - com.kms.katalon.core.webui.exception.WebElementNotFoundException: Web element with id: 'Object Repository/Rename_channel/span_Town Square' located by 'By.xpath: //strong[@id='channelHeaderTitle']/span' not found (Root cause: com.kms.katalon.core.exception.StepFailedException: com.kms.katalon.core.webui.exception.WebElementNotFoundException: Web element with id: 'Object Repository/Rename_channel/span_Town Square' located by 'By.xpath: //strong[@id='channelHeaderTitle']/span' not found
	at com.kms.katalon.core.webui.keyword.internal.WebUIKeywordMain.stepFailed(WebUIKeywordMain.groovy:64)
	at com.kms.katalon.core.webui.keyword.builtin.VerifyElementPresentKeyword$_verifyElementPresent_closure1.doCall(VerifyElementPresentKeyword.groovy:85)
	at com.kms.katalon.core.webui.keyword.builtin.VerifyElementPresentKeyword$_verifyElementPresent_closure1.call(VerifyElementPresentKeyword.groovy)
	at com.kms.katalon.core.webui.keyword.internal.WebUIKeywordMain.runKeyword(WebUIKeywordMain.groovy:20)
	at com.kms.katalon.core.webui.keyword.builtin.VerifyElementPresentKeyword.verifyElementPresent(VerifyElementPresentKeyword.groovy:92)
	at com.kms.katalon.core.webui.keyword.builtin.VerifyElementPresentKeyword.execute(VerifyElementPresentKeyword.groovy:68)
	at com.kms.katalon.core.keyword.internal.KeywordExecutor.executeKeywordForPlatform(KeywordExecutor.groovy:72)
	at com.kms.katalon.core.webui.keyword.WebUiBuiltInKeywords.verifyElementPresent(WebUiBuiltInKeywords.groovy:1444)
	at com.kms.katalon.core.webui.keyword.WebUiBuiltInKeywords$verifyElementPresent$6.call(Unknown Source)
	at Remane_channel.run(Remane_channel:65)
	at com.kms.katalon.core.main.ScriptEngine.run(ScriptEngine.java:194)
	at com.kms.katalon.core.main.ScriptEngine.runScriptAsRawText(ScriptEngine.java:119)
	at com.kms.katalon.core.main.TestCaseExecutor.runScript(TestCaseExecutor.java:337)
	at com.kms.katalon.core.main.TestCaseExecutor.doExecute(TestCaseExecutor.java:328)
	at com.kms.katalon.core.main.TestCaseExecutor.processExecutionPhase(TestCaseExecutor.java:307)
	at com.kms.katalon.core.main.TestCaseExecutor.accessMainPhase(TestCaseExecutor.java:299)
	at com.kms.katalon.core.main.TestCaseExecutor.execute(TestCaseExecutor.java:233)
	at com.kms.katalon.core.main.TestSuiteExecutor.accessTestCaseMainPhase(TestSuiteExecutor.java:169)
	at com.kms.katalon.core.main.TestSuiteExecutor.accessTestSuiteMainPhase(TestSuiteExecutor.java:142)
	at com.kms.katalon.core.main.TestSuiteExecutor.execute(TestSuiteExecutor.java:91)
	at com.kms.katalon.core.main.TestCaseMain.startTestSuite(TestCaseMain.java:157)
	at com.kms.katalon.core.main.TestCaseMain$startTestSuite$0.call(Unknown Source)
	at TempTestSuite1591373123859.run(TempTestSuite1591373123859.groovy:37)
)
[[ATTACHMENT|D:\\katalon\\hw2-katalon-testing\\Reports\\20200605_230523\\Run_All_Test_Cases\\20200605_230523\\1591373670738.png]]

2020-06-05 23:14:30 - [TEST_STEP][PASSED] - Start tear down : Teardown: Method 'Teardown' complete successfully

2020-06-05 23:14:30 - [TEST_STEP][PASSED] - closeBrowser(): Browser is closed

2020-06-05 23:14:31 - [MESSAGE][PASSED] - Browser is closed

2020-06-05 23:14:31 - [MESSAGE][PASSED] - Method 'Teardown' complete successfully]]></system-out>
         <system-err><![CDATA[]]></system-err>
      </testcase>
      <testcase name="Test Cases/Channel/Remane_channel" time="13.914" classname="Test Cases/Channel/Remane_channel" status="PASSED">
         <system-out><![CDATA[2020-06-05 23:14:31 - [TEST_CASE][PASSED] - Test Cases/Channel/Remane_channel: Test Cases/Channel/Remane_channel

2020-06-05 23:14:31 - [TEST_STEP][PASSED] - Start setup action : Setup: Method 'Setup' complete successfully

2020-06-05 23:14:31 - [TEST_STEP][PASSED] - openBrowser("http://192.168.1.10:8065/login"): Browser is opened with url: 'http://192.168.1.10:8065/login'

2020-06-05 23:14:31 - [MESSAGE][INFO] - Starting 'Firefox' driver

2020-06-05 23:14:31 - [MESSAGE][INFO] - Action delay is set to 0 milliseconds

2020-06-05 23:14:36 - [MESSAGE][PASSED] - Browser is opened with url: 'http://192.168.1.10:8065/login'

2020-06-05 23:14:36 - [MESSAGE][PASSED] - Method 'Setup' complete successfully

2020-06-05 23:14:36 - [TEST_STEP][PASSED] - callTestCase(findTestCase("Test Cases/Login/login_function"), ["var_user":"tlvietdanh@gmail.com", "var_password":"13101998"], STOP_ON_FAILURE): Call Test Case 'Test Cases/Login/login_function' successfully

2020-06-05 23:14:36 - [TEST_CASE][PASSED] - Test Cases/Login/login_function: Test Cases/Login/login_function

2020-06-05 23:14:36 - [TEST_STEP][PASSED] - setText(findTestObject("Object Repository/Page_Mattermost_login/input_loginId"), var_user): Text 'tlvietdanh@gmail.com' is set on object 'Object Repository/Page_Mattermost_login/input_loginId'

2020-06-05 23:14:37 - [MESSAGE][PASSED] - Text 'tlvietdanh@gmail.com' is set on object 'Object Repository/Page_Mattermost_login/input_loginId'

2020-06-05 23:14:37 - [TEST_STEP][PASSED] - setText(findTestObject("Object Repository/Page_Mattermost_login/input_password"), var_password): Text '13101998' is set on object 'Object Repository/Page_Mattermost_login/input_password'

2020-06-05 23:14:38 - [MESSAGE][PASSED] - Text '13101998' is set on object 'Object Repository/Page_Mattermost_login/input_password'

2020-06-05 23:14:38 - [TEST_STEP][PASSED] - click(findTestObject("Object Repository/Page_Mattermost_login/span_Sign in")): Object: 'Object Repository/Page_Mattermost_login/span_Sign in' is clicked on

2020-06-05 23:14:39 - [MESSAGE][PASSED] - Object: 'Object Repository/Page_Mattermost_login/span_Sign in' is clicked on

2020-06-05 23:14:39 - [MESSAGE][PASSED] - Call Test Case 'Test Cases/Login/login_function' successfully

2020-06-05 23:14:39 - [TEST_STEP][PASSED] - waitForElementVisible(findTestObject("Object Repository/Rename_channel/span_Town Square"), 2): Object 'Object Repository/Rename_channel/span_Town Square' is visible

2020-06-05 23:14:41 - [MESSAGE][PASSED] - Object 'Object Repository/Rename_channel/span_Town Square' is visible

2020-06-05 23:14:41 - [TEST_STEP][PASSED] - url = getUrl().substring(7): Current window's url is: 'http://192.168.1.10:8065/test4/channels/town-square'

2020-06-05 23:14:41 - [MESSAGE][PASSED] - Current window's url is: 'http://192.168.1.10:8065/test4/channels/town-square'

2020-06-05 23:14:41 - [TEST_STEP][PASSED] - arr = url.split("/"): null

2020-06-05 23:14:41 - [TEST_STEP][PASSED] - arr[length - 1] = channel_url: null

2020-06-05 23:14:41 - [TEST_STEP][PASSED] - newUrl = "": null

2020-06-05 23:14:41 - [TEST_STEP][PASSED] - for ([i = 0, i < length, (i++)]): null

2020-06-05 23:14:41 - [TEST_STEP][PASSED] - newUrl += arr[i] + "/": null

2020-06-05 23:14:41 - [TEST_STEP][PASSED] - newUrl += arr[i] + "/": null

2020-06-05 23:14:41 - [TEST_STEP][PASSED] - newUrl += arr[i] + "/": null

2020-06-05 23:14:41 - [TEST_STEP][PASSED] - newUrl += arr[i] + "/": null

2020-06-05 23:14:41 - [TEST_STEP][PASSED] - printf(newUrl): null

2020-06-05 23:14:41 - [TEST_STEP][PASSED] - navigateToUrl("http://" + newUrl): Navigate to 'http://192.168.1.10:8065/test4/channels/test_name_5/' successfully

2020-06-05 23:14:42 - [MESSAGE][PASSED] - Navigate to 'http://192.168.1.10:8065/test4/channels/test_name_5/' successfully

2020-06-05 23:14:42 - [TEST_STEP][PASSED] - if (verifyElementPresent(findTestObject("Object Repository/Rename_channel/span_Town Square"), 1, OPTIONAL)): com.kms.katalon.core.webui.exception.WebElementNotFoundException: Web element with id: 'Object Repository/Rename_channel/span_Town Square' located by 'By.xpath: //strong[@id='channelHeaderTitle']/span' not found (Root cause: com.kms.katalon.core.exception.StepFailedException: com.kms.katalon.core.webui.exception.WebElementNotFoundException: Web element with id: 'Object Repository/Rename_channel/span_Town Square' located by 'By.xpath: //strong[@id='channelHeaderTitle']/span' not found
	at com.kms.katalon.core.webui.keyword.internal.WebUIKeywordMain.stepFailed(WebUIKeywordMain.groovy:64)
	at com.kms.katalon.core.webui.keyword.builtin.VerifyElementPresentKeyword$_verifyElementPresent_closure1.doCall(VerifyElementPresentKeyword.groovy:85)
	at com.kms.katalon.core.webui.keyword.builtin.VerifyElementPresentKeyword$_verifyElementPresent_closure1.call(VerifyElementPresentKeyword.groovy)
	at com.kms.katalon.core.webui.keyword.internal.WebUIKeywordMain.runKeyword(WebUIKeywordMain.groovy:20)
	at com.kms.katalon.core.webui.keyword.builtin.VerifyElementPresentKeyword.verifyElementPresent(VerifyElementPresentKeyword.groovy:92)
	at com.kms.katalon.core.webui.keyword.builtin.VerifyElementPresentKeyword.execute(VerifyElementPresentKeyword.groovy:68)
	at com.kms.katalon.core.keyword.internal.KeywordExecutor.executeKeywordForPlatform(KeywordExecutor.groovy:72)
	at com.kms.katalon.core.webui.keyword.WebUiBuiltInKeywords.verifyElementPresent(WebUiBuiltInKeywords.groovy:1444)
	at com.kms.katalon.core.webui.keyword.WebUiBuiltInKeywords$verifyElementPresent$6.call(Unknown Source)
	at Remane_channel.run(Remane_channel:65)
	at com.kms.katalon.core.main.ScriptEngine.run(ScriptEngine.java:194)
	at com.kms.katalon.core.main.ScriptEngine.runScriptAsRawText(ScriptEngine.java:119)
	at com.kms.katalon.core.main.TestCaseExecutor.runScript(TestCaseExecutor.java:337)
	at com.kms.katalon.core.main.TestCaseExecutor.doExecute(TestCaseExecutor.java:328)
	at com.kms.katalon.core.main.TestCaseExecutor.processExecutionPhase(TestCaseExecutor.java:307)
	at com.kms.katalon.core.main.TestCaseExecutor.accessMainPhase(TestCaseExecutor.java:299)
	at com.kms.katalon.core.main.TestCaseExecutor.execute(TestCaseExecutor.java:233)
	at com.kms.katalon.core.main.TestSuiteExecutor.accessTestCaseMainPhase(TestSuiteExecutor.java:169)
	at com.kms.katalon.core.main.TestSuiteExecutor.accessTestSuiteMainPhase(TestSuiteExecutor.java:142)
	at com.kms.katalon.core.main.TestSuiteExecutor.execute(TestSuiteExecutor.java:91)
	at com.kms.katalon.core.main.TestCaseMain.startTestSuite(TestCaseMain.java:157)
	at com.kms.katalon.core.main.TestCaseMain$startTestSuite$0.call(Unknown Source)
	at TempTestSuite1591373123859.run(TempTestSuite1591373123859.groovy:37)
)

2020-06-05 23:14:44 - [MESSAGE][INFO] - Unable to find the element located by 'By.xpath: //strong[@id='channelHeaderTitle']/span'. Please recheck the objects properties to make sure the desired element is located. 

2020-06-05 23:14:44 - [MESSAGE][WARNING] - com.kms.katalon.core.webui.exception.WebElementNotFoundException: Web element with id: 'Object Repository/Rename_channel/span_Town Square' located by 'By.xpath: //strong[@id='channelHeaderTitle']/span' not found (Root cause: com.kms.katalon.core.exception.StepFailedException: com.kms.katalon.core.webui.exception.WebElementNotFoundException: Web element with id: 'Object Repository/Rename_channel/span_Town Square' located by 'By.xpath: //strong[@id='channelHeaderTitle']/span' not found
	at com.kms.katalon.core.webui.keyword.internal.WebUIKeywordMain.stepFailed(WebUIKeywordMain.groovy:64)
	at com.kms.katalon.core.webui.keyword.builtin.VerifyElementPresentKeyword$_verifyElementPresent_closure1.doCall(VerifyElementPresentKeyword.groovy:85)
	at com.kms.katalon.core.webui.keyword.builtin.VerifyElementPresentKeyword$_verifyElementPresent_closure1.call(VerifyElementPresentKeyword.groovy)
	at com.kms.katalon.core.webui.keyword.internal.WebUIKeywordMain.runKeyword(WebUIKeywordMain.groovy:20)
	at com.kms.katalon.core.webui.keyword.builtin.VerifyElementPresentKeyword.verifyElementPresent(VerifyElementPresentKeyword.groovy:92)
	at com.kms.katalon.core.webui.keyword.builtin.VerifyElementPresentKeyword.execute(VerifyElementPresentKeyword.groovy:68)
	at com.kms.katalon.core.keyword.internal.KeywordExecutor.executeKeywordForPlatform(KeywordExecutor.groovy:72)
	at com.kms.katalon.core.webui.keyword.WebUiBuiltInKeywords.verifyElementPresent(WebUiBuiltInKeywords.groovy:1444)
	at com.kms.katalon.core.webui.keyword.WebUiBuiltInKeywords$verifyElementPresent$6.call(Unknown Source)
	at Remane_channel.run(Remane_channel:65)
	at com.kms.katalon.core.main.ScriptEngine.run(ScriptEngine.java:194)
	at com.kms.katalon.core.main.ScriptEngine.runScriptAsRawText(ScriptEngine.java:119)
	at com.kms.katalon.core.main.TestCaseExecutor.runScript(TestCaseExecutor.java:337)
	at com.kms.katalon.core.main.TestCaseExecutor.doExecute(TestCaseExecutor.java:328)
	at com.kms.katalon.core.main.TestCaseExecutor.processExecutionPhase(TestCaseExecutor.java:307)
	at com.kms.katalon.core.main.TestCaseExecutor.accessMainPhase(TestCaseExecutor.java:299)
	at com.kms.katalon.core.main.TestCaseExecutor.execute(TestCaseExecutor.java:233)
	at com.kms.katalon.core.main.TestSuiteExecutor.accessTestCaseMainPhase(TestSuiteExecutor.java:169)
	at com.kms.katalon.core.main.TestSuiteExecutor.accessTestSuiteMainPhase(TestSuiteExecutor.java:142)
	at com.kms.katalon.core.main.TestSuiteExecutor.execute(TestSuiteExecutor.java:91)
	at com.kms.katalon.core.main.TestCaseMain.startTestSuite(TestCaseMain.java:157)
	at com.kms.katalon.core.main.TestCaseMain$startTestSuite$0.call(Unknown Source)
	at TempTestSuite1591373123859.run(TempTestSuite1591373123859.groovy:37)
)
[[ATTACHMENT|D:\\katalon\\hw2-katalon-testing\\Reports\\20200605_230523\\Run_All_Test_Cases\\20200605_230523\\1591373684576.png]]

2020-06-05 23:14:44 - [TEST_STEP][PASSED] - Start tear down : Teardown: Method 'Teardown' complete successfully

2020-06-05 23:14:44 - [TEST_STEP][PASSED] - closeBrowser(): Browser is closed

2020-06-05 23:14:45 - [MESSAGE][PASSED] - Browser is closed

2020-06-05 23:14:45 - [MESSAGE][PASSED] - Method 'Teardown' complete successfully]]></system-out>
         <system-err><![CDATA[]]></system-err>
      </testcase>
      <testcase name="Test Cases/TC_API/GetRoleName" time="14.497" classname="Test Cases/TC_API/GetRoleName" status="PASSED">
         <system-out><![CDATA[2020-06-05 23:14:45 - [TEST_CASE][PASSED] - Test Cases/TC_API/GetRoleName: Test Cases/TC_API/GetRoleName

2020-06-05 23:14:45 - [TEST_STEP][PASSED] - callTestCase(findTestCase("Test Cases/TC_API/Login_SaveCookie"), null): Call Test Case 'Test Cases/TC_API/Login_SaveCookie' successfully

2020-06-05 23:14:45 - [TEST_CASE][PASSED] - Test Cases/TC_API/Login_SaveCookie: Test Cases/TC_API/Login_SaveCookie

2020-06-05 23:14:45 - [TEST_STEP][PASSED] - openBrowser(BaseUrl): Browser is opened with url: 'http://192.168.1.10:8065'

2020-06-05 23:14:46 - [MESSAGE][INFO] - Starting 'Firefox' driver

2020-06-05 23:14:46 - [MESSAGE][INFO] - Action delay is set to 0 milliseconds

2020-06-05 23:14:50 - [MESSAGE][PASSED] - Browser is opened with url: 'http://192.168.1.10:8065'

2020-06-05 23:14:50 - [TEST_STEP][PASSED] - setText(findTestObject("Object Repository/API/MatterMost_page/input_All team communication in one place searchable and accessible anywhere_loginId"), loginId): Text 'tlvietdanh@gmail.com' is set on object 'Object Repository/API/MatterMost_page/input_All team communication in one place searchable and accessible anywhere_loginId'

2020-06-05 23:14:51 - [MESSAGE][PASSED] - Text 'tlvietdanh@gmail.com' is set on object 'Object Repository/API/MatterMost_page/input_All team communication in one place searchable and accessible anywhere_loginId'

2020-06-05 23:14:51 - [TEST_STEP][PASSED] - setMaskedText(findTestObject("Object Repository/API/MatterMost_page/input_All team communication in one place searchable and accessible anywhere_password"), Password): Text '********' is set on object 'Object Repository/API/MatterMost_page/input_All team communication in one place searchable and accessible anywhere_password'

2020-06-05 23:14:52 - [MESSAGE][PASSED] - Text '********' is set on object 'Object Repository/API/MatterMost_page/input_All team communication in one place searchable and accessible anywhere_password'

2020-06-05 23:14:52 - [TEST_STEP][PASSED] - submit(findTestObject("Object Repository/API/MatterMost_page/span_Sign in")): The form containing object: 'Object Repository/API/MatterMost_page/span_Sign in' is submitted

2020-06-05 23:14:53 - [MESSAGE][PASSED] - The form containing object: 'Object Repository/API/MatterMost_page/span_Sign in' is submitted

2020-06-05 23:14:53 - [TEST_STEP][PASSED] - delay(5): Delayed 5 second(s)

2020-06-05 23:14:58 - [MESSAGE][PASSED] - Delayed 5 second(s)

2020-06-05 23:14:58 - [TEST_STEP][PASSED] - titleWindow = getWindowTitle(): Current window's title is: 'Town Square - test4 Mattermost'

2020-06-05 23:14:58 - [MESSAGE][PASSED] - Current window's title is: 'Town Square - test4 Mattermost'

2020-06-05 23:14:58 - [TEST_STEP][PASSED] - driver = getWebDriver(): null

2020-06-05 23:14:58 - [TEST_STEP][PASSED] - cookieString = "": null

2020-06-05 23:14:58 - [TEST_STEP][PASSED] - cookieCollection = manage().getCookies(): null

2020-06-05 23:14:58 - [TEST_STEP][PASSED] - for (org.openqa.selenium.Cookie currentCookie : cookieCollection): null

2020-06-05 23:14:58 - [TEST_STEP][PASSED] - cookieString += currentCookie.getName() + "=" + currentCookie.getValue() + "; ": null

2020-06-05 23:14:58 - [TEST_STEP][PASSED] - print(cookieString): null

2020-06-05 23:14:58 - [TEST_STEP][PASSED] - cookieString += currentCookie.getName() + "=" + currentCookie.getValue() + "; ": null

2020-06-05 23:14:58 - [TEST_STEP][PASSED] - print(cookieString): null

2020-06-05 23:14:58 - [TEST_STEP][PASSED] - cookieString += currentCookie.getName() + "=" + currentCookie.getValue() + "; ": null

2020-06-05 23:14:58 - [TEST_STEP][PASSED] - print(cookieString): null

2020-06-05 23:14:58 - [TEST_STEP][PASSED] - CloudCookies = cookieString: null

2020-06-05 23:14:58 - [TEST_STEP][PASSED] - closeBrowser(): Browser is closed

2020-06-05 23:14:59 - [MESSAGE][PASSED] - Browser is closed

2020-06-05 23:14:59 - [MESSAGE][PASSED] - Call Test Case 'Test Cases/TC_API/Login_SaveCookie' successfully

2020-06-05 23:14:59 - [TEST_STEP][PASSED] - response = sendRequest(findTestObject("API/GetRoleName", ["url":BaseUrl, "Cookie":CloudCookies])): Send request successfully

2020-06-05 23:14:59 - [MESSAGE][INFO] - HAR: D:\katalon\hw2-katalon-testing\Reports\20200605_230523\Run_All_Test_Cases\20200605_230523\requests\main\0.har

2020-06-05 23:15:00 - [MESSAGE][PASSED] - Send request successfully

2020-06-05 23:15:00 - [TEST_STEP][PASSED] - verifyResponseStatusCode(response, 200): Verify response status code successfully

2020-06-05 23:15:00 - [MESSAGE][PASSED] - Verify response status code successfully]]></system-out>
         <system-err><![CDATA[]]></system-err>
      </testcase>
      <testcase name="Test Cases/TC_API/GetTimeZone" time="13.761" classname="Test Cases/TC_API/GetTimeZone" status="PASSED">
         <system-out><![CDATA[2020-06-05 23:15:00 - [TEST_CASE][PASSED] - Test Cases/TC_API/GetTimeZone: Test Cases/TC_API/GetTimeZone

2020-06-05 23:15:00 - [TEST_STEP][PASSED] - callTestCase(findTestCase("Test Cases/TC_API/Login_SaveCookie"), null): Call Test Case 'Test Cases/TC_API/Login_SaveCookie' successfully

2020-06-05 23:15:00 - [TEST_CASE][PASSED] - Test Cases/TC_API/Login_SaveCookie: Test Cases/TC_API/Login_SaveCookie

2020-06-05 23:15:00 - [TEST_STEP][PASSED] - openBrowser(BaseUrl): Browser is opened with url: 'http://192.168.1.10:8065'

2020-06-05 23:15:00 - [MESSAGE][INFO] - Starting 'Firefox' driver

2020-06-05 23:15:00 - [MESSAGE][INFO] - Action delay is set to 0 milliseconds

2020-06-05 23:15:04 - [MESSAGE][PASSED] - Browser is opened with url: 'http://192.168.1.10:8065'

2020-06-05 23:15:04 - [TEST_STEP][PASSED] - setText(findTestObject("Object Repository/API/MatterMost_page/input_All team communication in one place searchable and accessible anywhere_loginId"), loginId): Text 'tlvietdanh@gmail.com' is set on object 'Object Repository/API/MatterMost_page/input_All team communication in one place searchable and accessible anywhere_loginId'

2020-06-05 23:15:06 - [MESSAGE][PASSED] - Text 'tlvietdanh@gmail.com' is set on object 'Object Repository/API/MatterMost_page/input_All team communication in one place searchable and accessible anywhere_loginId'

2020-06-05 23:15:06 - [TEST_STEP][PASSED] - setMaskedText(findTestObject("Object Repository/API/MatterMost_page/input_All team communication in one place searchable and accessible anywhere_password"), Password): Text '********' is set on object 'Object Repository/API/MatterMost_page/input_All team communication in one place searchable and accessible anywhere_password'

2020-06-05 23:15:07 - [MESSAGE][PASSED] - Text '********' is set on object 'Object Repository/API/MatterMost_page/input_All team communication in one place searchable and accessible anywhere_password'

2020-06-05 23:15:07 - [TEST_STEP][PASSED] - submit(findTestObject("Object Repository/API/MatterMost_page/span_Sign in")): The form containing object: 'Object Repository/API/MatterMost_page/span_Sign in' is submitted

2020-06-05 23:15:07 - [MESSAGE][PASSED] - The form containing object: 'Object Repository/API/MatterMost_page/span_Sign in' is submitted

2020-06-05 23:15:07 - [TEST_STEP][PASSED] - delay(5): Delayed 5 second(s)

2020-06-05 23:15:12 - [MESSAGE][PASSED] - Delayed 5 second(s)

2020-06-05 23:15:12 - [TEST_STEP][PASSED] - titleWindow = getWindowTitle(): Current window's title is: 'Town Square - test4 Mattermost'

2020-06-05 23:15:12 - [MESSAGE][PASSED] - Current window's title is: 'Town Square - test4 Mattermost'

2020-06-05 23:15:12 - [TEST_STEP][PASSED] - driver = getWebDriver(): null

2020-06-05 23:15:12 - [TEST_STEP][PASSED] - cookieString = "": null

2020-06-05 23:15:12 - [TEST_STEP][PASSED] - cookieCollection = manage().getCookies(): null

2020-06-05 23:15:12 - [TEST_STEP][PASSED] - for (org.openqa.selenium.Cookie currentCookie : cookieCollection): null

2020-06-05 23:15:12 - [TEST_STEP][PASSED] - cookieString += currentCookie.getName() + "=" + currentCookie.getValue() + "; ": null

2020-06-05 23:15:12 - [TEST_STEP][PASSED] - print(cookieString): null

2020-06-05 23:15:12 - [TEST_STEP][PASSED] - cookieString += currentCookie.getName() + "=" + currentCookie.getValue() + "; ": null

2020-06-05 23:15:12 - [TEST_STEP][PASSED] - print(cookieString): null

2020-06-05 23:15:12 - [TEST_STEP][PASSED] - cookieString += currentCookie.getName() + "=" + currentCookie.getValue() + "; ": null

2020-06-05 23:15:12 - [TEST_STEP][PASSED] - print(cookieString): null

2020-06-05 23:15:12 - [TEST_STEP][PASSED] - CloudCookies = cookieString: null

2020-06-05 23:15:12 - [TEST_STEP][PASSED] - closeBrowser(): Browser is closed

2020-06-05 23:15:13 - [MESSAGE][PASSED] - Browser is closed

2020-06-05 23:15:13 - [MESSAGE][PASSED] - Call Test Case 'Test Cases/TC_API/Login_SaveCookie' successfully

2020-06-05 23:15:13 - [TEST_STEP][PASSED] - response = sendRequest(findTestObject("API/GetTimeZone", ["url":BaseUrl, "Cookie":CloudCookies])): Send request successfully

2020-06-05 23:15:13 - [MESSAGE][INFO] - HAR: D:\katalon\hw2-katalon-testing\Reports\20200605_230523\Run_All_Test_Cases\20200605_230523\requests\main\1.har

2020-06-05 23:15:13 - [MESSAGE][PASSED] - Send request successfully

2020-06-05 23:15:13 - [TEST_STEP][PASSED] - verifyResponseStatusCode(response, 200): Verify response status code successfully

2020-06-05 23:15:13 - [MESSAGE][PASSED] - Verify response status code successfully]]></system-out>
         <system-err><![CDATA[]]></system-err>
      </testcase>
      <testcase name="Test Cases/TC_API/GetStatusPlugin" time="13.561" classname="Test Cases/TC_API/GetStatusPlugin" status="PASSED">
         <system-out><![CDATA[2020-06-05 23:15:13 - [TEST_CASE][PASSED] - Test Cases/TC_API/GetStatusPlugin: Test Cases/TC_API/GetStatusPlugin

2020-06-05 23:15:14 - [TEST_STEP][PASSED] - callTestCase(findTestCase("Test Cases/TC_API/Login_SaveCookie"), null): Call Test Case 'Test Cases/TC_API/Login_SaveCookie' successfully

2020-06-05 23:15:14 - [TEST_CASE][PASSED] - Test Cases/TC_API/Login_SaveCookie: Test Cases/TC_API/Login_SaveCookie

2020-06-05 23:15:14 - [TEST_STEP][PASSED] - openBrowser(BaseUrl): Browser is opened with url: 'http://192.168.1.10:8065'

2020-06-05 23:15:14 - [MESSAGE][INFO] - Starting 'Firefox' driver

2020-06-05 23:15:14 - [MESSAGE][INFO] - Action delay is set to 0 milliseconds

2020-06-05 23:15:18 - [MESSAGE][PASSED] - Browser is opened with url: 'http://192.168.1.10:8065'

2020-06-05 23:15:18 - [TEST_STEP][PASSED] - setText(findTestObject("Object Repository/API/MatterMost_page/input_All team communication in one place searchable and accessible anywhere_loginId"), loginId): Text 'tlvietdanh@gmail.com' is set on object 'Object Repository/API/MatterMost_page/input_All team communication in one place searchable and accessible anywhere_loginId'

2020-06-05 23:15:20 - [MESSAGE][PASSED] - Text 'tlvietdanh@gmail.com' is set on object 'Object Repository/API/MatterMost_page/input_All team communication in one place searchable and accessible anywhere_loginId'

2020-06-05 23:15:20 - [TEST_STEP][PASSED] - setMaskedText(findTestObject("Object Repository/API/MatterMost_page/input_All team communication in one place searchable and accessible anywhere_password"), Password): Text '********' is set on object 'Object Repository/API/MatterMost_page/input_All team communication in one place searchable and accessible anywhere_password'

2020-06-05 23:15:20 - [MESSAGE][PASSED] - Text '********' is set on object 'Object Repository/API/MatterMost_page/input_All team communication in one place searchable and accessible anywhere_password'

2020-06-05 23:15:20 - [TEST_STEP][PASSED] - submit(findTestObject("Object Repository/API/MatterMost_page/span_Sign in")): The form containing object: 'Object Repository/API/MatterMost_page/span_Sign in' is submitted

2020-06-05 23:15:21 - [MESSAGE][PASSED] - The form containing object: 'Object Repository/API/MatterMost_page/span_Sign in' is submitted

2020-06-05 23:15:21 - [TEST_STEP][PASSED] - delay(5): Delayed 5 second(s)

2020-06-05 23:15:26 - [MESSAGE][PASSED] - Delayed 5 second(s)

2020-06-05 23:15:26 - [TEST_STEP][PASSED] - titleWindow = getWindowTitle(): Current window's title is: 'Town Square - test4 Mattermost'

2020-06-05 23:15:26 - [MESSAGE][PASSED] - Current window's title is: 'Town Square - test4 Mattermost'

2020-06-05 23:15:26 - [TEST_STEP][PASSED] - driver = getWebDriver(): null

2020-06-05 23:15:26 - [TEST_STEP][PASSED] - cookieString = "": null

2020-06-05 23:15:26 - [TEST_STEP][PASSED] - cookieCollection = manage().getCookies(): null

2020-06-05 23:15:26 - [TEST_STEP][PASSED] - for (org.openqa.selenium.Cookie currentCookie : cookieCollection): null

2020-06-05 23:15:26 - [TEST_STEP][PASSED] - cookieString += currentCookie.getName() + "=" + currentCookie.getValue() + "; ": null

2020-06-05 23:15:26 - [TEST_STEP][PASSED] - print(cookieString): null

2020-06-05 23:15:26 - [TEST_STEP][PASSED] - cookieString += currentCookie.getName() + "=" + currentCookie.getValue() + "; ": null

2020-06-05 23:15:26 - [TEST_STEP][PASSED] - print(cookieString): null

2020-06-05 23:15:26 - [TEST_STEP][PASSED] - cookieString += currentCookie.getName() + "=" + currentCookie.getValue() + "; ": null

2020-06-05 23:15:26 - [TEST_STEP][PASSED] - print(cookieString): null

2020-06-05 23:15:26 - [TEST_STEP][PASSED] - CloudCookies = cookieString: null

2020-06-05 23:15:26 - [TEST_STEP][PASSED] - closeBrowser(): Browser is closed

2020-06-05 23:15:27 - [MESSAGE][PASSED] - Browser is closed

2020-06-05 23:15:27 - [MESSAGE][PASSED] - Call Test Case 'Test Cases/TC_API/Login_SaveCookie' successfully

2020-06-05 23:15:27 - [TEST_STEP][PASSED] - request = findTestObject("API/GetStatusPlugin", ["url":BaseUrl, "Cookie":CloudCookies]): null

2020-06-05 23:15:27 - [TEST_STEP][PASSED] - json = new groovy.json.JsonBuilder(): null

2020-06-05 23:15:27 - [TEST_STEP][PASSED] - try: Verify response status code successfully

2020-06-05 23:15:27 - [TEST_STEP][PASSED] - response = sendRequest(request): Send request successfully

2020-06-05 23:15:27 - [MESSAGE][INFO] - HAR: D:\katalon\hw2-katalon-testing\Reports\20200605_230523\Run_All_Test_Cases\20200605_230523\requests\main\2.har

2020-06-05 23:15:27 - [MESSAGE][PASSED] - Send request successfully

2020-06-05 23:15:27 - [TEST_STEP][PASSED] - println(response): null

2020-06-05 23:15:27 - [TEST_STEP][PASSED] - verifyResponseStatusCode(response, 200): Verify response status code successfully

2020-06-05 23:15:27 - [MESSAGE][PASSED] - Verify response status code successfully]]></system-out>
         <system-err><![CDATA[]]></system-err>
      </testcase>
      <testcase name="Test Cases/TC_API/GetUsers" time="13.833" classname="Test Cases/TC_API/GetUsers" status="PASSED">
         <system-out><![CDATA[2020-06-05 23:15:27 - [TEST_CASE][PASSED] - Test Cases/TC_API/GetUsers: Test Cases/TC_API/GetUsers

2020-06-05 23:15:27 - [TEST_STEP][PASSED] - callTestCase(findTestCase("Test Cases/TC_API/Login_SaveCookie"), null): Call Test Case 'Test Cases/TC_API/Login_SaveCookie' successfully

2020-06-05 23:15:27 - [TEST_CASE][PASSED] - Test Cases/TC_API/Login_SaveCookie: Test Cases/TC_API/Login_SaveCookie

2020-06-05 23:15:27 - [TEST_STEP][PASSED] - openBrowser(BaseUrl): Browser is opened with url: 'http://192.168.1.10:8065'

2020-06-05 23:15:27 - [MESSAGE][INFO] - Starting 'Firefox' driver

2020-06-05 23:15:27 - [MESSAGE][INFO] - Action delay is set to 0 milliseconds

2020-06-05 23:15:32 - [MESSAGE][PASSED] - Browser is opened with url: 'http://192.168.1.10:8065'

2020-06-05 23:15:32 - [TEST_STEP][PASSED] - setText(findTestObject("Object Repository/API/MatterMost_page/input_All team communication in one place searchable and accessible anywhere_loginId"), loginId): Text 'tlvietdanh@gmail.com' is set on object 'Object Repository/API/MatterMost_page/input_All team communication in one place searchable and accessible anywhere_loginId'

2020-06-05 23:15:33 - [MESSAGE][PASSED] - Text 'tlvietdanh@gmail.com' is set on object 'Object Repository/API/MatterMost_page/input_All team communication in one place searchable and accessible anywhere_loginId'

2020-06-05 23:15:33 - [TEST_STEP][PASSED] - setMaskedText(findTestObject("Object Repository/API/MatterMost_page/input_All team communication in one place searchable and accessible anywhere_password"), Password): Text '********' is set on object 'Object Repository/API/MatterMost_page/input_All team communication in one place searchable and accessible anywhere_password'

2020-06-05 23:15:34 - [MESSAGE][PASSED] - Text '********' is set on object 'Object Repository/API/MatterMost_page/input_All team communication in one place searchable and accessible anywhere_password'

2020-06-05 23:15:34 - [TEST_STEP][PASSED] - submit(findTestObject("Object Repository/API/MatterMost_page/span_Sign in")): The form containing object: 'Object Repository/API/MatterMost_page/span_Sign in' is submitted

2020-06-05 23:15:35 - [MESSAGE][PASSED] - The form containing object: 'Object Repository/API/MatterMost_page/span_Sign in' is submitted

2020-06-05 23:15:35 - [TEST_STEP][PASSED] - delay(5): Delayed 5 second(s)

2020-06-05 23:15:40 - [MESSAGE][PASSED] - Delayed 5 second(s)

2020-06-05 23:15:40 - [TEST_STEP][PASSED] - titleWindow = getWindowTitle(): Current window's title is: 'Town Square - test4 Mattermost'

2020-06-05 23:15:40 - [MESSAGE][PASSED] - Current window's title is: 'Town Square - test4 Mattermost'

2020-06-05 23:15:40 - [TEST_STEP][PASSED] - driver = getWebDriver(): null

2020-06-05 23:15:40 - [TEST_STEP][PASSED] - cookieString = "": null

2020-06-05 23:15:40 - [TEST_STEP][PASSED] - cookieCollection = manage().getCookies(): null

2020-06-05 23:15:40 - [TEST_STEP][PASSED] - for (org.openqa.selenium.Cookie currentCookie : cookieCollection): null

2020-06-05 23:15:40 - [TEST_STEP][PASSED] - cookieString += currentCookie.getName() + "=" + currentCookie.getValue() + "; ": null

2020-06-05 23:15:40 - [TEST_STEP][PASSED] - print(cookieString): null

2020-06-05 23:15:40 - [TEST_STEP][PASSED] - cookieString += currentCookie.getName() + "=" + currentCookie.getValue() + "; ": null

2020-06-05 23:15:40 - [TEST_STEP][PASSED] - print(cookieString): null

2020-06-05 23:15:40 - [TEST_STEP][PASSED] - cookieString += currentCookie.getName() + "=" + currentCookie.getValue() + "; ": null

2020-06-05 23:15:40 - [TEST_STEP][PASSED] - print(cookieString): null

2020-06-05 23:15:40 - [TEST_STEP][PASSED] - CloudCookies = cookieString: null

2020-06-05 23:15:40 - [TEST_STEP][PASSED] - closeBrowser(): Browser is closed

2020-06-05 23:15:41 - [MESSAGE][PASSED] - Browser is closed

2020-06-05 23:15:41 - [MESSAGE][PASSED] - Call Test Case 'Test Cases/TC_API/Login_SaveCookie' successfully

2020-06-05 23:15:41 - [TEST_STEP][PASSED] - response = sendRequest(findTestObject("API/GetUsers", ["url":BaseUrl, "Cookie":CloudCookies])): Send request successfully

2020-06-05 23:15:41 - [MESSAGE][INFO] - HAR: D:\katalon\hw2-katalon-testing\Reports\20200605_230523\Run_All_Test_Cases\20200605_230523\requests\main\3.har

2020-06-05 23:15:41 - [MESSAGE][PASSED] - Send request successfully

2020-06-05 23:15:41 - [TEST_STEP][PASSED] - verifyResponseStatusCode(response, 200): Verify response status code successfully

2020-06-05 23:15:41 - [MESSAGE][PASSED] - Verify response status code successfully]]></system-out>
         <system-err><![CDATA[]]></system-err>
      </testcase>
      <testcase name="Test Cases/TC_API/ViewMembers" time="14.411" classname="Test Cases/TC_API/ViewMembers" status="PASSED">
         <system-out><![CDATA[2020-06-05 23:15:41 - [TEST_CASE][PASSED] - Test Cases/TC_API/ViewMembers: Test Cases/TC_API/ViewMembers

2020-06-05 23:15:41 - [TEST_STEP][PASSED] - callTestCase(findTestCase("Test Cases/TC_API/Login_SaveCookie"), null): Call Test Case 'Test Cases/TC_API/Login_SaveCookie' successfully

2020-06-05 23:15:41 - [TEST_CASE][PASSED] - Test Cases/TC_API/Login_SaveCookie: Test Cases/TC_API/Login_SaveCookie

2020-06-05 23:15:41 - [TEST_STEP][PASSED] - openBrowser(BaseUrl): Browser is opened with url: 'http://192.168.1.10:8065'

2020-06-05 23:15:41 - [MESSAGE][INFO] - Starting 'Firefox' driver

2020-06-05 23:15:41 - [MESSAGE][INFO] - Action delay is set to 0 milliseconds

2020-06-05 23:15:46 - [MESSAGE][PASSED] - Browser is opened with url: 'http://192.168.1.10:8065'

2020-06-05 23:15:46 - [TEST_STEP][PASSED] - setText(findTestObject("Object Repository/API/MatterMost_page/input_All team communication in one place searchable and accessible anywhere_loginId"), loginId): Text 'tlvietdanh@gmail.com' is set on object 'Object Repository/API/MatterMost_page/input_All team communication in one place searchable and accessible anywhere_loginId'

2020-06-05 23:15:48 - [MESSAGE][PASSED] - Text 'tlvietdanh@gmail.com' is set on object 'Object Repository/API/MatterMost_page/input_All team communication in one place searchable and accessible anywhere_loginId'

2020-06-05 23:15:48 - [TEST_STEP][PASSED] - setMaskedText(findTestObject("Object Repository/API/MatterMost_page/input_All team communication in one place searchable and accessible anywhere_password"), Password): Text '********' is set on object 'Object Repository/API/MatterMost_page/input_All team communication in one place searchable and accessible anywhere_password'

2020-06-05 23:15:49 - [MESSAGE][PASSED] - Text '********' is set on object 'Object Repository/API/MatterMost_page/input_All team communication in one place searchable and accessible anywhere_password'

2020-06-05 23:15:49 - [TEST_STEP][PASSED] - submit(findTestObject("Object Repository/API/MatterMost_page/span_Sign in")): The form containing object: 'Object Repository/API/MatterMost_page/span_Sign in' is submitted

2020-06-05 23:15:49 - [MESSAGE][PASSED] - The form containing object: 'Object Repository/API/MatterMost_page/span_Sign in' is submitted

2020-06-05 23:15:49 - [TEST_STEP][PASSED] - delay(5): Delayed 5 second(s)

2020-06-05 23:15:54 - [MESSAGE][PASSED] - Delayed 5 second(s)

2020-06-05 23:15:54 - [TEST_STEP][PASSED] - titleWindow = getWindowTitle(): Current window's title is: 'Town Square - test4 Mattermost'

2020-06-05 23:15:54 - [MESSAGE][PASSED] - Current window's title is: 'Town Square - test4 Mattermost'

2020-06-05 23:15:54 - [TEST_STEP][PASSED] - driver = getWebDriver(): null

2020-06-05 23:15:54 - [TEST_STEP][PASSED] - cookieString = "": null

2020-06-05 23:15:54 - [TEST_STEP][PASSED] - cookieCollection = manage().getCookies(): null

2020-06-05 23:15:54 - [TEST_STEP][PASSED] - for (org.openqa.selenium.Cookie currentCookie : cookieCollection): null

2020-06-05 23:15:54 - [TEST_STEP][PASSED] - cookieString += currentCookie.getName() + "=" + currentCookie.getValue() + "; ": null

2020-06-05 23:15:54 - [TEST_STEP][PASSED] - print(cookieString): null

2020-06-05 23:15:54 - [TEST_STEP][PASSED] - cookieString += currentCookie.getName() + "=" + currentCookie.getValue() + "; ": null

2020-06-05 23:15:54 - [TEST_STEP][PASSED] - print(cookieString): null

2020-06-05 23:15:54 - [TEST_STEP][PASSED] - cookieString += currentCookie.getName() + "=" + currentCookie.getValue() + "; ": null

2020-06-05 23:15:54 - [TEST_STEP][PASSED] - print(cookieString): null

2020-06-05 23:15:54 - [TEST_STEP][PASSED] - CloudCookies = cookieString: null

2020-06-05 23:15:54 - [TEST_STEP][PASSED] - closeBrowser(): Browser is closed

2020-06-05 23:15:55 - [MESSAGE][PASSED] - Browser is closed

2020-06-05 23:15:55 - [MESSAGE][PASSED] - Call Test Case 'Test Cases/TC_API/Login_SaveCookie' successfully

2020-06-05 23:15:55 - [TEST_STEP][PASSED] - respone = sendRequest(findTestObject("API/ViewMembers", ["url":BaseUrl, "Cookie":CloudCookies, "channelID":ChannelID])): Send request successfully

2020-06-05 23:15:55 - [MESSAGE][INFO] - HAR: D:\katalon\hw2-katalon-testing\Reports\20200605_230523\Run_All_Test_Cases\20200605_230523\requests\main\4.har

2020-06-05 23:15:55 - [MESSAGE][PASSED] - Send request successfully

2020-06-05 23:15:55 - [TEST_STEP][PASSED] - verifyResponseStatusCode(respone, 403): Verify response status code successfully

2020-06-05 23:15:55 - [MESSAGE][PASSED] - Verify response status code successfully]]></system-out>
         <system-err><![CDATA[]]></system-err>
      </testcase>
      <testcase name="Test Cases/TC_API/SystemLog" time="13.662" classname="Test Cases/TC_API/SystemLog" status="PASSED">
         <system-out><![CDATA[2020-06-05 23:15:55 - [TEST_CASE][PASSED] - Test Cases/TC_API/SystemLog: Test Cases/TC_API/SystemLog

2020-06-05 23:15:55 - [TEST_STEP][PASSED] - callTestCase(findTestCase("Test Cases/TC_API/Login_SaveCookie"), null): Call Test Case 'Test Cases/TC_API/Login_SaveCookie' successfully

2020-06-05 23:15:55 - [TEST_CASE][PASSED] - Test Cases/TC_API/Login_SaveCookie: Test Cases/TC_API/Login_SaveCookie

2020-06-05 23:15:55 - [TEST_STEP][PASSED] - openBrowser(BaseUrl): Browser is opened with url: 'http://192.168.1.10:8065'

2020-06-05 23:15:55 - [MESSAGE][INFO] - Starting 'Firefox' driver

2020-06-05 23:15:55 - [MESSAGE][INFO] - Action delay is set to 0 milliseconds

2020-06-05 23:16:00 - [MESSAGE][PASSED] - Browser is opened with url: 'http://192.168.1.10:8065'

2020-06-05 23:16:00 - [TEST_STEP][PASSED] - setText(findTestObject("Object Repository/API/MatterMost_page/input_All team communication in one place searchable and accessible anywhere_loginId"), loginId): Text 'tlvietdanh@gmail.com' is set on object 'Object Repository/API/MatterMost_page/input_All team communication in one place searchable and accessible anywhere_loginId'

2020-06-05 23:16:01 - [MESSAGE][PASSED] - Text 'tlvietdanh@gmail.com' is set on object 'Object Repository/API/MatterMost_page/input_All team communication in one place searchable and accessible anywhere_loginId'

2020-06-05 23:16:01 - [TEST_STEP][PASSED] - setMaskedText(findTestObject("Object Repository/API/MatterMost_page/input_All team communication in one place searchable and accessible anywhere_password"), Password): Text '********' is set on object 'Object Repository/API/MatterMost_page/input_All team communication in one place searchable and accessible anywhere_password'

2020-06-05 23:16:02 - [MESSAGE][PASSED] - Text '********' is set on object 'Object Repository/API/MatterMost_page/input_All team communication in one place searchable and accessible anywhere_password'

2020-06-05 23:16:02 - [TEST_STEP][PASSED] - submit(findTestObject("Object Repository/API/MatterMost_page/span_Sign in")): The form containing object: 'Object Repository/API/MatterMost_page/span_Sign in' is submitted

2020-06-05 23:16:02 - [MESSAGE][PASSED] - The form containing object: 'Object Repository/API/MatterMost_page/span_Sign in' is submitted

2020-06-05 23:16:02 - [TEST_STEP][PASSED] - delay(5): Delayed 5 second(s)

2020-06-05 23:16:07 - [MESSAGE][PASSED] - Delayed 5 second(s)

2020-06-05 23:16:07 - [TEST_STEP][PASSED] - titleWindow = getWindowTitle(): Current window's title is: 'Town Square - test4 Mattermost'

2020-06-05 23:16:07 - [MESSAGE][PASSED] - Current window's title is: 'Town Square - test4 Mattermost'

2020-06-05 23:16:07 - [TEST_STEP][PASSED] - driver = getWebDriver(): null

2020-06-05 23:16:07 - [TEST_STEP][PASSED] - cookieString = "": null

2020-06-05 23:16:07 - [TEST_STEP][PASSED] - cookieCollection = manage().getCookies(): null

2020-06-05 23:16:07 - [TEST_STEP][PASSED] - for (org.openqa.selenium.Cookie currentCookie : cookieCollection): null

2020-06-05 23:16:07 - [TEST_STEP][PASSED] - cookieString += currentCookie.getName() + "=" + currentCookie.getValue() + "; ": null

2020-06-05 23:16:07 - [TEST_STEP][PASSED] - print(cookieString): null

2020-06-05 23:16:07 - [TEST_STEP][PASSED] - cookieString += currentCookie.getName() + "=" + currentCookie.getValue() + "; ": null

2020-06-05 23:16:07 - [TEST_STEP][PASSED] - print(cookieString): null

2020-06-05 23:16:07 - [TEST_STEP][PASSED] - cookieString += currentCookie.getName() + "=" + currentCookie.getValue() + "; ": null

2020-06-05 23:16:07 - [TEST_STEP][PASSED] - print(cookieString): null

2020-06-05 23:16:07 - [TEST_STEP][PASSED] - CloudCookies = cookieString: null

2020-06-05 23:16:07 - [TEST_STEP][PASSED] - closeBrowser(): Browser is closed

2020-06-05 23:16:08 - [MESSAGE][PASSED] - Browser is closed

2020-06-05 23:16:08 - [MESSAGE][PASSED] - Call Test Case 'Test Cases/TC_API/Login_SaveCookie' successfully

2020-06-05 23:16:08 - [TEST_STEP][PASSED] - response = sendRequest(findTestObject("API/SystemLog", ["Cookie":CloudCookies, "url":BaseUrl])): Send request successfully

2020-06-05 23:16:09 - [MESSAGE][INFO] - HAR: D:\katalon\hw2-katalon-testing\Reports\20200605_230523\Run_All_Test_Cases\20200605_230523\requests\main\5.har

2020-06-05 23:16:09 - [MESSAGE][PASSED] - Send request successfully

2020-06-05 23:16:09 - [TEST_STEP][PASSED] - verifyResponseStatusCode(response, 200): Verify response status code successfully

2020-06-05 23:16:09 - [MESSAGE][PASSED] - Verify response status code successfully]]></system-out>
         <system-err><![CDATA[]]></system-err>
      </testcase>
      <testcase name="Test Cases/TC_API/Statistics" time="13.207" classname="Test Cases/TC_API/Statistics" status="PASSED">
         <system-out><![CDATA[2020-06-05 23:16:09 - [TEST_CASE][PASSED] - Test Cases/TC_API/Statistics: Test Cases/TC_API/Statistics

2020-06-05 23:16:09 - [TEST_STEP][PASSED] - callTestCase(findTestCase("Test Cases/TC_API/Login_SaveCookie"), null): Call Test Case 'Test Cases/TC_API/Login_SaveCookie' successfully

2020-06-05 23:16:09 - [TEST_CASE][PASSED] - Test Cases/TC_API/Login_SaveCookie: Test Cases/TC_API/Login_SaveCookie

2020-06-05 23:16:09 - [TEST_STEP][PASSED] - openBrowser(BaseUrl): Browser is opened with url: 'http://192.168.1.10:8065'

2020-06-05 23:16:09 - [MESSAGE][INFO] - Starting 'Firefox' driver

2020-06-05 23:16:09 - [MESSAGE][INFO] - Action delay is set to 0 milliseconds

2020-06-05 23:16:13 - [MESSAGE][PASSED] - Browser is opened with url: 'http://192.168.1.10:8065'

2020-06-05 23:16:13 - [TEST_STEP][PASSED] - setText(findTestObject("Object Repository/API/MatterMost_page/input_All team communication in one place searchable and accessible anywhere_loginId"), loginId): Text 'tlvietdanh@gmail.com' is set on object 'Object Repository/API/MatterMost_page/input_All team communication in one place searchable and accessible anywhere_loginId'

2020-06-05 23:16:15 - [MESSAGE][PASSED] - Text 'tlvietdanh@gmail.com' is set on object 'Object Repository/API/MatterMost_page/input_All team communication in one place searchable and accessible anywhere_loginId'

2020-06-05 23:16:15 - [TEST_STEP][PASSED] - setMaskedText(findTestObject("Object Repository/API/MatterMost_page/input_All team communication in one place searchable and accessible anywhere_password"), Password): Text '********' is set on object 'Object Repository/API/MatterMost_page/input_All team communication in one place searchable and accessible anywhere_password'

2020-06-05 23:16:16 - [MESSAGE][PASSED] - Text '********' is set on object 'Object Repository/API/MatterMost_page/input_All team communication in one place searchable and accessible anywhere_password'

2020-06-05 23:16:16 - [TEST_STEP][PASSED] - submit(findTestObject("Object Repository/API/MatterMost_page/span_Sign in")): The form containing object: 'Object Repository/API/MatterMost_page/span_Sign in' is submitted

2020-06-05 23:16:16 - [MESSAGE][PASSED] - The form containing object: 'Object Repository/API/MatterMost_page/span_Sign in' is submitted

2020-06-05 23:16:16 - [TEST_STEP][PASSED] - delay(5): Delayed 5 second(s)

2020-06-05 23:16:21 - [MESSAGE][PASSED] - Delayed 5 second(s)

2020-06-05 23:16:21 - [TEST_STEP][PASSED] - titleWindow = getWindowTitle(): Current window's title is: 'Town Square - test4 Mattermost'

2020-06-05 23:16:21 - [MESSAGE][PASSED] - Current window's title is: 'Town Square - test4 Mattermost'

2020-06-05 23:16:21 - [TEST_STEP][PASSED] - driver = getWebDriver(): null

2020-06-05 23:16:21 - [TEST_STEP][PASSED] - cookieString = "": null

2020-06-05 23:16:21 - [TEST_STEP][PASSED] - cookieCollection = manage().getCookies(): null

2020-06-05 23:16:21 - [TEST_STEP][PASSED] - for (org.openqa.selenium.Cookie currentCookie : cookieCollection): null

2020-06-05 23:16:21 - [TEST_STEP][PASSED] - cookieString += currentCookie.getName() + "=" + currentCookie.getValue() + "; ": null

2020-06-05 23:16:21 - [TEST_STEP][PASSED] - print(cookieString): null

2020-06-05 23:16:21 - [TEST_STEP][PASSED] - cookieString += currentCookie.getName() + "=" + currentCookie.getValue() + "; ": null

2020-06-05 23:16:21 - [TEST_STEP][PASSED] - print(cookieString): null

2020-06-05 23:16:21 - [TEST_STEP][PASSED] - cookieString += currentCookie.getName() + "=" + currentCookie.getValue() + "; ": null

2020-06-05 23:16:21 - [TEST_STEP][PASSED] - print(cookieString): null

2020-06-05 23:16:21 - [TEST_STEP][PASSED] - CloudCookies = cookieString: null

2020-06-05 23:16:21 - [TEST_STEP][PASSED] - closeBrowser(): Browser is closed

2020-06-05 23:16:22 - [MESSAGE][PASSED] - Browser is closed

2020-06-05 23:16:22 - [MESSAGE][PASSED] - Call Test Case 'Test Cases/TC_API/Login_SaveCookie' successfully

2020-06-05 23:16:22 - [TEST_STEP][PASSED] - response = sendRequest(findTestObject("API/Statistics", ["url":BaseUrl, "Cookie":CloudCookies])): Send request successfully

2020-06-05 23:16:22 - [MESSAGE][INFO] - HAR: D:\katalon\hw2-katalon-testing\Reports\20200605_230523\Run_All_Test_Cases\20200605_230523\requests\main\6.har

2020-06-05 23:16:22 - [MESSAGE][PASSED] - Send request successfully

2020-06-05 23:16:22 - [TEST_STEP][PASSED] - verifyResponseStatusCode(response, 200): Verify response status code successfully

2020-06-05 23:16:22 - [MESSAGE][PASSED] - Verify response status code successfully]]></system-out>
         <system-err><![CDATA[]]></system-err>
      </testcase>
      <testcase name="Test Cases/TC_API/GetMyMembers" time="13.541" classname="Test Cases/TC_API/GetMyMembers" status="PASSED">
         <system-out><![CDATA[2020-06-05 23:16:22 - [TEST_CASE][PASSED] - Test Cases/TC_API/GetMyMembers: Test Cases/TC_API/GetMyMembers

2020-06-05 23:16:22 - [TEST_STEP][PASSED] - callTestCase(findTestCase("Test Cases/TC_API/Login_SaveCookie"), null): Call Test Case 'Test Cases/TC_API/Login_SaveCookie' successfully

2020-06-05 23:16:22 - [TEST_CASE][PASSED] - Test Cases/TC_API/Login_SaveCookie: Test Cases/TC_API/Login_SaveCookie

2020-06-05 23:16:22 - [TEST_STEP][PASSED] - openBrowser(BaseUrl): Browser is opened with url: 'http://192.168.1.10:8065'

2020-06-05 23:16:22 - [MESSAGE][INFO] - Starting 'Firefox' driver

2020-06-05 23:16:22 - [MESSAGE][INFO] - Action delay is set to 0 milliseconds

2020-06-05 23:16:27 - [MESSAGE][PASSED] - Browser is opened with url: 'http://192.168.1.10:8065'

2020-06-05 23:16:27 - [TEST_STEP][PASSED] - setText(findTestObject("Object Repository/API/MatterMost_page/input_All team communication in one place searchable and accessible anywhere_loginId"), loginId): Text 'tlvietdanh@gmail.com' is set on object 'Object Repository/API/MatterMost_page/input_All team communication in one place searchable and accessible anywhere_loginId'

2020-06-05 23:16:28 - [MESSAGE][PASSED] - Text 'tlvietdanh@gmail.com' is set on object 'Object Repository/API/MatterMost_page/input_All team communication in one place searchable and accessible anywhere_loginId'

2020-06-05 23:16:28 - [TEST_STEP][PASSED] - setMaskedText(findTestObject("Object Repository/API/MatterMost_page/input_All team communication in one place searchable and accessible anywhere_password"), Password): Text '********' is set on object 'Object Repository/API/MatterMost_page/input_All team communication in one place searchable and accessible anywhere_password'

2020-06-05 23:16:29 - [MESSAGE][PASSED] - Text '********' is set on object 'Object Repository/API/MatterMost_page/input_All team communication in one place searchable and accessible anywhere_password'

2020-06-05 23:16:29 - [TEST_STEP][PASSED] - submit(findTestObject("Object Repository/API/MatterMost_page/span_Sign in")): The form containing object: 'Object Repository/API/MatterMost_page/span_Sign in' is submitted

2020-06-05 23:16:30 - [MESSAGE][PASSED] - The form containing object: 'Object Repository/API/MatterMost_page/span_Sign in' is submitted

2020-06-05 23:16:30 - [TEST_STEP][PASSED] - delay(5): Delayed 5 second(s)

2020-06-05 23:16:35 - [MESSAGE][PASSED] - Delayed 5 second(s)

2020-06-05 23:16:35 - [TEST_STEP][PASSED] - titleWindow = getWindowTitle(): Current window's title is: 'Town Square - test4 Mattermost'

2020-06-05 23:16:35 - [MESSAGE][PASSED] - Current window's title is: 'Town Square - test4 Mattermost'

2020-06-05 23:16:35 - [TEST_STEP][PASSED] - driver = getWebDriver(): null

2020-06-05 23:16:35 - [TEST_STEP][PASSED] - cookieString = "": null

2020-06-05 23:16:35 - [TEST_STEP][PASSED] - cookieCollection = manage().getCookies(): null

2020-06-05 23:16:35 - [TEST_STEP][PASSED] - for (org.openqa.selenium.Cookie currentCookie : cookieCollection): null

2020-06-05 23:16:35 - [TEST_STEP][PASSED] - cookieString += currentCookie.getName() + "=" + currentCookie.getValue() + "; ": null

2020-06-05 23:16:35 - [TEST_STEP][PASSED] - print(cookieString): null

2020-06-05 23:16:35 - [TEST_STEP][PASSED] - cookieString += currentCookie.getName() + "=" + currentCookie.getValue() + "; ": null

2020-06-05 23:16:35 - [TEST_STEP][PASSED] - print(cookieString): null

2020-06-05 23:16:35 - [TEST_STEP][PASSED] - cookieString += currentCookie.getName() + "=" + currentCookie.getValue() + "; ": null

2020-06-05 23:16:35 - [TEST_STEP][PASSED] - print(cookieString): null

2020-06-05 23:16:35 - [TEST_STEP][PASSED] - CloudCookies = cookieString: null

2020-06-05 23:16:35 - [TEST_STEP][PASSED] - closeBrowser(): Browser is closed

2020-06-05 23:16:36 - [MESSAGE][PASSED] - Browser is closed

2020-06-05 23:16:36 - [MESSAGE][PASSED] - Call Test Case 'Test Cases/TC_API/Login_SaveCookie' successfully

2020-06-05 23:16:36 - [TEST_STEP][PASSED] - response = sendRequest(findTestObject("API/My members", ["url":BaseUrl, "Cookie":CloudCookies])): Send request successfully

2020-06-05 23:16:36 - [MESSAGE][INFO] - HAR: D:\katalon\hw2-katalon-testing\Reports\20200605_230523\Run_All_Test_Cases\20200605_230523\requests\main\7.har

2020-06-05 23:16:36 - [MESSAGE][PASSED] - Send request successfully

2020-06-05 23:16:36 - [TEST_STEP][PASSED] - verifyResponseStatusCode(response, 200): Verify response status code successfully

2020-06-05 23:16:36 - [MESSAGE][PASSED] - Verify response status code successfully]]></system-out>
         <system-err><![CDATA[]]></system-err>
      </testcase>
      <testcase name="Test Cases/TC_API/Login" time="0.279" classname="Test Cases/TC_API/Login" status="ERROR">
         <error type="ERROR" message="Test Cases/TC_API/Login FAILED.
Reason:
groovy.lang.MissingPropertyException: No such property: detailMessage for class: com.kms.katalon.core.exception.StepFailedException
	at Login.run(Login:37)
	at com.kms.katalon.core.main.ScriptEngine.run(ScriptEngine.java:194)
	at com.kms.katalon.core.main.ScriptEngine.runScriptAsRawText(ScriptEngine.java:119)
	at com.kms.katalon.core.main.TestCaseExecutor.runScript(TestCaseExecutor.java:337)
	at com.kms.katalon.core.main.TestCaseExecutor.doExecute(TestCaseExecutor.java:328)
	at com.kms.katalon.core.main.TestCaseExecutor.processExecutionPhase(TestCaseExecutor.java:307)
	at com.kms.katalon.core.main.TestCaseExecutor.accessMainPhase(TestCaseExecutor.java:299)
	at com.kms.katalon.core.main.TestCaseExecutor.execute(TestCaseExecutor.java:233)
	at com.kms.katalon.core.main.TestSuiteExecutor.accessTestCaseMainPhase(TestSuiteExecutor.java:169)
	at com.kms.katalon.core.main.TestSuiteExecutor.accessTestSuiteMainPhase(TestSuiteExecutor.java:142)
	at com.kms.katalon.core.main.TestSuiteExecutor.execute(TestSuiteExecutor.java:91)
	at com.kms.katalon.core.main.TestCaseMain.startTestSuite(TestCaseMain.java:157)
	at com.kms.katalon.core.main.TestCaseMain$startTestSuite$0.call(Unknown Source)
	at TempTestSuite1591373123859.run(TempTestSuite1591373123859.groovy:37)
"/>
         <system-out><![CDATA[2020-06-05 23:16:36 - [TEST_CASE][ERROR] - Test Cases/TC_API/Login: Test Cases/TC_API/Login FAILED.
Reason:
groovy.lang.MissingPropertyException: No such property: detailMessage for class: com.kms.katalon.core.exception.StepFailedException
	at Login.run(Login:37)
	at com.kms.katalon.core.main.ScriptEngine.run(ScriptEngine.java:194)
	at com.kms.katalon.core.main.ScriptEngine.runScriptAsRawText(ScriptEngine.java:119)
	at com.kms.katalon.core.main.TestCaseExecutor.runScript(TestCaseExecutor.java:337)
	at com.kms.katalon.core.main.TestCaseExecutor.doExecute(TestCaseExecutor.java:328)
	at com.kms.katalon.core.main.TestCaseExecutor.processExecutionPhase(TestCaseExecutor.java:307)
	at com.kms.katalon.core.main.TestCaseExecutor.accessMainPhase(TestCaseExecutor.java:299)
	at com.kms.katalon.core.main.TestCaseExecutor.execute(TestCaseExecutor.java:233)
	at com.kms.katalon.core.main.TestSuiteExecutor.accessTestCaseMainPhase(TestSuiteExecutor.java:169)
	at com.kms.katalon.core.main.TestSuiteExecutor.accessTestSuiteMainPhase(TestSuiteExecutor.java:142)
	at com.kms.katalon.core.main.TestSuiteExecutor.execute(TestSuiteExecutor.java:91)
	at com.kms.katalon.core.main.TestCaseMain.startTestSuite(TestCaseMain.java:157)
	at com.kms.katalon.core.main.TestCaseMain$startTestSuite$0.call(Unknown Source)
	at TempTestSuite1591373123859.run(TempTestSuite1591373123859.groovy:37)


2020-06-05 23:16:36 - [TEST_STEP][PASSED] - request = findTestObject("Object Repository/API/Login"): null

2020-06-05 23:16:36 - [TEST_STEP][PASSED] - json = new groovy.json.JsonBuilder(): null

2020-06-05 23:16:36 - [TEST_STEP][PASSED] - root = json.call(): null

2020-06-05 23:16:36 - [TEST_STEP][PASSED] - println(json.toString()): null

2020-06-05 23:16:36 - [TEST_STEP][FAILED] - try: Unable to verify response status code (Root cause: com.kms.katalon.core.exception.StepFailedException: Expected status code is '200' but actual status code is '400'
	at com.kms.katalon.core.keyword.internal.KeywordMain.stepFailed(KeywordMain.groovy:50)
	at com.kms.katalon.core.webservice.keyword.builtin.VerifyResponseStatusCodeKeyword.verifyStatusCode(VerifyResponseStatusCodeKeyword.groovy:52)
	at com.kms.katalon.core.webservice.keyword.builtin.VerifyResponseStatusCodeKeyword$_verifyResponseStatusCode_closure1.doCall(VerifyResponseStatusCodeKeyword.groovy:42)
	at com.kms.katalon.core.webservice.keyword.builtin.VerifyResponseStatusCodeKeyword$_verifyResponseStatusCode_closure1.call(VerifyResponseStatusCodeKeyword.groovy)
	at com.kms.katalon.core.keyword.internal.KeywordMain.runKeyword(KeywordMain.groovy:68)
	at com.kms.katalon.core.webservice.keyword.builtin.VerifyResponseStatusCodeKeyword.verifyResponseStatusCode(VerifyResponseStatusCodeKeyword.groovy:37)
	at com.kms.katalon.core.webservice.keyword.builtin.VerifyResponseStatusCodeKeyword.execute(VerifyResponseStatusCodeKeyword.groovy:32)
	at com.kms.katalon.core.keyword.internal.KeywordExecutor.executeKeywordForPlatform(KeywordExecutor.groovy:72)
	at com.kms.katalon.core.webservice.keyword.WSBuiltInKeywords.verifyResponseStatusCode(WSBuiltInKeywords.groovy:344)
	at com.kms.katalon.core.webservice.keyword.WSBuiltInKeywords$verifyResponseStatusCode$0.call(Unknown Source)
	at Login.run(Login:34)
	at com.kms.katalon.core.main.ScriptEngine.run(ScriptEngine.java:194)
	at com.kms.katalon.core.main.ScriptEngine.runScriptAsRawText(ScriptEngine.java:119)
	at com.kms.katalon.core.main.TestCaseExecutor.runScript(TestCaseExecutor.java:337)
	at com.kms.katalon.core.main.TestCaseExecutor.doExecute(TestCaseExecutor.java:328)
	at com.kms.katalon.core.main.TestCaseExecutor.processExecutionPhase(TestCaseExecutor.java:307)
	at com.kms.katalon.core.main.TestCaseExecutor.accessMainPhase(TestCaseExecutor.java:299)
	at com.kms.katalon.core.main.TestCaseExecutor.execute(TestCaseExecutor.java:233)
	at com.kms.katalon.core.main.TestSuiteExecutor.accessTestCaseMainPhase(TestSuiteExecutor.java:169)
	at com.kms.katalon.core.main.TestSuiteExecutor.accessTestSuiteMainPhase(TestSuiteExecutor.java:142)
	at com.kms.katalon.core.main.TestSuiteExecutor.execute(TestSuiteExecutor.java:91)
	at com.kms.katalon.core.main.TestCaseMain.startTestSuite(TestCaseMain.java:157)
	at com.kms.katalon.core.main.TestCaseMain$startTestSuite$0.call(Unknown Source)
	at TempTestSuite1591373123859.run(TempTestSuite1591373123859.groovy:37)
)

2020-06-05 23:16:36 - [TEST_STEP][PASSED] - request.setBodyContent(new com.kms.katalon.core.testobject.impl.HttpTextBodyContent(json.toString(), UTF-8, application/json)): null

2020-06-05 23:16:36 - [TEST_STEP][PASSED] - response = sendRequest(request): Send request successfully

2020-06-05 23:16:36 - [MESSAGE][INFO] - HAR: D:\katalon\hw2-katalon-testing\Reports\20200605_230523\Run_All_Test_Cases\20200605_230523\requests\main\8.har

2020-06-05 23:16:36 - [MESSAGE][PASSED] - Send request successfully

2020-06-05 23:16:36 - [TEST_STEP][FAILED] - verifyResponseStatusCode(response, 200): Unable to verify response status code (Root cause: com.kms.katalon.core.exception.StepFailedException: Expected status code is '200' but actual status code is '400'
	at com.kms.katalon.core.keyword.internal.KeywordMain.stepFailed(KeywordMain.groovy:50)
	at com.kms.katalon.core.webservice.keyword.builtin.VerifyResponseStatusCodeKeyword.verifyStatusCode(VerifyResponseStatusCodeKeyword.groovy:52)
	at com.kms.katalon.core.webservice.keyword.builtin.VerifyResponseStatusCodeKeyword$_verifyResponseStatusCode_closure1.doCall(VerifyResponseStatusCodeKeyword.groovy:42)
	at com.kms.katalon.core.webservice.keyword.builtin.VerifyResponseStatusCodeKeyword$_verifyResponseStatusCode_closure1.call(VerifyResponseStatusCodeKeyword.groovy)
	at com.kms.katalon.core.keyword.internal.KeywordMain.runKeyword(KeywordMain.groovy:68)
	at com.kms.katalon.core.webservice.keyword.builtin.VerifyResponseStatusCodeKeyword.verifyResponseStatusCode(VerifyResponseStatusCodeKeyword.groovy:37)
	at com.kms.katalon.core.webservice.keyword.builtin.VerifyResponseStatusCodeKeyword.execute(VerifyResponseStatusCodeKeyword.groovy:32)
	at com.kms.katalon.core.keyword.internal.KeywordExecutor.executeKeywordForPlatform(KeywordExecutor.groovy:72)
	at com.kms.katalon.core.webservice.keyword.WSBuiltInKeywords.verifyResponseStatusCode(WSBuiltInKeywords.groovy:344)
	at com.kms.katalon.core.webservice.keyword.WSBuiltInKeywords$verifyResponseStatusCode$0.call(Unknown Source)
	at Login.run(Login:34)
	at com.kms.katalon.core.main.ScriptEngine.run(ScriptEngine.java:194)
	at com.kms.katalon.core.main.ScriptEngine.runScriptAsRawText(ScriptEngine.java:119)
	at com.kms.katalon.core.main.TestCaseExecutor.runScript(TestCaseExecutor.java:337)
	at com.kms.katalon.core.main.TestCaseExecutor.doExecute(TestCaseExecutor.java:328)
	at com.kms.katalon.core.main.TestCaseExecutor.processExecutionPhase(TestCaseExecutor.java:307)
	at com.kms.katalon.core.main.TestCaseExecutor.accessMainPhase(TestCaseExecutor.java:299)
	at com.kms.katalon.core.main.TestCaseExecutor.execute(TestCaseExecutor.java:233)
	at com.kms.katalon.core.main.TestSuiteExecutor.accessTestCaseMainPhase(TestSuiteExecutor.java:169)
	at com.kms.katalon.core.main.TestSuiteExecutor.accessTestSuiteMainPhase(TestSuiteExecutor.java:142)
	at com.kms.katalon.core.main.TestSuiteExecutor.execute(TestSuiteExecutor.java:91)
	at com.kms.katalon.core.main.TestCaseMain.startTestSuite(TestCaseMain.java:157)
	at com.kms.katalon.core.main.TestCaseMain$startTestSuite$0.call(Unknown Source)
	at TempTestSuite1591373123859.run(TempTestSuite1591373123859.groovy:37)
)

2020-06-05 23:16:36 - [MESSAGE][FAILED] - Expected status code is '200' but actual status code is '400'

2020-06-05 23:16:36 - [MESSAGE][FAILED] - Unable to verify response status code (Root cause: com.kms.katalon.core.exception.StepFailedException: Expected status code is '200' but actual status code is '400'
	at com.kms.katalon.core.keyword.internal.KeywordMain.stepFailed(KeywordMain.groovy:50)
	at com.kms.katalon.core.webservice.keyword.builtin.VerifyResponseStatusCodeKeyword.verifyStatusCode(VerifyResponseStatusCodeKeyword.groovy:52)
	at com.kms.katalon.core.webservice.keyword.builtin.VerifyResponseStatusCodeKeyword$_verifyResponseStatusCode_closure1.doCall(VerifyResponseStatusCodeKeyword.groovy:42)
	at com.kms.katalon.core.webservice.keyword.builtin.VerifyResponseStatusCodeKeyword$_verifyResponseStatusCode_closure1.call(VerifyResponseStatusCodeKeyword.groovy)
	at com.kms.katalon.core.keyword.internal.KeywordMain.runKeyword(KeywordMain.groovy:68)
	at com.kms.katalon.core.webservice.keyword.builtin.VerifyResponseStatusCodeKeyword.verifyResponseStatusCode(VerifyResponseStatusCodeKeyword.groovy:37)
	at com.kms.katalon.core.webservice.keyword.builtin.VerifyResponseStatusCodeKeyword.execute(VerifyResponseStatusCodeKeyword.groovy:32)
	at com.kms.katalon.core.keyword.internal.KeywordExecutor.executeKeywordForPlatform(KeywordExecutor.groovy:72)
	at com.kms.katalon.core.webservice.keyword.WSBuiltInKeywords.verifyResponseStatusCode(WSBuiltInKeywords.groovy:344)
	at com.kms.katalon.core.webservice.keyword.WSBuiltInKeywords$verifyResponseStatusCode$0.call(Unknown Source)
	at Login.run(Login:34)
	at com.kms.katalon.core.main.ScriptEngine.run(ScriptEngine.java:194)
	at com.kms.katalon.core.main.ScriptEngine.runScriptAsRawText(ScriptEngine.java:119)
	at com.kms.katalon.core.main.TestCaseExecutor.runScript(TestCaseExecutor.java:337)
	at com.kms.katalon.core.main.TestCaseExecutor.doExecute(TestCaseExecutor.java:328)
	at com.kms.katalon.core.main.TestCaseExecutor.processExecutionPhase(TestCaseExecutor.java:307)
	at com.kms.katalon.core.main.TestCaseExecutor.accessMainPhase(TestCaseExecutor.java:299)
	at com.kms.katalon.core.main.TestCaseExecutor.execute(TestCaseExecutor.java:233)
	at com.kms.katalon.core.main.TestSuiteExecutor.accessTestCaseMainPhase(TestSuiteExecutor.java:169)
	at com.kms.katalon.core.main.TestSuiteExecutor.accessTestSuiteMainPhase(TestSuiteExecutor.java:142)
	at com.kms.katalon.core.main.TestSuiteExecutor.execute(TestSuiteExecutor.java:91)
	at com.kms.katalon.core.main.TestCaseMain.startTestSuite(TestCaseMain.java:157)
	at com.kms.katalon.core.main.TestCaseMain$startTestSuite$0.call(Unknown Source)
	at TempTestSuite1591373123859.run(TempTestSuite1591373123859.groovy:37)
)

2020-06-05 23:16:36 - [TEST_STEP][PASSED] - catch (Exception ex): null

2020-06-05 23:16:36 - [TEST_STEP][PASSED] - print(detailMessage): null]]></system-out>
         <system-err><![CDATA[2020-06-05 23:16:36 - [TEST_CASE][ERROR] - Test Cases/TC_API/Login: Test Cases/TC_API/Login FAILED.
Reason:
groovy.lang.MissingPropertyException: No such property: detailMessage for class: com.kms.katalon.core.exception.StepFailedException
	at Login.run(Login:37)
	at com.kms.katalon.core.main.ScriptEngine.run(ScriptEngine.java:194)
	at com.kms.katalon.core.main.ScriptEngine.runScriptAsRawText(ScriptEngine.java:119)
	at com.kms.katalon.core.main.TestCaseExecutor.runScript(TestCaseExecutor.java:337)
	at com.kms.katalon.core.main.TestCaseExecutor.doExecute(TestCaseExecutor.java:328)
	at com.kms.katalon.core.main.TestCaseExecutor.processExecutionPhase(TestCaseExecutor.java:307)
	at com.kms.katalon.core.main.TestCaseExecutor.accessMainPhase(TestCaseExecutor.java:299)
	at com.kms.katalon.core.main.TestCaseExecutor.execute(TestCaseExecutor.java:233)
	at com.kms.katalon.core.main.TestSuiteExecutor.accessTestCaseMainPhase(TestSuiteExecutor.java:169)
	at com.kms.katalon.core.main.TestSuiteExecutor.accessTestSuiteMainPhase(TestSuiteExecutor.java:142)
	at com.kms.katalon.core.main.TestSuiteExecutor.execute(TestSuiteExecutor.java:91)
	at com.kms.katalon.core.main.TestCaseMain.startTestSuite(TestCaseMain.java:157)
	at com.kms.katalon.core.main.TestCaseMain$startTestSuite$0.call(Unknown Source)
	at TempTestSuite1591373123859.run(TempTestSuite1591373123859.groovy:37)]]></system-err>
      </testcase>
      <testcase name="Test Cases/TC_API/Sign Up" time="0.208" classname="Test Cases/TC_API/Sign Up" status="ERROR">
         <error type="ERROR" message="Test Cases/TC_API/Sign Up FAILED.
Reason:
groovy.lang.MissingPropertyException: No such property: detailMessage for class: com.kms.katalon.core.exception.StepFailedException
	at Sign Up.run(Sign Up:33)
	at com.kms.katalon.core.main.ScriptEngine.run(ScriptEngine.java:194)
	at com.kms.katalon.core.main.ScriptEngine.runScriptAsRawText(ScriptEngine.java:119)
	at com.kms.katalon.core.main.TestCaseExecutor.runScript(TestCaseExecutor.java:337)
	at com.kms.katalon.core.main.TestCaseExecutor.doExecute(TestCaseExecutor.java:328)
	at com.kms.katalon.core.main.TestCaseExecutor.processExecutionPhase(TestCaseExecutor.java:307)
	at com.kms.katalon.core.main.TestCaseExecutor.accessMainPhase(TestCaseExecutor.java:299)
	at com.kms.katalon.core.main.TestCaseExecutor.execute(TestCaseExecutor.java:233)
	at com.kms.katalon.core.main.TestSuiteExecutor.accessTestCaseMainPhase(TestSuiteExecutor.java:169)
	at com.kms.katalon.core.main.TestSuiteExecutor.accessTestSuiteMainPhase(TestSuiteExecutor.java:142)
	at com.kms.katalon.core.main.TestSuiteExecutor.execute(TestSuiteExecutor.java:91)
	at com.kms.katalon.core.main.TestCaseMain.startTestSuite(TestCaseMain.java:157)
	at com.kms.katalon.core.main.TestCaseMain$startTestSuite$0.call(Unknown Source)
	at TempTestSuite1591373123859.run(TempTestSuite1591373123859.groovy:37)
"/>
         <system-out><![CDATA[2020-06-05 23:16:36 - [TEST_CASE][ERROR] - Test Cases/TC_API/Sign Up: Test Cases/TC_API/Sign Up FAILED.
Reason:
groovy.lang.MissingPropertyException: No such property: detailMessage for class: com.kms.katalon.core.exception.StepFailedException
	at Sign Up.run(Sign Up:33)
	at com.kms.katalon.core.main.ScriptEngine.run(ScriptEngine.java:194)
	at com.kms.katalon.core.main.ScriptEngine.runScriptAsRawText(ScriptEngine.java:119)
	at com.kms.katalon.core.main.TestCaseExecutor.runScript(TestCaseExecutor.java:337)
	at com.kms.katalon.core.main.TestCaseExecutor.doExecute(TestCaseExecutor.java:328)
	at com.kms.katalon.core.main.TestCaseExecutor.processExecutionPhase(TestCaseExecutor.java:307)
	at com.kms.katalon.core.main.TestCaseExecutor.accessMainPhase(TestCaseExecutor.java:299)
	at com.kms.katalon.core.main.TestCaseExecutor.execute(TestCaseExecutor.java:233)
	at com.kms.katalon.core.main.TestSuiteExecutor.accessTestCaseMainPhase(TestSuiteExecutor.java:169)
	at com.kms.katalon.core.main.TestSuiteExecutor.accessTestSuiteMainPhase(TestSuiteExecutor.java:142)
	at com.kms.katalon.core.main.TestSuiteExecutor.execute(TestSuiteExecutor.java:91)
	at com.kms.katalon.core.main.TestCaseMain.startTestSuite(TestCaseMain.java:157)
	at com.kms.katalon.core.main.TestCaseMain$startTestSuite$0.call(Unknown Source)
	at TempTestSuite1591373123859.run(TempTestSuite1591373123859.groovy:37)


2020-06-05 23:16:36 - [TEST_STEP][PASSED] - request = findTestObject("Object Repository/API/Sign Up"): null

2020-06-05 23:16:36 - [TEST_STEP][PASSED] - json = new groovy.json.JsonBuilder(): null

2020-06-05 23:16:36 - [TEST_STEP][PASSED] - root = json.call(["email":email, "username":username, "password":pass]): null

2020-06-05 23:16:36 - [TEST_STEP][PASSED] - println(json.toString()): null

2020-06-05 23:16:36 - [TEST_STEP][FAILED] - try: Unable to verify response status code (Root cause: com.kms.katalon.core.exception.StepFailedException: Expected status code is '201' but actual status code is '404'
	at com.kms.katalon.core.keyword.internal.KeywordMain.stepFailed(KeywordMain.groovy:50)
	at com.kms.katalon.core.webservice.keyword.builtin.VerifyResponseStatusCodeKeyword.verifyStatusCode(VerifyResponseStatusCodeKeyword.groovy:52)
	at com.kms.katalon.core.webservice.keyword.builtin.VerifyResponseStatusCodeKeyword$_verifyResponseStatusCode_closure1.doCall(VerifyResponseStatusCodeKeyword.groovy:42)
	at com.kms.katalon.core.webservice.keyword.builtin.VerifyResponseStatusCodeKeyword$_verifyResponseStatusCode_closure1.call(VerifyResponseStatusCodeKeyword.groovy)
	at com.kms.katalon.core.keyword.internal.KeywordMain.runKeyword(KeywordMain.groovy:68)
	at com.kms.katalon.core.webservice.keyword.builtin.VerifyResponseStatusCodeKeyword.verifyResponseStatusCode(VerifyResponseStatusCodeKeyword.groovy:37)
	at com.kms.katalon.core.webservice.keyword.builtin.VerifyResponseStatusCodeKeyword.execute(VerifyResponseStatusCodeKeyword.groovy:32)
	at com.kms.katalon.core.keyword.internal.KeywordExecutor.executeKeywordForPlatform(KeywordExecutor.groovy:72)
	at com.kms.katalon.core.webservice.keyword.WSBuiltInKeywords.verifyResponseStatusCode(WSBuiltInKeywords.groovy:344)
	at com.kms.katalon.core.webservice.keyword.WSBuiltInKeywords$verifyResponseStatusCode$0.call(Unknown Source)
	at Sign Up.run(Sign Up:30)
	at com.kms.katalon.core.main.ScriptEngine.run(ScriptEngine.java:194)
	at com.kms.katalon.core.main.ScriptEngine.runScriptAsRawText(ScriptEngine.java:119)
	at com.kms.katalon.core.main.TestCaseExecutor.runScript(TestCaseExecutor.java:337)
	at com.kms.katalon.core.main.TestCaseExecutor.doExecute(TestCaseExecutor.java:328)
	at com.kms.katalon.core.main.TestCaseExecutor.processExecutionPhase(TestCaseExecutor.java:307)
	at com.kms.katalon.core.main.TestCaseExecutor.accessMainPhase(TestCaseExecutor.java:299)
	at com.kms.katalon.core.main.TestCaseExecutor.execute(TestCaseExecutor.java:233)
	at com.kms.katalon.core.main.TestSuiteExecutor.accessTestCaseMainPhase(TestSuiteExecutor.java:169)
	at com.kms.katalon.core.main.TestSuiteExecutor.accessTestSuiteMainPhase(TestSuiteExecutor.java:142)
	at com.kms.katalon.core.main.TestSuiteExecutor.execute(TestSuiteExecutor.java:91)
	at com.kms.katalon.core.main.TestCaseMain.startTestSuite(TestCaseMain.java:157)
	at com.kms.katalon.core.main.TestCaseMain$startTestSuite$0.call(Unknown Source)
	at TempTestSuite1591373123859.run(TempTestSuite1591373123859.groovy:37)
)

2020-06-05 23:16:36 - [TEST_STEP][PASSED] - request.setBodyContent(new com.kms.katalon.core.testobject.impl.HttpTextBodyContent(json.toString(), UTF-8, application/json)): null

2020-06-05 23:16:36 - [TEST_STEP][PASSED] - response = sendRequest(request): Send request successfully

2020-06-05 23:16:36 - [MESSAGE][INFO] - HAR: D:\katalon\hw2-katalon-testing\Reports\20200605_230523\Run_All_Test_Cases\20200605_230523\requests\main\9.har

2020-06-05 23:16:36 - [MESSAGE][PASSED] - Send request successfully

2020-06-05 23:16:36 - [TEST_STEP][PASSED] - println(response): null

2020-06-05 23:16:36 - [TEST_STEP][FAILED] - verifyResponseStatusCode(response, 201): Unable to verify response status code (Root cause: com.kms.katalon.core.exception.StepFailedException: Expected status code is '201' but actual status code is '404'
	at com.kms.katalon.core.keyword.internal.KeywordMain.stepFailed(KeywordMain.groovy:50)
	at com.kms.katalon.core.webservice.keyword.builtin.VerifyResponseStatusCodeKeyword.verifyStatusCode(VerifyResponseStatusCodeKeyword.groovy:52)
	at com.kms.katalon.core.webservice.keyword.builtin.VerifyResponseStatusCodeKeyword$_verifyResponseStatusCode_closure1.doCall(VerifyResponseStatusCodeKeyword.groovy:42)
	at com.kms.katalon.core.webservice.keyword.builtin.VerifyResponseStatusCodeKeyword$_verifyResponseStatusCode_closure1.call(VerifyResponseStatusCodeKeyword.groovy)
	at com.kms.katalon.core.keyword.internal.KeywordMain.runKeyword(KeywordMain.groovy:68)
	at com.kms.katalon.core.webservice.keyword.builtin.VerifyResponseStatusCodeKeyword.verifyResponseStatusCode(VerifyResponseStatusCodeKeyword.groovy:37)
	at com.kms.katalon.core.webservice.keyword.builtin.VerifyResponseStatusCodeKeyword.execute(VerifyResponseStatusCodeKeyword.groovy:32)
	at com.kms.katalon.core.keyword.internal.KeywordExecutor.executeKeywordForPlatform(KeywordExecutor.groovy:72)
	at com.kms.katalon.core.webservice.keyword.WSBuiltInKeywords.verifyResponseStatusCode(WSBuiltInKeywords.groovy:344)
	at com.kms.katalon.core.webservice.keyword.WSBuiltInKeywords$verifyResponseStatusCode$0.call(Unknown Source)
	at Sign Up.run(Sign Up:30)
	at com.kms.katalon.core.main.ScriptEngine.run(ScriptEngine.java:194)
	at com.kms.katalon.core.main.ScriptEngine.runScriptAsRawText(ScriptEngine.java:119)
	at com.kms.katalon.core.main.TestCaseExecutor.runScript(TestCaseExecutor.java:337)
	at com.kms.katalon.core.main.TestCaseExecutor.doExecute(TestCaseExecutor.java:328)
	at com.kms.katalon.core.main.TestCaseExecutor.processExecutionPhase(TestCaseExecutor.java:307)
	at com.kms.katalon.core.main.TestCaseExecutor.accessMainPhase(TestCaseExecutor.java:299)
	at com.kms.katalon.core.main.TestCaseExecutor.execute(TestCaseExecutor.java:233)
	at com.kms.katalon.core.main.TestSuiteExecutor.accessTestCaseMainPhase(TestSuiteExecutor.java:169)
	at com.kms.katalon.core.main.TestSuiteExecutor.accessTestSuiteMainPhase(TestSuiteExecutor.java:142)
	at com.kms.katalon.core.main.TestSuiteExecutor.execute(TestSuiteExecutor.java:91)
	at com.kms.katalon.core.main.TestCaseMain.startTestSuite(TestCaseMain.java:157)
	at com.kms.katalon.core.main.TestCaseMain$startTestSuite$0.call(Unknown Source)
	at TempTestSuite1591373123859.run(TempTestSuite1591373123859.groovy:37)
)

2020-06-05 23:16:36 - [MESSAGE][FAILED] - Expected status code is '201' but actual status code is '404'

2020-06-05 23:16:36 - [MESSAGE][FAILED] - Unable to verify response status code (Root cause: com.kms.katalon.core.exception.StepFailedException: Expected status code is '201' but actual status code is '404'
	at com.kms.katalon.core.keyword.internal.KeywordMain.stepFailed(KeywordMain.groovy:50)
	at com.kms.katalon.core.webservice.keyword.builtin.VerifyResponseStatusCodeKeyword.verifyStatusCode(VerifyResponseStatusCodeKeyword.groovy:52)
	at com.kms.katalon.core.webservice.keyword.builtin.VerifyResponseStatusCodeKeyword$_verifyResponseStatusCode_closure1.doCall(VerifyResponseStatusCodeKeyword.groovy:42)
	at com.kms.katalon.core.webservice.keyword.builtin.VerifyResponseStatusCodeKeyword$_verifyResponseStatusCode_closure1.call(VerifyResponseStatusCodeKeyword.groovy)
	at com.kms.katalon.core.keyword.internal.KeywordMain.runKeyword(KeywordMain.groovy:68)
	at com.kms.katalon.core.webservice.keyword.builtin.VerifyResponseStatusCodeKeyword.verifyResponseStatusCode(VerifyResponseStatusCodeKeyword.groovy:37)
	at com.kms.katalon.core.webservice.keyword.builtin.VerifyResponseStatusCodeKeyword.execute(VerifyResponseStatusCodeKeyword.groovy:32)
	at com.kms.katalon.core.keyword.internal.KeywordExecutor.executeKeywordForPlatform(KeywordExecutor.groovy:72)
	at com.kms.katalon.core.webservice.keyword.WSBuiltInKeywords.verifyResponseStatusCode(WSBuiltInKeywords.groovy:344)
	at com.kms.katalon.core.webservice.keyword.WSBuiltInKeywords$verifyResponseStatusCode$0.call(Unknown Source)
	at Sign Up.run(Sign Up:30)
	at com.kms.katalon.core.main.ScriptEngine.run(ScriptEngine.java:194)
	at com.kms.katalon.core.main.ScriptEngine.runScriptAsRawText(ScriptEngine.java:119)
	at com.kms.katalon.core.main.TestCaseExecutor.runScript(TestCaseExecutor.java:337)
	at com.kms.katalon.core.main.TestCaseExecutor.doExecute(TestCaseExecutor.java:328)
	at com.kms.katalon.core.main.TestCaseExecutor.processExecutionPhase(TestCaseExecutor.java:307)
	at com.kms.katalon.core.main.TestCaseExecutor.accessMainPhase(TestCaseExecutor.java:299)
	at com.kms.katalon.core.main.TestCaseExecutor.execute(TestCaseExecutor.java:233)
	at com.kms.katalon.core.main.TestSuiteExecutor.accessTestCaseMainPhase(TestSuiteExecutor.java:169)
	at com.kms.katalon.core.main.TestSuiteExecutor.accessTestSuiteMainPhase(TestSuiteExecutor.java:142)
	at com.kms.katalon.core.main.TestSuiteExecutor.execute(TestSuiteExecutor.java:91)
	at com.kms.katalon.core.main.TestCaseMain.startTestSuite(TestCaseMain.java:157)
	at com.kms.katalon.core.main.TestCaseMain$startTestSuite$0.call(Unknown Source)
	at TempTestSuite1591373123859.run(TempTestSuite1591373123859.groovy:37)
)

2020-06-05 23:16:36 - [TEST_STEP][PASSED] - catch (Exception ex): null

2020-06-05 23:16:36 - [TEST_STEP][PASSED] - print(detailMessage): null]]></system-out>
         <system-err><![CDATA[2020-06-05 23:16:36 - [TEST_CASE][ERROR] - Test Cases/TC_API/Sign Up: Test Cases/TC_API/Sign Up FAILED.
Reason:
groovy.lang.MissingPropertyException: No such property: detailMessage for class: com.kms.katalon.core.exception.StepFailedException
	at Sign Up.run(Sign Up:33)
	at com.kms.katalon.core.main.ScriptEngine.run(ScriptEngine.java:194)
	at com.kms.katalon.core.main.ScriptEngine.runScriptAsRawText(ScriptEngine.java:119)
	at com.kms.katalon.core.main.TestCaseExecutor.runScript(TestCaseExecutor.java:337)
	at com.kms.katalon.core.main.TestCaseExecutor.doExecute(TestCaseExecutor.java:328)
	at com.kms.katalon.core.main.TestCaseExecutor.processExecutionPhase(TestCaseExecutor.java:307)
	at com.kms.katalon.core.main.TestCaseExecutor.accessMainPhase(TestCaseExecutor.java:299)
	at com.kms.katalon.core.main.TestCaseExecutor.execute(TestCaseExecutor.java:233)
	at com.kms.katalon.core.main.TestSuiteExecutor.accessTestCaseMainPhase(TestSuiteExecutor.java:169)
	at com.kms.katalon.core.main.TestSuiteExecutor.accessTestSuiteMainPhase(TestSuiteExecutor.java:142)
	at com.kms.katalon.core.main.TestSuiteExecutor.execute(TestSuiteExecutor.java:91)
	at com.kms.katalon.core.main.TestCaseMain.startTestSuite(TestCaseMain.java:157)
	at com.kms.katalon.core.main.TestCaseMain$startTestSuite$0.call(Unknown Source)
	at TempTestSuite1591373123859.run(TempTestSuite1591373123859.groovy:37)]]></system-err>
      </testcase>
      <testcase name="Test Cases/TC_API/ViewChannels" time="13.525" classname="Test Cases/TC_API/ViewChannels" status="PASSED">
         <system-out><![CDATA[2020-06-05 23:16:36 - [TEST_CASE][PASSED] - Test Cases/TC_API/ViewChannels: Test Cases/TC_API/ViewChannels

2020-06-05 23:16:36 - [TEST_STEP][PASSED] - callTestCase(findTestCase("Test Cases/TC_API/Login_SaveCookie"), null): Call Test Case 'Test Cases/TC_API/Login_SaveCookie' successfully

2020-06-05 23:16:36 - [TEST_CASE][PASSED] - Test Cases/TC_API/Login_SaveCookie: Test Cases/TC_API/Login_SaveCookie

2020-06-05 23:16:36 - [TEST_STEP][PASSED] - openBrowser(BaseUrl): Browser is opened with url: 'http://192.168.1.10:8065'

2020-06-05 23:16:36 - [MESSAGE][INFO] - Starting 'Firefox' driver

2020-06-05 23:16:36 - [MESSAGE][INFO] - Action delay is set to 0 milliseconds

2020-06-05 23:16:41 - [MESSAGE][PASSED] - Browser is opened with url: 'http://192.168.1.10:8065'

2020-06-05 23:16:41 - [TEST_STEP][PASSED] - setText(findTestObject("Object Repository/API/MatterMost_page/input_All team communication in one place searchable and accessible anywhere_loginId"), loginId): Text 'tlvietdanh@gmail.com' is set on object 'Object Repository/API/MatterMost_page/input_All team communication in one place searchable and accessible anywhere_loginId'

2020-06-05 23:16:42 - [MESSAGE][PASSED] - Text 'tlvietdanh@gmail.com' is set on object 'Object Repository/API/MatterMost_page/input_All team communication in one place searchable and accessible anywhere_loginId'

2020-06-05 23:16:42 - [TEST_STEP][PASSED] - setMaskedText(findTestObject("Object Repository/API/MatterMost_page/input_All team communication in one place searchable and accessible anywhere_password"), Password): Text '********' is set on object 'Object Repository/API/MatterMost_page/input_All team communication in one place searchable and accessible anywhere_password'

2020-06-05 23:16:43 - [MESSAGE][PASSED] - Text '********' is set on object 'Object Repository/API/MatterMost_page/input_All team communication in one place searchable and accessible anywhere_password'

2020-06-05 23:16:43 - [TEST_STEP][PASSED] - submit(findTestObject("Object Repository/API/MatterMost_page/span_Sign in")): The form containing object: 'Object Repository/API/MatterMost_page/span_Sign in' is submitted

2020-06-05 23:16:43 - [MESSAGE][PASSED] - The form containing object: 'Object Repository/API/MatterMost_page/span_Sign in' is submitted

2020-06-05 23:16:43 - [TEST_STEP][PASSED] - delay(5): Delayed 5 second(s)

2020-06-05 23:16:48 - [MESSAGE][PASSED] - Delayed 5 second(s)

2020-06-05 23:16:48 - [TEST_STEP][PASSED] - titleWindow = getWindowTitle(): Current window's title is: 'Town Square - test4 Mattermost'

2020-06-05 23:16:49 - [MESSAGE][PASSED] - Current window's title is: 'Town Square - test4 Mattermost'

2020-06-05 23:16:49 - [TEST_STEP][PASSED] - driver = getWebDriver(): null

2020-06-05 23:16:49 - [TEST_STEP][PASSED] - cookieString = "": null

2020-06-05 23:16:49 - [TEST_STEP][PASSED] - cookieCollection = manage().getCookies(): null

2020-06-05 23:16:49 - [TEST_STEP][PASSED] - for (org.openqa.selenium.Cookie currentCookie : cookieCollection): null

2020-06-05 23:16:49 - [TEST_STEP][PASSED] - cookieString += currentCookie.getName() + "=" + currentCookie.getValue() + "; ": null

2020-06-05 23:16:49 - [TEST_STEP][PASSED] - print(cookieString): null

2020-06-05 23:16:49 - [TEST_STEP][PASSED] - cookieString += currentCookie.getName() + "=" + currentCookie.getValue() + "; ": null

2020-06-05 23:16:49 - [TEST_STEP][PASSED] - print(cookieString): null

2020-06-05 23:16:49 - [TEST_STEP][PASSED] - cookieString += currentCookie.getName() + "=" + currentCookie.getValue() + "; ": null

2020-06-05 23:16:49 - [TEST_STEP][PASSED] - print(cookieString): null

2020-06-05 23:16:49 - [TEST_STEP][PASSED] - CloudCookies = cookieString: null

2020-06-05 23:16:49 - [TEST_STEP][PASSED] - closeBrowser(): Browser is closed

2020-06-05 23:16:50 - [MESSAGE][PASSED] - Browser is closed

2020-06-05 23:16:50 - [MESSAGE][PASSED] - Call Test Case 'Test Cases/TC_API/Login_SaveCookie' successfully

2020-06-05 23:16:50 - [TEST_STEP][PASSED] - response = sendRequest(findTestObject("API/ViewChannels", ["url":BaseUrl, "Cookie":CloudCookies, "ChannelID":ChannelID])): Send request successfully

2020-06-05 23:16:50 - [MESSAGE][INFO] - HAR: D:\katalon\hw2-katalon-testing\Reports\20200605_230523\Run_All_Test_Cases\20200605_230523\requests\main\10.har

2020-06-05 23:16:50 - [MESSAGE][PASSED] - Send request successfully

2020-06-05 23:16:50 - [TEST_STEP][PASSED] - verifyResponseStatusCode(response, 200): Verify response status code successfully

2020-06-05 23:16:50 - [MESSAGE][PASSED] - Verify response status code successfully]]></system-out>
         <system-err><![CDATA[]]></system-err>
      </testcase>
      <testcase name="Test Cases/TC_API/Forgot password" time="13.504" classname="Test Cases/TC_API/Forgot password" status="PASSED">
         <system-out><![CDATA[2020-06-05 23:16:50 - [TEST_CASE][PASSED] - Test Cases/TC_API/Forgot password: Test Cases/TC_API/Forgot password

2020-06-05 23:16:50 - [TEST_STEP][PASSED] - callTestCase(findTestCase("Test Cases/TC_API/Login_SaveCookie"), null): Call Test Case 'Test Cases/TC_API/Login_SaveCookie' successfully

2020-06-05 23:16:50 - [TEST_CASE][PASSED] - Test Cases/TC_API/Login_SaveCookie: Test Cases/TC_API/Login_SaveCookie

2020-06-05 23:16:50 - [TEST_STEP][PASSED] - openBrowser(BaseUrl): Browser is opened with url: 'http://192.168.1.10:8065'

2020-06-05 23:16:50 - [MESSAGE][INFO] - Starting 'Firefox' driver

2020-06-05 23:16:50 - [MESSAGE][INFO] - Action delay is set to 0 milliseconds

2020-06-05 23:16:54 - [MESSAGE][PASSED] - Browser is opened with url: 'http://192.168.1.10:8065'

2020-06-05 23:16:54 - [TEST_STEP][PASSED] - setText(findTestObject("Object Repository/API/MatterMost_page/input_All team communication in one place searchable and accessible anywhere_loginId"), loginId): Text 'tlvietdanh@gmail.com' is set on object 'Object Repository/API/MatterMost_page/input_All team communication in one place searchable and accessible anywhere_loginId'

2020-06-05 23:16:56 - [MESSAGE][PASSED] - Text 'tlvietdanh@gmail.com' is set on object 'Object Repository/API/MatterMost_page/input_All team communication in one place searchable and accessible anywhere_loginId'

2020-06-05 23:16:56 - [TEST_STEP][PASSED] - setMaskedText(findTestObject("Object Repository/API/MatterMost_page/input_All team communication in one place searchable and accessible anywhere_password"), Password): Text '********' is set on object 'Object Repository/API/MatterMost_page/input_All team communication in one place searchable and accessible anywhere_password'

2020-06-05 23:16:57 - [MESSAGE][PASSED] - Text '********' is set on object 'Object Repository/API/MatterMost_page/input_All team communication in one place searchable and accessible anywhere_password'

2020-06-05 23:16:57 - [TEST_STEP][PASSED] - submit(findTestObject("Object Repository/API/MatterMost_page/span_Sign in")): The form containing object: 'Object Repository/API/MatterMost_page/span_Sign in' is submitted

2020-06-05 23:16:57 - [MESSAGE][PASSED] - The form containing object: 'Object Repository/API/MatterMost_page/span_Sign in' is submitted

2020-06-05 23:16:57 - [TEST_STEP][PASSED] - delay(5): Delayed 5 second(s)

2020-06-05 23:17:02 - [MESSAGE][PASSED] - Delayed 5 second(s)

2020-06-05 23:17:02 - [TEST_STEP][PASSED] - titleWindow = getWindowTitle(): Current window's title is: 'Town Square - test4 Mattermost'

2020-06-05 23:17:02 - [MESSAGE][PASSED] - Current window's title is: 'Town Square - test4 Mattermost'

2020-06-05 23:17:02 - [TEST_STEP][PASSED] - driver = getWebDriver(): null

2020-06-05 23:17:02 - [TEST_STEP][PASSED] - cookieString = "": null

2020-06-05 23:17:02 - [TEST_STEP][PASSED] - cookieCollection = manage().getCookies(): null

2020-06-05 23:17:02 - [TEST_STEP][PASSED] - for (org.openqa.selenium.Cookie currentCookie : cookieCollection): null

2020-06-05 23:17:02 - [TEST_STEP][PASSED] - cookieString += currentCookie.getName() + "=" + currentCookie.getValue() + "; ": null

2020-06-05 23:17:02 - [TEST_STEP][PASSED] - print(cookieString): null

2020-06-05 23:17:02 - [TEST_STEP][PASSED] - cookieString += currentCookie.getName() + "=" + currentCookie.getValue() + "; ": null

2020-06-05 23:17:02 - [TEST_STEP][PASSED] - print(cookieString): null

2020-06-05 23:17:02 - [TEST_STEP][PASSED] - cookieString += currentCookie.getName() + "=" + currentCookie.getValue() + "; ": null

2020-06-05 23:17:02 - [TEST_STEP][PASSED] - print(cookieString): null

2020-06-05 23:17:02 - [TEST_STEP][PASSED] - CloudCookies = cookieString: null

2020-06-05 23:17:02 - [TEST_STEP][PASSED] - closeBrowser(): Browser is closed

2020-06-05 23:17:03 - [MESSAGE][PASSED] - Browser is closed

2020-06-05 23:17:03 - [MESSAGE][PASSED] - Call Test Case 'Test Cases/TC_API/Login_SaveCookie' successfully

2020-06-05 23:17:03 - [TEST_STEP][PASSED] - request = findTestObject("Object Repository/API/Forgot pass"): null

2020-06-05 23:17:03 - [TEST_STEP][PASSED] - json = new groovy.json.JsonBuilder(): null

2020-06-05 23:17:03 - [TEST_STEP][PASSED] - root = json.call(["email":username]): null

2020-06-05 23:17:03 - [TEST_STEP][PASSED] - println(json.toString()): null

2020-06-05 23:17:03 - [TEST_STEP][PASSED] - try: Verify response status code successfully

2020-06-05 23:17:03 - [TEST_STEP][PASSED] - request.setBodyContent(new com.kms.katalon.core.testobject.impl.HttpTextBodyContent(json.toString(), UTF-8, application/json)): null

2020-06-05 23:17:03 - [TEST_STEP][PASSED] - response = sendRequest(request): Send request successfully

2020-06-05 23:17:03 - [MESSAGE][INFO] - HAR: D:\katalon\hw2-katalon-testing\Reports\20200605_230523\Run_All_Test_Cases\20200605_230523\requests\main\11.har

2020-06-05 23:17:03 - [MESSAGE][PASSED] - Send request successfully

2020-06-05 23:17:03 - [TEST_STEP][PASSED] - println(response): null

2020-06-05 23:17:03 - [TEST_STEP][PASSED] - verifyResponseStatusCode(response, 200): Verify response status code successfully

2020-06-05 23:17:03 - [MESSAGE][PASSED] - Verify response status code successfully]]></system-out>
         <system-err><![CDATA[]]></system-err>
      </testcase>
      <testcase name="Test Cases/Channel/Remane_channel_error" time="13.369" classname="Test Cases/Channel/Remane_channel_error" status="PASSED">
         <system-out><![CDATA[2020-06-05 23:17:03 - [TEST_CASE][PASSED] - Test Cases/Channel/Remane_channel_error: Test Cases/Channel/Remane_channel_error

2020-06-05 23:17:03 - [TEST_STEP][PASSED] - Start setup action : Setup: Method 'Setup' complete successfully

2020-06-05 23:17:03 - [TEST_STEP][PASSED] - openBrowser("http://192.168.1.10:8065/login"): Browser is opened with url: 'http://192.168.1.10:8065/login'

2020-06-05 23:17:03 - [MESSAGE][INFO] - Starting 'Firefox' driver

2020-06-05 23:17:03 - [MESSAGE][INFO] - Action delay is set to 0 milliseconds

2020-06-05 23:17:08 - [MESSAGE][PASSED] - Browser is opened with url: 'http://192.168.1.10:8065/login'

2020-06-05 23:17:08 - [MESSAGE][PASSED] - Method 'Setup' complete successfully

2020-06-05 23:17:08 - [TEST_STEP][PASSED] - callTestCase(findTestCase("Test Cases/Login/login_function"), ["var_user":"tlvietdanh@gmail.com", "var_password":"13101998"], STOP_ON_FAILURE): Call Test Case 'Test Cases/Login/login_function' successfully

2020-06-05 23:17:08 - [TEST_CASE][PASSED] - Test Cases/Login/login_function: Test Cases/Login/login_function

2020-06-05 23:17:08 - [TEST_STEP][PASSED] - setText(findTestObject("Object Repository/Page_Mattermost_login/input_loginId"), var_user): Text 'tlvietdanh@gmail.com' is set on object 'Object Repository/Page_Mattermost_login/input_loginId'

2020-06-05 23:17:09 - [MESSAGE][PASSED] - Text 'tlvietdanh@gmail.com' is set on object 'Object Repository/Page_Mattermost_login/input_loginId'

2020-06-05 23:17:09 - [TEST_STEP][PASSED] - setText(findTestObject("Object Repository/Page_Mattermost_login/input_password"), var_password): Text '13101998' is set on object 'Object Repository/Page_Mattermost_login/input_password'

2020-06-05 23:17:10 - [MESSAGE][PASSED] - Text '13101998' is set on object 'Object Repository/Page_Mattermost_login/input_password'

2020-06-05 23:17:10 - [TEST_STEP][PASSED] - click(findTestObject("Object Repository/Page_Mattermost_login/span_Sign in")): Object: 'Object Repository/Page_Mattermost_login/span_Sign in' is clicked on

2020-06-05 23:17:11 - [MESSAGE][PASSED] - Object: 'Object Repository/Page_Mattermost_login/span_Sign in' is clicked on

2020-06-05 23:17:11 - [MESSAGE][PASSED] - Call Test Case 'Test Cases/Login/login_function' successfully

2020-06-05 23:17:11 - [TEST_STEP][PASSED] - waitForElementVisible(findTestObject("Object Repository/Rename_channel/span_Town Square"), 2): Object 'Object Repository/Rename_channel/span_Town Square' is visible

2020-06-05 23:17:12 - [MESSAGE][PASSED] - Object 'Object Repository/Rename_channel/span_Town Square' is visible

2020-06-05 23:17:12 - [TEST_STEP][PASSED] - url = getUrl().substring(7): Current window's url is: 'http://192.168.1.10:8065/test4/channels/town-square'

2020-06-05 23:17:12 - [MESSAGE][PASSED] - Current window's url is: 'http://192.168.1.10:8065/test4/channels/town-square'

2020-06-05 23:17:12 - [TEST_STEP][PASSED] - arr = url.split("/"): null

2020-06-05 23:17:12 - [TEST_STEP][PASSED] - arr[length - 1] = channel_url: null

2020-06-05 23:17:12 - [TEST_STEP][PASSED] - newUrl = "": null

2020-06-05 23:17:12 - [TEST_STEP][PASSED] - for ([i = 0, i < length, (i++)]): null

2020-06-05 23:17:12 - [TEST_STEP][PASSED] - newUrl += arr[i] + "/": null

2020-06-05 23:17:12 - [TEST_STEP][PASSED] - newUrl += arr[i] + "/": null

2020-06-05 23:17:12 - [TEST_STEP][PASSED] - newUrl += arr[i] + "/": null

2020-06-05 23:17:12 - [TEST_STEP][PASSED] - newUrl += arr[i] + "/": null

2020-06-05 23:17:12 - [TEST_STEP][PASSED] - printf(newUrl): null

2020-06-05 23:17:12 - [TEST_STEP][PASSED] - navigateToUrl("http://" + newUrl): Navigate to 'http://192.168.1.10:8065/test4/channels/test_name_1/' successfully

2020-06-05 23:17:13 - [MESSAGE][PASSED] - Navigate to 'http://192.168.1.10:8065/test4/channels/test_name_1/' successfully

2020-06-05 23:17:13 - [TEST_STEP][PASSED] - if (verifyElementPresent(findTestObject("Object Repository/Rename_channel/span_Town Square"), 1, OPTIONAL)): com.kms.katalon.core.webui.exception.WebElementNotFoundException: Web element with id: 'Object Repository/Rename_channel/span_Town Square' located by 'By.xpath: //strong[@id='channelHeaderTitle']/span' not found (Root cause: com.kms.katalon.core.exception.StepFailedException: com.kms.katalon.core.webui.exception.WebElementNotFoundException: Web element with id: 'Object Repository/Rename_channel/span_Town Square' located by 'By.xpath: //strong[@id='channelHeaderTitle']/span' not found
	at com.kms.katalon.core.webui.keyword.internal.WebUIKeywordMain.stepFailed(WebUIKeywordMain.groovy:64)
	at com.kms.katalon.core.webui.keyword.builtin.VerifyElementPresentKeyword$_verifyElementPresent_closure1.doCall(VerifyElementPresentKeyword.groovy:85)
	at com.kms.katalon.core.webui.keyword.builtin.VerifyElementPresentKeyword$_verifyElementPresent_closure1.call(VerifyElementPresentKeyword.groovy)
	at com.kms.katalon.core.webui.keyword.internal.WebUIKeywordMain.runKeyword(WebUIKeywordMain.groovy:20)
	at com.kms.katalon.core.webui.keyword.builtin.VerifyElementPresentKeyword.verifyElementPresent(VerifyElementPresentKeyword.groovy:92)
	at com.kms.katalon.core.webui.keyword.builtin.VerifyElementPresentKeyword.execute(VerifyElementPresentKeyword.groovy:68)
	at com.kms.katalon.core.keyword.internal.KeywordExecutor.executeKeywordForPlatform(KeywordExecutor.groovy:72)
	at com.kms.katalon.core.webui.keyword.WebUiBuiltInKeywords.verifyElementPresent(WebUiBuiltInKeywords.groovy:1444)
	at com.kms.katalon.core.webui.keyword.WebUiBuiltInKeywords$verifyElementPresent$6.call(Unknown Source)
	at Remane_channel_error.run(Remane_channel_error:66)
	at com.kms.katalon.core.main.ScriptEngine.run(ScriptEngine.java:194)
	at com.kms.katalon.core.main.ScriptEngine.runScriptAsRawText(ScriptEngine.java:119)
	at com.kms.katalon.core.main.TestCaseExecutor.runScript(TestCaseExecutor.java:337)
	at com.kms.katalon.core.main.TestCaseExecutor.doExecute(TestCaseExecutor.java:328)
	at com.kms.katalon.core.main.TestCaseExecutor.processExecutionPhase(TestCaseExecutor.java:307)
	at com.kms.katalon.core.main.TestCaseExecutor.accessMainPhase(TestCaseExecutor.java:299)
	at com.kms.katalon.core.main.TestCaseExecutor.execute(TestCaseExecutor.java:233)
	at com.kms.katalon.core.main.TestSuiteExecutor.accessTestCaseMainPhase(TestSuiteExecutor.java:169)
	at com.kms.katalon.core.main.TestSuiteExecutor.accessTestSuiteMainPhase(TestSuiteExecutor.java:142)
	at com.kms.katalon.core.main.TestSuiteExecutor.execute(TestSuiteExecutor.java:91)
	at com.kms.katalon.core.main.TestCaseMain.startTestSuite(TestCaseMain.java:157)
	at com.kms.katalon.core.main.TestCaseMain$startTestSuite$0.call(Unknown Source)
	at TempTestSuite1591373123859.run(TempTestSuite1591373123859.groovy:37)
)

2020-06-05 23:17:16 - [MESSAGE][INFO] - Unable to find the element located by 'By.xpath: //strong[@id='channelHeaderTitle']/span'. Please recheck the objects properties to make sure the desired element is located. 

2020-06-05 23:17:16 - [MESSAGE][WARNING] - com.kms.katalon.core.webui.exception.WebElementNotFoundException: Web element with id: 'Object Repository/Rename_channel/span_Town Square' located by 'By.xpath: //strong[@id='channelHeaderTitle']/span' not found (Root cause: com.kms.katalon.core.exception.StepFailedException: com.kms.katalon.core.webui.exception.WebElementNotFoundException: Web element with id: 'Object Repository/Rename_channel/span_Town Square' located by 'By.xpath: //strong[@id='channelHeaderTitle']/span' not found
	at com.kms.katalon.core.webui.keyword.internal.WebUIKeywordMain.stepFailed(WebUIKeywordMain.groovy:64)
	at com.kms.katalon.core.webui.keyword.builtin.VerifyElementPresentKeyword$_verifyElementPresent_closure1.doCall(VerifyElementPresentKeyword.groovy:85)
	at com.kms.katalon.core.webui.keyword.builtin.VerifyElementPresentKeyword$_verifyElementPresent_closure1.call(VerifyElementPresentKeyword.groovy)
	at com.kms.katalon.core.webui.keyword.internal.WebUIKeywordMain.runKeyword(WebUIKeywordMain.groovy:20)
	at com.kms.katalon.core.webui.keyword.builtin.VerifyElementPresentKeyword.verifyElementPresent(VerifyElementPresentKeyword.groovy:92)
	at com.kms.katalon.core.webui.keyword.builtin.VerifyElementPresentKeyword.execute(VerifyElementPresentKeyword.groovy:68)
	at com.kms.katalon.core.keyword.internal.KeywordExecutor.executeKeywordForPlatform(KeywordExecutor.groovy:72)
	at com.kms.katalon.core.webui.keyword.WebUiBuiltInKeywords.verifyElementPresent(WebUiBuiltInKeywords.groovy:1444)
	at com.kms.katalon.core.webui.keyword.WebUiBuiltInKeywords$verifyElementPresent$6.call(Unknown Source)
	at Remane_channel_error.run(Remane_channel_error:66)
	at com.kms.katalon.core.main.ScriptEngine.run(ScriptEngine.java:194)
	at com.kms.katalon.core.main.ScriptEngine.runScriptAsRawText(ScriptEngine.java:119)
	at com.kms.katalon.core.main.TestCaseExecutor.runScript(TestCaseExecutor.java:337)
	at com.kms.katalon.core.main.TestCaseExecutor.doExecute(TestCaseExecutor.java:328)
	at com.kms.katalon.core.main.TestCaseExecutor.processExecutionPhase(TestCaseExecutor.java:307)
	at com.kms.katalon.core.main.TestCaseExecutor.accessMainPhase(TestCaseExecutor.java:299)
	at com.kms.katalon.core.main.TestCaseExecutor.execute(TestCaseExecutor.java:233)
	at com.kms.katalon.core.main.TestSuiteExecutor.accessTestCaseMainPhase(TestSuiteExecutor.java:169)
	at com.kms.katalon.core.main.TestSuiteExecutor.accessTestSuiteMainPhase(TestSuiteExecutor.java:142)
	at com.kms.katalon.core.main.TestSuiteExecutor.execute(TestSuiteExecutor.java:91)
	at com.kms.katalon.core.main.TestCaseMain.startTestSuite(TestCaseMain.java:157)
	at com.kms.katalon.core.main.TestCaseMain$startTestSuite$0.call(Unknown Source)
	at TempTestSuite1591373123859.run(TempTestSuite1591373123859.groovy:37)
)
[[ATTACHMENT|D:\\katalon\\hw2-katalon-testing\\Reports\\20200605_230523\\Run_All_Test_Cases\\20200605_230523\\1591373836043.png]]

2020-06-05 23:17:16 - [TEST_STEP][PASSED] - Start tear down : Teardown: Method 'Teardown' complete successfully

2020-06-05 23:17:16 - [TEST_STEP][PASSED] - closeBrowser(): Browser is closed

2020-06-05 23:17:17 - [MESSAGE][PASSED] - Browser is closed

2020-06-05 23:17:17 - [MESSAGE][PASSED] - Method 'Teardown' complete successfully]]></system-out>
         <system-err><![CDATA[]]></system-err>
      </testcase>
      <testcase name="Test Cases/Channel/Remane_channel_error" time="13.081" classname="Test Cases/Channel/Remane_channel_error" status="PASSED">
         <system-out><![CDATA[2020-06-05 23:17:17 - [TEST_CASE][PASSED] - Test Cases/Channel/Remane_channel_error: Test Cases/Channel/Remane_channel_error

2020-06-05 23:17:17 - [TEST_STEP][PASSED] - Start setup action : Setup: Method 'Setup' complete successfully

2020-06-05 23:17:17 - [TEST_STEP][PASSED] - openBrowser("http://192.168.1.10:8065/login"): Browser is opened with url: 'http://192.168.1.10:8065/login'

2020-06-05 23:17:17 - [MESSAGE][INFO] - Starting 'Firefox' driver

2020-06-05 23:17:17 - [MESSAGE][INFO] - Action delay is set to 0 milliseconds

2020-06-05 23:17:21 - [MESSAGE][PASSED] - Browser is opened with url: 'http://192.168.1.10:8065/login'

2020-06-05 23:17:21 - [MESSAGE][PASSED] - Method 'Setup' complete successfully

2020-06-05 23:17:21 - [TEST_STEP][PASSED] - callTestCase(findTestCase("Test Cases/Login/login_function"), ["var_user":"tlvietdanh@gmail.com", "var_password":"13101998"], STOP_ON_FAILURE): Call Test Case 'Test Cases/Login/login_function' successfully

2020-06-05 23:17:21 - [TEST_CASE][PASSED] - Test Cases/Login/login_function: Test Cases/Login/login_function

2020-06-05 23:17:21 - [TEST_STEP][PASSED] - setText(findTestObject("Object Repository/Page_Mattermost_login/input_loginId"), var_user): Text 'tlvietdanh@gmail.com' is set on object 'Object Repository/Page_Mattermost_login/input_loginId'

2020-06-05 23:17:22 - [MESSAGE][PASSED] - Text 'tlvietdanh@gmail.com' is set on object 'Object Repository/Page_Mattermost_login/input_loginId'

2020-06-05 23:17:22 - [TEST_STEP][PASSED] - setText(findTestObject("Object Repository/Page_Mattermost_login/input_password"), var_password): Text '13101998' is set on object 'Object Repository/Page_Mattermost_login/input_password'

2020-06-05 23:17:23 - [MESSAGE][PASSED] - Text '13101998' is set on object 'Object Repository/Page_Mattermost_login/input_password'

2020-06-05 23:17:23 - [TEST_STEP][PASSED] - click(findTestObject("Object Repository/Page_Mattermost_login/span_Sign in")): Object: 'Object Repository/Page_Mattermost_login/span_Sign in' is clicked on

2020-06-05 23:17:24 - [MESSAGE][PASSED] - Object: 'Object Repository/Page_Mattermost_login/span_Sign in' is clicked on

2020-06-05 23:17:24 - [MESSAGE][PASSED] - Call Test Case 'Test Cases/Login/login_function' successfully

2020-06-05 23:17:24 - [TEST_STEP][PASSED] - waitForElementVisible(findTestObject("Object Repository/Rename_channel/span_Town Square"), 2): Object 'Object Repository/Rename_channel/span_Town Square' is visible

2020-06-05 23:17:25 - [MESSAGE][PASSED] - Object 'Object Repository/Rename_channel/span_Town Square' is visible

2020-06-05 23:17:25 - [TEST_STEP][PASSED] - url = getUrl().substring(7): Current window's url is: 'http://192.168.1.10:8065/test4/channels/town-square'

2020-06-05 23:17:25 - [MESSAGE][PASSED] - Current window's url is: 'http://192.168.1.10:8065/test4/channels/town-square'

2020-06-05 23:17:25 - [TEST_STEP][PASSED] - arr = url.split("/"): null

2020-06-05 23:17:25 - [TEST_STEP][PASSED] - arr[length - 1] = channel_url: null

2020-06-05 23:17:25 - [TEST_STEP][PASSED] - newUrl = "": null

2020-06-05 23:17:25 - [TEST_STEP][PASSED] - for ([i = 0, i < length, (i++)]): null

2020-06-05 23:17:25 - [TEST_STEP][PASSED] - newUrl += arr[i] + "/": null

2020-06-05 23:17:25 - [TEST_STEP][PASSED] - newUrl += arr[i] + "/": null

2020-06-05 23:17:25 - [TEST_STEP][PASSED] - newUrl += arr[i] + "/": null

2020-06-05 23:17:25 - [TEST_STEP][PASSED] - newUrl += arr[i] + "/": null

2020-06-05 23:17:25 - [TEST_STEP][PASSED] - printf(newUrl): null

2020-06-05 23:17:25 - [TEST_STEP][PASSED] - navigateToUrl("http://" + newUrl): Navigate to 'http://192.168.1.10:8065/test4/channels/test_name_2/' successfully

2020-06-05 23:17:26 - [MESSAGE][PASSED] - Navigate to 'http://192.168.1.10:8065/test4/channels/test_name_2/' successfully

2020-06-05 23:17:26 - [TEST_STEP][PASSED] - if (verifyElementPresent(findTestObject("Object Repository/Rename_channel/span_Town Square"), 1, OPTIONAL)): com.kms.katalon.core.webui.exception.WebElementNotFoundException: Web element with id: 'Object Repository/Rename_channel/span_Town Square' located by 'By.xpath: //strong[@id='channelHeaderTitle']/span' not found (Root cause: com.kms.katalon.core.exception.StepFailedException: com.kms.katalon.core.webui.exception.WebElementNotFoundException: Web element with id: 'Object Repository/Rename_channel/span_Town Square' located by 'By.xpath: //strong[@id='channelHeaderTitle']/span' not found
	at com.kms.katalon.core.webui.keyword.internal.WebUIKeywordMain.stepFailed(WebUIKeywordMain.groovy:64)
	at com.kms.katalon.core.webui.keyword.builtin.VerifyElementPresentKeyword$_verifyElementPresent_closure1.doCall(VerifyElementPresentKeyword.groovy:85)
	at com.kms.katalon.core.webui.keyword.builtin.VerifyElementPresentKeyword$_verifyElementPresent_closure1.call(VerifyElementPresentKeyword.groovy)
	at com.kms.katalon.core.webui.keyword.internal.WebUIKeywordMain.runKeyword(WebUIKeywordMain.groovy:20)
	at com.kms.katalon.core.webui.keyword.builtin.VerifyElementPresentKeyword.verifyElementPresent(VerifyElementPresentKeyword.groovy:92)
	at com.kms.katalon.core.webui.keyword.builtin.VerifyElementPresentKeyword.execute(VerifyElementPresentKeyword.groovy:68)
	at com.kms.katalon.core.keyword.internal.KeywordExecutor.executeKeywordForPlatform(KeywordExecutor.groovy:72)
	at com.kms.katalon.core.webui.keyword.WebUiBuiltInKeywords.verifyElementPresent(WebUiBuiltInKeywords.groovy:1444)
	at com.kms.katalon.core.webui.keyword.WebUiBuiltInKeywords$verifyElementPresent$6.call(Unknown Source)
	at Remane_channel_error.run(Remane_channel_error:66)
	at com.kms.katalon.core.main.ScriptEngine.run(ScriptEngine.java:194)
	at com.kms.katalon.core.main.ScriptEngine.runScriptAsRawText(ScriptEngine.java:119)
	at com.kms.katalon.core.main.TestCaseExecutor.runScript(TestCaseExecutor.java:337)
	at com.kms.katalon.core.main.TestCaseExecutor.doExecute(TestCaseExecutor.java:328)
	at com.kms.katalon.core.main.TestCaseExecutor.processExecutionPhase(TestCaseExecutor.java:307)
	at com.kms.katalon.core.main.TestCaseExecutor.accessMainPhase(TestCaseExecutor.java:299)
	at com.kms.katalon.core.main.TestCaseExecutor.execute(TestCaseExecutor.java:233)
	at com.kms.katalon.core.main.TestSuiteExecutor.accessTestCaseMainPhase(TestSuiteExecutor.java:169)
	at com.kms.katalon.core.main.TestSuiteExecutor.accessTestSuiteMainPhase(TestSuiteExecutor.java:142)
	at com.kms.katalon.core.main.TestSuiteExecutor.execute(TestSuiteExecutor.java:91)
	at com.kms.katalon.core.main.TestCaseMain.startTestSuite(TestCaseMain.java:157)
	at com.kms.katalon.core.main.TestCaseMain$startTestSuite$0.call(Unknown Source)
	at TempTestSuite1591373123859.run(TempTestSuite1591373123859.groovy:37)
)

2020-06-05 23:17:28 - [MESSAGE][INFO] - Unable to find the element located by 'By.xpath: //strong[@id='channelHeaderTitle']/span'. Please recheck the objects properties to make sure the desired element is located. 

2020-06-05 23:17:28 - [MESSAGE][WARNING] - com.kms.katalon.core.webui.exception.WebElementNotFoundException: Web element with id: 'Object Repository/Rename_channel/span_Town Square' located by 'By.xpath: //strong[@id='channelHeaderTitle']/span' not found (Root cause: com.kms.katalon.core.exception.StepFailedException: com.kms.katalon.core.webui.exception.WebElementNotFoundException: Web element with id: 'Object Repository/Rename_channel/span_Town Square' located by 'By.xpath: //strong[@id='channelHeaderTitle']/span' not found
	at com.kms.katalon.core.webui.keyword.internal.WebUIKeywordMain.stepFailed(WebUIKeywordMain.groovy:64)
	at com.kms.katalon.core.webui.keyword.builtin.VerifyElementPresentKeyword$_verifyElementPresent_closure1.doCall(VerifyElementPresentKeyword.groovy:85)
	at com.kms.katalon.core.webui.keyword.builtin.VerifyElementPresentKeyword$_verifyElementPresent_closure1.call(VerifyElementPresentKeyword.groovy)
	at com.kms.katalon.core.webui.keyword.internal.WebUIKeywordMain.runKeyword(WebUIKeywordMain.groovy:20)
	at com.kms.katalon.core.webui.keyword.builtin.VerifyElementPresentKeyword.verifyElementPresent(VerifyElementPresentKeyword.groovy:92)
	at com.kms.katalon.core.webui.keyword.builtin.VerifyElementPresentKeyword.execute(VerifyElementPresentKeyword.groovy:68)
	at com.kms.katalon.core.keyword.internal.KeywordExecutor.executeKeywordForPlatform(KeywordExecutor.groovy:72)
	at com.kms.katalon.core.webui.keyword.WebUiBuiltInKeywords.verifyElementPresent(WebUiBuiltInKeywords.groovy:1444)
	at com.kms.katalon.core.webui.keyword.WebUiBuiltInKeywords$verifyElementPresent$6.call(Unknown Source)
	at Remane_channel_error.run(Remane_channel_error:66)
	at com.kms.katalon.core.main.ScriptEngine.run(ScriptEngine.java:194)
	at com.kms.katalon.core.main.ScriptEngine.runScriptAsRawText(ScriptEngine.java:119)
	at com.kms.katalon.core.main.TestCaseExecutor.runScript(TestCaseExecutor.java:337)
	at com.kms.katalon.core.main.TestCaseExecutor.doExecute(TestCaseExecutor.java:328)
	at com.kms.katalon.core.main.TestCaseExecutor.processExecutionPhase(TestCaseExecutor.java:307)
	at com.kms.katalon.core.main.TestCaseExecutor.accessMainPhase(TestCaseExecutor.java:299)
	at com.kms.katalon.core.main.TestCaseExecutor.execute(TestCaseExecutor.java:233)
	at com.kms.katalon.core.main.TestSuiteExecutor.accessTestCaseMainPhase(TestSuiteExecutor.java:169)
	at com.kms.katalon.core.main.TestSuiteExecutor.accessTestSuiteMainPhase(TestSuiteExecutor.java:142)
	at com.kms.katalon.core.main.TestSuiteExecutor.execute(TestSuiteExecutor.java:91)
	at com.kms.katalon.core.main.TestCaseMain.startTestSuite(TestCaseMain.java:157)
	at com.kms.katalon.core.main.TestCaseMain$startTestSuite$0.call(Unknown Source)
	at TempTestSuite1591373123859.run(TempTestSuite1591373123859.groovy:37)
)
[[ATTACHMENT|D:\\katalon\\hw2-katalon-testing\\Reports\\20200605_230523\\Run_All_Test_Cases\\20200605_230523\\1591373848808.png]]

2020-06-05 23:17:28 - [TEST_STEP][PASSED] - Start tear down : Teardown: Method 'Teardown' complete successfully

2020-06-05 23:17:28 - [TEST_STEP][PASSED] - closeBrowser(): Browser is closed

2020-06-05 23:17:30 - [MESSAGE][PASSED] - Browser is closed

2020-06-05 23:17:30 - [MESSAGE][PASSED] - Method 'Teardown' complete successfully]]></system-out>
         <system-err><![CDATA[]]></system-err>
      </testcase>
      <testcase name="Test Cases/Channel/Remane_channel_error" time="13.431" classname="Test Cases/Channel/Remane_channel_error" status="PASSED">
         <system-out><![CDATA[2020-06-05 23:17:30 - [TEST_CASE][PASSED] - Test Cases/Channel/Remane_channel_error: Test Cases/Channel/Remane_channel_error

2020-06-05 23:17:30 - [TEST_STEP][PASSED] - Start setup action : Setup: Method 'Setup' complete successfully

2020-06-05 23:17:30 - [TEST_STEP][PASSED] - openBrowser("http://192.168.1.10:8065/login"): Browser is opened with url: 'http://192.168.1.10:8065/login'

2020-06-05 23:17:30 - [MESSAGE][INFO] - Starting 'Firefox' driver

2020-06-05 23:17:30 - [MESSAGE][INFO] - Action delay is set to 0 milliseconds

2020-06-05 23:17:34 - [MESSAGE][PASSED] - Browser is opened with url: 'http://192.168.1.10:8065/login'

2020-06-05 23:17:34 - [MESSAGE][PASSED] - Method 'Setup' complete successfully

2020-06-05 23:17:34 - [TEST_STEP][PASSED] - callTestCase(findTestCase("Test Cases/Login/login_function"), ["var_user":"tlvietdanh@gmail.com", "var_password":"13101998"], STOP_ON_FAILURE): Call Test Case 'Test Cases/Login/login_function' successfully

2020-06-05 23:17:34 - [TEST_CASE][PASSED] - Test Cases/Login/login_function: Test Cases/Login/login_function

2020-06-05 23:17:34 - [TEST_STEP][PASSED] - setText(findTestObject("Object Repository/Page_Mattermost_login/input_loginId"), var_user): Text 'tlvietdanh@gmail.com' is set on object 'Object Repository/Page_Mattermost_login/input_loginId'

2020-06-05 23:17:36 - [MESSAGE][PASSED] - Text 'tlvietdanh@gmail.com' is set on object 'Object Repository/Page_Mattermost_login/input_loginId'

2020-06-05 23:17:36 - [TEST_STEP][PASSED] - setText(findTestObject("Object Repository/Page_Mattermost_login/input_password"), var_password): Text '13101998' is set on object 'Object Repository/Page_Mattermost_login/input_password'

2020-06-05 23:17:37 - [MESSAGE][PASSED] - Text '13101998' is set on object 'Object Repository/Page_Mattermost_login/input_password'

2020-06-05 23:17:37 - [TEST_STEP][PASSED] - click(findTestObject("Object Repository/Page_Mattermost_login/span_Sign in")): Object: 'Object Repository/Page_Mattermost_login/span_Sign in' is clicked on

2020-06-05 23:17:37 - [MESSAGE][PASSED] - Object: 'Object Repository/Page_Mattermost_login/span_Sign in' is clicked on

2020-06-05 23:17:37 - [MESSAGE][PASSED] - Call Test Case 'Test Cases/Login/login_function' successfully

2020-06-05 23:17:37 - [TEST_STEP][PASSED] - waitForElementVisible(findTestObject("Object Repository/Rename_channel/span_Town Square"), 2): Object 'Object Repository/Rename_channel/span_Town Square' is visible

2020-06-05 23:17:39 - [MESSAGE][PASSED] - Object 'Object Repository/Rename_channel/span_Town Square' is visible

2020-06-05 23:17:39 - [TEST_STEP][PASSED] - url = getUrl().substring(7): Current window's url is: 'http://192.168.1.10:8065/test4/channels/town-square'

2020-06-05 23:17:39 - [MESSAGE][PASSED] - Current window's url is: 'http://192.168.1.10:8065/test4/channels/town-square'

2020-06-05 23:17:39 - [TEST_STEP][PASSED] - arr = url.split("/"): null

2020-06-05 23:17:39 - [TEST_STEP][PASSED] - arr[length - 1] = channel_url: null

2020-06-05 23:17:39 - [TEST_STEP][PASSED] - newUrl = "": null

2020-06-05 23:17:39 - [TEST_STEP][PASSED] - for ([i = 0, i < length, (i++)]): null

2020-06-05 23:17:39 - [TEST_STEP][PASSED] - newUrl += arr[i] + "/": null

2020-06-05 23:17:39 - [TEST_STEP][PASSED] - newUrl += arr[i] + "/": null

2020-06-05 23:17:39 - [TEST_STEP][PASSED] - newUrl += arr[i] + "/": null

2020-06-05 23:17:39 - [TEST_STEP][PASSED] - newUrl += arr[i] + "/": null

2020-06-05 23:17:39 - [TEST_STEP][PASSED] - printf(newUrl): null

2020-06-05 23:17:39 - [TEST_STEP][PASSED] - navigateToUrl("http://" + newUrl): Navigate to 'http://192.168.1.10:8065/test4/channels/test_name_3/' successfully

2020-06-05 23:17:40 - [MESSAGE][PASSED] - Navigate to 'http://192.168.1.10:8065/test4/channels/test_name_3/' successfully

2020-06-05 23:17:40 - [TEST_STEP][PASSED] - if (verifyElementPresent(findTestObject("Object Repository/Rename_channel/span_Town Square"), 1, OPTIONAL)): com.kms.katalon.core.webui.exception.WebElementNotFoundException: Web element with id: 'Object Repository/Rename_channel/span_Town Square' located by 'By.xpath: //strong[@id='channelHeaderTitle']/span' not found (Root cause: com.kms.katalon.core.exception.StepFailedException: com.kms.katalon.core.webui.exception.WebElementNotFoundException: Web element with id: 'Object Repository/Rename_channel/span_Town Square' located by 'By.xpath: //strong[@id='channelHeaderTitle']/span' not found
	at com.kms.katalon.core.webui.keyword.internal.WebUIKeywordMain.stepFailed(WebUIKeywordMain.groovy:64)
	at com.kms.katalon.core.webui.keyword.builtin.VerifyElementPresentKeyword$_verifyElementPresent_closure1.doCall(VerifyElementPresentKeyword.groovy:85)
	at com.kms.katalon.core.webui.keyword.builtin.VerifyElementPresentKeyword$_verifyElementPresent_closure1.call(VerifyElementPresentKeyword.groovy)
	at com.kms.katalon.core.webui.keyword.internal.WebUIKeywordMain.runKeyword(WebUIKeywordMain.groovy:20)
	at com.kms.katalon.core.webui.keyword.builtin.VerifyElementPresentKeyword.verifyElementPresent(VerifyElementPresentKeyword.groovy:92)
	at com.kms.katalon.core.webui.keyword.builtin.VerifyElementPresentKeyword.execute(VerifyElementPresentKeyword.groovy:68)
	at com.kms.katalon.core.keyword.internal.KeywordExecutor.executeKeywordForPlatform(KeywordExecutor.groovy:72)
	at com.kms.katalon.core.webui.keyword.WebUiBuiltInKeywords.verifyElementPresent(WebUiBuiltInKeywords.groovy:1444)
	at com.kms.katalon.core.webui.keyword.WebUiBuiltInKeywords$verifyElementPresent$6.call(Unknown Source)
	at Remane_channel_error.run(Remane_channel_error:66)
	at com.kms.katalon.core.main.ScriptEngine.run(ScriptEngine.java:194)
	at com.kms.katalon.core.main.ScriptEngine.runScriptAsRawText(ScriptEngine.java:119)
	at com.kms.katalon.core.main.TestCaseExecutor.runScript(TestCaseExecutor.java:337)
	at com.kms.katalon.core.main.TestCaseExecutor.doExecute(TestCaseExecutor.java:328)
	at com.kms.katalon.core.main.TestCaseExecutor.processExecutionPhase(TestCaseExecutor.java:307)
	at com.kms.katalon.core.main.TestCaseExecutor.accessMainPhase(TestCaseExecutor.java:299)
	at com.kms.katalon.core.main.TestCaseExecutor.execute(TestCaseExecutor.java:233)
	at com.kms.katalon.core.main.TestSuiteExecutor.accessTestCaseMainPhase(TestSuiteExecutor.java:169)
	at com.kms.katalon.core.main.TestSuiteExecutor.accessTestSuiteMainPhase(TestSuiteExecutor.java:142)
	at com.kms.katalon.core.main.TestSuiteExecutor.execute(TestSuiteExecutor.java:91)
	at com.kms.katalon.core.main.TestCaseMain.startTestSuite(TestCaseMain.java:157)
	at com.kms.katalon.core.main.TestCaseMain$startTestSuite$0.call(Unknown Source)
	at TempTestSuite1591373123859.run(TempTestSuite1591373123859.groovy:37)
)

2020-06-05 23:17:42 - [MESSAGE][INFO] - Unable to find the element located by 'By.xpath: //strong[@id='channelHeaderTitle']/span'. Please recheck the objects properties to make sure the desired element is located. 

2020-06-05 23:17:42 - [MESSAGE][WARNING] - com.kms.katalon.core.webui.exception.WebElementNotFoundException: Web element with id: 'Object Repository/Rename_channel/span_Town Square' located by 'By.xpath: //strong[@id='channelHeaderTitle']/span' not found (Root cause: com.kms.katalon.core.exception.StepFailedException: com.kms.katalon.core.webui.exception.WebElementNotFoundException: Web element with id: 'Object Repository/Rename_channel/span_Town Square' located by 'By.xpath: //strong[@id='channelHeaderTitle']/span' not found
	at com.kms.katalon.core.webui.keyword.internal.WebUIKeywordMain.stepFailed(WebUIKeywordMain.groovy:64)
	at com.kms.katalon.core.webui.keyword.builtin.VerifyElementPresentKeyword$_verifyElementPresent_closure1.doCall(VerifyElementPresentKeyword.groovy:85)
	at com.kms.katalon.core.webui.keyword.builtin.VerifyElementPresentKeyword$_verifyElementPresent_closure1.call(VerifyElementPresentKeyword.groovy)
	at com.kms.katalon.core.webui.keyword.internal.WebUIKeywordMain.runKeyword(WebUIKeywordMain.groovy:20)
	at com.kms.katalon.core.webui.keyword.builtin.VerifyElementPresentKeyword.verifyElementPresent(VerifyElementPresentKeyword.groovy:92)
	at com.kms.katalon.core.webui.keyword.builtin.VerifyElementPresentKeyword.execute(VerifyElementPresentKeyword.groovy:68)
	at com.kms.katalon.core.keyword.internal.KeywordExecutor.executeKeywordForPlatform(KeywordExecutor.groovy:72)
	at com.kms.katalon.core.webui.keyword.WebUiBuiltInKeywords.verifyElementPresent(WebUiBuiltInKeywords.groovy:1444)
	at com.kms.katalon.core.webui.keyword.WebUiBuiltInKeywords$verifyElementPresent$6.call(Unknown Source)
	at Remane_channel_error.run(Remane_channel_error:66)
	at com.kms.katalon.core.main.ScriptEngine.run(ScriptEngine.java:194)
	at com.kms.katalon.core.main.ScriptEngine.runScriptAsRawText(ScriptEngine.java:119)
	at com.kms.katalon.core.main.TestCaseExecutor.runScript(TestCaseExecutor.java:337)
	at com.kms.katalon.core.main.TestCaseExecutor.doExecute(TestCaseExecutor.java:328)
	at com.kms.katalon.core.main.TestCaseExecutor.processExecutionPhase(TestCaseExecutor.java:307)
	at com.kms.katalon.core.main.TestCaseExecutor.accessMainPhase(TestCaseExecutor.java:299)
	at com.kms.katalon.core.main.TestCaseExecutor.execute(TestCaseExecutor.java:233)
	at com.kms.katalon.core.main.TestSuiteExecutor.accessTestCaseMainPhase(TestSuiteExecutor.java:169)
	at com.kms.katalon.core.main.TestSuiteExecutor.accessTestSuiteMainPhase(TestSuiteExecutor.java:142)
	at com.kms.katalon.core.main.TestSuiteExecutor.execute(TestSuiteExecutor.java:91)
	at com.kms.katalon.core.main.TestCaseMain.startTestSuite(TestCaseMain.java:157)
	at com.kms.katalon.core.main.TestCaseMain$startTestSuite$0.call(Unknown Source)
	at TempTestSuite1591373123859.run(TempTestSuite1591373123859.groovy:37)
)
[[ATTACHMENT|D:\\katalon\\hw2-katalon-testing\\Reports\\20200605_230523\\Run_All_Test_Cases\\20200605_230523\\1591373862430.png]]

2020-06-05 23:17:42 - [TEST_STEP][PASSED] - Start tear down : Teardown: Method 'Teardown' complete successfully

2020-06-05 23:17:42 - [TEST_STEP][PASSED] - closeBrowser(): Browser is closed

2020-06-05 23:17:43 - [MESSAGE][PASSED] - Browser is closed

2020-06-05 23:17:43 - [MESSAGE][PASSED] - Method 'Teardown' complete successfully]]></system-out>
         <system-err><![CDATA[]]></system-err>
      </testcase>
      <testcase name="Test Cases/Channel/Remane_channel_error" time="13.951" classname="Test Cases/Channel/Remane_channel_error" status="PASSED">
         <system-out><![CDATA[2020-06-05 23:17:43 - [TEST_CASE][PASSED] - Test Cases/Channel/Remane_channel_error: Test Cases/Channel/Remane_channel_error

2020-06-05 23:17:43 - [TEST_STEP][PASSED] - Start setup action : Setup: Method 'Setup' complete successfully

2020-06-05 23:17:43 - [TEST_STEP][PASSED] - openBrowser("http://192.168.1.10:8065/login"): Browser is opened with url: 'http://192.168.1.10:8065/login'

2020-06-05 23:17:43 - [MESSAGE][INFO] - Starting 'Firefox' driver

2020-06-05 23:17:43 - [MESSAGE][INFO] - Action delay is set to 0 milliseconds

2020-06-05 23:17:48 - [MESSAGE][PASSED] - Browser is opened with url: 'http://192.168.1.10:8065/login'

2020-06-05 23:17:48 - [MESSAGE][PASSED] - Method 'Setup' complete successfully

2020-06-05 23:17:48 - [TEST_STEP][PASSED] - callTestCase(findTestCase("Test Cases/Login/login_function"), ["var_user":"tlvietdanh@gmail.com", "var_password":"13101998"], STOP_ON_FAILURE): Call Test Case 'Test Cases/Login/login_function' successfully

2020-06-05 23:17:48 - [TEST_CASE][PASSED] - Test Cases/Login/login_function: Test Cases/Login/login_function

2020-06-05 23:17:48 - [TEST_STEP][PASSED] - setText(findTestObject("Object Repository/Page_Mattermost_login/input_loginId"), var_user): Text 'tlvietdanh@gmail.com' is set on object 'Object Repository/Page_Mattermost_login/input_loginId'

2020-06-05 23:17:49 - [MESSAGE][PASSED] - Text 'tlvietdanh@gmail.com' is set on object 'Object Repository/Page_Mattermost_login/input_loginId'

2020-06-05 23:17:49 - [TEST_STEP][PASSED] - setText(findTestObject("Object Repository/Page_Mattermost_login/input_password"), var_password): Text '13101998' is set on object 'Object Repository/Page_Mattermost_login/input_password'

2020-06-05 23:17:50 - [MESSAGE][PASSED] - Text '13101998' is set on object 'Object Repository/Page_Mattermost_login/input_password'

2020-06-05 23:17:50 - [TEST_STEP][PASSED] - click(findTestObject("Object Repository/Page_Mattermost_login/span_Sign in")): Object: 'Object Repository/Page_Mattermost_login/span_Sign in' is clicked on

2020-06-05 23:17:51 - [MESSAGE][PASSED] - Object: 'Object Repository/Page_Mattermost_login/span_Sign in' is clicked on

2020-06-05 23:17:51 - [MESSAGE][PASSED] - Call Test Case 'Test Cases/Login/login_function' successfully

2020-06-05 23:17:51 - [TEST_STEP][PASSED] - waitForElementVisible(findTestObject("Object Repository/Rename_channel/span_Town Square"), 2): Object 'Object Repository/Rename_channel/span_Town Square' is visible

2020-06-05 23:17:52 - [MESSAGE][PASSED] - Object 'Object Repository/Rename_channel/span_Town Square' is visible

2020-06-05 23:17:52 - [TEST_STEP][PASSED] - url = getUrl().substring(7): Current window's url is: 'http://192.168.1.10:8065/test4/channels/town-square'

2020-06-05 23:17:52 - [MESSAGE][PASSED] - Current window's url is: 'http://192.168.1.10:8065/test4/channels/town-square'

2020-06-05 23:17:52 - [TEST_STEP][PASSED] - arr = url.split("/"): null

2020-06-05 23:17:52 - [TEST_STEP][PASSED] - arr[length - 1] = channel_url: null

2020-06-05 23:17:52 - [TEST_STEP][PASSED] - newUrl = "": null

2020-06-05 23:17:52 - [TEST_STEP][PASSED] - for ([i = 0, i < length, (i++)]): null

2020-06-05 23:17:52 - [TEST_STEP][PASSED] - newUrl += arr[i] + "/": null

2020-06-05 23:17:52 - [TEST_STEP][PASSED] - newUrl += arr[i] + "/": null

2020-06-05 23:17:52 - [TEST_STEP][PASSED] - newUrl += arr[i] + "/": null

2020-06-05 23:17:52 - [TEST_STEP][PASSED] - newUrl += arr[i] + "/": null

2020-06-05 23:17:52 - [TEST_STEP][PASSED] - printf(newUrl): null

2020-06-05 23:17:52 - [TEST_STEP][PASSED] - navigateToUrl("http://" + newUrl): Navigate to 'http://192.168.1.10:8065/test4/channels/test_name_4/' successfully

2020-06-05 23:17:53 - [MESSAGE][PASSED] - Navigate to 'http://192.168.1.10:8065/test4/channels/test_name_4/' successfully

2020-06-05 23:17:53 - [TEST_STEP][PASSED] - if (verifyElementPresent(findTestObject("Object Repository/Rename_channel/span_Town Square"), 1, OPTIONAL)): com.kms.katalon.core.webui.exception.WebElementNotFoundException: Web element with id: 'Object Repository/Rename_channel/span_Town Square' located by 'By.xpath: //strong[@id='channelHeaderTitle']/span' not found (Root cause: com.kms.katalon.core.exception.StepFailedException: com.kms.katalon.core.webui.exception.WebElementNotFoundException: Web element with id: 'Object Repository/Rename_channel/span_Town Square' located by 'By.xpath: //strong[@id='channelHeaderTitle']/span' not found
	at com.kms.katalon.core.webui.keyword.internal.WebUIKeywordMain.stepFailed(WebUIKeywordMain.groovy:64)
	at com.kms.katalon.core.webui.keyword.builtin.VerifyElementPresentKeyword$_verifyElementPresent_closure1.doCall(VerifyElementPresentKeyword.groovy:85)
	at com.kms.katalon.core.webui.keyword.builtin.VerifyElementPresentKeyword$_verifyElementPresent_closure1.call(VerifyElementPresentKeyword.groovy)
	at com.kms.katalon.core.webui.keyword.internal.WebUIKeywordMain.runKeyword(WebUIKeywordMain.groovy:20)
	at com.kms.katalon.core.webui.keyword.builtin.VerifyElementPresentKeyword.verifyElementPresent(VerifyElementPresentKeyword.groovy:92)
	at com.kms.katalon.core.webui.keyword.builtin.VerifyElementPresentKeyword.execute(VerifyElementPresentKeyword.groovy:68)
	at com.kms.katalon.core.keyword.internal.KeywordExecutor.executeKeywordForPlatform(KeywordExecutor.groovy:72)
	at com.kms.katalon.core.webui.keyword.WebUiBuiltInKeywords.verifyElementPresent(WebUiBuiltInKeywords.groovy:1444)
	at com.kms.katalon.core.webui.keyword.WebUiBuiltInKeywords$verifyElementPresent$6.call(Unknown Source)
	at Remane_channel_error.run(Remane_channel_error:66)
	at com.kms.katalon.core.main.ScriptEngine.run(ScriptEngine.java:194)
	at com.kms.katalon.core.main.ScriptEngine.runScriptAsRawText(ScriptEngine.java:119)
	at com.kms.katalon.core.main.TestCaseExecutor.runScript(TestCaseExecutor.java:337)
	at com.kms.katalon.core.main.TestCaseExecutor.doExecute(TestCaseExecutor.java:328)
	at com.kms.katalon.core.main.TestCaseExecutor.processExecutionPhase(TestCaseExecutor.java:307)
	at com.kms.katalon.core.main.TestCaseExecutor.accessMainPhase(TestCaseExecutor.java:299)
	at com.kms.katalon.core.main.TestCaseExecutor.execute(TestCaseExecutor.java:233)
	at com.kms.katalon.core.main.TestSuiteExecutor.accessTestCaseMainPhase(TestSuiteExecutor.java:169)
	at com.kms.katalon.core.main.TestSuiteExecutor.accessTestSuiteMainPhase(TestSuiteExecutor.java:142)
	at com.kms.katalon.core.main.TestSuiteExecutor.execute(TestSuiteExecutor.java:91)
	at com.kms.katalon.core.main.TestCaseMain.startTestSuite(TestCaseMain.java:157)
	at com.kms.katalon.core.main.TestCaseMain$startTestSuite$0.call(Unknown Source)
	at TempTestSuite1591373123859.run(TempTestSuite1591373123859.groovy:37)
)

2020-06-05 23:17:56 - [MESSAGE][INFO] - Unable to find the element located by 'By.xpath: //strong[@id='channelHeaderTitle']/span'. Please recheck the objects properties to make sure the desired element is located. 

2020-06-05 23:17:56 - [MESSAGE][WARNING] - com.kms.katalon.core.webui.exception.WebElementNotFoundException: Web element with id: 'Object Repository/Rename_channel/span_Town Square' located by 'By.xpath: //strong[@id='channelHeaderTitle']/span' not found (Root cause: com.kms.katalon.core.exception.StepFailedException: com.kms.katalon.core.webui.exception.WebElementNotFoundException: Web element with id: 'Object Repository/Rename_channel/span_Town Square' located by 'By.xpath: //strong[@id='channelHeaderTitle']/span' not found
	at com.kms.katalon.core.webui.keyword.internal.WebUIKeywordMain.stepFailed(WebUIKeywordMain.groovy:64)
	at com.kms.katalon.core.webui.keyword.builtin.VerifyElementPresentKeyword$_verifyElementPresent_closure1.doCall(VerifyElementPresentKeyword.groovy:85)
	at com.kms.katalon.core.webui.keyword.builtin.VerifyElementPresentKeyword$_verifyElementPresent_closure1.call(VerifyElementPresentKeyword.groovy)
	at com.kms.katalon.core.webui.keyword.internal.WebUIKeywordMain.runKeyword(WebUIKeywordMain.groovy:20)
	at com.kms.katalon.core.webui.keyword.builtin.VerifyElementPresentKeyword.verifyElementPresent(VerifyElementPresentKeyword.groovy:92)
	at com.kms.katalon.core.webui.keyword.builtin.VerifyElementPresentKeyword.execute(VerifyElementPresentKeyword.groovy:68)
	at com.kms.katalon.core.keyword.internal.KeywordExecutor.executeKeywordForPlatform(KeywordExecutor.groovy:72)
	at com.kms.katalon.core.webui.keyword.WebUiBuiltInKeywords.verifyElementPresent(WebUiBuiltInKeywords.groovy:1444)
	at com.kms.katalon.core.webui.keyword.WebUiBuiltInKeywords$verifyElementPresent$6.call(Unknown Source)
	at Remane_channel_error.run(Remane_channel_error:66)
	at com.kms.katalon.core.main.ScriptEngine.run(ScriptEngine.java:194)
	at com.kms.katalon.core.main.ScriptEngine.runScriptAsRawText(ScriptEngine.java:119)
	at com.kms.katalon.core.main.TestCaseExecutor.runScript(TestCaseExecutor.java:337)
	at com.kms.katalon.core.main.TestCaseExecutor.doExecute(TestCaseExecutor.java:328)
	at com.kms.katalon.core.main.TestCaseExecutor.processExecutionPhase(TestCaseExecutor.java:307)
	at com.kms.katalon.core.main.TestCaseExecutor.accessMainPhase(TestCaseExecutor.java:299)
	at com.kms.katalon.core.main.TestCaseExecutor.execute(TestCaseExecutor.java:233)
	at com.kms.katalon.core.main.TestSuiteExecutor.accessTestCaseMainPhase(TestSuiteExecutor.java:169)
	at com.kms.katalon.core.main.TestSuiteExecutor.accessTestSuiteMainPhase(TestSuiteExecutor.java:142)
	at com.kms.katalon.core.main.TestSuiteExecutor.execute(TestSuiteExecutor.java:91)
	at com.kms.katalon.core.main.TestCaseMain.startTestSuite(TestCaseMain.java:157)
	at com.kms.katalon.core.main.TestCaseMain$startTestSuite$0.call(Unknown Source)
	at TempTestSuite1591373123859.run(TempTestSuite1591373123859.groovy:37)
)
[[ATTACHMENT|D:\\katalon\\hw2-katalon-testing\\Reports\\20200605_230523\\Run_All_Test_Cases\\20200605_230523\\1591373876329.png]]

2020-06-05 23:17:56 - [TEST_STEP][PASSED] - Start tear down : Teardown: Method 'Teardown' complete successfully

2020-06-05 23:17:56 - [TEST_STEP][PASSED] - closeBrowser(): Browser is closed

2020-06-05 23:17:57 - [MESSAGE][PASSED] - Browser is closed

2020-06-05 23:17:57 - [MESSAGE][PASSED] - Method 'Teardown' complete successfully]]></system-out>
         <system-err><![CDATA[]]></system-err>
      </testcase>
      <testcase name="Test Cases/Channel/Remane_channel_error" time="13.998" classname="Test Cases/Channel/Remane_channel_error" status="PASSED">
         <system-out><![CDATA[2020-06-05 23:17:57 - [TEST_CASE][PASSED] - Test Cases/Channel/Remane_channel_error: Test Cases/Channel/Remane_channel_error

2020-06-05 23:17:57 - [TEST_STEP][PASSED] - Start setup action : Setup: Method 'Setup' complete successfully

2020-06-05 23:17:57 - [TEST_STEP][PASSED] - openBrowser("http://192.168.1.10:8065/login"): Browser is opened with url: 'http://192.168.1.10:8065/login'

2020-06-05 23:17:57 - [MESSAGE][INFO] - Starting 'Firefox' driver

2020-06-05 23:17:57 - [MESSAGE][INFO] - Action delay is set to 0 milliseconds

2020-06-05 23:18:02 - [MESSAGE][PASSED] - Browser is opened with url: 'http://192.168.1.10:8065/login'

2020-06-05 23:18:02 - [MESSAGE][PASSED] - Method 'Setup' complete successfully

2020-06-05 23:18:02 - [TEST_STEP][PASSED] - callTestCase(findTestCase("Test Cases/Login/login_function"), ["var_user":"tlvietdanh@gmail.com", "var_password":"13101998"], STOP_ON_FAILURE): Call Test Case 'Test Cases/Login/login_function' successfully

2020-06-05 23:18:02 - [TEST_CASE][PASSED] - Test Cases/Login/login_function: Test Cases/Login/login_function

2020-06-05 23:18:02 - [TEST_STEP][PASSED] - setText(findTestObject("Object Repository/Page_Mattermost_login/input_loginId"), var_user): Text 'tlvietdanh@gmail.com' is set on object 'Object Repository/Page_Mattermost_login/input_loginId'

2020-06-05 23:18:03 - [MESSAGE][PASSED] - Text 'tlvietdanh@gmail.com' is set on object 'Object Repository/Page_Mattermost_login/input_loginId'

2020-06-05 23:18:03 - [TEST_STEP][PASSED] - setText(findTestObject("Object Repository/Page_Mattermost_login/input_password"), var_password): Text '13101998' is set on object 'Object Repository/Page_Mattermost_login/input_password'

2020-06-05 23:18:04 - [MESSAGE][PASSED] - Text '13101998' is set on object 'Object Repository/Page_Mattermost_login/input_password'

2020-06-05 23:18:04 - [TEST_STEP][PASSED] - click(findTestObject("Object Repository/Page_Mattermost_login/span_Sign in")): Object: 'Object Repository/Page_Mattermost_login/span_Sign in' is clicked on

2020-06-05 23:18:05 - [MESSAGE][PASSED] - Object: 'Object Repository/Page_Mattermost_login/span_Sign in' is clicked on

2020-06-05 23:18:05 - [MESSAGE][PASSED] - Call Test Case 'Test Cases/Login/login_function' successfully

2020-06-05 23:18:05 - [TEST_STEP][PASSED] - waitForElementVisible(findTestObject("Object Repository/Rename_channel/span_Town Square"), 2): Object 'Object Repository/Rename_channel/span_Town Square' is visible

2020-06-05 23:18:06 - [MESSAGE][PASSED] - Object 'Object Repository/Rename_channel/span_Town Square' is visible

2020-06-05 23:18:06 - [TEST_STEP][PASSED] - url = getUrl().substring(7): Current window's url is: 'http://192.168.1.10:8065/test4/channels/town-square'

2020-06-05 23:18:06 - [MESSAGE][PASSED] - Current window's url is: 'http://192.168.1.10:8065/test4/channels/town-square'

2020-06-05 23:18:06 - [TEST_STEP][PASSED] - arr = url.split("/"): null

2020-06-05 23:18:06 - [TEST_STEP][PASSED] - arr[length - 1] = channel_url: null

2020-06-05 23:18:06 - [TEST_STEP][PASSED] - newUrl = "": null

2020-06-05 23:18:06 - [TEST_STEP][PASSED] - for ([i = 0, i < length, (i++)]): null

2020-06-05 23:18:06 - [TEST_STEP][PASSED] - newUrl += arr[i] + "/": null

2020-06-05 23:18:06 - [TEST_STEP][PASSED] - newUrl += arr[i] + "/": null

2020-06-05 23:18:06 - [TEST_STEP][PASSED] - newUrl += arr[i] + "/": null

2020-06-05 23:18:06 - [TEST_STEP][PASSED] - newUrl += arr[i] + "/": null

2020-06-05 23:18:06 - [TEST_STEP][PASSED] - printf(newUrl): null

2020-06-05 23:18:06 - [TEST_STEP][PASSED] - navigateToUrl("http://" + newUrl): Navigate to 'http://192.168.1.10:8065/test4/channels/test_name_5/' successfully

2020-06-05 23:18:07 - [MESSAGE][PASSED] - Navigate to 'http://192.168.1.10:8065/test4/channels/test_name_5/' successfully

2020-06-05 23:18:07 - [TEST_STEP][PASSED] - if (verifyElementPresent(findTestObject("Object Repository/Rename_channel/span_Town Square"), 1, OPTIONAL)): com.kms.katalon.core.webui.exception.WebElementNotFoundException: Web element with id: 'Object Repository/Rename_channel/span_Town Square' located by 'By.xpath: //strong[@id='channelHeaderTitle']/span' not found (Root cause: com.kms.katalon.core.exception.StepFailedException: com.kms.katalon.core.webui.exception.WebElementNotFoundException: Web element with id: 'Object Repository/Rename_channel/span_Town Square' located by 'By.xpath: //strong[@id='channelHeaderTitle']/span' not found
	at com.kms.katalon.core.webui.keyword.internal.WebUIKeywordMain.stepFailed(WebUIKeywordMain.groovy:64)
	at com.kms.katalon.core.webui.keyword.builtin.VerifyElementPresentKeyword$_verifyElementPresent_closure1.doCall(VerifyElementPresentKeyword.groovy:85)
	at com.kms.katalon.core.webui.keyword.builtin.VerifyElementPresentKeyword$_verifyElementPresent_closure1.call(VerifyElementPresentKeyword.groovy)
	at com.kms.katalon.core.webui.keyword.internal.WebUIKeywordMain.runKeyword(WebUIKeywordMain.groovy:20)
	at com.kms.katalon.core.webui.keyword.builtin.VerifyElementPresentKeyword.verifyElementPresent(VerifyElementPresentKeyword.groovy:92)
	at com.kms.katalon.core.webui.keyword.builtin.VerifyElementPresentKeyword.execute(VerifyElementPresentKeyword.groovy:68)
	at com.kms.katalon.core.keyword.internal.KeywordExecutor.executeKeywordForPlatform(KeywordExecutor.groovy:72)
	at com.kms.katalon.core.webui.keyword.WebUiBuiltInKeywords.verifyElementPresent(WebUiBuiltInKeywords.groovy:1444)
	at com.kms.katalon.core.webui.keyword.WebUiBuiltInKeywords$verifyElementPresent$6.call(Unknown Source)
	at Remane_channel_error.run(Remane_channel_error:66)
	at com.kms.katalon.core.main.ScriptEngine.run(ScriptEngine.java:194)
	at com.kms.katalon.core.main.ScriptEngine.runScriptAsRawText(ScriptEngine.java:119)
	at com.kms.katalon.core.main.TestCaseExecutor.runScript(TestCaseExecutor.java:337)
	at com.kms.katalon.core.main.TestCaseExecutor.doExecute(TestCaseExecutor.java:328)
	at com.kms.katalon.core.main.TestCaseExecutor.processExecutionPhase(TestCaseExecutor.java:307)
	at com.kms.katalon.core.main.TestCaseExecutor.accessMainPhase(TestCaseExecutor.java:299)
	at com.kms.katalon.core.main.TestCaseExecutor.execute(TestCaseExecutor.java:233)
	at com.kms.katalon.core.main.TestSuiteExecutor.accessTestCaseMainPhase(TestSuiteExecutor.java:169)
	at com.kms.katalon.core.main.TestSuiteExecutor.accessTestSuiteMainPhase(TestSuiteExecutor.java:142)
	at com.kms.katalon.core.main.TestSuiteExecutor.execute(TestSuiteExecutor.java:91)
	at com.kms.katalon.core.main.TestCaseMain.startTestSuite(TestCaseMain.java:157)
	at com.kms.katalon.core.main.TestCaseMain$startTestSuite$0.call(Unknown Source)
	at TempTestSuite1591373123859.run(TempTestSuite1591373123859.groovy:37)
)

2020-06-05 23:18:10 - [MESSAGE][INFO] - Unable to find the element located by 'By.xpath: //strong[@id='channelHeaderTitle']/span'. Please recheck the objects properties to make sure the desired element is located. 

2020-06-05 23:18:10 - [MESSAGE][WARNING] - com.kms.katalon.core.webui.exception.WebElementNotFoundException: Web element with id: 'Object Repository/Rename_channel/span_Town Square' located by 'By.xpath: //strong[@id='channelHeaderTitle']/span' not found (Root cause: com.kms.katalon.core.exception.StepFailedException: com.kms.katalon.core.webui.exception.WebElementNotFoundException: Web element with id: 'Object Repository/Rename_channel/span_Town Square' located by 'By.xpath: //strong[@id='channelHeaderTitle']/span' not found
	at com.kms.katalon.core.webui.keyword.internal.WebUIKeywordMain.stepFailed(WebUIKeywordMain.groovy:64)
	at com.kms.katalon.core.webui.keyword.builtin.VerifyElementPresentKeyword$_verifyElementPresent_closure1.doCall(VerifyElementPresentKeyword.groovy:85)
	at com.kms.katalon.core.webui.keyword.builtin.VerifyElementPresentKeyword$_verifyElementPresent_closure1.call(VerifyElementPresentKeyword.groovy)
	at com.kms.katalon.core.webui.keyword.internal.WebUIKeywordMain.runKeyword(WebUIKeywordMain.groovy:20)
	at com.kms.katalon.core.webui.keyword.builtin.VerifyElementPresentKeyword.verifyElementPresent(VerifyElementPresentKeyword.groovy:92)
	at com.kms.katalon.core.webui.keyword.builtin.VerifyElementPresentKeyword.execute(VerifyElementPresentKeyword.groovy:68)
	at com.kms.katalon.core.keyword.internal.KeywordExecutor.executeKeywordForPlatform(KeywordExecutor.groovy:72)
	at com.kms.katalon.core.webui.keyword.WebUiBuiltInKeywords.verifyElementPresent(WebUiBuiltInKeywords.groovy:1444)
	at com.kms.katalon.core.webui.keyword.WebUiBuiltInKeywords$verifyElementPresent$6.call(Unknown Source)
	at Remane_channel_error.run(Remane_channel_error:66)
	at com.kms.katalon.core.main.ScriptEngine.run(ScriptEngine.java:194)
	at com.kms.katalon.core.main.ScriptEngine.runScriptAsRawText(ScriptEngine.java:119)
	at com.kms.katalon.core.main.TestCaseExecutor.runScript(TestCaseExecutor.java:337)
	at com.kms.katalon.core.main.TestCaseExecutor.doExecute(TestCaseExecutor.java:328)
	at com.kms.katalon.core.main.TestCaseExecutor.processExecutionPhase(TestCaseExecutor.java:307)
	at com.kms.katalon.core.main.TestCaseExecutor.accessMainPhase(TestCaseExecutor.java:299)
	at com.kms.katalon.core.main.TestCaseExecutor.execute(TestCaseExecutor.java:233)
	at com.kms.katalon.core.main.TestSuiteExecutor.accessTestCaseMainPhase(TestSuiteExecutor.java:169)
	at com.kms.katalon.core.main.TestSuiteExecutor.accessTestSuiteMainPhase(TestSuiteExecutor.java:142)
	at com.kms.katalon.core.main.TestSuiteExecutor.execute(TestSuiteExecutor.java:91)
	at com.kms.katalon.core.main.TestCaseMain.startTestSuite(TestCaseMain.java:157)
	at com.kms.katalon.core.main.TestCaseMain$startTestSuite$0.call(Unknown Source)
	at TempTestSuite1591373123859.run(TempTestSuite1591373123859.groovy:37)
)
[[ATTACHMENT|D:\\katalon\\hw2-katalon-testing\\Reports\\20200605_230523\\Run_All_Test_Cases\\20200605_230523\\1591373890547.png]]

2020-06-05 23:18:10 - [TEST_STEP][PASSED] - Start tear down : Teardown: Method 'Teardown' complete successfully

2020-06-05 23:18:10 - [TEST_STEP][PASSED] - closeBrowser(): Browser is closed

2020-06-05 23:18:11 - [MESSAGE][PASSED] - Browser is closed

2020-06-05 23:18:11 - [MESSAGE][PASSED] - Method 'Teardown' complete successfully]]></system-out>
         <system-err><![CDATA[]]></system-err>
      </testcase>
      <testcase name="Test Cases/Channel/Change_channel_url" time="13.991" classname="Test Cases/Channel/Change_channel_url" status="PASSED">
         <system-out><![CDATA[2020-06-05 23:18:11 - [TEST_CASE][PASSED] - Test Cases/Channel/Change_channel_url: Test Cases/Channel/Change_channel_url

2020-06-05 23:18:11 - [TEST_STEP][PASSED] - Start setup action : Setup: Method 'Setup' complete successfully

2020-06-05 23:18:11 - [TEST_STEP][PASSED] - openBrowser("http://192.168.1.10:8065/login"): Browser is opened with url: 'http://192.168.1.10:8065/login'

2020-06-05 23:18:11 - [MESSAGE][INFO] - Starting 'Firefox' driver

2020-06-05 23:18:11 - [MESSAGE][INFO] - Action delay is set to 0 milliseconds

2020-06-05 23:18:16 - [MESSAGE][PASSED] - Browser is opened with url: 'http://192.168.1.10:8065/login'

2020-06-05 23:18:16 - [MESSAGE][PASSED] - Method 'Setup' complete successfully

2020-06-05 23:18:16 - [TEST_STEP][PASSED] - callTestCase(findTestCase("Test Cases/Login/login_function"), ["var_user":"tlvietdanh@gmail.com", "var_password":"13101998"], STOP_ON_FAILURE): Call Test Case 'Test Cases/Login/login_function' successfully

2020-06-05 23:18:16 - [TEST_CASE][PASSED] - Test Cases/Login/login_function: Test Cases/Login/login_function

2020-06-05 23:18:16 - [TEST_STEP][PASSED] - setText(findTestObject("Object Repository/Page_Mattermost_login/input_loginId"), var_user): Text 'tlvietdanh@gmail.com' is set on object 'Object Repository/Page_Mattermost_login/input_loginId'

2020-06-05 23:18:17 - [MESSAGE][PASSED] - Text 'tlvietdanh@gmail.com' is set on object 'Object Repository/Page_Mattermost_login/input_loginId'

2020-06-05 23:18:17 - [TEST_STEP][PASSED] - setText(findTestObject("Object Repository/Page_Mattermost_login/input_password"), var_password): Text '13101998' is set on object 'Object Repository/Page_Mattermost_login/input_password'

2020-06-05 23:18:18 - [MESSAGE][PASSED] - Text '13101998' is set on object 'Object Repository/Page_Mattermost_login/input_password'

2020-06-05 23:18:18 - [TEST_STEP][PASSED] - click(findTestObject("Object Repository/Page_Mattermost_login/span_Sign in")): Object: 'Object Repository/Page_Mattermost_login/span_Sign in' is clicked on

2020-06-05 23:18:19 - [MESSAGE][PASSED] - Object: 'Object Repository/Page_Mattermost_login/span_Sign in' is clicked on

2020-06-05 23:18:19 - [MESSAGE][PASSED] - Call Test Case 'Test Cases/Login/login_function' successfully

2020-06-05 23:18:19 - [TEST_STEP][PASSED] - waitForElementVisible(findTestObject("Object Repository/Rename_channel/span_Town Square"), 2): Object 'Object Repository/Rename_channel/span_Town Square' is visible

2020-06-05 23:18:21 - [MESSAGE][PASSED] - Object 'Object Repository/Rename_channel/span_Town Square' is visible

2020-06-05 23:18:21 - [TEST_STEP][PASSED] - url = getUrl().substring(7): Current window's url is: 'http://192.168.1.10:8065/test4/channels/town-square'

2020-06-05 23:18:21 - [MESSAGE][PASSED] - Current window's url is: 'http://192.168.1.10:8065/test4/channels/town-square'

2020-06-05 23:18:21 - [TEST_STEP][PASSED] - arr = url.split("/"): null

2020-06-05 23:18:21 - [TEST_STEP][PASSED] - arr[length - 1] = channel_url: null

2020-06-05 23:18:21 - [TEST_STEP][PASSED] - newUrl = "": null

2020-06-05 23:18:21 - [TEST_STEP][PASSED] - for ([i = 0, i < length, (i++)]): null

2020-06-05 23:18:21 - [TEST_STEP][PASSED] - newUrl += arr[i] + "/": null

2020-06-05 23:18:21 - [TEST_STEP][PASSED] - newUrl += arr[i] + "/": null

2020-06-05 23:18:21 - [TEST_STEP][PASSED] - newUrl += arr[i] + "/": null

2020-06-05 23:18:21 - [TEST_STEP][PASSED] - newUrl += arr[i] + "/": null

2020-06-05 23:18:21 - [TEST_STEP][PASSED] - printf(newUrl): null

2020-06-05 23:18:21 - [TEST_STEP][PASSED] - navigateToUrl("http://" + newUrl): Navigate to 'http://192.168.1.10:8065/test4/channels/test_name_1/' successfully

2020-06-05 23:18:22 - [MESSAGE][PASSED] - Navigate to 'http://192.168.1.10:8065/test4/channels/test_name_1/' successfully

2020-06-05 23:18:22 - [TEST_STEP][PASSED] - if (verifyElementPresent(findTestObject("Object Repository/Rename_channel/span_Town Square"), 1, OPTIONAL)): com.kms.katalon.core.webui.exception.WebElementNotFoundException: Web element with id: 'Object Repository/Rename_channel/span_Town Square' located by 'By.xpath: //strong[@id='channelHeaderTitle']/span' not found (Root cause: com.kms.katalon.core.exception.StepFailedException: com.kms.katalon.core.webui.exception.WebElementNotFoundException: Web element with id: 'Object Repository/Rename_channel/span_Town Square' located by 'By.xpath: //strong[@id='channelHeaderTitle']/span' not found
	at com.kms.katalon.core.webui.keyword.internal.WebUIKeywordMain.stepFailed(WebUIKeywordMain.groovy:64)
	at com.kms.katalon.core.webui.keyword.builtin.VerifyElementPresentKeyword$_verifyElementPresent_closure1.doCall(VerifyElementPresentKeyword.groovy:85)
	at com.kms.katalon.core.webui.keyword.builtin.VerifyElementPresentKeyword$_verifyElementPresent_closure1.call(VerifyElementPresentKeyword.groovy)
	at com.kms.katalon.core.webui.keyword.internal.WebUIKeywordMain.runKeyword(WebUIKeywordMain.groovy:20)
	at com.kms.katalon.core.webui.keyword.builtin.VerifyElementPresentKeyword.verifyElementPresent(VerifyElementPresentKeyword.groovy:92)
	at com.kms.katalon.core.webui.keyword.builtin.VerifyElementPresentKeyword.execute(VerifyElementPresentKeyword.groovy:68)
	at com.kms.katalon.core.keyword.internal.KeywordExecutor.executeKeywordForPlatform(KeywordExecutor.groovy:72)
	at com.kms.katalon.core.webui.keyword.WebUiBuiltInKeywords.verifyElementPresent(WebUiBuiltInKeywords.groovy:1444)
	at com.kms.katalon.core.webui.keyword.WebUiBuiltInKeywords$verifyElementPresent$6.call(Unknown Source)
	at Change_channel_url.run(Change_channel_url:68)
	at com.kms.katalon.core.main.ScriptEngine.run(ScriptEngine.java:194)
	at com.kms.katalon.core.main.ScriptEngine.runScriptAsRawText(ScriptEngine.java:119)
	at com.kms.katalon.core.main.TestCaseExecutor.runScript(TestCaseExecutor.java:337)
	at com.kms.katalon.core.main.TestCaseExecutor.doExecute(TestCaseExecutor.java:328)
	at com.kms.katalon.core.main.TestCaseExecutor.processExecutionPhase(TestCaseExecutor.java:307)
	at com.kms.katalon.core.main.TestCaseExecutor.accessMainPhase(TestCaseExecutor.java:299)
	at com.kms.katalon.core.main.TestCaseExecutor.execute(TestCaseExecutor.java:233)
	at com.kms.katalon.core.main.TestSuiteExecutor.accessTestCaseMainPhase(TestSuiteExecutor.java:169)
	at com.kms.katalon.core.main.TestSuiteExecutor.accessTestSuiteMainPhase(TestSuiteExecutor.java:142)
	at com.kms.katalon.core.main.TestSuiteExecutor.execute(TestSuiteExecutor.java:91)
	at com.kms.katalon.core.main.TestCaseMain.startTestSuite(TestCaseMain.java:157)
	at com.kms.katalon.core.main.TestCaseMain$startTestSuite$0.call(Unknown Source)
	at TempTestSuite1591373123859.run(TempTestSuite1591373123859.groovy:37)
)

2020-06-05 23:18:24 - [MESSAGE][INFO] - Unable to find the element located by 'By.xpath: //strong[@id='channelHeaderTitle']/span'. Please recheck the objects properties to make sure the desired element is located. 

2020-06-05 23:18:24 - [MESSAGE][WARNING] - com.kms.katalon.core.webui.exception.WebElementNotFoundException: Web element with id: 'Object Repository/Rename_channel/span_Town Square' located by 'By.xpath: //strong[@id='channelHeaderTitle']/span' not found (Root cause: com.kms.katalon.core.exception.StepFailedException: com.kms.katalon.core.webui.exception.WebElementNotFoundException: Web element with id: 'Object Repository/Rename_channel/span_Town Square' located by 'By.xpath: //strong[@id='channelHeaderTitle']/span' not found
	at com.kms.katalon.core.webui.keyword.internal.WebUIKeywordMain.stepFailed(WebUIKeywordMain.groovy:64)
	at com.kms.katalon.core.webui.keyword.builtin.VerifyElementPresentKeyword$_verifyElementPresent_closure1.doCall(VerifyElementPresentKeyword.groovy:85)
	at com.kms.katalon.core.webui.keyword.builtin.VerifyElementPresentKeyword$_verifyElementPresent_closure1.call(VerifyElementPresentKeyword.groovy)
	at com.kms.katalon.core.webui.keyword.internal.WebUIKeywordMain.runKeyword(WebUIKeywordMain.groovy:20)
	at com.kms.katalon.core.webui.keyword.builtin.VerifyElementPresentKeyword.verifyElementPresent(VerifyElementPresentKeyword.groovy:92)
	at com.kms.katalon.core.webui.keyword.builtin.VerifyElementPresentKeyword.execute(VerifyElementPresentKeyword.groovy:68)
	at com.kms.katalon.core.keyword.internal.KeywordExecutor.executeKeywordForPlatform(KeywordExecutor.groovy:72)
	at com.kms.katalon.core.webui.keyword.WebUiBuiltInKeywords.verifyElementPresent(WebUiBuiltInKeywords.groovy:1444)
	at com.kms.katalon.core.webui.keyword.WebUiBuiltInKeywords$verifyElementPresent$6.call(Unknown Source)
	at Change_channel_url.run(Change_channel_url:68)
	at com.kms.katalon.core.main.ScriptEngine.run(ScriptEngine.java:194)
	at com.kms.katalon.core.main.ScriptEngine.runScriptAsRawText(ScriptEngine.java:119)
	at com.kms.katalon.core.main.TestCaseExecutor.runScript(TestCaseExecutor.java:337)
	at com.kms.katalon.core.main.TestCaseExecutor.doExecute(TestCaseExecutor.java:328)
	at com.kms.katalon.core.main.TestCaseExecutor.processExecutionPhase(TestCaseExecutor.java:307)
	at com.kms.katalon.core.main.TestCaseExecutor.accessMainPhase(TestCaseExecutor.java:299)
	at com.kms.katalon.core.main.TestCaseExecutor.execute(TestCaseExecutor.java:233)
	at com.kms.katalon.core.main.TestSuiteExecutor.accessTestCaseMainPhase(TestSuiteExecutor.java:169)
	at com.kms.katalon.core.main.TestSuiteExecutor.accessTestSuiteMainPhase(TestSuiteExecutor.java:142)
	at com.kms.katalon.core.main.TestSuiteExecutor.execute(TestSuiteExecutor.java:91)
	at com.kms.katalon.core.main.TestCaseMain.startTestSuite(TestCaseMain.java:157)
	at com.kms.katalon.core.main.TestCaseMain$startTestSuite$0.call(Unknown Source)
	at TempTestSuite1591373123859.run(TempTestSuite1591373123859.groovy:37)
)
[[ATTACHMENT|D:\\katalon\\hw2-katalon-testing\\Reports\\20200605_230523\\Run_All_Test_Cases\\20200605_230523\\1591373904551.png]]

2020-06-05 23:18:24 - [TEST_STEP][PASSED] - Start tear down : Teardown: Method 'Teardown' complete successfully

2020-06-05 23:18:24 - [TEST_STEP][PASSED] - closeBrowser(): Browser is closed

2020-06-05 23:18:25 - [MESSAGE][PASSED] - Browser is closed

2020-06-05 23:18:25 - [MESSAGE][PASSED] - Method 'Teardown' complete successfully]]></system-out>
         <system-err><![CDATA[]]></system-err>
      </testcase>
      <testcase name="Test Cases/Channel/Change_channel_url" time="13.432" classname="Test Cases/Channel/Change_channel_url" status="PASSED">
         <system-out><![CDATA[2020-06-05 23:18:25 - [TEST_CASE][PASSED] - Test Cases/Channel/Change_channel_url: Test Cases/Channel/Change_channel_url

2020-06-05 23:18:25 - [TEST_STEP][PASSED] - Start setup action : Setup: Method 'Setup' complete successfully

2020-06-05 23:18:25 - [TEST_STEP][PASSED] - openBrowser("http://192.168.1.10:8065/login"): Browser is opened with url: 'http://192.168.1.10:8065/login'

2020-06-05 23:18:25 - [MESSAGE][INFO] - Starting 'Firefox' driver

2020-06-05 23:18:25 - [MESSAGE][INFO] - Action delay is set to 0 milliseconds

2020-06-05 23:18:30 - [MESSAGE][PASSED] - Browser is opened with url: 'http://192.168.1.10:8065/login'

2020-06-05 23:18:30 - [MESSAGE][PASSED] - Method 'Setup' complete successfully

2020-06-05 23:18:30 - [TEST_STEP][PASSED] - callTestCase(findTestCase("Test Cases/Login/login_function"), ["var_user":"tlvietdanh@gmail.com", "var_password":"13101998"], STOP_ON_FAILURE): Call Test Case 'Test Cases/Login/login_function' successfully

2020-06-05 23:18:30 - [TEST_CASE][PASSED] - Test Cases/Login/login_function: Test Cases/Login/login_function

2020-06-05 23:18:30 - [TEST_STEP][PASSED] - setText(findTestObject("Object Repository/Page_Mattermost_login/input_loginId"), var_user): Text 'tlvietdanh@gmail.com' is set on object 'Object Repository/Page_Mattermost_login/input_loginId'

2020-06-05 23:18:31 - [MESSAGE][PASSED] - Text 'tlvietdanh@gmail.com' is set on object 'Object Repository/Page_Mattermost_login/input_loginId'

2020-06-05 23:18:31 - [TEST_STEP][PASSED] - setText(findTestObject("Object Repository/Page_Mattermost_login/input_password"), var_password): Text '13101998' is set on object 'Object Repository/Page_Mattermost_login/input_password'

2020-06-05 23:18:32 - [MESSAGE][PASSED] - Text '13101998' is set on object 'Object Repository/Page_Mattermost_login/input_password'

2020-06-05 23:18:32 - [TEST_STEP][PASSED] - click(findTestObject("Object Repository/Page_Mattermost_login/span_Sign in")): Object: 'Object Repository/Page_Mattermost_login/span_Sign in' is clicked on

2020-06-05 23:18:33 - [MESSAGE][PASSED] - Object: 'Object Repository/Page_Mattermost_login/span_Sign in' is clicked on

2020-06-05 23:18:33 - [MESSAGE][PASSED] - Call Test Case 'Test Cases/Login/login_function' successfully

2020-06-05 23:18:33 - [TEST_STEP][PASSED] - waitForElementVisible(findTestObject("Object Repository/Rename_channel/span_Town Square"), 2): Object 'Object Repository/Rename_channel/span_Town Square' is visible

2020-06-05 23:18:34 - [MESSAGE][PASSED] - Object 'Object Repository/Rename_channel/span_Town Square' is visible

2020-06-05 23:18:34 - [TEST_STEP][PASSED] - url = getUrl().substring(7): Current window's url is: 'http://192.168.1.10:8065/test4/channels/town-square'

2020-06-05 23:18:34 - [MESSAGE][PASSED] - Current window's url is: 'http://192.168.1.10:8065/test4/channels/town-square'

2020-06-05 23:18:34 - [TEST_STEP][PASSED] - arr = url.split("/"): null

2020-06-05 23:18:34 - [TEST_STEP][PASSED] - arr[length - 1] = channel_url: null

2020-06-05 23:18:34 - [TEST_STEP][PASSED] - newUrl = "": null

2020-06-05 23:18:34 - [TEST_STEP][PASSED] - for ([i = 0, i < length, (i++)]): null

2020-06-05 23:18:34 - [TEST_STEP][PASSED] - newUrl += arr[i] + "/": null

2020-06-05 23:18:34 - [TEST_STEP][PASSED] - newUrl += arr[i] + "/": null

2020-06-05 23:18:34 - [TEST_STEP][PASSED] - newUrl += arr[i] + "/": null

2020-06-05 23:18:34 - [TEST_STEP][PASSED] - newUrl += arr[i] + "/": null

2020-06-05 23:18:34 - [TEST_STEP][PASSED] - printf(newUrl): null

2020-06-05 23:18:34 - [TEST_STEP][PASSED] - navigateToUrl("http://" + newUrl): Navigate to 'http://192.168.1.10:8065/test4/channels/test_name_2/' successfully

2020-06-05 23:18:35 - [MESSAGE][PASSED] - Navigate to 'http://192.168.1.10:8065/test4/channels/test_name_2/' successfully

2020-06-05 23:18:35 - [TEST_STEP][PASSED] - if (verifyElementPresent(findTestObject("Object Repository/Rename_channel/span_Town Square"), 1, OPTIONAL)): com.kms.katalon.core.webui.exception.WebElementNotFoundException: Web element with id: 'Object Repository/Rename_channel/span_Town Square' located by 'By.xpath: //strong[@id='channelHeaderTitle']/span' not found (Root cause: com.kms.katalon.core.exception.StepFailedException: com.kms.katalon.core.webui.exception.WebElementNotFoundException: Web element with id: 'Object Repository/Rename_channel/span_Town Square' located by 'By.xpath: //strong[@id='channelHeaderTitle']/span' not found
	at com.kms.katalon.core.webui.keyword.internal.WebUIKeywordMain.stepFailed(WebUIKeywordMain.groovy:64)
	at com.kms.katalon.core.webui.keyword.builtin.VerifyElementPresentKeyword$_verifyElementPresent_closure1.doCall(VerifyElementPresentKeyword.groovy:85)
	at com.kms.katalon.core.webui.keyword.builtin.VerifyElementPresentKeyword$_verifyElementPresent_closure1.call(VerifyElementPresentKeyword.groovy)
	at com.kms.katalon.core.webui.keyword.internal.WebUIKeywordMain.runKeyword(WebUIKeywordMain.groovy:20)
	at com.kms.katalon.core.webui.keyword.builtin.VerifyElementPresentKeyword.verifyElementPresent(VerifyElementPresentKeyword.groovy:92)
	at com.kms.katalon.core.webui.keyword.builtin.VerifyElementPresentKeyword.execute(VerifyElementPresentKeyword.groovy:68)
	at com.kms.katalon.core.keyword.internal.KeywordExecutor.executeKeywordForPlatform(KeywordExecutor.groovy:72)
	at com.kms.katalon.core.webui.keyword.WebUiBuiltInKeywords.verifyElementPresent(WebUiBuiltInKeywords.groovy:1444)
	at com.kms.katalon.core.webui.keyword.WebUiBuiltInKeywords$verifyElementPresent$6.call(Unknown Source)
	at Change_channel_url.run(Change_channel_url:68)
	at com.kms.katalon.core.main.ScriptEngine.run(ScriptEngine.java:194)
	at com.kms.katalon.core.main.ScriptEngine.runScriptAsRawText(ScriptEngine.java:119)
	at com.kms.katalon.core.main.TestCaseExecutor.runScript(TestCaseExecutor.java:337)
	at com.kms.katalon.core.main.TestCaseExecutor.doExecute(TestCaseExecutor.java:328)
	at com.kms.katalon.core.main.TestCaseExecutor.processExecutionPhase(TestCaseExecutor.java:307)
	at com.kms.katalon.core.main.TestCaseExecutor.accessMainPhase(TestCaseExecutor.java:299)
	at com.kms.katalon.core.main.TestCaseExecutor.execute(TestCaseExecutor.java:233)
	at com.kms.katalon.core.main.TestSuiteExecutor.accessTestCaseMainPhase(TestSuiteExecutor.java:169)
	at com.kms.katalon.core.main.TestSuiteExecutor.accessTestSuiteMainPhase(TestSuiteExecutor.java:142)
	at com.kms.katalon.core.main.TestSuiteExecutor.execute(TestSuiteExecutor.java:91)
	at com.kms.katalon.core.main.TestCaseMain.startTestSuite(TestCaseMain.java:157)
	at com.kms.katalon.core.main.TestCaseMain$startTestSuite$0.call(Unknown Source)
	at TempTestSuite1591373123859.run(TempTestSuite1591373123859.groovy:37)
)

2020-06-05 23:18:37 - [MESSAGE][INFO] - Unable to find the element located by 'By.xpath: //strong[@id='channelHeaderTitle']/span'. Please recheck the objects properties to make sure the desired element is located. 

2020-06-05 23:18:38 - [MESSAGE][WARNING] - com.kms.katalon.core.webui.exception.WebElementNotFoundException: Web element with id: 'Object Repository/Rename_channel/span_Town Square' located by 'By.xpath: //strong[@id='channelHeaderTitle']/span' not found (Root cause: com.kms.katalon.core.exception.StepFailedException: com.kms.katalon.core.webui.exception.WebElementNotFoundException: Web element with id: 'Object Repository/Rename_channel/span_Town Square' located by 'By.xpath: //strong[@id='channelHeaderTitle']/span' not found
	at com.kms.katalon.core.webui.keyword.internal.WebUIKeywordMain.stepFailed(WebUIKeywordMain.groovy:64)
	at com.kms.katalon.core.webui.keyword.builtin.VerifyElementPresentKeyword$_verifyElementPresent_closure1.doCall(VerifyElementPresentKeyword.groovy:85)
	at com.kms.katalon.core.webui.keyword.builtin.VerifyElementPresentKeyword$_verifyElementPresent_closure1.call(VerifyElementPresentKeyword.groovy)
	at com.kms.katalon.core.webui.keyword.internal.WebUIKeywordMain.runKeyword(WebUIKeywordMain.groovy:20)
	at com.kms.katalon.core.webui.keyword.builtin.VerifyElementPresentKeyword.verifyElementPresent(VerifyElementPresentKeyword.groovy:92)
	at com.kms.katalon.core.webui.keyword.builtin.VerifyElementPresentKeyword.execute(VerifyElementPresentKeyword.groovy:68)
	at com.kms.katalon.core.keyword.internal.KeywordExecutor.executeKeywordForPlatform(KeywordExecutor.groovy:72)
	at com.kms.katalon.core.webui.keyword.WebUiBuiltInKeywords.verifyElementPresent(WebUiBuiltInKeywords.groovy:1444)
	at com.kms.katalon.core.webui.keyword.WebUiBuiltInKeywords$verifyElementPresent$6.call(Unknown Source)
	at Change_channel_url.run(Change_channel_url:68)
	at com.kms.katalon.core.main.ScriptEngine.run(ScriptEngine.java:194)
	at com.kms.katalon.core.main.ScriptEngine.runScriptAsRawText(ScriptEngine.java:119)
	at com.kms.katalon.core.main.TestCaseExecutor.runScript(TestCaseExecutor.java:337)
	at com.kms.katalon.core.main.TestCaseExecutor.doExecute(TestCaseExecutor.java:328)
	at com.kms.katalon.core.main.TestCaseExecutor.processExecutionPhase(TestCaseExecutor.java:307)
	at com.kms.katalon.core.main.TestCaseExecutor.accessMainPhase(TestCaseExecutor.java:299)
	at com.kms.katalon.core.main.TestCaseExecutor.execute(TestCaseExecutor.java:233)
	at com.kms.katalon.core.main.TestSuiteExecutor.accessTestCaseMainPhase(TestSuiteExecutor.java:169)
	at com.kms.katalon.core.main.TestSuiteExecutor.accessTestSuiteMainPhase(TestSuiteExecutor.java:142)
	at com.kms.katalon.core.main.TestSuiteExecutor.execute(TestSuiteExecutor.java:91)
	at com.kms.katalon.core.main.TestCaseMain.startTestSuite(TestCaseMain.java:157)
	at com.kms.katalon.core.main.TestCaseMain$startTestSuite$0.call(Unknown Source)
	at TempTestSuite1591373123859.run(TempTestSuite1591373123859.groovy:37)
)
[[ATTACHMENT|D:\\katalon\\hw2-katalon-testing\\Reports\\20200605_230523\\Run_All_Test_Cases\\20200605_230523\\1591373917972.png]]

2020-06-05 23:18:38 - [TEST_STEP][PASSED] - Start tear down : Teardown: Method 'Teardown' complete successfully

2020-06-05 23:18:38 - [TEST_STEP][PASSED] - closeBrowser(): Browser is closed

2020-06-05 23:18:39 - [MESSAGE][PASSED] - Browser is closed

2020-06-05 23:18:39 - [MESSAGE][PASSED] - Method 'Teardown' complete successfully]]></system-out>
         <system-err><![CDATA[]]></system-err>
      </testcase>
      <testcase name="Test Cases/Channel/Change_channel_url" time="13.764" classname="Test Cases/Channel/Change_channel_url" status="PASSED">
         <system-out><![CDATA[2020-06-05 23:18:39 - [TEST_CASE][PASSED] - Test Cases/Channel/Change_channel_url: Test Cases/Channel/Change_channel_url

2020-06-05 23:18:39 - [TEST_STEP][PASSED] - Start setup action : Setup: Method 'Setup' complete successfully

2020-06-05 23:18:39 - [TEST_STEP][PASSED] - openBrowser("http://192.168.1.10:8065/login"): Browser is opened with url: 'http://192.168.1.10:8065/login'

2020-06-05 23:18:39 - [MESSAGE][INFO] - Starting 'Firefox' driver

2020-06-05 23:18:39 - [MESSAGE][INFO] - Action delay is set to 0 milliseconds

2020-06-05 23:18:43 - [MESSAGE][PASSED] - Browser is opened with url: 'http://192.168.1.10:8065/login'

2020-06-05 23:18:43 - [MESSAGE][PASSED] - Method 'Setup' complete successfully

2020-06-05 23:18:43 - [TEST_STEP][PASSED] - callTestCase(findTestCase("Test Cases/Login/login_function"), ["var_user":"tlvietdanh@gmail.com", "var_password":"13101998"], STOP_ON_FAILURE): Call Test Case 'Test Cases/Login/login_function' successfully

2020-06-05 23:18:43 - [TEST_CASE][PASSED] - Test Cases/Login/login_function: Test Cases/Login/login_function

2020-06-05 23:18:43 - [TEST_STEP][PASSED] - setText(findTestObject("Object Repository/Page_Mattermost_login/input_loginId"), var_user): Text 'tlvietdanh@gmail.com' is set on object 'Object Repository/Page_Mattermost_login/input_loginId'

2020-06-05 23:18:45 - [MESSAGE][PASSED] - Text 'tlvietdanh@gmail.com' is set on object 'Object Repository/Page_Mattermost_login/input_loginId'

2020-06-05 23:18:45 - [TEST_STEP][PASSED] - setText(findTestObject("Object Repository/Page_Mattermost_login/input_password"), var_password): Text '13101998' is set on object 'Object Repository/Page_Mattermost_login/input_password'

2020-06-05 23:18:45 - [MESSAGE][PASSED] - Text '13101998' is set on object 'Object Repository/Page_Mattermost_login/input_password'

2020-06-05 23:18:45 - [TEST_STEP][PASSED] - click(findTestObject("Object Repository/Page_Mattermost_login/span_Sign in")): Object: 'Object Repository/Page_Mattermost_login/span_Sign in' is clicked on

2020-06-05 23:18:46 - [MESSAGE][PASSED] - Object: 'Object Repository/Page_Mattermost_login/span_Sign in' is clicked on

2020-06-05 23:18:46 - [MESSAGE][PASSED] - Call Test Case 'Test Cases/Login/login_function' successfully

2020-06-05 23:18:46 - [TEST_STEP][PASSED] - waitForElementVisible(findTestObject("Object Repository/Rename_channel/span_Town Square"), 2): Object 'Object Repository/Rename_channel/span_Town Square' is visible

2020-06-05 23:18:48 - [MESSAGE][PASSED] - Object 'Object Repository/Rename_channel/span_Town Square' is visible

2020-06-05 23:18:48 - [TEST_STEP][PASSED] - url = getUrl().substring(7): Current window's url is: 'http://192.168.1.10:8065/test4/channels/town-square'

2020-06-05 23:18:48 - [MESSAGE][PASSED] - Current window's url is: 'http://192.168.1.10:8065/test4/channels/town-square'

2020-06-05 23:18:48 - [TEST_STEP][PASSED] - arr = url.split("/"): null

2020-06-05 23:18:48 - [TEST_STEP][PASSED] - arr[length - 1] = channel_url: null

2020-06-05 23:18:48 - [TEST_STEP][PASSED] - newUrl = "": null

2020-06-05 23:18:48 - [TEST_STEP][PASSED] - for ([i = 0, i < length, (i++)]): null

2020-06-05 23:18:48 - [TEST_STEP][PASSED] - newUrl += arr[i] + "/": null

2020-06-05 23:18:48 - [TEST_STEP][PASSED] - newUrl += arr[i] + "/": null

2020-06-05 23:18:48 - [TEST_STEP][PASSED] - newUrl += arr[i] + "/": null

2020-06-05 23:18:48 - [TEST_STEP][PASSED] - newUrl += arr[i] + "/": null

2020-06-05 23:18:48 - [TEST_STEP][PASSED] - printf(newUrl): null

2020-06-05 23:18:48 - [TEST_STEP][PASSED] - navigateToUrl("http://" + newUrl): Navigate to 'http://192.168.1.10:8065/test4/channels/test_name_3/' successfully

2020-06-05 23:18:49 - [MESSAGE][PASSED] - Navigate to 'http://192.168.1.10:8065/test4/channels/test_name_3/' successfully

2020-06-05 23:18:49 - [TEST_STEP][PASSED] - if (verifyElementPresent(findTestObject("Object Repository/Rename_channel/span_Town Square"), 1, OPTIONAL)): com.kms.katalon.core.webui.exception.WebElementNotFoundException: Web element with id: 'Object Repository/Rename_channel/span_Town Square' located by 'By.xpath: //strong[@id='channelHeaderTitle']/span' not found (Root cause: com.kms.katalon.core.exception.StepFailedException: com.kms.katalon.core.webui.exception.WebElementNotFoundException: Web element with id: 'Object Repository/Rename_channel/span_Town Square' located by 'By.xpath: //strong[@id='channelHeaderTitle']/span' not found
	at com.kms.katalon.core.webui.keyword.internal.WebUIKeywordMain.stepFailed(WebUIKeywordMain.groovy:64)
	at com.kms.katalon.core.webui.keyword.builtin.VerifyElementPresentKeyword$_verifyElementPresent_closure1.doCall(VerifyElementPresentKeyword.groovy:85)
	at com.kms.katalon.core.webui.keyword.builtin.VerifyElementPresentKeyword$_verifyElementPresent_closure1.call(VerifyElementPresentKeyword.groovy)
	at com.kms.katalon.core.webui.keyword.internal.WebUIKeywordMain.runKeyword(WebUIKeywordMain.groovy:20)
	at com.kms.katalon.core.webui.keyword.builtin.VerifyElementPresentKeyword.verifyElementPresent(VerifyElementPresentKeyword.groovy:92)
	at com.kms.katalon.core.webui.keyword.builtin.VerifyElementPresentKeyword.execute(VerifyElementPresentKeyword.groovy:68)
	at com.kms.katalon.core.keyword.internal.KeywordExecutor.executeKeywordForPlatform(KeywordExecutor.groovy:72)
	at com.kms.katalon.core.webui.keyword.WebUiBuiltInKeywords.verifyElementPresent(WebUiBuiltInKeywords.groovy:1444)
	at com.kms.katalon.core.webui.keyword.WebUiBuiltInKeywords$verifyElementPresent$6.call(Unknown Source)
	at Change_channel_url.run(Change_channel_url:68)
	at com.kms.katalon.core.main.ScriptEngine.run(ScriptEngine.java:194)
	at com.kms.katalon.core.main.ScriptEngine.runScriptAsRawText(ScriptEngine.java:119)
	at com.kms.katalon.core.main.TestCaseExecutor.runScript(TestCaseExecutor.java:337)
	at com.kms.katalon.core.main.TestCaseExecutor.doExecute(TestCaseExecutor.java:328)
	at com.kms.katalon.core.main.TestCaseExecutor.processExecutionPhase(TestCaseExecutor.java:307)
	at com.kms.katalon.core.main.TestCaseExecutor.accessMainPhase(TestCaseExecutor.java:299)
	at com.kms.katalon.core.main.TestCaseExecutor.execute(TestCaseExecutor.java:233)
	at com.kms.katalon.core.main.TestSuiteExecutor.accessTestCaseMainPhase(TestSuiteExecutor.java:169)
	at com.kms.katalon.core.main.TestSuiteExecutor.accessTestSuiteMainPhase(TestSuiteExecutor.java:142)
	at com.kms.katalon.core.main.TestSuiteExecutor.execute(TestSuiteExecutor.java:91)
	at com.kms.katalon.core.main.TestCaseMain.startTestSuite(TestCaseMain.java:157)
	at com.kms.katalon.core.main.TestCaseMain$startTestSuite$0.call(Unknown Source)
	at TempTestSuite1591373123859.run(TempTestSuite1591373123859.groovy:37)
)

2020-06-05 23:18:51 - [MESSAGE][INFO] - Unable to find the element located by 'By.xpath: //strong[@id='channelHeaderTitle']/span'. Please recheck the objects properties to make sure the desired element is located. 

2020-06-05 23:18:51 - [MESSAGE][WARNING] - com.kms.katalon.core.webui.exception.WebElementNotFoundException: Web element with id: 'Object Repository/Rename_channel/span_Town Square' located by 'By.xpath: //strong[@id='channelHeaderTitle']/span' not found (Root cause: com.kms.katalon.core.exception.StepFailedException: com.kms.katalon.core.webui.exception.WebElementNotFoundException: Web element with id: 'Object Repository/Rename_channel/span_Town Square' located by 'By.xpath: //strong[@id='channelHeaderTitle']/span' not found
	at com.kms.katalon.core.webui.keyword.internal.WebUIKeywordMain.stepFailed(WebUIKeywordMain.groovy:64)
	at com.kms.katalon.core.webui.keyword.builtin.VerifyElementPresentKeyword$_verifyElementPresent_closure1.doCall(VerifyElementPresentKeyword.groovy:85)
	at com.kms.katalon.core.webui.keyword.builtin.VerifyElementPresentKeyword$_verifyElementPresent_closure1.call(VerifyElementPresentKeyword.groovy)
	at com.kms.katalon.core.webui.keyword.internal.WebUIKeywordMain.runKeyword(WebUIKeywordMain.groovy:20)
	at com.kms.katalon.core.webui.keyword.builtin.VerifyElementPresentKeyword.verifyElementPresent(VerifyElementPresentKeyword.groovy:92)
	at com.kms.katalon.core.webui.keyword.builtin.VerifyElementPresentKeyword.execute(VerifyElementPresentKeyword.groovy:68)
	at com.kms.katalon.core.keyword.internal.KeywordExecutor.executeKeywordForPlatform(KeywordExecutor.groovy:72)
	at com.kms.katalon.core.webui.keyword.WebUiBuiltInKeywords.verifyElementPresent(WebUiBuiltInKeywords.groovy:1444)
	at com.kms.katalon.core.webui.keyword.WebUiBuiltInKeywords$verifyElementPresent$6.call(Unknown Source)
	at Change_channel_url.run(Change_channel_url:68)
	at com.kms.katalon.core.main.ScriptEngine.run(ScriptEngine.java:194)
	at com.kms.katalon.core.main.ScriptEngine.runScriptAsRawText(ScriptEngine.java:119)
	at com.kms.katalon.core.main.TestCaseExecutor.runScript(TestCaseExecutor.java:337)
	at com.kms.katalon.core.main.TestCaseExecutor.doExecute(TestCaseExecutor.java:328)
	at com.kms.katalon.core.main.TestCaseExecutor.processExecutionPhase(TestCaseExecutor.java:307)
	at com.kms.katalon.core.main.TestCaseExecutor.accessMainPhase(TestCaseExecutor.java:299)
	at com.kms.katalon.core.main.TestCaseExecutor.execute(TestCaseExecutor.java:233)
	at com.kms.katalon.core.main.TestSuiteExecutor.accessTestCaseMainPhase(TestSuiteExecutor.java:169)
	at com.kms.katalon.core.main.TestSuiteExecutor.accessTestSuiteMainPhase(TestSuiteExecutor.java:142)
	at com.kms.katalon.core.main.TestSuiteExecutor.execute(TestSuiteExecutor.java:91)
	at com.kms.katalon.core.main.TestCaseMain.startTestSuite(TestCaseMain.java:157)
	at com.kms.katalon.core.main.TestCaseMain$startTestSuite$0.call(Unknown Source)
	at TempTestSuite1591373123859.run(TempTestSuite1591373123859.groovy:37)
)
[[ATTACHMENT|D:\\katalon\\hw2-katalon-testing\\Reports\\20200605_230523\\Run_All_Test_Cases\\20200605_230523\\1591373931754.png]]

2020-06-05 23:18:51 - [TEST_STEP][PASSED] - Start tear down : Teardown: Method 'Teardown' complete successfully

2020-06-05 23:18:51 - [TEST_STEP][PASSED] - closeBrowser(): Browser is closed

2020-06-05 23:18:52 - [MESSAGE][PASSED] - Browser is closed

2020-06-05 23:18:52 - [MESSAGE][PASSED] - Method 'Teardown' complete successfully]]></system-out>
         <system-err><![CDATA[]]></system-err>
      </testcase>
      <testcase name="Test Cases/Channel/Change_channel_url" time="15.498" classname="Test Cases/Channel/Change_channel_url" status="PASSED">
         <system-out><![CDATA[2020-06-05 23:18:52 - [TEST_CASE][PASSED] - Test Cases/Channel/Change_channel_url: Test Cases/Channel/Change_channel_url

2020-06-05 23:18:52 - [TEST_STEP][PASSED] - Start setup action : Setup: Method 'Setup' complete successfully

2020-06-05 23:18:52 - [TEST_STEP][PASSED] - openBrowser("http://192.168.1.10:8065/login"): Browser is opened with url: 'http://192.168.1.10:8065/login'

2020-06-05 23:18:52 - [MESSAGE][INFO] - Starting 'Firefox' driver

2020-06-05 23:18:52 - [MESSAGE][INFO] - Action delay is set to 0 milliseconds

2020-06-05 23:18:57 - [MESSAGE][PASSED] - Browser is opened with url: 'http://192.168.1.10:8065/login'

2020-06-05 23:18:57 - [MESSAGE][PASSED] - Method 'Setup' complete successfully

2020-06-05 23:18:57 - [TEST_STEP][PASSED] - callTestCase(findTestCase("Test Cases/Login/login_function"), ["var_user":"tlvietdanh@gmail.com", "var_password":"13101998"], STOP_ON_FAILURE): Call Test Case 'Test Cases/Login/login_function' successfully

2020-06-05 23:18:57 - [TEST_CASE][PASSED] - Test Cases/Login/login_function: Test Cases/Login/login_function

2020-06-05 23:18:57 - [TEST_STEP][PASSED] - setText(findTestObject("Object Repository/Page_Mattermost_login/input_loginId"), var_user): Text 'tlvietdanh@gmail.com' is set on object 'Object Repository/Page_Mattermost_login/input_loginId'

2020-06-05 23:18:58 - [MESSAGE][PASSED] - Text 'tlvietdanh@gmail.com' is set on object 'Object Repository/Page_Mattermost_login/input_loginId'

2020-06-05 23:18:58 - [TEST_STEP][PASSED] - setText(findTestObject("Object Repository/Page_Mattermost_login/input_password"), var_password): Text '13101998' is set on object 'Object Repository/Page_Mattermost_login/input_password'

2020-06-05 23:18:59 - [MESSAGE][PASSED] - Text '13101998' is set on object 'Object Repository/Page_Mattermost_login/input_password'

2020-06-05 23:18:59 - [TEST_STEP][PASSED] - click(findTestObject("Object Repository/Page_Mattermost_login/span_Sign in")): Object: 'Object Repository/Page_Mattermost_login/span_Sign in' is clicked on

2020-06-05 23:19:00 - [MESSAGE][PASSED] - Object: 'Object Repository/Page_Mattermost_login/span_Sign in' is clicked on

2020-06-05 23:19:00 - [MESSAGE][PASSED] - Call Test Case 'Test Cases/Login/login_function' successfully

2020-06-05 23:19:00 - [TEST_STEP][PASSED] - waitForElementVisible(findTestObject("Object Repository/Rename_channel/span_Town Square"), 2): Object 'Object Repository/Rename_channel/span_Town Square' is visible

2020-06-05 23:19:02 - [MESSAGE][PASSED] - Object 'Object Repository/Rename_channel/span_Town Square' is visible

2020-06-05 23:19:02 - [TEST_STEP][PASSED] - url = getUrl().substring(7): Current window's url is: 'http://192.168.1.10:8065/test4/channels/town-square'

2020-06-05 23:19:02 - [MESSAGE][PASSED] - Current window's url is: 'http://192.168.1.10:8065/test4/channels/town-square'

2020-06-05 23:19:02 - [TEST_STEP][PASSED] - arr = url.split("/"): null

2020-06-05 23:19:02 - [TEST_STEP][PASSED] - arr[length - 1] = channel_url: null

2020-06-05 23:19:02 - [TEST_STEP][PASSED] - newUrl = "": null

2020-06-05 23:19:02 - [TEST_STEP][PASSED] - for ([i = 0, i < length, (i++)]): null

2020-06-05 23:19:02 - [TEST_STEP][PASSED] - newUrl += arr[i] + "/": null

2020-06-05 23:19:02 - [TEST_STEP][PASSED] - newUrl += arr[i] + "/": null

2020-06-05 23:19:02 - [TEST_STEP][PASSED] - newUrl += arr[i] + "/": null

2020-06-05 23:19:02 - [TEST_STEP][PASSED] - newUrl += arr[i] + "/": null

2020-06-05 23:19:02 - [TEST_STEP][PASSED] - printf(newUrl): null

2020-06-05 23:19:02 - [TEST_STEP][PASSED] - navigateToUrl("http://" + newUrl): Navigate to 'http://192.168.1.10:8065/test4/channels/test_name_4/' successfully

2020-06-05 23:19:03 - [MESSAGE][PASSED] - Navigate to 'http://192.168.1.10:8065/test4/channels/test_name_4/' successfully

2020-06-05 23:19:03 - [TEST_STEP][PASSED] - if (verifyElementPresent(findTestObject("Object Repository/Rename_channel/span_Town Square"), 1, OPTIONAL)): com.kms.katalon.core.webui.exception.WebElementNotFoundException: Web element with id: 'Object Repository/Rename_channel/span_Town Square' located by 'By.xpath: //strong[@id='channelHeaderTitle']/span' not found (Root cause: com.kms.katalon.core.exception.StepFailedException: com.kms.katalon.core.webui.exception.WebElementNotFoundException: Web element with id: 'Object Repository/Rename_channel/span_Town Square' located by 'By.xpath: //strong[@id='channelHeaderTitle']/span' not found
	at com.kms.katalon.core.webui.keyword.internal.WebUIKeywordMain.stepFailed(WebUIKeywordMain.groovy:64)
	at com.kms.katalon.core.webui.keyword.builtin.VerifyElementPresentKeyword$_verifyElementPresent_closure1.doCall(VerifyElementPresentKeyword.groovy:85)
	at com.kms.katalon.core.webui.keyword.builtin.VerifyElementPresentKeyword$_verifyElementPresent_closure1.call(VerifyElementPresentKeyword.groovy)
	at com.kms.katalon.core.webui.keyword.internal.WebUIKeywordMain.runKeyword(WebUIKeywordMain.groovy:20)
	at com.kms.katalon.core.webui.keyword.builtin.VerifyElementPresentKeyword.verifyElementPresent(VerifyElementPresentKeyword.groovy:92)
	at com.kms.katalon.core.webui.keyword.builtin.VerifyElementPresentKeyword.execute(VerifyElementPresentKeyword.groovy:68)
	at com.kms.katalon.core.keyword.internal.KeywordExecutor.executeKeywordForPlatform(KeywordExecutor.groovy:72)
	at com.kms.katalon.core.webui.keyword.WebUiBuiltInKeywords.verifyElementPresent(WebUiBuiltInKeywords.groovy:1444)
	at com.kms.katalon.core.webui.keyword.WebUiBuiltInKeywords$verifyElementPresent$6.call(Unknown Source)
	at Change_channel_url.run(Change_channel_url:68)
	at com.kms.katalon.core.main.ScriptEngine.run(ScriptEngine.java:194)
	at com.kms.katalon.core.main.ScriptEngine.runScriptAsRawText(ScriptEngine.java:119)
	at com.kms.katalon.core.main.TestCaseExecutor.runScript(TestCaseExecutor.java:337)
	at com.kms.katalon.core.main.TestCaseExecutor.doExecute(TestCaseExecutor.java:328)
	at com.kms.katalon.core.main.TestCaseExecutor.processExecutionPhase(TestCaseExecutor.java:307)
	at com.kms.katalon.core.main.TestCaseExecutor.accessMainPhase(TestCaseExecutor.java:299)
	at com.kms.katalon.core.main.TestCaseExecutor.execute(TestCaseExecutor.java:233)
	at com.kms.katalon.core.main.TestSuiteExecutor.accessTestCaseMainPhase(TestSuiteExecutor.java:169)
	at com.kms.katalon.core.main.TestSuiteExecutor.accessTestSuiteMainPhase(TestSuiteExecutor.java:142)
	at com.kms.katalon.core.main.TestSuiteExecutor.execute(TestSuiteExecutor.java:91)
	at com.kms.katalon.core.main.TestCaseMain.startTestSuite(TestCaseMain.java:157)
	at com.kms.katalon.core.main.TestCaseMain$startTestSuite$0.call(Unknown Source)
	at TempTestSuite1591373123859.run(TempTestSuite1591373123859.groovy:37)
)

2020-06-05 23:19:06 - [MESSAGE][INFO] - Unable to find the element located by 'By.xpath: //strong[@id='channelHeaderTitle']/span'. Please recheck the objects properties to make sure the desired element is located. 

2020-06-05 23:19:06 - [MESSAGE][WARNING] - com.kms.katalon.core.webui.exception.WebElementNotFoundException: Web element with id: 'Object Repository/Rename_channel/span_Town Square' located by 'By.xpath: //strong[@id='channelHeaderTitle']/span' not found (Root cause: com.kms.katalon.core.exception.StepFailedException: com.kms.katalon.core.webui.exception.WebElementNotFoundException: Web element with id: 'Object Repository/Rename_channel/span_Town Square' located by 'By.xpath: //strong[@id='channelHeaderTitle']/span' not found
	at com.kms.katalon.core.webui.keyword.internal.WebUIKeywordMain.stepFailed(WebUIKeywordMain.groovy:64)
	at com.kms.katalon.core.webui.keyword.builtin.VerifyElementPresentKeyword$_verifyElementPresent_closure1.doCall(VerifyElementPresentKeyword.groovy:85)
	at com.kms.katalon.core.webui.keyword.builtin.VerifyElementPresentKeyword$_verifyElementPresent_closure1.call(VerifyElementPresentKeyword.groovy)
	at com.kms.katalon.core.webui.keyword.internal.WebUIKeywordMain.runKeyword(WebUIKeywordMain.groovy:20)
	at com.kms.katalon.core.webui.keyword.builtin.VerifyElementPresentKeyword.verifyElementPresent(VerifyElementPresentKeyword.groovy:92)
	at com.kms.katalon.core.webui.keyword.builtin.VerifyElementPresentKeyword.execute(VerifyElementPresentKeyword.groovy:68)
	at com.kms.katalon.core.keyword.internal.KeywordExecutor.executeKeywordForPlatform(KeywordExecutor.groovy:72)
	at com.kms.katalon.core.webui.keyword.WebUiBuiltInKeywords.verifyElementPresent(WebUiBuiltInKeywords.groovy:1444)
	at com.kms.katalon.core.webui.keyword.WebUiBuiltInKeywords$verifyElementPresent$6.call(Unknown Source)
	at Change_channel_url.run(Change_channel_url:68)
	at com.kms.katalon.core.main.ScriptEngine.run(ScriptEngine.java:194)
	at com.kms.katalon.core.main.ScriptEngine.runScriptAsRawText(ScriptEngine.java:119)
	at com.kms.katalon.core.main.TestCaseExecutor.runScript(TestCaseExecutor.java:337)
	at com.kms.katalon.core.main.TestCaseExecutor.doExecute(TestCaseExecutor.java:328)
	at com.kms.katalon.core.main.TestCaseExecutor.processExecutionPhase(TestCaseExecutor.java:307)
	at com.kms.katalon.core.main.TestCaseExecutor.accessMainPhase(TestCaseExecutor.java:299)
	at com.kms.katalon.core.main.TestCaseExecutor.execute(TestCaseExecutor.java:233)
	at com.kms.katalon.core.main.TestSuiteExecutor.accessTestCaseMainPhase(TestSuiteExecutor.java:169)
	at com.kms.katalon.core.main.TestSuiteExecutor.accessTestSuiteMainPhase(TestSuiteExecutor.java:142)
	at com.kms.katalon.core.main.TestSuiteExecutor.execute(TestSuiteExecutor.java:91)
	at com.kms.katalon.core.main.TestCaseMain.startTestSuite(TestCaseMain.java:157)
	at com.kms.katalon.core.main.TestCaseMain$startTestSuite$0.call(Unknown Source)
	at TempTestSuite1591373123859.run(TempTestSuite1591373123859.groovy:37)
)
[[ATTACHMENT|D:\\katalon\\hw2-katalon-testing\\Reports\\20200605_230523\\Run_All_Test_Cases\\20200605_230523\\1591373946811.png]]

2020-06-05 23:19:06 - [TEST_STEP][PASSED] - Start tear down : Teardown: Method 'Teardown' complete successfully

2020-06-05 23:19:06 - [TEST_STEP][PASSED] - closeBrowser(): Browser is closed

2020-06-05 23:19:08 - [MESSAGE][PASSED] - Browser is closed

2020-06-05 23:19:08 - [MESSAGE][PASSED] - Method 'Teardown' complete successfully]]></system-out>
         <system-err><![CDATA[]]></system-err>
      </testcase>
      <testcase name="Test Cases/Channel/Change_channel_url" time="14.337" classname="Test Cases/Channel/Change_channel_url" status="PASSED">
         <system-out><![CDATA[2020-06-05 23:19:08 - [TEST_CASE][PASSED] - Test Cases/Channel/Change_channel_url: Test Cases/Channel/Change_channel_url

2020-06-05 23:19:08 - [TEST_STEP][PASSED] - Start setup action : Setup: Method 'Setup' complete successfully

2020-06-05 23:19:08 - [TEST_STEP][PASSED] - openBrowser("http://192.168.1.10:8065/login"): Browser is opened with url: 'http://192.168.1.10:8065/login'

2020-06-05 23:19:08 - [MESSAGE][INFO] - Starting 'Firefox' driver

2020-06-05 23:19:08 - [MESSAGE][INFO] - Action delay is set to 0 milliseconds

2020-06-05 23:19:13 - [MESSAGE][PASSED] - Browser is opened with url: 'http://192.168.1.10:8065/login'

2020-06-05 23:19:13 - [MESSAGE][PASSED] - Method 'Setup' complete successfully

2020-06-05 23:19:13 - [TEST_STEP][PASSED] - callTestCase(findTestCase("Test Cases/Login/login_function"), ["var_user":"tlvietdanh@gmail.com", "var_password":"13101998"], STOP_ON_FAILURE): Call Test Case 'Test Cases/Login/login_function' successfully

2020-06-05 23:19:13 - [TEST_CASE][PASSED] - Test Cases/Login/login_function: Test Cases/Login/login_function

2020-06-05 23:19:13 - [TEST_STEP][PASSED] - setText(findTestObject("Object Repository/Page_Mattermost_login/input_loginId"), var_user): Text 'tlvietdanh@gmail.com' is set on object 'Object Repository/Page_Mattermost_login/input_loginId'

2020-06-05 23:19:15 - [MESSAGE][PASSED] - Text 'tlvietdanh@gmail.com' is set on object 'Object Repository/Page_Mattermost_login/input_loginId'

2020-06-05 23:19:15 - [TEST_STEP][PASSED] - setText(findTestObject("Object Repository/Page_Mattermost_login/input_password"), var_password): Text '13101998' is set on object 'Object Repository/Page_Mattermost_login/input_password'

2020-06-05 23:19:15 - [MESSAGE][PASSED] - Text '13101998' is set on object 'Object Repository/Page_Mattermost_login/input_password'

2020-06-05 23:19:15 - [TEST_STEP][PASSED] - click(findTestObject("Object Repository/Page_Mattermost_login/span_Sign in")): Object: 'Object Repository/Page_Mattermost_login/span_Sign in' is clicked on

2020-06-05 23:19:16 - [MESSAGE][PASSED] - Object: 'Object Repository/Page_Mattermost_login/span_Sign in' is clicked on

2020-06-05 23:19:16 - [MESSAGE][PASSED] - Call Test Case 'Test Cases/Login/login_function' successfully

2020-06-05 23:19:16 - [TEST_STEP][PASSED] - waitForElementVisible(findTestObject("Object Repository/Rename_channel/span_Town Square"), 2): Object 'Object Repository/Rename_channel/span_Town Square' is visible

2020-06-05 23:19:18 - [MESSAGE][PASSED] - Object 'Object Repository/Rename_channel/span_Town Square' is visible

2020-06-05 23:19:18 - [TEST_STEP][PASSED] - url = getUrl().substring(7): Current window's url is: 'http://192.168.1.10:8065/test4/channels/town-square'

2020-06-05 23:19:18 - [MESSAGE][PASSED] - Current window's url is: 'http://192.168.1.10:8065/test4/channels/town-square'

2020-06-05 23:19:18 - [TEST_STEP][PASSED] - arr = url.split("/"): null

2020-06-05 23:19:18 - [TEST_STEP][PASSED] - arr[length - 1] = channel_url: null

2020-06-05 23:19:18 - [TEST_STEP][PASSED] - newUrl = "": null

2020-06-05 23:19:18 - [TEST_STEP][PASSED] - for ([i = 0, i < length, (i++)]): null

2020-06-05 23:19:18 - [TEST_STEP][PASSED] - newUrl += arr[i] + "/": null

2020-06-05 23:19:18 - [TEST_STEP][PASSED] - newUrl += arr[i] + "/": null

2020-06-05 23:19:18 - [TEST_STEP][PASSED] - newUrl += arr[i] + "/": null

2020-06-05 23:19:18 - [TEST_STEP][PASSED] - newUrl += arr[i] + "/": null

2020-06-05 23:19:18 - [TEST_STEP][PASSED] - printf(newUrl): null

2020-06-05 23:19:18 - [TEST_STEP][PASSED] - navigateToUrl("http://" + newUrl): Navigate to 'http://192.168.1.10:8065/test4/channels/test_name_5/' successfully

2020-06-05 23:19:19 - [MESSAGE][PASSED] - Navigate to 'http://192.168.1.10:8065/test4/channels/test_name_5/' successfully

2020-06-05 23:19:19 - [TEST_STEP][PASSED] - if (verifyElementPresent(findTestObject("Object Repository/Rename_channel/span_Town Square"), 1, OPTIONAL)): com.kms.katalon.core.webui.exception.WebElementNotFoundException: Web element with id: 'Object Repository/Rename_channel/span_Town Square' located by 'By.xpath: //strong[@id='channelHeaderTitle']/span' not found (Root cause: com.kms.katalon.core.exception.StepFailedException: com.kms.katalon.core.webui.exception.WebElementNotFoundException: Web element with id: 'Object Repository/Rename_channel/span_Town Square' located by 'By.xpath: //strong[@id='channelHeaderTitle']/span' not found
	at com.kms.katalon.core.webui.keyword.internal.WebUIKeywordMain.stepFailed(WebUIKeywordMain.groovy:64)
	at com.kms.katalon.core.webui.keyword.builtin.VerifyElementPresentKeyword$_verifyElementPresent_closure1.doCall(VerifyElementPresentKeyword.groovy:85)
	at com.kms.katalon.core.webui.keyword.builtin.VerifyElementPresentKeyword$_verifyElementPresent_closure1.call(VerifyElementPresentKeyword.groovy)
	at com.kms.katalon.core.webui.keyword.internal.WebUIKeywordMain.runKeyword(WebUIKeywordMain.groovy:20)
	at com.kms.katalon.core.webui.keyword.builtin.VerifyElementPresentKeyword.verifyElementPresent(VerifyElementPresentKeyword.groovy:92)
	at com.kms.katalon.core.webui.keyword.builtin.VerifyElementPresentKeyword.execute(VerifyElementPresentKeyword.groovy:68)
	at com.kms.katalon.core.keyword.internal.KeywordExecutor.executeKeywordForPlatform(KeywordExecutor.groovy:72)
	at com.kms.katalon.core.webui.keyword.WebUiBuiltInKeywords.verifyElementPresent(WebUiBuiltInKeywords.groovy:1444)
	at com.kms.katalon.core.webui.keyword.WebUiBuiltInKeywords$verifyElementPresent$6.call(Unknown Source)
	at Change_channel_url.run(Change_channel_url:68)
	at com.kms.katalon.core.main.ScriptEngine.run(ScriptEngine.java:194)
	at com.kms.katalon.core.main.ScriptEngine.runScriptAsRawText(ScriptEngine.java:119)
	at com.kms.katalon.core.main.TestCaseExecutor.runScript(TestCaseExecutor.java:337)
	at com.kms.katalon.core.main.TestCaseExecutor.doExecute(TestCaseExecutor.java:328)
	at com.kms.katalon.core.main.TestCaseExecutor.processExecutionPhase(TestCaseExecutor.java:307)
	at com.kms.katalon.core.main.TestCaseExecutor.accessMainPhase(TestCaseExecutor.java:299)
	at com.kms.katalon.core.main.TestCaseExecutor.execute(TestCaseExecutor.java:233)
	at com.kms.katalon.core.main.TestSuiteExecutor.accessTestCaseMainPhase(TestSuiteExecutor.java:169)
	at com.kms.katalon.core.main.TestSuiteExecutor.accessTestSuiteMainPhase(TestSuiteExecutor.java:142)
	at com.kms.katalon.core.main.TestSuiteExecutor.execute(TestSuiteExecutor.java:91)
	at com.kms.katalon.core.main.TestCaseMain.startTestSuite(TestCaseMain.java:157)
	at com.kms.katalon.core.main.TestCaseMain$startTestSuite$0.call(Unknown Source)
	at TempTestSuite1591373123859.run(TempTestSuite1591373123859.groovy:37)
)

2020-06-05 23:19:21 - [MESSAGE][INFO] - Unable to find the element located by 'By.xpath: //strong[@id='channelHeaderTitle']/span'. Please recheck the objects properties to make sure the desired element is located. 

2020-06-05 23:19:21 - [MESSAGE][WARNING] - com.kms.katalon.core.webui.exception.WebElementNotFoundException: Web element with id: 'Object Repository/Rename_channel/span_Town Square' located by 'By.xpath: //strong[@id='channelHeaderTitle']/span' not found (Root cause: com.kms.katalon.core.exception.StepFailedException: com.kms.katalon.core.webui.exception.WebElementNotFoundException: Web element with id: 'Object Repository/Rename_channel/span_Town Square' located by 'By.xpath: //strong[@id='channelHeaderTitle']/span' not found
	at com.kms.katalon.core.webui.keyword.internal.WebUIKeywordMain.stepFailed(WebUIKeywordMain.groovy:64)
	at com.kms.katalon.core.webui.keyword.builtin.VerifyElementPresentKeyword$_verifyElementPresent_closure1.doCall(VerifyElementPresentKeyword.groovy:85)
	at com.kms.katalon.core.webui.keyword.builtin.VerifyElementPresentKeyword$_verifyElementPresent_closure1.call(VerifyElementPresentKeyword.groovy)
	at com.kms.katalon.core.webui.keyword.internal.WebUIKeywordMain.runKeyword(WebUIKeywordMain.groovy:20)
	at com.kms.katalon.core.webui.keyword.builtin.VerifyElementPresentKeyword.verifyElementPresent(VerifyElementPresentKeyword.groovy:92)
	at com.kms.katalon.core.webui.keyword.builtin.VerifyElementPresentKeyword.execute(VerifyElementPresentKeyword.groovy:68)
	at com.kms.katalon.core.keyword.internal.KeywordExecutor.executeKeywordForPlatform(KeywordExecutor.groovy:72)
	at com.kms.katalon.core.webui.keyword.WebUiBuiltInKeywords.verifyElementPresent(WebUiBuiltInKeywords.groovy:1444)
	at com.kms.katalon.core.webui.keyword.WebUiBuiltInKeywords$verifyElementPresent$6.call(Unknown Source)
	at Change_channel_url.run(Change_channel_url:68)
	at com.kms.katalon.core.main.ScriptEngine.run(ScriptEngine.java:194)
	at com.kms.katalon.core.main.ScriptEngine.runScriptAsRawText(ScriptEngine.java:119)
	at com.kms.katalon.core.main.TestCaseExecutor.runScript(TestCaseExecutor.java:337)
	at com.kms.katalon.core.main.TestCaseExecutor.doExecute(TestCaseExecutor.java:328)
	at com.kms.katalon.core.main.TestCaseExecutor.processExecutionPhase(TestCaseExecutor.java:307)
	at com.kms.katalon.core.main.TestCaseExecutor.accessMainPhase(TestCaseExecutor.java:299)
	at com.kms.katalon.core.main.TestCaseExecutor.execute(TestCaseExecutor.java:233)
	at com.kms.katalon.core.main.TestSuiteExecutor.accessTestCaseMainPhase(TestSuiteExecutor.java:169)
	at com.kms.katalon.core.main.TestSuiteExecutor.accessTestSuiteMainPhase(TestSuiteExecutor.java:142)
	at com.kms.katalon.core.main.TestSuiteExecutor.execute(TestSuiteExecutor.java:91)
	at com.kms.katalon.core.main.TestCaseMain.startTestSuite(TestCaseMain.java:157)
	at com.kms.katalon.core.main.TestCaseMain$startTestSuite$0.call(Unknown Source)
	at TempTestSuite1591373123859.run(TempTestSuite1591373123859.groovy:37)
)
[[ATTACHMENT|D:\\katalon\\hw2-katalon-testing\\Reports\\20200605_230523\\Run_All_Test_Cases\\20200605_230523\\1591373961595.png]]

2020-06-05 23:19:21 - [TEST_STEP][PASSED] - Start tear down : Teardown: Method 'Teardown' complete successfully

2020-06-05 23:19:21 - [TEST_STEP][PASSED] - closeBrowser(): Browser is closed

2020-06-05 23:19:22 - [MESSAGE][PASSED] - Browser is closed

2020-06-05 23:19:22 - [MESSAGE][PASSED] - Method 'Teardown' complete successfully]]></system-out>
         <system-err><![CDATA[]]></system-err>
      </testcase>
      <testcase name="Test Cases/Channel/Change_channel_url_error" time="24.078" classname="Test Cases/Channel/Change_channel_url_error" status="PASSED">
         <system-out><![CDATA[2020-06-05 23:19:22 - [TEST_CASE][PASSED] - Test Cases/Channel/Change_channel_url_error: Test Cases/Channel/Change_channel_url_error

2020-06-05 23:19:22 - [TEST_STEP][PASSED] - Start setup action : Setup: Method 'Setup' complete successfully

2020-06-05 23:19:23 - [TEST_STEP][PASSED] - openBrowser("http://192.168.1.10:8065/login"): Browser is opened with url: 'http://192.168.1.10:8065/login'

2020-06-05 23:19:23 - [MESSAGE][INFO] - Starting 'Firefox' driver

2020-06-05 23:19:23 - [MESSAGE][INFO] - Action delay is set to 0 milliseconds

2020-06-05 23:19:27 - [MESSAGE][PASSED] - Browser is opened with url: 'http://192.168.1.10:8065/login'

2020-06-05 23:19:27 - [MESSAGE][PASSED] - Method 'Setup' complete successfully

2020-06-05 23:19:27 - [TEST_STEP][PASSED] - callTestCase(findTestCase("Test Cases/Login/login_function"), ["var_user":"tlvietdanh@gmail.com", "var_password":"13101998"], STOP_ON_FAILURE): Call Test Case 'Test Cases/Login/login_function' successfully

2020-06-05 23:19:27 - [TEST_CASE][PASSED] - Test Cases/Login/login_function: Test Cases/Login/login_function

2020-06-05 23:19:27 - [TEST_STEP][PASSED] - setText(findTestObject("Object Repository/Page_Mattermost_login/input_loginId"), var_user): Text 'tlvietdanh@gmail.com' is set on object 'Object Repository/Page_Mattermost_login/input_loginId'

2020-06-05 23:19:31 - [MESSAGE][PASSED] - Text 'tlvietdanh@gmail.com' is set on object 'Object Repository/Page_Mattermost_login/input_loginId'

2020-06-05 23:19:31 - [TEST_STEP][PASSED] - setText(findTestObject("Object Repository/Page_Mattermost_login/input_password"), var_password): Text '13101998' is set on object 'Object Repository/Page_Mattermost_login/input_password'

2020-06-05 23:19:35 - [MESSAGE][PASSED] - Text '13101998' is set on object 'Object Repository/Page_Mattermost_login/input_password'

2020-06-05 23:19:35 - [TEST_STEP][PASSED] - click(findTestObject("Object Repository/Page_Mattermost_login/span_Sign in")): Object: 'Object Repository/Page_Mattermost_login/span_Sign in' is clicked on

2020-06-05 23:19:38 - [MESSAGE][PASSED] - Object: 'Object Repository/Page_Mattermost_login/span_Sign in' is clicked on

2020-06-05 23:19:38 - [MESSAGE][PASSED] - Call Test Case 'Test Cases/Login/login_function' successfully

2020-06-05 23:19:38 - [TEST_STEP][PASSED] - waitForElementVisible(findTestObject("Object Repository/Rename_channel/span_Town Square"), 2): Object 'Object Repository/Rename_channel/span_Town Square' is visible

2020-06-05 23:19:41 - [MESSAGE][PASSED] - Object 'Object Repository/Rename_channel/span_Town Square' is visible

2020-06-05 23:19:41 - [TEST_STEP][PASSED] - url = getUrl().substring(7): Current window's url is: 'http://192.168.1.10:8065/test4/channels/town-square'

2020-06-05 23:19:41 - [MESSAGE][PASSED] - Current window's url is: 'http://192.168.1.10:8065/test4/channels/town-square'

2020-06-05 23:19:41 - [TEST_STEP][PASSED] - arr = url.split("/"): null

2020-06-05 23:19:41 - [TEST_STEP][PASSED] - arr[length - 1] = channel_url: null

2020-06-05 23:19:41 - [TEST_STEP][PASSED] - newUrl = "": null

2020-06-05 23:19:41 - [TEST_STEP][PASSED] - for ([i = 0, i < length, (i++)]): null

2020-06-05 23:19:41 - [TEST_STEP][PASSED] - newUrl += arr[i] + "/": null

2020-06-05 23:19:41 - [TEST_STEP][PASSED] - newUrl += arr[i] + "/": null

2020-06-05 23:19:41 - [TEST_STEP][PASSED] - newUrl += arr[i] + "/": null

2020-06-05 23:19:41 - [TEST_STEP][PASSED] - newUrl += arr[i] + "/": null

2020-06-05 23:19:41 - [TEST_STEP][PASSED] - printf(newUrl): null

2020-06-05 23:19:41 - [TEST_STEP][PASSED] - navigateToUrl("http://" + newUrl): Navigate to 'http://192.168.1.10:8065/test4/channels/test_name_1_reurl/' successfully

2020-06-05 23:19:42 - [MESSAGE][PASSED] - Navigate to 'http://192.168.1.10:8065/test4/channels/test_name_1_reurl/' successfully

2020-06-05 23:19:42 - [TEST_STEP][PASSED] - if (verifyElementPresent(findTestObject("Object Repository/Rename_channel/span_Town Square"), 1, OPTIONAL)): com.kms.katalon.core.webui.exception.WebElementNotFoundException: Web element with id: 'Object Repository/Rename_channel/span_Town Square' located by 'By.xpath: //strong[@id='channelHeaderTitle']/span' not found (Root cause: com.kms.katalon.core.exception.StepFailedException: com.kms.katalon.core.webui.exception.WebElementNotFoundException: Web element with id: 'Object Repository/Rename_channel/span_Town Square' located by 'By.xpath: //strong[@id='channelHeaderTitle']/span' not found
	at com.kms.katalon.core.webui.keyword.internal.WebUIKeywordMain.stepFailed(WebUIKeywordMain.groovy:64)
	at com.kms.katalon.core.webui.keyword.builtin.VerifyElementPresentKeyword$_verifyElementPresent_closure1.doCall(VerifyElementPresentKeyword.groovy:85)
	at com.kms.katalon.core.webui.keyword.builtin.VerifyElementPresentKeyword$_verifyElementPresent_closure1.call(VerifyElementPresentKeyword.groovy)
	at com.kms.katalon.core.webui.keyword.internal.WebUIKeywordMain.runKeyword(WebUIKeywordMain.groovy:20)
	at com.kms.katalon.core.webui.keyword.builtin.VerifyElementPresentKeyword.verifyElementPresent(VerifyElementPresentKeyword.groovy:92)
	at com.kms.katalon.core.webui.keyword.builtin.VerifyElementPresentKeyword.execute(VerifyElementPresentKeyword.groovy:68)
	at com.kms.katalon.core.keyword.internal.KeywordExecutor.executeKeywordForPlatform(KeywordExecutor.groovy:72)
	at com.kms.katalon.core.webui.keyword.WebUiBuiltInKeywords.verifyElementPresent(WebUiBuiltInKeywords.groovy:1444)
	at com.kms.katalon.core.webui.keyword.WebUiBuiltInKeywords$verifyElementPresent$6.call(Unknown Source)
	at Change_channel_url_error.run(Change_channel_url_error:67)
	at com.kms.katalon.core.main.ScriptEngine.run(ScriptEngine.java:194)
	at com.kms.katalon.core.main.ScriptEngine.runScriptAsRawText(ScriptEngine.java:119)
	at com.kms.katalon.core.main.TestCaseExecutor.runScript(TestCaseExecutor.java:337)
	at com.kms.katalon.core.main.TestCaseExecutor.doExecute(TestCaseExecutor.java:328)
	at com.kms.katalon.core.main.TestCaseExecutor.processExecutionPhase(TestCaseExecutor.java:307)
	at com.kms.katalon.core.main.TestCaseExecutor.accessMainPhase(TestCaseExecutor.java:299)
	at com.kms.katalon.core.main.TestCaseExecutor.execute(TestCaseExecutor.java:233)
	at com.kms.katalon.core.main.TestSuiteExecutor.accessTestCaseMainPhase(TestSuiteExecutor.java:169)
	at com.kms.katalon.core.main.TestSuiteExecutor.accessTestSuiteMainPhase(TestSuiteExecutor.java:142)
	at com.kms.katalon.core.main.TestSuiteExecutor.execute(TestSuiteExecutor.java:91)
	at com.kms.katalon.core.main.TestCaseMain.startTestSuite(TestCaseMain.java:157)
	at com.kms.katalon.core.main.TestCaseMain$startTestSuite$0.call(Unknown Source)
	at TempTestSuite1591373123859.run(TempTestSuite1591373123859.groovy:37)
)

2020-06-05 23:19:45 - [MESSAGE][INFO] - Unable to find the element located by 'By.xpath: //strong[@id='channelHeaderTitle']/span'. Please recheck the objects properties to make sure the desired element is located. 

2020-06-05 23:19:45 - [MESSAGE][WARNING] - com.kms.katalon.core.webui.exception.WebElementNotFoundException: Web element with id: 'Object Repository/Rename_channel/span_Town Square' located by 'By.xpath: //strong[@id='channelHeaderTitle']/span' not found (Root cause: com.kms.katalon.core.exception.StepFailedException: com.kms.katalon.core.webui.exception.WebElementNotFoundException: Web element with id: 'Object Repository/Rename_channel/span_Town Square' located by 'By.xpath: //strong[@id='channelHeaderTitle']/span' not found
	at com.kms.katalon.core.webui.keyword.internal.WebUIKeywordMain.stepFailed(WebUIKeywordMain.groovy:64)
	at com.kms.katalon.core.webui.keyword.builtin.VerifyElementPresentKeyword$_verifyElementPresent_closure1.doCall(VerifyElementPresentKeyword.groovy:85)
	at com.kms.katalon.core.webui.keyword.builtin.VerifyElementPresentKeyword$_verifyElementPresent_closure1.call(VerifyElementPresentKeyword.groovy)
	at com.kms.katalon.core.webui.keyword.internal.WebUIKeywordMain.runKeyword(WebUIKeywordMain.groovy:20)
	at com.kms.katalon.core.webui.keyword.builtin.VerifyElementPresentKeyword.verifyElementPresent(VerifyElementPresentKeyword.groovy:92)
	at com.kms.katalon.core.webui.keyword.builtin.VerifyElementPresentKeyword.execute(VerifyElementPresentKeyword.groovy:68)
	at com.kms.katalon.core.keyword.internal.KeywordExecutor.executeKeywordForPlatform(KeywordExecutor.groovy:72)
	at com.kms.katalon.core.webui.keyword.WebUiBuiltInKeywords.verifyElementPresent(WebUiBuiltInKeywords.groovy:1444)
	at com.kms.katalon.core.webui.keyword.WebUiBuiltInKeywords$verifyElementPresent$6.call(Unknown Source)
	at Change_channel_url_error.run(Change_channel_url_error:67)
	at com.kms.katalon.core.main.ScriptEngine.run(ScriptEngine.java:194)
	at com.kms.katalon.core.main.ScriptEngine.runScriptAsRawText(ScriptEngine.java:119)
	at com.kms.katalon.core.main.TestCaseExecutor.runScript(TestCaseExecutor.java:337)
	at com.kms.katalon.core.main.TestCaseExecutor.doExecute(TestCaseExecutor.java:328)
	at com.kms.katalon.core.main.TestCaseExecutor.processExecutionPhase(TestCaseExecutor.java:307)
	at com.kms.katalon.core.main.TestCaseExecutor.accessMainPhase(TestCaseExecutor.java:299)
	at com.kms.katalon.core.main.TestCaseExecutor.execute(TestCaseExecutor.java:233)
	at com.kms.katalon.core.main.TestSuiteExecutor.accessTestCaseMainPhase(TestSuiteExecutor.java:169)
	at com.kms.katalon.core.main.TestSuiteExecutor.accessTestSuiteMainPhase(TestSuiteExecutor.java:142)
	at com.kms.katalon.core.main.TestSuiteExecutor.execute(TestSuiteExecutor.java:91)
	at com.kms.katalon.core.main.TestCaseMain.startTestSuite(TestCaseMain.java:157)
	at com.kms.katalon.core.main.TestCaseMain$startTestSuite$0.call(Unknown Source)
	at TempTestSuite1591373123859.run(TempTestSuite1591373123859.groovy:37)
)
[[ATTACHMENT|D:\\katalon\\hw2-katalon-testing\\Reports\\20200605_230523\\Run_All_Test_Cases\\20200605_230523\\1591373985735.png]]

2020-06-05 23:19:45 - [TEST_STEP][PASSED] - Start tear down : Teardown: Method 'Teardown' complete successfully

2020-06-05 23:19:45 - [TEST_STEP][PASSED] - closeBrowser(): Browser is closed

2020-06-05 23:19:46 - [MESSAGE][PASSED] - Browser is closed

2020-06-05 23:19:46 - [MESSAGE][PASSED] - Method 'Teardown' complete successfully]]></system-out>
         <system-err><![CDATA[]]></system-err>
      </testcase>
      <testcase name="Test Cases/Channel/Change_channel_url_error" time="13.359" classname="Test Cases/Channel/Change_channel_url_error" status="PASSED">
         <system-out><![CDATA[2020-06-05 23:19:46 - [TEST_CASE][PASSED] - Test Cases/Channel/Change_channel_url_error: Test Cases/Channel/Change_channel_url_error

2020-06-05 23:19:46 - [TEST_STEP][PASSED] - Start setup action : Setup: Method 'Setup' complete successfully

2020-06-05 23:19:46 - [TEST_STEP][PASSED] - openBrowser("http://192.168.1.10:8065/login"): Browser is opened with url: 'http://192.168.1.10:8065/login'

2020-06-05 23:19:46 - [MESSAGE][INFO] - Starting 'Firefox' driver

2020-06-05 23:19:46 - [MESSAGE][INFO] - Action delay is set to 0 milliseconds

2020-06-05 23:19:51 - [MESSAGE][PASSED] - Browser is opened with url: 'http://192.168.1.10:8065/login'

2020-06-05 23:19:51 - [MESSAGE][PASSED] - Method 'Setup' complete successfully

2020-06-05 23:19:51 - [TEST_STEP][PASSED] - callTestCase(findTestCase("Test Cases/Login/login_function"), ["var_user":"tlvietdanh@gmail.com", "var_password":"13101998"], STOP_ON_FAILURE): Call Test Case 'Test Cases/Login/login_function' successfully

2020-06-05 23:19:51 - [TEST_CASE][PASSED] - Test Cases/Login/login_function: Test Cases/Login/login_function

2020-06-05 23:19:51 - [TEST_STEP][PASSED] - setText(findTestObject("Object Repository/Page_Mattermost_login/input_loginId"), var_user): Text 'tlvietdanh@gmail.com' is set on object 'Object Repository/Page_Mattermost_login/input_loginId'

2020-06-05 23:19:52 - [MESSAGE][PASSED] - Text 'tlvietdanh@gmail.com' is set on object 'Object Repository/Page_Mattermost_login/input_loginId'

2020-06-05 23:19:52 - [TEST_STEP][PASSED] - setText(findTestObject("Object Repository/Page_Mattermost_login/input_password"), var_password): Text '13101998' is set on object 'Object Repository/Page_Mattermost_login/input_password'

2020-06-05 23:19:53 - [MESSAGE][PASSED] - Text '13101998' is set on object 'Object Repository/Page_Mattermost_login/input_password'

2020-06-05 23:19:53 - [TEST_STEP][PASSED] - click(findTestObject("Object Repository/Page_Mattermost_login/span_Sign in")): Object: 'Object Repository/Page_Mattermost_login/span_Sign in' is clicked on

2020-06-05 23:19:54 - [MESSAGE][PASSED] - Object: 'Object Repository/Page_Mattermost_login/span_Sign in' is clicked on

2020-06-05 23:19:54 - [MESSAGE][PASSED] - Call Test Case 'Test Cases/Login/login_function' successfully

2020-06-05 23:19:54 - [TEST_STEP][PASSED] - waitForElementVisible(findTestObject("Object Repository/Rename_channel/span_Town Square"), 2): Object 'Object Repository/Rename_channel/span_Town Square' is visible

2020-06-05 23:19:55 - [MESSAGE][PASSED] - Object 'Object Repository/Rename_channel/span_Town Square' is visible

2020-06-05 23:19:55 - [TEST_STEP][PASSED] - url = getUrl().substring(7): Current window's url is: 'http://192.168.1.10:8065/test4/channels/town-square'

2020-06-05 23:19:55 - [MESSAGE][PASSED] - Current window's url is: 'http://192.168.1.10:8065/test4/channels/town-square'

2020-06-05 23:19:55 - [TEST_STEP][PASSED] - arr = url.split("/"): null

2020-06-05 23:19:55 - [TEST_STEP][PASSED] - arr[length - 1] = channel_url: null

2020-06-05 23:19:55 - [TEST_STEP][PASSED] - newUrl = "": null

2020-06-05 23:19:55 - [TEST_STEP][PASSED] - for ([i = 0, i < length, (i++)]): null

2020-06-05 23:19:55 - [TEST_STEP][PASSED] - newUrl += arr[i] + "/": null

2020-06-05 23:19:55 - [TEST_STEP][PASSED] - newUrl += arr[i] + "/": null

2020-06-05 23:19:55 - [TEST_STEP][PASSED] - newUrl += arr[i] + "/": null

2020-06-05 23:19:55 - [TEST_STEP][PASSED] - newUrl += arr[i] + "/": null

2020-06-05 23:19:55 - [TEST_STEP][PASSED] - printf(newUrl): null

2020-06-05 23:19:55 - [TEST_STEP][PASSED] - navigateToUrl("http://" + newUrl): Navigate to 'http://192.168.1.10:8065/test4/channels/test_name_2_reurl/' successfully

2020-06-05 23:19:56 - [MESSAGE][PASSED] - Navigate to 'http://192.168.1.10:8065/test4/channels/test_name_2_reurl/' successfully

2020-06-05 23:19:56 - [TEST_STEP][PASSED] - if (verifyElementPresent(findTestObject("Object Repository/Rename_channel/span_Town Square"), 1, OPTIONAL)): com.kms.katalon.core.webui.exception.WebElementNotFoundException: Web element with id: 'Object Repository/Rename_channel/span_Town Square' located by 'By.xpath: //strong[@id='channelHeaderTitle']/span' not found (Root cause: com.kms.katalon.core.exception.StepFailedException: com.kms.katalon.core.webui.exception.WebElementNotFoundException: Web element with id: 'Object Repository/Rename_channel/span_Town Square' located by 'By.xpath: //strong[@id='channelHeaderTitle']/span' not found
	at com.kms.katalon.core.webui.keyword.internal.WebUIKeywordMain.stepFailed(WebUIKeywordMain.groovy:64)
	at com.kms.katalon.core.webui.keyword.builtin.VerifyElementPresentKeyword$_verifyElementPresent_closure1.doCall(VerifyElementPresentKeyword.groovy:85)
	at com.kms.katalon.core.webui.keyword.builtin.VerifyElementPresentKeyword$_verifyElementPresent_closure1.call(VerifyElementPresentKeyword.groovy)
	at com.kms.katalon.core.webui.keyword.internal.WebUIKeywordMain.runKeyword(WebUIKeywordMain.groovy:20)
	at com.kms.katalon.core.webui.keyword.builtin.VerifyElementPresentKeyword.verifyElementPresent(VerifyElementPresentKeyword.groovy:92)
	at com.kms.katalon.core.webui.keyword.builtin.VerifyElementPresentKeyword.execute(VerifyElementPresentKeyword.groovy:68)
	at com.kms.katalon.core.keyword.internal.KeywordExecutor.executeKeywordForPlatform(KeywordExecutor.groovy:72)
	at com.kms.katalon.core.webui.keyword.WebUiBuiltInKeywords.verifyElementPresent(WebUiBuiltInKeywords.groovy:1444)
	at com.kms.katalon.core.webui.keyword.WebUiBuiltInKeywords$verifyElementPresent$6.call(Unknown Source)
	at Change_channel_url_error.run(Change_channel_url_error:67)
	at com.kms.katalon.core.main.ScriptEngine.run(ScriptEngine.java:194)
	at com.kms.katalon.core.main.ScriptEngine.runScriptAsRawText(ScriptEngine.java:119)
	at com.kms.katalon.core.main.TestCaseExecutor.runScript(TestCaseExecutor.java:337)
	at com.kms.katalon.core.main.TestCaseExecutor.doExecute(TestCaseExecutor.java:328)
	at com.kms.katalon.core.main.TestCaseExecutor.processExecutionPhase(TestCaseExecutor.java:307)
	at com.kms.katalon.core.main.TestCaseExecutor.accessMainPhase(TestCaseExecutor.java:299)
	at com.kms.katalon.core.main.TestCaseExecutor.execute(TestCaseExecutor.java:233)
	at com.kms.katalon.core.main.TestSuiteExecutor.accessTestCaseMainPhase(TestSuiteExecutor.java:169)
	at com.kms.katalon.core.main.TestSuiteExecutor.accessTestSuiteMainPhase(TestSuiteExecutor.java:142)
	at com.kms.katalon.core.main.TestSuiteExecutor.execute(TestSuiteExecutor.java:91)
	at com.kms.katalon.core.main.TestCaseMain.startTestSuite(TestCaseMain.java:157)
	at com.kms.katalon.core.main.TestCaseMain$startTestSuite$0.call(Unknown Source)
	at TempTestSuite1591373123859.run(TempTestSuite1591373123859.groovy:37)
)

2020-06-05 23:19:59 - [MESSAGE][INFO] - Unable to find the element located by 'By.xpath: //strong[@id='channelHeaderTitle']/span'. Please recheck the objects properties to make sure the desired element is located. 

2020-06-05 23:19:59 - [MESSAGE][WARNING] - com.kms.katalon.core.webui.exception.WebElementNotFoundException: Web element with id: 'Object Repository/Rename_channel/span_Town Square' located by 'By.xpath: //strong[@id='channelHeaderTitle']/span' not found (Root cause: com.kms.katalon.core.exception.StepFailedException: com.kms.katalon.core.webui.exception.WebElementNotFoundException: Web element with id: 'Object Repository/Rename_channel/span_Town Square' located by 'By.xpath: //strong[@id='channelHeaderTitle']/span' not found
	at com.kms.katalon.core.webui.keyword.internal.WebUIKeywordMain.stepFailed(WebUIKeywordMain.groovy:64)
	at com.kms.katalon.core.webui.keyword.builtin.VerifyElementPresentKeyword$_verifyElementPresent_closure1.doCall(VerifyElementPresentKeyword.groovy:85)
	at com.kms.katalon.core.webui.keyword.builtin.VerifyElementPresentKeyword$_verifyElementPresent_closure1.call(VerifyElementPresentKeyword.groovy)
	at com.kms.katalon.core.webui.keyword.internal.WebUIKeywordMain.runKeyword(WebUIKeywordMain.groovy:20)
	at com.kms.katalon.core.webui.keyword.builtin.VerifyElementPresentKeyword.verifyElementPresent(VerifyElementPresentKeyword.groovy:92)
	at com.kms.katalon.core.webui.keyword.builtin.VerifyElementPresentKeyword.execute(VerifyElementPresentKeyword.groovy:68)
	at com.kms.katalon.core.keyword.internal.KeywordExecutor.executeKeywordForPlatform(KeywordExecutor.groovy:72)
	at com.kms.katalon.core.webui.keyword.WebUiBuiltInKeywords.verifyElementPresent(WebUiBuiltInKeywords.groovy:1444)
	at com.kms.katalon.core.webui.keyword.WebUiBuiltInKeywords$verifyElementPresent$6.call(Unknown Source)
	at Change_channel_url_error.run(Change_channel_url_error:67)
	at com.kms.katalon.core.main.ScriptEngine.run(ScriptEngine.java:194)
	at com.kms.katalon.core.main.ScriptEngine.runScriptAsRawText(ScriptEngine.java:119)
	at com.kms.katalon.core.main.TestCaseExecutor.runScript(TestCaseExecutor.java:337)
	at com.kms.katalon.core.main.TestCaseExecutor.doExecute(TestCaseExecutor.java:328)
	at com.kms.katalon.core.main.TestCaseExecutor.processExecutionPhase(TestCaseExecutor.java:307)
	at com.kms.katalon.core.main.TestCaseExecutor.accessMainPhase(TestCaseExecutor.java:299)
	at com.kms.katalon.core.main.TestCaseExecutor.execute(TestCaseExecutor.java:233)
	at com.kms.katalon.core.main.TestSuiteExecutor.accessTestCaseMainPhase(TestSuiteExecutor.java:169)
	at com.kms.katalon.core.main.TestSuiteExecutor.accessTestSuiteMainPhase(TestSuiteExecutor.java:142)
	at com.kms.katalon.core.main.TestSuiteExecutor.execute(TestSuiteExecutor.java:91)
	at com.kms.katalon.core.main.TestCaseMain.startTestSuite(TestCaseMain.java:157)
	at com.kms.katalon.core.main.TestCaseMain$startTestSuite$0.call(Unknown Source)
	at TempTestSuite1591373123859.run(TempTestSuite1591373123859.groovy:37)
)
[[ATTACHMENT|D:\\katalon\\hw2-katalon-testing\\Reports\\20200605_230523\\Run_All_Test_Cases\\20200605_230523\\1591373999135.png]]

2020-06-05 23:19:59 - [TEST_STEP][PASSED] - Start tear down : Teardown: Method 'Teardown' complete successfully

2020-06-05 23:19:59 - [TEST_STEP][PASSED] - closeBrowser(): Browser is closed

2020-06-05 23:20:00 - [MESSAGE][PASSED] - Browser is closed

2020-06-05 23:20:00 - [MESSAGE][PASSED] - Method 'Teardown' complete successfully]]></system-out>
         <system-err><![CDATA[]]></system-err>
      </testcase>
      <testcase name="Test Cases/Channel/Change_channel_url_error" time="14.033" classname="Test Cases/Channel/Change_channel_url_error" status="PASSED">
         <system-out><![CDATA[2020-06-05 23:20:00 - [TEST_CASE][PASSED] - Test Cases/Channel/Change_channel_url_error: Test Cases/Channel/Change_channel_url_error

2020-06-05 23:20:00 - [TEST_STEP][PASSED] - Start setup action : Setup: Method 'Setup' complete successfully

2020-06-05 23:20:00 - [TEST_STEP][PASSED] - openBrowser("http://192.168.1.10:8065/login"): Browser is opened with url: 'http://192.168.1.10:8065/login'

2020-06-05 23:20:00 - [MESSAGE][INFO] - Starting 'Firefox' driver

2020-06-05 23:20:00 - [MESSAGE][INFO] - Action delay is set to 0 milliseconds

2020-06-05 23:20:05 - [MESSAGE][PASSED] - Browser is opened with url: 'http://192.168.1.10:8065/login'

2020-06-05 23:20:05 - [MESSAGE][PASSED] - Method 'Setup' complete successfully

2020-06-05 23:20:05 - [TEST_STEP][PASSED] - callTestCase(findTestCase("Test Cases/Login/login_function"), ["var_user":"tlvietdanh@gmail.com", "var_password":"13101998"], STOP_ON_FAILURE): Call Test Case 'Test Cases/Login/login_function' successfully

2020-06-05 23:20:05 - [TEST_CASE][PASSED] - Test Cases/Login/login_function: Test Cases/Login/login_function

2020-06-05 23:20:05 - [TEST_STEP][PASSED] - setText(findTestObject("Object Repository/Page_Mattermost_login/input_loginId"), var_user): Text 'tlvietdanh@gmail.com' is set on object 'Object Repository/Page_Mattermost_login/input_loginId'

2020-06-05 23:20:06 - [MESSAGE][PASSED] - Text 'tlvietdanh@gmail.com' is set on object 'Object Repository/Page_Mattermost_login/input_loginId'

2020-06-05 23:20:06 - [TEST_STEP][PASSED] - setText(findTestObject("Object Repository/Page_Mattermost_login/input_password"), var_password): Text '13101998' is set on object 'Object Repository/Page_Mattermost_login/input_password'

2020-06-05 23:20:07 - [MESSAGE][PASSED] - Text '13101998' is set on object 'Object Repository/Page_Mattermost_login/input_password'

2020-06-05 23:20:07 - [TEST_STEP][PASSED] - click(findTestObject("Object Repository/Page_Mattermost_login/span_Sign in")): Object: 'Object Repository/Page_Mattermost_login/span_Sign in' is clicked on

2020-06-05 23:20:08 - [MESSAGE][PASSED] - Object: 'Object Repository/Page_Mattermost_login/span_Sign in' is clicked on

2020-06-05 23:20:08 - [MESSAGE][PASSED] - Call Test Case 'Test Cases/Login/login_function' successfully

2020-06-05 23:20:08 - [TEST_STEP][PASSED] - waitForElementVisible(findTestObject("Object Repository/Rename_channel/span_Town Square"), 2): Object 'Object Repository/Rename_channel/span_Town Square' is visible

2020-06-05 23:20:09 - [MESSAGE][PASSED] - Object 'Object Repository/Rename_channel/span_Town Square' is visible

2020-06-05 23:20:09 - [TEST_STEP][PASSED] - url = getUrl().substring(7): Current window's url is: 'http://192.168.1.10:8065/test4/channels/town-square'

2020-06-05 23:20:09 - [MESSAGE][PASSED] - Current window's url is: 'http://192.168.1.10:8065/test4/channels/town-square'

2020-06-05 23:20:09 - [TEST_STEP][PASSED] - arr = url.split("/"): null

2020-06-05 23:20:09 - [TEST_STEP][PASSED] - arr[length - 1] = channel_url: null

2020-06-05 23:20:09 - [TEST_STEP][PASSED] - newUrl = "": null

2020-06-05 23:20:09 - [TEST_STEP][PASSED] - for ([i = 0, i < length, (i++)]): null

2020-06-05 23:20:09 - [TEST_STEP][PASSED] - newUrl += arr[i] + "/": null

2020-06-05 23:20:09 - [TEST_STEP][PASSED] - newUrl += arr[i] + "/": null

2020-06-05 23:20:09 - [TEST_STEP][PASSED] - newUrl += arr[i] + "/": null

2020-06-05 23:20:09 - [TEST_STEP][PASSED] - newUrl += arr[i] + "/": null

2020-06-05 23:20:09 - [TEST_STEP][PASSED] - printf(newUrl): null

2020-06-05 23:20:09 - [TEST_STEP][PASSED] - navigateToUrl("http://" + newUrl): Navigate to 'http://192.168.1.10:8065/test4/channels/test_name_3_reurl/' successfully

2020-06-05 23:20:10 - [MESSAGE][PASSED] - Navigate to 'http://192.168.1.10:8065/test4/channels/test_name_3_reurl/' successfully

2020-06-05 23:20:10 - [TEST_STEP][PASSED] - if (verifyElementPresent(findTestObject("Object Repository/Rename_channel/span_Town Square"), 1, OPTIONAL)): com.kms.katalon.core.webui.exception.WebElementNotFoundException: Web element with id: 'Object Repository/Rename_channel/span_Town Square' located by 'By.xpath: //strong[@id='channelHeaderTitle']/span' not found (Root cause: com.kms.katalon.core.exception.StepFailedException: com.kms.katalon.core.webui.exception.WebElementNotFoundException: Web element with id: 'Object Repository/Rename_channel/span_Town Square' located by 'By.xpath: //strong[@id='channelHeaderTitle']/span' not found
	at com.kms.katalon.core.webui.keyword.internal.WebUIKeywordMain.stepFailed(WebUIKeywordMain.groovy:64)
	at com.kms.katalon.core.webui.keyword.builtin.VerifyElementPresentKeyword$_verifyElementPresent_closure1.doCall(VerifyElementPresentKeyword.groovy:85)
	at com.kms.katalon.core.webui.keyword.builtin.VerifyElementPresentKeyword$_verifyElementPresent_closure1.call(VerifyElementPresentKeyword.groovy)
	at com.kms.katalon.core.webui.keyword.internal.WebUIKeywordMain.runKeyword(WebUIKeywordMain.groovy:20)
	at com.kms.katalon.core.webui.keyword.builtin.VerifyElementPresentKeyword.verifyElementPresent(VerifyElementPresentKeyword.groovy:92)
	at com.kms.katalon.core.webui.keyword.builtin.VerifyElementPresentKeyword.execute(VerifyElementPresentKeyword.groovy:68)
	at com.kms.katalon.core.keyword.internal.KeywordExecutor.executeKeywordForPlatform(KeywordExecutor.groovy:72)
	at com.kms.katalon.core.webui.keyword.WebUiBuiltInKeywords.verifyElementPresent(WebUiBuiltInKeywords.groovy:1444)
	at com.kms.katalon.core.webui.keyword.WebUiBuiltInKeywords$verifyElementPresent$6.call(Unknown Source)
	at Change_channel_url_error.run(Change_channel_url_error:67)
	at com.kms.katalon.core.main.ScriptEngine.run(ScriptEngine.java:194)
	at com.kms.katalon.core.main.ScriptEngine.runScriptAsRawText(ScriptEngine.java:119)
	at com.kms.katalon.core.main.TestCaseExecutor.runScript(TestCaseExecutor.java:337)
	at com.kms.katalon.core.main.TestCaseExecutor.doExecute(TestCaseExecutor.java:328)
	at com.kms.katalon.core.main.TestCaseExecutor.processExecutionPhase(TestCaseExecutor.java:307)
	at com.kms.katalon.core.main.TestCaseExecutor.accessMainPhase(TestCaseExecutor.java:299)
	at com.kms.katalon.core.main.TestCaseExecutor.execute(TestCaseExecutor.java:233)
	at com.kms.katalon.core.main.TestSuiteExecutor.accessTestCaseMainPhase(TestSuiteExecutor.java:169)
	at com.kms.katalon.core.main.TestSuiteExecutor.accessTestSuiteMainPhase(TestSuiteExecutor.java:142)
	at com.kms.katalon.core.main.TestSuiteExecutor.execute(TestSuiteExecutor.java:91)
	at com.kms.katalon.core.main.TestCaseMain.startTestSuite(TestCaseMain.java:157)
	at com.kms.katalon.core.main.TestCaseMain$startTestSuite$0.call(Unknown Source)
	at TempTestSuite1591373123859.run(TempTestSuite1591373123859.groovy:37)
)

2020-06-05 23:20:13 - [MESSAGE][INFO] - Unable to find the element located by 'By.xpath: //strong[@id='channelHeaderTitle']/span'. Please recheck the objects properties to make sure the desired element is located. 

2020-06-05 23:20:13 - [MESSAGE][WARNING] - com.kms.katalon.core.webui.exception.WebElementNotFoundException: Web element with id: 'Object Repository/Rename_channel/span_Town Square' located by 'By.xpath: //strong[@id='channelHeaderTitle']/span' not found (Root cause: com.kms.katalon.core.exception.StepFailedException: com.kms.katalon.core.webui.exception.WebElementNotFoundException: Web element with id: 'Object Repository/Rename_channel/span_Town Square' located by 'By.xpath: //strong[@id='channelHeaderTitle']/span' not found
	at com.kms.katalon.core.webui.keyword.internal.WebUIKeywordMain.stepFailed(WebUIKeywordMain.groovy:64)
	at com.kms.katalon.core.webui.keyword.builtin.VerifyElementPresentKeyword$_verifyElementPresent_closure1.doCall(VerifyElementPresentKeyword.groovy:85)
	at com.kms.katalon.core.webui.keyword.builtin.VerifyElementPresentKeyword$_verifyElementPresent_closure1.call(VerifyElementPresentKeyword.groovy)
	at com.kms.katalon.core.webui.keyword.internal.WebUIKeywordMain.runKeyword(WebUIKeywordMain.groovy:20)
	at com.kms.katalon.core.webui.keyword.builtin.VerifyElementPresentKeyword.verifyElementPresent(VerifyElementPresentKeyword.groovy:92)
	at com.kms.katalon.core.webui.keyword.builtin.VerifyElementPresentKeyword.execute(VerifyElementPresentKeyword.groovy:68)
	at com.kms.katalon.core.keyword.internal.KeywordExecutor.executeKeywordForPlatform(KeywordExecutor.groovy:72)
	at com.kms.katalon.core.webui.keyword.WebUiBuiltInKeywords.verifyElementPresent(WebUiBuiltInKeywords.groovy:1444)
	at com.kms.katalon.core.webui.keyword.WebUiBuiltInKeywords$verifyElementPresent$6.call(Unknown Source)
	at Change_channel_url_error.run(Change_channel_url_error:67)
	at com.kms.katalon.core.main.ScriptEngine.run(ScriptEngine.java:194)
	at com.kms.katalon.core.main.ScriptEngine.runScriptAsRawText(ScriptEngine.java:119)
	at com.kms.katalon.core.main.TestCaseExecutor.runScript(TestCaseExecutor.java:337)
	at com.kms.katalon.core.main.TestCaseExecutor.doExecute(TestCaseExecutor.java:328)
	at com.kms.katalon.core.main.TestCaseExecutor.processExecutionPhase(TestCaseExecutor.java:307)
	at com.kms.katalon.core.main.TestCaseExecutor.accessMainPhase(TestCaseExecutor.java:299)
	at com.kms.katalon.core.main.TestCaseExecutor.execute(TestCaseExecutor.java:233)
	at com.kms.katalon.core.main.TestSuiteExecutor.accessTestCaseMainPhase(TestSuiteExecutor.java:169)
	at com.kms.katalon.core.main.TestSuiteExecutor.accessTestSuiteMainPhase(TestSuiteExecutor.java:142)
	at com.kms.katalon.core.main.TestSuiteExecutor.execute(TestSuiteExecutor.java:91)
	at com.kms.katalon.core.main.TestCaseMain.startTestSuite(TestCaseMain.java:157)
	at com.kms.katalon.core.main.TestCaseMain$startTestSuite$0.call(Unknown Source)
	at TempTestSuite1591373123859.run(TempTestSuite1591373123859.groovy:37)
)
[[ATTACHMENT|D:\\katalon\\hw2-katalon-testing\\Reports\\20200605_230523\\Run_All_Test_Cases\\20200605_230523\\1591374013069.png]]

2020-06-05 23:20:13 - [TEST_STEP][PASSED] - Start tear down : Teardown: Method 'Teardown' complete successfully

2020-06-05 23:20:13 - [TEST_STEP][PASSED] - closeBrowser(): Browser is closed

2020-06-05 23:20:14 - [MESSAGE][PASSED] - Browser is closed

2020-06-05 23:20:14 - [MESSAGE][PASSED] - Method 'Teardown' complete successfully]]></system-out>
         <system-err><![CDATA[]]></system-err>
      </testcase>
      <testcase name="Test Cases/Channel/Change_channel_url_error" time="14.104" classname="Test Cases/Channel/Change_channel_url_error" status="PASSED">
         <system-out><![CDATA[2020-06-05 23:20:14 - [TEST_CASE][PASSED] - Test Cases/Channel/Change_channel_url_error: Test Cases/Channel/Change_channel_url_error

2020-06-05 23:20:14 - [TEST_STEP][PASSED] - Start setup action : Setup: Method 'Setup' complete successfully

2020-06-05 23:20:14 - [TEST_STEP][PASSED] - openBrowser("http://192.168.1.10:8065/login"): Browser is opened with url: 'http://192.168.1.10:8065/login'

2020-06-05 23:20:14 - [MESSAGE][INFO] - Starting 'Firefox' driver

2020-06-05 23:20:14 - [MESSAGE][INFO] - Action delay is set to 0 milliseconds

2020-06-05 23:20:19 - [MESSAGE][PASSED] - Browser is opened with url: 'http://192.168.1.10:8065/login'

2020-06-05 23:20:19 - [MESSAGE][PASSED] - Method 'Setup' complete successfully

2020-06-05 23:20:19 - [TEST_STEP][PASSED] - callTestCase(findTestCase("Test Cases/Login/login_function"), ["var_user":"tlvietdanh@gmail.com", "var_password":"13101998"], STOP_ON_FAILURE): Call Test Case 'Test Cases/Login/login_function' successfully

2020-06-05 23:20:19 - [TEST_CASE][PASSED] - Test Cases/Login/login_function: Test Cases/Login/login_function

2020-06-05 23:20:19 - [TEST_STEP][PASSED] - setText(findTestObject("Object Repository/Page_Mattermost_login/input_loginId"), var_user): Text 'tlvietdanh@gmail.com' is set on object 'Object Repository/Page_Mattermost_login/input_loginId'

2020-06-05 23:20:20 - [MESSAGE][PASSED] - Text 'tlvietdanh@gmail.com' is set on object 'Object Repository/Page_Mattermost_login/input_loginId'

2020-06-05 23:20:20 - [TEST_STEP][PASSED] - setText(findTestObject("Object Repository/Page_Mattermost_login/input_password"), var_password): Text '13101998' is set on object 'Object Repository/Page_Mattermost_login/input_password'

2020-06-05 23:20:21 - [MESSAGE][PASSED] - Text '13101998' is set on object 'Object Repository/Page_Mattermost_login/input_password'

2020-06-05 23:20:21 - [TEST_STEP][PASSED] - click(findTestObject("Object Repository/Page_Mattermost_login/span_Sign in")): Object: 'Object Repository/Page_Mattermost_login/span_Sign in' is clicked on

2020-06-05 23:20:22 - [MESSAGE][PASSED] - Object: 'Object Repository/Page_Mattermost_login/span_Sign in' is clicked on

2020-06-05 23:20:22 - [MESSAGE][PASSED] - Call Test Case 'Test Cases/Login/login_function' successfully

2020-06-05 23:20:22 - [TEST_STEP][PASSED] - waitForElementVisible(findTestObject("Object Repository/Rename_channel/span_Town Square"), 2): Object 'Object Repository/Rename_channel/span_Town Square' is visible

2020-06-05 23:20:24 - [MESSAGE][PASSED] - Object 'Object Repository/Rename_channel/span_Town Square' is visible

2020-06-05 23:20:24 - [TEST_STEP][PASSED] - url = getUrl().substring(7): Current window's url is: 'http://192.168.1.10:8065/test4/channels/town-square'

2020-06-05 23:20:24 - [MESSAGE][PASSED] - Current window's url is: 'http://192.168.1.10:8065/test4/channels/town-square'

2020-06-05 23:20:24 - [TEST_STEP][PASSED] - arr = url.split("/"): null

2020-06-05 23:20:24 - [TEST_STEP][PASSED] - arr[length - 1] = channel_url: null

2020-06-05 23:20:24 - [TEST_STEP][PASSED] - newUrl = "": null

2020-06-05 23:20:24 - [TEST_STEP][PASSED] - for ([i = 0, i < length, (i++)]): null

2020-06-05 23:20:24 - [TEST_STEP][PASSED] - newUrl += arr[i] + "/": null

2020-06-05 23:20:24 - [TEST_STEP][PASSED] - newUrl += arr[i] + "/": null

2020-06-05 23:20:24 - [TEST_STEP][PASSED] - newUrl += arr[i] + "/": null

2020-06-05 23:20:24 - [TEST_STEP][PASSED] - newUrl += arr[i] + "/": null

2020-06-05 23:20:24 - [TEST_STEP][PASSED] - printf(newUrl): null

2020-06-05 23:20:24 - [TEST_STEP][PASSED] - navigateToUrl("http://" + newUrl): Navigate to 'http://192.168.1.10:8065/test4/channels/test_name_4_reurl/' successfully

2020-06-05 23:20:24 - [MESSAGE][PASSED] - Navigate to 'http://192.168.1.10:8065/test4/channels/test_name_4_reurl/' successfully

2020-06-05 23:20:24 - [TEST_STEP][PASSED] - if (verifyElementPresent(findTestObject("Object Repository/Rename_channel/span_Town Square"), 1, OPTIONAL)): com.kms.katalon.core.webui.exception.WebElementNotFoundException: Web element with id: 'Object Repository/Rename_channel/span_Town Square' located by 'By.xpath: //strong[@id='channelHeaderTitle']/span' not found (Root cause: com.kms.katalon.core.exception.StepFailedException: com.kms.katalon.core.webui.exception.WebElementNotFoundException: Web element with id: 'Object Repository/Rename_channel/span_Town Square' located by 'By.xpath: //strong[@id='channelHeaderTitle']/span' not found
	at com.kms.katalon.core.webui.keyword.internal.WebUIKeywordMain.stepFailed(WebUIKeywordMain.groovy:64)
	at com.kms.katalon.core.webui.keyword.builtin.VerifyElementPresentKeyword$_verifyElementPresent_closure1.doCall(VerifyElementPresentKeyword.groovy:85)
	at com.kms.katalon.core.webui.keyword.builtin.VerifyElementPresentKeyword$_verifyElementPresent_closure1.call(VerifyElementPresentKeyword.groovy)
	at com.kms.katalon.core.webui.keyword.internal.WebUIKeywordMain.runKeyword(WebUIKeywordMain.groovy:20)
	at com.kms.katalon.core.webui.keyword.builtin.VerifyElementPresentKeyword.verifyElementPresent(VerifyElementPresentKeyword.groovy:92)
	at com.kms.katalon.core.webui.keyword.builtin.VerifyElementPresentKeyword.execute(VerifyElementPresentKeyword.groovy:68)
	at com.kms.katalon.core.keyword.internal.KeywordExecutor.executeKeywordForPlatform(KeywordExecutor.groovy:72)
	at com.kms.katalon.core.webui.keyword.WebUiBuiltInKeywords.verifyElementPresent(WebUiBuiltInKeywords.groovy:1444)
	at com.kms.katalon.core.webui.keyword.WebUiBuiltInKeywords$verifyElementPresent$6.call(Unknown Source)
	at Change_channel_url_error.run(Change_channel_url_error:67)
	at com.kms.katalon.core.main.ScriptEngine.run(ScriptEngine.java:194)
	at com.kms.katalon.core.main.ScriptEngine.runScriptAsRawText(ScriptEngine.java:119)
	at com.kms.katalon.core.main.TestCaseExecutor.runScript(TestCaseExecutor.java:337)
	at com.kms.katalon.core.main.TestCaseExecutor.doExecute(TestCaseExecutor.java:328)
	at com.kms.katalon.core.main.TestCaseExecutor.processExecutionPhase(TestCaseExecutor.java:307)
	at com.kms.katalon.core.main.TestCaseExecutor.accessMainPhase(TestCaseExecutor.java:299)
	at com.kms.katalon.core.main.TestCaseExecutor.execute(TestCaseExecutor.java:233)
	at com.kms.katalon.core.main.TestSuiteExecutor.accessTestCaseMainPhase(TestSuiteExecutor.java:169)
	at com.kms.katalon.core.main.TestSuiteExecutor.accessTestSuiteMainPhase(TestSuiteExecutor.java:142)
	at com.kms.katalon.core.main.TestSuiteExecutor.execute(TestSuiteExecutor.java:91)
	at com.kms.katalon.core.main.TestCaseMain.startTestSuite(TestCaseMain.java:157)
	at com.kms.katalon.core.main.TestCaseMain$startTestSuite$0.call(Unknown Source)
	at TempTestSuite1591373123859.run(TempTestSuite1591373123859.groovy:37)
)

2020-06-05 23:20:27 - [MESSAGE][INFO] - Unable to find the element located by 'By.xpath: //strong[@id='channelHeaderTitle']/span'. Please recheck the objects properties to make sure the desired element is located. 

2020-06-05 23:20:27 - [MESSAGE][WARNING] - com.kms.katalon.core.webui.exception.WebElementNotFoundException: Web element with id: 'Object Repository/Rename_channel/span_Town Square' located by 'By.xpath: //strong[@id='channelHeaderTitle']/span' not found (Root cause: com.kms.katalon.core.exception.StepFailedException: com.kms.katalon.core.webui.exception.WebElementNotFoundException: Web element with id: 'Object Repository/Rename_channel/span_Town Square' located by 'By.xpath: //strong[@id='channelHeaderTitle']/span' not found
	at com.kms.katalon.core.webui.keyword.internal.WebUIKeywordMain.stepFailed(WebUIKeywordMain.groovy:64)
	at com.kms.katalon.core.webui.keyword.builtin.VerifyElementPresentKeyword$_verifyElementPresent_closure1.doCall(VerifyElementPresentKeyword.groovy:85)
	at com.kms.katalon.core.webui.keyword.builtin.VerifyElementPresentKeyword$_verifyElementPresent_closure1.call(VerifyElementPresentKeyword.groovy)
	at com.kms.katalon.core.webui.keyword.internal.WebUIKeywordMain.runKeyword(WebUIKeywordMain.groovy:20)
	at com.kms.katalon.core.webui.keyword.builtin.VerifyElementPresentKeyword.verifyElementPresent(VerifyElementPresentKeyword.groovy:92)
	at com.kms.katalon.core.webui.keyword.builtin.VerifyElementPresentKeyword.execute(VerifyElementPresentKeyword.groovy:68)
	at com.kms.katalon.core.keyword.internal.KeywordExecutor.executeKeywordForPlatform(KeywordExecutor.groovy:72)
	at com.kms.katalon.core.webui.keyword.WebUiBuiltInKeywords.verifyElementPresent(WebUiBuiltInKeywords.groovy:1444)
	at com.kms.katalon.core.webui.keyword.WebUiBuiltInKeywords$verifyElementPresent$6.call(Unknown Source)
	at Change_channel_url_error.run(Change_channel_url_error:67)
	at com.kms.katalon.core.main.ScriptEngine.run(ScriptEngine.java:194)
	at com.kms.katalon.core.main.ScriptEngine.runScriptAsRawText(ScriptEngine.java:119)
	at com.kms.katalon.core.main.TestCaseExecutor.runScript(TestCaseExecutor.java:337)
	at com.kms.katalon.core.main.TestCaseExecutor.doExecute(TestCaseExecutor.java:328)
	at com.kms.katalon.core.main.TestCaseExecutor.processExecutionPhase(TestCaseExecutor.java:307)
	at com.kms.katalon.core.main.TestCaseExecutor.accessMainPhase(TestCaseExecutor.java:299)
	at com.kms.katalon.core.main.TestCaseExecutor.execute(TestCaseExecutor.java:233)
	at com.kms.katalon.core.main.TestSuiteExecutor.accessTestCaseMainPhase(TestSuiteExecutor.java:169)
	at com.kms.katalon.core.main.TestSuiteExecutor.accessTestSuiteMainPhase(TestSuiteExecutor.java:142)
	at com.kms.katalon.core.main.TestSuiteExecutor.execute(TestSuiteExecutor.java:91)
	at com.kms.katalon.core.main.TestCaseMain.startTestSuite(TestCaseMain.java:157)
	at com.kms.katalon.core.main.TestCaseMain$startTestSuite$0.call(Unknown Source)
	at TempTestSuite1591373123859.run(TempTestSuite1591373123859.groovy:37)
)
[[ATTACHMENT|D:\\katalon\\hw2-katalon-testing\\Reports\\20200605_230523\\Run_All_Test_Cases\\20200605_230523\\1591374027317.png]]

2020-06-05 23:20:27 - [TEST_STEP][PASSED] - Start tear down : Teardown: Method 'Teardown' complete successfully

2020-06-05 23:20:27 - [TEST_STEP][PASSED] - closeBrowser(): Browser is closed

2020-06-05 23:20:28 - [MESSAGE][PASSED] - Browser is closed

2020-06-05 23:20:28 - [MESSAGE][PASSED] - Method 'Teardown' complete successfully]]></system-out>
         <system-err><![CDATA[]]></system-err>
      </testcase>
      <testcase name="Test Cases/Channel/Change_channel_url_error" time="13.521" classname="Test Cases/Channel/Change_channel_url_error" status="PASSED">
         <system-out><![CDATA[2020-06-05 23:20:28 - [TEST_CASE][PASSED] - Test Cases/Channel/Change_channel_url_error: Test Cases/Channel/Change_channel_url_error

2020-06-05 23:20:28 - [TEST_STEP][PASSED] - Start setup action : Setup: Method 'Setup' complete successfully

2020-06-05 23:20:28 - [TEST_STEP][PASSED] - openBrowser("http://192.168.1.10:8065/login"): Browser is opened with url: 'http://192.168.1.10:8065/login'

2020-06-05 23:20:28 - [MESSAGE][INFO] - Starting 'Firefox' driver

2020-06-05 23:20:28 - [MESSAGE][INFO] - Action delay is set to 0 milliseconds

2020-06-05 23:20:32 - [MESSAGE][PASSED] - Browser is opened with url: 'http://192.168.1.10:8065/login'

2020-06-05 23:20:32 - [MESSAGE][PASSED] - Method 'Setup' complete successfully

2020-06-05 23:20:32 - [TEST_STEP][PASSED] - callTestCase(findTestCase("Test Cases/Login/login_function"), ["var_user":"tlvietdanh@gmail.com", "var_password":"13101998"], STOP_ON_FAILURE): Call Test Case 'Test Cases/Login/login_function' successfully

2020-06-05 23:20:32 - [TEST_CASE][PASSED] - Test Cases/Login/login_function: Test Cases/Login/login_function

2020-06-05 23:20:32 - [TEST_STEP][PASSED] - setText(findTestObject("Object Repository/Page_Mattermost_login/input_loginId"), var_user): Text 'tlvietdanh@gmail.com' is set on object 'Object Repository/Page_Mattermost_login/input_loginId'

2020-06-05 23:20:34 - [MESSAGE][PASSED] - Text 'tlvietdanh@gmail.com' is set on object 'Object Repository/Page_Mattermost_login/input_loginId'

2020-06-05 23:20:34 - [TEST_STEP][PASSED] - setText(findTestObject("Object Repository/Page_Mattermost_login/input_password"), var_password): Text '13101998' is set on object 'Object Repository/Page_Mattermost_login/input_password'

2020-06-05 23:20:35 - [MESSAGE][PASSED] - Text '13101998' is set on object 'Object Repository/Page_Mattermost_login/input_password'

2020-06-05 23:20:35 - [TEST_STEP][PASSED] - click(findTestObject("Object Repository/Page_Mattermost_login/span_Sign in")): Object: 'Object Repository/Page_Mattermost_login/span_Sign in' is clicked on

2020-06-05 23:20:36 - [MESSAGE][PASSED] - Object: 'Object Repository/Page_Mattermost_login/span_Sign in' is clicked on

2020-06-05 23:20:36 - [MESSAGE][PASSED] - Call Test Case 'Test Cases/Login/login_function' successfully

2020-06-05 23:20:36 - [TEST_STEP][PASSED] - waitForElementVisible(findTestObject("Object Repository/Rename_channel/span_Town Square"), 2): Object 'Object Repository/Rename_channel/span_Town Square' is visible

2020-06-05 23:20:37 - [MESSAGE][PASSED] - Object 'Object Repository/Rename_channel/span_Town Square' is visible

2020-06-05 23:20:37 - [TEST_STEP][PASSED] - url = getUrl().substring(7): Current window's url is: 'http://192.168.1.10:8065/test4/channels/town-square'

2020-06-05 23:20:37 - [MESSAGE][PASSED] - Current window's url is: 'http://192.168.1.10:8065/test4/channels/town-square'

2020-06-05 23:20:37 - [TEST_STEP][PASSED] - arr = url.split("/"): null

2020-06-05 23:20:37 - [TEST_STEP][PASSED] - arr[length - 1] = channel_url: null

2020-06-05 23:20:37 - [TEST_STEP][PASSED] - newUrl = "": null

2020-06-05 23:20:37 - [TEST_STEP][PASSED] - for ([i = 0, i < length, (i++)]): null

2020-06-05 23:20:37 - [TEST_STEP][PASSED] - newUrl += arr[i] + "/": null

2020-06-05 23:20:37 - [TEST_STEP][PASSED] - newUrl += arr[i] + "/": null

2020-06-05 23:20:37 - [TEST_STEP][PASSED] - newUrl += arr[i] + "/": null

2020-06-05 23:20:37 - [TEST_STEP][PASSED] - newUrl += arr[i] + "/": null

2020-06-05 23:20:37 - [TEST_STEP][PASSED] - printf(newUrl): null

2020-06-05 23:20:37 - [TEST_STEP][PASSED] - navigateToUrl("http://" + newUrl): Navigate to 'http://192.168.1.10:8065/test4/channels/test_name_5_reurl/' successfully

2020-06-05 23:20:38 - [MESSAGE][PASSED] - Navigate to 'http://192.168.1.10:8065/test4/channels/test_name_5_reurl/' successfully

2020-06-05 23:20:38 - [TEST_STEP][PASSED] - if (verifyElementPresent(findTestObject("Object Repository/Rename_channel/span_Town Square"), 1, OPTIONAL)): com.kms.katalon.core.webui.exception.WebElementNotFoundException: Web element with id: 'Object Repository/Rename_channel/span_Town Square' located by 'By.xpath: //strong[@id='channelHeaderTitle']/span' not found (Root cause: com.kms.katalon.core.exception.StepFailedException: com.kms.katalon.core.webui.exception.WebElementNotFoundException: Web element with id: 'Object Repository/Rename_channel/span_Town Square' located by 'By.xpath: //strong[@id='channelHeaderTitle']/span' not found
	at com.kms.katalon.core.webui.keyword.internal.WebUIKeywordMain.stepFailed(WebUIKeywordMain.groovy:64)
	at com.kms.katalon.core.webui.keyword.builtin.VerifyElementPresentKeyword$_verifyElementPresent_closure1.doCall(VerifyElementPresentKeyword.groovy:85)
	at com.kms.katalon.core.webui.keyword.builtin.VerifyElementPresentKeyword$_verifyElementPresent_closure1.call(VerifyElementPresentKeyword.groovy)
	at com.kms.katalon.core.webui.keyword.internal.WebUIKeywordMain.runKeyword(WebUIKeywordMain.groovy:20)
	at com.kms.katalon.core.webui.keyword.builtin.VerifyElementPresentKeyword.verifyElementPresent(VerifyElementPresentKeyword.groovy:92)
	at com.kms.katalon.core.webui.keyword.builtin.VerifyElementPresentKeyword.execute(VerifyElementPresentKeyword.groovy:68)
	at com.kms.katalon.core.keyword.internal.KeywordExecutor.executeKeywordForPlatform(KeywordExecutor.groovy:72)
	at com.kms.katalon.core.webui.keyword.WebUiBuiltInKeywords.verifyElementPresent(WebUiBuiltInKeywords.groovy:1444)
	at com.kms.katalon.core.webui.keyword.WebUiBuiltInKeywords$verifyElementPresent$6.call(Unknown Source)
	at Change_channel_url_error.run(Change_channel_url_error:67)
	at com.kms.katalon.core.main.ScriptEngine.run(ScriptEngine.java:194)
	at com.kms.katalon.core.main.ScriptEngine.runScriptAsRawText(ScriptEngine.java:119)
	at com.kms.katalon.core.main.TestCaseExecutor.runScript(TestCaseExecutor.java:337)
	at com.kms.katalon.core.main.TestCaseExecutor.doExecute(TestCaseExecutor.java:328)
	at com.kms.katalon.core.main.TestCaseExecutor.processExecutionPhase(TestCaseExecutor.java:307)
	at com.kms.katalon.core.main.TestCaseExecutor.accessMainPhase(TestCaseExecutor.java:299)
	at com.kms.katalon.core.main.TestCaseExecutor.execute(TestCaseExecutor.java:233)
	at com.kms.katalon.core.main.TestSuiteExecutor.accessTestCaseMainPhase(TestSuiteExecutor.java:169)
	at com.kms.katalon.core.main.TestSuiteExecutor.accessTestSuiteMainPhase(TestSuiteExecutor.java:142)
	at com.kms.katalon.core.main.TestSuiteExecutor.execute(TestSuiteExecutor.java:91)
	at com.kms.katalon.core.main.TestCaseMain.startTestSuite(TestCaseMain.java:157)
	at com.kms.katalon.core.main.TestCaseMain$startTestSuite$0.call(Unknown Source)
	at TempTestSuite1591373123859.run(TempTestSuite1591373123859.groovy:37)
)

2020-06-05 23:20:40 - [MESSAGE][INFO] - Unable to find the element located by 'By.xpath: //strong[@id='channelHeaderTitle']/span'. Please recheck the objects properties to make sure the desired element is located. 

2020-06-05 23:20:40 - [MESSAGE][WARNING] - com.kms.katalon.core.webui.exception.WebElementNotFoundException: Web element with id: 'Object Repository/Rename_channel/span_Town Square' located by 'By.xpath: //strong[@id='channelHeaderTitle']/span' not found (Root cause: com.kms.katalon.core.exception.StepFailedException: com.kms.katalon.core.webui.exception.WebElementNotFoundException: Web element with id: 'Object Repository/Rename_channel/span_Town Square' located by 'By.xpath: //strong[@id='channelHeaderTitle']/span' not found
	at com.kms.katalon.core.webui.keyword.internal.WebUIKeywordMain.stepFailed(WebUIKeywordMain.groovy:64)
	at com.kms.katalon.core.webui.keyword.builtin.VerifyElementPresentKeyword$_verifyElementPresent_closure1.doCall(VerifyElementPresentKeyword.groovy:85)
	at com.kms.katalon.core.webui.keyword.builtin.VerifyElementPresentKeyword$_verifyElementPresent_closure1.call(VerifyElementPresentKeyword.groovy)
	at com.kms.katalon.core.webui.keyword.internal.WebUIKeywordMain.runKeyword(WebUIKeywordMain.groovy:20)
	at com.kms.katalon.core.webui.keyword.builtin.VerifyElementPresentKeyword.verifyElementPresent(VerifyElementPresentKeyword.groovy:92)
	at com.kms.katalon.core.webui.keyword.builtin.VerifyElementPresentKeyword.execute(VerifyElementPresentKeyword.groovy:68)
	at com.kms.katalon.core.keyword.internal.KeywordExecutor.executeKeywordForPlatform(KeywordExecutor.groovy:72)
	at com.kms.katalon.core.webui.keyword.WebUiBuiltInKeywords.verifyElementPresent(WebUiBuiltInKeywords.groovy:1444)
	at com.kms.katalon.core.webui.keyword.WebUiBuiltInKeywords$verifyElementPresent$6.call(Unknown Source)
	at Change_channel_url_error.run(Change_channel_url_error:67)
	at com.kms.katalon.core.main.ScriptEngine.run(ScriptEngine.java:194)
	at com.kms.katalon.core.main.ScriptEngine.runScriptAsRawText(ScriptEngine.java:119)
	at com.kms.katalon.core.main.TestCaseExecutor.runScript(TestCaseExecutor.java:337)
	at com.kms.katalon.core.main.TestCaseExecutor.doExecute(TestCaseExecutor.java:328)
	at com.kms.katalon.core.main.TestCaseExecutor.processExecutionPhase(TestCaseExecutor.java:307)
	at com.kms.katalon.core.main.TestCaseExecutor.accessMainPhase(TestCaseExecutor.java:299)
	at com.kms.katalon.core.main.TestCaseExecutor.execute(TestCaseExecutor.java:233)
	at com.kms.katalon.core.main.TestSuiteExecutor.accessTestCaseMainPhase(TestSuiteExecutor.java:169)
	at com.kms.katalon.core.main.TestSuiteExecutor.accessTestSuiteMainPhase(TestSuiteExecutor.java:142)
	at com.kms.katalon.core.main.TestSuiteExecutor.execute(TestSuiteExecutor.java:91)
	at com.kms.katalon.core.main.TestCaseMain.startTestSuite(TestCaseMain.java:157)
	at com.kms.katalon.core.main.TestCaseMain$startTestSuite$0.call(Unknown Source)
	at TempTestSuite1591373123859.run(TempTestSuite1591373123859.groovy:37)
)
[[ATTACHMENT|D:\\katalon\\hw2-katalon-testing\\Reports\\20200605_230523\\Run_All_Test_Cases\\20200605_230523\\1591374040837.png]]

2020-06-05 23:20:40 - [TEST_STEP][PASSED] - Start tear down : Teardown: Method 'Teardown' complete successfully

2020-06-05 23:20:40 - [TEST_STEP][PASSED] - closeBrowser(): Browser is closed

2020-06-05 23:20:41 - [MESSAGE][PASSED] - Browser is closed

2020-06-05 23:20:41 - [MESSAGE][PASSED] - Method 'Teardown' complete successfully]]></system-out>
         <system-err><![CDATA[]]></system-err>
      </testcase>
      <testcase name="Test Cases/Channel/Mute_channel" time="13.682" classname="Test Cases/Channel/Mute_channel" status="PASSED">
         <system-out><![CDATA[2020-06-05 23:20:41 - [TEST_CASE][PASSED] - Test Cases/Channel/Mute_channel: Test Cases/Channel/Mute_channel

2020-06-05 23:20:41 - [TEST_STEP][PASSED] - Start setup action : Setup: Method 'Setup' complete successfully

2020-06-05 23:20:42 - [TEST_STEP][PASSED] - openBrowser("http://192.168.1.10:8065/login"): Browser is opened with url: 'http://192.168.1.10:8065/login'

2020-06-05 23:20:42 - [MESSAGE][INFO] - Starting 'Firefox' driver

2020-06-05 23:20:42 - [MESSAGE][INFO] - Action delay is set to 0 milliseconds

2020-06-05 23:20:46 - [MESSAGE][PASSED] - Browser is opened with url: 'http://192.168.1.10:8065/login'

2020-06-05 23:20:46 - [MESSAGE][PASSED] - Method 'Setup' complete successfully

2020-06-05 23:20:46 - [TEST_STEP][PASSED] - callTestCase(findTestCase("Test Cases/Login/login_function"), ["var_user":"tlvietdanh@gmail.com", "var_password":"13101998"], STOP_ON_FAILURE): Call Test Case 'Test Cases/Login/login_function' successfully

2020-06-05 23:20:46 - [TEST_CASE][PASSED] - Test Cases/Login/login_function: Test Cases/Login/login_function

2020-06-05 23:20:46 - [TEST_STEP][PASSED] - setText(findTestObject("Object Repository/Page_Mattermost_login/input_loginId"), var_user): Text 'tlvietdanh@gmail.com' is set on object 'Object Repository/Page_Mattermost_login/input_loginId'

2020-06-05 23:20:48 - [MESSAGE][PASSED] - Text 'tlvietdanh@gmail.com' is set on object 'Object Repository/Page_Mattermost_login/input_loginId'

2020-06-05 23:20:48 - [TEST_STEP][PASSED] - setText(findTestObject("Object Repository/Page_Mattermost_login/input_password"), var_password): Text '13101998' is set on object 'Object Repository/Page_Mattermost_login/input_password'

2020-06-05 23:20:48 - [MESSAGE][PASSED] - Text '13101998' is set on object 'Object Repository/Page_Mattermost_login/input_password'

2020-06-05 23:20:48 - [TEST_STEP][PASSED] - click(findTestObject("Object Repository/Page_Mattermost_login/span_Sign in")): Object: 'Object Repository/Page_Mattermost_login/span_Sign in' is clicked on

2020-06-05 23:20:49 - [MESSAGE][PASSED] - Object: 'Object Repository/Page_Mattermost_login/span_Sign in' is clicked on

2020-06-05 23:20:49 - [MESSAGE][PASSED] - Call Test Case 'Test Cases/Login/login_function' successfully

2020-06-05 23:20:49 - [TEST_STEP][PASSED] - waitForElementVisible(findTestObject("Object Repository/Rename_channel/span_Town Square"), 2): Object 'Object Repository/Rename_channel/span_Town Square' is visible

2020-06-05 23:20:51 - [MESSAGE][PASSED] - Object 'Object Repository/Rename_channel/span_Town Square' is visible

2020-06-05 23:20:51 - [TEST_STEP][PASSED] - url = getUrl().substring(7): Current window's url is: 'http://192.168.1.10:8065/test4/channels/town-square'

2020-06-05 23:20:51 - [MESSAGE][PASSED] - Current window's url is: 'http://192.168.1.10:8065/test4/channels/town-square'

2020-06-05 23:20:51 - [TEST_STEP][PASSED] - arr = url.split("/"): null

2020-06-05 23:20:51 - [TEST_STEP][PASSED] - arr[length - 1] = channel_url: null

2020-06-05 23:20:51 - [TEST_STEP][PASSED] - newUrl = "": null

2020-06-05 23:20:51 - [TEST_STEP][PASSED] - for ([i = 0, i < length, (i++)]): null

2020-06-05 23:20:51 - [TEST_STEP][PASSED] - newUrl += arr[i] + "/": null

2020-06-05 23:20:51 - [TEST_STEP][PASSED] - newUrl += arr[i] + "/": null

2020-06-05 23:20:51 - [TEST_STEP][PASSED] - newUrl += arr[i] + "/": null

2020-06-05 23:20:51 - [TEST_STEP][PASSED] - newUrl += arr[i] + "/": null

2020-06-05 23:20:51 - [TEST_STEP][PASSED] - printf(newUrl): null

2020-06-05 23:20:51 - [TEST_STEP][PASSED] - navigateToUrl("http://" + newUrl): Navigate to 'http://192.168.1.10:8065/test4/channels/test_name_1/' successfully

2020-06-05 23:20:52 - [MESSAGE][PASSED] - Navigate to 'http://192.168.1.10:8065/test4/channels/test_name_1/' successfully

2020-06-05 23:20:52 - [TEST_STEP][PASSED] - if (verifyElementPresent(findTestObject("Object Repository/Rename_channel/span_Town Square"), 1, OPTIONAL)): com.kms.katalon.core.webui.exception.WebElementNotFoundException: Web element with id: 'Object Repository/Rename_channel/span_Town Square' located by 'By.xpath: //strong[@id='channelHeaderTitle']/span' not found (Root cause: com.kms.katalon.core.exception.StepFailedException: com.kms.katalon.core.webui.exception.WebElementNotFoundException: Web element with id: 'Object Repository/Rename_channel/span_Town Square' located by 'By.xpath: //strong[@id='channelHeaderTitle']/span' not found
	at com.kms.katalon.core.webui.keyword.internal.WebUIKeywordMain.stepFailed(WebUIKeywordMain.groovy:64)
	at com.kms.katalon.core.webui.keyword.builtin.VerifyElementPresentKeyword$_verifyElementPresent_closure1.doCall(VerifyElementPresentKeyword.groovy:85)
	at com.kms.katalon.core.webui.keyword.builtin.VerifyElementPresentKeyword$_verifyElementPresent_closure1.call(VerifyElementPresentKeyword.groovy)
	at com.kms.katalon.core.webui.keyword.internal.WebUIKeywordMain.runKeyword(WebUIKeywordMain.groovy:20)
	at com.kms.katalon.core.webui.keyword.builtin.VerifyElementPresentKeyword.verifyElementPresent(VerifyElementPresentKeyword.groovy:92)
	at com.kms.katalon.core.webui.keyword.builtin.VerifyElementPresentKeyword.execute(VerifyElementPresentKeyword.groovy:68)
	at com.kms.katalon.core.keyword.internal.KeywordExecutor.executeKeywordForPlatform(KeywordExecutor.groovy:72)
	at com.kms.katalon.core.webui.keyword.WebUiBuiltInKeywords.verifyElementPresent(WebUiBuiltInKeywords.groovy:1444)
	at com.kms.katalon.core.webui.keyword.WebUiBuiltInKeywords$verifyElementPresent$6.call(Unknown Source)
	at Mute_channel.run(Mute_channel:65)
	at com.kms.katalon.core.main.ScriptEngine.run(ScriptEngine.java:194)
	at com.kms.katalon.core.main.ScriptEngine.runScriptAsRawText(ScriptEngine.java:119)
	at com.kms.katalon.core.main.TestCaseExecutor.runScript(TestCaseExecutor.java:337)
	at com.kms.katalon.core.main.TestCaseExecutor.doExecute(TestCaseExecutor.java:328)
	at com.kms.katalon.core.main.TestCaseExecutor.processExecutionPhase(TestCaseExecutor.java:307)
	at com.kms.katalon.core.main.TestCaseExecutor.accessMainPhase(TestCaseExecutor.java:299)
	at com.kms.katalon.core.main.TestCaseExecutor.execute(TestCaseExecutor.java:233)
	at com.kms.katalon.core.main.TestSuiteExecutor.accessTestCaseMainPhase(TestSuiteExecutor.java:169)
	at com.kms.katalon.core.main.TestSuiteExecutor.accessTestSuiteMainPhase(TestSuiteExecutor.java:142)
	at com.kms.katalon.core.main.TestSuiteExecutor.execute(TestSuiteExecutor.java:91)
	at com.kms.katalon.core.main.TestCaseMain.startTestSuite(TestCaseMain.java:157)
	at com.kms.katalon.core.main.TestCaseMain$startTestSuite$0.call(Unknown Source)
	at TempTestSuite1591373123859.run(TempTestSuite1591373123859.groovy:37)
)

2020-06-05 23:20:54 - [MESSAGE][INFO] - Unable to find the element located by 'By.xpath: //strong[@id='channelHeaderTitle']/span'. Please recheck the objects properties to make sure the desired element is located. 

2020-06-05 23:20:54 - [MESSAGE][WARNING] - com.kms.katalon.core.webui.exception.WebElementNotFoundException: Web element with id: 'Object Repository/Rename_channel/span_Town Square' located by 'By.xpath: //strong[@id='channelHeaderTitle']/span' not found (Root cause: com.kms.katalon.core.exception.StepFailedException: com.kms.katalon.core.webui.exception.WebElementNotFoundException: Web element with id: 'Object Repository/Rename_channel/span_Town Square' located by 'By.xpath: //strong[@id='channelHeaderTitle']/span' not found
	at com.kms.katalon.core.webui.keyword.internal.WebUIKeywordMain.stepFailed(WebUIKeywordMain.groovy:64)
	at com.kms.katalon.core.webui.keyword.builtin.VerifyElementPresentKeyword$_verifyElementPresent_closure1.doCall(VerifyElementPresentKeyword.groovy:85)
	at com.kms.katalon.core.webui.keyword.builtin.VerifyElementPresentKeyword$_verifyElementPresent_closure1.call(VerifyElementPresentKeyword.groovy)
	at com.kms.katalon.core.webui.keyword.internal.WebUIKeywordMain.runKeyword(WebUIKeywordMain.groovy:20)
	at com.kms.katalon.core.webui.keyword.builtin.VerifyElementPresentKeyword.verifyElementPresent(VerifyElementPresentKeyword.groovy:92)
	at com.kms.katalon.core.webui.keyword.builtin.VerifyElementPresentKeyword.execute(VerifyElementPresentKeyword.groovy:68)
	at com.kms.katalon.core.keyword.internal.KeywordExecutor.executeKeywordForPlatform(KeywordExecutor.groovy:72)
	at com.kms.katalon.core.webui.keyword.WebUiBuiltInKeywords.verifyElementPresent(WebUiBuiltInKeywords.groovy:1444)
	at com.kms.katalon.core.webui.keyword.WebUiBuiltInKeywords$verifyElementPresent$6.call(Unknown Source)
	at Mute_channel.run(Mute_channel:65)
	at com.kms.katalon.core.main.ScriptEngine.run(ScriptEngine.java:194)
	at com.kms.katalon.core.main.ScriptEngine.runScriptAsRawText(ScriptEngine.java:119)
	at com.kms.katalon.core.main.TestCaseExecutor.runScript(TestCaseExecutor.java:337)
	at com.kms.katalon.core.main.TestCaseExecutor.doExecute(TestCaseExecutor.java:328)
	at com.kms.katalon.core.main.TestCaseExecutor.processExecutionPhase(TestCaseExecutor.java:307)
	at com.kms.katalon.core.main.TestCaseExecutor.accessMainPhase(TestCaseExecutor.java:299)
	at com.kms.katalon.core.main.TestCaseExecutor.execute(TestCaseExecutor.java:233)
	at com.kms.katalon.core.main.TestSuiteExecutor.accessTestCaseMainPhase(TestSuiteExecutor.java:169)
	at com.kms.katalon.core.main.TestSuiteExecutor.accessTestSuiteMainPhase(TestSuiteExecutor.java:142)
	at com.kms.katalon.core.main.TestSuiteExecutor.execute(TestSuiteExecutor.java:91)
	at com.kms.katalon.core.main.TestCaseMain.startTestSuite(TestCaseMain.java:157)
	at com.kms.katalon.core.main.TestCaseMain$startTestSuite$0.call(Unknown Source)
	at TempTestSuite1591373123859.run(TempTestSuite1591373123859.groovy:37)
)
[[ATTACHMENT|D:\\katalon\\hw2-katalon-testing\\Reports\\20200605_230523\\Run_All_Test_Cases\\20200605_230523\\1591374054569.png]]

2020-06-05 23:20:54 - [TEST_STEP][PASSED] - Start tear down : Teardown: Method 'Teardown' complete successfully

2020-06-05 23:20:54 - [TEST_STEP][PASSED] - closeBrowser(): Browser is closed

2020-06-05 23:20:55 - [MESSAGE][PASSED] - Browser is closed

2020-06-05 23:20:55 - [MESSAGE][PASSED] - Method 'Teardown' complete successfully]]></system-out>
         <system-err><![CDATA[]]></system-err>
      </testcase>
      <testcase name="Test Cases/Channel/Mute_channel" time="13.592" classname="Test Cases/Channel/Mute_channel" status="PASSED">
         <system-out><![CDATA[2020-06-05 23:20:55 - [TEST_CASE][PASSED] - Test Cases/Channel/Mute_channel: Test Cases/Channel/Mute_channel

2020-06-05 23:20:55 - [TEST_STEP][PASSED] - Start setup action : Setup: Method 'Setup' complete successfully

2020-06-05 23:20:55 - [TEST_STEP][PASSED] - openBrowser("http://192.168.1.10:8065/login"): Browser is opened with url: 'http://192.168.1.10:8065/login'

2020-06-05 23:20:55 - [MESSAGE][INFO] - Starting 'Firefox' driver

2020-06-05 23:20:55 - [MESSAGE][INFO] - Action delay is set to 0 milliseconds

2020-06-05 23:21:00 - [MESSAGE][PASSED] - Browser is opened with url: 'http://192.168.1.10:8065/login'

2020-06-05 23:21:00 - [MESSAGE][PASSED] - Method 'Setup' complete successfully

2020-06-05 23:21:00 - [TEST_STEP][PASSED] - callTestCase(findTestCase("Test Cases/Login/login_function"), ["var_user":"tlvietdanh@gmail.com", "var_password":"13101998"], STOP_ON_FAILURE): Call Test Case 'Test Cases/Login/login_function' successfully

2020-06-05 23:21:00 - [TEST_CASE][PASSED] - Test Cases/Login/login_function: Test Cases/Login/login_function

2020-06-05 23:21:00 - [TEST_STEP][PASSED] - setText(findTestObject("Object Repository/Page_Mattermost_login/input_loginId"), var_user): Text 'tlvietdanh@gmail.com' is set on object 'Object Repository/Page_Mattermost_login/input_loginId'

2020-06-05 23:21:01 - [MESSAGE][PASSED] - Text 'tlvietdanh@gmail.com' is set on object 'Object Repository/Page_Mattermost_login/input_loginId'

2020-06-05 23:21:01 - [TEST_STEP][PASSED] - setText(findTestObject("Object Repository/Page_Mattermost_login/input_password"), var_password): Text '13101998' is set on object 'Object Repository/Page_Mattermost_login/input_password'

2020-06-05 23:21:02 - [MESSAGE][PASSED] - Text '13101998' is set on object 'Object Repository/Page_Mattermost_login/input_password'

2020-06-05 23:21:02 - [TEST_STEP][PASSED] - click(findTestObject("Object Repository/Page_Mattermost_login/span_Sign in")): Object: 'Object Repository/Page_Mattermost_login/span_Sign in' is clicked on

2020-06-05 23:21:03 - [MESSAGE][PASSED] - Object: 'Object Repository/Page_Mattermost_login/span_Sign in' is clicked on

2020-06-05 23:21:03 - [MESSAGE][PASSED] - Call Test Case 'Test Cases/Login/login_function' successfully

2020-06-05 23:21:03 - [TEST_STEP][PASSED] - waitForElementVisible(findTestObject("Object Repository/Rename_channel/span_Town Square"), 2): Object 'Object Repository/Rename_channel/span_Town Square' is visible

2020-06-05 23:21:04 - [MESSAGE][PASSED] - Object 'Object Repository/Rename_channel/span_Town Square' is visible

2020-06-05 23:21:04 - [TEST_STEP][PASSED] - url = getUrl().substring(7): Current window's url is: 'http://192.168.1.10:8065/test4/channels/town-square'

2020-06-05 23:21:04 - [MESSAGE][PASSED] - Current window's url is: 'http://192.168.1.10:8065/test4/channels/town-square'

2020-06-05 23:21:04 - [TEST_STEP][PASSED] - arr = url.split("/"): null

2020-06-05 23:21:04 - [TEST_STEP][PASSED] - arr[length - 1] = channel_url: null

2020-06-05 23:21:04 - [TEST_STEP][PASSED] - newUrl = "": null

2020-06-05 23:21:04 - [TEST_STEP][PASSED] - for ([i = 0, i < length, (i++)]): null

2020-06-05 23:21:04 - [TEST_STEP][PASSED] - newUrl += arr[i] + "/": null

2020-06-05 23:21:04 - [TEST_STEP][PASSED] - newUrl += arr[i] + "/": null

2020-06-05 23:21:04 - [TEST_STEP][PASSED] - newUrl += arr[i] + "/": null

2020-06-05 23:21:04 - [TEST_STEP][PASSED] - newUrl += arr[i] + "/": null

2020-06-05 23:21:04 - [TEST_STEP][PASSED] - printf(newUrl): null

2020-06-05 23:21:04 - [TEST_STEP][PASSED] - navigateToUrl("http://" + newUrl): Navigate to 'http://192.168.1.10:8065/test4/channels/test_name_2/' successfully

2020-06-05 23:21:05 - [MESSAGE][PASSED] - Navigate to 'http://192.168.1.10:8065/test4/channels/test_name_2/' successfully

2020-06-05 23:21:05 - [TEST_STEP][PASSED] - if (verifyElementPresent(findTestObject("Object Repository/Rename_channel/span_Town Square"), 1, OPTIONAL)): com.kms.katalon.core.webui.exception.WebElementNotFoundException: Web element with id: 'Object Repository/Rename_channel/span_Town Square' located by 'By.xpath: //strong[@id='channelHeaderTitle']/span' not found (Root cause: com.kms.katalon.core.exception.StepFailedException: com.kms.katalon.core.webui.exception.WebElementNotFoundException: Web element with id: 'Object Repository/Rename_channel/span_Town Square' located by 'By.xpath: //strong[@id='channelHeaderTitle']/span' not found
	at com.kms.katalon.core.webui.keyword.internal.WebUIKeywordMain.stepFailed(WebUIKeywordMain.groovy:64)
	at com.kms.katalon.core.webui.keyword.builtin.VerifyElementPresentKeyword$_verifyElementPresent_closure1.doCall(VerifyElementPresentKeyword.groovy:85)
	at com.kms.katalon.core.webui.keyword.builtin.VerifyElementPresentKeyword$_verifyElementPresent_closure1.call(VerifyElementPresentKeyword.groovy)
	at com.kms.katalon.core.webui.keyword.internal.WebUIKeywordMain.runKeyword(WebUIKeywordMain.groovy:20)
	at com.kms.katalon.core.webui.keyword.builtin.VerifyElementPresentKeyword.verifyElementPresent(VerifyElementPresentKeyword.groovy:92)
	at com.kms.katalon.core.webui.keyword.builtin.VerifyElementPresentKeyword.execute(VerifyElementPresentKeyword.groovy:68)
	at com.kms.katalon.core.keyword.internal.KeywordExecutor.executeKeywordForPlatform(KeywordExecutor.groovy:72)
	at com.kms.katalon.core.webui.keyword.WebUiBuiltInKeywords.verifyElementPresent(WebUiBuiltInKeywords.groovy:1444)
	at com.kms.katalon.core.webui.keyword.WebUiBuiltInKeywords$verifyElementPresent$6.call(Unknown Source)
	at Mute_channel.run(Mute_channel:65)
	at com.kms.katalon.core.main.ScriptEngine.run(ScriptEngine.java:194)
	at com.kms.katalon.core.main.ScriptEngine.runScriptAsRawText(ScriptEngine.java:119)
	at com.kms.katalon.core.main.TestCaseExecutor.runScript(TestCaseExecutor.java:337)
	at com.kms.katalon.core.main.TestCaseExecutor.doExecute(TestCaseExecutor.java:328)
	at com.kms.katalon.core.main.TestCaseExecutor.processExecutionPhase(TestCaseExecutor.java:307)
	at com.kms.katalon.core.main.TestCaseExecutor.accessMainPhase(TestCaseExecutor.java:299)
	at com.kms.katalon.core.main.TestCaseExecutor.execute(TestCaseExecutor.java:233)
	at com.kms.katalon.core.main.TestSuiteExecutor.accessTestCaseMainPhase(TestSuiteExecutor.java:169)
	at com.kms.katalon.core.main.TestSuiteExecutor.accessTestSuiteMainPhase(TestSuiteExecutor.java:142)
	at com.kms.katalon.core.main.TestSuiteExecutor.execute(TestSuiteExecutor.java:91)
	at com.kms.katalon.core.main.TestCaseMain.startTestSuite(TestCaseMain.java:157)
	at com.kms.katalon.core.main.TestCaseMain$startTestSuite$0.call(Unknown Source)
	at TempTestSuite1591373123859.run(TempTestSuite1591373123859.groovy:37)
)

2020-06-05 23:21:08 - [MESSAGE][INFO] - Unable to find the element located by 'By.xpath: //strong[@id='channelHeaderTitle']/span'. Please recheck the objects properties to make sure the desired element is located. 

2020-06-05 23:21:08 - [MESSAGE][WARNING] - com.kms.katalon.core.webui.exception.WebElementNotFoundException: Web element with id: 'Object Repository/Rename_channel/span_Town Square' located by 'By.xpath: //strong[@id='channelHeaderTitle']/span' not found (Root cause: com.kms.katalon.core.exception.StepFailedException: com.kms.katalon.core.webui.exception.WebElementNotFoundException: Web element with id: 'Object Repository/Rename_channel/span_Town Square' located by 'By.xpath: //strong[@id='channelHeaderTitle']/span' not found
	at com.kms.katalon.core.webui.keyword.internal.WebUIKeywordMain.stepFailed(WebUIKeywordMain.groovy:64)
	at com.kms.katalon.core.webui.keyword.builtin.VerifyElementPresentKeyword$_verifyElementPresent_closure1.doCall(VerifyElementPresentKeyword.groovy:85)
	at com.kms.katalon.core.webui.keyword.builtin.VerifyElementPresentKeyword$_verifyElementPresent_closure1.call(VerifyElementPresentKeyword.groovy)
	at com.kms.katalon.core.webui.keyword.internal.WebUIKeywordMain.runKeyword(WebUIKeywordMain.groovy:20)
	at com.kms.katalon.core.webui.keyword.builtin.VerifyElementPresentKeyword.verifyElementPresent(VerifyElementPresentKeyword.groovy:92)
	at com.kms.katalon.core.webui.keyword.builtin.VerifyElementPresentKeyword.execute(VerifyElementPresentKeyword.groovy:68)
	at com.kms.katalon.core.keyword.internal.KeywordExecutor.executeKeywordForPlatform(KeywordExecutor.groovy:72)
	at com.kms.katalon.core.webui.keyword.WebUiBuiltInKeywords.verifyElementPresent(WebUiBuiltInKeywords.groovy:1444)
	at com.kms.katalon.core.webui.keyword.WebUiBuiltInKeywords$verifyElementPresent$6.call(Unknown Source)
	at Mute_channel.run(Mute_channel:65)
	at com.kms.katalon.core.main.ScriptEngine.run(ScriptEngine.java:194)
	at com.kms.katalon.core.main.ScriptEngine.runScriptAsRawText(ScriptEngine.java:119)
	at com.kms.katalon.core.main.TestCaseExecutor.runScript(TestCaseExecutor.java:337)
	at com.kms.katalon.core.main.TestCaseExecutor.doExecute(TestCaseExecutor.java:328)
	at com.kms.katalon.core.main.TestCaseExecutor.processExecutionPhase(TestCaseExecutor.java:307)
	at com.kms.katalon.core.main.TestCaseExecutor.accessMainPhase(TestCaseExecutor.java:299)
	at com.kms.katalon.core.main.TestCaseExecutor.execute(TestCaseExecutor.java:233)
	at com.kms.katalon.core.main.TestSuiteExecutor.accessTestCaseMainPhase(TestSuiteExecutor.java:169)
	at com.kms.katalon.core.main.TestSuiteExecutor.accessTestSuiteMainPhase(TestSuiteExecutor.java:142)
	at com.kms.katalon.core.main.TestSuiteExecutor.execute(TestSuiteExecutor.java:91)
	at com.kms.katalon.core.main.TestCaseMain.startTestSuite(TestCaseMain.java:157)
	at com.kms.katalon.core.main.TestCaseMain$startTestSuite$0.call(Unknown Source)
	at TempTestSuite1591373123859.run(TempTestSuite1591373123859.groovy:37)
)
[[ATTACHMENT|D:\\katalon\\hw2-katalon-testing\\Reports\\20200605_230523\\Run_All_Test_Cases\\20200605_230523\\1591374068018.png]]

2020-06-05 23:21:08 - [TEST_STEP][PASSED] - Start tear down : Teardown: Method 'Teardown' complete successfully

2020-06-05 23:21:08 - [TEST_STEP][PASSED] - closeBrowser(): Browser is closed

2020-06-05 23:21:09 - [MESSAGE][PASSED] - Browser is closed

2020-06-05 23:21:09 - [MESSAGE][PASSED] - Method 'Teardown' complete successfully]]></system-out>
         <system-err><![CDATA[]]></system-err>
      </testcase>
      <testcase name="Test Cases/Channel/Mute_channel" time="14.515" classname="Test Cases/Channel/Mute_channel" status="PASSED">
         <system-out><![CDATA[2020-06-05 23:21:09 - [TEST_CASE][PASSED] - Test Cases/Channel/Mute_channel: Test Cases/Channel/Mute_channel

2020-06-05 23:21:09 - [TEST_STEP][PASSED] - Start setup action : Setup: Method 'Setup' complete successfully

2020-06-05 23:21:09 - [TEST_STEP][PASSED] - openBrowser("http://192.168.1.10:8065/login"): Browser is opened with url: 'http://192.168.1.10:8065/login'

2020-06-05 23:21:09 - [MESSAGE][INFO] - Starting 'Firefox' driver

2020-06-05 23:21:09 - [MESSAGE][INFO] - Action delay is set to 0 milliseconds

2020-06-05 23:21:13 - [MESSAGE][PASSED] - Browser is opened with url: 'http://192.168.1.10:8065/login'

2020-06-05 23:21:13 - [MESSAGE][PASSED] - Method 'Setup' complete successfully

2020-06-05 23:21:13 - [TEST_STEP][PASSED] - callTestCase(findTestCase("Test Cases/Login/login_function"), ["var_user":"tlvietdanh@gmail.com", "var_password":"13101998"], STOP_ON_FAILURE): Call Test Case 'Test Cases/Login/login_function' successfully

2020-06-05 23:21:13 - [TEST_CASE][PASSED] - Test Cases/Login/login_function: Test Cases/Login/login_function

2020-06-05 23:21:13 - [TEST_STEP][PASSED] - setText(findTestObject("Object Repository/Page_Mattermost_login/input_loginId"), var_user): Text 'tlvietdanh@gmail.com' is set on object 'Object Repository/Page_Mattermost_login/input_loginId'

2020-06-05 23:21:15 - [MESSAGE][PASSED] - Text 'tlvietdanh@gmail.com' is set on object 'Object Repository/Page_Mattermost_login/input_loginId'

2020-06-05 23:21:15 - [TEST_STEP][PASSED] - setText(findTestObject("Object Repository/Page_Mattermost_login/input_password"), var_password): Text '13101998' is set on object 'Object Repository/Page_Mattermost_login/input_password'

2020-06-05 23:21:16 - [MESSAGE][PASSED] - Text '13101998' is set on object 'Object Repository/Page_Mattermost_login/input_password'

2020-06-05 23:21:16 - [TEST_STEP][PASSED] - click(findTestObject("Object Repository/Page_Mattermost_login/span_Sign in")): Object: 'Object Repository/Page_Mattermost_login/span_Sign in' is clicked on

2020-06-05 23:21:16 - [MESSAGE][PASSED] - Object: 'Object Repository/Page_Mattermost_login/span_Sign in' is clicked on

2020-06-05 23:21:16 - [MESSAGE][PASSED] - Call Test Case 'Test Cases/Login/login_function' successfully

2020-06-05 23:21:16 - [TEST_STEP][PASSED] - waitForElementVisible(findTestObject("Object Repository/Rename_channel/span_Town Square"), 2): Object 'Object Repository/Rename_channel/span_Town Square' is visible

2020-06-05 23:21:18 - [MESSAGE][PASSED] - Object 'Object Repository/Rename_channel/span_Town Square' is visible

2020-06-05 23:21:18 - [TEST_STEP][PASSED] - url = getUrl().substring(7): Current window's url is: 'http://192.168.1.10:8065/test4/channels/town-square'

2020-06-05 23:21:18 - [MESSAGE][PASSED] - Current window's url is: 'http://192.168.1.10:8065/test4/channels/town-square'

2020-06-05 23:21:18 - [TEST_STEP][PASSED] - arr = url.split("/"): null

2020-06-05 23:21:18 - [TEST_STEP][PASSED] - arr[length - 1] = channel_url: null

2020-06-05 23:21:18 - [TEST_STEP][PASSED] - newUrl = "": null

2020-06-05 23:21:18 - [TEST_STEP][PASSED] - for ([i = 0, i < length, (i++)]): null

2020-06-05 23:21:18 - [TEST_STEP][PASSED] - newUrl += arr[i] + "/": null

2020-06-05 23:21:18 - [TEST_STEP][PASSED] - newUrl += arr[i] + "/": null

2020-06-05 23:21:18 - [TEST_STEP][PASSED] - newUrl += arr[i] + "/": null

2020-06-05 23:21:18 - [TEST_STEP][PASSED] - newUrl += arr[i] + "/": null

2020-06-05 23:21:18 - [TEST_STEP][PASSED] - printf(newUrl): null

2020-06-05 23:21:18 - [TEST_STEP][PASSED] - navigateToUrl("http://" + newUrl): Navigate to 'http://192.168.1.10:8065/test4/channels/test_name_3/' successfully

2020-06-05 23:21:19 - [MESSAGE][PASSED] - Navigate to 'http://192.168.1.10:8065/test4/channels/test_name_3/' successfully

2020-06-05 23:21:19 - [TEST_STEP][PASSED] - if (verifyElementPresent(findTestObject("Object Repository/Rename_channel/span_Town Square"), 1, OPTIONAL)): com.kms.katalon.core.webui.exception.WebElementNotFoundException: Web element with id: 'Object Repository/Rename_channel/span_Town Square' located by 'By.xpath: //strong[@id='channelHeaderTitle']/span' not found (Root cause: com.kms.katalon.core.exception.StepFailedException: com.kms.katalon.core.webui.exception.WebElementNotFoundException: Web element with id: 'Object Repository/Rename_channel/span_Town Square' located by 'By.xpath: //strong[@id='channelHeaderTitle']/span' not found
	at com.kms.katalon.core.webui.keyword.internal.WebUIKeywordMain.stepFailed(WebUIKeywordMain.groovy:64)
	at com.kms.katalon.core.webui.keyword.builtin.VerifyElementPresentKeyword$_verifyElementPresent_closure1.doCall(VerifyElementPresentKeyword.groovy:85)
	at com.kms.katalon.core.webui.keyword.builtin.VerifyElementPresentKeyword$_verifyElementPresent_closure1.call(VerifyElementPresentKeyword.groovy)
	at com.kms.katalon.core.webui.keyword.internal.WebUIKeywordMain.runKeyword(WebUIKeywordMain.groovy:20)
	at com.kms.katalon.core.webui.keyword.builtin.VerifyElementPresentKeyword.verifyElementPresent(VerifyElementPresentKeyword.groovy:92)
	at com.kms.katalon.core.webui.keyword.builtin.VerifyElementPresentKeyword.execute(VerifyElementPresentKeyword.groovy:68)
	at com.kms.katalon.core.keyword.internal.KeywordExecutor.executeKeywordForPlatform(KeywordExecutor.groovy:72)
	at com.kms.katalon.core.webui.keyword.WebUiBuiltInKeywords.verifyElementPresent(WebUiBuiltInKeywords.groovy:1444)
	at com.kms.katalon.core.webui.keyword.WebUiBuiltInKeywords$verifyElementPresent$6.call(Unknown Source)
	at Mute_channel.run(Mute_channel:65)
	at com.kms.katalon.core.main.ScriptEngine.run(ScriptEngine.java:194)
	at com.kms.katalon.core.main.ScriptEngine.runScriptAsRawText(ScriptEngine.java:119)
	at com.kms.katalon.core.main.TestCaseExecutor.runScript(TestCaseExecutor.java:337)
	at com.kms.katalon.core.main.TestCaseExecutor.doExecute(TestCaseExecutor.java:328)
	at com.kms.katalon.core.main.TestCaseExecutor.processExecutionPhase(TestCaseExecutor.java:307)
	at com.kms.katalon.core.main.TestCaseExecutor.accessMainPhase(TestCaseExecutor.java:299)
	at com.kms.katalon.core.main.TestCaseExecutor.execute(TestCaseExecutor.java:233)
	at com.kms.katalon.core.main.TestSuiteExecutor.accessTestCaseMainPhase(TestSuiteExecutor.java:169)
	at com.kms.katalon.core.main.TestSuiteExecutor.accessTestSuiteMainPhase(TestSuiteExecutor.java:142)
	at com.kms.katalon.core.main.TestSuiteExecutor.execute(TestSuiteExecutor.java:91)
	at com.kms.katalon.core.main.TestCaseMain.startTestSuite(TestCaseMain.java:157)
	at com.kms.katalon.core.main.TestCaseMain$startTestSuite$0.call(Unknown Source)
	at TempTestSuite1591373123859.run(TempTestSuite1591373123859.groovy:37)
)

2020-06-05 23:21:22 - [MESSAGE][INFO] - Unable to find the element located by 'By.xpath: //strong[@id='channelHeaderTitle']/span'. Please recheck the objects properties to make sure the desired element is located. 

2020-06-05 23:21:22 - [MESSAGE][WARNING] - com.kms.katalon.core.webui.exception.WebElementNotFoundException: Web element with id: 'Object Repository/Rename_channel/span_Town Square' located by 'By.xpath: //strong[@id='channelHeaderTitle']/span' not found (Root cause: com.kms.katalon.core.exception.StepFailedException: com.kms.katalon.core.webui.exception.WebElementNotFoundException: Web element with id: 'Object Repository/Rename_channel/span_Town Square' located by 'By.xpath: //strong[@id='channelHeaderTitle']/span' not found
	at com.kms.katalon.core.webui.keyword.internal.WebUIKeywordMain.stepFailed(WebUIKeywordMain.groovy:64)
	at com.kms.katalon.core.webui.keyword.builtin.VerifyElementPresentKeyword$_verifyElementPresent_closure1.doCall(VerifyElementPresentKeyword.groovy:85)
	at com.kms.katalon.core.webui.keyword.builtin.VerifyElementPresentKeyword$_verifyElementPresent_closure1.call(VerifyElementPresentKeyword.groovy)
	at com.kms.katalon.core.webui.keyword.internal.WebUIKeywordMain.runKeyword(WebUIKeywordMain.groovy:20)
	at com.kms.katalon.core.webui.keyword.builtin.VerifyElementPresentKeyword.verifyElementPresent(VerifyElementPresentKeyword.groovy:92)
	at com.kms.katalon.core.webui.keyword.builtin.VerifyElementPresentKeyword.execute(VerifyElementPresentKeyword.groovy:68)
	at com.kms.katalon.core.keyword.internal.KeywordExecutor.executeKeywordForPlatform(KeywordExecutor.groovy:72)
	at com.kms.katalon.core.webui.keyword.WebUiBuiltInKeywords.verifyElementPresent(WebUiBuiltInKeywords.groovy:1444)
	at com.kms.katalon.core.webui.keyword.WebUiBuiltInKeywords$verifyElementPresent$6.call(Unknown Source)
	at Mute_channel.run(Mute_channel:65)
	at com.kms.katalon.core.main.ScriptEngine.run(ScriptEngine.java:194)
	at com.kms.katalon.core.main.ScriptEngine.runScriptAsRawText(ScriptEngine.java:119)
	at com.kms.katalon.core.main.TestCaseExecutor.runScript(TestCaseExecutor.java:337)
	at com.kms.katalon.core.main.TestCaseExecutor.doExecute(TestCaseExecutor.java:328)
	at com.kms.katalon.core.main.TestCaseExecutor.processExecutionPhase(TestCaseExecutor.java:307)
	at com.kms.katalon.core.main.TestCaseExecutor.accessMainPhase(TestCaseExecutor.java:299)
	at com.kms.katalon.core.main.TestCaseExecutor.execute(TestCaseExecutor.java:233)
	at com.kms.katalon.core.main.TestSuiteExecutor.accessTestCaseMainPhase(TestSuiteExecutor.java:169)
	at com.kms.katalon.core.main.TestSuiteExecutor.accessTestSuiteMainPhase(TestSuiteExecutor.java:142)
	at com.kms.katalon.core.main.TestSuiteExecutor.execute(TestSuiteExecutor.java:91)
	at com.kms.katalon.core.main.TestCaseMain.startTestSuite(TestCaseMain.java:157)
	at com.kms.katalon.core.main.TestCaseMain$startTestSuite$0.call(Unknown Source)
	at TempTestSuite1591373123859.run(TempTestSuite1591373123859.groovy:37)
)
[[ATTACHMENT|D:\\katalon\\hw2-katalon-testing\\Reports\\20200605_230523\\Run_All_Test_Cases\\20200605_230523\\1591374082668.png]]

2020-06-05 23:21:22 - [TEST_STEP][PASSED] - Start tear down : Teardown: Method 'Teardown' complete successfully

2020-06-05 23:21:22 - [TEST_STEP][PASSED] - closeBrowser(): Browser is closed

2020-06-05 23:21:23 - [MESSAGE][PASSED] - Browser is closed

2020-06-05 23:21:23 - [MESSAGE][PASSED] - Method 'Teardown' complete successfully]]></system-out>
         <system-err><![CDATA[]]></system-err>
      </testcase>
      <testcase name="Test Cases/Channel/Mute_channel" time="14.394" classname="Test Cases/Channel/Mute_channel" status="PASSED">
         <system-out><![CDATA[2020-06-05 23:21:23 - [TEST_CASE][PASSED] - Test Cases/Channel/Mute_channel: Test Cases/Channel/Mute_channel

2020-06-05 23:21:23 - [TEST_STEP][PASSED] - Start setup action : Setup: Method 'Setup' complete successfully

2020-06-05 23:21:23 - [TEST_STEP][PASSED] - openBrowser("http://192.168.1.10:8065/login"): Browser is opened with url: 'http://192.168.1.10:8065/login'

2020-06-05 23:21:23 - [MESSAGE][INFO] - Starting 'Firefox' driver

2020-06-05 23:21:23 - [MESSAGE][INFO] - Action delay is set to 0 milliseconds

2020-06-05 23:21:28 - [MESSAGE][PASSED] - Browser is opened with url: 'http://192.168.1.10:8065/login'

2020-06-05 23:21:28 - [MESSAGE][PASSED] - Method 'Setup' complete successfully

2020-06-05 23:21:28 - [TEST_STEP][PASSED] - callTestCase(findTestCase("Test Cases/Login/login_function"), ["var_user":"tlvietdanh@gmail.com", "var_password":"13101998"], STOP_ON_FAILURE): Call Test Case 'Test Cases/Login/login_function' successfully

2020-06-05 23:21:28 - [TEST_CASE][PASSED] - Test Cases/Login/login_function: Test Cases/Login/login_function

2020-06-05 23:21:28 - [TEST_STEP][PASSED] - setText(findTestObject("Object Repository/Page_Mattermost_login/input_loginId"), var_user): Text 'tlvietdanh@gmail.com' is set on object 'Object Repository/Page_Mattermost_login/input_loginId'

2020-06-05 23:21:30 - [MESSAGE][PASSED] - Text 'tlvietdanh@gmail.com' is set on object 'Object Repository/Page_Mattermost_login/input_loginId'

2020-06-05 23:21:30 - [TEST_STEP][PASSED] - setText(findTestObject("Object Repository/Page_Mattermost_login/input_password"), var_password): Text '13101998' is set on object 'Object Repository/Page_Mattermost_login/input_password'

2020-06-05 23:21:31 - [MESSAGE][PASSED] - Text '13101998' is set on object 'Object Repository/Page_Mattermost_login/input_password'

2020-06-05 23:21:31 - [TEST_STEP][PASSED] - click(findTestObject("Object Repository/Page_Mattermost_login/span_Sign in")): Object: 'Object Repository/Page_Mattermost_login/span_Sign in' is clicked on

2020-06-05 23:21:31 - [MESSAGE][PASSED] - Object: 'Object Repository/Page_Mattermost_login/span_Sign in' is clicked on

2020-06-05 23:21:31 - [MESSAGE][PASSED] - Call Test Case 'Test Cases/Login/login_function' successfully

2020-06-05 23:21:31 - [TEST_STEP][PASSED] - waitForElementVisible(findTestObject("Object Repository/Rename_channel/span_Town Square"), 2): Object 'Object Repository/Rename_channel/span_Town Square' is visible

2020-06-05 23:21:33 - [MESSAGE][PASSED] - Object 'Object Repository/Rename_channel/span_Town Square' is visible

2020-06-05 23:21:33 - [TEST_STEP][PASSED] - url = getUrl().substring(7): Current window's url is: 'http://192.168.1.10:8065/test4/channels/town-square'

2020-06-05 23:21:33 - [MESSAGE][PASSED] - Current window's url is: 'http://192.168.1.10:8065/test4/channels/town-square'

2020-06-05 23:21:33 - [TEST_STEP][PASSED] - arr = url.split("/"): null

2020-06-05 23:21:33 - [TEST_STEP][PASSED] - arr[length - 1] = channel_url: null

2020-06-05 23:21:33 - [TEST_STEP][PASSED] - newUrl = "": null

2020-06-05 23:21:33 - [TEST_STEP][PASSED] - for ([i = 0, i < length, (i++)]): null

2020-06-05 23:21:33 - [TEST_STEP][PASSED] - newUrl += arr[i] + "/": null

2020-06-05 23:21:33 - [TEST_STEP][PASSED] - newUrl += arr[i] + "/": null

2020-06-05 23:21:33 - [TEST_STEP][PASSED] - newUrl += arr[i] + "/": null

2020-06-05 23:21:33 - [TEST_STEP][PASSED] - newUrl += arr[i] + "/": null

2020-06-05 23:21:33 - [TEST_STEP][PASSED] - printf(newUrl): null

2020-06-05 23:21:33 - [TEST_STEP][PASSED] - navigateToUrl("http://" + newUrl): Navigate to 'http://192.168.1.10:8065/test4/channels/test_name_4/' successfully

2020-06-05 23:21:34 - [MESSAGE][PASSED] - Navigate to 'http://192.168.1.10:8065/test4/channels/test_name_4/' successfully

2020-06-05 23:21:34 - [TEST_STEP][PASSED] - if (verifyElementPresent(findTestObject("Object Repository/Rename_channel/span_Town Square"), 1, OPTIONAL)): com.kms.katalon.core.webui.exception.WebElementNotFoundException: Web element with id: 'Object Repository/Rename_channel/span_Town Square' located by 'By.xpath: //strong[@id='channelHeaderTitle']/span' not found (Root cause: com.kms.katalon.core.exception.StepFailedException: com.kms.katalon.core.webui.exception.WebElementNotFoundException: Web element with id: 'Object Repository/Rename_channel/span_Town Square' located by 'By.xpath: //strong[@id='channelHeaderTitle']/span' not found
	at com.kms.katalon.core.webui.keyword.internal.WebUIKeywordMain.stepFailed(WebUIKeywordMain.groovy:64)
	at com.kms.katalon.core.webui.keyword.builtin.VerifyElementPresentKeyword$_verifyElementPresent_closure1.doCall(VerifyElementPresentKeyword.groovy:85)
	at com.kms.katalon.core.webui.keyword.builtin.VerifyElementPresentKeyword$_verifyElementPresent_closure1.call(VerifyElementPresentKeyword.groovy)
	at com.kms.katalon.core.webui.keyword.internal.WebUIKeywordMain.runKeyword(WebUIKeywordMain.groovy:20)
	at com.kms.katalon.core.webui.keyword.builtin.VerifyElementPresentKeyword.verifyElementPresent(VerifyElementPresentKeyword.groovy:92)
	at com.kms.katalon.core.webui.keyword.builtin.VerifyElementPresentKeyword.execute(VerifyElementPresentKeyword.groovy:68)
	at com.kms.katalon.core.keyword.internal.KeywordExecutor.executeKeywordForPlatform(KeywordExecutor.groovy:72)
	at com.kms.katalon.core.webui.keyword.WebUiBuiltInKeywords.verifyElementPresent(WebUiBuiltInKeywords.groovy:1444)
	at com.kms.katalon.core.webui.keyword.WebUiBuiltInKeywords$verifyElementPresent$6.call(Unknown Source)
	at Mute_channel.run(Mute_channel:65)
	at com.kms.katalon.core.main.ScriptEngine.run(ScriptEngine.java:194)
	at com.kms.katalon.core.main.ScriptEngine.runScriptAsRawText(ScriptEngine.java:119)
	at com.kms.katalon.core.main.TestCaseExecutor.runScript(TestCaseExecutor.java:337)
	at com.kms.katalon.core.main.TestCaseExecutor.doExecute(TestCaseExecutor.java:328)
	at com.kms.katalon.core.main.TestCaseExecutor.processExecutionPhase(TestCaseExecutor.java:307)
	at com.kms.katalon.core.main.TestCaseExecutor.accessMainPhase(TestCaseExecutor.java:299)
	at com.kms.katalon.core.main.TestCaseExecutor.execute(TestCaseExecutor.java:233)
	at com.kms.katalon.core.main.TestSuiteExecutor.accessTestCaseMainPhase(TestSuiteExecutor.java:169)
	at com.kms.katalon.core.main.TestSuiteExecutor.accessTestSuiteMainPhase(TestSuiteExecutor.java:142)
	at com.kms.katalon.core.main.TestSuiteExecutor.execute(TestSuiteExecutor.java:91)
	at com.kms.katalon.core.main.TestCaseMain.startTestSuite(TestCaseMain.java:157)
	at com.kms.katalon.core.main.TestCaseMain$startTestSuite$0.call(Unknown Source)
	at TempTestSuite1591373123859.run(TempTestSuite1591373123859.groovy:37)
)

2020-06-05 23:21:37 - [MESSAGE][INFO] - Unable to find the element located by 'By.xpath: //strong[@id='channelHeaderTitle']/span'. Please recheck the objects properties to make sure the desired element is located. 

2020-06-05 23:21:37 - [MESSAGE][WARNING] - com.kms.katalon.core.webui.exception.WebElementNotFoundException: Web element with id: 'Object Repository/Rename_channel/span_Town Square' located by 'By.xpath: //strong[@id='channelHeaderTitle']/span' not found (Root cause: com.kms.katalon.core.exception.StepFailedException: com.kms.katalon.core.webui.exception.WebElementNotFoundException: Web element with id: 'Object Repository/Rename_channel/span_Town Square' located by 'By.xpath: //strong[@id='channelHeaderTitle']/span' not found
	at com.kms.katalon.core.webui.keyword.internal.WebUIKeywordMain.stepFailed(WebUIKeywordMain.groovy:64)
	at com.kms.katalon.core.webui.keyword.builtin.VerifyElementPresentKeyword$_verifyElementPresent_closure1.doCall(VerifyElementPresentKeyword.groovy:85)
	at com.kms.katalon.core.webui.keyword.builtin.VerifyElementPresentKeyword$_verifyElementPresent_closure1.call(VerifyElementPresentKeyword.groovy)
	at com.kms.katalon.core.webui.keyword.internal.WebUIKeywordMain.runKeyword(WebUIKeywordMain.groovy:20)
	at com.kms.katalon.core.webui.keyword.builtin.VerifyElementPresentKeyword.verifyElementPresent(VerifyElementPresentKeyword.groovy:92)
	at com.kms.katalon.core.webui.keyword.builtin.VerifyElementPresentKeyword.execute(VerifyElementPresentKeyword.groovy:68)
	at com.kms.katalon.core.keyword.internal.KeywordExecutor.executeKeywordForPlatform(KeywordExecutor.groovy:72)
	at com.kms.katalon.core.webui.keyword.WebUiBuiltInKeywords.verifyElementPresent(WebUiBuiltInKeywords.groovy:1444)
	at com.kms.katalon.core.webui.keyword.WebUiBuiltInKeywords$verifyElementPresent$6.call(Unknown Source)
	at Mute_channel.run(Mute_channel:65)
	at com.kms.katalon.core.main.ScriptEngine.run(ScriptEngine.java:194)
	at com.kms.katalon.core.main.ScriptEngine.runScriptAsRawText(ScriptEngine.java:119)
	at com.kms.katalon.core.main.TestCaseExecutor.runScript(TestCaseExecutor.java:337)
	at com.kms.katalon.core.main.TestCaseExecutor.doExecute(TestCaseExecutor.java:328)
	at com.kms.katalon.core.main.TestCaseExecutor.processExecutionPhase(TestCaseExecutor.java:307)
	at com.kms.katalon.core.main.TestCaseExecutor.accessMainPhase(TestCaseExecutor.java:299)
	at com.kms.katalon.core.main.TestCaseExecutor.execute(TestCaseExecutor.java:233)
	at com.kms.katalon.core.main.TestSuiteExecutor.accessTestCaseMainPhase(TestSuiteExecutor.java:169)
	at com.kms.katalon.core.main.TestSuiteExecutor.accessTestSuiteMainPhase(TestSuiteExecutor.java:142)
	at com.kms.katalon.core.main.TestSuiteExecutor.execute(TestSuiteExecutor.java:91)
	at com.kms.katalon.core.main.TestCaseMain.startTestSuite(TestCaseMain.java:157)
	at com.kms.katalon.core.main.TestCaseMain$startTestSuite$0.call(Unknown Source)
	at TempTestSuite1591373123859.run(TempTestSuite1591373123859.groovy:37)
)
[[ATTACHMENT|D:\\katalon\\hw2-katalon-testing\\Reports\\20200605_230523\\Run_All_Test_Cases\\20200605_230523\\1591374097072.png]]

2020-06-05 23:21:37 - [TEST_STEP][PASSED] - Start tear down : Teardown: Method 'Teardown' complete successfully

2020-06-05 23:21:37 - [TEST_STEP][PASSED] - closeBrowser(): Browser is closed

2020-06-05 23:21:38 - [MESSAGE][PASSED] - Browser is closed

2020-06-05 23:21:38 - [MESSAGE][PASSED] - Method 'Teardown' complete successfully]]></system-out>
         <system-err><![CDATA[]]></system-err>
      </testcase>
      <testcase name="Test Cases/Channel/Mute_channel" time="14.69" classname="Test Cases/Channel/Mute_channel" status="PASSED">
         <system-out><![CDATA[2020-06-05 23:21:38 - [TEST_CASE][PASSED] - Test Cases/Channel/Mute_channel: Test Cases/Channel/Mute_channel

2020-06-05 23:21:38 - [TEST_STEP][PASSED] - Start setup action : Setup: Method 'Setup' complete successfully

2020-06-05 23:21:38 - [TEST_STEP][PASSED] - openBrowser("http://192.168.1.10:8065/login"): Browser is opened with url: 'http://192.168.1.10:8065/login'

2020-06-05 23:21:38 - [MESSAGE][INFO] - Starting 'Firefox' driver

2020-06-05 23:21:38 - [MESSAGE][INFO] - Action delay is set to 0 milliseconds

2020-06-05 23:21:42 - [MESSAGE][PASSED] - Browser is opened with url: 'http://192.168.1.10:8065/login'

2020-06-05 23:21:42 - [MESSAGE][PASSED] - Method 'Setup' complete successfully

2020-06-05 23:21:42 - [TEST_STEP][PASSED] - callTestCase(findTestCase("Test Cases/Login/login_function"), ["var_user":"tlvietdanh@gmail.com", "var_password":"13101998"], STOP_ON_FAILURE): Call Test Case 'Test Cases/Login/login_function' successfully

2020-06-05 23:21:42 - [TEST_CASE][PASSED] - Test Cases/Login/login_function: Test Cases/Login/login_function

2020-06-05 23:21:42 - [TEST_STEP][PASSED] - setText(findTestObject("Object Repository/Page_Mattermost_login/input_loginId"), var_user): Text 'tlvietdanh@gmail.com' is set on object 'Object Repository/Page_Mattermost_login/input_loginId'

2020-06-05 23:21:44 - [MESSAGE][PASSED] - Text 'tlvietdanh@gmail.com' is set on object 'Object Repository/Page_Mattermost_login/input_loginId'

2020-06-05 23:21:44 - [TEST_STEP][PASSED] - setText(findTestObject("Object Repository/Page_Mattermost_login/input_password"), var_password): Text '13101998' is set on object 'Object Repository/Page_Mattermost_login/input_password'

2020-06-05 23:21:45 - [MESSAGE][PASSED] - Text '13101998' is set on object 'Object Repository/Page_Mattermost_login/input_password'

2020-06-05 23:21:45 - [TEST_STEP][PASSED] - click(findTestObject("Object Repository/Page_Mattermost_login/span_Sign in")): Object: 'Object Repository/Page_Mattermost_login/span_Sign in' is clicked on

2020-06-05 23:21:45 - [MESSAGE][PASSED] - Object: 'Object Repository/Page_Mattermost_login/span_Sign in' is clicked on

2020-06-05 23:21:45 - [MESSAGE][PASSED] - Call Test Case 'Test Cases/Login/login_function' successfully

2020-06-05 23:21:45 - [TEST_STEP][PASSED] - waitForElementVisible(findTestObject("Object Repository/Rename_channel/span_Town Square"), 2): Object 'Object Repository/Rename_channel/span_Town Square' is visible

2020-06-05 23:21:47 - [MESSAGE][PASSED] - Object 'Object Repository/Rename_channel/span_Town Square' is visible

2020-06-05 23:21:47 - [TEST_STEP][PASSED] - url = getUrl().substring(7): Current window's url is: 'http://192.168.1.10:8065/test4/channels/town-square'

2020-06-05 23:21:47 - [MESSAGE][PASSED] - Current window's url is: 'http://192.168.1.10:8065/test4/channels/town-square'

2020-06-05 23:21:47 - [TEST_STEP][PASSED] - arr = url.split("/"): null

2020-06-05 23:21:47 - [TEST_STEP][PASSED] - arr[length - 1] = channel_url: null

2020-06-05 23:21:47 - [TEST_STEP][PASSED] - newUrl = "": null

2020-06-05 23:21:47 - [TEST_STEP][PASSED] - for ([i = 0, i < length, (i++)]): null

2020-06-05 23:21:47 - [TEST_STEP][PASSED] - newUrl += arr[i] + "/": null

2020-06-05 23:21:47 - [TEST_STEP][PASSED] - newUrl += arr[i] + "/": null

2020-06-05 23:21:47 - [TEST_STEP][PASSED] - newUrl += arr[i] + "/": null

2020-06-05 23:21:47 - [TEST_STEP][PASSED] - newUrl += arr[i] + "/": null

2020-06-05 23:21:47 - [TEST_STEP][PASSED] - printf(newUrl): null

2020-06-05 23:21:47 - [TEST_STEP][PASSED] - navigateToUrl("http://" + newUrl): Navigate to 'http://192.168.1.10:8065/test4/channels/test_name_5/' successfully

2020-06-05 23:21:48 - [MESSAGE][PASSED] - Navigate to 'http://192.168.1.10:8065/test4/channels/test_name_5/' successfully

2020-06-05 23:21:48 - [TEST_STEP][PASSED] - if (verifyElementPresent(findTestObject("Object Repository/Rename_channel/span_Town Square"), 1, OPTIONAL)): com.kms.katalon.core.webui.exception.WebElementNotFoundException: Web element with id: 'Object Repository/Rename_channel/span_Town Square' located by 'By.xpath: //strong[@id='channelHeaderTitle']/span' not found (Root cause: com.kms.katalon.core.exception.StepFailedException: com.kms.katalon.core.webui.exception.WebElementNotFoundException: Web element with id: 'Object Repository/Rename_channel/span_Town Square' located by 'By.xpath: //strong[@id='channelHeaderTitle']/span' not found
	at com.kms.katalon.core.webui.keyword.internal.WebUIKeywordMain.stepFailed(WebUIKeywordMain.groovy:64)
	at com.kms.katalon.core.webui.keyword.builtin.VerifyElementPresentKeyword$_verifyElementPresent_closure1.doCall(VerifyElementPresentKeyword.groovy:85)
	at com.kms.katalon.core.webui.keyword.builtin.VerifyElementPresentKeyword$_verifyElementPresent_closure1.call(VerifyElementPresentKeyword.groovy)
	at com.kms.katalon.core.webui.keyword.internal.WebUIKeywordMain.runKeyword(WebUIKeywordMain.groovy:20)
	at com.kms.katalon.core.webui.keyword.builtin.VerifyElementPresentKeyword.verifyElementPresent(VerifyElementPresentKeyword.groovy:92)
	at com.kms.katalon.core.webui.keyword.builtin.VerifyElementPresentKeyword.execute(VerifyElementPresentKeyword.groovy:68)
	at com.kms.katalon.core.keyword.internal.KeywordExecutor.executeKeywordForPlatform(KeywordExecutor.groovy:72)
	at com.kms.katalon.core.webui.keyword.WebUiBuiltInKeywords.verifyElementPresent(WebUiBuiltInKeywords.groovy:1444)
	at com.kms.katalon.core.webui.keyword.WebUiBuiltInKeywords$verifyElementPresent$6.call(Unknown Source)
	at Mute_channel.run(Mute_channel:65)
	at com.kms.katalon.core.main.ScriptEngine.run(ScriptEngine.java:194)
	at com.kms.katalon.core.main.ScriptEngine.runScriptAsRawText(ScriptEngine.java:119)
	at com.kms.katalon.core.main.TestCaseExecutor.runScript(TestCaseExecutor.java:337)
	at com.kms.katalon.core.main.TestCaseExecutor.doExecute(TestCaseExecutor.java:328)
	at com.kms.katalon.core.main.TestCaseExecutor.processExecutionPhase(TestCaseExecutor.java:307)
	at com.kms.katalon.core.main.TestCaseExecutor.accessMainPhase(TestCaseExecutor.java:299)
	at com.kms.katalon.core.main.TestCaseExecutor.execute(TestCaseExecutor.java:233)
	at com.kms.katalon.core.main.TestSuiteExecutor.accessTestCaseMainPhase(TestSuiteExecutor.java:169)
	at com.kms.katalon.core.main.TestSuiteExecutor.accessTestSuiteMainPhase(TestSuiteExecutor.java:142)
	at com.kms.katalon.core.main.TestSuiteExecutor.execute(TestSuiteExecutor.java:91)
	at com.kms.katalon.core.main.TestCaseMain.startTestSuite(TestCaseMain.java:157)
	at com.kms.katalon.core.main.TestCaseMain$startTestSuite$0.call(Unknown Source)
	at TempTestSuite1591373123859.run(TempTestSuite1591373123859.groovy:37)
)

2020-06-05 23:21:51 - [MESSAGE][INFO] - Unable to find the element located by 'By.xpath: //strong[@id='channelHeaderTitle']/span'. Please recheck the objects properties to make sure the desired element is located. 

2020-06-05 23:21:51 - [MESSAGE][WARNING] - com.kms.katalon.core.webui.exception.WebElementNotFoundException: Web element with id: 'Object Repository/Rename_channel/span_Town Square' located by 'By.xpath: //strong[@id='channelHeaderTitle']/span' not found (Root cause: com.kms.katalon.core.exception.StepFailedException: com.kms.katalon.core.webui.exception.WebElementNotFoundException: Web element with id: 'Object Repository/Rename_channel/span_Town Square' located by 'By.xpath: //strong[@id='channelHeaderTitle']/span' not found
	at com.kms.katalon.core.webui.keyword.internal.WebUIKeywordMain.stepFailed(WebUIKeywordMain.groovy:64)
	at com.kms.katalon.core.webui.keyword.builtin.VerifyElementPresentKeyword$_verifyElementPresent_closure1.doCall(VerifyElementPresentKeyword.groovy:85)
	at com.kms.katalon.core.webui.keyword.builtin.VerifyElementPresentKeyword$_verifyElementPresent_closure1.call(VerifyElementPresentKeyword.groovy)
	at com.kms.katalon.core.webui.keyword.internal.WebUIKeywordMain.runKeyword(WebUIKeywordMain.groovy:20)
	at com.kms.katalon.core.webui.keyword.builtin.VerifyElementPresentKeyword.verifyElementPresent(VerifyElementPresentKeyword.groovy:92)
	at com.kms.katalon.core.webui.keyword.builtin.VerifyElementPresentKeyword.execute(VerifyElementPresentKeyword.groovy:68)
	at com.kms.katalon.core.keyword.internal.KeywordExecutor.executeKeywordForPlatform(KeywordExecutor.groovy:72)
	at com.kms.katalon.core.webui.keyword.WebUiBuiltInKeywords.verifyElementPresent(WebUiBuiltInKeywords.groovy:1444)
	at com.kms.katalon.core.webui.keyword.WebUiBuiltInKeywords$verifyElementPresent$6.call(Unknown Source)
	at Mute_channel.run(Mute_channel:65)
	at com.kms.katalon.core.main.ScriptEngine.run(ScriptEngine.java:194)
	at com.kms.katalon.core.main.ScriptEngine.runScriptAsRawText(ScriptEngine.java:119)
	at com.kms.katalon.core.main.TestCaseExecutor.runScript(TestCaseExecutor.java:337)
	at com.kms.katalon.core.main.TestCaseExecutor.doExecute(TestCaseExecutor.java:328)
	at com.kms.katalon.core.main.TestCaseExecutor.processExecutionPhase(TestCaseExecutor.java:307)
	at com.kms.katalon.core.main.TestCaseExecutor.accessMainPhase(TestCaseExecutor.java:299)
	at com.kms.katalon.core.main.TestCaseExecutor.execute(TestCaseExecutor.java:233)
	at com.kms.katalon.core.main.TestSuiteExecutor.accessTestCaseMainPhase(TestSuiteExecutor.java:169)
	at com.kms.katalon.core.main.TestSuiteExecutor.accessTestSuiteMainPhase(TestSuiteExecutor.java:142)
	at com.kms.katalon.core.main.TestSuiteExecutor.execute(TestSuiteExecutor.java:91)
	at com.kms.katalon.core.main.TestCaseMain.startTestSuite(TestCaseMain.java:157)
	at com.kms.katalon.core.main.TestCaseMain$startTestSuite$0.call(Unknown Source)
	at TempTestSuite1591373123859.run(TempTestSuite1591373123859.groovy:37)
)
[[ATTACHMENT|D:\\katalon\\hw2-katalon-testing\\Reports\\20200605_230523\\Run_All_Test_Cases\\20200605_230523\\1591374111507.png]]

2020-06-05 23:21:51 - [TEST_STEP][PASSED] - Start tear down : Teardown: Method 'Teardown' complete successfully

2020-06-05 23:21:51 - [TEST_STEP][PASSED] - closeBrowser(): Browser is closed

2020-06-05 23:21:52 - [MESSAGE][PASSED] - Browser is closed

2020-06-05 23:21:52 - [MESSAGE][PASSED] - Method 'Teardown' complete successfully]]></system-out>
         <system-err><![CDATA[]]></system-err>
      </testcase>
      <testcase name="Test Cases/Channel/Unmute_channel" time="14.111" classname="Test Cases/Channel/Unmute_channel" status="PASSED">
         <system-out><![CDATA[2020-06-05 23:21:52 - [TEST_CASE][PASSED] - Test Cases/Channel/Unmute_channel: Test Cases/Channel/Unmute_channel

2020-06-05 23:21:52 - [TEST_STEP][PASSED] - Start setup action : Setup: Method 'Setup' complete successfully

2020-06-05 23:21:53 - [TEST_STEP][PASSED] - openBrowser("http://192.168.1.10:8065/login"): Browser is opened with url: 'http://192.168.1.10:8065/login'

2020-06-05 23:21:53 - [MESSAGE][INFO] - Starting 'Firefox' driver

2020-06-05 23:21:53 - [MESSAGE][INFO] - Action delay is set to 0 milliseconds

2020-06-05 23:21:57 - [MESSAGE][PASSED] - Browser is opened with url: 'http://192.168.1.10:8065/login'

2020-06-05 23:21:57 - [MESSAGE][PASSED] - Method 'Setup' complete successfully

2020-06-05 23:21:57 - [TEST_STEP][PASSED] - callTestCase(findTestCase("Test Cases/Login/login_function"), ["var_user":"tlvietdanh@gmail.com", "var_password":"13101998"], STOP_ON_FAILURE): Call Test Case 'Test Cases/Login/login_function' successfully

2020-06-05 23:21:57 - [TEST_CASE][PASSED] - Test Cases/Login/login_function: Test Cases/Login/login_function

2020-06-05 23:21:57 - [TEST_STEP][PASSED] - setText(findTestObject("Object Repository/Page_Mattermost_login/input_loginId"), var_user): Text 'tlvietdanh@gmail.com' is set on object 'Object Repository/Page_Mattermost_login/input_loginId'

2020-06-05 23:21:59 - [MESSAGE][PASSED] - Text 'tlvietdanh@gmail.com' is set on object 'Object Repository/Page_Mattermost_login/input_loginId'

2020-06-05 23:21:59 - [TEST_STEP][PASSED] - setText(findTestObject("Object Repository/Page_Mattermost_login/input_password"), var_password): Text '13101998' is set on object 'Object Repository/Page_Mattermost_login/input_password'

2020-06-05 23:22:00 - [MESSAGE][PASSED] - Text '13101998' is set on object 'Object Repository/Page_Mattermost_login/input_password'

2020-06-05 23:22:00 - [TEST_STEP][PASSED] - click(findTestObject("Object Repository/Page_Mattermost_login/span_Sign in")): Object: 'Object Repository/Page_Mattermost_login/span_Sign in' is clicked on

2020-06-05 23:22:00 - [MESSAGE][PASSED] - Object: 'Object Repository/Page_Mattermost_login/span_Sign in' is clicked on

2020-06-05 23:22:00 - [MESSAGE][PASSED] - Call Test Case 'Test Cases/Login/login_function' successfully

2020-06-05 23:22:00 - [TEST_STEP][PASSED] - waitForElementVisible(findTestObject("Object Repository/Rename_channel/span_Town Square"), 2): Object 'Object Repository/Rename_channel/span_Town Square' is visible

2020-06-05 23:22:02 - [MESSAGE][PASSED] - Object 'Object Repository/Rename_channel/span_Town Square' is visible

2020-06-05 23:22:02 - [TEST_STEP][PASSED] - url = getUrl().substring(7): Current window's url is: 'http://192.168.1.10:8065/test4/channels/town-square'

2020-06-05 23:22:02 - [MESSAGE][PASSED] - Current window's url is: 'http://192.168.1.10:8065/test4/channels/town-square'

2020-06-05 23:22:02 - [TEST_STEP][PASSED] - arr = url.split("/"): null

2020-06-05 23:22:02 - [TEST_STEP][PASSED] - arr[length - 1] = channel_url: null

2020-06-05 23:22:02 - [TEST_STEP][PASSED] - newUrl = "": null

2020-06-05 23:22:02 - [TEST_STEP][PASSED] - for ([i = 0, i < length, (i++)]): null

2020-06-05 23:22:02 - [TEST_STEP][PASSED] - newUrl += arr[i] + "/": null

2020-06-05 23:22:02 - [TEST_STEP][PASSED] - newUrl += arr[i] + "/": null

2020-06-05 23:22:02 - [TEST_STEP][PASSED] - newUrl += arr[i] + "/": null

2020-06-05 23:22:02 - [TEST_STEP][PASSED] - newUrl += arr[i] + "/": null

2020-06-05 23:22:02 - [TEST_STEP][PASSED] - printf(newUrl): null

2020-06-05 23:22:02 - [TEST_STEP][PASSED] - navigateToUrl("http://" + newUrl): Navigate to 'http://192.168.1.10:8065/test4/channels/test_name_1/' successfully

2020-06-05 23:22:03 - [MESSAGE][PASSED] - Navigate to 'http://192.168.1.10:8065/test4/channels/test_name_1/' successfully

2020-06-05 23:22:03 - [TEST_STEP][PASSED] - if (verifyElementPresent(findTestObject("Object Repository/Rename_channel/span_Town Square"), 1, OPTIONAL)): com.kms.katalon.core.webui.exception.WebElementNotFoundException: Web element with id: 'Object Repository/Rename_channel/span_Town Square' located by 'By.xpath: //strong[@id='channelHeaderTitle']/span' not found (Root cause: com.kms.katalon.core.exception.StepFailedException: com.kms.katalon.core.webui.exception.WebElementNotFoundException: Web element with id: 'Object Repository/Rename_channel/span_Town Square' located by 'By.xpath: //strong[@id='channelHeaderTitle']/span' not found
	at com.kms.katalon.core.webui.keyword.internal.WebUIKeywordMain.stepFailed(WebUIKeywordMain.groovy:64)
	at com.kms.katalon.core.webui.keyword.builtin.VerifyElementPresentKeyword$_verifyElementPresent_closure1.doCall(VerifyElementPresentKeyword.groovy:85)
	at com.kms.katalon.core.webui.keyword.builtin.VerifyElementPresentKeyword$_verifyElementPresent_closure1.call(VerifyElementPresentKeyword.groovy)
	at com.kms.katalon.core.webui.keyword.internal.WebUIKeywordMain.runKeyword(WebUIKeywordMain.groovy:20)
	at com.kms.katalon.core.webui.keyword.builtin.VerifyElementPresentKeyword.verifyElementPresent(VerifyElementPresentKeyword.groovy:92)
	at com.kms.katalon.core.webui.keyword.builtin.VerifyElementPresentKeyword.execute(VerifyElementPresentKeyword.groovy:68)
	at com.kms.katalon.core.keyword.internal.KeywordExecutor.executeKeywordForPlatform(KeywordExecutor.groovy:72)
	at com.kms.katalon.core.webui.keyword.WebUiBuiltInKeywords.verifyElementPresent(WebUiBuiltInKeywords.groovy:1444)
	at com.kms.katalon.core.webui.keyword.WebUiBuiltInKeywords$verifyElementPresent$6.call(Unknown Source)
	at Unmute_channel.run(Unmute_channel:65)
	at com.kms.katalon.core.main.ScriptEngine.run(ScriptEngine.java:194)
	at com.kms.katalon.core.main.ScriptEngine.runScriptAsRawText(ScriptEngine.java:119)
	at com.kms.katalon.core.main.TestCaseExecutor.runScript(TestCaseExecutor.java:337)
	at com.kms.katalon.core.main.TestCaseExecutor.doExecute(TestCaseExecutor.java:328)
	at com.kms.katalon.core.main.TestCaseExecutor.processExecutionPhase(TestCaseExecutor.java:307)
	at com.kms.katalon.core.main.TestCaseExecutor.accessMainPhase(TestCaseExecutor.java:299)
	at com.kms.katalon.core.main.TestCaseExecutor.execute(TestCaseExecutor.java:233)
	at com.kms.katalon.core.main.TestSuiteExecutor.accessTestCaseMainPhase(TestSuiteExecutor.java:169)
	at com.kms.katalon.core.main.TestSuiteExecutor.accessTestSuiteMainPhase(TestSuiteExecutor.java:142)
	at com.kms.katalon.core.main.TestSuiteExecutor.execute(TestSuiteExecutor.java:91)
	at com.kms.katalon.core.main.TestCaseMain.startTestSuite(TestCaseMain.java:157)
	at com.kms.katalon.core.main.TestCaseMain$startTestSuite$0.call(Unknown Source)
	at TempTestSuite1591373123859.run(TempTestSuite1591373123859.groovy:37)
)

2020-06-05 23:22:05 - [MESSAGE][INFO] - Unable to find the element located by 'By.xpath: //strong[@id='channelHeaderTitle']/span'. Please recheck the objects properties to make sure the desired element is located. 

2020-06-05 23:22:05 - [MESSAGE][WARNING] - com.kms.katalon.core.webui.exception.WebElementNotFoundException: Web element with id: 'Object Repository/Rename_channel/span_Town Square' located by 'By.xpath: //strong[@id='channelHeaderTitle']/span' not found (Root cause: com.kms.katalon.core.exception.StepFailedException: com.kms.katalon.core.webui.exception.WebElementNotFoundException: Web element with id: 'Object Repository/Rename_channel/span_Town Square' located by 'By.xpath: //strong[@id='channelHeaderTitle']/span' not found
	at com.kms.katalon.core.webui.keyword.internal.WebUIKeywordMain.stepFailed(WebUIKeywordMain.groovy:64)
	at com.kms.katalon.core.webui.keyword.builtin.VerifyElementPresentKeyword$_verifyElementPresent_closure1.doCall(VerifyElementPresentKeyword.groovy:85)
	at com.kms.katalon.core.webui.keyword.builtin.VerifyElementPresentKeyword$_verifyElementPresent_closure1.call(VerifyElementPresentKeyword.groovy)
	at com.kms.katalon.core.webui.keyword.internal.WebUIKeywordMain.runKeyword(WebUIKeywordMain.groovy:20)
	at com.kms.katalon.core.webui.keyword.builtin.VerifyElementPresentKeyword.verifyElementPresent(VerifyElementPresentKeyword.groovy:92)
	at com.kms.katalon.core.webui.keyword.builtin.VerifyElementPresentKeyword.execute(VerifyElementPresentKeyword.groovy:68)
	at com.kms.katalon.core.keyword.internal.KeywordExecutor.executeKeywordForPlatform(KeywordExecutor.groovy:72)
	at com.kms.katalon.core.webui.keyword.WebUiBuiltInKeywords.verifyElementPresent(WebUiBuiltInKeywords.groovy:1444)
	at com.kms.katalon.core.webui.keyword.WebUiBuiltInKeywords$verifyElementPresent$6.call(Unknown Source)
	at Unmute_channel.run(Unmute_channel:65)
	at com.kms.katalon.core.main.ScriptEngine.run(ScriptEngine.java:194)
	at com.kms.katalon.core.main.ScriptEngine.runScriptAsRawText(ScriptEngine.java:119)
	at com.kms.katalon.core.main.TestCaseExecutor.runScript(TestCaseExecutor.java:337)
	at com.kms.katalon.core.main.TestCaseExecutor.doExecute(TestCaseExecutor.java:328)
	at com.kms.katalon.core.main.TestCaseExecutor.processExecutionPhase(TestCaseExecutor.java:307)
	at com.kms.katalon.core.main.TestCaseExecutor.accessMainPhase(TestCaseExecutor.java:299)
	at com.kms.katalon.core.main.TestCaseExecutor.execute(TestCaseExecutor.java:233)
	at com.kms.katalon.core.main.TestSuiteExecutor.accessTestCaseMainPhase(TestSuiteExecutor.java:169)
	at com.kms.katalon.core.main.TestSuiteExecutor.accessTestSuiteMainPhase(TestSuiteExecutor.java:142)
	at com.kms.katalon.core.main.TestSuiteExecutor.execute(TestSuiteExecutor.java:91)
	at com.kms.katalon.core.main.TestCaseMain.startTestSuite(TestCaseMain.java:157)
	at com.kms.katalon.core.main.TestCaseMain$startTestSuite$0.call(Unknown Source)
	at TempTestSuite1591373123859.run(TempTestSuite1591373123859.groovy:37)
)
[[ATTACHMENT|D:\\katalon\\hw2-katalon-testing\\Reports\\20200605_230523\\Run_All_Test_Cases\\20200605_230523\\1591374125929.png]]

2020-06-05 23:22:05 - [TEST_STEP][PASSED] - Start tear down : Teardown: Method 'Teardown' complete successfully

2020-06-05 23:22:05 - [TEST_STEP][PASSED] - closeBrowser(): Browser is closed

2020-06-05 23:22:06 - [MESSAGE][PASSED] - Browser is closed

2020-06-05 23:22:06 - [MESSAGE][PASSED] - Method 'Teardown' complete successfully]]></system-out>
         <system-err><![CDATA[]]></system-err>
      </testcase>
      <testcase name="Test Cases/Channel/Unmute_channel" time="13.525" classname="Test Cases/Channel/Unmute_channel" status="PASSED">
         <system-out><![CDATA[2020-06-05 23:22:06 - [TEST_CASE][PASSED] - Test Cases/Channel/Unmute_channel: Test Cases/Channel/Unmute_channel

2020-06-05 23:22:06 - [TEST_STEP][PASSED] - Start setup action : Setup: Method 'Setup' complete successfully

2020-06-05 23:22:06 - [TEST_STEP][PASSED] - openBrowser("http://192.168.1.10:8065/login"): Browser is opened with url: 'http://192.168.1.10:8065/login'

2020-06-05 23:22:06 - [MESSAGE][INFO] - Starting 'Firefox' driver

2020-06-05 23:22:06 - [MESSAGE][INFO] - Action delay is set to 0 milliseconds

2020-06-05 23:22:11 - [MESSAGE][PASSED] - Browser is opened with url: 'http://192.168.1.10:8065/login'

2020-06-05 23:22:11 - [MESSAGE][PASSED] - Method 'Setup' complete successfully

2020-06-05 23:22:11 - [TEST_STEP][PASSED] - callTestCase(findTestCase("Test Cases/Login/login_function"), ["var_user":"tlvietdanh@gmail.com", "var_password":"13101998"], STOP_ON_FAILURE): Call Test Case 'Test Cases/Login/login_function' successfully

2020-06-05 23:22:11 - [TEST_CASE][PASSED] - Test Cases/Login/login_function: Test Cases/Login/login_function

2020-06-05 23:22:11 - [TEST_STEP][PASSED] - setText(findTestObject("Object Repository/Page_Mattermost_login/input_loginId"), var_user): Text 'tlvietdanh@gmail.com' is set on object 'Object Repository/Page_Mattermost_login/input_loginId'

2020-06-05 23:22:12 - [MESSAGE][PASSED] - Text 'tlvietdanh@gmail.com' is set on object 'Object Repository/Page_Mattermost_login/input_loginId'

2020-06-05 23:22:12 - [TEST_STEP][PASSED] - setText(findTestObject("Object Repository/Page_Mattermost_login/input_password"), var_password): Text '13101998' is set on object 'Object Repository/Page_Mattermost_login/input_password'

2020-06-05 23:22:13 - [MESSAGE][PASSED] - Text '13101998' is set on object 'Object Repository/Page_Mattermost_login/input_password'

2020-06-05 23:22:13 - [TEST_STEP][PASSED] - click(findTestObject("Object Repository/Page_Mattermost_login/span_Sign in")): Object: 'Object Repository/Page_Mattermost_login/span_Sign in' is clicked on

2020-06-05 23:22:14 - [MESSAGE][PASSED] - Object: 'Object Repository/Page_Mattermost_login/span_Sign in' is clicked on

2020-06-05 23:22:14 - [MESSAGE][PASSED] - Call Test Case 'Test Cases/Login/login_function' successfully

2020-06-05 23:22:14 - [TEST_STEP][PASSED] - waitForElementVisible(findTestObject("Object Repository/Rename_channel/span_Town Square"), 2): Object 'Object Repository/Rename_channel/span_Town Square' is visible

2020-06-05 23:22:16 - [MESSAGE][PASSED] - Object 'Object Repository/Rename_channel/span_Town Square' is visible

2020-06-05 23:22:16 - [TEST_STEP][PASSED] - url = getUrl().substring(7): Current window's url is: 'http://192.168.1.10:8065/test4/channels/town-square'

2020-06-05 23:22:16 - [MESSAGE][PASSED] - Current window's url is: 'http://192.168.1.10:8065/test4/channels/town-square'

2020-06-05 23:22:16 - [TEST_STEP][PASSED] - arr = url.split("/"): null

2020-06-05 23:22:16 - [TEST_STEP][PASSED] - arr[length - 1] = channel_url: null

2020-06-05 23:22:16 - [TEST_STEP][PASSED] - newUrl = "": null

2020-06-05 23:22:16 - [TEST_STEP][PASSED] - for ([i = 0, i < length, (i++)]): null

2020-06-05 23:22:16 - [TEST_STEP][PASSED] - newUrl += arr[i] + "/": null

2020-06-05 23:22:16 - [TEST_STEP][PASSED] - newUrl += arr[i] + "/": null

2020-06-05 23:22:16 - [TEST_STEP][PASSED] - newUrl += arr[i] + "/": null

2020-06-05 23:22:16 - [TEST_STEP][PASSED] - newUrl += arr[i] + "/": null

2020-06-05 23:22:16 - [TEST_STEP][PASSED] - printf(newUrl): null

2020-06-05 23:22:16 - [TEST_STEP][PASSED] - navigateToUrl("http://" + newUrl): Navigate to 'http://192.168.1.10:8065/test4/channels/test_name_2/' successfully

2020-06-05 23:22:17 - [MESSAGE][PASSED] - Navigate to 'http://192.168.1.10:8065/test4/channels/test_name_2/' successfully

2020-06-05 23:22:17 - [TEST_STEP][PASSED] - if (verifyElementPresent(findTestObject("Object Repository/Rename_channel/span_Town Square"), 1, OPTIONAL)): com.kms.katalon.core.webui.exception.WebElementNotFoundException: Web element with id: 'Object Repository/Rename_channel/span_Town Square' located by 'By.xpath: //strong[@id='channelHeaderTitle']/span' not found (Root cause: com.kms.katalon.core.exception.StepFailedException: com.kms.katalon.core.webui.exception.WebElementNotFoundException: Web element with id: 'Object Repository/Rename_channel/span_Town Square' located by 'By.xpath: //strong[@id='channelHeaderTitle']/span' not found
	at com.kms.katalon.core.webui.keyword.internal.WebUIKeywordMain.stepFailed(WebUIKeywordMain.groovy:64)
	at com.kms.katalon.core.webui.keyword.builtin.VerifyElementPresentKeyword$_verifyElementPresent_closure1.doCall(VerifyElementPresentKeyword.groovy:85)
	at com.kms.katalon.core.webui.keyword.builtin.VerifyElementPresentKeyword$_verifyElementPresent_closure1.call(VerifyElementPresentKeyword.groovy)
	at com.kms.katalon.core.webui.keyword.internal.WebUIKeywordMain.runKeyword(WebUIKeywordMain.groovy:20)
	at com.kms.katalon.core.webui.keyword.builtin.VerifyElementPresentKeyword.verifyElementPresent(VerifyElementPresentKeyword.groovy:92)
	at com.kms.katalon.core.webui.keyword.builtin.VerifyElementPresentKeyword.execute(VerifyElementPresentKeyword.groovy:68)
	at com.kms.katalon.core.keyword.internal.KeywordExecutor.executeKeywordForPlatform(KeywordExecutor.groovy:72)
	at com.kms.katalon.core.webui.keyword.WebUiBuiltInKeywords.verifyElementPresent(WebUiBuiltInKeywords.groovy:1444)
	at com.kms.katalon.core.webui.keyword.WebUiBuiltInKeywords$verifyElementPresent$6.call(Unknown Source)
	at Unmute_channel.run(Unmute_channel:65)
	at com.kms.katalon.core.main.ScriptEngine.run(ScriptEngine.java:194)
	at com.kms.katalon.core.main.ScriptEngine.runScriptAsRawText(ScriptEngine.java:119)
	at com.kms.katalon.core.main.TestCaseExecutor.runScript(TestCaseExecutor.java:337)
	at com.kms.katalon.core.main.TestCaseExecutor.doExecute(TestCaseExecutor.java:328)
	at com.kms.katalon.core.main.TestCaseExecutor.processExecutionPhase(TestCaseExecutor.java:307)
	at com.kms.katalon.core.main.TestCaseExecutor.accessMainPhase(TestCaseExecutor.java:299)
	at com.kms.katalon.core.main.TestCaseExecutor.execute(TestCaseExecutor.java:233)
	at com.kms.katalon.core.main.TestSuiteExecutor.accessTestCaseMainPhase(TestSuiteExecutor.java:169)
	at com.kms.katalon.core.main.TestSuiteExecutor.accessTestSuiteMainPhase(TestSuiteExecutor.java:142)
	at com.kms.katalon.core.main.TestSuiteExecutor.execute(TestSuiteExecutor.java:91)
	at com.kms.katalon.core.main.TestCaseMain.startTestSuite(TestCaseMain.java:157)
	at com.kms.katalon.core.main.TestCaseMain$startTestSuite$0.call(Unknown Source)
	at TempTestSuite1591373123859.run(TempTestSuite1591373123859.groovy:37)
)

2020-06-05 23:22:19 - [MESSAGE][INFO] - Unable to find the element located by 'By.xpath: //strong[@id='channelHeaderTitle']/span'. Please recheck the objects properties to make sure the desired element is located. 

2020-06-05 23:22:19 - [MESSAGE][WARNING] - com.kms.katalon.core.webui.exception.WebElementNotFoundException: Web element with id: 'Object Repository/Rename_channel/span_Town Square' located by 'By.xpath: //strong[@id='channelHeaderTitle']/span' not found (Root cause: com.kms.katalon.core.exception.StepFailedException: com.kms.katalon.core.webui.exception.WebElementNotFoundException: Web element with id: 'Object Repository/Rename_channel/span_Town Square' located by 'By.xpath: //strong[@id='channelHeaderTitle']/span' not found
	at com.kms.katalon.core.webui.keyword.internal.WebUIKeywordMain.stepFailed(WebUIKeywordMain.groovy:64)
	at com.kms.katalon.core.webui.keyword.builtin.VerifyElementPresentKeyword$_verifyElementPresent_closure1.doCall(VerifyElementPresentKeyword.groovy:85)
	at com.kms.katalon.core.webui.keyword.builtin.VerifyElementPresentKeyword$_verifyElementPresent_closure1.call(VerifyElementPresentKeyword.groovy)
	at com.kms.katalon.core.webui.keyword.internal.WebUIKeywordMain.runKeyword(WebUIKeywordMain.groovy:20)
	at com.kms.katalon.core.webui.keyword.builtin.VerifyElementPresentKeyword.verifyElementPresent(VerifyElementPresentKeyword.groovy:92)
	at com.kms.katalon.core.webui.keyword.builtin.VerifyElementPresentKeyword.execute(VerifyElementPresentKeyword.groovy:68)
	at com.kms.katalon.core.keyword.internal.KeywordExecutor.executeKeywordForPlatform(KeywordExecutor.groovy:72)
	at com.kms.katalon.core.webui.keyword.WebUiBuiltInKeywords.verifyElementPresent(WebUiBuiltInKeywords.groovy:1444)
	at com.kms.katalon.core.webui.keyword.WebUiBuiltInKeywords$verifyElementPresent$6.call(Unknown Source)
	at Unmute_channel.run(Unmute_channel:65)
	at com.kms.katalon.core.main.ScriptEngine.run(ScriptEngine.java:194)
	at com.kms.katalon.core.main.ScriptEngine.runScriptAsRawText(ScriptEngine.java:119)
	at com.kms.katalon.core.main.TestCaseExecutor.runScript(TestCaseExecutor.java:337)
	at com.kms.katalon.core.main.TestCaseExecutor.doExecute(TestCaseExecutor.java:328)
	at com.kms.katalon.core.main.TestCaseExecutor.processExecutionPhase(TestCaseExecutor.java:307)
	at com.kms.katalon.core.main.TestCaseExecutor.accessMainPhase(TestCaseExecutor.java:299)
	at com.kms.katalon.core.main.TestCaseExecutor.execute(TestCaseExecutor.java:233)
	at com.kms.katalon.core.main.TestSuiteExecutor.accessTestCaseMainPhase(TestSuiteExecutor.java:169)
	at com.kms.katalon.core.main.TestSuiteExecutor.accessTestSuiteMainPhase(TestSuiteExecutor.java:142)
	at com.kms.katalon.core.main.TestSuiteExecutor.execute(TestSuiteExecutor.java:91)
	at com.kms.katalon.core.main.TestCaseMain.startTestSuite(TestCaseMain.java:157)
	at com.kms.katalon.core.main.TestCaseMain$startTestSuite$0.call(Unknown Source)
	at TempTestSuite1591373123859.run(TempTestSuite1591373123859.groovy:37)
)
[[ATTACHMENT|D:\\katalon\\hw2-katalon-testing\\Reports\\20200605_230523\\Run_All_Test_Cases\\20200605_230523\\1591374139570.png]]

2020-06-05 23:22:19 - [TEST_STEP][PASSED] - Start tear down : Teardown: Method 'Teardown' complete successfully

2020-06-05 23:22:19 - [TEST_STEP][PASSED] - closeBrowser(): Browser is closed

2020-06-05 23:22:20 - [MESSAGE][PASSED] - Browser is closed

2020-06-05 23:22:20 - [MESSAGE][PASSED] - Method 'Teardown' complete successfully]]></system-out>
         <system-err><![CDATA[]]></system-err>
      </testcase>
      <testcase name="Test Cases/Channel/Unmute_channel" time="13.082" classname="Test Cases/Channel/Unmute_channel" status="PASSED">
         <system-out><![CDATA[2020-06-05 23:22:20 - [TEST_CASE][PASSED] - Test Cases/Channel/Unmute_channel: Test Cases/Channel/Unmute_channel

2020-06-05 23:22:20 - [TEST_STEP][PASSED] - Start setup action : Setup: Method 'Setup' complete successfully

2020-06-05 23:22:20 - [TEST_STEP][PASSED] - openBrowser("http://192.168.1.10:8065/login"): Browser is opened with url: 'http://192.168.1.10:8065/login'

2020-06-05 23:22:20 - [MESSAGE][INFO] - Starting 'Firefox' driver

2020-06-05 23:22:20 - [MESSAGE][INFO] - Action delay is set to 0 milliseconds

2020-06-05 23:22:24 - [MESSAGE][PASSED] - Browser is opened with url: 'http://192.168.1.10:8065/login'

2020-06-05 23:22:24 - [MESSAGE][PASSED] - Method 'Setup' complete successfully

2020-06-05 23:22:24 - [TEST_STEP][PASSED] - callTestCase(findTestCase("Test Cases/Login/login_function"), ["var_user":"tlvietdanh@gmail.com", "var_password":"13101998"], STOP_ON_FAILURE): Call Test Case 'Test Cases/Login/login_function' successfully

2020-06-05 23:22:24 - [TEST_CASE][PASSED] - Test Cases/Login/login_function: Test Cases/Login/login_function

2020-06-05 23:22:24 - [TEST_STEP][PASSED] - setText(findTestObject("Object Repository/Page_Mattermost_login/input_loginId"), var_user): Text 'tlvietdanh@gmail.com' is set on object 'Object Repository/Page_Mattermost_login/input_loginId'

2020-06-05 23:22:26 - [MESSAGE][PASSED] - Text 'tlvietdanh@gmail.com' is set on object 'Object Repository/Page_Mattermost_login/input_loginId'

2020-06-05 23:22:26 - [TEST_STEP][PASSED] - setText(findTestObject("Object Repository/Page_Mattermost_login/input_password"), var_password): Text '13101998' is set on object 'Object Repository/Page_Mattermost_login/input_password'

2020-06-05 23:22:27 - [MESSAGE][PASSED] - Text '13101998' is set on object 'Object Repository/Page_Mattermost_login/input_password'

2020-06-05 23:22:27 - [TEST_STEP][PASSED] - click(findTestObject("Object Repository/Page_Mattermost_login/span_Sign in")): Object: 'Object Repository/Page_Mattermost_login/span_Sign in' is clicked on

2020-06-05 23:22:27 - [MESSAGE][PASSED] - Object: 'Object Repository/Page_Mattermost_login/span_Sign in' is clicked on

2020-06-05 23:22:27 - [MESSAGE][PASSED] - Call Test Case 'Test Cases/Login/login_function' successfully

2020-06-05 23:22:27 - [TEST_STEP][PASSED] - waitForElementVisible(findTestObject("Object Repository/Rename_channel/span_Town Square"), 2): Object 'Object Repository/Rename_channel/span_Town Square' is visible

2020-06-05 23:22:29 - [MESSAGE][PASSED] - Object 'Object Repository/Rename_channel/span_Town Square' is visible

2020-06-05 23:22:29 - [TEST_STEP][PASSED] - url = getUrl().substring(7): Current window's url is: 'http://192.168.1.10:8065/test4/channels/town-square'

2020-06-05 23:22:29 - [MESSAGE][PASSED] - Current window's url is: 'http://192.168.1.10:8065/test4/channels/town-square'

2020-06-05 23:22:29 - [TEST_STEP][PASSED] - arr = url.split("/"): null

2020-06-05 23:22:29 - [TEST_STEP][PASSED] - arr[length - 1] = channel_url: null

2020-06-05 23:22:29 - [TEST_STEP][PASSED] - newUrl = "": null

2020-06-05 23:22:29 - [TEST_STEP][PASSED] - for ([i = 0, i < length, (i++)]): null

2020-06-05 23:22:29 - [TEST_STEP][PASSED] - newUrl += arr[i] + "/": null

2020-06-05 23:22:29 - [TEST_STEP][PASSED] - newUrl += arr[i] + "/": null

2020-06-05 23:22:29 - [TEST_STEP][PASSED] - newUrl += arr[i] + "/": null

2020-06-05 23:22:29 - [TEST_STEP][PASSED] - newUrl += arr[i] + "/": null

2020-06-05 23:22:29 - [TEST_STEP][PASSED] - printf(newUrl): null

2020-06-05 23:22:29 - [TEST_STEP][PASSED] - navigateToUrl("http://" + newUrl): Navigate to 'http://192.168.1.10:8065/test4/channels/test_name_3/' successfully

2020-06-05 23:22:30 - [MESSAGE][PASSED] - Navigate to 'http://192.168.1.10:8065/test4/channels/test_name_3/' successfully

2020-06-05 23:22:30 - [TEST_STEP][PASSED] - if (verifyElementPresent(findTestObject("Object Repository/Rename_channel/span_Town Square"), 1, OPTIONAL)): com.kms.katalon.core.webui.exception.WebElementNotFoundException: Web element with id: 'Object Repository/Rename_channel/span_Town Square' located by 'By.xpath: //strong[@id='channelHeaderTitle']/span' not found (Root cause: com.kms.katalon.core.exception.StepFailedException: com.kms.katalon.core.webui.exception.WebElementNotFoundException: Web element with id: 'Object Repository/Rename_channel/span_Town Square' located by 'By.xpath: //strong[@id='channelHeaderTitle']/span' not found
	at com.kms.katalon.core.webui.keyword.internal.WebUIKeywordMain.stepFailed(WebUIKeywordMain.groovy:64)
	at com.kms.katalon.core.webui.keyword.builtin.VerifyElementPresentKeyword$_verifyElementPresent_closure1.doCall(VerifyElementPresentKeyword.groovy:85)
	at com.kms.katalon.core.webui.keyword.builtin.VerifyElementPresentKeyword$_verifyElementPresent_closure1.call(VerifyElementPresentKeyword.groovy)
	at com.kms.katalon.core.webui.keyword.internal.WebUIKeywordMain.runKeyword(WebUIKeywordMain.groovy:20)
	at com.kms.katalon.core.webui.keyword.builtin.VerifyElementPresentKeyword.verifyElementPresent(VerifyElementPresentKeyword.groovy:92)
	at com.kms.katalon.core.webui.keyword.builtin.VerifyElementPresentKeyword.execute(VerifyElementPresentKeyword.groovy:68)
	at com.kms.katalon.core.keyword.internal.KeywordExecutor.executeKeywordForPlatform(KeywordExecutor.groovy:72)
	at com.kms.katalon.core.webui.keyword.WebUiBuiltInKeywords.verifyElementPresent(WebUiBuiltInKeywords.groovy:1444)
	at com.kms.katalon.core.webui.keyword.WebUiBuiltInKeywords$verifyElementPresent$6.call(Unknown Source)
	at Unmute_channel.run(Unmute_channel:65)
	at com.kms.katalon.core.main.ScriptEngine.run(ScriptEngine.java:194)
	at com.kms.katalon.core.main.ScriptEngine.runScriptAsRawText(ScriptEngine.java:119)
	at com.kms.katalon.core.main.TestCaseExecutor.runScript(TestCaseExecutor.java:337)
	at com.kms.katalon.core.main.TestCaseExecutor.doExecute(TestCaseExecutor.java:328)
	at com.kms.katalon.core.main.TestCaseExecutor.processExecutionPhase(TestCaseExecutor.java:307)
	at com.kms.katalon.core.main.TestCaseExecutor.accessMainPhase(TestCaseExecutor.java:299)
	at com.kms.katalon.core.main.TestCaseExecutor.execute(TestCaseExecutor.java:233)
	at com.kms.katalon.core.main.TestSuiteExecutor.accessTestCaseMainPhase(TestSuiteExecutor.java:169)
	at com.kms.katalon.core.main.TestSuiteExecutor.accessTestSuiteMainPhase(TestSuiteExecutor.java:142)
	at com.kms.katalon.core.main.TestSuiteExecutor.execute(TestSuiteExecutor.java:91)
	at com.kms.katalon.core.main.TestCaseMain.startTestSuite(TestCaseMain.java:157)
	at com.kms.katalon.core.main.TestCaseMain$startTestSuite$0.call(Unknown Source)
	at TempTestSuite1591373123859.run(TempTestSuite1591373123859.groovy:37)
)

2020-06-05 23:22:32 - [MESSAGE][INFO] - Unable to find the element located by 'By.xpath: //strong[@id='channelHeaderTitle']/span'. Please recheck the objects properties to make sure the desired element is located. 

2020-06-05 23:22:32 - [MESSAGE][WARNING] - com.kms.katalon.core.webui.exception.WebElementNotFoundException: Web element with id: 'Object Repository/Rename_channel/span_Town Square' located by 'By.xpath: //strong[@id='channelHeaderTitle']/span' not found (Root cause: com.kms.katalon.core.exception.StepFailedException: com.kms.katalon.core.webui.exception.WebElementNotFoundException: Web element with id: 'Object Repository/Rename_channel/span_Town Square' located by 'By.xpath: //strong[@id='channelHeaderTitle']/span' not found
	at com.kms.katalon.core.webui.keyword.internal.WebUIKeywordMain.stepFailed(WebUIKeywordMain.groovy:64)
	at com.kms.katalon.core.webui.keyword.builtin.VerifyElementPresentKeyword$_verifyElementPresent_closure1.doCall(VerifyElementPresentKeyword.groovy:85)
	at com.kms.katalon.core.webui.keyword.builtin.VerifyElementPresentKeyword$_verifyElementPresent_closure1.call(VerifyElementPresentKeyword.groovy)
	at com.kms.katalon.core.webui.keyword.internal.WebUIKeywordMain.runKeyword(WebUIKeywordMain.groovy:20)
	at com.kms.katalon.core.webui.keyword.builtin.VerifyElementPresentKeyword.verifyElementPresent(VerifyElementPresentKeyword.groovy:92)
	at com.kms.katalon.core.webui.keyword.builtin.VerifyElementPresentKeyword.execute(VerifyElementPresentKeyword.groovy:68)
	at com.kms.katalon.core.keyword.internal.KeywordExecutor.executeKeywordForPlatform(KeywordExecutor.groovy:72)
	at com.kms.katalon.core.webui.keyword.WebUiBuiltInKeywords.verifyElementPresent(WebUiBuiltInKeywords.groovy:1444)
	at com.kms.katalon.core.webui.keyword.WebUiBuiltInKeywords$verifyElementPresent$6.call(Unknown Source)
	at Unmute_channel.run(Unmute_channel:65)
	at com.kms.katalon.core.main.ScriptEngine.run(ScriptEngine.java:194)
	at com.kms.katalon.core.main.ScriptEngine.runScriptAsRawText(ScriptEngine.java:119)
	at com.kms.katalon.core.main.TestCaseExecutor.runScript(TestCaseExecutor.java:337)
	at com.kms.katalon.core.main.TestCaseExecutor.doExecute(TestCaseExecutor.java:328)
	at com.kms.katalon.core.main.TestCaseExecutor.processExecutionPhase(TestCaseExecutor.java:307)
	at com.kms.katalon.core.main.TestCaseExecutor.accessMainPhase(TestCaseExecutor.java:299)
	at com.kms.katalon.core.main.TestCaseExecutor.execute(TestCaseExecutor.java:233)
	at com.kms.katalon.core.main.TestSuiteExecutor.accessTestCaseMainPhase(TestSuiteExecutor.java:169)
	at com.kms.katalon.core.main.TestSuiteExecutor.accessTestSuiteMainPhase(TestSuiteExecutor.java:142)
	at com.kms.katalon.core.main.TestSuiteExecutor.execute(TestSuiteExecutor.java:91)
	at com.kms.katalon.core.main.TestCaseMain.startTestSuite(TestCaseMain.java:157)
	at com.kms.katalon.core.main.TestCaseMain$startTestSuite$0.call(Unknown Source)
	at TempTestSuite1591373123859.run(TempTestSuite1591373123859.groovy:37)
)
[[ATTACHMENT|D:\\katalon\\hw2-katalon-testing\\Reports\\20200605_230523\\Run_All_Test_Cases\\20200605_230523\\1591374152565.png]]

2020-06-05 23:22:32 - [TEST_STEP][PASSED] - Start tear down : Teardown: Method 'Teardown' complete successfully

2020-06-05 23:22:32 - [TEST_STEP][PASSED] - closeBrowser(): Browser is closed

2020-06-05 23:22:33 - [MESSAGE][PASSED] - Browser is closed

2020-06-05 23:22:33 - [MESSAGE][PASSED] - Method 'Teardown' complete successfully]]></system-out>
         <system-err><![CDATA[]]></system-err>
      </testcase>
      <testcase name="Test Cases/Channel/Unmute_channel" time="13.462" classname="Test Cases/Channel/Unmute_channel" status="PASSED">
         <system-out><![CDATA[2020-06-05 23:22:33 - [TEST_CASE][PASSED] - Test Cases/Channel/Unmute_channel: Test Cases/Channel/Unmute_channel

2020-06-05 23:22:33 - [TEST_STEP][PASSED] - Start setup action : Setup: Method 'Setup' complete successfully

2020-06-05 23:22:33 - [TEST_STEP][PASSED] - openBrowser("http://192.168.1.10:8065/login"): Browser is opened with url: 'http://192.168.1.10:8065/login'

2020-06-05 23:22:33 - [MESSAGE][INFO] - Starting 'Firefox' driver

2020-06-05 23:22:33 - [MESSAGE][INFO] - Action delay is set to 0 milliseconds

2020-06-05 23:22:38 - [MESSAGE][PASSED] - Browser is opened with url: 'http://192.168.1.10:8065/login'

2020-06-05 23:22:38 - [MESSAGE][PASSED] - Method 'Setup' complete successfully

2020-06-05 23:22:38 - [TEST_STEP][PASSED] - callTestCase(findTestCase("Test Cases/Login/login_function"), ["var_user":"tlvietdanh@gmail.com", "var_password":"13101998"], STOP_ON_FAILURE): Call Test Case 'Test Cases/Login/login_function' successfully

2020-06-05 23:22:38 - [TEST_CASE][PASSED] - Test Cases/Login/login_function: Test Cases/Login/login_function

2020-06-05 23:22:38 - [TEST_STEP][PASSED] - setText(findTestObject("Object Repository/Page_Mattermost_login/input_loginId"), var_user): Text 'tlvietdanh@gmail.com' is set on object 'Object Repository/Page_Mattermost_login/input_loginId'

2020-06-05 23:22:39 - [MESSAGE][PASSED] - Text 'tlvietdanh@gmail.com' is set on object 'Object Repository/Page_Mattermost_login/input_loginId'

2020-06-05 23:22:39 - [TEST_STEP][PASSED] - setText(findTestObject("Object Repository/Page_Mattermost_login/input_password"), var_password): Text '13101998' is set on object 'Object Repository/Page_Mattermost_login/input_password'

2020-06-05 23:22:40 - [MESSAGE][PASSED] - Text '13101998' is set on object 'Object Repository/Page_Mattermost_login/input_password'

2020-06-05 23:22:40 - [TEST_STEP][PASSED] - click(findTestObject("Object Repository/Page_Mattermost_login/span_Sign in")): Object: 'Object Repository/Page_Mattermost_login/span_Sign in' is clicked on

2020-06-05 23:22:41 - [MESSAGE][PASSED] - Object: 'Object Repository/Page_Mattermost_login/span_Sign in' is clicked on

2020-06-05 23:22:41 - [MESSAGE][PASSED] - Call Test Case 'Test Cases/Login/login_function' successfully

2020-06-05 23:22:41 - [TEST_STEP][PASSED] - waitForElementVisible(findTestObject("Object Repository/Rename_channel/span_Town Square"), 2): Object 'Object Repository/Rename_channel/span_Town Square' is visible

2020-06-05 23:22:42 - [MESSAGE][PASSED] - Object 'Object Repository/Rename_channel/span_Town Square' is visible

2020-06-05 23:22:42 - [TEST_STEP][PASSED] - url = getUrl().substring(7): Current window's url is: 'http://192.168.1.10:8065/test4/channels/town-square'

2020-06-05 23:22:42 - [MESSAGE][PASSED] - Current window's url is: 'http://192.168.1.10:8065/test4/channels/town-square'

2020-06-05 23:22:42 - [TEST_STEP][PASSED] - arr = url.split("/"): null

2020-06-05 23:22:42 - [TEST_STEP][PASSED] - arr[length - 1] = channel_url: null

2020-06-05 23:22:42 - [TEST_STEP][PASSED] - newUrl = "": null

2020-06-05 23:22:42 - [TEST_STEP][PASSED] - for ([i = 0, i < length, (i++)]): null

2020-06-05 23:22:42 - [TEST_STEP][PASSED] - newUrl += arr[i] + "/": null

2020-06-05 23:22:42 - [TEST_STEP][PASSED] - newUrl += arr[i] + "/": null

2020-06-05 23:22:42 - [TEST_STEP][PASSED] - newUrl += arr[i] + "/": null

2020-06-05 23:22:42 - [TEST_STEP][PASSED] - newUrl += arr[i] + "/": null

2020-06-05 23:22:42 - [TEST_STEP][PASSED] - printf(newUrl): null

2020-06-05 23:22:42 - [TEST_STEP][PASSED] - navigateToUrl("http://" + newUrl): Navigate to 'http://192.168.1.10:8065/test4/channels/test_name_4/' successfully

2020-06-05 23:22:43 - [MESSAGE][PASSED] - Navigate to 'http://192.168.1.10:8065/test4/channels/test_name_4/' successfully

2020-06-05 23:22:43 - [TEST_STEP][PASSED] - if (verifyElementPresent(findTestObject("Object Repository/Rename_channel/span_Town Square"), 1, OPTIONAL)): com.kms.katalon.core.webui.exception.WebElementNotFoundException: Web element with id: 'Object Repository/Rename_channel/span_Town Square' located by 'By.xpath: //strong[@id='channelHeaderTitle']/span' not found (Root cause: com.kms.katalon.core.exception.StepFailedException: com.kms.katalon.core.webui.exception.WebElementNotFoundException: Web element with id: 'Object Repository/Rename_channel/span_Town Square' located by 'By.xpath: //strong[@id='channelHeaderTitle']/span' not found
	at com.kms.katalon.core.webui.keyword.internal.WebUIKeywordMain.stepFailed(WebUIKeywordMain.groovy:64)
	at com.kms.katalon.core.webui.keyword.builtin.VerifyElementPresentKeyword$_verifyElementPresent_closure1.doCall(VerifyElementPresentKeyword.groovy:85)
	at com.kms.katalon.core.webui.keyword.builtin.VerifyElementPresentKeyword$_verifyElementPresent_closure1.call(VerifyElementPresentKeyword.groovy)
	at com.kms.katalon.core.webui.keyword.internal.WebUIKeywordMain.runKeyword(WebUIKeywordMain.groovy:20)
	at com.kms.katalon.core.webui.keyword.builtin.VerifyElementPresentKeyword.verifyElementPresent(VerifyElementPresentKeyword.groovy:92)
	at com.kms.katalon.core.webui.keyword.builtin.VerifyElementPresentKeyword.execute(VerifyElementPresentKeyword.groovy:68)
	at com.kms.katalon.core.keyword.internal.KeywordExecutor.executeKeywordForPlatform(KeywordExecutor.groovy:72)
	at com.kms.katalon.core.webui.keyword.WebUiBuiltInKeywords.verifyElementPresent(WebUiBuiltInKeywords.groovy:1444)
	at com.kms.katalon.core.webui.keyword.WebUiBuiltInKeywords$verifyElementPresent$6.call(Unknown Source)
	at Unmute_channel.run(Unmute_channel:65)
	at com.kms.katalon.core.main.ScriptEngine.run(ScriptEngine.java:194)
	at com.kms.katalon.core.main.ScriptEngine.runScriptAsRawText(ScriptEngine.java:119)
	at com.kms.katalon.core.main.TestCaseExecutor.runScript(TestCaseExecutor.java:337)
	at com.kms.katalon.core.main.TestCaseExecutor.doExecute(TestCaseExecutor.java:328)
	at com.kms.katalon.core.main.TestCaseExecutor.processExecutionPhase(TestCaseExecutor.java:307)
	at com.kms.katalon.core.main.TestCaseExecutor.accessMainPhase(TestCaseExecutor.java:299)
	at com.kms.katalon.core.main.TestCaseExecutor.execute(TestCaseExecutor.java:233)
	at com.kms.katalon.core.main.TestSuiteExecutor.accessTestCaseMainPhase(TestSuiteExecutor.java:169)
	at com.kms.katalon.core.main.TestSuiteExecutor.accessTestSuiteMainPhase(TestSuiteExecutor.java:142)
	at com.kms.katalon.core.main.TestSuiteExecutor.execute(TestSuiteExecutor.java:91)
	at com.kms.katalon.core.main.TestCaseMain.startTestSuite(TestCaseMain.java:157)
	at com.kms.katalon.core.main.TestCaseMain$startTestSuite$0.call(Unknown Source)
	at TempTestSuite1591373123859.run(TempTestSuite1591373123859.groovy:37)
)

2020-06-05 23:22:46 - [MESSAGE][INFO] - Unable to find the element located by 'By.xpath: //strong[@id='channelHeaderTitle']/span'. Please recheck the objects properties to make sure the desired element is located. 

2020-06-05 23:22:46 - [MESSAGE][WARNING] - com.kms.katalon.core.webui.exception.WebElementNotFoundException: Web element with id: 'Object Repository/Rename_channel/span_Town Square' located by 'By.xpath: //strong[@id='channelHeaderTitle']/span' not found (Root cause: com.kms.katalon.core.exception.StepFailedException: com.kms.katalon.core.webui.exception.WebElementNotFoundException: Web element with id: 'Object Repository/Rename_channel/span_Town Square' located by 'By.xpath: //strong[@id='channelHeaderTitle']/span' not found
	at com.kms.katalon.core.webui.keyword.internal.WebUIKeywordMain.stepFailed(WebUIKeywordMain.groovy:64)
	at com.kms.katalon.core.webui.keyword.builtin.VerifyElementPresentKeyword$_verifyElementPresent_closure1.doCall(VerifyElementPresentKeyword.groovy:85)
	at com.kms.katalon.core.webui.keyword.builtin.VerifyElementPresentKeyword$_verifyElementPresent_closure1.call(VerifyElementPresentKeyword.groovy)
	at com.kms.katalon.core.webui.keyword.internal.WebUIKeywordMain.runKeyword(WebUIKeywordMain.groovy:20)
	at com.kms.katalon.core.webui.keyword.builtin.VerifyElementPresentKeyword.verifyElementPresent(VerifyElementPresentKeyword.groovy:92)
	at com.kms.katalon.core.webui.keyword.builtin.VerifyElementPresentKeyword.execute(VerifyElementPresentKeyword.groovy:68)
	at com.kms.katalon.core.keyword.internal.KeywordExecutor.executeKeywordForPlatform(KeywordExecutor.groovy:72)
	at com.kms.katalon.core.webui.keyword.WebUiBuiltInKeywords.verifyElementPresent(WebUiBuiltInKeywords.groovy:1444)
	at com.kms.katalon.core.webui.keyword.WebUiBuiltInKeywords$verifyElementPresent$6.call(Unknown Source)
	at Unmute_channel.run(Unmute_channel:65)
	at com.kms.katalon.core.main.ScriptEngine.run(ScriptEngine.java:194)
	at com.kms.katalon.core.main.ScriptEngine.runScriptAsRawText(ScriptEngine.java:119)
	at com.kms.katalon.core.main.TestCaseExecutor.runScript(TestCaseExecutor.java:337)
	at com.kms.katalon.core.main.TestCaseExecutor.doExecute(TestCaseExecutor.java:328)
	at com.kms.katalon.core.main.TestCaseExecutor.processExecutionPhase(TestCaseExecutor.java:307)
	at com.kms.katalon.core.main.TestCaseExecutor.accessMainPhase(TestCaseExecutor.java:299)
	at com.kms.katalon.core.main.TestCaseExecutor.execute(TestCaseExecutor.java:233)
	at com.kms.katalon.core.main.TestSuiteExecutor.accessTestCaseMainPhase(TestSuiteExecutor.java:169)
	at com.kms.katalon.core.main.TestSuiteExecutor.accessTestSuiteMainPhase(TestSuiteExecutor.java:142)
	at com.kms.katalon.core.main.TestSuiteExecutor.execute(TestSuiteExecutor.java:91)
	at com.kms.katalon.core.main.TestCaseMain.startTestSuite(TestCaseMain.java:157)
	at com.kms.katalon.core.main.TestCaseMain$startTestSuite$0.call(Unknown Source)
	at TempTestSuite1591373123859.run(TempTestSuite1591373123859.groovy:37)
)
[[ATTACHMENT|D:\\katalon\\hw2-katalon-testing\\Reports\\20200605_230523\\Run_All_Test_Cases\\20200605_230523\\1591374166042.png]]

2020-06-05 23:22:46 - [TEST_STEP][PASSED] - Start tear down : Teardown: Method 'Teardown' complete successfully

2020-06-05 23:22:46 - [TEST_STEP][PASSED] - closeBrowser(): Browser is closed

2020-06-05 23:22:47 - [MESSAGE][PASSED] - Browser is closed

2020-06-05 23:22:47 - [MESSAGE][PASSED] - Method 'Teardown' complete successfully]]></system-out>
         <system-err><![CDATA[]]></system-err>
      </testcase>
      <testcase name="Test Cases/Channel/Unmute_channel" time="13.411" classname="Test Cases/Channel/Unmute_channel" status="PASSED">
         <system-out><![CDATA[2020-06-05 23:22:47 - [TEST_CASE][PASSED] - Test Cases/Channel/Unmute_channel: Test Cases/Channel/Unmute_channel

2020-06-05 23:22:47 - [TEST_STEP][PASSED] - Start setup action : Setup: Method 'Setup' complete successfully

2020-06-05 23:22:47 - [TEST_STEP][PASSED] - openBrowser("http://192.168.1.10:8065/login"): Browser is opened with url: 'http://192.168.1.10:8065/login'

2020-06-05 23:22:47 - [MESSAGE][INFO] - Starting 'Firefox' driver

2020-06-05 23:22:47 - [MESSAGE][INFO] - Action delay is set to 0 milliseconds

2020-06-05 23:22:51 - [MESSAGE][PASSED] - Browser is opened with url: 'http://192.168.1.10:8065/login'

2020-06-05 23:22:51 - [MESSAGE][PASSED] - Method 'Setup' complete successfully

2020-06-05 23:22:51 - [TEST_STEP][PASSED] - callTestCase(findTestCase("Test Cases/Login/login_function"), ["var_user":"tlvietdanh@gmail.com", "var_password":"13101998"], STOP_ON_FAILURE): Call Test Case 'Test Cases/Login/login_function' successfully

2020-06-05 23:22:51 - [TEST_CASE][PASSED] - Test Cases/Login/login_function: Test Cases/Login/login_function

2020-06-05 23:22:51 - [TEST_STEP][PASSED] - setText(findTestObject("Object Repository/Page_Mattermost_login/input_loginId"), var_user): Text 'tlvietdanh@gmail.com' is set on object 'Object Repository/Page_Mattermost_login/input_loginId'

2020-06-05 23:22:52 - [MESSAGE][PASSED] - Text 'tlvietdanh@gmail.com' is set on object 'Object Repository/Page_Mattermost_login/input_loginId'

2020-06-05 23:22:52 - [TEST_STEP][PASSED] - setText(findTestObject("Object Repository/Page_Mattermost_login/input_password"), var_password): Text '13101998' is set on object 'Object Repository/Page_Mattermost_login/input_password'

2020-06-05 23:22:53 - [MESSAGE][PASSED] - Text '13101998' is set on object 'Object Repository/Page_Mattermost_login/input_password'

2020-06-05 23:22:53 - [TEST_STEP][PASSED] - click(findTestObject("Object Repository/Page_Mattermost_login/span_Sign in")): Object: 'Object Repository/Page_Mattermost_login/span_Sign in' is clicked on

2020-06-05 23:22:54 - [MESSAGE][PASSED] - Object: 'Object Repository/Page_Mattermost_login/span_Sign in' is clicked on

2020-06-05 23:22:54 - [MESSAGE][PASSED] - Call Test Case 'Test Cases/Login/login_function' successfully

2020-06-05 23:22:54 - [TEST_STEP][PASSED] - waitForElementVisible(findTestObject("Object Repository/Rename_channel/span_Town Square"), 2): Object 'Object Repository/Rename_channel/span_Town Square' is visible

2020-06-05 23:22:56 - [MESSAGE][PASSED] - Object 'Object Repository/Rename_channel/span_Town Square' is visible

2020-06-05 23:22:56 - [TEST_STEP][PASSED] - url = getUrl().substring(7): Current window's url is: 'http://192.168.1.10:8065/test4/channels/town-square'

2020-06-05 23:22:56 - [MESSAGE][PASSED] - Current window's url is: 'http://192.168.1.10:8065/test4/channels/town-square'

2020-06-05 23:22:56 - [TEST_STEP][PASSED] - arr = url.split("/"): null

2020-06-05 23:22:56 - [TEST_STEP][PASSED] - arr[length - 1] = channel_url: null

2020-06-05 23:22:56 - [TEST_STEP][PASSED] - newUrl = "": null

2020-06-05 23:22:56 - [TEST_STEP][PASSED] - for ([i = 0, i < length, (i++)]): null

2020-06-05 23:22:56 - [TEST_STEP][PASSED] - newUrl += arr[i] + "/": null

2020-06-05 23:22:56 - [TEST_STEP][PASSED] - newUrl += arr[i] + "/": null

2020-06-05 23:22:56 - [TEST_STEP][PASSED] - newUrl += arr[i] + "/": null

2020-06-05 23:22:56 - [TEST_STEP][PASSED] - newUrl += arr[i] + "/": null

2020-06-05 23:22:56 - [TEST_STEP][PASSED] - printf(newUrl): null

2020-06-05 23:22:56 - [TEST_STEP][PASSED] - navigateToUrl("http://" + newUrl): Navigate to 'http://192.168.1.10:8065/test4/channels/test_name_5/' successfully

2020-06-05 23:22:56 - [MESSAGE][PASSED] - Navigate to 'http://192.168.1.10:8065/test4/channels/test_name_5/' successfully

2020-06-05 23:22:56 - [TEST_STEP][PASSED] - if (verifyElementPresent(findTestObject("Object Repository/Rename_channel/span_Town Square"), 1, OPTIONAL)): com.kms.katalon.core.webui.exception.WebElementNotFoundException: Web element with id: 'Object Repository/Rename_channel/span_Town Square' located by 'By.xpath: //strong[@id='channelHeaderTitle']/span' not found (Root cause: com.kms.katalon.core.exception.StepFailedException: com.kms.katalon.core.webui.exception.WebElementNotFoundException: Web element with id: 'Object Repository/Rename_channel/span_Town Square' located by 'By.xpath: //strong[@id='channelHeaderTitle']/span' not found
	at com.kms.katalon.core.webui.keyword.internal.WebUIKeywordMain.stepFailed(WebUIKeywordMain.groovy:64)
	at com.kms.katalon.core.webui.keyword.builtin.VerifyElementPresentKeyword$_verifyElementPresent_closure1.doCall(VerifyElementPresentKeyword.groovy:85)
	at com.kms.katalon.core.webui.keyword.builtin.VerifyElementPresentKeyword$_verifyElementPresent_closure1.call(VerifyElementPresentKeyword.groovy)
	at com.kms.katalon.core.webui.keyword.internal.WebUIKeywordMain.runKeyword(WebUIKeywordMain.groovy:20)
	at com.kms.katalon.core.webui.keyword.builtin.VerifyElementPresentKeyword.verifyElementPresent(VerifyElementPresentKeyword.groovy:92)
	at com.kms.katalon.core.webui.keyword.builtin.VerifyElementPresentKeyword.execute(VerifyElementPresentKeyword.groovy:68)
	at com.kms.katalon.core.keyword.internal.KeywordExecutor.executeKeywordForPlatform(KeywordExecutor.groovy:72)
	at com.kms.katalon.core.webui.keyword.WebUiBuiltInKeywords.verifyElementPresent(WebUiBuiltInKeywords.groovy:1444)
	at com.kms.katalon.core.webui.keyword.WebUiBuiltInKeywords$verifyElementPresent$6.call(Unknown Source)
	at Unmute_channel.run(Unmute_channel:65)
	at com.kms.katalon.core.main.ScriptEngine.run(ScriptEngine.java:194)
	at com.kms.katalon.core.main.ScriptEngine.runScriptAsRawText(ScriptEngine.java:119)
	at com.kms.katalon.core.main.TestCaseExecutor.runScript(TestCaseExecutor.java:337)
	at com.kms.katalon.core.main.TestCaseExecutor.doExecute(TestCaseExecutor.java:328)
	at com.kms.katalon.core.main.TestCaseExecutor.processExecutionPhase(TestCaseExecutor.java:307)
	at com.kms.katalon.core.main.TestCaseExecutor.accessMainPhase(TestCaseExecutor.java:299)
	at com.kms.katalon.core.main.TestCaseExecutor.execute(TestCaseExecutor.java:233)
	at com.kms.katalon.core.main.TestSuiteExecutor.accessTestCaseMainPhase(TestSuiteExecutor.java:169)
	at com.kms.katalon.core.main.TestSuiteExecutor.accessTestSuiteMainPhase(TestSuiteExecutor.java:142)
	at com.kms.katalon.core.main.TestSuiteExecutor.execute(TestSuiteExecutor.java:91)
	at com.kms.katalon.core.main.TestCaseMain.startTestSuite(TestCaseMain.java:157)
	at com.kms.katalon.core.main.TestCaseMain$startTestSuite$0.call(Unknown Source)
	at TempTestSuite1591373123859.run(TempTestSuite1591373123859.groovy:37)
)

2020-06-05 23:22:59 - [MESSAGE][INFO] - Unable to find the element located by 'By.xpath: //strong[@id='channelHeaderTitle']/span'. Please recheck the objects properties to make sure the desired element is located. 

2020-06-05 23:22:59 - [MESSAGE][WARNING] - com.kms.katalon.core.webui.exception.WebElementNotFoundException: Web element with id: 'Object Repository/Rename_channel/span_Town Square' located by 'By.xpath: //strong[@id='channelHeaderTitle']/span' not found (Root cause: com.kms.katalon.core.exception.StepFailedException: com.kms.katalon.core.webui.exception.WebElementNotFoundException: Web element with id: 'Object Repository/Rename_channel/span_Town Square' located by 'By.xpath: //strong[@id='channelHeaderTitle']/span' not found
	at com.kms.katalon.core.webui.keyword.internal.WebUIKeywordMain.stepFailed(WebUIKeywordMain.groovy:64)
	at com.kms.katalon.core.webui.keyword.builtin.VerifyElementPresentKeyword$_verifyElementPresent_closure1.doCall(VerifyElementPresentKeyword.groovy:85)
	at com.kms.katalon.core.webui.keyword.builtin.VerifyElementPresentKeyword$_verifyElementPresent_closure1.call(VerifyElementPresentKeyword.groovy)
	at com.kms.katalon.core.webui.keyword.internal.WebUIKeywordMain.runKeyword(WebUIKeywordMain.groovy:20)
	at com.kms.katalon.core.webui.keyword.builtin.VerifyElementPresentKeyword.verifyElementPresent(VerifyElementPresentKeyword.groovy:92)
	at com.kms.katalon.core.webui.keyword.builtin.VerifyElementPresentKeyword.execute(VerifyElementPresentKeyword.groovy:68)
	at com.kms.katalon.core.keyword.internal.KeywordExecutor.executeKeywordForPlatform(KeywordExecutor.groovy:72)
	at com.kms.katalon.core.webui.keyword.WebUiBuiltInKeywords.verifyElementPresent(WebUiBuiltInKeywords.groovy:1444)
	at com.kms.katalon.core.webui.keyword.WebUiBuiltInKeywords$verifyElementPresent$6.call(Unknown Source)
	at Unmute_channel.run(Unmute_channel:65)
	at com.kms.katalon.core.main.ScriptEngine.run(ScriptEngine.java:194)
	at com.kms.katalon.core.main.ScriptEngine.runScriptAsRawText(ScriptEngine.java:119)
	at com.kms.katalon.core.main.TestCaseExecutor.runScript(TestCaseExecutor.java:337)
	at com.kms.katalon.core.main.TestCaseExecutor.doExecute(TestCaseExecutor.java:328)
	at com.kms.katalon.core.main.TestCaseExecutor.processExecutionPhase(TestCaseExecutor.java:307)
	at com.kms.katalon.core.main.TestCaseExecutor.accessMainPhase(TestCaseExecutor.java:299)
	at com.kms.katalon.core.main.TestCaseExecutor.execute(TestCaseExecutor.java:233)
	at com.kms.katalon.core.main.TestSuiteExecutor.accessTestCaseMainPhase(TestSuiteExecutor.java:169)
	at com.kms.katalon.core.main.TestSuiteExecutor.accessTestSuiteMainPhase(TestSuiteExecutor.java:142)
	at com.kms.katalon.core.main.TestSuiteExecutor.execute(TestSuiteExecutor.java:91)
	at com.kms.katalon.core.main.TestCaseMain.startTestSuite(TestCaseMain.java:157)
	at com.kms.katalon.core.main.TestCaseMain$startTestSuite$0.call(Unknown Source)
	at TempTestSuite1591373123859.run(TempTestSuite1591373123859.groovy:37)
)
[[ATTACHMENT|D:\\katalon\\hw2-katalon-testing\\Reports\\20200605_230523\\Run_All_Test_Cases\\20200605_230523\\1591374179385.png]]

2020-06-05 23:22:59 - [TEST_STEP][PASSED] - Start tear down : Teardown: Method 'Teardown' complete successfully

2020-06-05 23:22:59 - [TEST_STEP][PASSED] - closeBrowser(): Browser is closed

2020-06-05 23:23:00 - [MESSAGE][PASSED] - Browser is closed

2020-06-05 23:23:00 - [MESSAGE][PASSED] - Method 'Teardown' complete successfully]]></system-out>
         <system-err><![CDATA[]]></system-err>
      </testcase>
      <testcase name="Test Cases/Channel/View_Info_channel" time="13.558" classname="Test Cases/Channel/View_Info_channel" status="PASSED">
         <system-out><![CDATA[2020-06-05 23:23:00 - [TEST_CASE][PASSED] - Test Cases/Channel/View_Info_channel: Test Cases/Channel/View_Info_channel

2020-06-05 23:23:00 - [TEST_STEP][PASSED] - Start setup action : Setup: Method 'Setup' complete successfully

2020-06-05 23:23:00 - [TEST_STEP][PASSED] - openBrowser("http://192.168.1.10:8065/login"): Browser is opened with url: 'http://192.168.1.10:8065/login'

2020-06-05 23:23:00 - [MESSAGE][INFO] - Starting 'Firefox' driver

2020-06-05 23:23:00 - [MESSAGE][INFO] - Action delay is set to 0 milliseconds

2020-06-05 23:23:05 - [MESSAGE][PASSED] - Browser is opened with url: 'http://192.168.1.10:8065/login'

2020-06-05 23:23:05 - [MESSAGE][PASSED] - Method 'Setup' complete successfully

2020-06-05 23:23:05 - [TEST_STEP][PASSED] - callTestCase(findTestCase("Test Cases/Login/login_function"), ["var_user":"tlvietdanh@gmail.com", "var_password":"13101998"], STOP_ON_FAILURE): Call Test Case 'Test Cases/Login/login_function' successfully

2020-06-05 23:23:05 - [TEST_CASE][PASSED] - Test Cases/Login/login_function: Test Cases/Login/login_function

2020-06-05 23:23:05 - [TEST_STEP][PASSED] - setText(findTestObject("Object Repository/Page_Mattermost_login/input_loginId"), var_user): Text 'tlvietdanh@gmail.com' is set on object 'Object Repository/Page_Mattermost_login/input_loginId'

2020-06-05 23:23:06 - [MESSAGE][PASSED] - Text 'tlvietdanh@gmail.com' is set on object 'Object Repository/Page_Mattermost_login/input_loginId'

2020-06-05 23:23:06 - [TEST_STEP][PASSED] - setText(findTestObject("Object Repository/Page_Mattermost_login/input_password"), var_password): Text '13101998' is set on object 'Object Repository/Page_Mattermost_login/input_password'

2020-06-05 23:23:07 - [MESSAGE][PASSED] - Text '13101998' is set on object 'Object Repository/Page_Mattermost_login/input_password'

2020-06-05 23:23:07 - [TEST_STEP][PASSED] - click(findTestObject("Object Repository/Page_Mattermost_login/span_Sign in")): Object: 'Object Repository/Page_Mattermost_login/span_Sign in' is clicked on

2020-06-05 23:23:08 - [MESSAGE][PASSED] - Object: 'Object Repository/Page_Mattermost_login/span_Sign in' is clicked on

2020-06-05 23:23:08 - [MESSAGE][PASSED] - Call Test Case 'Test Cases/Login/login_function' successfully

2020-06-05 23:23:08 - [TEST_STEP][PASSED] - waitForElementVisible(findTestObject("Object Repository/Rename_channel/span_Town Square"), 2): Object 'Object Repository/Rename_channel/span_Town Square' is visible

2020-06-05 23:23:09 - [MESSAGE][PASSED] - Object 'Object Repository/Rename_channel/span_Town Square' is visible

2020-06-05 23:23:09 - [TEST_STEP][PASSED] - url = getUrl().substring(7): Current window's url is: 'http://192.168.1.10:8065/test4/channels/town-square'

2020-06-05 23:23:09 - [MESSAGE][PASSED] - Current window's url is: 'http://192.168.1.10:8065/test4/channels/town-square'

2020-06-05 23:23:09 - [TEST_STEP][PASSED] - arr = url.split("/"): null

2020-06-05 23:23:09 - [TEST_STEP][PASSED] - arr[length - 1] = channel_url: null

2020-06-05 23:23:09 - [TEST_STEP][PASSED] - newUrl = "": null

2020-06-05 23:23:09 - [TEST_STEP][PASSED] - for ([i = 0, i < length, (i++)]): null

2020-06-05 23:23:09 - [TEST_STEP][PASSED] - newUrl += arr[i] + "/": null

2020-06-05 23:23:09 - [TEST_STEP][PASSED] - newUrl += arr[i] + "/": null

2020-06-05 23:23:09 - [TEST_STEP][PASSED] - newUrl += arr[i] + "/": null

2020-06-05 23:23:09 - [TEST_STEP][PASSED] - newUrl += arr[i] + "/": null

2020-06-05 23:23:09 - [TEST_STEP][PASSED] - printf(newUrl): null

2020-06-05 23:23:09 - [TEST_STEP][PASSED] - navigateToUrl("http://" + newUrl): Navigate to 'http://192.168.1.10:8065/test4/channels/test_name_1/' successfully

2020-06-05 23:23:10 - [MESSAGE][PASSED] - Navigate to 'http://192.168.1.10:8065/test4/channels/test_name_1/' successfully

2020-06-05 23:23:10 - [TEST_STEP][PASSED] - if (verifyElementPresent(findTestObject("Object Repository/Rename_channel/span_Town Square"), 1, OPTIONAL)): com.kms.katalon.core.webui.exception.WebElementNotFoundException: Web element with id: 'Object Repository/Rename_channel/span_Town Square' located by 'By.xpath: //strong[@id='channelHeaderTitle']/span' not found (Root cause: com.kms.katalon.core.exception.StepFailedException: com.kms.katalon.core.webui.exception.WebElementNotFoundException: Web element with id: 'Object Repository/Rename_channel/span_Town Square' located by 'By.xpath: //strong[@id='channelHeaderTitle']/span' not found
	at com.kms.katalon.core.webui.keyword.internal.WebUIKeywordMain.stepFailed(WebUIKeywordMain.groovy:64)
	at com.kms.katalon.core.webui.keyword.builtin.VerifyElementPresentKeyword$_verifyElementPresent_closure1.doCall(VerifyElementPresentKeyword.groovy:85)
	at com.kms.katalon.core.webui.keyword.builtin.VerifyElementPresentKeyword$_verifyElementPresent_closure1.call(VerifyElementPresentKeyword.groovy)
	at com.kms.katalon.core.webui.keyword.internal.WebUIKeywordMain.runKeyword(WebUIKeywordMain.groovy:20)
	at com.kms.katalon.core.webui.keyword.builtin.VerifyElementPresentKeyword.verifyElementPresent(VerifyElementPresentKeyword.groovy:92)
	at com.kms.katalon.core.webui.keyword.builtin.VerifyElementPresentKeyword.execute(VerifyElementPresentKeyword.groovy:68)
	at com.kms.katalon.core.keyword.internal.KeywordExecutor.executeKeywordForPlatform(KeywordExecutor.groovy:72)
	at com.kms.katalon.core.webui.keyword.WebUiBuiltInKeywords.verifyElementPresent(WebUiBuiltInKeywords.groovy:1444)
	at com.kms.katalon.core.webui.keyword.WebUiBuiltInKeywords$verifyElementPresent$6.call(Unknown Source)
	at View_Info_channel.run(View_Info_channel:65)
	at com.kms.katalon.core.main.ScriptEngine.run(ScriptEngine.java:194)
	at com.kms.katalon.core.main.ScriptEngine.runScriptAsRawText(ScriptEngine.java:119)
	at com.kms.katalon.core.main.TestCaseExecutor.runScript(TestCaseExecutor.java:337)
	at com.kms.katalon.core.main.TestCaseExecutor.doExecute(TestCaseExecutor.java:328)
	at com.kms.katalon.core.main.TestCaseExecutor.processExecutionPhase(TestCaseExecutor.java:307)
	at com.kms.katalon.core.main.TestCaseExecutor.accessMainPhase(TestCaseExecutor.java:299)
	at com.kms.katalon.core.main.TestCaseExecutor.execute(TestCaseExecutor.java:233)
	at com.kms.katalon.core.main.TestSuiteExecutor.accessTestCaseMainPhase(TestSuiteExecutor.java:169)
	at com.kms.katalon.core.main.TestSuiteExecutor.accessTestSuiteMainPhase(TestSuiteExecutor.java:142)
	at com.kms.katalon.core.main.TestSuiteExecutor.execute(TestSuiteExecutor.java:91)
	at com.kms.katalon.core.main.TestCaseMain.startTestSuite(TestCaseMain.java:157)
	at com.kms.katalon.core.main.TestCaseMain$startTestSuite$0.call(Unknown Source)
	at TempTestSuite1591373123859.run(TempTestSuite1591373123859.groovy:37)
)

2020-06-05 23:23:12 - [MESSAGE][INFO] - Unable to find the element located by 'By.xpath: //strong[@id='channelHeaderTitle']/span'. Please recheck the objects properties to make sure the desired element is located. 

2020-06-05 23:23:13 - [MESSAGE][WARNING] - com.kms.katalon.core.webui.exception.WebElementNotFoundException: Web element with id: 'Object Repository/Rename_channel/span_Town Square' located by 'By.xpath: //strong[@id='channelHeaderTitle']/span' not found (Root cause: com.kms.katalon.core.exception.StepFailedException: com.kms.katalon.core.webui.exception.WebElementNotFoundException: Web element with id: 'Object Repository/Rename_channel/span_Town Square' located by 'By.xpath: //strong[@id='channelHeaderTitle']/span' not found
	at com.kms.katalon.core.webui.keyword.internal.WebUIKeywordMain.stepFailed(WebUIKeywordMain.groovy:64)
	at com.kms.katalon.core.webui.keyword.builtin.VerifyElementPresentKeyword$_verifyElementPresent_closure1.doCall(VerifyElementPresentKeyword.groovy:85)
	at com.kms.katalon.core.webui.keyword.builtin.VerifyElementPresentKeyword$_verifyElementPresent_closure1.call(VerifyElementPresentKeyword.groovy)
	at com.kms.katalon.core.webui.keyword.internal.WebUIKeywordMain.runKeyword(WebUIKeywordMain.groovy:20)
	at com.kms.katalon.core.webui.keyword.builtin.VerifyElementPresentKeyword.verifyElementPresent(VerifyElementPresentKeyword.groovy:92)
	at com.kms.katalon.core.webui.keyword.builtin.VerifyElementPresentKeyword.execute(VerifyElementPresentKeyword.groovy:68)
	at com.kms.katalon.core.keyword.internal.KeywordExecutor.executeKeywordForPlatform(KeywordExecutor.groovy:72)
	at com.kms.katalon.core.webui.keyword.WebUiBuiltInKeywords.verifyElementPresent(WebUiBuiltInKeywords.groovy:1444)
	at com.kms.katalon.core.webui.keyword.WebUiBuiltInKeywords$verifyElementPresent$6.call(Unknown Source)
	at View_Info_channel.run(View_Info_channel:65)
	at com.kms.katalon.core.main.ScriptEngine.run(ScriptEngine.java:194)
	at com.kms.katalon.core.main.ScriptEngine.runScriptAsRawText(ScriptEngine.java:119)
	at com.kms.katalon.core.main.TestCaseExecutor.runScript(TestCaseExecutor.java:337)
	at com.kms.katalon.core.main.TestCaseExecutor.doExecute(TestCaseExecutor.java:328)
	at com.kms.katalon.core.main.TestCaseExecutor.processExecutionPhase(TestCaseExecutor.java:307)
	at com.kms.katalon.core.main.TestCaseExecutor.accessMainPhase(TestCaseExecutor.java:299)
	at com.kms.katalon.core.main.TestCaseExecutor.execute(TestCaseExecutor.java:233)
	at com.kms.katalon.core.main.TestSuiteExecutor.accessTestCaseMainPhase(TestSuiteExecutor.java:169)
	at com.kms.katalon.core.main.TestSuiteExecutor.accessTestSuiteMainPhase(TestSuiteExecutor.java:142)
	at com.kms.katalon.core.main.TestSuiteExecutor.execute(TestSuiteExecutor.java:91)
	at com.kms.katalon.core.main.TestCaseMain.startTestSuite(TestCaseMain.java:157)
	at com.kms.katalon.core.main.TestCaseMain$startTestSuite$0.call(Unknown Source)
	at TempTestSuite1591373123859.run(TempTestSuite1591373123859.groovy:37)
)
[[ATTACHMENT|D:\\katalon\\hw2-katalon-testing\\Reports\\20200605_230523\\Run_All_Test_Cases\\20200605_230523\\1591374192978.png]]

2020-06-05 23:23:13 - [TEST_STEP][PASSED] - Start tear down : Teardown: Method 'Teardown' complete successfully

2020-06-05 23:23:13 - [TEST_STEP][PASSED] - closeBrowser(): Browser is closed

2020-06-05 23:23:14 - [MESSAGE][PASSED] - Browser is closed

2020-06-05 23:23:14 - [MESSAGE][PASSED] - Method 'Teardown' complete successfully]]></system-out>
         <system-err><![CDATA[]]></system-err>
      </testcase>
      <testcase name="Test Cases/Channel/View_Info_channel" time="13.304" classname="Test Cases/Channel/View_Info_channel" status="PASSED">
         <system-out><![CDATA[2020-06-05 23:23:14 - [TEST_CASE][PASSED] - Test Cases/Channel/View_Info_channel: Test Cases/Channel/View_Info_channel

2020-06-05 23:23:14 - [TEST_STEP][PASSED] - Start setup action : Setup: Method 'Setup' complete successfully

2020-06-05 23:23:14 - [TEST_STEP][PASSED] - openBrowser("http://192.168.1.10:8065/login"): Browser is opened with url: 'http://192.168.1.10:8065/login'

2020-06-05 23:23:14 - [MESSAGE][INFO] - Starting 'Firefox' driver

2020-06-05 23:23:14 - [MESSAGE][INFO] - Action delay is set to 0 milliseconds

2020-06-05 23:23:18 - [MESSAGE][PASSED] - Browser is opened with url: 'http://192.168.1.10:8065/login'

2020-06-05 23:23:18 - [MESSAGE][PASSED] - Method 'Setup' complete successfully

2020-06-05 23:23:18 - [TEST_STEP][PASSED] - callTestCase(findTestCase("Test Cases/Login/login_function"), ["var_user":"tlvietdanh@gmail.com", "var_password":"13101998"], STOP_ON_FAILURE): Call Test Case 'Test Cases/Login/login_function' successfully

2020-06-05 23:23:18 - [TEST_CASE][PASSED] - Test Cases/Login/login_function: Test Cases/Login/login_function

2020-06-05 23:23:18 - [TEST_STEP][PASSED] - setText(findTestObject("Object Repository/Page_Mattermost_login/input_loginId"), var_user): Text 'tlvietdanh@gmail.com' is set on object 'Object Repository/Page_Mattermost_login/input_loginId'

2020-06-05 23:23:19 - [MESSAGE][PASSED] - Text 'tlvietdanh@gmail.com' is set on object 'Object Repository/Page_Mattermost_login/input_loginId'

2020-06-05 23:23:19 - [TEST_STEP][PASSED] - setText(findTestObject("Object Repository/Page_Mattermost_login/input_password"), var_password): Text '13101998' is set on object 'Object Repository/Page_Mattermost_login/input_password'

2020-06-05 23:23:20 - [MESSAGE][PASSED] - Text '13101998' is set on object 'Object Repository/Page_Mattermost_login/input_password'

2020-06-05 23:23:20 - [TEST_STEP][PASSED] - click(findTestObject("Object Repository/Page_Mattermost_login/span_Sign in")): Object: 'Object Repository/Page_Mattermost_login/span_Sign in' is clicked on

2020-06-05 23:23:21 - [MESSAGE][PASSED] - Object: 'Object Repository/Page_Mattermost_login/span_Sign in' is clicked on

2020-06-05 23:23:21 - [MESSAGE][PASSED] - Call Test Case 'Test Cases/Login/login_function' successfully

2020-06-05 23:23:21 - [TEST_STEP][PASSED] - waitForElementVisible(findTestObject("Object Repository/Rename_channel/span_Town Square"), 2): Object 'Object Repository/Rename_channel/span_Town Square' is visible

2020-06-05 23:23:23 - [MESSAGE][PASSED] - Object 'Object Repository/Rename_channel/span_Town Square' is visible

2020-06-05 23:23:23 - [TEST_STEP][PASSED] - url = getUrl().substring(7): Current window's url is: 'http://192.168.1.10:8065/test4/channels/town-square'

2020-06-05 23:23:23 - [MESSAGE][PASSED] - Current window's url is: 'http://192.168.1.10:8065/test4/channels/town-square'

2020-06-05 23:23:23 - [TEST_STEP][PASSED] - arr = url.split("/"): null

2020-06-05 23:23:23 - [TEST_STEP][PASSED] - arr[length - 1] = channel_url: null

2020-06-05 23:23:23 - [TEST_STEP][PASSED] - newUrl = "": null

2020-06-05 23:23:23 - [TEST_STEP][PASSED] - for ([i = 0, i < length, (i++)]): null

2020-06-05 23:23:23 - [TEST_STEP][PASSED] - newUrl += arr[i] + "/": null

2020-06-05 23:23:23 - [TEST_STEP][PASSED] - newUrl += arr[i] + "/": null

2020-06-05 23:23:23 - [TEST_STEP][PASSED] - newUrl += arr[i] + "/": null

2020-06-05 23:23:23 - [TEST_STEP][PASSED] - newUrl += arr[i] + "/": null

2020-06-05 23:23:23 - [TEST_STEP][PASSED] - printf(newUrl): null

2020-06-05 23:23:23 - [TEST_STEP][PASSED] - navigateToUrl("http://" + newUrl): Navigate to 'http://192.168.1.10:8065/test4/channels/test_name_2/' successfully

2020-06-05 23:23:23 - [MESSAGE][PASSED] - Navigate to 'http://192.168.1.10:8065/test4/channels/test_name_2/' successfully

2020-06-05 23:23:23 - [TEST_STEP][PASSED] - if (verifyElementPresent(findTestObject("Object Repository/Rename_channel/span_Town Square"), 1, OPTIONAL)): com.kms.katalon.core.webui.exception.WebElementNotFoundException: Web element with id: 'Object Repository/Rename_channel/span_Town Square' located by 'By.xpath: //strong[@id='channelHeaderTitle']/span' not found (Root cause: com.kms.katalon.core.exception.StepFailedException: com.kms.katalon.core.webui.exception.WebElementNotFoundException: Web element with id: 'Object Repository/Rename_channel/span_Town Square' located by 'By.xpath: //strong[@id='channelHeaderTitle']/span' not found
	at com.kms.katalon.core.webui.keyword.internal.WebUIKeywordMain.stepFailed(WebUIKeywordMain.groovy:64)
	at com.kms.katalon.core.webui.keyword.builtin.VerifyElementPresentKeyword$_verifyElementPresent_closure1.doCall(VerifyElementPresentKeyword.groovy:85)
	at com.kms.katalon.core.webui.keyword.builtin.VerifyElementPresentKeyword$_verifyElementPresent_closure1.call(VerifyElementPresentKeyword.groovy)
	at com.kms.katalon.core.webui.keyword.internal.WebUIKeywordMain.runKeyword(WebUIKeywordMain.groovy:20)
	at com.kms.katalon.core.webui.keyword.builtin.VerifyElementPresentKeyword.verifyElementPresent(VerifyElementPresentKeyword.groovy:92)
	at com.kms.katalon.core.webui.keyword.builtin.VerifyElementPresentKeyword.execute(VerifyElementPresentKeyword.groovy:68)
	at com.kms.katalon.core.keyword.internal.KeywordExecutor.executeKeywordForPlatform(KeywordExecutor.groovy:72)
	at com.kms.katalon.core.webui.keyword.WebUiBuiltInKeywords.verifyElementPresent(WebUiBuiltInKeywords.groovy:1444)
	at com.kms.katalon.core.webui.keyword.WebUiBuiltInKeywords$verifyElementPresent$6.call(Unknown Source)
	at View_Info_channel.run(View_Info_channel:65)
	at com.kms.katalon.core.main.ScriptEngine.run(ScriptEngine.java:194)
	at com.kms.katalon.core.main.ScriptEngine.runScriptAsRawText(ScriptEngine.java:119)
	at com.kms.katalon.core.main.TestCaseExecutor.runScript(TestCaseExecutor.java:337)
	at com.kms.katalon.core.main.TestCaseExecutor.doExecute(TestCaseExecutor.java:328)
	at com.kms.katalon.core.main.TestCaseExecutor.processExecutionPhase(TestCaseExecutor.java:307)
	at com.kms.katalon.core.main.TestCaseExecutor.accessMainPhase(TestCaseExecutor.java:299)
	at com.kms.katalon.core.main.TestCaseExecutor.execute(TestCaseExecutor.java:233)
	at com.kms.katalon.core.main.TestSuiteExecutor.accessTestCaseMainPhase(TestSuiteExecutor.java:169)
	at com.kms.katalon.core.main.TestSuiteExecutor.accessTestSuiteMainPhase(TestSuiteExecutor.java:142)
	at com.kms.katalon.core.main.TestSuiteExecutor.execute(TestSuiteExecutor.java:91)
	at com.kms.katalon.core.main.TestCaseMain.startTestSuite(TestCaseMain.java:157)
	at com.kms.katalon.core.main.TestCaseMain$startTestSuite$0.call(Unknown Source)
	at TempTestSuite1591373123859.run(TempTestSuite1591373123859.groovy:37)
)

2020-06-05 23:23:26 - [MESSAGE][INFO] - Unable to find the element located by 'By.xpath: //strong[@id='channelHeaderTitle']/span'. Please recheck the objects properties to make sure the desired element is located. 

2020-06-05 23:23:26 - [MESSAGE][WARNING] - com.kms.katalon.core.webui.exception.WebElementNotFoundException: Web element with id: 'Object Repository/Rename_channel/span_Town Square' located by 'By.xpath: //strong[@id='channelHeaderTitle']/span' not found (Root cause: com.kms.katalon.core.exception.StepFailedException: com.kms.katalon.core.webui.exception.WebElementNotFoundException: Web element with id: 'Object Repository/Rename_channel/span_Town Square' located by 'By.xpath: //strong[@id='channelHeaderTitle']/span' not found
	at com.kms.katalon.core.webui.keyword.internal.WebUIKeywordMain.stepFailed(WebUIKeywordMain.groovy:64)
	at com.kms.katalon.core.webui.keyword.builtin.VerifyElementPresentKeyword$_verifyElementPresent_closure1.doCall(VerifyElementPresentKeyword.groovy:85)
	at com.kms.katalon.core.webui.keyword.builtin.VerifyElementPresentKeyword$_verifyElementPresent_closure1.call(VerifyElementPresentKeyword.groovy)
	at com.kms.katalon.core.webui.keyword.internal.WebUIKeywordMain.runKeyword(WebUIKeywordMain.groovy:20)
	at com.kms.katalon.core.webui.keyword.builtin.VerifyElementPresentKeyword.verifyElementPresent(VerifyElementPresentKeyword.groovy:92)
	at com.kms.katalon.core.webui.keyword.builtin.VerifyElementPresentKeyword.execute(VerifyElementPresentKeyword.groovy:68)
	at com.kms.katalon.core.keyword.internal.KeywordExecutor.executeKeywordForPlatform(KeywordExecutor.groovy:72)
	at com.kms.katalon.core.webui.keyword.WebUiBuiltInKeywords.verifyElementPresent(WebUiBuiltInKeywords.groovy:1444)
	at com.kms.katalon.core.webui.keyword.WebUiBuiltInKeywords$verifyElementPresent$6.call(Unknown Source)
	at View_Info_channel.run(View_Info_channel:65)
	at com.kms.katalon.core.main.ScriptEngine.run(ScriptEngine.java:194)
	at com.kms.katalon.core.main.ScriptEngine.runScriptAsRawText(ScriptEngine.java:119)
	at com.kms.katalon.core.main.TestCaseExecutor.runScript(TestCaseExecutor.java:337)
	at com.kms.katalon.core.main.TestCaseExecutor.doExecute(TestCaseExecutor.java:328)
	at com.kms.katalon.core.main.TestCaseExecutor.processExecutionPhase(TestCaseExecutor.java:307)
	at com.kms.katalon.core.main.TestCaseExecutor.accessMainPhase(TestCaseExecutor.java:299)
	at com.kms.katalon.core.main.TestCaseExecutor.execute(TestCaseExecutor.java:233)
	at com.kms.katalon.core.main.TestSuiteExecutor.accessTestCaseMainPhase(TestSuiteExecutor.java:169)
	at com.kms.katalon.core.main.TestSuiteExecutor.accessTestSuiteMainPhase(TestSuiteExecutor.java:142)
	at com.kms.katalon.core.main.TestSuiteExecutor.execute(TestSuiteExecutor.java:91)
	at com.kms.katalon.core.main.TestCaseMain.startTestSuite(TestCaseMain.java:157)
	at com.kms.katalon.core.main.TestCaseMain$startTestSuite$0.call(Unknown Source)
	at TempTestSuite1591373123859.run(TempTestSuite1591373123859.groovy:37)
)
[[ATTACHMENT|D:\\katalon\\hw2-katalon-testing\\Reports\\20200605_230523\\Run_All_Test_Cases\\20200605_230523\\1591374206343.png]]

2020-06-05 23:23:26 - [TEST_STEP][PASSED] - Start tear down : Teardown: Method 'Teardown' complete successfully

2020-06-05 23:23:26 - [TEST_STEP][PASSED] - closeBrowser(): Browser is closed

2020-06-05 23:23:27 - [MESSAGE][PASSED] - Browser is closed

2020-06-05 23:23:27 - [MESSAGE][PASSED] - Method 'Teardown' complete successfully]]></system-out>
         <system-err><![CDATA[]]></system-err>
      </testcase>
      <testcase name="Test Cases/Channel/View_Info_channel" time="13.599" classname="Test Cases/Channel/View_Info_channel" status="PASSED">
         <system-out><![CDATA[2020-06-05 23:23:27 - [TEST_CASE][PASSED] - Test Cases/Channel/View_Info_channel: Test Cases/Channel/View_Info_channel

2020-06-05 23:23:27 - [TEST_STEP][PASSED] - Start setup action : Setup: Method 'Setup' complete successfully

2020-06-05 23:23:27 - [TEST_STEP][PASSED] - openBrowser("http://192.168.1.10:8065/login"): Browser is opened with url: 'http://192.168.1.10:8065/login'

2020-06-05 23:23:27 - [MESSAGE][INFO] - Starting 'Firefox' driver

2020-06-05 23:23:27 - [MESSAGE][INFO] - Action delay is set to 0 milliseconds

2020-06-05 23:23:31 - [MESSAGE][PASSED] - Browser is opened with url: 'http://192.168.1.10:8065/login'

2020-06-05 23:23:31 - [MESSAGE][PASSED] - Method 'Setup' complete successfully

2020-06-05 23:23:31 - [TEST_STEP][PASSED] - callTestCase(findTestCase("Test Cases/Login/login_function"), ["var_user":"tlvietdanh@gmail.com", "var_password":"13101998"], STOP_ON_FAILURE): Call Test Case 'Test Cases/Login/login_function' successfully

2020-06-05 23:23:31 - [TEST_CASE][PASSED] - Test Cases/Login/login_function: Test Cases/Login/login_function

2020-06-05 23:23:31 - [TEST_STEP][PASSED] - setText(findTestObject("Object Repository/Page_Mattermost_login/input_loginId"), var_user): Text 'tlvietdanh@gmail.com' is set on object 'Object Repository/Page_Mattermost_login/input_loginId'

2020-06-05 23:23:33 - [MESSAGE][PASSED] - Text 'tlvietdanh@gmail.com' is set on object 'Object Repository/Page_Mattermost_login/input_loginId'

2020-06-05 23:23:33 - [TEST_STEP][PASSED] - setText(findTestObject("Object Repository/Page_Mattermost_login/input_password"), var_password): Text '13101998' is set on object 'Object Repository/Page_Mattermost_login/input_password'

2020-06-05 23:23:34 - [MESSAGE][PASSED] - Text '13101998' is set on object 'Object Repository/Page_Mattermost_login/input_password'

2020-06-05 23:23:34 - [TEST_STEP][PASSED] - click(findTestObject("Object Repository/Page_Mattermost_login/span_Sign in")): Object: 'Object Repository/Page_Mattermost_login/span_Sign in' is clicked on

2020-06-05 23:23:34 - [MESSAGE][PASSED] - Object: 'Object Repository/Page_Mattermost_login/span_Sign in' is clicked on

2020-06-05 23:23:34 - [MESSAGE][PASSED] - Call Test Case 'Test Cases/Login/login_function' successfully

2020-06-05 23:23:34 - [TEST_STEP][PASSED] - waitForElementVisible(findTestObject("Object Repository/Rename_channel/span_Town Square"), 2): Object 'Object Repository/Rename_channel/span_Town Square' is visible

2020-06-05 23:23:36 - [MESSAGE][PASSED] - Object 'Object Repository/Rename_channel/span_Town Square' is visible

2020-06-05 23:23:36 - [TEST_STEP][PASSED] - url = getUrl().substring(7): Current window's url is: 'http://192.168.1.10:8065/test4/channels/town-square'

2020-06-05 23:23:36 - [MESSAGE][PASSED] - Current window's url is: 'http://192.168.1.10:8065/test4/channels/town-square'

2020-06-05 23:23:36 - [TEST_STEP][PASSED] - arr = url.split("/"): null

2020-06-05 23:23:36 - [TEST_STEP][PASSED] - arr[length - 1] = channel_url: null

2020-06-05 23:23:36 - [TEST_STEP][PASSED] - newUrl = "": null

2020-06-05 23:23:36 - [TEST_STEP][PASSED] - for ([i = 0, i < length, (i++)]): null

2020-06-05 23:23:36 - [TEST_STEP][PASSED] - newUrl += arr[i] + "/": null

2020-06-05 23:23:36 - [TEST_STEP][PASSED] - newUrl += arr[i] + "/": null

2020-06-05 23:23:36 - [TEST_STEP][PASSED] - newUrl += arr[i] + "/": null

2020-06-05 23:23:36 - [TEST_STEP][PASSED] - newUrl += arr[i] + "/": null

2020-06-05 23:23:36 - [TEST_STEP][PASSED] - printf(newUrl): null

2020-06-05 23:23:36 - [TEST_STEP][PASSED] - navigateToUrl("http://" + newUrl): Navigate to 'http://192.168.1.10:8065/test4/channels/test_name_3/' successfully

2020-06-05 23:23:37 - [MESSAGE][PASSED] - Navigate to 'http://192.168.1.10:8065/test4/channels/test_name_3/' successfully

2020-06-05 23:23:37 - [TEST_STEP][PASSED] - if (verifyElementPresent(findTestObject("Object Repository/Rename_channel/span_Town Square"), 1, OPTIONAL)): com.kms.katalon.core.webui.exception.WebElementNotFoundException: Web element with id: 'Object Repository/Rename_channel/span_Town Square' located by 'By.xpath: //strong[@id='channelHeaderTitle']/span' not found (Root cause: com.kms.katalon.core.exception.StepFailedException: com.kms.katalon.core.webui.exception.WebElementNotFoundException: Web element with id: 'Object Repository/Rename_channel/span_Town Square' located by 'By.xpath: //strong[@id='channelHeaderTitle']/span' not found
	at com.kms.katalon.core.webui.keyword.internal.WebUIKeywordMain.stepFailed(WebUIKeywordMain.groovy:64)
	at com.kms.katalon.core.webui.keyword.builtin.VerifyElementPresentKeyword$_verifyElementPresent_closure1.doCall(VerifyElementPresentKeyword.groovy:85)
	at com.kms.katalon.core.webui.keyword.builtin.VerifyElementPresentKeyword$_verifyElementPresent_closure1.call(VerifyElementPresentKeyword.groovy)
	at com.kms.katalon.core.webui.keyword.internal.WebUIKeywordMain.runKeyword(WebUIKeywordMain.groovy:20)
	at com.kms.katalon.core.webui.keyword.builtin.VerifyElementPresentKeyword.verifyElementPresent(VerifyElementPresentKeyword.groovy:92)
	at com.kms.katalon.core.webui.keyword.builtin.VerifyElementPresentKeyword.execute(VerifyElementPresentKeyword.groovy:68)
	at com.kms.katalon.core.keyword.internal.KeywordExecutor.executeKeywordForPlatform(KeywordExecutor.groovy:72)
	at com.kms.katalon.core.webui.keyword.WebUiBuiltInKeywords.verifyElementPresent(WebUiBuiltInKeywords.groovy:1444)
	at com.kms.katalon.core.webui.keyword.WebUiBuiltInKeywords$verifyElementPresent$6.call(Unknown Source)
	at View_Info_channel.run(View_Info_channel:65)
	at com.kms.katalon.core.main.ScriptEngine.run(ScriptEngine.java:194)
	at com.kms.katalon.core.main.ScriptEngine.runScriptAsRawText(ScriptEngine.java:119)
	at com.kms.katalon.core.main.TestCaseExecutor.runScript(TestCaseExecutor.java:337)
	at com.kms.katalon.core.main.TestCaseExecutor.doExecute(TestCaseExecutor.java:328)
	at com.kms.katalon.core.main.TestCaseExecutor.processExecutionPhase(TestCaseExecutor.java:307)
	at com.kms.katalon.core.main.TestCaseExecutor.accessMainPhase(TestCaseExecutor.java:299)
	at com.kms.katalon.core.main.TestCaseExecutor.execute(TestCaseExecutor.java:233)
	at com.kms.katalon.core.main.TestSuiteExecutor.accessTestCaseMainPhase(TestSuiteExecutor.java:169)
	at com.kms.katalon.core.main.TestSuiteExecutor.accessTestSuiteMainPhase(TestSuiteExecutor.java:142)
	at com.kms.katalon.core.main.TestSuiteExecutor.execute(TestSuiteExecutor.java:91)
	at com.kms.katalon.core.main.TestCaseMain.startTestSuite(TestCaseMain.java:157)
	at com.kms.katalon.core.main.TestCaseMain$startTestSuite$0.call(Unknown Source)
	at TempTestSuite1591373123859.run(TempTestSuite1591373123859.groovy:37)
)

2020-06-05 23:23:39 - [MESSAGE][INFO] - Unable to find the element located by 'By.xpath: //strong[@id='channelHeaderTitle']/span'. Please recheck the objects properties to make sure the desired element is located. 

2020-06-05 23:23:39 - [MESSAGE][WARNING] - com.kms.katalon.core.webui.exception.WebElementNotFoundException: Web element with id: 'Object Repository/Rename_channel/span_Town Square' located by 'By.xpath: //strong[@id='channelHeaderTitle']/span' not found (Root cause: com.kms.katalon.core.exception.StepFailedException: com.kms.katalon.core.webui.exception.WebElementNotFoundException: Web element with id: 'Object Repository/Rename_channel/span_Town Square' located by 'By.xpath: //strong[@id='channelHeaderTitle']/span' not found
	at com.kms.katalon.core.webui.keyword.internal.WebUIKeywordMain.stepFailed(WebUIKeywordMain.groovy:64)
	at com.kms.katalon.core.webui.keyword.builtin.VerifyElementPresentKeyword$_verifyElementPresent_closure1.doCall(VerifyElementPresentKeyword.groovy:85)
	at com.kms.katalon.core.webui.keyword.builtin.VerifyElementPresentKeyword$_verifyElementPresent_closure1.call(VerifyElementPresentKeyword.groovy)
	at com.kms.katalon.core.webui.keyword.internal.WebUIKeywordMain.runKeyword(WebUIKeywordMain.groovy:20)
	at com.kms.katalon.core.webui.keyword.builtin.VerifyElementPresentKeyword.verifyElementPresent(VerifyElementPresentKeyword.groovy:92)
	at com.kms.katalon.core.webui.keyword.builtin.VerifyElementPresentKeyword.execute(VerifyElementPresentKeyword.groovy:68)
	at com.kms.katalon.core.keyword.internal.KeywordExecutor.executeKeywordForPlatform(KeywordExecutor.groovy:72)
	at com.kms.katalon.core.webui.keyword.WebUiBuiltInKeywords.verifyElementPresent(WebUiBuiltInKeywords.groovy:1444)
	at com.kms.katalon.core.webui.keyword.WebUiBuiltInKeywords$verifyElementPresent$6.call(Unknown Source)
	at View_Info_channel.run(View_Info_channel:65)
	at com.kms.katalon.core.main.ScriptEngine.run(ScriptEngine.java:194)
	at com.kms.katalon.core.main.ScriptEngine.runScriptAsRawText(ScriptEngine.java:119)
	at com.kms.katalon.core.main.TestCaseExecutor.runScript(TestCaseExecutor.java:337)
	at com.kms.katalon.core.main.TestCaseExecutor.doExecute(TestCaseExecutor.java:328)
	at com.kms.katalon.core.main.TestCaseExecutor.processExecutionPhase(TestCaseExecutor.java:307)
	at com.kms.katalon.core.main.TestCaseExecutor.accessMainPhase(TestCaseExecutor.java:299)
	at com.kms.katalon.core.main.TestCaseExecutor.execute(TestCaseExecutor.java:233)
	at com.kms.katalon.core.main.TestSuiteExecutor.accessTestCaseMainPhase(TestSuiteExecutor.java:169)
	at com.kms.katalon.core.main.TestSuiteExecutor.accessTestSuiteMainPhase(TestSuiteExecutor.java:142)
	at com.kms.katalon.core.main.TestSuiteExecutor.execute(TestSuiteExecutor.java:91)
	at com.kms.katalon.core.main.TestCaseMain.startTestSuite(TestCaseMain.java:157)
	at com.kms.katalon.core.main.TestCaseMain$startTestSuite$0.call(Unknown Source)
	at TempTestSuite1591373123859.run(TempTestSuite1591373123859.groovy:37)
)
[[ATTACHMENT|D:\\katalon\\hw2-katalon-testing\\Reports\\20200605_230523\\Run_All_Test_Cases\\20200605_230523\\1591374219870.png]]

2020-06-05 23:23:39 - [TEST_STEP][PASSED] - Start tear down : Teardown: Method 'Teardown' complete successfully

2020-06-05 23:23:39 - [TEST_STEP][PASSED] - closeBrowser(): Browser is closed

2020-06-05 23:23:40 - [MESSAGE][PASSED] - Browser is closed

2020-06-05 23:23:40 - [MESSAGE][PASSED] - Method 'Teardown' complete successfully]]></system-out>
         <system-err><![CDATA[]]></system-err>
      </testcase>
      <testcase name="Test Cases/Channel/View_Info_channel" time="14.949" classname="Test Cases/Channel/View_Info_channel" status="PASSED">
         <system-out><![CDATA[2020-06-05 23:23:40 - [TEST_CASE][PASSED] - Test Cases/Channel/View_Info_channel: Test Cases/Channel/View_Info_channel

2020-06-05 23:23:40 - [TEST_STEP][PASSED] - Start setup action : Setup: Method 'Setup' complete successfully

2020-06-05 23:23:40 - [TEST_STEP][PASSED] - openBrowser("http://192.168.1.10:8065/login"): Browser is opened with url: 'http://192.168.1.10:8065/login'

2020-06-05 23:23:40 - [MESSAGE][INFO] - Starting 'Firefox' driver

2020-06-05 23:23:40 - [MESSAGE][INFO] - Action delay is set to 0 milliseconds

2020-06-05 23:23:45 - [MESSAGE][PASSED] - Browser is opened with url: 'http://192.168.1.10:8065/login'

2020-06-05 23:23:45 - [MESSAGE][PASSED] - Method 'Setup' complete successfully

2020-06-05 23:23:45 - [TEST_STEP][PASSED] - callTestCase(findTestCase("Test Cases/Login/login_function"), ["var_user":"tlvietdanh@gmail.com", "var_password":"13101998"], STOP_ON_FAILURE): Call Test Case 'Test Cases/Login/login_function' successfully

2020-06-05 23:23:45 - [TEST_CASE][PASSED] - Test Cases/Login/login_function: Test Cases/Login/login_function

2020-06-05 23:23:45 - [TEST_STEP][PASSED] - setText(findTestObject("Object Repository/Page_Mattermost_login/input_loginId"), var_user): Text 'tlvietdanh@gmail.com' is set on object 'Object Repository/Page_Mattermost_login/input_loginId'

2020-06-05 23:23:47 - [MESSAGE][PASSED] - Text 'tlvietdanh@gmail.com' is set on object 'Object Repository/Page_Mattermost_login/input_loginId'

2020-06-05 23:23:47 - [TEST_STEP][PASSED] - setText(findTestObject("Object Repository/Page_Mattermost_login/input_password"), var_password): Text '13101998' is set on object 'Object Repository/Page_Mattermost_login/input_password'

2020-06-05 23:23:48 - [MESSAGE][PASSED] - Text '13101998' is set on object 'Object Repository/Page_Mattermost_login/input_password'

2020-06-05 23:23:48 - [TEST_STEP][PASSED] - click(findTestObject("Object Repository/Page_Mattermost_login/span_Sign in")): Object: 'Object Repository/Page_Mattermost_login/span_Sign in' is clicked on

2020-06-05 23:23:48 - [MESSAGE][PASSED] - Object: 'Object Repository/Page_Mattermost_login/span_Sign in' is clicked on

2020-06-05 23:23:48 - [MESSAGE][PASSED] - Call Test Case 'Test Cases/Login/login_function' successfully

2020-06-05 23:23:48 - [TEST_STEP][PASSED] - waitForElementVisible(findTestObject("Object Repository/Rename_channel/span_Town Square"), 2): Object 'Object Repository/Rename_channel/span_Town Square' is visible

2020-06-05 23:23:50 - [MESSAGE][PASSED] - Object 'Object Repository/Rename_channel/span_Town Square' is visible

2020-06-05 23:23:50 - [TEST_STEP][PASSED] - url = getUrl().substring(7): Current window's url is: 'http://192.168.1.10:8065/test4/channels/town-square'

2020-06-05 23:23:50 - [MESSAGE][PASSED] - Current window's url is: 'http://192.168.1.10:8065/test4/channels/town-square'

2020-06-05 23:23:50 - [TEST_STEP][PASSED] - arr = url.split("/"): null

2020-06-05 23:23:50 - [TEST_STEP][PASSED] - arr[length - 1] = channel_url: null

2020-06-05 23:23:50 - [TEST_STEP][PASSED] - newUrl = "": null

2020-06-05 23:23:50 - [TEST_STEP][PASSED] - for ([i = 0, i < length, (i++)]): null

2020-06-05 23:23:50 - [TEST_STEP][PASSED] - newUrl += arr[i] + "/": null

2020-06-05 23:23:50 - [TEST_STEP][PASSED] - newUrl += arr[i] + "/": null

2020-06-05 23:23:50 - [TEST_STEP][PASSED] - newUrl += arr[i] + "/": null

2020-06-05 23:23:50 - [TEST_STEP][PASSED] - newUrl += arr[i] + "/": null

2020-06-05 23:23:50 - [TEST_STEP][PASSED] - printf(newUrl): null

2020-06-05 23:23:50 - [TEST_STEP][PASSED] - navigateToUrl("http://" + newUrl): Navigate to 'http://192.168.1.10:8065/test4/channels/test_name_4/' successfully

2020-06-05 23:23:51 - [MESSAGE][PASSED] - Navigate to 'http://192.168.1.10:8065/test4/channels/test_name_4/' successfully

2020-06-05 23:23:51 - [TEST_STEP][PASSED] - if (verifyElementPresent(findTestObject("Object Repository/Rename_channel/span_Town Square"), 1, OPTIONAL)): com.kms.katalon.core.webui.exception.WebElementNotFoundException: Web element with id: 'Object Repository/Rename_channel/span_Town Square' located by 'By.xpath: //strong[@id='channelHeaderTitle']/span' not found (Root cause: com.kms.katalon.core.exception.StepFailedException: com.kms.katalon.core.webui.exception.WebElementNotFoundException: Web element with id: 'Object Repository/Rename_channel/span_Town Square' located by 'By.xpath: //strong[@id='channelHeaderTitle']/span' not found
	at com.kms.katalon.core.webui.keyword.internal.WebUIKeywordMain.stepFailed(WebUIKeywordMain.groovy:64)
	at com.kms.katalon.core.webui.keyword.builtin.VerifyElementPresentKeyword$_verifyElementPresent_closure1.doCall(VerifyElementPresentKeyword.groovy:85)
	at com.kms.katalon.core.webui.keyword.builtin.VerifyElementPresentKeyword$_verifyElementPresent_closure1.call(VerifyElementPresentKeyword.groovy)
	at com.kms.katalon.core.webui.keyword.internal.WebUIKeywordMain.runKeyword(WebUIKeywordMain.groovy:20)
	at com.kms.katalon.core.webui.keyword.builtin.VerifyElementPresentKeyword.verifyElementPresent(VerifyElementPresentKeyword.groovy:92)
	at com.kms.katalon.core.webui.keyword.builtin.VerifyElementPresentKeyword.execute(VerifyElementPresentKeyword.groovy:68)
	at com.kms.katalon.core.keyword.internal.KeywordExecutor.executeKeywordForPlatform(KeywordExecutor.groovy:72)
	at com.kms.katalon.core.webui.keyword.WebUiBuiltInKeywords.verifyElementPresent(WebUiBuiltInKeywords.groovy:1444)
	at com.kms.katalon.core.webui.keyword.WebUiBuiltInKeywords$verifyElementPresent$6.call(Unknown Source)
	at View_Info_channel.run(View_Info_channel:65)
	at com.kms.katalon.core.main.ScriptEngine.run(ScriptEngine.java:194)
	at com.kms.katalon.core.main.ScriptEngine.runScriptAsRawText(ScriptEngine.java:119)
	at com.kms.katalon.core.main.TestCaseExecutor.runScript(TestCaseExecutor.java:337)
	at com.kms.katalon.core.main.TestCaseExecutor.doExecute(TestCaseExecutor.java:328)
	at com.kms.katalon.core.main.TestCaseExecutor.processExecutionPhase(TestCaseExecutor.java:307)
	at com.kms.katalon.core.main.TestCaseExecutor.accessMainPhase(TestCaseExecutor.java:299)
	at com.kms.katalon.core.main.TestCaseExecutor.execute(TestCaseExecutor.java:233)
	at com.kms.katalon.core.main.TestSuiteExecutor.accessTestCaseMainPhase(TestSuiteExecutor.java:169)
	at com.kms.katalon.core.main.TestSuiteExecutor.accessTestSuiteMainPhase(TestSuiteExecutor.java:142)
	at com.kms.katalon.core.main.TestSuiteExecutor.execute(TestSuiteExecutor.java:91)
	at com.kms.katalon.core.main.TestCaseMain.startTestSuite(TestCaseMain.java:157)
	at com.kms.katalon.core.main.TestCaseMain$startTestSuite$0.call(Unknown Source)
	at TempTestSuite1591373123859.run(TempTestSuite1591373123859.groovy:37)
)

2020-06-05 23:23:54 - [MESSAGE][INFO] - Unable to find the element located by 'By.xpath: //strong[@id='channelHeaderTitle']/span'. Please recheck the objects properties to make sure the desired element is located. 

2020-06-05 23:23:54 - [MESSAGE][WARNING] - com.kms.katalon.core.webui.exception.WebElementNotFoundException: Web element with id: 'Object Repository/Rename_channel/span_Town Square' located by 'By.xpath: //strong[@id='channelHeaderTitle']/span' not found (Root cause: com.kms.katalon.core.exception.StepFailedException: com.kms.katalon.core.webui.exception.WebElementNotFoundException: Web element with id: 'Object Repository/Rename_channel/span_Town Square' located by 'By.xpath: //strong[@id='channelHeaderTitle']/span' not found
	at com.kms.katalon.core.webui.keyword.internal.WebUIKeywordMain.stepFailed(WebUIKeywordMain.groovy:64)
	at com.kms.katalon.core.webui.keyword.builtin.VerifyElementPresentKeyword$_verifyElementPresent_closure1.doCall(VerifyElementPresentKeyword.groovy:85)
	at com.kms.katalon.core.webui.keyword.builtin.VerifyElementPresentKeyword$_verifyElementPresent_closure1.call(VerifyElementPresentKeyword.groovy)
	at com.kms.katalon.core.webui.keyword.internal.WebUIKeywordMain.runKeyword(WebUIKeywordMain.groovy:20)
	at com.kms.katalon.core.webui.keyword.builtin.VerifyElementPresentKeyword.verifyElementPresent(VerifyElementPresentKeyword.groovy:92)
	at com.kms.katalon.core.webui.keyword.builtin.VerifyElementPresentKeyword.execute(VerifyElementPresentKeyword.groovy:68)
	at com.kms.katalon.core.keyword.internal.KeywordExecutor.executeKeywordForPlatform(KeywordExecutor.groovy:72)
	at com.kms.katalon.core.webui.keyword.WebUiBuiltInKeywords.verifyElementPresent(WebUiBuiltInKeywords.groovy:1444)
	at com.kms.katalon.core.webui.keyword.WebUiBuiltInKeywords$verifyElementPresent$6.call(Unknown Source)
	at View_Info_channel.run(View_Info_channel:65)
	at com.kms.katalon.core.main.ScriptEngine.run(ScriptEngine.java:194)
	at com.kms.katalon.core.main.ScriptEngine.runScriptAsRawText(ScriptEngine.java:119)
	at com.kms.katalon.core.main.TestCaseExecutor.runScript(TestCaseExecutor.java:337)
	at com.kms.katalon.core.main.TestCaseExecutor.doExecute(TestCaseExecutor.java:328)
	at com.kms.katalon.core.main.TestCaseExecutor.processExecutionPhase(TestCaseExecutor.java:307)
	at com.kms.katalon.core.main.TestCaseExecutor.accessMainPhase(TestCaseExecutor.java:299)
	at com.kms.katalon.core.main.TestCaseExecutor.execute(TestCaseExecutor.java:233)
	at com.kms.katalon.core.main.TestSuiteExecutor.accessTestCaseMainPhase(TestSuiteExecutor.java:169)
	at com.kms.katalon.core.main.TestSuiteExecutor.accessTestSuiteMainPhase(TestSuiteExecutor.java:142)
	at com.kms.katalon.core.main.TestSuiteExecutor.execute(TestSuiteExecutor.java:91)
	at com.kms.katalon.core.main.TestCaseMain.startTestSuite(TestCaseMain.java:157)
	at com.kms.katalon.core.main.TestCaseMain$startTestSuite$0.call(Unknown Source)
	at TempTestSuite1591373123859.run(TempTestSuite1591373123859.groovy:37)
)
[[ATTACHMENT|D:\\katalon\\hw2-katalon-testing\\Reports\\20200605_230523\\Run_All_Test_Cases\\20200605_230523\\1591374234658.png]]

2020-06-05 23:23:54 - [TEST_STEP][PASSED] - Start tear down : Teardown: Method 'Teardown' complete successfully

2020-06-05 23:23:54 - [TEST_STEP][PASSED] - closeBrowser(): Browser is closed

2020-06-05 23:23:55 - [MESSAGE][PASSED] - Browser is closed

2020-06-05 23:23:55 - [MESSAGE][PASSED] - Method 'Teardown' complete successfully]]></system-out>
         <system-err><![CDATA[]]></system-err>
      </testcase>
      <testcase name="Test Cases/Channel/View_Info_channel" time="14.634" classname="Test Cases/Channel/View_Info_channel" status="PASSED">
         <system-out><![CDATA[2020-06-05 23:23:55 - [TEST_CASE][PASSED] - Test Cases/Channel/View_Info_channel: Test Cases/Channel/View_Info_channel

2020-06-05 23:23:55 - [TEST_STEP][PASSED] - Start setup action : Setup: Method 'Setup' complete successfully

2020-06-05 23:23:55 - [TEST_STEP][PASSED] - openBrowser("http://192.168.1.10:8065/login"): Browser is opened with url: 'http://192.168.1.10:8065/login'

2020-06-05 23:23:55 - [MESSAGE][INFO] - Starting 'Firefox' driver

2020-06-05 23:23:55 - [MESSAGE][INFO] - Action delay is set to 0 milliseconds

2020-06-05 23:24:01 - [MESSAGE][PASSED] - Browser is opened with url: 'http://192.168.1.10:8065/login'

2020-06-05 23:24:01 - [MESSAGE][PASSED] - Method 'Setup' complete successfully

2020-06-05 23:24:01 - [TEST_STEP][PASSED] - callTestCase(findTestCase("Test Cases/Login/login_function"), ["var_user":"tlvietdanh@gmail.com", "var_password":"13101998"], STOP_ON_FAILURE): Call Test Case 'Test Cases/Login/login_function' successfully

2020-06-05 23:24:01 - [TEST_CASE][PASSED] - Test Cases/Login/login_function: Test Cases/Login/login_function

2020-06-05 23:24:01 - [TEST_STEP][PASSED] - setText(findTestObject("Object Repository/Page_Mattermost_login/input_loginId"), var_user): Text 'tlvietdanh@gmail.com' is set on object 'Object Repository/Page_Mattermost_login/input_loginId'

2020-06-05 23:24:02 - [MESSAGE][PASSED] - Text 'tlvietdanh@gmail.com' is set on object 'Object Repository/Page_Mattermost_login/input_loginId'

2020-06-05 23:24:02 - [TEST_STEP][PASSED] - setText(findTestObject("Object Repository/Page_Mattermost_login/input_password"), var_password): Text '13101998' is set on object 'Object Repository/Page_Mattermost_login/input_password'

2020-06-05 23:24:03 - [MESSAGE][PASSED] - Text '13101998' is set on object 'Object Repository/Page_Mattermost_login/input_password'

2020-06-05 23:24:03 - [TEST_STEP][PASSED] - click(findTestObject("Object Repository/Page_Mattermost_login/span_Sign in")): Object: 'Object Repository/Page_Mattermost_login/span_Sign in' is clicked on

2020-06-05 23:24:04 - [MESSAGE][PASSED] - Object: 'Object Repository/Page_Mattermost_login/span_Sign in' is clicked on

2020-06-05 23:24:04 - [MESSAGE][PASSED] - Call Test Case 'Test Cases/Login/login_function' successfully

2020-06-05 23:24:04 - [TEST_STEP][PASSED] - waitForElementVisible(findTestObject("Object Repository/Rename_channel/span_Town Square"), 2): Object 'Object Repository/Rename_channel/span_Town Square' is visible

2020-06-05 23:24:06 - [MESSAGE][PASSED] - Object 'Object Repository/Rename_channel/span_Town Square' is visible

2020-06-05 23:24:06 - [TEST_STEP][PASSED] - url = getUrl().substring(7): Current window's url is: 'http://192.168.1.10:8065/test4/channels/town-square'

2020-06-05 23:24:06 - [MESSAGE][PASSED] - Current window's url is: 'http://192.168.1.10:8065/test4/channels/town-square'

2020-06-05 23:24:06 - [TEST_STEP][PASSED] - arr = url.split("/"): null

2020-06-05 23:24:06 - [TEST_STEP][PASSED] - arr[length - 1] = channel_url: null

2020-06-05 23:24:06 - [TEST_STEP][PASSED] - newUrl = "": null

2020-06-05 23:24:06 - [TEST_STEP][PASSED] - for ([i = 0, i < length, (i++)]): null

2020-06-05 23:24:06 - [TEST_STEP][PASSED] - newUrl += arr[i] + "/": null

2020-06-05 23:24:06 - [TEST_STEP][PASSED] - newUrl += arr[i] + "/": null

2020-06-05 23:24:06 - [TEST_STEP][PASSED] - newUrl += arr[i] + "/": null

2020-06-05 23:24:06 - [TEST_STEP][PASSED] - newUrl += arr[i] + "/": null

2020-06-05 23:24:06 - [TEST_STEP][PASSED] - printf(newUrl): null

2020-06-05 23:24:06 - [TEST_STEP][PASSED] - navigateToUrl("http://" + newUrl): Navigate to 'http://192.168.1.10:8065/test4/channels/test_name_5/' successfully

2020-06-05 23:24:06 - [MESSAGE][PASSED] - Navigate to 'http://192.168.1.10:8065/test4/channels/test_name_5/' successfully

2020-06-05 23:24:06 - [TEST_STEP][PASSED] - if (verifyElementPresent(findTestObject("Object Repository/Rename_channel/span_Town Square"), 1, OPTIONAL)): com.kms.katalon.core.webui.exception.WebElementNotFoundException: Web element with id: 'Object Repository/Rename_channel/span_Town Square' located by 'By.xpath: //strong[@id='channelHeaderTitle']/span' not found (Root cause: com.kms.katalon.core.exception.StepFailedException: com.kms.katalon.core.webui.exception.WebElementNotFoundException: Web element with id: 'Object Repository/Rename_channel/span_Town Square' located by 'By.xpath: //strong[@id='channelHeaderTitle']/span' not found
	at com.kms.katalon.core.webui.keyword.internal.WebUIKeywordMain.stepFailed(WebUIKeywordMain.groovy:64)
	at com.kms.katalon.core.webui.keyword.builtin.VerifyElementPresentKeyword$_verifyElementPresent_closure1.doCall(VerifyElementPresentKeyword.groovy:85)
	at com.kms.katalon.core.webui.keyword.builtin.VerifyElementPresentKeyword$_verifyElementPresent_closure1.call(VerifyElementPresentKeyword.groovy)
	at com.kms.katalon.core.webui.keyword.internal.WebUIKeywordMain.runKeyword(WebUIKeywordMain.groovy:20)
	at com.kms.katalon.core.webui.keyword.builtin.VerifyElementPresentKeyword.verifyElementPresent(VerifyElementPresentKeyword.groovy:92)
	at com.kms.katalon.core.webui.keyword.builtin.VerifyElementPresentKeyword.execute(VerifyElementPresentKeyword.groovy:68)
	at com.kms.katalon.core.keyword.internal.KeywordExecutor.executeKeywordForPlatform(KeywordExecutor.groovy:72)
	at com.kms.katalon.core.webui.keyword.WebUiBuiltInKeywords.verifyElementPresent(WebUiBuiltInKeywords.groovy:1444)
	at com.kms.katalon.core.webui.keyword.WebUiBuiltInKeywords$verifyElementPresent$6.call(Unknown Source)
	at View_Info_channel.run(View_Info_channel:65)
	at com.kms.katalon.core.main.ScriptEngine.run(ScriptEngine.java:194)
	at com.kms.katalon.core.main.ScriptEngine.runScriptAsRawText(ScriptEngine.java:119)
	at com.kms.katalon.core.main.TestCaseExecutor.runScript(TestCaseExecutor.java:337)
	at com.kms.katalon.core.main.TestCaseExecutor.doExecute(TestCaseExecutor.java:328)
	at com.kms.katalon.core.main.TestCaseExecutor.processExecutionPhase(TestCaseExecutor.java:307)
	at com.kms.katalon.core.main.TestCaseExecutor.accessMainPhase(TestCaseExecutor.java:299)
	at com.kms.katalon.core.main.TestCaseExecutor.execute(TestCaseExecutor.java:233)
	at com.kms.katalon.core.main.TestSuiteExecutor.accessTestCaseMainPhase(TestSuiteExecutor.java:169)
	at com.kms.katalon.core.main.TestSuiteExecutor.accessTestSuiteMainPhase(TestSuiteExecutor.java:142)
	at com.kms.katalon.core.main.TestSuiteExecutor.execute(TestSuiteExecutor.java:91)
	at com.kms.katalon.core.main.TestCaseMain.startTestSuite(TestCaseMain.java:157)
	at com.kms.katalon.core.main.TestCaseMain$startTestSuite$0.call(Unknown Source)
	at TempTestSuite1591373123859.run(TempTestSuite1591373123859.groovy:37)
)

2020-06-05 23:24:09 - [MESSAGE][INFO] - Unable to find the element located by 'By.xpath: //strong[@id='channelHeaderTitle']/span'. Please recheck the objects properties to make sure the desired element is located. 

2020-06-05 23:24:09 - [MESSAGE][WARNING] - com.kms.katalon.core.webui.exception.WebElementNotFoundException: Web element with id: 'Object Repository/Rename_channel/span_Town Square' located by 'By.xpath: //strong[@id='channelHeaderTitle']/span' not found (Root cause: com.kms.katalon.core.exception.StepFailedException: com.kms.katalon.core.webui.exception.WebElementNotFoundException: Web element with id: 'Object Repository/Rename_channel/span_Town Square' located by 'By.xpath: //strong[@id='channelHeaderTitle']/span' not found
	at com.kms.katalon.core.webui.keyword.internal.WebUIKeywordMain.stepFailed(WebUIKeywordMain.groovy:64)
	at com.kms.katalon.core.webui.keyword.builtin.VerifyElementPresentKeyword$_verifyElementPresent_closure1.doCall(VerifyElementPresentKeyword.groovy:85)
	at com.kms.katalon.core.webui.keyword.builtin.VerifyElementPresentKeyword$_verifyElementPresent_closure1.call(VerifyElementPresentKeyword.groovy)
	at com.kms.katalon.core.webui.keyword.internal.WebUIKeywordMain.runKeyword(WebUIKeywordMain.groovy:20)
	at com.kms.katalon.core.webui.keyword.builtin.VerifyElementPresentKeyword.verifyElementPresent(VerifyElementPresentKeyword.groovy:92)
	at com.kms.katalon.core.webui.keyword.builtin.VerifyElementPresentKeyword.execute(VerifyElementPresentKeyword.groovy:68)
	at com.kms.katalon.core.keyword.internal.KeywordExecutor.executeKeywordForPlatform(KeywordExecutor.groovy:72)
	at com.kms.katalon.core.webui.keyword.WebUiBuiltInKeywords.verifyElementPresent(WebUiBuiltInKeywords.groovy:1444)
	at com.kms.katalon.core.webui.keyword.WebUiBuiltInKeywords$verifyElementPresent$6.call(Unknown Source)
	at View_Info_channel.run(View_Info_channel:65)
	at com.kms.katalon.core.main.ScriptEngine.run(ScriptEngine.java:194)
	at com.kms.katalon.core.main.ScriptEngine.runScriptAsRawText(ScriptEngine.java:119)
	at com.kms.katalon.core.main.TestCaseExecutor.runScript(TestCaseExecutor.java:337)
	at com.kms.katalon.core.main.TestCaseExecutor.doExecute(TestCaseExecutor.java:328)
	at com.kms.katalon.core.main.TestCaseExecutor.processExecutionPhase(TestCaseExecutor.java:307)
	at com.kms.katalon.core.main.TestCaseExecutor.accessMainPhase(TestCaseExecutor.java:299)
	at com.kms.katalon.core.main.TestCaseExecutor.execute(TestCaseExecutor.java:233)
	at com.kms.katalon.core.main.TestSuiteExecutor.accessTestCaseMainPhase(TestSuiteExecutor.java:169)
	at com.kms.katalon.core.main.TestSuiteExecutor.accessTestSuiteMainPhase(TestSuiteExecutor.java:142)
	at com.kms.katalon.core.main.TestSuiteExecutor.execute(TestSuiteExecutor.java:91)
	at com.kms.katalon.core.main.TestCaseMain.startTestSuite(TestCaseMain.java:157)
	at com.kms.katalon.core.main.TestCaseMain$startTestSuite$0.call(Unknown Source)
	at TempTestSuite1591373123859.run(TempTestSuite1591373123859.groovy:37)
)
[[ATTACHMENT|D:\\katalon\\hw2-katalon-testing\\Reports\\20200605_230523\\Run_All_Test_Cases\\20200605_230523\\1591374249325.png]]

2020-06-05 23:24:09 - [TEST_STEP][PASSED] - Start tear down : Teardown: Method 'Teardown' complete successfully

2020-06-05 23:24:09 - [TEST_STEP][PASSED] - closeBrowser(): Browser is closed

2020-06-05 23:24:10 - [MESSAGE][PASSED] - Browser is closed

2020-06-05 23:24:10 - [MESSAGE][PASSED] - Method 'Teardown' complete successfully]]></system-out>
         <system-err><![CDATA[]]></system-err>
      </testcase>
      <testcase name="Test Cases/Edit General Settings/TC_Edit_Email" time="20.174" classname="Test Cases/Edit General Settings/TC_Edit_Email" status="PASSED">
         <system-out><![CDATA[2020-06-05 23:24:10 - [TEST_CASE][PASSED] - Test Cases/Edit General Settings/TC_Edit_Email: Test Cases/Edit General Settings/TC_Edit_Email

2020-06-05 23:24:10 - [TEST_STEP][PASSED] - Start setup action : Setup: Method 'Setup' complete successfully

2020-06-05 23:24:10 - [TEST_STEP][PASSED] - openBrowser("http://192.168.1.10:8065/login"): Browser is opened with url: 'http://192.168.1.10:8065/login'

2020-06-05 23:24:10 - [MESSAGE][INFO] - Starting 'Firefox' driver

2020-06-05 23:24:10 - [MESSAGE][INFO] - Action delay is set to 0 milliseconds

2020-06-05 23:24:15 - [MESSAGE][PASSED] - Browser is opened with url: 'http://192.168.1.10:8065/login'

2020-06-05 23:24:15 - [MESSAGE][PASSED] - Method 'Setup' complete successfully

2020-06-05 23:24:15 - [TEST_STEP][PASSED] - callTestCase(findTestCase("Test Cases/Login/login_function"), ["var_user":"tlvietdanh@gmail.com", "var_password":"13101998"], STOP_ON_FAILURE): Call Test Case 'Test Cases/Login/login_function' successfully

2020-06-05 23:24:15 - [TEST_CASE][PASSED] - Test Cases/Login/login_function: Test Cases/Login/login_function

2020-06-05 23:24:15 - [TEST_STEP][PASSED] - setText(findTestObject("Object Repository/Page_Mattermost_login/input_loginId"), var_user): Text 'tlvietdanh@gmail.com' is set on object 'Object Repository/Page_Mattermost_login/input_loginId'

2020-06-05 23:24:17 - [MESSAGE][PASSED] - Text 'tlvietdanh@gmail.com' is set on object 'Object Repository/Page_Mattermost_login/input_loginId'

2020-06-05 23:24:17 - [TEST_STEP][PASSED] - setText(findTestObject("Object Repository/Page_Mattermost_login/input_password"), var_password): Text '13101998' is set on object 'Object Repository/Page_Mattermost_login/input_password'

2020-06-05 23:24:17 - [MESSAGE][PASSED] - Text '13101998' is set on object 'Object Repository/Page_Mattermost_login/input_password'

2020-06-05 23:24:17 - [TEST_STEP][PASSED] - click(findTestObject("Object Repository/Page_Mattermost_login/span_Sign in")): Object: 'Object Repository/Page_Mattermost_login/span_Sign in' is clicked on

2020-06-05 23:24:18 - [MESSAGE][PASSED] - Object: 'Object Repository/Page_Mattermost_login/span_Sign in' is clicked on

2020-06-05 23:24:18 - [MESSAGE][PASSED] - Call Test Case 'Test Cases/Login/login_function' successfully

2020-06-05 23:24:18 - [TEST_STEP][PASSED] - click(findTestObject("Object Repository/Page_Town Square-Mattermost_Homepage/span-mainmenu")): Object: 'Object Repository/Page_Town Square-Mattermost_Homepage/span-mainmenu' is clicked on

2020-06-05 23:24:20 - [MESSAGE][PASSED] - Object: 'Object Repository/Page_Town Square-Mattermost_Homepage/span-mainmenu' is clicked on

2020-06-05 23:24:20 - [TEST_STEP][PASSED] - click(findTestObject("Object Repository/Page_Town Square-Mattermost_Homepage/span_Account Settings")): Object: 'Object Repository/Page_Town Square-Mattermost_Homepage/span_Account Settings' is clicked on

2020-06-05 23:24:21 - [MESSAGE][PASSED] - Object: 'Object Repository/Page_Town Square-Mattermost_Homepage/span_Account Settings' is clicked on

2020-06-05 23:24:21 - [TEST_STEP][PASSED] - click(findTestObject("Object Repository/Page_Town Square-Mattermost_Homepage/button_General")): Object: 'Object Repository/Page_Town Square-Mattermost_Homepage/button_General' is clicked on

2020-06-05 23:24:22 - [MESSAGE][PASSED] - Object: 'Object Repository/Page_Town Square-Mattermost_Homepage/button_General' is clicked on

2020-06-05 23:24:22 - [TEST_STEP][PASSED] - click(findTestObject("Object Repository/Page_Town Square-Mattermost_Homepage/span_Edit_Email")): Object: 'Object Repository/Page_Town Square-Mattermost_Homepage/span_Edit_Email' is clicked on

2020-06-05 23:24:22 - [MESSAGE][PASSED] - Object: 'Object Repository/Page_Town Square-Mattermost_Homepage/span_Edit_Email' is clicked on

2020-06-05 23:24:22 - [TEST_STEP][PASSED] - setText(findTestObject("Object Repository/Page_Town Square-Mattermost_Homepage/input_New Email_primaryEmail"), var_newemail): Text '' is set on object 'Object Repository/Page_Town Square-Mattermost_Homepage/input_New Email_primaryEmail'

2020-06-05 23:24:23 - [MESSAGE][PASSED] - Text '' is set on object 'Object Repository/Page_Town Square-Mattermost_Homepage/input_New Email_primaryEmail'

2020-06-05 23:24:23 - [TEST_STEP][PASSED] - setText(findTestObject("Object Repository/Page_Town Square-Mattermost_Homepage/input_Confirm Email_confirmEmail"), var_confirmemail): Text 'cuong@gmail.com' is set on object 'Object Repository/Page_Town Square-Mattermost_Homepage/input_Confirm Email_confirmEmail'

2020-06-05 23:24:23 - [MESSAGE][PASSED] - Text 'cuong@gmail.com' is set on object 'Object Repository/Page_Town Square-Mattermost_Homepage/input_Confirm Email_confirmEmail'

2020-06-05 23:24:23 - [TEST_STEP][PASSED] - setText(findTestObject("Object Repository/Page_Town Square-Mattermost_Homepage/input_Current Password_currentPassword"), var_currentpassword): Text '123' is set on object 'Object Repository/Page_Town Square-Mattermost_Homepage/input_Current Password_currentPassword'

2020-06-05 23:24:24 - [MESSAGE][PASSED] - Text '123' is set on object 'Object Repository/Page_Town Square-Mattermost_Homepage/input_Current Password_currentPassword'

2020-06-05 23:24:24 - [TEST_STEP][PASSED] - click(findTestObject("Object Repository/Page_Town Square-Mattermost_Homepage/span_Save_Email")): Object: 'Object Repository/Page_Town Square-Mattermost_Homepage/span_Save_Email' is clicked on

2020-06-05 23:24:25 - [MESSAGE][PASSED] - Object: 'Object Repository/Page_Town Square-Mattermost_Homepage/span_Save_Email' is clicked on

2020-06-05 23:24:25 - [TEST_STEP][PASSED] - Thread.sleep(4000): null

2020-06-05 23:24:29 - [TEST_STEP][PASSED] - switch (var_statusExpectedResult.toString()): null

2020-06-05 23:24:29 - [TEST_STEP][PASSED] - case "new email is empty":: null

2020-06-05 23:24:29 - [TEST_STEP][PASSED] - errorMess = getText(findTestObject("Object Repository/Page_Town Square-Mattermost_Homepage/label_edit_email_status")): Text of object 'Object Repository/Page_Town Square-Mattermost_Homepage/label_edit_email_status' is: 'Please enter a valid email address'

2020-06-05 23:24:29 - [MESSAGE][PASSED] - Text of object 'Object Repository/Page_Town Square-Mattermost_Homepage/label_edit_email_status' is: 'Please enter a valid email address'

2020-06-05 23:24:29 - [TEST_STEP][PASSED] - verifyEqual(errorMess.contains("Please enter a valid email address"), true): Actual object 'true' and expected object 'true' are equal

2020-06-05 23:24:29 - [MESSAGE][PASSED] - Actual object 'true' and expected object 'true' are equal

2020-06-05 23:24:29 - [TEST_STEP][PASSED] - break: null

2020-06-05 23:24:29 - [TEST_STEP][PASSED] - Start tear down : Teardown: Method 'Teardown' complete successfully

2020-06-05 23:24:29 - [TEST_STEP][PASSED] - closeBrowser(): Browser is closed

2020-06-05 23:24:30 - [MESSAGE][PASSED] - Browser is closed

2020-06-05 23:24:30 - [MESSAGE][PASSED] - Method 'Teardown' complete successfully]]></system-out>
         <system-err><![CDATA[]]></system-err>
      </testcase>
      <testcase name="Test Cases/Edit General Settings/TC_Edit_Email" time="20.311" classname="Test Cases/Edit General Settings/TC_Edit_Email" status="PASSED">
         <system-out><![CDATA[2020-06-05 23:24:30 - [TEST_CASE][PASSED] - Test Cases/Edit General Settings/TC_Edit_Email: Test Cases/Edit General Settings/TC_Edit_Email

2020-06-05 23:24:30 - [TEST_STEP][PASSED] - Start setup action : Setup: Method 'Setup' complete successfully

2020-06-05 23:24:30 - [TEST_STEP][PASSED] - openBrowser("http://192.168.1.10:8065/login"): Browser is opened with url: 'http://192.168.1.10:8065/login'

2020-06-05 23:24:30 - [MESSAGE][INFO] - Starting 'Firefox' driver

2020-06-05 23:24:30 - [MESSAGE][INFO] - Action delay is set to 0 milliseconds

2020-06-05 23:24:35 - [MESSAGE][PASSED] - Browser is opened with url: 'http://192.168.1.10:8065/login'

2020-06-05 23:24:35 - [MESSAGE][PASSED] - Method 'Setup' complete successfully

2020-06-05 23:24:35 - [TEST_STEP][PASSED] - callTestCase(findTestCase("Test Cases/Login/login_function"), ["var_user":"tlvietdanh@gmail.com", "var_password":"13101998"], STOP_ON_FAILURE): Call Test Case 'Test Cases/Login/login_function' successfully

2020-06-05 23:24:35 - [TEST_CASE][PASSED] - Test Cases/Login/login_function: Test Cases/Login/login_function

2020-06-05 23:24:35 - [TEST_STEP][PASSED] - setText(findTestObject("Object Repository/Page_Mattermost_login/input_loginId"), var_user): Text 'tlvietdanh@gmail.com' is set on object 'Object Repository/Page_Mattermost_login/input_loginId'

2020-06-05 23:24:37 - [MESSAGE][PASSED] - Text 'tlvietdanh@gmail.com' is set on object 'Object Repository/Page_Mattermost_login/input_loginId'

2020-06-05 23:24:37 - [TEST_STEP][PASSED] - setText(findTestObject("Object Repository/Page_Mattermost_login/input_password"), var_password): Text '13101998' is set on object 'Object Repository/Page_Mattermost_login/input_password'

2020-06-05 23:24:38 - [MESSAGE][PASSED] - Text '13101998' is set on object 'Object Repository/Page_Mattermost_login/input_password'

2020-06-05 23:24:38 - [TEST_STEP][PASSED] - click(findTestObject("Object Repository/Page_Mattermost_login/span_Sign in")): Object: 'Object Repository/Page_Mattermost_login/span_Sign in' is clicked on

2020-06-05 23:24:38 - [MESSAGE][PASSED] - Object: 'Object Repository/Page_Mattermost_login/span_Sign in' is clicked on

2020-06-05 23:24:38 - [MESSAGE][PASSED] - Call Test Case 'Test Cases/Login/login_function' successfully

2020-06-05 23:24:38 - [TEST_STEP][PASSED] - click(findTestObject("Object Repository/Page_Town Square-Mattermost_Homepage/span-mainmenu")): Object: 'Object Repository/Page_Town Square-Mattermost_Homepage/span-mainmenu' is clicked on

2020-06-05 23:24:40 - [MESSAGE][PASSED] - Object: 'Object Repository/Page_Town Square-Mattermost_Homepage/span-mainmenu' is clicked on

2020-06-05 23:24:40 - [TEST_STEP][PASSED] - click(findTestObject("Object Repository/Page_Town Square-Mattermost_Homepage/span_Account Settings")): Object: 'Object Repository/Page_Town Square-Mattermost_Homepage/span_Account Settings' is clicked on

2020-06-05 23:24:41 - [MESSAGE][PASSED] - Object: 'Object Repository/Page_Town Square-Mattermost_Homepage/span_Account Settings' is clicked on

2020-06-05 23:24:41 - [TEST_STEP][PASSED] - click(findTestObject("Object Repository/Page_Town Square-Mattermost_Homepage/button_General")): Object: 'Object Repository/Page_Town Square-Mattermost_Homepage/button_General' is clicked on

2020-06-05 23:24:42 - [MESSAGE][PASSED] - Object: 'Object Repository/Page_Town Square-Mattermost_Homepage/button_General' is clicked on

2020-06-05 23:24:42 - [TEST_STEP][PASSED] - click(findTestObject("Object Repository/Page_Town Square-Mattermost_Homepage/span_Edit_Email")): Object: 'Object Repository/Page_Town Square-Mattermost_Homepage/span_Edit_Email' is clicked on

2020-06-05 23:24:43 - [MESSAGE][PASSED] - Object: 'Object Repository/Page_Town Square-Mattermost_Homepage/span_Edit_Email' is clicked on

2020-06-05 23:24:43 - [TEST_STEP][PASSED] - setText(findTestObject("Object Repository/Page_Town Square-Mattermost_Homepage/input_New Email_primaryEmail"), var_newemail): Text 'cuong@gmail.com' is set on object 'Object Repository/Page_Town Square-Mattermost_Homepage/input_New Email_primaryEmail'

2020-06-05 23:24:43 - [MESSAGE][PASSED] - Text 'cuong@gmail.com' is set on object 'Object Repository/Page_Town Square-Mattermost_Homepage/input_New Email_primaryEmail'

2020-06-05 23:24:43 - [TEST_STEP][PASSED] - setText(findTestObject("Object Repository/Page_Town Square-Mattermost_Homepage/input_Confirm Email_confirmEmail"), var_confirmemail): Text '' is set on object 'Object Repository/Page_Town Square-Mattermost_Homepage/input_Confirm Email_confirmEmail'

2020-06-05 23:24:44 - [MESSAGE][PASSED] - Text '' is set on object 'Object Repository/Page_Town Square-Mattermost_Homepage/input_Confirm Email_confirmEmail'

2020-06-05 23:24:44 - [TEST_STEP][PASSED] - setText(findTestObject("Object Repository/Page_Town Square-Mattermost_Homepage/input_Current Password_currentPassword"), var_currentpassword): Text '123' is set on object 'Object Repository/Page_Town Square-Mattermost_Homepage/input_Current Password_currentPassword'

2020-06-05 23:24:45 - [MESSAGE][PASSED] - Text '123' is set on object 'Object Repository/Page_Town Square-Mattermost_Homepage/input_Current Password_currentPassword'

2020-06-05 23:24:45 - [TEST_STEP][PASSED] - click(findTestObject("Object Repository/Page_Town Square-Mattermost_Homepage/span_Save_Email")): Object: 'Object Repository/Page_Town Square-Mattermost_Homepage/span_Save_Email' is clicked on

2020-06-05 23:24:45 - [MESSAGE][PASSED] - Object: 'Object Repository/Page_Town Square-Mattermost_Homepage/span_Save_Email' is clicked on

2020-06-05 23:24:45 - [TEST_STEP][PASSED] - Thread.sleep(4000): null

2020-06-05 23:24:49 - [TEST_STEP][PASSED] - switch (var_statusExpectedResult.toString()): null

2020-06-05 23:24:49 - [TEST_STEP][PASSED] - case "confirm email is not correct":: null

2020-06-05 23:24:49 - [TEST_STEP][PASSED] - errorMess = getText(findTestObject("Object Repository/Page_Town Square-Mattermost_Homepage/label_edit_email_status")): Text of object 'Object Repository/Page_Town Square-Mattermost_Homepage/label_edit_email_status' is: 'The new emails you entered do not match.'

2020-06-05 23:24:50 - [MESSAGE][PASSED] - Text of object 'Object Repository/Page_Town Square-Mattermost_Homepage/label_edit_email_status' is: 'The new emails you entered do not match.'

2020-06-05 23:24:50 - [TEST_STEP][PASSED] - verifyEqual(errorMess.contains("The new emails you entered do not match."), true): Actual object 'true' and expected object 'true' are equal

2020-06-05 23:24:50 - [MESSAGE][PASSED] - Actual object 'true' and expected object 'true' are equal

2020-06-05 23:24:50 - [TEST_STEP][PASSED] - break: null

2020-06-05 23:24:50 - [TEST_STEP][PASSED] - Start tear down : Teardown: Method 'Teardown' complete successfully

2020-06-05 23:24:50 - [TEST_STEP][PASSED] - closeBrowser(): Browser is closed

2020-06-05 23:24:51 - [MESSAGE][PASSED] - Browser is closed

2020-06-05 23:24:51 - [MESSAGE][PASSED] - Method 'Teardown' complete successfully]]></system-out>
         <system-err><![CDATA[]]></system-err>
      </testcase>
      <testcase name="Test Cases/Edit General Settings/TC_Edit_Email" time="20.413" classname="Test Cases/Edit General Settings/TC_Edit_Email" status="PASSED">
         <system-out><![CDATA[2020-06-05 23:24:51 - [TEST_CASE][PASSED] - Test Cases/Edit General Settings/TC_Edit_Email: Test Cases/Edit General Settings/TC_Edit_Email

2020-06-05 23:24:51 - [TEST_STEP][PASSED] - Start setup action : Setup: Method 'Setup' complete successfully

2020-06-05 23:24:51 - [TEST_STEP][PASSED] - openBrowser("http://192.168.1.10:8065/login"): Browser is opened with url: 'http://192.168.1.10:8065/login'

2020-06-05 23:24:51 - [MESSAGE][INFO] - Starting 'Firefox' driver

2020-06-05 23:24:51 - [MESSAGE][INFO] - Action delay is set to 0 milliseconds

2020-06-05 23:24:55 - [MESSAGE][PASSED] - Browser is opened with url: 'http://192.168.1.10:8065/login'

2020-06-05 23:24:55 - [MESSAGE][PASSED] - Method 'Setup' complete successfully

2020-06-05 23:24:55 - [TEST_STEP][PASSED] - callTestCase(findTestCase("Test Cases/Login/login_function"), ["var_user":"tlvietdanh@gmail.com", "var_password":"13101998"], STOP_ON_FAILURE): Call Test Case 'Test Cases/Login/login_function' successfully

2020-06-05 23:24:55 - [TEST_CASE][PASSED] - Test Cases/Login/login_function: Test Cases/Login/login_function

2020-06-05 23:24:55 - [TEST_STEP][PASSED] - setText(findTestObject("Object Repository/Page_Mattermost_login/input_loginId"), var_user): Text 'tlvietdanh@gmail.com' is set on object 'Object Repository/Page_Mattermost_login/input_loginId'

2020-06-05 23:24:57 - [MESSAGE][PASSED] - Text 'tlvietdanh@gmail.com' is set on object 'Object Repository/Page_Mattermost_login/input_loginId'

2020-06-05 23:24:57 - [TEST_STEP][PASSED] - setText(findTestObject("Object Repository/Page_Mattermost_login/input_password"), var_password): Text '13101998' is set on object 'Object Repository/Page_Mattermost_login/input_password'

2020-06-05 23:24:57 - [MESSAGE][PASSED] - Text '13101998' is set on object 'Object Repository/Page_Mattermost_login/input_password'

2020-06-05 23:24:57 - [TEST_STEP][PASSED] - click(findTestObject("Object Repository/Page_Mattermost_login/span_Sign in")): Object: 'Object Repository/Page_Mattermost_login/span_Sign in' is clicked on

2020-06-05 23:24:58 - [MESSAGE][PASSED] - Object: 'Object Repository/Page_Mattermost_login/span_Sign in' is clicked on

2020-06-05 23:24:58 - [MESSAGE][PASSED] - Call Test Case 'Test Cases/Login/login_function' successfully

2020-06-05 23:24:58 - [TEST_STEP][PASSED] - click(findTestObject("Object Repository/Page_Town Square-Mattermost_Homepage/span-mainmenu")): Object: 'Object Repository/Page_Town Square-Mattermost_Homepage/span-mainmenu' is clicked on

2020-06-05 23:25:01 - [MESSAGE][PASSED] - Object: 'Object Repository/Page_Town Square-Mattermost_Homepage/span-mainmenu' is clicked on

2020-06-05 23:25:01 - [TEST_STEP][PASSED] - click(findTestObject("Object Repository/Page_Town Square-Mattermost_Homepage/span_Account Settings")): Object: 'Object Repository/Page_Town Square-Mattermost_Homepage/span_Account Settings' is clicked on

2020-06-05 23:25:02 - [MESSAGE][PASSED] - Object: 'Object Repository/Page_Town Square-Mattermost_Homepage/span_Account Settings' is clicked on

2020-06-05 23:25:02 - [TEST_STEP][PASSED] - click(findTestObject("Object Repository/Page_Town Square-Mattermost_Homepage/button_General")): Object: 'Object Repository/Page_Town Square-Mattermost_Homepage/button_General' is clicked on

2020-06-05 23:25:02 - [MESSAGE][PASSED] - Object: 'Object Repository/Page_Town Square-Mattermost_Homepage/button_General' is clicked on

2020-06-05 23:25:02 - [TEST_STEP][PASSED] - click(findTestObject("Object Repository/Page_Town Square-Mattermost_Homepage/span_Edit_Email")): Object: 'Object Repository/Page_Town Square-Mattermost_Homepage/span_Edit_Email' is clicked on

2020-06-05 23:25:03 - [MESSAGE][PASSED] - Object: 'Object Repository/Page_Town Square-Mattermost_Homepage/span_Edit_Email' is clicked on

2020-06-05 23:25:03 - [TEST_STEP][PASSED] - setText(findTestObject("Object Repository/Page_Town Square-Mattermost_Homepage/input_New Email_primaryEmail"), var_newemail): Text 'cuong@gmail.com' is set on object 'Object Repository/Page_Town Square-Mattermost_Homepage/input_New Email_primaryEmail'

2020-06-05 23:25:04 - [MESSAGE][PASSED] - Text 'cuong@gmail.com' is set on object 'Object Repository/Page_Town Square-Mattermost_Homepage/input_New Email_primaryEmail'

2020-06-05 23:25:04 - [TEST_STEP][PASSED] - setText(findTestObject("Object Repository/Page_Town Square-Mattermost_Homepage/input_Confirm Email_confirmEmail"), var_confirmemail): Text 'cuong' is set on object 'Object Repository/Page_Town Square-Mattermost_Homepage/input_Confirm Email_confirmEmail'

2020-06-05 23:25:04 - [MESSAGE][PASSED] - Text 'cuong' is set on object 'Object Repository/Page_Town Square-Mattermost_Homepage/input_Confirm Email_confirmEmail'

2020-06-05 23:25:04 - [TEST_STEP][PASSED] - setText(findTestObject("Object Repository/Page_Town Square-Mattermost_Homepage/input_Current Password_currentPassword"), var_currentpassword): Text '123' is set on object 'Object Repository/Page_Town Square-Mattermost_Homepage/input_Current Password_currentPassword'

2020-06-05 23:25:05 - [MESSAGE][PASSED] - Text '123' is set on object 'Object Repository/Page_Town Square-Mattermost_Homepage/input_Current Password_currentPassword'

2020-06-05 23:25:05 - [TEST_STEP][PASSED] - click(findTestObject("Object Repository/Page_Town Square-Mattermost_Homepage/span_Save_Email")): Object: 'Object Repository/Page_Town Square-Mattermost_Homepage/span_Save_Email' is clicked on

2020-06-05 23:25:06 - [MESSAGE][PASSED] - Object: 'Object Repository/Page_Town Square-Mattermost_Homepage/span_Save_Email' is clicked on

2020-06-05 23:25:06 - [TEST_STEP][PASSED] - Thread.sleep(4000): null

2020-06-05 23:25:10 - [TEST_STEP][PASSED] - switch (var_statusExpectedResult.toString()): null

2020-06-05 23:25:10 - [TEST_STEP][PASSED] - case "confirm email is not correct":: null

2020-06-05 23:25:10 - [TEST_STEP][PASSED] - errorMess = getText(findTestObject("Object Repository/Page_Town Square-Mattermost_Homepage/label_edit_email_status")): Text of object 'Object Repository/Page_Town Square-Mattermost_Homepage/label_edit_email_status' is: 'The new emails you entered do not match.'

2020-06-05 23:25:10 - [MESSAGE][PASSED] - Text of object 'Object Repository/Page_Town Square-Mattermost_Homepage/label_edit_email_status' is: 'The new emails you entered do not match.'

2020-06-05 23:25:10 - [TEST_STEP][PASSED] - verifyEqual(errorMess.contains("The new emails you entered do not match."), true): Actual object 'true' and expected object 'true' are equal

2020-06-05 23:25:10 - [MESSAGE][PASSED] - Actual object 'true' and expected object 'true' are equal

2020-06-05 23:25:10 - [TEST_STEP][PASSED] - break: null

2020-06-05 23:25:10 - [TEST_STEP][PASSED] - Start tear down : Teardown: Method 'Teardown' complete successfully

2020-06-05 23:25:10 - [TEST_STEP][PASSED] - closeBrowser(): Browser is closed

2020-06-05 23:25:11 - [MESSAGE][PASSED] - Browser is closed

2020-06-05 23:25:11 - [MESSAGE][PASSED] - Method 'Teardown' complete successfully]]></system-out>
         <system-err><![CDATA[]]></system-err>
      </testcase>
      <testcase name="Test Cases/Edit General Settings/TC_Edit_Email" time="20.435" classname="Test Cases/Edit General Settings/TC_Edit_Email" status="PASSED">
         <system-out><![CDATA[2020-06-05 23:25:11 - [TEST_CASE][PASSED] - Test Cases/Edit General Settings/TC_Edit_Email: Test Cases/Edit General Settings/TC_Edit_Email

2020-06-05 23:25:11 - [TEST_STEP][PASSED] - Start setup action : Setup: Method 'Setup' complete successfully

2020-06-05 23:25:11 - [TEST_STEP][PASSED] - openBrowser("http://192.168.1.10:8065/login"): Browser is opened with url: 'http://192.168.1.10:8065/login'

2020-06-05 23:25:11 - [MESSAGE][INFO] - Starting 'Firefox' driver

2020-06-05 23:25:11 - [MESSAGE][INFO] - Action delay is set to 0 milliseconds

2020-06-05 23:25:16 - [MESSAGE][PASSED] - Browser is opened with url: 'http://192.168.1.10:8065/login'

2020-06-05 23:25:16 - [MESSAGE][PASSED] - Method 'Setup' complete successfully

2020-06-05 23:25:16 - [TEST_STEP][PASSED] - callTestCase(findTestCase("Test Cases/Login/login_function"), ["var_user":"tlvietdanh@gmail.com", "var_password":"13101998"], STOP_ON_FAILURE): Call Test Case 'Test Cases/Login/login_function' successfully

2020-06-05 23:25:16 - [TEST_CASE][PASSED] - Test Cases/Login/login_function: Test Cases/Login/login_function

2020-06-05 23:25:16 - [TEST_STEP][PASSED] - setText(findTestObject("Object Repository/Page_Mattermost_login/input_loginId"), var_user): Text 'tlvietdanh@gmail.com' is set on object 'Object Repository/Page_Mattermost_login/input_loginId'

2020-06-05 23:25:18 - [MESSAGE][PASSED] - Text 'tlvietdanh@gmail.com' is set on object 'Object Repository/Page_Mattermost_login/input_loginId'

2020-06-05 23:25:18 - [TEST_STEP][PASSED] - setText(findTestObject("Object Repository/Page_Mattermost_login/input_password"), var_password): Text '13101998' is set on object 'Object Repository/Page_Mattermost_login/input_password'

2020-06-05 23:25:18 - [MESSAGE][PASSED] - Text '13101998' is set on object 'Object Repository/Page_Mattermost_login/input_password'

2020-06-05 23:25:18 - [TEST_STEP][PASSED] - click(findTestObject("Object Repository/Page_Mattermost_login/span_Sign in")): Object: 'Object Repository/Page_Mattermost_login/span_Sign in' is clicked on

2020-06-05 23:25:19 - [MESSAGE][PASSED] - Object: 'Object Repository/Page_Mattermost_login/span_Sign in' is clicked on

2020-06-05 23:25:19 - [MESSAGE][PASSED] - Call Test Case 'Test Cases/Login/login_function' successfully

2020-06-05 23:25:19 - [TEST_STEP][PASSED] - click(findTestObject("Object Repository/Page_Town Square-Mattermost_Homepage/span-mainmenu")): Object: 'Object Repository/Page_Town Square-Mattermost_Homepage/span-mainmenu' is clicked on

2020-06-05 23:25:21 - [MESSAGE][PASSED] - Object: 'Object Repository/Page_Town Square-Mattermost_Homepage/span-mainmenu' is clicked on

2020-06-05 23:25:21 - [TEST_STEP][PASSED] - click(findTestObject("Object Repository/Page_Town Square-Mattermost_Homepage/span_Account Settings")): Object: 'Object Repository/Page_Town Square-Mattermost_Homepage/span_Account Settings' is clicked on

2020-06-05 23:25:22 - [MESSAGE][PASSED] - Object: 'Object Repository/Page_Town Square-Mattermost_Homepage/span_Account Settings' is clicked on

2020-06-05 23:25:22 - [TEST_STEP][PASSED] - click(findTestObject("Object Repository/Page_Town Square-Mattermost_Homepage/button_General")): Object: 'Object Repository/Page_Town Square-Mattermost_Homepage/button_General' is clicked on

2020-06-05 23:25:23 - [MESSAGE][PASSED] - Object: 'Object Repository/Page_Town Square-Mattermost_Homepage/button_General' is clicked on

2020-06-05 23:25:23 - [TEST_STEP][PASSED] - click(findTestObject("Object Repository/Page_Town Square-Mattermost_Homepage/span_Edit_Email")): Object: 'Object Repository/Page_Town Square-Mattermost_Homepage/span_Edit_Email' is clicked on

2020-06-05 23:25:23 - [MESSAGE][PASSED] - Object: 'Object Repository/Page_Town Square-Mattermost_Homepage/span_Edit_Email' is clicked on

2020-06-05 23:25:23 - [TEST_STEP][PASSED] - setText(findTestObject("Object Repository/Page_Town Square-Mattermost_Homepage/input_New Email_primaryEmail"), var_newemail): Text 'cuong@gmail.com' is set on object 'Object Repository/Page_Town Square-Mattermost_Homepage/input_New Email_primaryEmail'

2020-06-05 23:25:24 - [MESSAGE][PASSED] - Text 'cuong@gmail.com' is set on object 'Object Repository/Page_Town Square-Mattermost_Homepage/input_New Email_primaryEmail'

2020-06-05 23:25:24 - [TEST_STEP][PASSED] - setText(findTestObject("Object Repository/Page_Town Square-Mattermost_Homepage/input_Confirm Email_confirmEmail"), var_confirmemail): Text 'cuong@gmail.com' is set on object 'Object Repository/Page_Town Square-Mattermost_Homepage/input_Confirm Email_confirmEmail'

2020-06-05 23:25:25 - [MESSAGE][PASSED] - Text 'cuong@gmail.com' is set on object 'Object Repository/Page_Town Square-Mattermost_Homepage/input_Confirm Email_confirmEmail'

2020-06-05 23:25:25 - [TEST_STEP][PASSED] - setText(findTestObject("Object Repository/Page_Town Square-Mattermost_Homepage/input_Current Password_currentPassword"), var_currentpassword): Text '' is set on object 'Object Repository/Page_Town Square-Mattermost_Homepage/input_Current Password_currentPassword'

2020-06-05 23:25:25 - [MESSAGE][PASSED] - Text '' is set on object 'Object Repository/Page_Town Square-Mattermost_Homepage/input_Current Password_currentPassword'

2020-06-05 23:25:25 - [TEST_STEP][PASSED] - click(findTestObject("Object Repository/Page_Town Square-Mattermost_Homepage/span_Save_Email")): Object: 'Object Repository/Page_Town Square-Mattermost_Homepage/span_Save_Email' is clicked on

2020-06-05 23:25:26 - [MESSAGE][PASSED] - Object: 'Object Repository/Page_Town Square-Mattermost_Homepage/span_Save_Email' is clicked on

2020-06-05 23:25:26 - [TEST_STEP][PASSED] - Thread.sleep(4000): null

2020-06-05 23:25:30 - [TEST_STEP][PASSED] - switch (var_statusExpectedResult.toString()): null

2020-06-05 23:25:30 - [TEST_STEP][PASSED] - case "current password is empty":: null

2020-06-05 23:25:30 - [TEST_STEP][PASSED] - errorMess = getText(findTestObject("Object Repository/Page_Town Square-Mattermost_Homepage/label_edit_email_status")): Text of object 'Object Repository/Page_Town Square-Mattermost_Homepage/label_edit_email_status' is: 'Please enter your current password.'

2020-06-05 23:25:30 - [MESSAGE][PASSED] - Text of object 'Object Repository/Page_Town Square-Mattermost_Homepage/label_edit_email_status' is: 'Please enter your current password.'

2020-06-05 23:25:30 - [TEST_STEP][PASSED] - verifyEqual(errorMess.contains("Please enter your current password."), true): Actual object 'true' and expected object 'true' are equal

2020-06-05 23:25:30 - [MESSAGE][PASSED] - Actual object 'true' and expected object 'true' are equal

2020-06-05 23:25:30 - [TEST_STEP][PASSED] - break: null

2020-06-05 23:25:30 - [TEST_STEP][PASSED] - Start tear down : Teardown: Method 'Teardown' complete successfully

2020-06-05 23:25:30 - [TEST_STEP][PASSED] - closeBrowser(): Browser is closed

2020-06-05 23:25:32 - [MESSAGE][PASSED] - Browser is closed

2020-06-05 23:25:32 - [MESSAGE][PASSED] - Method 'Teardown' complete successfully]]></system-out>
         <system-err><![CDATA[]]></system-err>
      </testcase>
      <testcase name="Test Cases/Edit General Settings/TC_Edit_Email" time="20.311" classname="Test Cases/Edit General Settings/TC_Edit_Email" status="PASSED">
         <system-out><![CDATA[2020-06-05 23:25:32 - [TEST_CASE][PASSED] - Test Cases/Edit General Settings/TC_Edit_Email: Test Cases/Edit General Settings/TC_Edit_Email

2020-06-05 23:25:32 - [TEST_STEP][PASSED] - Start setup action : Setup: Method 'Setup' complete successfully

2020-06-05 23:25:32 - [TEST_STEP][PASSED] - openBrowser("http://192.168.1.10:8065/login"): Browser is opened with url: 'http://192.168.1.10:8065/login'

2020-06-05 23:25:32 - [MESSAGE][INFO] - Starting 'Firefox' driver

2020-06-05 23:25:32 - [MESSAGE][INFO] - Action delay is set to 0 milliseconds

2020-06-05 23:25:36 - [MESSAGE][PASSED] - Browser is opened with url: 'http://192.168.1.10:8065/login'

2020-06-05 23:25:36 - [MESSAGE][PASSED] - Method 'Setup' complete successfully

2020-06-05 23:25:36 - [TEST_STEP][PASSED] - callTestCase(findTestCase("Test Cases/Login/login_function"), ["var_user":"tlvietdanh@gmail.com", "var_password":"13101998"], STOP_ON_FAILURE): Call Test Case 'Test Cases/Login/login_function' successfully

2020-06-05 23:25:36 - [TEST_CASE][PASSED] - Test Cases/Login/login_function: Test Cases/Login/login_function

2020-06-05 23:25:36 - [TEST_STEP][PASSED] - setText(findTestObject("Object Repository/Page_Mattermost_login/input_loginId"), var_user): Text 'tlvietdanh@gmail.com' is set on object 'Object Repository/Page_Mattermost_login/input_loginId'

2020-06-05 23:25:38 - [MESSAGE][PASSED] - Text 'tlvietdanh@gmail.com' is set on object 'Object Repository/Page_Mattermost_login/input_loginId'

2020-06-05 23:25:38 - [TEST_STEP][PASSED] - setText(findTestObject("Object Repository/Page_Mattermost_login/input_password"), var_password): Text '13101998' is set on object 'Object Repository/Page_Mattermost_login/input_password'

2020-06-05 23:25:39 - [MESSAGE][PASSED] - Text '13101998' is set on object 'Object Repository/Page_Mattermost_login/input_password'

2020-06-05 23:25:39 - [TEST_STEP][PASSED] - click(findTestObject("Object Repository/Page_Mattermost_login/span_Sign in")): Object: 'Object Repository/Page_Mattermost_login/span_Sign in' is clicked on

2020-06-05 23:25:39 - [MESSAGE][PASSED] - Object: 'Object Repository/Page_Mattermost_login/span_Sign in' is clicked on

2020-06-05 23:25:39 - [MESSAGE][PASSED] - Call Test Case 'Test Cases/Login/login_function' successfully

2020-06-05 23:25:39 - [TEST_STEP][PASSED] - click(findTestObject("Object Repository/Page_Town Square-Mattermost_Homepage/span-mainmenu")): Object: 'Object Repository/Page_Town Square-Mattermost_Homepage/span-mainmenu' is clicked on

2020-06-05 23:25:42 - [MESSAGE][PASSED] - Object: 'Object Repository/Page_Town Square-Mattermost_Homepage/span-mainmenu' is clicked on

2020-06-05 23:25:42 - [TEST_STEP][PASSED] - click(findTestObject("Object Repository/Page_Town Square-Mattermost_Homepage/span_Account Settings")): Object: 'Object Repository/Page_Town Square-Mattermost_Homepage/span_Account Settings' is clicked on

2020-06-05 23:25:43 - [MESSAGE][PASSED] - Object: 'Object Repository/Page_Town Square-Mattermost_Homepage/span_Account Settings' is clicked on

2020-06-05 23:25:43 - [TEST_STEP][PASSED] - click(findTestObject("Object Repository/Page_Town Square-Mattermost_Homepage/button_General")): Object: 'Object Repository/Page_Town Square-Mattermost_Homepage/button_General' is clicked on

2020-06-05 23:25:43 - [MESSAGE][PASSED] - Object: 'Object Repository/Page_Town Square-Mattermost_Homepage/button_General' is clicked on

2020-06-05 23:25:43 - [TEST_STEP][PASSED] - click(findTestObject("Object Repository/Page_Town Square-Mattermost_Homepage/span_Edit_Email")): Object: 'Object Repository/Page_Town Square-Mattermost_Homepage/span_Edit_Email' is clicked on

2020-06-05 23:25:44 - [MESSAGE][PASSED] - Object: 'Object Repository/Page_Town Square-Mattermost_Homepage/span_Edit_Email' is clicked on

2020-06-05 23:25:44 - [TEST_STEP][PASSED] - setText(findTestObject("Object Repository/Page_Town Square-Mattermost_Homepage/input_New Email_primaryEmail"), var_newemail): Text 'danh@gmail.com' is set on object 'Object Repository/Page_Town Square-Mattermost_Homepage/input_New Email_primaryEmail'

2020-06-05 23:25:45 - [MESSAGE][PASSED] - Text 'danh@gmail.com' is set on object 'Object Repository/Page_Town Square-Mattermost_Homepage/input_New Email_primaryEmail'

2020-06-05 23:25:45 - [TEST_STEP][PASSED] - setText(findTestObject("Object Repository/Page_Town Square-Mattermost_Homepage/input_Confirm Email_confirmEmail"), var_confirmemail): Text 'danh@gmail.com' is set on object 'Object Repository/Page_Town Square-Mattermost_Homepage/input_Confirm Email_confirmEmail'

2020-06-05 23:25:45 - [MESSAGE][PASSED] - Text 'danh@gmail.com' is set on object 'Object Repository/Page_Town Square-Mattermost_Homepage/input_Confirm Email_confirmEmail'

2020-06-05 23:25:45 - [TEST_STEP][PASSED] - setText(findTestObject("Object Repository/Page_Town Square-Mattermost_Homepage/input_Current Password_currentPassword"), var_currentpassword): Text '' is set on object 'Object Repository/Page_Town Square-Mattermost_Homepage/input_Current Password_currentPassword'

2020-06-05 23:25:46 - [MESSAGE][PASSED] - Text '' is set on object 'Object Repository/Page_Town Square-Mattermost_Homepage/input_Current Password_currentPassword'

2020-06-05 23:25:46 - [TEST_STEP][PASSED] - click(findTestObject("Object Repository/Page_Town Square-Mattermost_Homepage/span_Save_Email")): Object: 'Object Repository/Page_Town Square-Mattermost_Homepage/span_Save_Email' is clicked on

2020-06-05 23:25:47 - [MESSAGE][PASSED] - Object: 'Object Repository/Page_Town Square-Mattermost_Homepage/span_Save_Email' is clicked on

2020-06-05 23:25:47 - [TEST_STEP][PASSED] - Thread.sleep(4000): null

2020-06-05 23:25:51 - [TEST_STEP][PASSED] - switch (var_statusExpectedResult.toString()): null

2020-06-05 23:25:51 - [TEST_STEP][PASSED] - case "current password is empty":: null

2020-06-05 23:25:51 - [TEST_STEP][PASSED] - errorMess = getText(findTestObject("Object Repository/Page_Town Square-Mattermost_Homepage/label_edit_email_status")): Text of object 'Object Repository/Page_Town Square-Mattermost_Homepage/label_edit_email_status' is: 'Please enter your current password.'

2020-06-05 23:25:51 - [MESSAGE][PASSED] - Text of object 'Object Repository/Page_Town Square-Mattermost_Homepage/label_edit_email_status' is: 'Please enter your current password.'

2020-06-05 23:25:51 - [TEST_STEP][PASSED] - verifyEqual(errorMess.contains("Please enter your current password."), true): Actual object 'true' and expected object 'true' are equal

2020-06-05 23:25:51 - [MESSAGE][PASSED] - Actual object 'true' and expected object 'true' are equal

2020-06-05 23:25:51 - [TEST_STEP][PASSED] - break: null

2020-06-05 23:25:51 - [TEST_STEP][PASSED] - Start tear down : Teardown: Method 'Teardown' complete successfully

2020-06-05 23:25:51 - [TEST_STEP][PASSED] - closeBrowser(): Browser is closed

2020-06-05 23:25:52 - [MESSAGE][PASSED] - Browser is closed

2020-06-05 23:25:52 - [MESSAGE][PASSED] - Method 'Teardown' complete successfully]]></system-out>
         <system-err><![CDATA[]]></system-err>
      </testcase>
      <testcase name="Test Cases/Edit General Settings/TC_Edit_FullName" time="28.085" classname="Test Cases/Edit General Settings/TC_Edit_FullName" status="FAILED">
         <failure type="FAILED" message="Test Cases/Edit General Settings/TC_Edit_FullName FAILED.
Reason:
com.kms.katalon.core.exception.StepFailedException: Unable to click on object 'Object Repository/Page_Town Square-Mattermost_Homepage/button_General'
	at com.kms.katalon.core.webui.keyword.internal.WebUIKeywordMain.stepFailed(WebUIKeywordMain.groovy:64)
	at com.kms.katalon.core.webui.keyword.internal.WebUIKeywordMain.runKeyword(WebUIKeywordMain.groovy:26)
	at com.kms.katalon.core.webui.keyword.builtin.ClickKeyword.click(ClickKeyword.groovy:76)
	at com.kms.katalon.core.webui.keyword.builtin.ClickKeyword.execute(ClickKeyword.groovy:43)
	at com.kms.katalon.core.keyword.internal.KeywordExecutor.executeKeywordForPlatform(KeywordExecutor.groovy:72)
	at com.kms.katalon.core.webui.keyword.WebUiBuiltInKeywords.click(WebUiBuiltInKeywords.groovy:616)
	at com.kms.katalon.core.webui.keyword.WebUiBuiltInKeywords$click$3.call(Unknown Source)
	at TC_Edit_FullName.run(TC_Edit_FullName:34)
	at com.kms.katalon.core.main.ScriptEngine.run(ScriptEngine.java:194)
	at com.kms.katalon.core.main.ScriptEngine.runScriptAsRawText(ScriptEngine.java:119)
	at com.kms.katalon.core.main.TestCaseExecutor.runScript(TestCaseExecutor.java:337)
	at com.kms.katalon.core.main.TestCaseExecutor.doExecute(TestCaseExecutor.java:328)
	at com.kms.katalon.core.main.TestCaseExecutor.processExecutionPhase(TestCaseExecutor.java:307)
	at com.kms.katalon.core.main.TestCaseExecutor.accessMainPhase(TestCaseExecutor.java:299)
	at com.kms.katalon.core.main.TestCaseExecutor.execute(TestCaseExecutor.java:233)
	at com.kms.katalon.core.main.TestSuiteExecutor.accessTestCaseMainPhase(TestSuiteExecutor.java:169)
	at com.kms.katalon.core.main.TestSuiteExecutor.accessTestSuiteMainPhase(TestSuiteExecutor.java:142)
	at com.kms.katalon.core.main.TestSuiteExecutor.execute(TestSuiteExecutor.java:91)
	at com.kms.katalon.core.main.TestCaseMain.startTestSuite(TestCaseMain.java:157)
	at com.kms.katalon.core.main.TestCaseMain$startTestSuite$0.call(Unknown Source)
	at TempTestSuite1591373123859.run(TempTestSuite1591373123859.groovy:37)
Caused by: org.openqa.selenium.ElementNotInteractableException: Element &lt;button id=&quot;generalButton&quot; class=&quot;cursor--pointer style--none&quot;> could not be scrolled into view
Build info: version: '3.141.59', revision: 'e82be7d358', time: '2018-11-14T08:25:53'
System info: host: 'DESKTOP-D5IG9IP', ip: '192.168.56.1', os.name: 'Windows 10', os.arch: 'amd64', os.version: '10.0', java.version: '1.8.0_181'
Driver info: com.kms.katalon.core.webui.driver.firefox.CGeckoDriver
Capabilities {acceptInsecureCerts: true, browserName: firefox, browserVersion: 77.0.1, javascriptEnabled: true, moz:accessibilityChecks: false, moz:buildID: 20200602222727, moz:geckodriverVersion: 0.23.0, moz:headless: false, moz:processID: 17552, moz:profile: C:\Users\black\AppData\Loca..., moz:shutdownTimeout: 60000, moz:useNonSpecCompliantPointerOrigin: false, moz:webdriverClick: true, pageLoadStrategy: normal, platform: WINDOWS, platformName: WINDOWS, platformVersion: 10.0, proxy: Proxy(direct), rotatable: false, setWindowRect: true, strictFileInteractability: false, timeouts: {implicit: 0, pageLoad: 300000, script: 30000}, unhandledPromptBehavior: dismiss and notify}
Session ID: 7dcc2f17-5169-49fa-9819-256b9bd8a2b9
	at org.openqa.selenium.remote.http.W3CHttpResponseCodec.createException(W3CHttpResponseCodec.java:187)
	at org.openqa.selenium.remote.http.W3CHttpResponseCodec.decode(W3CHttpResponseCodec.java:122)
	at org.openqa.selenium.remote.http.W3CHttpResponseCodec.decode(W3CHttpResponseCodec.java:49)
	at org.openqa.selenium.remote.HttpCommandExecutor.execute(HttpCommandExecutor.java:158)
	at org.openqa.selenium.remote.service.DriverCommandExecutor.execute(DriverCommandExecutor.java:83)
	at org.openqa.selenium.remote.RemoteWebDriver.execute(RemoteWebDriver.java:552)
	at com.kms.katalon.selenium.driver.CFirefoxDriver.execute(CFirefoxDriver.java:27)
	at org.openqa.selenium.remote.RemoteWebElement.execute(RemoteWebElement.java:285)
	at org.openqa.selenium.remote.RemoteWebElement.click(RemoteWebElement.java:84)
	at org.openqa.selenium.support.events.EventFiringWebDriver$EventFiringWebElement.lambda$new$0(EventFiringWebDriver.java:404)
	at com.sun.proxy.$Proxy9.click(Unknown Source)
	at org.openqa.selenium.support.events.EventFiringWebDriver$EventFiringWebElement.click(EventFiringWebDriver.java:417)
	at com.kms.katalon.core.webui.keyword.builtin.ClickKeyword$_click_closure1.doCall(ClickKeyword.groovy:69)
	at com.kms.katalon.core.webui.keyword.builtin.ClickKeyword$_click_closure1.call(ClickKeyword.groovy)
	at com.kms.katalon.core.webui.keyword.internal.WebUIKeywordMain.runKeyword(WebUIKeywordMain.groovy:20)
	... 19 more
"/>
         <system-out><![CDATA[2020-06-05 23:25:52 - [TEST_CASE][FAILED] - Test Cases/Edit General Settings/TC_Edit_FullName: Test Cases/Edit General Settings/TC_Edit_FullName FAILED.
Reason:
com.kms.katalon.core.exception.StepFailedException: Unable to click on object 'Object Repository/Page_Town Square-Mattermost_Homepage/button_General'
	at com.kms.katalon.core.webui.keyword.internal.WebUIKeywordMain.stepFailed(WebUIKeywordMain.groovy:64)
	at com.kms.katalon.core.webui.keyword.internal.WebUIKeywordMain.runKeyword(WebUIKeywordMain.groovy:26)
	at com.kms.katalon.core.webui.keyword.builtin.ClickKeyword.click(ClickKeyword.groovy:76)
	at com.kms.katalon.core.webui.keyword.builtin.ClickKeyword.execute(ClickKeyword.groovy:43)
	at com.kms.katalon.core.keyword.internal.KeywordExecutor.executeKeywordForPlatform(KeywordExecutor.groovy:72)
	at com.kms.katalon.core.webui.keyword.WebUiBuiltInKeywords.click(WebUiBuiltInKeywords.groovy:616)
	at com.kms.katalon.core.webui.keyword.WebUiBuiltInKeywords$click$3.call(Unknown Source)
	at TC_Edit_FullName.run(TC_Edit_FullName:34)
	at com.kms.katalon.core.main.ScriptEngine.run(ScriptEngine.java:194)
	at com.kms.katalon.core.main.ScriptEngine.runScriptAsRawText(ScriptEngine.java:119)
	at com.kms.katalon.core.main.TestCaseExecutor.runScript(TestCaseExecutor.java:337)
	at com.kms.katalon.core.main.TestCaseExecutor.doExecute(TestCaseExecutor.java:328)
	at com.kms.katalon.core.main.TestCaseExecutor.processExecutionPhase(TestCaseExecutor.java:307)
	at com.kms.katalon.core.main.TestCaseExecutor.accessMainPhase(TestCaseExecutor.java:299)
	at com.kms.katalon.core.main.TestCaseExecutor.execute(TestCaseExecutor.java:233)
	at com.kms.katalon.core.main.TestSuiteExecutor.accessTestCaseMainPhase(TestSuiteExecutor.java:169)
	at com.kms.katalon.core.main.TestSuiteExecutor.accessTestSuiteMainPhase(TestSuiteExecutor.java:142)
	at com.kms.katalon.core.main.TestSuiteExecutor.execute(TestSuiteExecutor.java:91)
	at com.kms.katalon.core.main.TestCaseMain.startTestSuite(TestCaseMain.java:157)
	at com.kms.katalon.core.main.TestCaseMain$startTestSuite$0.call(Unknown Source)
	at TempTestSuite1591373123859.run(TempTestSuite1591373123859.groovy:37)
Caused by: org.openqa.selenium.ElementNotInteractableException: Element <button id="generalButton" class="cursor--pointer style--none"> could not be scrolled into view
Build info: version: '3.141.59', revision: 'e82be7d358', time: '2018-11-14T08:25:53'
System info: host: 'DESKTOP-D5IG9IP', ip: '192.168.56.1', os.name: 'Windows 10', os.arch: 'amd64', os.version: '10.0', java.version: '1.8.0_181'
Driver info: com.kms.katalon.core.webui.driver.firefox.CGeckoDriver
Capabilities {acceptInsecureCerts: true, browserName: firefox, browserVersion: 77.0.1, javascriptEnabled: true, moz:accessibilityChecks: false, moz:buildID: 20200602222727, moz:geckodriverVersion: 0.23.0, moz:headless: false, moz:processID: 17552, moz:profile: C:\Users\black\AppData\Loca..., moz:shutdownTimeout: 60000, moz:useNonSpecCompliantPointerOrigin: false, moz:webdriverClick: true, pageLoadStrategy: normal, platform: WINDOWS, platformName: WINDOWS, platformVersion: 10.0, proxy: Proxy(direct), rotatable: false, setWindowRect: true, strictFileInteractability: false, timeouts: {implicit: 0, pageLoad: 300000, script: 30000}, unhandledPromptBehavior: dismiss and notify}
Session ID: 7dcc2f17-5169-49fa-9819-256b9bd8a2b9
	at org.openqa.selenium.remote.http.W3CHttpResponseCodec.createException(W3CHttpResponseCodec.java:187)
	at org.openqa.selenium.remote.http.W3CHttpResponseCodec.decode(W3CHttpResponseCodec.java:122)
	at org.openqa.selenium.remote.http.W3CHttpResponseCodec.decode(W3CHttpResponseCodec.java:49)
	at org.openqa.selenium.remote.HttpCommandExecutor.execute(HttpCommandExecutor.java:158)
	at org.openqa.selenium.remote.service.DriverCommandExecutor.execute(DriverCommandExecutor.java:83)
	at org.openqa.selenium.remote.RemoteWebDriver.execute(RemoteWebDriver.java:552)
	at com.kms.katalon.selenium.driver.CFirefoxDriver.execute(CFirefoxDriver.java:27)
	at org.openqa.selenium.remote.RemoteWebElement.execute(RemoteWebElement.java:285)
	at org.openqa.selenium.remote.RemoteWebElement.click(RemoteWebElement.java:84)
	at org.openqa.selenium.support.events.EventFiringWebDriver$EventFiringWebElement.lambda$new$0(EventFiringWebDriver.java:404)
	at com.sun.proxy.$Proxy9.click(Unknown Source)
	at org.openqa.selenium.support.events.EventFiringWebDriver$EventFiringWebElement.click(EventFiringWebDriver.java:417)
	at com.kms.katalon.core.webui.keyword.builtin.ClickKeyword$_click_closure1.doCall(ClickKeyword.groovy:69)
	at com.kms.katalon.core.webui.keyword.builtin.ClickKeyword$_click_closure1.call(ClickKeyword.groovy)
	at com.kms.katalon.core.webui.keyword.internal.WebUIKeywordMain.runKeyword(WebUIKeywordMain.groovy:20)
	... 19 more


2020-06-05 23:25:52 - [TEST_STEP][PASSED] - Start setup action : Setup: Method 'Setup' complete successfully

2020-06-05 23:25:52 - [TEST_STEP][PASSED] - openBrowser("http://192.168.1.10:8065/login"): Browser is opened with url: 'http://192.168.1.10:8065/login'

2020-06-05 23:25:52 - [MESSAGE][INFO] - Starting 'Firefox' driver

2020-06-05 23:25:52 - [MESSAGE][INFO] - Action delay is set to 0 milliseconds

2020-06-05 23:25:57 - [MESSAGE][PASSED] - Browser is opened with url: 'http://192.168.1.10:8065/login'

2020-06-05 23:25:57 - [MESSAGE][PASSED] - Method 'Setup' complete successfully

2020-06-05 23:25:57 - [TEST_STEP][PASSED] - callTestCase(findTestCase("Test Cases/Login/login_function"), ["var_user":"tlvietdanh@gmail.com", "var_password":"13101998"], STOP_ON_FAILURE): Call Test Case 'Test Cases/Login/login_function' successfully

2020-06-05 23:25:57 - [TEST_CASE][PASSED] - Test Cases/Login/login_function: Test Cases/Login/login_function

2020-06-05 23:25:57 - [TEST_STEP][PASSED] - setText(findTestObject("Object Repository/Page_Mattermost_login/input_loginId"), var_user): Text 'tlvietdanh@gmail.com' is set on object 'Object Repository/Page_Mattermost_login/input_loginId'

2020-06-05 23:26:00 - [MESSAGE][PASSED] - Text 'tlvietdanh@gmail.com' is set on object 'Object Repository/Page_Mattermost_login/input_loginId'

2020-06-05 23:26:00 - [TEST_STEP][PASSED] - setText(findTestObject("Object Repository/Page_Mattermost_login/input_password"), var_password): Text '13101998' is set on object 'Object Repository/Page_Mattermost_login/input_password'

2020-06-05 23:26:04 - [MESSAGE][PASSED] - Text '13101998' is set on object 'Object Repository/Page_Mattermost_login/input_password'

2020-06-05 23:26:04 - [TEST_STEP][PASSED] - click(findTestObject("Object Repository/Page_Mattermost_login/span_Sign in")): Object: 'Object Repository/Page_Mattermost_login/span_Sign in' is clicked on

2020-06-05 23:26:07 - [MESSAGE][PASSED] - Object: 'Object Repository/Page_Mattermost_login/span_Sign in' is clicked on

2020-06-05 23:26:07 - [MESSAGE][PASSED] - Call Test Case 'Test Cases/Login/login_function' successfully

2020-06-05 23:26:07 - [TEST_STEP][PASSED] - click(findTestObject("Object Repository/Page_Town Square-Mattermost_Homepage/span-mainmenu")): Object: 'Object Repository/Page_Town Square-Mattermost_Homepage/span-mainmenu' is clicked on

2020-06-05 23:26:10 - [MESSAGE][PASSED] - Object: 'Object Repository/Page_Town Square-Mattermost_Homepage/span-mainmenu' is clicked on

2020-06-05 23:26:10 - [TEST_STEP][PASSED] - click(findTestObject("Object Repository/Page_Town Square-Mattermost_Homepage/span_Account Settings")): Object: 'Object Repository/Page_Town Square-Mattermost_Homepage/span_Account Settings' is clicked on

2020-06-05 23:26:14 - [MESSAGE][PASSED] - Object: 'Object Repository/Page_Town Square-Mattermost_Homepage/span_Account Settings' is clicked on

2020-06-05 23:26:14 - [TEST_STEP][FAILED] - click(findTestObject("Object Repository/Page_Town Square-Mattermost_Homepage/button_General")): Unable to click on object 'Object Repository/Page_Town Square-Mattermost_Homepage/button_General' (Root cause: com.kms.katalon.core.exception.StepFailedException: Unable to click on object 'Object Repository/Page_Town Square-Mattermost_Homepage/button_General'
	at com.kms.katalon.core.webui.keyword.internal.WebUIKeywordMain.stepFailed(WebUIKeywordMain.groovy:64)
	at com.kms.katalon.core.webui.keyword.internal.WebUIKeywordMain.runKeyword(WebUIKeywordMain.groovy:26)
	at com.kms.katalon.core.webui.keyword.builtin.ClickKeyword.click(ClickKeyword.groovy:76)
	at com.kms.katalon.core.webui.keyword.builtin.ClickKeyword.execute(ClickKeyword.groovy:43)
	at com.kms.katalon.core.keyword.internal.KeywordExecutor.executeKeywordForPlatform(KeywordExecutor.groovy:72)
	at com.kms.katalon.core.webui.keyword.WebUiBuiltInKeywords.click(WebUiBuiltInKeywords.groovy:616)
	at com.kms.katalon.core.webui.keyword.WebUiBuiltInKeywords$click$3.call(Unknown Source)
	at TC_Edit_FullName.run(TC_Edit_FullName:34)
	at com.kms.katalon.core.main.ScriptEngine.run(ScriptEngine.java:194)
	at com.kms.katalon.core.main.ScriptEngine.runScriptAsRawText(ScriptEngine.java:119)
	at com.kms.katalon.core.main.TestCaseExecutor.runScript(TestCaseExecutor.java:337)
	at com.kms.katalon.core.main.TestCaseExecutor.doExecute(TestCaseExecutor.java:328)
	at com.kms.katalon.core.main.TestCaseExecutor.processExecutionPhase(TestCaseExecutor.java:307)
	at com.kms.katalon.core.main.TestCaseExecutor.accessMainPhase(TestCaseExecutor.java:299)
	at com.kms.katalon.core.main.TestCaseExecutor.execute(TestCaseExecutor.java:233)
	at com.kms.katalon.core.main.TestSuiteExecutor.accessTestCaseMainPhase(TestSuiteExecutor.java:169)
	at com.kms.katalon.core.main.TestSuiteExecutor.accessTestSuiteMainPhase(TestSuiteExecutor.java:142)
	at com.kms.katalon.core.main.TestSuiteExecutor.execute(TestSuiteExecutor.java:91)
	at com.kms.katalon.core.main.TestCaseMain.startTestSuite(TestCaseMain.java:157)
	at com.kms.katalon.core.main.TestCaseMain$startTestSuite$0.call(Unknown Source)
	at TempTestSuite1591373123859.run(TempTestSuite1591373123859.groovy:37)
Caused by: org.openqa.selenium.ElementNotInteractableException: Element <button id="generalButton" class="cursor--pointer style--none"> could not be scrolled into view
Build info: version: '3.141.59', revision: 'e82be7d358', time: '2018-11-14T08:25:53'
System info: host: 'DESKTOP-D5IG9IP', ip: '192.168.56.1', os.name: 'Windows 10', os.arch: 'amd64', os.version: '10.0', java.version: '1.8.0_181'
Driver info: com.kms.katalon.core.webui.driver.firefox.CGeckoDriver
Capabilities {acceptInsecureCerts: true, browserName: firefox, browserVersion: 77.0.1, javascriptEnabled: true, moz:accessibilityChecks: false, moz:buildID: 20200602222727, moz:geckodriverVersion: 0.23.0, moz:headless: false, moz:processID: 17552, moz:profile: C:\Users\black\AppData\Loca..., moz:shutdownTimeout: 60000, moz:useNonSpecCompliantPointerOrigin: false, moz:webdriverClick: true, pageLoadStrategy: normal, platform: WINDOWS, platformName: WINDOWS, platformVersion: 10.0, proxy: Proxy(direct), rotatable: false, setWindowRect: true, strictFileInteractability: false, timeouts: {implicit: 0, pageLoad: 300000, script: 30000}, unhandledPromptBehavior: dismiss and notify}
Session ID: 7dcc2f17-5169-49fa-9819-256b9bd8a2b9
	at org.openqa.selenium.remote.http.W3CHttpResponseCodec.createException(W3CHttpResponseCodec.java:187)
	at org.openqa.selenium.remote.http.W3CHttpResponseCodec.decode(W3CHttpResponseCodec.java:122)
	at org.openqa.selenium.remote.http.W3CHttpResponseCodec.decode(W3CHttpResponseCodec.java:49)
	at org.openqa.selenium.remote.HttpCommandExecutor.execute(HttpCommandExecutor.java:158)
	at org.openqa.selenium.remote.service.DriverCommandExecutor.execute(DriverCommandExecutor.java:83)
	at org.openqa.selenium.remote.RemoteWebDriver.execute(RemoteWebDriver.java:552)
	at com.kms.katalon.selenium.driver.CFirefoxDriver.execute(CFirefoxDriver.java:27)
	at org.openqa.selenium.remote.RemoteWebElement.execute(RemoteWebElement.java:285)
	at org.openqa.selenium.remote.RemoteWebElement.click(RemoteWebElement.java:84)
	at org.openqa.selenium.support.events.EventFiringWebDriver$EventFiringWebElement.lambda$new$0(EventFiringWebDriver.java:404)
	at com.sun.proxy.$Proxy9.click(Unknown Source)
	at org.openqa.selenium.support.events.EventFiringWebDriver$EventFiringWebElement.click(EventFiringWebDriver.java:417)
	at com.kms.katalon.core.webui.keyword.builtin.ClickKeyword$_click_closure1.doCall(ClickKeyword.groovy:69)
	at com.kms.katalon.core.webui.keyword.builtin.ClickKeyword$_click_closure1.call(ClickKeyword.groovy)
	at com.kms.katalon.core.webui.keyword.internal.WebUIKeywordMain.runKeyword(WebUIKeywordMain.groovy:20)
	at com.kms.katalon.core.webui.keyword.builtin.ClickKeyword.click(ClickKeyword.groovy:76)
	at com.kms.katalon.core.webui.keyword.builtin.ClickKeyword.execute(ClickKeyword.groovy:43)
	at com.kms.katalon.core.keyword.internal.KeywordExecutor.executeKeywordForPlatform(KeywordExecutor.groovy:72)
	at com.kms.katalon.core.webui.keyword.WebUiBuiltInKeywords.click(WebUiBuiltInKeywords.groovy:616)
	at com.kms.katalon.core.webui.keyword.WebUiBuiltInKeywords$click$3.call(Unknown Source)
	at Script1591283901392.run(Script1591283901392.groovy:34)
	... 13 more
)

2020-06-05 23:26:19 - [MESSAGE][FAILED] - Unable to click on object 'Object Repository/Page_Town Square-Mattermost_Homepage/button_General' (Root cause: com.kms.katalon.core.exception.StepFailedException: Unable to click on object 'Object Repository/Page_Town Square-Mattermost_Homepage/button_General'
	at com.kms.katalon.core.webui.keyword.internal.WebUIKeywordMain.stepFailed(WebUIKeywordMain.groovy:64)
	at com.kms.katalon.core.webui.keyword.internal.WebUIKeywordMain.runKeyword(WebUIKeywordMain.groovy:26)
	at com.kms.katalon.core.webui.keyword.builtin.ClickKeyword.click(ClickKeyword.groovy:76)
	at com.kms.katalon.core.webui.keyword.builtin.ClickKeyword.execute(ClickKeyword.groovy:43)
	at com.kms.katalon.core.keyword.internal.KeywordExecutor.executeKeywordForPlatform(KeywordExecutor.groovy:72)
	at com.kms.katalon.core.webui.keyword.WebUiBuiltInKeywords.click(WebUiBuiltInKeywords.groovy:616)
	at com.kms.katalon.core.webui.keyword.WebUiBuiltInKeywords$click$3.call(Unknown Source)
	at TC_Edit_FullName.run(TC_Edit_FullName:34)
	at com.kms.katalon.core.main.ScriptEngine.run(ScriptEngine.java:194)
	at com.kms.katalon.core.main.ScriptEngine.runScriptAsRawText(ScriptEngine.java:119)
	at com.kms.katalon.core.main.TestCaseExecutor.runScript(TestCaseExecutor.java:337)
	at com.kms.katalon.core.main.TestCaseExecutor.doExecute(TestCaseExecutor.java:328)
	at com.kms.katalon.core.main.TestCaseExecutor.processExecutionPhase(TestCaseExecutor.java:307)
	at com.kms.katalon.core.main.TestCaseExecutor.accessMainPhase(TestCaseExecutor.java:299)
	at com.kms.katalon.core.main.TestCaseExecutor.execute(TestCaseExecutor.java:233)
	at com.kms.katalon.core.main.TestSuiteExecutor.accessTestCaseMainPhase(TestSuiteExecutor.java:169)
	at com.kms.katalon.core.main.TestSuiteExecutor.accessTestSuiteMainPhase(TestSuiteExecutor.java:142)
	at com.kms.katalon.core.main.TestSuiteExecutor.execute(TestSuiteExecutor.java:91)
	at com.kms.katalon.core.main.TestCaseMain.startTestSuite(TestCaseMain.java:157)
	at com.kms.katalon.core.main.TestCaseMain$startTestSuite$0.call(Unknown Source)
	at TempTestSuite1591373123859.run(TempTestSuite1591373123859.groovy:37)
Caused by: org.openqa.selenium.ElementNotInteractableException: Element <button id="generalButton" class="cursor--pointer style--none"> could not be scrolled into view
Build info: version: '3.141.59', revision: 'e82be7d358', time: '2018-11-14T08:25:53'
System info: host: 'DESKTOP-D5IG9IP', ip: '192.168.56.1', os.name: 'Windows 10', os.arch: 'amd64', os.version: '10.0', java.version: '1.8.0_181'
Driver info: com.kms.katalon.core.webui.driver.firefox.CGeckoDriver
Capabilities {acceptInsecureCerts: true, browserName: firefox, browserVersion: 77.0.1, javascriptEnabled: true, moz:accessibilityChecks: false, moz:buildID: 20200602222727, moz:geckodriverVersion: 0.23.0, moz:headless: false, moz:processID: 17552, moz:profile: C:\Users\black\AppData\Loca..., moz:shutdownTimeout: 60000, moz:useNonSpecCompliantPointerOrigin: false, moz:webdriverClick: true, pageLoadStrategy: normal, platform: WINDOWS, platformName: WINDOWS, platformVersion: 10.0, proxy: Proxy(direct), rotatable: false, setWindowRect: true, strictFileInteractability: false, timeouts: {implicit: 0, pageLoad: 300000, script: 30000}, unhandledPromptBehavior: dismiss and notify}
Session ID: 7dcc2f17-5169-49fa-9819-256b9bd8a2b9
	at org.openqa.selenium.remote.http.W3CHttpResponseCodec.createException(W3CHttpResponseCodec.java:187)
	at org.openqa.selenium.remote.http.W3CHttpResponseCodec.decode(W3CHttpResponseCodec.java:122)
	at org.openqa.selenium.remote.http.W3CHttpResponseCodec.decode(W3CHttpResponseCodec.java:49)
	at org.openqa.selenium.remote.HttpCommandExecutor.execute(HttpCommandExecutor.java:158)
	at org.openqa.selenium.remote.service.DriverCommandExecutor.execute(DriverCommandExecutor.java:83)
	at org.openqa.selenium.remote.RemoteWebDriver.execute(RemoteWebDriver.java:552)
	at com.kms.katalon.selenium.driver.CFirefoxDriver.execute(CFirefoxDriver.java:27)
	at org.openqa.selenium.remote.RemoteWebElement.execute(RemoteWebElement.java:285)
	at org.openqa.selenium.remote.RemoteWebElement.click(RemoteWebElement.java:84)
	at org.openqa.selenium.support.events.EventFiringWebDriver$EventFiringWebElement.lambda$new$0(EventFiringWebDriver.java:404)
	at com.sun.proxy.$Proxy9.click(Unknown Source)
	at org.openqa.selenium.support.events.EventFiringWebDriver$EventFiringWebElement.click(EventFiringWebDriver.java:417)
	at com.kms.katalon.core.webui.keyword.builtin.ClickKeyword$_click_closure1.doCall(ClickKeyword.groovy:69)
	at com.kms.katalon.core.webui.keyword.builtin.ClickKeyword$_click_closure1.call(ClickKeyword.groovy)
	at com.kms.katalon.core.webui.keyword.internal.WebUIKeywordMain.runKeyword(WebUIKeywordMain.groovy:20)
	at com.kms.katalon.core.webui.keyword.builtin.ClickKeyword.click(ClickKeyword.groovy:76)
	at com.kms.katalon.core.webui.keyword.builtin.ClickKeyword.execute(ClickKeyword.groovy:43)
	at com.kms.katalon.core.keyword.internal.KeywordExecutor.executeKeywordForPlatform(KeywordExecutor.groovy:72)
	at com.kms.katalon.core.webui.keyword.WebUiBuiltInKeywords.click(WebUiBuiltInKeywords.groovy:616)
	at com.kms.katalon.core.webui.keyword.WebUiBuiltInKeywords$click$3.call(Unknown Source)
	at Script1591283901392.run(Script1591283901392.groovy:34)
	... 13 more
)
[[ATTACHMENT|D:\\katalon\\hw2-katalon-testing\\Reports\\20200605_230523\\Run_All_Test_Cases\\20200605_230523\\1591374379228.png]]

2020-06-05 23:26:19 - [TEST_STEP][PASSED] - Start tear down : Teardown: Method 'Teardown' complete successfully

2020-06-05 23:26:19 - [TEST_STEP][PASSED] - closeBrowser(): Browser is closed

2020-06-05 23:26:20 - [MESSAGE][PASSED] - Browser is closed

2020-06-05 23:26:20 - [MESSAGE][PASSED] - Method 'Teardown' complete successfully]]></system-out>
         <system-err><![CDATA[2020-06-05 23:25:52 - [TEST_CASE][FAILED] - Test Cases/Edit General Settings/TC_Edit_FullName: Test Cases/Edit General Settings/TC_Edit_FullName FAILED.
Reason:
com.kms.katalon.core.exception.StepFailedException: Unable to click on object 'Object Repository/Page_Town Square-Mattermost_Homepage/button_General'
	at com.kms.katalon.core.webui.keyword.internal.WebUIKeywordMain.stepFailed(WebUIKeywordMain.groovy:64)
	at com.kms.katalon.core.webui.keyword.internal.WebUIKeywordMain.runKeyword(WebUIKeywordMain.groovy:26)
	at com.kms.katalon.core.webui.keyword.builtin.ClickKeyword.click(ClickKeyword.groovy:76)
	at com.kms.katalon.core.webui.keyword.builtin.ClickKeyword.execute(ClickKeyword.groovy:43)
	at com.kms.katalon.core.keyword.internal.KeywordExecutor.executeKeywordForPlatform(KeywordExecutor.groovy:72)
	at com.kms.katalon.core.webui.keyword.WebUiBuiltInKeywords.click(WebUiBuiltInKeywords.groovy:616)
	at com.kms.katalon.core.webui.keyword.WebUiBuiltInKeywords$click$3.call(Unknown Source)
	at TC_Edit_FullName.run(TC_Edit_FullName:34)
	at com.kms.katalon.core.main.ScriptEngine.run(ScriptEngine.java:194)
	at com.kms.katalon.core.main.ScriptEngine.runScriptAsRawText(ScriptEngine.java:119)
	at com.kms.katalon.core.main.TestCaseExecutor.runScript(TestCaseExecutor.java:337)
	at com.kms.katalon.core.main.TestCaseExecutor.doExecute(TestCaseExecutor.java:328)
	at com.kms.katalon.core.main.TestCaseExecutor.processExecutionPhase(TestCaseExecutor.java:307)
	at com.kms.katalon.core.main.TestCaseExecutor.accessMainPhase(TestCaseExecutor.java:299)
	at com.kms.katalon.core.main.TestCaseExecutor.execute(TestCaseExecutor.java:233)
	at com.kms.katalon.core.main.TestSuiteExecutor.accessTestCaseMainPhase(TestSuiteExecutor.java:169)
	at com.kms.katalon.core.main.TestSuiteExecutor.accessTestSuiteMainPhase(TestSuiteExecutor.java:142)
	at com.kms.katalon.core.main.TestSuiteExecutor.execute(TestSuiteExecutor.java:91)
	at com.kms.katalon.core.main.TestCaseMain.startTestSuite(TestCaseMain.java:157)
	at com.kms.katalon.core.main.TestCaseMain$startTestSuite$0.call(Unknown Source)
	at TempTestSuite1591373123859.run(TempTestSuite1591373123859.groovy:37)
Caused by: org.openqa.selenium.ElementNotInteractableException: Element <button id="generalButton" class="cursor--pointer style--none"> could not be scrolled into view
Build info: version: '3.141.59', revision: 'e82be7d358', time: '2018-11-14T08:25:53'
System info: host: 'DESKTOP-D5IG9IP', ip: '192.168.56.1', os.name: 'Windows 10', os.arch: 'amd64', os.version: '10.0', java.version: '1.8.0_181'
Driver info: com.kms.katalon.core.webui.driver.firefox.CGeckoDriver
Capabilities {acceptInsecureCerts: true, browserName: firefox, browserVersion: 77.0.1, javascriptEnabled: true, moz:accessibilityChecks: false, moz:buildID: 20200602222727, moz:geckodriverVersion: 0.23.0, moz:headless: false, moz:processID: 17552, moz:profile: C:\Users\black\AppData\Loca..., moz:shutdownTimeout: 60000, moz:useNonSpecCompliantPointerOrigin: false, moz:webdriverClick: true, pageLoadStrategy: normal, platform: WINDOWS, platformName: WINDOWS, platformVersion: 10.0, proxy: Proxy(direct), rotatable: false, setWindowRect: true, strictFileInteractability: false, timeouts: {implicit: 0, pageLoad: 300000, script: 30000}, unhandledPromptBehavior: dismiss and notify}
Session ID: 7dcc2f17-5169-49fa-9819-256b9bd8a2b9
	at org.openqa.selenium.remote.http.W3CHttpResponseCodec.createException(W3CHttpResponseCodec.java:187)
	at org.openqa.selenium.remote.http.W3CHttpResponseCodec.decode(W3CHttpResponseCodec.java:122)
	at org.openqa.selenium.remote.http.W3CHttpResponseCodec.decode(W3CHttpResponseCodec.java:49)
	at org.openqa.selenium.remote.HttpCommandExecutor.execute(HttpCommandExecutor.java:158)
	at org.openqa.selenium.remote.service.DriverCommandExecutor.execute(DriverCommandExecutor.java:83)
	at org.openqa.selenium.remote.RemoteWebDriver.execute(RemoteWebDriver.java:552)
	at com.kms.katalon.selenium.driver.CFirefoxDriver.execute(CFirefoxDriver.java:27)
	at org.openqa.selenium.remote.RemoteWebElement.execute(RemoteWebElement.java:285)
	at org.openqa.selenium.remote.RemoteWebElement.click(RemoteWebElement.java:84)
	at org.openqa.selenium.support.events.EventFiringWebDriver$EventFiringWebElement.lambda$new$0(EventFiringWebDriver.java:404)
	at com.sun.proxy.$Proxy9.click(Unknown Source)
	at org.openqa.selenium.support.events.EventFiringWebDriver$EventFiringWebElement.click(EventFiringWebDriver.java:417)
	at com.kms.katalon.core.webui.keyword.builtin.ClickKeyword$_click_closure1.doCall(ClickKeyword.groovy:69)
	at com.kms.katalon.core.webui.keyword.builtin.ClickKeyword$_click_closure1.call(ClickKeyword.groovy)
	at com.kms.katalon.core.webui.keyword.internal.WebUIKeywordMain.runKeyword(WebUIKeywordMain.groovy:20)
	... 19 more]]></system-err>
      </testcase>
      <testcase name="Test Cases/Edit General Settings/TC_Edit_FullName" time="21.352" classname="Test Cases/Edit General Settings/TC_Edit_FullName" status="FAILED">
         <failure type="FAILED" message="Test Cases/Edit General Settings/TC_Edit_FullName FAILED.
Reason:
com.kms.katalon.core.exception.StepFailedException: Unable to click on object 'Object Repository/Page_Town Square-Mattermost_Homepage/span_Account Settings'
	at com.kms.katalon.core.webui.keyword.internal.WebUIKeywordMain.stepFailed(WebUIKeywordMain.groovy:64)
	at com.kms.katalon.core.webui.keyword.internal.WebUIKeywordMain.runKeyword(WebUIKeywordMain.groovy:26)
	at com.kms.katalon.core.webui.keyword.builtin.ClickKeyword.click(ClickKeyword.groovy:76)
	at com.kms.katalon.core.webui.keyword.builtin.ClickKeyword.execute(ClickKeyword.groovy:43)
	at com.kms.katalon.core.keyword.internal.KeywordExecutor.executeKeywordForPlatform(KeywordExecutor.groovy:72)
	at com.kms.katalon.core.webui.keyword.WebUiBuiltInKeywords.click(WebUiBuiltInKeywords.groovy:616)
	at com.kms.katalon.core.webui.keyword.WebUiBuiltInKeywords$click$3.call(Unknown Source)
	at TC_Edit_FullName.run(TC_Edit_FullName:32)
	at com.kms.katalon.core.main.ScriptEngine.run(ScriptEngine.java:194)
	at com.kms.katalon.core.main.ScriptEngine.runScriptAsRawText(ScriptEngine.java:119)
	at com.kms.katalon.core.main.TestCaseExecutor.runScript(TestCaseExecutor.java:337)
	at com.kms.katalon.core.main.TestCaseExecutor.doExecute(TestCaseExecutor.java:328)
	at com.kms.katalon.core.main.TestCaseExecutor.processExecutionPhase(TestCaseExecutor.java:307)
	at com.kms.katalon.core.main.TestCaseExecutor.accessMainPhase(TestCaseExecutor.java:299)
	at com.kms.katalon.core.main.TestCaseExecutor.execute(TestCaseExecutor.java:233)
	at com.kms.katalon.core.main.TestSuiteExecutor.accessTestCaseMainPhase(TestSuiteExecutor.java:169)
	at com.kms.katalon.core.main.TestSuiteExecutor.accessTestSuiteMainPhase(TestSuiteExecutor.java:142)
	at com.kms.katalon.core.main.TestSuiteExecutor.execute(TestSuiteExecutor.java:91)
	at com.kms.katalon.core.main.TestCaseMain.startTestSuite(TestCaseMain.java:157)
	at com.kms.katalon.core.main.TestCaseMain$startTestSuite$0.call(Unknown Source)
	at TempTestSuite1591373123859.run(TempTestSuite1591373123859.groovy:37)
Caused by: org.openqa.selenium.ElementClickInterceptedException: Element &lt;span class=&quot;MenuItem__primary-text&quot;> is not clickable at point (186,114) because another element &lt;span> obscures it
Build info: version: '3.141.59', revision: 'e82be7d358', time: '2018-11-14T08:25:53'
System info: host: 'DESKTOP-D5IG9IP', ip: '192.168.56.1', os.name: 'Windows 10', os.arch: 'amd64', os.version: '10.0', java.version: '1.8.0_181'
Driver info: com.kms.katalon.core.webui.driver.firefox.CGeckoDriver
Capabilities {acceptInsecureCerts: true, browserName: firefox, browserVersion: 77.0.1, javascriptEnabled: true, moz:accessibilityChecks: false, moz:buildID: 20200602222727, moz:geckodriverVersion: 0.23.0, moz:headless: false, moz:processID: 15640, moz:profile: C:\Users\black\AppData\Loca..., moz:shutdownTimeout: 60000, moz:useNonSpecCompliantPointerOrigin: false, moz:webdriverClick: true, pageLoadStrategy: normal, platform: WINDOWS, platformName: WINDOWS, platformVersion: 10.0, proxy: Proxy(direct), rotatable: false, setWindowRect: true, strictFileInteractability: false, timeouts: {implicit: 0, pageLoad: 300000, script: 30000}, unhandledPromptBehavior: dismiss and notify}
Session ID: 4bb99572-7873-443f-9806-93a904173954
	at org.openqa.selenium.remote.http.W3CHttpResponseCodec.createException(W3CHttpResponseCodec.java:187)
	at org.openqa.selenium.remote.http.W3CHttpResponseCodec.decode(W3CHttpResponseCodec.java:122)
	at org.openqa.selenium.remote.http.W3CHttpResponseCodec.decode(W3CHttpResponseCodec.java:49)
	at org.openqa.selenium.remote.HttpCommandExecutor.execute(HttpCommandExecutor.java:158)
	at org.openqa.selenium.remote.service.DriverCommandExecutor.execute(DriverCommandExecutor.java:83)
	at org.openqa.selenium.remote.RemoteWebDriver.execute(RemoteWebDriver.java:552)
	at com.kms.katalon.selenium.driver.CFirefoxDriver.execute(CFirefoxDriver.java:27)
	at org.openqa.selenium.remote.RemoteWebElement.execute(RemoteWebElement.java:285)
	at org.openqa.selenium.remote.RemoteWebElement.click(RemoteWebElement.java:84)
	at org.openqa.selenium.support.events.EventFiringWebDriver$EventFiringWebElement.lambda$new$0(EventFiringWebDriver.java:404)
	at com.sun.proxy.$Proxy9.click(Unknown Source)
	at org.openqa.selenium.support.events.EventFiringWebDriver$EventFiringWebElement.click(EventFiringWebDriver.java:417)
	at com.kms.katalon.core.webui.keyword.builtin.ClickKeyword$_click_closure1.doCall(ClickKeyword.groovy:69)
	at com.kms.katalon.core.webui.keyword.builtin.ClickKeyword$_click_closure1.call(ClickKeyword.groovy)
	at com.kms.katalon.core.webui.keyword.internal.WebUIKeywordMain.runKeyword(WebUIKeywordMain.groovy:20)
	... 19 more
"/>
         <system-out><![CDATA[2020-06-05 23:26:20 - [TEST_CASE][FAILED] - Test Cases/Edit General Settings/TC_Edit_FullName: Test Cases/Edit General Settings/TC_Edit_FullName FAILED.
Reason:
com.kms.katalon.core.exception.StepFailedException: Unable to click on object 'Object Repository/Page_Town Square-Mattermost_Homepage/span_Account Settings'
	at com.kms.katalon.core.webui.keyword.internal.WebUIKeywordMain.stepFailed(WebUIKeywordMain.groovy:64)
	at com.kms.katalon.core.webui.keyword.internal.WebUIKeywordMain.runKeyword(WebUIKeywordMain.groovy:26)
	at com.kms.katalon.core.webui.keyword.builtin.ClickKeyword.click(ClickKeyword.groovy:76)
	at com.kms.katalon.core.webui.keyword.builtin.ClickKeyword.execute(ClickKeyword.groovy:43)
	at com.kms.katalon.core.keyword.internal.KeywordExecutor.executeKeywordForPlatform(KeywordExecutor.groovy:72)
	at com.kms.katalon.core.webui.keyword.WebUiBuiltInKeywords.click(WebUiBuiltInKeywords.groovy:616)
	at com.kms.katalon.core.webui.keyword.WebUiBuiltInKeywords$click$3.call(Unknown Source)
	at TC_Edit_FullName.run(TC_Edit_FullName:32)
	at com.kms.katalon.core.main.ScriptEngine.run(ScriptEngine.java:194)
	at com.kms.katalon.core.main.ScriptEngine.runScriptAsRawText(ScriptEngine.java:119)
	at com.kms.katalon.core.main.TestCaseExecutor.runScript(TestCaseExecutor.java:337)
	at com.kms.katalon.core.main.TestCaseExecutor.doExecute(TestCaseExecutor.java:328)
	at com.kms.katalon.core.main.TestCaseExecutor.processExecutionPhase(TestCaseExecutor.java:307)
	at com.kms.katalon.core.main.TestCaseExecutor.accessMainPhase(TestCaseExecutor.java:299)
	at com.kms.katalon.core.main.TestCaseExecutor.execute(TestCaseExecutor.java:233)
	at com.kms.katalon.core.main.TestSuiteExecutor.accessTestCaseMainPhase(TestSuiteExecutor.java:169)
	at com.kms.katalon.core.main.TestSuiteExecutor.accessTestSuiteMainPhase(TestSuiteExecutor.java:142)
	at com.kms.katalon.core.main.TestSuiteExecutor.execute(TestSuiteExecutor.java:91)
	at com.kms.katalon.core.main.TestCaseMain.startTestSuite(TestCaseMain.java:157)
	at com.kms.katalon.core.main.TestCaseMain$startTestSuite$0.call(Unknown Source)
	at TempTestSuite1591373123859.run(TempTestSuite1591373123859.groovy:37)
Caused by: org.openqa.selenium.ElementClickInterceptedException: Element <span class="MenuItem__primary-text"> is not clickable at point (186,114) because another element <span> obscures it
Build info: version: '3.141.59', revision: 'e82be7d358', time: '2018-11-14T08:25:53'
System info: host: 'DESKTOP-D5IG9IP', ip: '192.168.56.1', os.name: 'Windows 10', os.arch: 'amd64', os.version: '10.0', java.version: '1.8.0_181'
Driver info: com.kms.katalon.core.webui.driver.firefox.CGeckoDriver
Capabilities {acceptInsecureCerts: true, browserName: firefox, browserVersion: 77.0.1, javascriptEnabled: true, moz:accessibilityChecks: false, moz:buildID: 20200602222727, moz:geckodriverVersion: 0.23.0, moz:headless: false, moz:processID: 15640, moz:profile: C:\Users\black\AppData\Loca..., moz:shutdownTimeout: 60000, moz:useNonSpecCompliantPointerOrigin: false, moz:webdriverClick: true, pageLoadStrategy: normal, platform: WINDOWS, platformName: WINDOWS, platformVersion: 10.0, proxy: Proxy(direct), rotatable: false, setWindowRect: true, strictFileInteractability: false, timeouts: {implicit: 0, pageLoad: 300000, script: 30000}, unhandledPromptBehavior: dismiss and notify}
Session ID: 4bb99572-7873-443f-9806-93a904173954
	at org.openqa.selenium.remote.http.W3CHttpResponseCodec.createException(W3CHttpResponseCodec.java:187)
	at org.openqa.selenium.remote.http.W3CHttpResponseCodec.decode(W3CHttpResponseCodec.java:122)
	at org.openqa.selenium.remote.http.W3CHttpResponseCodec.decode(W3CHttpResponseCodec.java:49)
	at org.openqa.selenium.remote.HttpCommandExecutor.execute(HttpCommandExecutor.java:158)
	at org.openqa.selenium.remote.service.DriverCommandExecutor.execute(DriverCommandExecutor.java:83)
	at org.openqa.selenium.remote.RemoteWebDriver.execute(RemoteWebDriver.java:552)
	at com.kms.katalon.selenium.driver.CFirefoxDriver.execute(CFirefoxDriver.java:27)
	at org.openqa.selenium.remote.RemoteWebElement.execute(RemoteWebElement.java:285)
	at org.openqa.selenium.remote.RemoteWebElement.click(RemoteWebElement.java:84)
	at org.openqa.selenium.support.events.EventFiringWebDriver$EventFiringWebElement.lambda$new$0(EventFiringWebDriver.java:404)
	at com.sun.proxy.$Proxy9.click(Unknown Source)
	at org.openqa.selenium.support.events.EventFiringWebDriver$EventFiringWebElement.click(EventFiringWebDriver.java:417)
	at com.kms.katalon.core.webui.keyword.builtin.ClickKeyword$_click_closure1.doCall(ClickKeyword.groovy:69)
	at com.kms.katalon.core.webui.keyword.builtin.ClickKeyword$_click_closure1.call(ClickKeyword.groovy)
	at com.kms.katalon.core.webui.keyword.internal.WebUIKeywordMain.runKeyword(WebUIKeywordMain.groovy:20)
	... 19 more


2020-06-05 23:26:20 - [TEST_STEP][PASSED] - Start setup action : Setup: Method 'Setup' complete successfully

2020-06-05 23:26:20 - [TEST_STEP][PASSED] - openBrowser("http://192.168.1.10:8065/login"): Browser is opened with url: 'http://192.168.1.10:8065/login'

2020-06-05 23:26:20 - [MESSAGE][INFO] - Starting 'Firefox' driver

2020-06-05 23:26:20 - [MESSAGE][INFO] - Action delay is set to 0 milliseconds

2020-06-05 23:26:25 - [MESSAGE][PASSED] - Browser is opened with url: 'http://192.168.1.10:8065/login'

2020-06-05 23:26:25 - [MESSAGE][PASSED] - Method 'Setup' complete successfully

2020-06-05 23:26:25 - [TEST_STEP][PASSED] - callTestCase(findTestCase("Test Cases/Login/login_function"), ["var_user":"tlvietdanh@gmail.com", "var_password":"13101998"], STOP_ON_FAILURE): Call Test Case 'Test Cases/Login/login_function' successfully

2020-06-05 23:26:25 - [TEST_CASE][PASSED] - Test Cases/Login/login_function: Test Cases/Login/login_function

2020-06-05 23:26:25 - [TEST_STEP][PASSED] - setText(findTestObject("Object Repository/Page_Mattermost_login/input_loginId"), var_user): Text 'tlvietdanh@gmail.com' is set on object 'Object Repository/Page_Mattermost_login/input_loginId'

2020-06-05 23:26:29 - [MESSAGE][PASSED] - Text 'tlvietdanh@gmail.com' is set on object 'Object Repository/Page_Mattermost_login/input_loginId'

2020-06-05 23:26:29 - [TEST_STEP][PASSED] - setText(findTestObject("Object Repository/Page_Mattermost_login/input_password"), var_password): Text '13101998' is set on object 'Object Repository/Page_Mattermost_login/input_password'

2020-06-05 23:26:33 - [MESSAGE][PASSED] - Text '13101998' is set on object 'Object Repository/Page_Mattermost_login/input_password'

2020-06-05 23:26:33 - [TEST_STEP][PASSED] - click(findTestObject("Object Repository/Page_Mattermost_login/span_Sign in")): Object: 'Object Repository/Page_Mattermost_login/span_Sign in' is clicked on

2020-06-05 23:26:36 - [MESSAGE][PASSED] - Object: 'Object Repository/Page_Mattermost_login/span_Sign in' is clicked on

2020-06-05 23:26:36 - [MESSAGE][PASSED] - Call Test Case 'Test Cases/Login/login_function' successfully

2020-06-05 23:26:36 - [TEST_STEP][PASSED] - click(findTestObject("Object Repository/Page_Town Square-Mattermost_Homepage/span-mainmenu")): Object: 'Object Repository/Page_Town Square-Mattermost_Homepage/span-mainmenu' is clicked on

2020-06-05 23:26:38 - [MESSAGE][PASSED] - Object: 'Object Repository/Page_Town Square-Mattermost_Homepage/span-mainmenu' is clicked on

2020-06-05 23:26:38 - [TEST_STEP][FAILED] - click(findTestObject("Object Repository/Page_Town Square-Mattermost_Homepage/span_Account Settings")): Unable to click on object 'Object Repository/Page_Town Square-Mattermost_Homepage/span_Account Settings' (Root cause: com.kms.katalon.core.exception.StepFailedException: Unable to click on object 'Object Repository/Page_Town Square-Mattermost_Homepage/span_Account Settings'
	at com.kms.katalon.core.webui.keyword.internal.WebUIKeywordMain.stepFailed(WebUIKeywordMain.groovy:64)
	at com.kms.katalon.core.webui.keyword.internal.WebUIKeywordMain.runKeyword(WebUIKeywordMain.groovy:26)
	at com.kms.katalon.core.webui.keyword.builtin.ClickKeyword.click(ClickKeyword.groovy:76)
	at com.kms.katalon.core.webui.keyword.builtin.ClickKeyword.execute(ClickKeyword.groovy:43)
	at com.kms.katalon.core.keyword.internal.KeywordExecutor.executeKeywordForPlatform(KeywordExecutor.groovy:72)
	at com.kms.katalon.core.webui.keyword.WebUiBuiltInKeywords.click(WebUiBuiltInKeywords.groovy:616)
	at com.kms.katalon.core.webui.keyword.WebUiBuiltInKeywords$click$3.call(Unknown Source)
	at TC_Edit_FullName.run(TC_Edit_FullName:32)
	at com.kms.katalon.core.main.ScriptEngine.run(ScriptEngine.java:194)
	at com.kms.katalon.core.main.ScriptEngine.runScriptAsRawText(ScriptEngine.java:119)
	at com.kms.katalon.core.main.TestCaseExecutor.runScript(TestCaseExecutor.java:337)
	at com.kms.katalon.core.main.TestCaseExecutor.doExecute(TestCaseExecutor.java:328)
	at com.kms.katalon.core.main.TestCaseExecutor.processExecutionPhase(TestCaseExecutor.java:307)
	at com.kms.katalon.core.main.TestCaseExecutor.accessMainPhase(TestCaseExecutor.java:299)
	at com.kms.katalon.core.main.TestCaseExecutor.execute(TestCaseExecutor.java:233)
	at com.kms.katalon.core.main.TestSuiteExecutor.accessTestCaseMainPhase(TestSuiteExecutor.java:169)
	at com.kms.katalon.core.main.TestSuiteExecutor.accessTestSuiteMainPhase(TestSuiteExecutor.java:142)
	at com.kms.katalon.core.main.TestSuiteExecutor.execute(TestSuiteExecutor.java:91)
	at com.kms.katalon.core.main.TestCaseMain.startTestSuite(TestCaseMain.java:157)
	at com.kms.katalon.core.main.TestCaseMain$startTestSuite$0.call(Unknown Source)
	at TempTestSuite1591373123859.run(TempTestSuite1591373123859.groovy:37)
Caused by: org.openqa.selenium.ElementClickInterceptedException: Element <span class="MenuItem__primary-text"> is not clickable at point (186,114) because another element <span> obscures it
Build info: version: '3.141.59', revision: 'e82be7d358', time: '2018-11-14T08:25:53'
System info: host: 'DESKTOP-D5IG9IP', ip: '192.168.56.1', os.name: 'Windows 10', os.arch: 'amd64', os.version: '10.0', java.version: '1.8.0_181'
Driver info: com.kms.katalon.core.webui.driver.firefox.CGeckoDriver
Capabilities {acceptInsecureCerts: true, browserName: firefox, browserVersion: 77.0.1, javascriptEnabled: true, moz:accessibilityChecks: false, moz:buildID: 20200602222727, moz:geckodriverVersion: 0.23.0, moz:headless: false, moz:processID: 15640, moz:profile: C:\Users\black\AppData\Loca..., moz:shutdownTimeout: 60000, moz:useNonSpecCompliantPointerOrigin: false, moz:webdriverClick: true, pageLoadStrategy: normal, platform: WINDOWS, platformName: WINDOWS, platformVersion: 10.0, proxy: Proxy(direct), rotatable: false, setWindowRect: true, strictFileInteractability: false, timeouts: {implicit: 0, pageLoad: 300000, script: 30000}, unhandledPromptBehavior: dismiss and notify}
Session ID: 4bb99572-7873-443f-9806-93a904173954
	at org.openqa.selenium.remote.http.W3CHttpResponseCodec.createException(W3CHttpResponseCodec.java:187)
	at org.openqa.selenium.remote.http.W3CHttpResponseCodec.decode(W3CHttpResponseCodec.java:122)
	at org.openqa.selenium.remote.http.W3CHttpResponseCodec.decode(W3CHttpResponseCodec.java:49)
	at org.openqa.selenium.remote.HttpCommandExecutor.execute(HttpCommandExecutor.java:158)
	at org.openqa.selenium.remote.service.DriverCommandExecutor.execute(DriverCommandExecutor.java:83)
	at org.openqa.selenium.remote.RemoteWebDriver.execute(RemoteWebDriver.java:552)
	at com.kms.katalon.selenium.driver.CFirefoxDriver.execute(CFirefoxDriver.java:27)
	at org.openqa.selenium.remote.RemoteWebElement.execute(RemoteWebElement.java:285)
	at org.openqa.selenium.remote.RemoteWebElement.click(RemoteWebElement.java:84)
	at org.openqa.selenium.support.events.EventFiringWebDriver$EventFiringWebElement.lambda$new$0(EventFiringWebDriver.java:404)
	at com.sun.proxy.$Proxy9.click(Unknown Source)
	at org.openqa.selenium.support.events.EventFiringWebDriver$EventFiringWebElement.click(EventFiringWebDriver.java:417)
	at com.kms.katalon.core.webui.keyword.builtin.ClickKeyword$_click_closure1.doCall(ClickKeyword.groovy:69)
	at com.kms.katalon.core.webui.keyword.builtin.ClickKeyword$_click_closure1.call(ClickKeyword.groovy)
	at com.kms.katalon.core.webui.keyword.internal.WebUIKeywordMain.runKeyword(WebUIKeywordMain.groovy:20)
	at com.kms.katalon.core.webui.keyword.builtin.ClickKeyword.click(ClickKeyword.groovy:76)
	at com.kms.katalon.core.webui.keyword.builtin.ClickKeyword.execute(ClickKeyword.groovy:43)
	at com.kms.katalon.core.keyword.internal.KeywordExecutor.executeKeywordForPlatform(KeywordExecutor.groovy:72)
	at com.kms.katalon.core.webui.keyword.WebUiBuiltInKeywords.click(WebUiBuiltInKeywords.groovy:616)
	at com.kms.katalon.core.webui.keyword.WebUiBuiltInKeywords$click$3.call(Unknown Source)
	at Script1591283901392.run(Script1591283901392.groovy:32)
	... 13 more
)

2020-06-05 23:26:40 - [MESSAGE][FAILED] - Unable to click on object 'Object Repository/Page_Town Square-Mattermost_Homepage/span_Account Settings' (Root cause: com.kms.katalon.core.exception.StepFailedException: Unable to click on object 'Object Repository/Page_Town Square-Mattermost_Homepage/span_Account Settings'
	at com.kms.katalon.core.webui.keyword.internal.WebUIKeywordMain.stepFailed(WebUIKeywordMain.groovy:64)
	at com.kms.katalon.core.webui.keyword.internal.WebUIKeywordMain.runKeyword(WebUIKeywordMain.groovy:26)
	at com.kms.katalon.core.webui.keyword.builtin.ClickKeyword.click(ClickKeyword.groovy:76)
	at com.kms.katalon.core.webui.keyword.builtin.ClickKeyword.execute(ClickKeyword.groovy:43)
	at com.kms.katalon.core.keyword.internal.KeywordExecutor.executeKeywordForPlatform(KeywordExecutor.groovy:72)
	at com.kms.katalon.core.webui.keyword.WebUiBuiltInKeywords.click(WebUiBuiltInKeywords.groovy:616)
	at com.kms.katalon.core.webui.keyword.WebUiBuiltInKeywords$click$3.call(Unknown Source)
	at TC_Edit_FullName.run(TC_Edit_FullName:32)
	at com.kms.katalon.core.main.ScriptEngine.run(ScriptEngine.java:194)
	at com.kms.katalon.core.main.ScriptEngine.runScriptAsRawText(ScriptEngine.java:119)
	at com.kms.katalon.core.main.TestCaseExecutor.runScript(TestCaseExecutor.java:337)
	at com.kms.katalon.core.main.TestCaseExecutor.doExecute(TestCaseExecutor.java:328)
	at com.kms.katalon.core.main.TestCaseExecutor.processExecutionPhase(TestCaseExecutor.java:307)
	at com.kms.katalon.core.main.TestCaseExecutor.accessMainPhase(TestCaseExecutor.java:299)
	at com.kms.katalon.core.main.TestCaseExecutor.execute(TestCaseExecutor.java:233)
	at com.kms.katalon.core.main.TestSuiteExecutor.accessTestCaseMainPhase(TestSuiteExecutor.java:169)
	at com.kms.katalon.core.main.TestSuiteExecutor.accessTestSuiteMainPhase(TestSuiteExecutor.java:142)
	at com.kms.katalon.core.main.TestSuiteExecutor.execute(TestSuiteExecutor.java:91)
	at com.kms.katalon.core.main.TestCaseMain.startTestSuite(TestCaseMain.java:157)
	at com.kms.katalon.core.main.TestCaseMain$startTestSuite$0.call(Unknown Source)
	at TempTestSuite1591373123859.run(TempTestSuite1591373123859.groovy:37)
Caused by: org.openqa.selenium.ElementClickInterceptedException: Element <span class="MenuItem__primary-text"> is not clickable at point (186,114) because another element <span> obscures it
Build info: version: '3.141.59', revision: 'e82be7d358', time: '2018-11-14T08:25:53'
System info: host: 'DESKTOP-D5IG9IP', ip: '192.168.56.1', os.name: 'Windows 10', os.arch: 'amd64', os.version: '10.0', java.version: '1.8.0_181'
Driver info: com.kms.katalon.core.webui.driver.firefox.CGeckoDriver
Capabilities {acceptInsecureCerts: true, browserName: firefox, browserVersion: 77.0.1, javascriptEnabled: true, moz:accessibilityChecks: false, moz:buildID: 20200602222727, moz:geckodriverVersion: 0.23.0, moz:headless: false, moz:processID: 15640, moz:profile: C:\Users\black\AppData\Loca..., moz:shutdownTimeout: 60000, moz:useNonSpecCompliantPointerOrigin: false, moz:webdriverClick: true, pageLoadStrategy: normal, platform: WINDOWS, platformName: WINDOWS, platformVersion: 10.0, proxy: Proxy(direct), rotatable: false, setWindowRect: true, strictFileInteractability: false, timeouts: {implicit: 0, pageLoad: 300000, script: 30000}, unhandledPromptBehavior: dismiss and notify}
Session ID: 4bb99572-7873-443f-9806-93a904173954
	at org.openqa.selenium.remote.http.W3CHttpResponseCodec.createException(W3CHttpResponseCodec.java:187)
	at org.openqa.selenium.remote.http.W3CHttpResponseCodec.decode(W3CHttpResponseCodec.java:122)
	at org.openqa.selenium.remote.http.W3CHttpResponseCodec.decode(W3CHttpResponseCodec.java:49)
	at org.openqa.selenium.remote.HttpCommandExecutor.execute(HttpCommandExecutor.java:158)
	at org.openqa.selenium.remote.service.DriverCommandExecutor.execute(DriverCommandExecutor.java:83)
	at org.openqa.selenium.remote.RemoteWebDriver.execute(RemoteWebDriver.java:552)
	at com.kms.katalon.selenium.driver.CFirefoxDriver.execute(CFirefoxDriver.java:27)
	at org.openqa.selenium.remote.RemoteWebElement.execute(RemoteWebElement.java:285)
	at org.openqa.selenium.remote.RemoteWebElement.click(RemoteWebElement.java:84)
	at org.openqa.selenium.support.events.EventFiringWebDriver$EventFiringWebElement.lambda$new$0(EventFiringWebDriver.java:404)
	at com.sun.proxy.$Proxy9.click(Unknown Source)
	at org.openqa.selenium.support.events.EventFiringWebDriver$EventFiringWebElement.click(EventFiringWebDriver.java:417)
	at com.kms.katalon.core.webui.keyword.builtin.ClickKeyword$_click_closure1.doCall(ClickKeyword.groovy:69)
	at com.kms.katalon.core.webui.keyword.builtin.ClickKeyword$_click_closure1.call(ClickKeyword.groovy)
	at com.kms.katalon.core.webui.keyword.internal.WebUIKeywordMain.runKeyword(WebUIKeywordMain.groovy:20)
	at com.kms.katalon.core.webui.keyword.builtin.ClickKeyword.click(ClickKeyword.groovy:76)
	at com.kms.katalon.core.webui.keyword.builtin.ClickKeyword.execute(ClickKeyword.groovy:43)
	at com.kms.katalon.core.keyword.internal.KeywordExecutor.executeKeywordForPlatform(KeywordExecutor.groovy:72)
	at com.kms.katalon.core.webui.keyword.WebUiBuiltInKeywords.click(WebUiBuiltInKeywords.groovy:616)
	at com.kms.katalon.core.webui.keyword.WebUiBuiltInKeywords$click$3.call(Unknown Source)
	at Script1591283901392.run(Script1591283901392.groovy:32)
	... 13 more
)
[[ATTACHMENT|D:\\katalon\\hw2-katalon-testing\\Reports\\20200605_230523\\Run_All_Test_Cases\\20200605_230523\\1591374400721.png]]

2020-06-05 23:26:40 - [TEST_STEP][PASSED] - Start tear down : Teardown: Method 'Teardown' complete successfully

2020-06-05 23:26:40 - [TEST_STEP][PASSED] - closeBrowser(): Browser is closed

2020-06-05 23:26:41 - [MESSAGE][PASSED] - Browser is closed

2020-06-05 23:26:41 - [MESSAGE][PASSED] - Method 'Teardown' complete successfully]]></system-out>
         <system-err><![CDATA[2020-06-05 23:26:20 - [TEST_CASE][FAILED] - Test Cases/Edit General Settings/TC_Edit_FullName: Test Cases/Edit General Settings/TC_Edit_FullName FAILED.
Reason:
com.kms.katalon.core.exception.StepFailedException: Unable to click on object 'Object Repository/Page_Town Square-Mattermost_Homepage/span_Account Settings'
	at com.kms.katalon.core.webui.keyword.internal.WebUIKeywordMain.stepFailed(WebUIKeywordMain.groovy:64)
	at com.kms.katalon.core.webui.keyword.internal.WebUIKeywordMain.runKeyword(WebUIKeywordMain.groovy:26)
	at com.kms.katalon.core.webui.keyword.builtin.ClickKeyword.click(ClickKeyword.groovy:76)
	at com.kms.katalon.core.webui.keyword.builtin.ClickKeyword.execute(ClickKeyword.groovy:43)
	at com.kms.katalon.core.keyword.internal.KeywordExecutor.executeKeywordForPlatform(KeywordExecutor.groovy:72)
	at com.kms.katalon.core.webui.keyword.WebUiBuiltInKeywords.click(WebUiBuiltInKeywords.groovy:616)
	at com.kms.katalon.core.webui.keyword.WebUiBuiltInKeywords$click$3.call(Unknown Source)
	at TC_Edit_FullName.run(TC_Edit_FullName:32)
	at com.kms.katalon.core.main.ScriptEngine.run(ScriptEngine.java:194)
	at com.kms.katalon.core.main.ScriptEngine.runScriptAsRawText(ScriptEngine.java:119)
	at com.kms.katalon.core.main.TestCaseExecutor.runScript(TestCaseExecutor.java:337)
	at com.kms.katalon.core.main.TestCaseExecutor.doExecute(TestCaseExecutor.java:328)
	at com.kms.katalon.core.main.TestCaseExecutor.processExecutionPhase(TestCaseExecutor.java:307)
	at com.kms.katalon.core.main.TestCaseExecutor.accessMainPhase(TestCaseExecutor.java:299)
	at com.kms.katalon.core.main.TestCaseExecutor.execute(TestCaseExecutor.java:233)
	at com.kms.katalon.core.main.TestSuiteExecutor.accessTestCaseMainPhase(TestSuiteExecutor.java:169)
	at com.kms.katalon.core.main.TestSuiteExecutor.accessTestSuiteMainPhase(TestSuiteExecutor.java:142)
	at com.kms.katalon.core.main.TestSuiteExecutor.execute(TestSuiteExecutor.java:91)
	at com.kms.katalon.core.main.TestCaseMain.startTestSuite(TestCaseMain.java:157)
	at com.kms.katalon.core.main.TestCaseMain$startTestSuite$0.call(Unknown Source)
	at TempTestSuite1591373123859.run(TempTestSuite1591373123859.groovy:37)
Caused by: org.openqa.selenium.ElementClickInterceptedException: Element <span class="MenuItem__primary-text"> is not clickable at point (186,114) because another element <span> obscures it
Build info: version: '3.141.59', revision: 'e82be7d358', time: '2018-11-14T08:25:53'
System info: host: 'DESKTOP-D5IG9IP', ip: '192.168.56.1', os.name: 'Windows 10', os.arch: 'amd64', os.version: '10.0', java.version: '1.8.0_181'
Driver info: com.kms.katalon.core.webui.driver.firefox.CGeckoDriver
Capabilities {acceptInsecureCerts: true, browserName: firefox, browserVersion: 77.0.1, javascriptEnabled: true, moz:accessibilityChecks: false, moz:buildID: 20200602222727, moz:geckodriverVersion: 0.23.0, moz:headless: false, moz:processID: 15640, moz:profile: C:\Users\black\AppData\Loca..., moz:shutdownTimeout: 60000, moz:useNonSpecCompliantPointerOrigin: false, moz:webdriverClick: true, pageLoadStrategy: normal, platform: WINDOWS, platformName: WINDOWS, platformVersion: 10.0, proxy: Proxy(direct), rotatable: false, setWindowRect: true, strictFileInteractability: false, timeouts: {implicit: 0, pageLoad: 300000, script: 30000}, unhandledPromptBehavior: dismiss and notify}
Session ID: 4bb99572-7873-443f-9806-93a904173954
	at org.openqa.selenium.remote.http.W3CHttpResponseCodec.createException(W3CHttpResponseCodec.java:187)
	at org.openqa.selenium.remote.http.W3CHttpResponseCodec.decode(W3CHttpResponseCodec.java:122)
	at org.openqa.selenium.remote.http.W3CHttpResponseCodec.decode(W3CHttpResponseCodec.java:49)
	at org.openqa.selenium.remote.HttpCommandExecutor.execute(HttpCommandExecutor.java:158)
	at org.openqa.selenium.remote.service.DriverCommandExecutor.execute(DriverCommandExecutor.java:83)
	at org.openqa.selenium.remote.RemoteWebDriver.execute(RemoteWebDriver.java:552)
	at com.kms.katalon.selenium.driver.CFirefoxDriver.execute(CFirefoxDriver.java:27)
	at org.openqa.selenium.remote.RemoteWebElement.execute(RemoteWebElement.java:285)
	at org.openqa.selenium.remote.RemoteWebElement.click(RemoteWebElement.java:84)
	at org.openqa.selenium.support.events.EventFiringWebDriver$EventFiringWebElement.lambda$new$0(EventFiringWebDriver.java:404)
	at com.sun.proxy.$Proxy9.click(Unknown Source)
	at org.openqa.selenium.support.events.EventFiringWebDriver$EventFiringWebElement.click(EventFiringWebDriver.java:417)
	at com.kms.katalon.core.webui.keyword.builtin.ClickKeyword$_click_closure1.doCall(ClickKeyword.groovy:69)
	at com.kms.katalon.core.webui.keyword.builtin.ClickKeyword$_click_closure1.call(ClickKeyword.groovy)
	at com.kms.katalon.core.webui.keyword.internal.WebUIKeywordMain.runKeyword(WebUIKeywordMain.groovy:20)
	... 19 more]]></system-err>
      </testcase>
      <testcase name="Test Cases/Edit General Settings/TC_Edit_FullName" time="15.049" classname="Test Cases/Edit General Settings/TC_Edit_FullName" status="PASSED">
         <system-out><![CDATA[2020-06-05 23:26:41 - [TEST_CASE][PASSED] - Test Cases/Edit General Settings/TC_Edit_FullName: Test Cases/Edit General Settings/TC_Edit_FullName

2020-06-05 23:26:41 - [TEST_STEP][PASSED] - Start setup action : Setup: Method 'Setup' complete successfully

2020-06-05 23:26:41 - [TEST_STEP][PASSED] - openBrowser("http://192.168.1.10:8065/login"): Browser is opened with url: 'http://192.168.1.10:8065/login'

2020-06-05 23:26:41 - [MESSAGE][INFO] - Starting 'Firefox' driver

2020-06-05 23:26:41 - [MESSAGE][INFO] - Action delay is set to 0 milliseconds

2020-06-05 23:26:46 - [MESSAGE][PASSED] - Browser is opened with url: 'http://192.168.1.10:8065/login'

2020-06-05 23:26:46 - [MESSAGE][PASSED] - Method 'Setup' complete successfully

2020-06-05 23:26:46 - [TEST_STEP][PASSED] - callTestCase(findTestCase("Test Cases/Login/login_function"), ["var_user":"tlvietdanh@gmail.com", "var_password":"13101998"], STOP_ON_FAILURE): Call Test Case 'Test Cases/Login/login_function' successfully

2020-06-05 23:26:46 - [TEST_CASE][PASSED] - Test Cases/Login/login_function: Test Cases/Login/login_function

2020-06-05 23:26:46 - [TEST_STEP][PASSED] - setText(findTestObject("Object Repository/Page_Mattermost_login/input_loginId"), var_user): Text 'tlvietdanh@gmail.com' is set on object 'Object Repository/Page_Mattermost_login/input_loginId'

2020-06-05 23:26:47 - [MESSAGE][PASSED] - Text 'tlvietdanh@gmail.com' is set on object 'Object Repository/Page_Mattermost_login/input_loginId'

2020-06-05 23:26:47 - [TEST_STEP][PASSED] - setText(findTestObject("Object Repository/Page_Mattermost_login/input_password"), var_password): Text '13101998' is set on object 'Object Repository/Page_Mattermost_login/input_password'

2020-06-05 23:26:48 - [MESSAGE][PASSED] - Text '13101998' is set on object 'Object Repository/Page_Mattermost_login/input_password'

2020-06-05 23:26:48 - [TEST_STEP][PASSED] - click(findTestObject("Object Repository/Page_Mattermost_login/span_Sign in")): Object: 'Object Repository/Page_Mattermost_login/span_Sign in' is clicked on

2020-06-05 23:26:49 - [MESSAGE][PASSED] - Object: 'Object Repository/Page_Mattermost_login/span_Sign in' is clicked on

2020-06-05 23:26:49 - [MESSAGE][PASSED] - Call Test Case 'Test Cases/Login/login_function' successfully

2020-06-05 23:26:49 - [TEST_STEP][PASSED] - click(findTestObject("Object Repository/Page_Town Square-Mattermost_Homepage/span-mainmenu")): Object: 'Object Repository/Page_Town Square-Mattermost_Homepage/span-mainmenu' is clicked on

2020-06-05 23:26:51 - [MESSAGE][PASSED] - Object: 'Object Repository/Page_Town Square-Mattermost_Homepage/span-mainmenu' is clicked on

2020-06-05 23:26:51 - [TEST_STEP][PASSED] - click(findTestObject("Object Repository/Page_Town Square-Mattermost_Homepage/span_Account Settings")): Object: 'Object Repository/Page_Town Square-Mattermost_Homepage/span_Account Settings' is clicked on

2020-06-05 23:26:52 - [MESSAGE][PASSED] - Object: 'Object Repository/Page_Town Square-Mattermost_Homepage/span_Account Settings' is clicked on

2020-06-05 23:26:52 - [TEST_STEP][PASSED] - click(findTestObject("Object Repository/Page_Town Square-Mattermost_Homepage/button_General")): Object: 'Object Repository/Page_Town Square-Mattermost_Homepage/button_General' is clicked on

2020-06-05 23:26:52 - [MESSAGE][PASSED] - Object: 'Object Repository/Page_Town Square-Mattermost_Homepage/button_General' is clicked on

2020-06-05 23:26:52 - [TEST_STEP][PASSED] - click(findTestObject("Object Repository/Page_Town Square-Mattermost_Homepage/span_Edit_FullName")): Object: 'Object Repository/Page_Town Square-Mattermost_Homepage/span_Edit_FullName' is clicked on

2020-06-05 23:26:53 - [MESSAGE][PASSED] - Object: 'Object Repository/Page_Town Square-Mattermost_Homepage/span_Edit_FullName' is clicked on

2020-06-05 23:26:53 - [TEST_STEP][PASSED] - setText(findTestObject("Object Repository/Page_Town Square-Mattermost_Homepage/input_First Name_firstName"), var_firstname): Text 'hien' is set on object 'Object Repository/Page_Town Square-Mattermost_Homepage/input_First Name_firstName'

2020-06-05 23:26:54 - [MESSAGE][PASSED] - Text 'hien' is set on object 'Object Repository/Page_Town Square-Mattermost_Homepage/input_First Name_firstName'

2020-06-05 23:26:54 - [TEST_STEP][PASSED] - setText(findTestObject("Object Repository/Page_Town Square-Mattermost_Homepage/input_Last Name_lastName"), var_lastname): Text 'nguyen' is set on object 'Object Repository/Page_Town Square-Mattermost_Homepage/input_Last Name_lastName'

2020-06-05 23:26:55 - [MESSAGE][PASSED] - Text 'nguyen' is set on object 'Object Repository/Page_Town Square-Mattermost_Homepage/input_Last Name_lastName'

2020-06-05 23:26:55 - [TEST_STEP][PASSED] - click(findTestObject("Object Repository/Page_Town Square-Mattermost_Homepage/span_Save_FullName")): Object: 'Object Repository/Page_Town Square-Mattermost_Homepage/span_Save_FullName' is clicked on

2020-06-05 23:26:55 - [MESSAGE][PASSED] - Object: 'Object Repository/Page_Town Square-Mattermost_Homepage/span_Save_FullName' is clicked on

2020-06-05 23:26:55 - [TEST_STEP][PASSED] - Start tear down : Teardown: Method 'Teardown' complete successfully

2020-06-05 23:26:55 - [TEST_STEP][PASSED] - closeBrowser(): Browser is closed

2020-06-05 23:26:56 - [MESSAGE][PASSED] - Browser is closed

2020-06-05 23:26:56 - [MESSAGE][PASSED] - Method 'Teardown' complete successfully]]></system-out>
         <system-err><![CDATA[]]></system-err>
      </testcase>
      <testcase name="Test Cases/Edit General Settings/TC_Edit_FullName" time="15.093" classname="Test Cases/Edit General Settings/TC_Edit_FullName" status="PASSED">
         <system-out><![CDATA[2020-06-05 23:26:56 - [TEST_CASE][PASSED] - Test Cases/Edit General Settings/TC_Edit_FullName: Test Cases/Edit General Settings/TC_Edit_FullName

2020-06-05 23:26:56 - [TEST_STEP][PASSED] - Start setup action : Setup: Method 'Setup' complete successfully

2020-06-05 23:26:56 - [TEST_STEP][PASSED] - openBrowser("http://192.168.1.10:8065/login"): Browser is opened with url: 'http://192.168.1.10:8065/login'

2020-06-05 23:26:56 - [MESSAGE][INFO] - Starting 'Firefox' driver

2020-06-05 23:26:56 - [MESSAGE][INFO] - Action delay is set to 0 milliseconds

2020-06-05 23:27:01 - [MESSAGE][PASSED] - Browser is opened with url: 'http://192.168.1.10:8065/login'

2020-06-05 23:27:01 - [MESSAGE][PASSED] - Method 'Setup' complete successfully

2020-06-05 23:27:01 - [TEST_STEP][PASSED] - callTestCase(findTestCase("Test Cases/Login/login_function"), ["var_user":"tlvietdanh@gmail.com", "var_password":"13101998"], STOP_ON_FAILURE): Call Test Case 'Test Cases/Login/login_function' successfully

2020-06-05 23:27:01 - [TEST_CASE][PASSED] - Test Cases/Login/login_function: Test Cases/Login/login_function

2020-06-05 23:27:01 - [TEST_STEP][PASSED] - setText(findTestObject("Object Repository/Page_Mattermost_login/input_loginId"), var_user): Text 'tlvietdanh@gmail.com' is set on object 'Object Repository/Page_Mattermost_login/input_loginId'

2020-06-05 23:27:02 - [MESSAGE][PASSED] - Text 'tlvietdanh@gmail.com' is set on object 'Object Repository/Page_Mattermost_login/input_loginId'

2020-06-05 23:27:02 - [TEST_STEP][PASSED] - setText(findTestObject("Object Repository/Page_Mattermost_login/input_password"), var_password): Text '13101998' is set on object 'Object Repository/Page_Mattermost_login/input_password'

2020-06-05 23:27:03 - [MESSAGE][PASSED] - Text '13101998' is set on object 'Object Repository/Page_Mattermost_login/input_password'

2020-06-05 23:27:03 - [TEST_STEP][PASSED] - click(findTestObject("Object Repository/Page_Mattermost_login/span_Sign in")): Object: 'Object Repository/Page_Mattermost_login/span_Sign in' is clicked on

2020-06-05 23:27:04 - [MESSAGE][PASSED] - Object: 'Object Repository/Page_Mattermost_login/span_Sign in' is clicked on

2020-06-05 23:27:04 - [MESSAGE][PASSED] - Call Test Case 'Test Cases/Login/login_function' successfully

2020-06-05 23:27:04 - [TEST_STEP][PASSED] - click(findTestObject("Object Repository/Page_Town Square-Mattermost_Homepage/span-mainmenu")): Object: 'Object Repository/Page_Town Square-Mattermost_Homepage/span-mainmenu' is clicked on

2020-06-05 23:27:06 - [MESSAGE][PASSED] - Object: 'Object Repository/Page_Town Square-Mattermost_Homepage/span-mainmenu' is clicked on

2020-06-05 23:27:06 - [TEST_STEP][PASSED] - click(findTestObject("Object Repository/Page_Town Square-Mattermost_Homepage/span_Account Settings")): Object: 'Object Repository/Page_Town Square-Mattermost_Homepage/span_Account Settings' is clicked on

2020-06-05 23:27:07 - [MESSAGE][PASSED] - Object: 'Object Repository/Page_Town Square-Mattermost_Homepage/span_Account Settings' is clicked on

2020-06-05 23:27:07 - [TEST_STEP][PASSED] - click(findTestObject("Object Repository/Page_Town Square-Mattermost_Homepage/button_General")): Object: 'Object Repository/Page_Town Square-Mattermost_Homepage/button_General' is clicked on

2020-06-05 23:27:08 - [MESSAGE][PASSED] - Object: 'Object Repository/Page_Town Square-Mattermost_Homepage/button_General' is clicked on

2020-06-05 23:27:08 - [TEST_STEP][PASSED] - click(findTestObject("Object Repository/Page_Town Square-Mattermost_Homepage/span_Edit_FullName")): Object: 'Object Repository/Page_Town Square-Mattermost_Homepage/span_Edit_FullName' is clicked on

2020-06-05 23:27:08 - [MESSAGE][PASSED] - Object: 'Object Repository/Page_Town Square-Mattermost_Homepage/span_Edit_FullName' is clicked on

2020-06-05 23:27:08 - [TEST_STEP][PASSED] - setText(findTestObject("Object Repository/Page_Town Square-Mattermost_Homepage/input_First Name_firstName"), var_firstname): Text 'danh' is set on object 'Object Repository/Page_Town Square-Mattermost_Homepage/input_First Name_firstName'

2020-06-05 23:27:09 - [MESSAGE][PASSED] - Text 'danh' is set on object 'Object Repository/Page_Town Square-Mattermost_Homepage/input_First Name_firstName'

2020-06-05 23:27:09 - [TEST_STEP][PASSED] - setText(findTestObject("Object Repository/Page_Town Square-Mattermost_Homepage/input_Last Name_lastName"), var_lastname): Text 'beo' is set on object 'Object Repository/Page_Town Square-Mattermost_Homepage/input_Last Name_lastName'

2020-06-05 23:27:10 - [MESSAGE][PASSED] - Text 'beo' is set on object 'Object Repository/Page_Town Square-Mattermost_Homepage/input_Last Name_lastName'

2020-06-05 23:27:10 - [TEST_STEP][PASSED] - click(findTestObject("Object Repository/Page_Town Square-Mattermost_Homepage/span_Save_FullName")): Object: 'Object Repository/Page_Town Square-Mattermost_Homepage/span_Save_FullName' is clicked on

2020-06-05 23:27:11 - [MESSAGE][PASSED] - Object: 'Object Repository/Page_Town Square-Mattermost_Homepage/span_Save_FullName' is clicked on

2020-06-05 23:27:11 - [TEST_STEP][PASSED] - Start tear down : Teardown: Method 'Teardown' complete successfully

2020-06-05 23:27:11 - [TEST_STEP][PASSED] - closeBrowser(): Browser is closed

2020-06-05 23:27:11 - [MESSAGE][PASSED] - Browser is closed

2020-06-05 23:27:11 - [MESSAGE][PASSED] - Method 'Teardown' complete successfully]]></system-out>
         <system-err><![CDATA[]]></system-err>
      </testcase>
      <testcase name="Test Cases/Edit General Settings/TC_Edit_FullName" time="15.161" classname="Test Cases/Edit General Settings/TC_Edit_FullName" status="PASSED">
         <system-out><![CDATA[2020-06-05 23:27:11 - [TEST_CASE][PASSED] - Test Cases/Edit General Settings/TC_Edit_FullName: Test Cases/Edit General Settings/TC_Edit_FullName

2020-06-05 23:27:11 - [TEST_STEP][PASSED] - Start setup action : Setup: Method 'Setup' complete successfully

2020-06-05 23:27:11 - [TEST_STEP][PASSED] - openBrowser("http://192.168.1.10:8065/login"): Browser is opened with url: 'http://192.168.1.10:8065/login'

2020-06-05 23:27:11 - [MESSAGE][INFO] - Starting 'Firefox' driver

2020-06-05 23:27:11 - [MESSAGE][INFO] - Action delay is set to 0 milliseconds

2020-06-05 23:27:16 - [MESSAGE][PASSED] - Browser is opened with url: 'http://192.168.1.10:8065/login'

2020-06-05 23:27:16 - [MESSAGE][PASSED] - Method 'Setup' complete successfully

2020-06-05 23:27:16 - [TEST_STEP][PASSED] - callTestCase(findTestCase("Test Cases/Login/login_function"), ["var_user":"tlvietdanh@gmail.com", "var_password":"13101998"], STOP_ON_FAILURE): Call Test Case 'Test Cases/Login/login_function' successfully

2020-06-05 23:27:16 - [TEST_CASE][PASSED] - Test Cases/Login/login_function: Test Cases/Login/login_function

2020-06-05 23:27:16 - [TEST_STEP][PASSED] - setText(findTestObject("Object Repository/Page_Mattermost_login/input_loginId"), var_user): Text 'tlvietdanh@gmail.com' is set on object 'Object Repository/Page_Mattermost_login/input_loginId'

2020-06-05 23:27:17 - [MESSAGE][PASSED] - Text 'tlvietdanh@gmail.com' is set on object 'Object Repository/Page_Mattermost_login/input_loginId'

2020-06-05 23:27:17 - [TEST_STEP][PASSED] - setText(findTestObject("Object Repository/Page_Mattermost_login/input_password"), var_password): Text '13101998' is set on object 'Object Repository/Page_Mattermost_login/input_password'

2020-06-05 23:27:18 - [MESSAGE][PASSED] - Text '13101998' is set on object 'Object Repository/Page_Mattermost_login/input_password'

2020-06-05 23:27:18 - [TEST_STEP][PASSED] - click(findTestObject("Object Repository/Page_Mattermost_login/span_Sign in")): Object: 'Object Repository/Page_Mattermost_login/span_Sign in' is clicked on

2020-06-05 23:27:19 - [MESSAGE][PASSED] - Object: 'Object Repository/Page_Mattermost_login/span_Sign in' is clicked on

2020-06-05 23:27:19 - [MESSAGE][PASSED] - Call Test Case 'Test Cases/Login/login_function' successfully

2020-06-05 23:27:19 - [TEST_STEP][PASSED] - click(findTestObject("Object Repository/Page_Town Square-Mattermost_Homepage/span-mainmenu")): Object: 'Object Repository/Page_Town Square-Mattermost_Homepage/span-mainmenu' is clicked on

2020-06-05 23:27:21 - [MESSAGE][PASSED] - Object: 'Object Repository/Page_Town Square-Mattermost_Homepage/span-mainmenu' is clicked on

2020-06-05 23:27:21 - [TEST_STEP][PASSED] - click(findTestObject("Object Repository/Page_Town Square-Mattermost_Homepage/span_Account Settings")): Object: 'Object Repository/Page_Town Square-Mattermost_Homepage/span_Account Settings' is clicked on

2020-06-05 23:27:22 - [MESSAGE][PASSED] - Object: 'Object Repository/Page_Town Square-Mattermost_Homepage/span_Account Settings' is clicked on

2020-06-05 23:27:22 - [TEST_STEP][PASSED] - click(findTestObject("Object Repository/Page_Town Square-Mattermost_Homepage/button_General")): Object: 'Object Repository/Page_Town Square-Mattermost_Homepage/button_General' is clicked on

2020-06-05 23:27:22 - [MESSAGE][PASSED] - Object: 'Object Repository/Page_Town Square-Mattermost_Homepage/button_General' is clicked on

2020-06-05 23:27:22 - [TEST_STEP][PASSED] - click(findTestObject("Object Repository/Page_Town Square-Mattermost_Homepage/span_Edit_FullName")): Object: 'Object Repository/Page_Town Square-Mattermost_Homepage/span_Edit_FullName' is clicked on

2020-06-05 23:27:23 - [MESSAGE][PASSED] - Object: 'Object Repository/Page_Town Square-Mattermost_Homepage/span_Edit_FullName' is clicked on

2020-06-05 23:27:23 - [TEST_STEP][PASSED] - setText(findTestObject("Object Repository/Page_Town Square-Mattermost_Homepage/input_First Name_firstName"), var_firstname): Text 'danh' is set on object 'Object Repository/Page_Town Square-Mattermost_Homepage/input_First Name_firstName'

2020-06-05 23:27:24 - [MESSAGE][PASSED] - Text 'danh' is set on object 'Object Repository/Page_Town Square-Mattermost_Homepage/input_First Name_firstName'

2020-06-05 23:27:24 - [TEST_STEP][PASSED] - setText(findTestObject("Object Repository/Page_Town Square-Mattermost_Homepage/input_Last Name_lastName"), var_lastname): Text 'qua beo' is set on object 'Object Repository/Page_Town Square-Mattermost_Homepage/input_Last Name_lastName'

2020-06-05 23:27:25 - [MESSAGE][PASSED] - Text 'qua beo' is set on object 'Object Repository/Page_Town Square-Mattermost_Homepage/input_Last Name_lastName'

2020-06-05 23:27:25 - [TEST_STEP][PASSED] - click(findTestObject("Object Repository/Page_Town Square-Mattermost_Homepage/span_Save_FullName")): Object: 'Object Repository/Page_Town Square-Mattermost_Homepage/span_Save_FullName' is clicked on

2020-06-05 23:27:26 - [MESSAGE][PASSED] - Object: 'Object Repository/Page_Town Square-Mattermost_Homepage/span_Save_FullName' is clicked on

2020-06-05 23:27:26 - [TEST_STEP][PASSED] - Start tear down : Teardown: Method 'Teardown' complete successfully

2020-06-05 23:27:26 - [TEST_STEP][PASSED] - closeBrowser(): Browser is closed

2020-06-05 23:27:27 - [MESSAGE][PASSED] - Browser is closed

2020-06-05 23:27:27 - [MESSAGE][PASSED] - Method 'Teardown' complete successfully]]></system-out>
         <system-err><![CDATA[]]></system-err>
      </testcase>
      <testcase name="Test Cases/Edit General Settings/TC_Edit_Nickname" time="14.065" classname="Test Cases/Edit General Settings/TC_Edit_Nickname" status="PASSED">
         <system-out><![CDATA[2020-06-05 23:27:27 - [TEST_CASE][PASSED] - Test Cases/Edit General Settings/TC_Edit_Nickname: Test Cases/Edit General Settings/TC_Edit_Nickname

2020-06-05 23:27:27 - [TEST_STEP][PASSED] - Start setup action : Setup: Method 'Setup' complete successfully

2020-06-05 23:27:27 - [TEST_STEP][PASSED] - openBrowser("http://192.168.1.10:8065/login"): Browser is opened with url: 'http://192.168.1.10:8065/login'

2020-06-05 23:27:27 - [MESSAGE][INFO] - Starting 'Firefox' driver

2020-06-05 23:27:27 - [MESSAGE][INFO] - Action delay is set to 0 milliseconds

2020-06-05 23:27:31 - [MESSAGE][PASSED] - Browser is opened with url: 'http://192.168.1.10:8065/login'

2020-06-05 23:27:31 - [MESSAGE][PASSED] - Method 'Setup' complete successfully

2020-06-05 23:27:31 - [TEST_STEP][PASSED] - callTestCase(findTestCase("Test Cases/Login/login_function"), ["var_user":"tlvietdanh@gmail.com", "var_password":"13101998"], STOP_ON_FAILURE): Call Test Case 'Test Cases/Login/login_function' successfully

2020-06-05 23:27:31 - [TEST_CASE][PASSED] - Test Cases/Login/login_function: Test Cases/Login/login_function

2020-06-05 23:27:31 - [TEST_STEP][PASSED] - setText(findTestObject("Object Repository/Page_Mattermost_login/input_loginId"), var_user): Text 'tlvietdanh@gmail.com' is set on object 'Object Repository/Page_Mattermost_login/input_loginId'

2020-06-05 23:27:33 - [MESSAGE][PASSED] - Text 'tlvietdanh@gmail.com' is set on object 'Object Repository/Page_Mattermost_login/input_loginId'

2020-06-05 23:27:33 - [TEST_STEP][PASSED] - setText(findTestObject("Object Repository/Page_Mattermost_login/input_password"), var_password): Text '13101998' is set on object 'Object Repository/Page_Mattermost_login/input_password'

2020-06-05 23:27:34 - [MESSAGE][PASSED] - Text '13101998' is set on object 'Object Repository/Page_Mattermost_login/input_password'

2020-06-05 23:27:34 - [TEST_STEP][PASSED] - click(findTestObject("Object Repository/Page_Mattermost_login/span_Sign in")): Object: 'Object Repository/Page_Mattermost_login/span_Sign in' is clicked on

2020-06-05 23:27:34 - [MESSAGE][PASSED] - Object: 'Object Repository/Page_Mattermost_login/span_Sign in' is clicked on

2020-06-05 23:27:34 - [MESSAGE][PASSED] - Call Test Case 'Test Cases/Login/login_function' successfully

2020-06-05 23:27:34 - [TEST_STEP][PASSED] - click(findTestObject("Object Repository/Page_Town Square-Mattermost_Homepage/span-mainmenu")): Object: 'Object Repository/Page_Town Square-Mattermost_Homepage/span-mainmenu' is clicked on

2020-06-05 23:27:36 - [MESSAGE][PASSED] - Object: 'Object Repository/Page_Town Square-Mattermost_Homepage/span-mainmenu' is clicked on

2020-06-05 23:27:36 - [TEST_STEP][PASSED] - click(findTestObject("Object Repository/Page_Town Square-Mattermost_Homepage/span_Account Settings")): Object: 'Object Repository/Page_Town Square-Mattermost_Homepage/span_Account Settings' is clicked on

2020-06-05 23:27:37 - [MESSAGE][PASSED] - Object: 'Object Repository/Page_Town Square-Mattermost_Homepage/span_Account Settings' is clicked on

2020-06-05 23:27:37 - [TEST_STEP][PASSED] - click(findTestObject("Object Repository/Page_Town Square-Mattermost_Homepage/button_General")): Object: 'Object Repository/Page_Town Square-Mattermost_Homepage/button_General' is clicked on

2020-06-05 23:27:38 - [MESSAGE][PASSED] - Object: 'Object Repository/Page_Town Square-Mattermost_Homepage/button_General' is clicked on

2020-06-05 23:27:38 - [TEST_STEP][PASSED] - click(findTestObject("Object Repository/Page_Town Square-Mattermost_Homepage/span_Edit_Nickname")): Object: 'Object Repository/Page_Town Square-Mattermost_Homepage/span_Edit_Nickname' is clicked on

2020-06-05 23:27:38 - [MESSAGE][PASSED] - Object: 'Object Repository/Page_Town Square-Mattermost_Homepage/span_Edit_Nickname' is clicked on

2020-06-05 23:27:38 - [TEST_STEP][PASSED] - setText(findTestObject("Object Repository/Page_Town Square-Mattermost_Homepage/input_Nickname_nickname"), var_nickname): Text 'crazy' is set on object 'Object Repository/Page_Town Square-Mattermost_Homepage/input_Nickname_nickname'

2020-06-05 23:27:39 - [MESSAGE][PASSED] - Text 'crazy' is set on object 'Object Repository/Page_Town Square-Mattermost_Homepage/input_Nickname_nickname'

2020-06-05 23:27:39 - [TEST_STEP][PASSED] - click(findTestObject("Object Repository/Page_Town Square-Mattermost_Homepage/span_Save_Nickname")): Object: 'Object Repository/Page_Town Square-Mattermost_Homepage/span_Save_Nickname' is clicked on

2020-06-05 23:27:40 - [MESSAGE][PASSED] - Object: 'Object Repository/Page_Town Square-Mattermost_Homepage/span_Save_Nickname' is clicked on

2020-06-05 23:27:40 - [TEST_STEP][PASSED] - Start tear down : Teardown: Method 'Teardown' complete successfully

2020-06-05 23:27:40 - [TEST_STEP][PASSED] - closeBrowser(): Browser is closed

2020-06-05 23:27:41 - [MESSAGE][PASSED] - Browser is closed

2020-06-05 23:27:41 - [MESSAGE][PASSED] - Method 'Teardown' complete successfully]]></system-out>
         <system-err><![CDATA[]]></system-err>
      </testcase>
      <testcase name="Test Cases/Edit General Settings/TC_Edit_Nickname" time="14.189" classname="Test Cases/Edit General Settings/TC_Edit_Nickname" status="PASSED">
         <system-out><![CDATA[2020-06-05 23:27:41 - [TEST_CASE][PASSED] - Test Cases/Edit General Settings/TC_Edit_Nickname: Test Cases/Edit General Settings/TC_Edit_Nickname

2020-06-05 23:27:41 - [TEST_STEP][PASSED] - Start setup action : Setup: Method 'Setup' complete successfully

2020-06-05 23:27:41 - [TEST_STEP][PASSED] - openBrowser("http://192.168.1.10:8065/login"): Browser is opened with url: 'http://192.168.1.10:8065/login'

2020-06-05 23:27:41 - [MESSAGE][INFO] - Starting 'Firefox' driver

2020-06-05 23:27:41 - [MESSAGE][INFO] - Action delay is set to 0 milliseconds

2020-06-05 23:27:45 - [MESSAGE][PASSED] - Browser is opened with url: 'http://192.168.1.10:8065/login'

2020-06-05 23:27:45 - [MESSAGE][PASSED] - Method 'Setup' complete successfully

2020-06-05 23:27:45 - [TEST_STEP][PASSED] - callTestCase(findTestCase("Test Cases/Login/login_function"), ["var_user":"tlvietdanh@gmail.com", "var_password":"13101998"], STOP_ON_FAILURE): Call Test Case 'Test Cases/Login/login_function' successfully

2020-06-05 23:27:45 - [TEST_CASE][PASSED] - Test Cases/Login/login_function: Test Cases/Login/login_function

2020-06-05 23:27:45 - [TEST_STEP][PASSED] - setText(findTestObject("Object Repository/Page_Mattermost_login/input_loginId"), var_user): Text 'tlvietdanh@gmail.com' is set on object 'Object Repository/Page_Mattermost_login/input_loginId'

2020-06-05 23:27:47 - [MESSAGE][PASSED] - Text 'tlvietdanh@gmail.com' is set on object 'Object Repository/Page_Mattermost_login/input_loginId'

2020-06-05 23:27:47 - [TEST_STEP][PASSED] - setText(findTestObject("Object Repository/Page_Mattermost_login/input_password"), var_password): Text '13101998' is set on object 'Object Repository/Page_Mattermost_login/input_password'

2020-06-05 23:27:48 - [MESSAGE][PASSED] - Text '13101998' is set on object 'Object Repository/Page_Mattermost_login/input_password'

2020-06-05 23:27:48 - [TEST_STEP][PASSED] - click(findTestObject("Object Repository/Page_Mattermost_login/span_Sign in")): Object: 'Object Repository/Page_Mattermost_login/span_Sign in' is clicked on

2020-06-05 23:27:48 - [MESSAGE][PASSED] - Object: 'Object Repository/Page_Mattermost_login/span_Sign in' is clicked on

2020-06-05 23:27:48 - [MESSAGE][PASSED] - Call Test Case 'Test Cases/Login/login_function' successfully

2020-06-05 23:27:48 - [TEST_STEP][PASSED] - click(findTestObject("Object Repository/Page_Town Square-Mattermost_Homepage/span-mainmenu")): Object: 'Object Repository/Page_Town Square-Mattermost_Homepage/span-mainmenu' is clicked on

2020-06-05 23:27:50 - [MESSAGE][PASSED] - Object: 'Object Repository/Page_Town Square-Mattermost_Homepage/span-mainmenu' is clicked on

2020-06-05 23:27:50 - [TEST_STEP][PASSED] - click(findTestObject("Object Repository/Page_Town Square-Mattermost_Homepage/span_Account Settings")): Object: 'Object Repository/Page_Town Square-Mattermost_Homepage/span_Account Settings' is clicked on

2020-06-05 23:27:51 - [MESSAGE][PASSED] - Object: 'Object Repository/Page_Town Square-Mattermost_Homepage/span_Account Settings' is clicked on

2020-06-05 23:27:51 - [TEST_STEP][PASSED] - click(findTestObject("Object Repository/Page_Town Square-Mattermost_Homepage/button_General")): Object: 'Object Repository/Page_Town Square-Mattermost_Homepage/button_General' is clicked on

2020-06-05 23:27:52 - [MESSAGE][PASSED] - Object: 'Object Repository/Page_Town Square-Mattermost_Homepage/button_General' is clicked on

2020-06-05 23:27:52 - [TEST_STEP][PASSED] - click(findTestObject("Object Repository/Page_Town Square-Mattermost_Homepage/span_Edit_Nickname")): Object: 'Object Repository/Page_Town Square-Mattermost_Homepage/span_Edit_Nickname' is clicked on

2020-06-05 23:27:52 - [MESSAGE][PASSED] - Object: 'Object Repository/Page_Town Square-Mattermost_Homepage/span_Edit_Nickname' is clicked on

2020-06-05 23:27:52 - [TEST_STEP][PASSED] - setText(findTestObject("Object Repository/Page_Town Square-Mattermost_Homepage/input_Nickname_nickname"), var_nickname): Text 'bitch' is set on object 'Object Repository/Page_Town Square-Mattermost_Homepage/input_Nickname_nickname'

2020-06-05 23:27:53 - [MESSAGE][PASSED] - Text 'bitch' is set on object 'Object Repository/Page_Town Square-Mattermost_Homepage/input_Nickname_nickname'

2020-06-05 23:27:53 - [TEST_STEP][PASSED] - click(findTestObject("Object Repository/Page_Town Square-Mattermost_Homepage/span_Save_Nickname")): Object: 'Object Repository/Page_Town Square-Mattermost_Homepage/span_Save_Nickname' is clicked on

2020-06-05 23:27:54 - [MESSAGE][PASSED] - Object: 'Object Repository/Page_Town Square-Mattermost_Homepage/span_Save_Nickname' is clicked on

2020-06-05 23:27:54 - [TEST_STEP][PASSED] - Start tear down : Teardown: Method 'Teardown' complete successfully

2020-06-05 23:27:54 - [TEST_STEP][PASSED] - closeBrowser(): Browser is closed

2020-06-05 23:27:55 - [MESSAGE][PASSED] - Browser is closed

2020-06-05 23:27:55 - [MESSAGE][PASSED] - Method 'Teardown' complete successfully]]></system-out>
         <system-err><![CDATA[]]></system-err>
      </testcase>
      <testcase name="Test Cases/Edit General Settings/TC_Edit_Nickname" time="15.127" classname="Test Cases/Edit General Settings/TC_Edit_Nickname" status="PASSED">
         <system-out><![CDATA[2020-06-05 23:27:55 - [TEST_CASE][PASSED] - Test Cases/Edit General Settings/TC_Edit_Nickname: Test Cases/Edit General Settings/TC_Edit_Nickname

2020-06-05 23:27:55 - [TEST_STEP][PASSED] - Start setup action : Setup: Method 'Setup' complete successfully

2020-06-05 23:27:55 - [TEST_STEP][PASSED] - openBrowser("http://192.168.1.10:8065/login"): Browser is opened with url: 'http://192.168.1.10:8065/login'

2020-06-05 23:27:55 - [MESSAGE][INFO] - Starting 'Firefox' driver

2020-06-05 23:27:55 - [MESSAGE][INFO] - Action delay is set to 0 milliseconds

2020-06-05 23:27:59 - [MESSAGE][PASSED] - Browser is opened with url: 'http://192.168.1.10:8065/login'

2020-06-05 23:27:59 - [MESSAGE][PASSED] - Method 'Setup' complete successfully

2020-06-05 23:27:59 - [TEST_STEP][PASSED] - callTestCase(findTestCase("Test Cases/Login/login_function"), ["var_user":"tlvietdanh@gmail.com", "var_password":"13101998"], STOP_ON_FAILURE): Call Test Case 'Test Cases/Login/login_function' successfully

2020-06-05 23:28:00 - [TEST_CASE][PASSED] - Test Cases/Login/login_function: Test Cases/Login/login_function

2020-06-05 23:28:00 - [TEST_STEP][PASSED] - setText(findTestObject("Object Repository/Page_Mattermost_login/input_loginId"), var_user): Text 'tlvietdanh@gmail.com' is set on object 'Object Repository/Page_Mattermost_login/input_loginId'

2020-06-05 23:28:01 - [MESSAGE][PASSED] - Text 'tlvietdanh@gmail.com' is set on object 'Object Repository/Page_Mattermost_login/input_loginId'

2020-06-05 23:28:01 - [TEST_STEP][PASSED] - setText(findTestObject("Object Repository/Page_Mattermost_login/input_password"), var_password): Text '13101998' is set on object 'Object Repository/Page_Mattermost_login/input_password'

2020-06-05 23:28:02 - [MESSAGE][PASSED] - Text '13101998' is set on object 'Object Repository/Page_Mattermost_login/input_password'

2020-06-05 23:28:02 - [TEST_STEP][PASSED] - click(findTestObject("Object Repository/Page_Mattermost_login/span_Sign in")): Object: 'Object Repository/Page_Mattermost_login/span_Sign in' is clicked on

2020-06-05 23:28:03 - [MESSAGE][PASSED] - Object: 'Object Repository/Page_Mattermost_login/span_Sign in' is clicked on

2020-06-05 23:28:03 - [MESSAGE][PASSED] - Call Test Case 'Test Cases/Login/login_function' successfully

2020-06-05 23:28:03 - [TEST_STEP][PASSED] - click(findTestObject("Object Repository/Page_Town Square-Mattermost_Homepage/span-mainmenu")): Object: 'Object Repository/Page_Town Square-Mattermost_Homepage/span-mainmenu' is clicked on

2020-06-05 23:28:05 - [MESSAGE][PASSED] - Object: 'Object Repository/Page_Town Square-Mattermost_Homepage/span-mainmenu' is clicked on

2020-06-05 23:28:05 - [TEST_STEP][PASSED] - click(findTestObject("Object Repository/Page_Town Square-Mattermost_Homepage/span_Account Settings")): Object: 'Object Repository/Page_Town Square-Mattermost_Homepage/span_Account Settings' is clicked on

2020-06-05 23:28:06 - [MESSAGE][PASSED] - Object: 'Object Repository/Page_Town Square-Mattermost_Homepage/span_Account Settings' is clicked on

2020-06-05 23:28:06 - [TEST_STEP][PASSED] - click(findTestObject("Object Repository/Page_Town Square-Mattermost_Homepage/button_General")): Object: 'Object Repository/Page_Town Square-Mattermost_Homepage/button_General' is clicked on

2020-06-05 23:28:07 - [MESSAGE][PASSED] - Object: 'Object Repository/Page_Town Square-Mattermost_Homepage/button_General' is clicked on

2020-06-05 23:28:07 - [TEST_STEP][PASSED] - click(findTestObject("Object Repository/Page_Town Square-Mattermost_Homepage/span_Edit_Nickname")): Object: 'Object Repository/Page_Town Square-Mattermost_Homepage/span_Edit_Nickname' is clicked on

2020-06-05 23:28:07 - [MESSAGE][PASSED] - Object: 'Object Repository/Page_Town Square-Mattermost_Homepage/span_Edit_Nickname' is clicked on

2020-06-05 23:28:07 - [TEST_STEP][PASSED] - setText(findTestObject("Object Repository/Page_Town Square-Mattermost_Homepage/input_Nickname_nickname"), var_nickname): Text 'max' is set on object 'Object Repository/Page_Town Square-Mattermost_Homepage/input_Nickname_nickname'

2020-06-05 23:28:08 - [MESSAGE][PASSED] - Text 'max' is set on object 'Object Repository/Page_Town Square-Mattermost_Homepage/input_Nickname_nickname'

2020-06-05 23:28:08 - [TEST_STEP][PASSED] - click(findTestObject("Object Repository/Page_Town Square-Mattermost_Homepage/span_Save_Nickname")): Object: 'Object Repository/Page_Town Square-Mattermost_Homepage/span_Save_Nickname' is clicked on

2020-06-05 23:28:09 - [MESSAGE][PASSED] - Object: 'Object Repository/Page_Town Square-Mattermost_Homepage/span_Save_Nickname' is clicked on

2020-06-05 23:28:09 - [TEST_STEP][PASSED] - Start tear down : Teardown: Method 'Teardown' complete successfully

2020-06-05 23:28:09 - [TEST_STEP][PASSED] - closeBrowser(): Browser is closed

2020-06-05 23:28:10 - [MESSAGE][PASSED] - Browser is closed

2020-06-05 23:28:10 - [MESSAGE][PASSED] - Method 'Teardown' complete successfully]]></system-out>
         <system-err><![CDATA[]]></system-err>
      </testcase>
      <testcase name="Test Cases/Edit General Settings/TC_Edit_Nickname" time="15.521" classname="Test Cases/Edit General Settings/TC_Edit_Nickname" status="PASSED">
         <system-out><![CDATA[2020-06-05 23:28:10 - [TEST_CASE][PASSED] - Test Cases/Edit General Settings/TC_Edit_Nickname: Test Cases/Edit General Settings/TC_Edit_Nickname

2020-06-05 23:28:10 - [TEST_STEP][PASSED] - Start setup action : Setup: Method 'Setup' complete successfully

2020-06-05 23:28:10 - [TEST_STEP][PASSED] - openBrowser("http://192.168.1.10:8065/login"): Browser is opened with url: 'http://192.168.1.10:8065/login'

2020-06-05 23:28:10 - [MESSAGE][INFO] - Starting 'Firefox' driver

2020-06-05 23:28:10 - [MESSAGE][INFO] - Action delay is set to 0 milliseconds

2020-06-05 23:28:15 - [MESSAGE][PASSED] - Browser is opened with url: 'http://192.168.1.10:8065/login'

2020-06-05 23:28:15 - [MESSAGE][PASSED] - Method 'Setup' complete successfully

2020-06-05 23:28:15 - [TEST_STEP][PASSED] - callTestCase(findTestCase("Test Cases/Login/login_function"), ["var_user":"tlvietdanh@gmail.com", "var_password":"13101998"], STOP_ON_FAILURE): Call Test Case 'Test Cases/Login/login_function' successfully

2020-06-05 23:28:15 - [TEST_CASE][PASSED] - Test Cases/Login/login_function: Test Cases/Login/login_function

2020-06-05 23:28:15 - [TEST_STEP][PASSED] - setText(findTestObject("Object Repository/Page_Mattermost_login/input_loginId"), var_user): Text 'tlvietdanh@gmail.com' is set on object 'Object Repository/Page_Mattermost_login/input_loginId'

2020-06-05 23:28:17 - [MESSAGE][PASSED] - Text 'tlvietdanh@gmail.com' is set on object 'Object Repository/Page_Mattermost_login/input_loginId'

2020-06-05 23:28:17 - [TEST_STEP][PASSED] - setText(findTestObject("Object Repository/Page_Mattermost_login/input_password"), var_password): Text '13101998' is set on object 'Object Repository/Page_Mattermost_login/input_password'

2020-06-05 23:28:18 - [MESSAGE][PASSED] - Text '13101998' is set on object 'Object Repository/Page_Mattermost_login/input_password'

2020-06-05 23:28:18 - [TEST_STEP][PASSED] - click(findTestObject("Object Repository/Page_Mattermost_login/span_Sign in")): Object: 'Object Repository/Page_Mattermost_login/span_Sign in' is clicked on

2020-06-05 23:28:19 - [MESSAGE][PASSED] - Object: 'Object Repository/Page_Mattermost_login/span_Sign in' is clicked on

2020-06-05 23:28:19 - [MESSAGE][PASSED] - Call Test Case 'Test Cases/Login/login_function' successfully

2020-06-05 23:28:19 - [TEST_STEP][PASSED] - click(findTestObject("Object Repository/Page_Town Square-Mattermost_Homepage/span-mainmenu")): Object: 'Object Repository/Page_Town Square-Mattermost_Homepage/span-mainmenu' is clicked on

2020-06-05 23:28:21 - [MESSAGE][PASSED] - Object: 'Object Repository/Page_Town Square-Mattermost_Homepage/span-mainmenu' is clicked on

2020-06-05 23:28:21 - [TEST_STEP][PASSED] - click(findTestObject("Object Repository/Page_Town Square-Mattermost_Homepage/span_Account Settings")): Object: 'Object Repository/Page_Town Square-Mattermost_Homepage/span_Account Settings' is clicked on

2020-06-05 23:28:22 - [MESSAGE][PASSED] - Object: 'Object Repository/Page_Town Square-Mattermost_Homepage/span_Account Settings' is clicked on

2020-06-05 23:28:22 - [TEST_STEP][PASSED] - click(findTestObject("Object Repository/Page_Town Square-Mattermost_Homepage/button_General")): Object: 'Object Repository/Page_Town Square-Mattermost_Homepage/button_General' is clicked on

2020-06-05 23:28:23 - [MESSAGE][PASSED] - Object: 'Object Repository/Page_Town Square-Mattermost_Homepage/button_General' is clicked on

2020-06-05 23:28:23 - [TEST_STEP][PASSED] - click(findTestObject("Object Repository/Page_Town Square-Mattermost_Homepage/span_Edit_Nickname")): Object: 'Object Repository/Page_Town Square-Mattermost_Homepage/span_Edit_Nickname' is clicked on

2020-06-05 23:28:23 - [MESSAGE][PASSED] - Object: 'Object Repository/Page_Town Square-Mattermost_Homepage/span_Edit_Nickname' is clicked on

2020-06-05 23:28:23 - [TEST_STEP][PASSED] - setText(findTestObject("Object Repository/Page_Town Square-Mattermost_Homepage/input_Nickname_nickname"), var_nickname): Text 'min' is set on object 'Object Repository/Page_Town Square-Mattermost_Homepage/input_Nickname_nickname'

2020-06-05 23:28:24 - [MESSAGE][PASSED] - Text 'min' is set on object 'Object Repository/Page_Town Square-Mattermost_Homepage/input_Nickname_nickname'

2020-06-05 23:28:24 - [TEST_STEP][PASSED] - click(findTestObject("Object Repository/Page_Town Square-Mattermost_Homepage/span_Save_Nickname")): Object: 'Object Repository/Page_Town Square-Mattermost_Homepage/span_Save_Nickname' is clicked on

2020-06-05 23:28:25 - [MESSAGE][PASSED] - Object: 'Object Repository/Page_Town Square-Mattermost_Homepage/span_Save_Nickname' is clicked on

2020-06-05 23:28:25 - [TEST_STEP][PASSED] - Start tear down : Teardown: Method 'Teardown' complete successfully

2020-06-05 23:28:25 - [TEST_STEP][PASSED] - closeBrowser(): Browser is closed

2020-06-05 23:28:26 - [MESSAGE][PASSED] - Browser is closed

2020-06-05 23:28:26 - [MESSAGE][PASSED] - Method 'Teardown' complete successfully]]></system-out>
         <system-err><![CDATA[]]></system-err>
      </testcase>
      <testcase name="Test Cases/Edit General Settings/TC_Edit_Nickname" time="14.743" classname="Test Cases/Edit General Settings/TC_Edit_Nickname" status="PASSED">
         <system-out><![CDATA[2020-06-05 23:28:26 - [TEST_CASE][PASSED] - Test Cases/Edit General Settings/TC_Edit_Nickname: Test Cases/Edit General Settings/TC_Edit_Nickname

2020-06-05 23:28:26 - [TEST_STEP][PASSED] - Start setup action : Setup: Method 'Setup' complete successfully

2020-06-05 23:28:26 - [TEST_STEP][PASSED] - openBrowser("http://192.168.1.10:8065/login"): Browser is opened with url: 'http://192.168.1.10:8065/login'

2020-06-05 23:28:26 - [MESSAGE][INFO] - Starting 'Firefox' driver

2020-06-05 23:28:26 - [MESSAGE][INFO] - Action delay is set to 0 milliseconds

2020-06-05 23:28:30 - [MESSAGE][PASSED] - Browser is opened with url: 'http://192.168.1.10:8065/login'

2020-06-05 23:28:30 - [MESSAGE][PASSED] - Method 'Setup' complete successfully

2020-06-05 23:28:30 - [TEST_STEP][PASSED] - callTestCase(findTestCase("Test Cases/Login/login_function"), ["var_user":"tlvietdanh@gmail.com", "var_password":"13101998"], STOP_ON_FAILURE): Call Test Case 'Test Cases/Login/login_function' successfully

2020-06-05 23:28:30 - [TEST_CASE][PASSED] - Test Cases/Login/login_function: Test Cases/Login/login_function

2020-06-05 23:28:30 - [TEST_STEP][PASSED] - setText(findTestObject("Object Repository/Page_Mattermost_login/input_loginId"), var_user): Text 'tlvietdanh@gmail.com' is set on object 'Object Repository/Page_Mattermost_login/input_loginId'

2020-06-05 23:28:32 - [MESSAGE][PASSED] - Text 'tlvietdanh@gmail.com' is set on object 'Object Repository/Page_Mattermost_login/input_loginId'

2020-06-05 23:28:32 - [TEST_STEP][PASSED] - setText(findTestObject("Object Repository/Page_Mattermost_login/input_password"), var_password): Text '13101998' is set on object 'Object Repository/Page_Mattermost_login/input_password'

2020-06-05 23:28:33 - [MESSAGE][PASSED] - Text '13101998' is set on object 'Object Repository/Page_Mattermost_login/input_password'

2020-06-05 23:28:33 - [TEST_STEP][PASSED] - click(findTestObject("Object Repository/Page_Mattermost_login/span_Sign in")): Object: 'Object Repository/Page_Mattermost_login/span_Sign in' is clicked on

2020-06-05 23:28:33 - [MESSAGE][PASSED] - Object: 'Object Repository/Page_Mattermost_login/span_Sign in' is clicked on

2020-06-05 23:28:33 - [MESSAGE][PASSED] - Call Test Case 'Test Cases/Login/login_function' successfully

2020-06-05 23:28:33 - [TEST_STEP][PASSED] - click(findTestObject("Object Repository/Page_Town Square-Mattermost_Homepage/span-mainmenu")): Object: 'Object Repository/Page_Town Square-Mattermost_Homepage/span-mainmenu' is clicked on

2020-06-05 23:28:35 - [MESSAGE][PASSED] - Object: 'Object Repository/Page_Town Square-Mattermost_Homepage/span-mainmenu' is clicked on

2020-06-05 23:28:35 - [TEST_STEP][PASSED] - click(findTestObject("Object Repository/Page_Town Square-Mattermost_Homepage/span_Account Settings")): Object: 'Object Repository/Page_Town Square-Mattermost_Homepage/span_Account Settings' is clicked on

2020-06-05 23:28:36 - [MESSAGE][PASSED] - Object: 'Object Repository/Page_Town Square-Mattermost_Homepage/span_Account Settings' is clicked on

2020-06-05 23:28:36 - [TEST_STEP][PASSED] - click(findTestObject("Object Repository/Page_Town Square-Mattermost_Homepage/button_General")): Object: 'Object Repository/Page_Town Square-Mattermost_Homepage/button_General' is clicked on

2020-06-05 23:28:37 - [MESSAGE][PASSED] - Object: 'Object Repository/Page_Town Square-Mattermost_Homepage/button_General' is clicked on

2020-06-05 23:28:37 - [TEST_STEP][PASSED] - click(findTestObject("Object Repository/Page_Town Square-Mattermost_Homepage/span_Edit_Nickname")): Object: 'Object Repository/Page_Town Square-Mattermost_Homepage/span_Edit_Nickname' is clicked on

2020-06-05 23:28:38 - [MESSAGE][PASSED] - Object: 'Object Repository/Page_Town Square-Mattermost_Homepage/span_Edit_Nickname' is clicked on

2020-06-05 23:28:38 - [TEST_STEP][PASSED] - setText(findTestObject("Object Repository/Page_Town Square-Mattermost_Homepage/input_Nickname_nickname"), var_nickname): Text 'super' is set on object 'Object Repository/Page_Town Square-Mattermost_Homepage/input_Nickname_nickname'

2020-06-05 23:28:38 - [MESSAGE][PASSED] - Text 'super' is set on object 'Object Repository/Page_Town Square-Mattermost_Homepage/input_Nickname_nickname'

2020-06-05 23:28:38 - [TEST_STEP][PASSED] - click(findTestObject("Object Repository/Page_Town Square-Mattermost_Homepage/span_Save_Nickname")): Object: 'Object Repository/Page_Town Square-Mattermost_Homepage/span_Save_Nickname' is clicked on

2020-06-05 23:28:39 - [MESSAGE][PASSED] - Object: 'Object Repository/Page_Town Square-Mattermost_Homepage/span_Save_Nickname' is clicked on

2020-06-05 23:28:39 - [TEST_STEP][PASSED] - Start tear down : Teardown: Method 'Teardown' complete successfully

2020-06-05 23:28:39 - [TEST_STEP][PASSED] - closeBrowser(): Browser is closed

2020-06-05 23:28:40 - [MESSAGE][PASSED] - Browser is closed

2020-06-05 23:28:40 - [MESSAGE][PASSED] - Method 'Teardown' complete successfully]]></system-out>
         <system-err><![CDATA[]]></system-err>
      </testcase>
      <testcase name="Test Cases/Edit General Settings/TC_Edit_Position" time="14.67" classname="Test Cases/Edit General Settings/TC_Edit_Position" status="PASSED">
         <system-out><![CDATA[2020-06-05 23:28:40 - [TEST_CASE][PASSED] - Test Cases/Edit General Settings/TC_Edit_Position: Test Cases/Edit General Settings/TC_Edit_Position

2020-06-05 23:28:40 - [TEST_STEP][PASSED] - Start setup action : Setup: Method 'Setup' complete successfully

2020-06-05 23:28:40 - [TEST_STEP][PASSED] - openBrowser("http://192.168.1.10:8065/login"): Browser is opened with url: 'http://192.168.1.10:8065/login'

2020-06-05 23:28:40 - [MESSAGE][INFO] - Starting 'Firefox' driver

2020-06-05 23:28:40 - [MESSAGE][INFO] - Action delay is set to 0 milliseconds

2020-06-05 23:28:45 - [MESSAGE][PASSED] - Browser is opened with url: 'http://192.168.1.10:8065/login'

2020-06-05 23:28:45 - [MESSAGE][PASSED] - Method 'Setup' complete successfully

2020-06-05 23:28:45 - [TEST_STEP][PASSED] - callTestCase(findTestCase("Test Cases/Login/login_function"), ["var_user":"tlvietdanh@gmail.com", "var_password":"13101998"], STOP_ON_FAILURE): Call Test Case 'Test Cases/Login/login_function' successfully

2020-06-05 23:28:45 - [TEST_CASE][PASSED] - Test Cases/Login/login_function: Test Cases/Login/login_function

2020-06-05 23:28:45 - [TEST_STEP][PASSED] - setText(findTestObject("Object Repository/Page_Mattermost_login/input_loginId"), var_user): Text 'tlvietdanh@gmail.com' is set on object 'Object Repository/Page_Mattermost_login/input_loginId'

2020-06-05 23:28:47 - [MESSAGE][PASSED] - Text 'tlvietdanh@gmail.com' is set on object 'Object Repository/Page_Mattermost_login/input_loginId'

2020-06-05 23:28:47 - [TEST_STEP][PASSED] - setText(findTestObject("Object Repository/Page_Mattermost_login/input_password"), var_password): Text '13101998' is set on object 'Object Repository/Page_Mattermost_login/input_password'

2020-06-05 23:28:48 - [MESSAGE][PASSED] - Text '13101998' is set on object 'Object Repository/Page_Mattermost_login/input_password'

2020-06-05 23:28:48 - [TEST_STEP][PASSED] - click(findTestObject("Object Repository/Page_Mattermost_login/span_Sign in")): Object: 'Object Repository/Page_Mattermost_login/span_Sign in' is clicked on

2020-06-05 23:28:48 - [MESSAGE][PASSED] - Object: 'Object Repository/Page_Mattermost_login/span_Sign in' is clicked on

2020-06-05 23:28:48 - [MESSAGE][PASSED] - Call Test Case 'Test Cases/Login/login_function' successfully

2020-06-05 23:28:48 - [TEST_STEP][PASSED] - click(findTestObject("Object Repository/Page_Town Square-Mattermost_Homepage/span-mainmenu")): Object: 'Object Repository/Page_Town Square-Mattermost_Homepage/span-mainmenu' is clicked on

2020-06-05 23:28:50 - [MESSAGE][PASSED] - Object: 'Object Repository/Page_Town Square-Mattermost_Homepage/span-mainmenu' is clicked on

2020-06-05 23:28:50 - [TEST_STEP][PASSED] - click(findTestObject("Object Repository/Page_Town Square-Mattermost_Homepage/span_Account Settings")): Object: 'Object Repository/Page_Town Square-Mattermost_Homepage/span_Account Settings' is clicked on

2020-06-05 23:28:51 - [MESSAGE][PASSED] - Object: 'Object Repository/Page_Town Square-Mattermost_Homepage/span_Account Settings' is clicked on

2020-06-05 23:28:51 - [TEST_STEP][PASSED] - click(findTestObject("Object Repository/Page_Town Square-Mattermost_Homepage/button_General")): Object: 'Object Repository/Page_Town Square-Mattermost_Homepage/button_General' is clicked on

2020-06-05 23:28:52 - [MESSAGE][PASSED] - Object: 'Object Repository/Page_Town Square-Mattermost_Homepage/button_General' is clicked on

2020-06-05 23:28:52 - [TEST_STEP][PASSED] - click(findTestObject("Object Repository/Page_Town Square-Mattermost_Homepage/span_Edit_Position")): Object: 'Object Repository/Page_Town Square-Mattermost_Homepage/span_Edit_Position' is clicked on

2020-06-05 23:28:53 - [MESSAGE][PASSED] - Object: 'Object Repository/Page_Town Square-Mattermost_Homepage/span_Edit_Position' is clicked on

2020-06-05 23:28:53 - [TEST_STEP][PASSED] - setText(findTestObject("Object Repository/Page_Town Square-Mattermost_Homepage/input_Position_position"), var_position): Text 'leader' is set on object 'Object Repository/Page_Town Square-Mattermost_Homepage/input_Position_position'

2020-06-05 23:28:53 - [MESSAGE][PASSED] - Text 'leader' is set on object 'Object Repository/Page_Town Square-Mattermost_Homepage/input_Position_position'

2020-06-05 23:28:53 - [TEST_STEP][PASSED] - click(findTestObject("Object Repository/Page_Town Square-Mattermost_Homepage/span_Save_Position")): Object: 'Object Repository/Page_Town Square-Mattermost_Homepage/span_Save_Position' is clicked on

2020-06-05 23:28:54 - [MESSAGE][PASSED] - Object: 'Object Repository/Page_Town Square-Mattermost_Homepage/span_Save_Position' is clicked on

2020-06-05 23:28:54 - [TEST_STEP][PASSED] - Start tear down : Teardown: Method 'Teardown' complete successfully

2020-06-05 23:28:54 - [TEST_STEP][PASSED] - closeBrowser(): Browser is closed

2020-06-05 23:28:55 - [MESSAGE][PASSED] - Browser is closed

2020-06-05 23:28:55 - [MESSAGE][PASSED] - Method 'Teardown' complete successfully]]></system-out>
         <system-err><![CDATA[]]></system-err>
      </testcase>
      <testcase name="Test Cases/Edit General Settings/TC_Edit_Position" time="15.493" classname="Test Cases/Edit General Settings/TC_Edit_Position" status="PASSED">
         <system-out><![CDATA[2020-06-05 23:28:55 - [TEST_CASE][PASSED] - Test Cases/Edit General Settings/TC_Edit_Position: Test Cases/Edit General Settings/TC_Edit_Position

2020-06-05 23:28:55 - [TEST_STEP][PASSED] - Start setup action : Setup: Method 'Setup' complete successfully

2020-06-05 23:28:55 - [TEST_STEP][PASSED] - openBrowser("http://192.168.1.10:8065/login"): Browser is opened with url: 'http://192.168.1.10:8065/login'

2020-06-05 23:28:55 - [MESSAGE][INFO] - Starting 'Firefox' driver

2020-06-05 23:28:55 - [MESSAGE][INFO] - Action delay is set to 0 milliseconds

2020-06-05 23:29:00 - [MESSAGE][PASSED] - Browser is opened with url: 'http://192.168.1.10:8065/login'

2020-06-05 23:29:00 - [MESSAGE][PASSED] - Method 'Setup' complete successfully

2020-06-05 23:29:00 - [TEST_STEP][PASSED] - callTestCase(findTestCase("Test Cases/Login/login_function"), ["var_user":"tlvietdanh@gmail.com", "var_password":"13101998"], STOP_ON_FAILURE): Call Test Case 'Test Cases/Login/login_function' successfully

2020-06-05 23:29:00 - [TEST_CASE][PASSED] - Test Cases/Login/login_function: Test Cases/Login/login_function

2020-06-05 23:29:00 - [TEST_STEP][PASSED] - setText(findTestObject("Object Repository/Page_Mattermost_login/input_loginId"), var_user): Text 'tlvietdanh@gmail.com' is set on object 'Object Repository/Page_Mattermost_login/input_loginId'

2020-06-05 23:29:02 - [MESSAGE][PASSED] - Text 'tlvietdanh@gmail.com' is set on object 'Object Repository/Page_Mattermost_login/input_loginId'

2020-06-05 23:29:02 - [TEST_STEP][PASSED] - setText(findTestObject("Object Repository/Page_Mattermost_login/input_password"), var_password): Text '13101998' is set on object 'Object Repository/Page_Mattermost_login/input_password'

2020-06-05 23:29:03 - [MESSAGE][PASSED] - Text '13101998' is set on object 'Object Repository/Page_Mattermost_login/input_password'

2020-06-05 23:29:03 - [TEST_STEP][PASSED] - click(findTestObject("Object Repository/Page_Mattermost_login/span_Sign in")): Object: 'Object Repository/Page_Mattermost_login/span_Sign in' is clicked on

2020-06-05 23:29:03 - [MESSAGE][PASSED] - Object: 'Object Repository/Page_Mattermost_login/span_Sign in' is clicked on

2020-06-05 23:29:04 - [MESSAGE][PASSED] - Call Test Case 'Test Cases/Login/login_function' successfully

2020-06-05 23:29:04 - [TEST_STEP][PASSED] - click(findTestObject("Object Repository/Page_Town Square-Mattermost_Homepage/span-mainmenu")): Object: 'Object Repository/Page_Town Square-Mattermost_Homepage/span-mainmenu' is clicked on

2020-06-05 23:29:06 - [MESSAGE][PASSED] - Object: 'Object Repository/Page_Town Square-Mattermost_Homepage/span-mainmenu' is clicked on

2020-06-05 23:29:06 - [TEST_STEP][PASSED] - click(findTestObject("Object Repository/Page_Town Square-Mattermost_Homepage/span_Account Settings")): Object: 'Object Repository/Page_Town Square-Mattermost_Homepage/span_Account Settings' is clicked on

2020-06-05 23:29:07 - [MESSAGE][PASSED] - Object: 'Object Repository/Page_Town Square-Mattermost_Homepage/span_Account Settings' is clicked on

2020-06-05 23:29:07 - [TEST_STEP][PASSED] - click(findTestObject("Object Repository/Page_Town Square-Mattermost_Homepage/button_General")): Object: 'Object Repository/Page_Town Square-Mattermost_Homepage/button_General' is clicked on

2020-06-05 23:29:07 - [MESSAGE][PASSED] - Object: 'Object Repository/Page_Town Square-Mattermost_Homepage/button_General' is clicked on

2020-06-05 23:29:07 - [TEST_STEP][PASSED] - click(findTestObject("Object Repository/Page_Town Square-Mattermost_Homepage/span_Edit_Position")): Object: 'Object Repository/Page_Town Square-Mattermost_Homepage/span_Edit_Position' is clicked on

2020-06-05 23:29:08 - [MESSAGE][PASSED] - Object: 'Object Repository/Page_Town Square-Mattermost_Homepage/span_Edit_Position' is clicked on

2020-06-05 23:29:08 - [TEST_STEP][PASSED] - setText(findTestObject("Object Repository/Page_Town Square-Mattermost_Homepage/input_Position_position"), var_position): Text 'management' is set on object 'Object Repository/Page_Town Square-Mattermost_Homepage/input_Position_position'

2020-06-05 23:29:09 - [MESSAGE][PASSED] - Text 'management' is set on object 'Object Repository/Page_Town Square-Mattermost_Homepage/input_Position_position'

2020-06-05 23:29:09 - [TEST_STEP][PASSED] - click(findTestObject("Object Repository/Page_Town Square-Mattermost_Homepage/span_Save_Position")): Object: 'Object Repository/Page_Town Square-Mattermost_Homepage/span_Save_Position' is clicked on

2020-06-05 23:29:09 - [MESSAGE][PASSED] - Object: 'Object Repository/Page_Town Square-Mattermost_Homepage/span_Save_Position' is clicked on

2020-06-05 23:29:09 - [TEST_STEP][PASSED] - Start tear down : Teardown: Method 'Teardown' complete successfully

2020-06-05 23:29:09 - [TEST_STEP][PASSED] - closeBrowser(): Browser is closed

2020-06-05 23:29:10 - [MESSAGE][PASSED] - Browser is closed

2020-06-05 23:29:10 - [MESSAGE][PASSED] - Method 'Teardown' complete successfully]]></system-out>
         <system-err><![CDATA[]]></system-err>
      </testcase>
      <testcase name="Test Cases/Edit General Settings/TC_Edit_Position" time="14.529" classname="Test Cases/Edit General Settings/TC_Edit_Position" status="PASSED">
         <system-out><![CDATA[2020-06-05 23:29:11 - [TEST_CASE][PASSED] - Test Cases/Edit General Settings/TC_Edit_Position: Test Cases/Edit General Settings/TC_Edit_Position

2020-06-05 23:29:11 - [TEST_STEP][PASSED] - Start setup action : Setup: Method 'Setup' complete successfully

2020-06-05 23:29:11 - [TEST_STEP][PASSED] - openBrowser("http://192.168.1.10:8065/login"): Browser is opened with url: 'http://192.168.1.10:8065/login'

2020-06-05 23:29:11 - [MESSAGE][INFO] - Starting 'Firefox' driver

2020-06-05 23:29:11 - [MESSAGE][INFO] - Action delay is set to 0 milliseconds

2020-06-05 23:29:15 - [MESSAGE][PASSED] - Browser is opened with url: 'http://192.168.1.10:8065/login'

2020-06-05 23:29:15 - [MESSAGE][PASSED] - Method 'Setup' complete successfully

2020-06-05 23:29:15 - [TEST_STEP][PASSED] - callTestCase(findTestCase("Test Cases/Login/login_function"), ["var_user":"tlvietdanh@gmail.com", "var_password":"13101998"], STOP_ON_FAILURE): Call Test Case 'Test Cases/Login/login_function' successfully

2020-06-05 23:29:15 - [TEST_CASE][PASSED] - Test Cases/Login/login_function: Test Cases/Login/login_function

2020-06-05 23:29:15 - [TEST_STEP][PASSED] - setText(findTestObject("Object Repository/Page_Mattermost_login/input_loginId"), var_user): Text 'tlvietdanh@gmail.com' is set on object 'Object Repository/Page_Mattermost_login/input_loginId'

2020-06-05 23:29:17 - [MESSAGE][PASSED] - Text 'tlvietdanh@gmail.com' is set on object 'Object Repository/Page_Mattermost_login/input_loginId'

2020-06-05 23:29:17 - [TEST_STEP][PASSED] - setText(findTestObject("Object Repository/Page_Mattermost_login/input_password"), var_password): Text '13101998' is set on object 'Object Repository/Page_Mattermost_login/input_password'

2020-06-05 23:29:17 - [MESSAGE][PASSED] - Text '13101998' is set on object 'Object Repository/Page_Mattermost_login/input_password'

2020-06-05 23:29:17 - [TEST_STEP][PASSED] - click(findTestObject("Object Repository/Page_Mattermost_login/span_Sign in")): Object: 'Object Repository/Page_Mattermost_login/span_Sign in' is clicked on

2020-06-05 23:29:18 - [MESSAGE][PASSED] - Object: 'Object Repository/Page_Mattermost_login/span_Sign in' is clicked on

2020-06-05 23:29:18 - [MESSAGE][PASSED] - Call Test Case 'Test Cases/Login/login_function' successfully

2020-06-05 23:29:18 - [TEST_STEP][PASSED] - click(findTestObject("Object Repository/Page_Town Square-Mattermost_Homepage/span-mainmenu")): Object: 'Object Repository/Page_Town Square-Mattermost_Homepage/span-mainmenu' is clicked on

2020-06-05 23:29:20 - [MESSAGE][PASSED] - Object: 'Object Repository/Page_Town Square-Mattermost_Homepage/span-mainmenu' is clicked on

2020-06-05 23:29:20 - [TEST_STEP][PASSED] - click(findTestObject("Object Repository/Page_Town Square-Mattermost_Homepage/span_Account Settings")): Object: 'Object Repository/Page_Town Square-Mattermost_Homepage/span_Account Settings' is clicked on

2020-06-05 23:29:21 - [MESSAGE][PASSED] - Object: 'Object Repository/Page_Town Square-Mattermost_Homepage/span_Account Settings' is clicked on

2020-06-05 23:29:21 - [TEST_STEP][PASSED] - click(findTestObject("Object Repository/Page_Town Square-Mattermost_Homepage/button_General")): Object: 'Object Repository/Page_Town Square-Mattermost_Homepage/button_General' is clicked on

2020-06-05 23:29:22 - [MESSAGE][PASSED] - Object: 'Object Repository/Page_Town Square-Mattermost_Homepage/button_General' is clicked on

2020-06-05 23:29:22 - [TEST_STEP][PASSED] - click(findTestObject("Object Repository/Page_Town Square-Mattermost_Homepage/span_Edit_Position")): Object: 'Object Repository/Page_Town Square-Mattermost_Homepage/span_Edit_Position' is clicked on

2020-06-05 23:29:22 - [MESSAGE][PASSED] - Object: 'Object Repository/Page_Town Square-Mattermost_Homepage/span_Edit_Position' is clicked on

2020-06-05 23:29:22 - [TEST_STEP][PASSED] - setText(findTestObject("Object Repository/Page_Town Square-Mattermost_Homepage/input_Position_position"), var_position): Text 'dev' is set on object 'Object Repository/Page_Town Square-Mattermost_Homepage/input_Position_position'

2020-06-05 23:29:23 - [MESSAGE][PASSED] - Text 'dev' is set on object 'Object Repository/Page_Town Square-Mattermost_Homepage/input_Position_position'

2020-06-05 23:29:23 - [TEST_STEP][PASSED] - click(findTestObject("Object Repository/Page_Town Square-Mattermost_Homepage/span_Save_Position")): Object: 'Object Repository/Page_Town Square-Mattermost_Homepage/span_Save_Position' is clicked on

2020-06-05 23:29:24 - [MESSAGE][PASSED] - Object: 'Object Repository/Page_Town Square-Mattermost_Homepage/span_Save_Position' is clicked on

2020-06-05 23:29:24 - [TEST_STEP][PASSED] - Start tear down : Teardown: Method 'Teardown' complete successfully

2020-06-05 23:29:24 - [TEST_STEP][PASSED] - closeBrowser(): Browser is closed

2020-06-05 23:29:25 - [MESSAGE][PASSED] - Browser is closed

2020-06-05 23:29:25 - [MESSAGE][PASSED] - Method 'Teardown' complete successfully]]></system-out>
         <system-err><![CDATA[]]></system-err>
      </testcase>
      <testcase name="Test Cases/Edit General Settings/TC_Edit_Position" time="14.799" classname="Test Cases/Edit General Settings/TC_Edit_Position" status="PASSED">
         <system-out><![CDATA[2020-06-05 23:29:25 - [TEST_CASE][PASSED] - Test Cases/Edit General Settings/TC_Edit_Position: Test Cases/Edit General Settings/TC_Edit_Position

2020-06-05 23:29:25 - [TEST_STEP][PASSED] - Start setup action : Setup: Method 'Setup' complete successfully

2020-06-05 23:29:25 - [TEST_STEP][PASSED] - openBrowser("http://192.168.1.10:8065/login"): Browser is opened with url: 'http://192.168.1.10:8065/login'

2020-06-05 23:29:25 - [MESSAGE][INFO] - Starting 'Firefox' driver

2020-06-05 23:29:25 - [MESSAGE][INFO] - Action delay is set to 0 milliseconds

2020-06-05 23:29:30 - [MESSAGE][PASSED] - Browser is opened with url: 'http://192.168.1.10:8065/login'

2020-06-05 23:29:30 - [MESSAGE][PASSED] - Method 'Setup' complete successfully

2020-06-05 23:29:30 - [TEST_STEP][PASSED] - callTestCase(findTestCase("Test Cases/Login/login_function"), ["var_user":"tlvietdanh@gmail.com", "var_password":"13101998"], STOP_ON_FAILURE): Call Test Case 'Test Cases/Login/login_function' successfully

2020-06-05 23:29:30 - [TEST_CASE][PASSED] - Test Cases/Login/login_function: Test Cases/Login/login_function

2020-06-05 23:29:30 - [TEST_STEP][PASSED] - setText(findTestObject("Object Repository/Page_Mattermost_login/input_loginId"), var_user): Text 'tlvietdanh@gmail.com' is set on object 'Object Repository/Page_Mattermost_login/input_loginId'

2020-06-05 23:29:32 - [MESSAGE][PASSED] - Text 'tlvietdanh@gmail.com' is set on object 'Object Repository/Page_Mattermost_login/input_loginId'

2020-06-05 23:29:32 - [TEST_STEP][PASSED] - setText(findTestObject("Object Repository/Page_Mattermost_login/input_password"), var_password): Text '13101998' is set on object 'Object Repository/Page_Mattermost_login/input_password'

2020-06-05 23:29:32 - [MESSAGE][PASSED] - Text '13101998' is set on object 'Object Repository/Page_Mattermost_login/input_password'

2020-06-05 23:29:32 - [TEST_STEP][PASSED] - click(findTestObject("Object Repository/Page_Mattermost_login/span_Sign in")): Object: 'Object Repository/Page_Mattermost_login/span_Sign in' is clicked on

2020-06-05 23:29:33 - [MESSAGE][PASSED] - Object: 'Object Repository/Page_Mattermost_login/span_Sign in' is clicked on

2020-06-05 23:29:33 - [MESSAGE][PASSED] - Call Test Case 'Test Cases/Login/login_function' successfully

2020-06-05 23:29:33 - [TEST_STEP][PASSED] - click(findTestObject("Object Repository/Page_Town Square-Mattermost_Homepage/span-mainmenu")): Object: 'Object Repository/Page_Town Square-Mattermost_Homepage/span-mainmenu' is clicked on

2020-06-05 23:29:35 - [MESSAGE][PASSED] - Object: 'Object Repository/Page_Town Square-Mattermost_Homepage/span-mainmenu' is clicked on

2020-06-05 23:29:35 - [TEST_STEP][PASSED] - click(findTestObject("Object Repository/Page_Town Square-Mattermost_Homepage/span_Account Settings")): Object: 'Object Repository/Page_Town Square-Mattermost_Homepage/span_Account Settings' is clicked on

2020-06-05 23:29:36 - [MESSAGE][PASSED] - Object: 'Object Repository/Page_Town Square-Mattermost_Homepage/span_Account Settings' is clicked on

2020-06-05 23:29:36 - [TEST_STEP][PASSED] - click(findTestObject("Object Repository/Page_Town Square-Mattermost_Homepage/button_General")): Object: 'Object Repository/Page_Town Square-Mattermost_Homepage/button_General' is clicked on

2020-06-05 23:29:37 - [MESSAGE][PASSED] - Object: 'Object Repository/Page_Town Square-Mattermost_Homepage/button_General' is clicked on

2020-06-05 23:29:37 - [TEST_STEP][PASSED] - click(findTestObject("Object Repository/Page_Town Square-Mattermost_Homepage/span_Edit_Position")): Object: 'Object Repository/Page_Town Square-Mattermost_Homepage/span_Edit_Position' is clicked on

2020-06-05 23:29:37 - [MESSAGE][PASSED] - Object: 'Object Repository/Page_Town Square-Mattermost_Homepage/span_Edit_Position' is clicked on

2020-06-05 23:29:37 - [TEST_STEP][PASSED] - setText(findTestObject("Object Repository/Page_Town Square-Mattermost_Homepage/input_Position_position"), var_position): Text 'tester' is set on object 'Object Repository/Page_Town Square-Mattermost_Homepage/input_Position_position'

2020-06-05 23:29:38 - [MESSAGE][PASSED] - Text 'tester' is set on object 'Object Repository/Page_Town Square-Mattermost_Homepage/input_Position_position'

2020-06-05 23:29:38 - [TEST_STEP][PASSED] - click(findTestObject("Object Repository/Page_Town Square-Mattermost_Homepage/span_Save_Position")): Object: 'Object Repository/Page_Town Square-Mattermost_Homepage/span_Save_Position' is clicked on

2020-06-05 23:29:39 - [MESSAGE][PASSED] - Object: 'Object Repository/Page_Town Square-Mattermost_Homepage/span_Save_Position' is clicked on

2020-06-05 23:29:39 - [TEST_STEP][PASSED] - Start tear down : Teardown: Method 'Teardown' complete successfully

2020-06-05 23:29:39 - [TEST_STEP][PASSED] - closeBrowser(): Browser is closed

2020-06-05 23:29:40 - [MESSAGE][PASSED] - Browser is closed

2020-06-05 23:29:40 - [MESSAGE][PASSED] - Method 'Teardown' complete successfully]]></system-out>
         <system-err><![CDATA[]]></system-err>
      </testcase>
      <testcase name="Test Cases/Edit General Settings/TC_Edit_Position" time="15.289" classname="Test Cases/Edit General Settings/TC_Edit_Position" status="PASSED">
         <system-out><![CDATA[2020-06-05 23:29:40 - [TEST_CASE][PASSED] - Test Cases/Edit General Settings/TC_Edit_Position: Test Cases/Edit General Settings/TC_Edit_Position

2020-06-05 23:29:40 - [TEST_STEP][PASSED] - Start setup action : Setup: Method 'Setup' complete successfully

2020-06-05 23:29:40 - [TEST_STEP][PASSED] - openBrowser("http://192.168.1.10:8065/login"): Browser is opened with url: 'http://192.168.1.10:8065/login'

2020-06-05 23:29:40 - [MESSAGE][INFO] - Starting 'Firefox' driver

2020-06-05 23:29:40 - [MESSAGE][INFO] - Action delay is set to 0 milliseconds

2020-06-05 23:29:45 - [MESSAGE][PASSED] - Browser is opened with url: 'http://192.168.1.10:8065/login'

2020-06-05 23:29:45 - [MESSAGE][PASSED] - Method 'Setup' complete successfully

2020-06-05 23:29:45 - [TEST_STEP][PASSED] - callTestCase(findTestCase("Test Cases/Login/login_function"), ["var_user":"tlvietdanh@gmail.com", "var_password":"13101998"], STOP_ON_FAILURE): Call Test Case 'Test Cases/Login/login_function' successfully

2020-06-05 23:29:45 - [TEST_CASE][PASSED] - Test Cases/Login/login_function: Test Cases/Login/login_function

2020-06-05 23:29:45 - [TEST_STEP][PASSED] - setText(findTestObject("Object Repository/Page_Mattermost_login/input_loginId"), var_user): Text 'tlvietdanh@gmail.com' is set on object 'Object Repository/Page_Mattermost_login/input_loginId'

2020-06-05 23:29:47 - [MESSAGE][PASSED] - Text 'tlvietdanh@gmail.com' is set on object 'Object Repository/Page_Mattermost_login/input_loginId'

2020-06-05 23:29:47 - [TEST_STEP][PASSED] - setText(findTestObject("Object Repository/Page_Mattermost_login/input_password"), var_password): Text '13101998' is set on object 'Object Repository/Page_Mattermost_login/input_password'

2020-06-05 23:29:47 - [MESSAGE][PASSED] - Text '13101998' is set on object 'Object Repository/Page_Mattermost_login/input_password'

2020-06-05 23:29:47 - [TEST_STEP][PASSED] - click(findTestObject("Object Repository/Page_Mattermost_login/span_Sign in")): Object: 'Object Repository/Page_Mattermost_login/span_Sign in' is clicked on

2020-06-05 23:29:48 - [MESSAGE][PASSED] - Object: 'Object Repository/Page_Mattermost_login/span_Sign in' is clicked on

2020-06-05 23:29:48 - [MESSAGE][PASSED] - Call Test Case 'Test Cases/Login/login_function' successfully

2020-06-05 23:29:48 - [TEST_STEP][PASSED] - click(findTestObject("Object Repository/Page_Town Square-Mattermost_Homepage/span-mainmenu")): Object: 'Object Repository/Page_Town Square-Mattermost_Homepage/span-mainmenu' is clicked on

2020-06-05 23:29:50 - [MESSAGE][PASSED] - Object: 'Object Repository/Page_Town Square-Mattermost_Homepage/span-mainmenu' is clicked on

2020-06-05 23:29:50 - [TEST_STEP][PASSED] - click(findTestObject("Object Repository/Page_Town Square-Mattermost_Homepage/span_Account Settings")): Object: 'Object Repository/Page_Town Square-Mattermost_Homepage/span_Account Settings' is clicked on

2020-06-05 23:29:51 - [MESSAGE][PASSED] - Object: 'Object Repository/Page_Town Square-Mattermost_Homepage/span_Account Settings' is clicked on

2020-06-05 23:29:51 - [TEST_STEP][PASSED] - click(findTestObject("Object Repository/Page_Town Square-Mattermost_Homepage/button_General")): Object: 'Object Repository/Page_Town Square-Mattermost_Homepage/button_General' is clicked on

2020-06-05 23:29:52 - [MESSAGE][PASSED] - Object: 'Object Repository/Page_Town Square-Mattermost_Homepage/button_General' is clicked on

2020-06-05 23:29:52 - [TEST_STEP][PASSED] - click(findTestObject("Object Repository/Page_Town Square-Mattermost_Homepage/span_Edit_Position")): Object: 'Object Repository/Page_Town Square-Mattermost_Homepage/span_Edit_Position' is clicked on

2020-06-05 23:29:52 - [MESSAGE][PASSED] - Object: 'Object Repository/Page_Town Square-Mattermost_Homepage/span_Edit_Position' is clicked on

2020-06-05 23:29:52 - [TEST_STEP][PASSED] - setText(findTestObject("Object Repository/Page_Town Square-Mattermost_Homepage/input_Position_position"), var_position): Text 'devops' is set on object 'Object Repository/Page_Town Square-Mattermost_Homepage/input_Position_position'

2020-06-05 23:29:53 - [MESSAGE][PASSED] - Text 'devops' is set on object 'Object Repository/Page_Town Square-Mattermost_Homepage/input_Position_position'

2020-06-05 23:29:53 - [TEST_STEP][PASSED] - click(findTestObject("Object Repository/Page_Town Square-Mattermost_Homepage/span_Save_Position")): Object: 'Object Repository/Page_Town Square-Mattermost_Homepage/span_Save_Position' is clicked on

2020-06-05 23:29:54 - [MESSAGE][PASSED] - Object: 'Object Repository/Page_Town Square-Mattermost_Homepage/span_Save_Position' is clicked on

2020-06-05 23:29:54 - [TEST_STEP][PASSED] - Start tear down : Teardown: Method 'Teardown' complete successfully

2020-06-05 23:29:54 - [TEST_STEP][PASSED] - closeBrowser(): Browser is closed

2020-06-05 23:29:55 - [MESSAGE][PASSED] - Browser is closed

2020-06-05 23:29:55 - [MESSAGE][PASSED] - Method 'Teardown' complete successfully]]></system-out>
         <system-err><![CDATA[]]></system-err>
      </testcase>
      <testcase name="Test Cases/Edit General Settings/TC_Edit_Username" time="14.842" classname="Test Cases/Edit General Settings/TC_Edit_Username" status="PASSED">
         <system-out><![CDATA[2020-06-05 23:29:55 - [TEST_CASE][PASSED] - Test Cases/Edit General Settings/TC_Edit_Username: Test Cases/Edit General Settings/TC_Edit_Username

2020-06-05 23:29:55 - [TEST_STEP][PASSED] - Start setup action : Setup: Method 'Setup' complete successfully

2020-06-05 23:29:55 - [TEST_STEP][PASSED] - openBrowser("http://192.168.1.10:8065/login"): Browser is opened with url: 'http://192.168.1.10:8065/login'

2020-06-05 23:29:55 - [MESSAGE][INFO] - Starting 'Firefox' driver

2020-06-05 23:29:55 - [MESSAGE][INFO] - Action delay is set to 0 milliseconds

2020-06-05 23:30:00 - [MESSAGE][PASSED] - Browser is opened with url: 'http://192.168.1.10:8065/login'

2020-06-05 23:30:00 - [MESSAGE][PASSED] - Method 'Setup' complete successfully

2020-06-05 23:30:00 - [TEST_STEP][PASSED] - callTestCase(findTestCase("Test Cases/Login/login_function"), ["var_user":"tlvietdanh@gmail.com", "var_password":"13101998"], STOP_ON_FAILURE): Call Test Case 'Test Cases/Login/login_function' successfully

2020-06-05 23:30:00 - [TEST_CASE][PASSED] - Test Cases/Login/login_function: Test Cases/Login/login_function

2020-06-05 23:30:00 - [TEST_STEP][PASSED] - setText(findTestObject("Object Repository/Page_Mattermost_login/input_loginId"), var_user): Text 'tlvietdanh@gmail.com' is set on object 'Object Repository/Page_Mattermost_login/input_loginId'

2020-06-05 23:30:02 - [MESSAGE][PASSED] - Text 'tlvietdanh@gmail.com' is set on object 'Object Repository/Page_Mattermost_login/input_loginId'

2020-06-05 23:30:02 - [TEST_STEP][PASSED] - setText(findTestObject("Object Repository/Page_Mattermost_login/input_password"), var_password): Text '13101998' is set on object 'Object Repository/Page_Mattermost_login/input_password'

2020-06-05 23:30:02 - [MESSAGE][PASSED] - Text '13101998' is set on object 'Object Repository/Page_Mattermost_login/input_password'

2020-06-05 23:30:02 - [TEST_STEP][PASSED] - click(findTestObject("Object Repository/Page_Mattermost_login/span_Sign in")): Object: 'Object Repository/Page_Mattermost_login/span_Sign in' is clicked on

2020-06-05 23:30:03 - [MESSAGE][PASSED] - Object: 'Object Repository/Page_Mattermost_login/span_Sign in' is clicked on

2020-06-05 23:30:03 - [MESSAGE][PASSED] - Call Test Case 'Test Cases/Login/login_function' successfully

2020-06-05 23:30:03 - [TEST_STEP][PASSED] - click(findTestObject("Object Repository/Page_Town Square-Mattermost_Homepage/span-mainmenu")): Object: 'Object Repository/Page_Town Square-Mattermost_Homepage/span-mainmenu' is clicked on

2020-06-05 23:30:05 - [MESSAGE][PASSED] - Object: 'Object Repository/Page_Town Square-Mattermost_Homepage/span-mainmenu' is clicked on

2020-06-05 23:30:05 - [TEST_STEP][PASSED] - click(findTestObject("Object Repository/Page_Town Square-Mattermost_Homepage/span_Account Settings")): Object: 'Object Repository/Page_Town Square-Mattermost_Homepage/span_Account Settings' is clicked on

2020-06-05 23:30:06 - [MESSAGE][PASSED] - Object: 'Object Repository/Page_Town Square-Mattermost_Homepage/span_Account Settings' is clicked on

2020-06-05 23:30:06 - [TEST_STEP][PASSED] - click(findTestObject("Object Repository/Page_Town Square-Mattermost_Homepage/button_General")): Object: 'Object Repository/Page_Town Square-Mattermost_Homepage/button_General' is clicked on

2020-06-05 23:30:07 - [MESSAGE][PASSED] - Object: 'Object Repository/Page_Town Square-Mattermost_Homepage/button_General' is clicked on

2020-06-05 23:30:07 - [TEST_STEP][PASSED] - click(findTestObject("Object Repository/Page_Town Square-Mattermost_Homepage/span_Edit_Username")): Object: 'Object Repository/Page_Town Square-Mattermost_Homepage/span_Edit_Username' is clicked on

2020-06-05 23:30:07 - [MESSAGE][PASSED] - Object: 'Object Repository/Page_Town Square-Mattermost_Homepage/span_Edit_Username' is clicked on

2020-06-05 23:30:07 - [TEST_STEP][PASSED] - setText(findTestObject("Object Repository/Page_Town Square-Mattermost_Homepage/input_Username_username"), var_username): Text 'cuongtest1' is set on object 'Object Repository/Page_Town Square-Mattermost_Homepage/input_Username_username'

2020-06-05 23:30:08 - [MESSAGE][PASSED] - Text 'cuongtest1' is set on object 'Object Repository/Page_Town Square-Mattermost_Homepage/input_Username_username'

2020-06-05 23:30:08 - [TEST_STEP][PASSED] - click(findTestObject("Object Repository/Page_Town Square-Mattermost_Homepage/button_Save_Username")): Object: 'Object Repository/Page_Town Square-Mattermost_Homepage/button_Save_Username' is clicked on

2020-06-05 23:30:09 - [MESSAGE][PASSED] - Object: 'Object Repository/Page_Town Square-Mattermost_Homepage/button_Save_Username' is clicked on

2020-06-05 23:30:09 - [TEST_STEP][PASSED] - Start tear down : Teardown: Method 'Teardown' complete successfully

2020-06-05 23:30:09 - [TEST_STEP][PASSED] - closeBrowser(): Browser is closed

2020-06-05 23:30:10 - [MESSAGE][PASSED] - Browser is closed

2020-06-05 23:30:10 - [MESSAGE][PASSED] - Method 'Teardown' complete successfully]]></system-out>
         <system-err><![CDATA[]]></system-err>
      </testcase>
      <testcase name="Test Cases/Edit General Settings/TC_Edit_Username" time="15.46" classname="Test Cases/Edit General Settings/TC_Edit_Username" status="PASSED">
         <system-out><![CDATA[2020-06-05 23:30:10 - [TEST_CASE][PASSED] - Test Cases/Edit General Settings/TC_Edit_Username: Test Cases/Edit General Settings/TC_Edit_Username

2020-06-05 23:30:10 - [TEST_STEP][PASSED] - Start setup action : Setup: Method 'Setup' complete successfully

2020-06-05 23:30:10 - [TEST_STEP][PASSED] - openBrowser("http://192.168.1.10:8065/login"): Browser is opened with url: 'http://192.168.1.10:8065/login'

2020-06-05 23:30:10 - [MESSAGE][INFO] - Starting 'Firefox' driver

2020-06-05 23:30:10 - [MESSAGE][INFO] - Action delay is set to 0 milliseconds

2020-06-05 23:30:15 - [MESSAGE][PASSED] - Browser is opened with url: 'http://192.168.1.10:8065/login'

2020-06-05 23:30:15 - [MESSAGE][PASSED] - Method 'Setup' complete successfully

2020-06-05 23:30:15 - [TEST_STEP][PASSED] - callTestCase(findTestCase("Test Cases/Login/login_function"), ["var_user":"tlvietdanh@gmail.com", "var_password":"13101998"], STOP_ON_FAILURE): Call Test Case 'Test Cases/Login/login_function' successfully

2020-06-05 23:30:15 - [TEST_CASE][PASSED] - Test Cases/Login/login_function: Test Cases/Login/login_function

2020-06-05 23:30:15 - [TEST_STEP][PASSED] - setText(findTestObject("Object Repository/Page_Mattermost_login/input_loginId"), var_user): Text 'tlvietdanh@gmail.com' is set on object 'Object Repository/Page_Mattermost_login/input_loginId'

2020-06-05 23:30:17 - [MESSAGE][PASSED] - Text 'tlvietdanh@gmail.com' is set on object 'Object Repository/Page_Mattermost_login/input_loginId'

2020-06-05 23:30:17 - [TEST_STEP][PASSED] - setText(findTestObject("Object Repository/Page_Mattermost_login/input_password"), var_password): Text '13101998' is set on object 'Object Repository/Page_Mattermost_login/input_password'

2020-06-05 23:30:17 - [MESSAGE][PASSED] - Text '13101998' is set on object 'Object Repository/Page_Mattermost_login/input_password'

2020-06-05 23:30:17 - [TEST_STEP][PASSED] - click(findTestObject("Object Repository/Page_Mattermost_login/span_Sign in")): Object: 'Object Repository/Page_Mattermost_login/span_Sign in' is clicked on

2020-06-05 23:30:18 - [MESSAGE][PASSED] - Object: 'Object Repository/Page_Mattermost_login/span_Sign in' is clicked on

2020-06-05 23:30:18 - [MESSAGE][PASSED] - Call Test Case 'Test Cases/Login/login_function' successfully

2020-06-05 23:30:18 - [TEST_STEP][PASSED] - click(findTestObject("Object Repository/Page_Town Square-Mattermost_Homepage/span-mainmenu")): Object: 'Object Repository/Page_Town Square-Mattermost_Homepage/span-mainmenu' is clicked on

2020-06-05 23:30:21 - [MESSAGE][PASSED] - Object: 'Object Repository/Page_Town Square-Mattermost_Homepage/span-mainmenu' is clicked on

2020-06-05 23:30:21 - [TEST_STEP][PASSED] - click(findTestObject("Object Repository/Page_Town Square-Mattermost_Homepage/span_Account Settings")): Object: 'Object Repository/Page_Town Square-Mattermost_Homepage/span_Account Settings' is clicked on

2020-06-05 23:30:22 - [MESSAGE][PASSED] - Object: 'Object Repository/Page_Town Square-Mattermost_Homepage/span_Account Settings' is clicked on

2020-06-05 23:30:22 - [TEST_STEP][PASSED] - click(findTestObject("Object Repository/Page_Town Square-Mattermost_Homepage/button_General")): Object: 'Object Repository/Page_Town Square-Mattermost_Homepage/button_General' is clicked on

2020-06-05 23:30:22 - [MESSAGE][PASSED] - Object: 'Object Repository/Page_Town Square-Mattermost_Homepage/button_General' is clicked on

2020-06-05 23:30:22 - [TEST_STEP][PASSED] - click(findTestObject("Object Repository/Page_Town Square-Mattermost_Homepage/span_Edit_Username")): Object: 'Object Repository/Page_Town Square-Mattermost_Homepage/span_Edit_Username' is clicked on

2020-06-05 23:30:23 - [MESSAGE][PASSED] - Object: 'Object Repository/Page_Town Square-Mattermost_Homepage/span_Edit_Username' is clicked on

2020-06-05 23:30:23 - [TEST_STEP][PASSED] - setText(findTestObject("Object Repository/Page_Town Square-Mattermost_Homepage/input_Username_username"), var_username): Text 'cuongtest2' is set on object 'Object Repository/Page_Town Square-Mattermost_Homepage/input_Username_username'

2020-06-05 23:30:24 - [MESSAGE][PASSED] - Text 'cuongtest2' is set on object 'Object Repository/Page_Town Square-Mattermost_Homepage/input_Username_username'

2020-06-05 23:30:24 - [TEST_STEP][PASSED] - click(findTestObject("Object Repository/Page_Town Square-Mattermost_Homepage/button_Save_Username")): Object: 'Object Repository/Page_Town Square-Mattermost_Homepage/button_Save_Username' is clicked on

2020-06-05 23:30:24 - [MESSAGE][PASSED] - Object: 'Object Repository/Page_Town Square-Mattermost_Homepage/button_Save_Username' is clicked on

2020-06-05 23:30:24 - [TEST_STEP][PASSED] - Start tear down : Teardown: Method 'Teardown' complete successfully

2020-06-05 23:30:24 - [TEST_STEP][PASSED] - closeBrowser(): Browser is closed

2020-06-05 23:30:25 - [MESSAGE][PASSED] - Browser is closed

2020-06-05 23:30:25 - [MESSAGE][PASSED] - Method 'Teardown' complete successfully]]></system-out>
         <system-err><![CDATA[]]></system-err>
      </testcase>
      <testcase name="Test Cases/Edit General Settings/TC_Edit_Username" time="14.812" classname="Test Cases/Edit General Settings/TC_Edit_Username" status="PASSED">
         <system-out><![CDATA[2020-06-05 23:30:25 - [TEST_CASE][PASSED] - Test Cases/Edit General Settings/TC_Edit_Username: Test Cases/Edit General Settings/TC_Edit_Username

2020-06-05 23:30:25 - [TEST_STEP][PASSED] - Start setup action : Setup: Method 'Setup' complete successfully

2020-06-05 23:30:25 - [TEST_STEP][PASSED] - openBrowser("http://192.168.1.10:8065/login"): Browser is opened with url: 'http://192.168.1.10:8065/login'

2020-06-05 23:30:25 - [MESSAGE][INFO] - Starting 'Firefox' driver

2020-06-05 23:30:25 - [MESSAGE][INFO] - Action delay is set to 0 milliseconds

2020-06-05 23:30:30 - [MESSAGE][PASSED] - Browser is opened with url: 'http://192.168.1.10:8065/login'

2020-06-05 23:30:30 - [MESSAGE][PASSED] - Method 'Setup' complete successfully

2020-06-05 23:30:30 - [TEST_STEP][PASSED] - callTestCase(findTestCase("Test Cases/Login/login_function"), ["var_user":"tlvietdanh@gmail.com", "var_password":"13101998"], STOP_ON_FAILURE): Call Test Case 'Test Cases/Login/login_function' successfully

2020-06-05 23:30:30 - [TEST_CASE][PASSED] - Test Cases/Login/login_function: Test Cases/Login/login_function

2020-06-05 23:30:30 - [TEST_STEP][PASSED] - setText(findTestObject("Object Repository/Page_Mattermost_login/input_loginId"), var_user): Text 'tlvietdanh@gmail.com' is set on object 'Object Repository/Page_Mattermost_login/input_loginId'

2020-06-05 23:30:32 - [MESSAGE][PASSED] - Text 'tlvietdanh@gmail.com' is set on object 'Object Repository/Page_Mattermost_login/input_loginId'

2020-06-05 23:30:32 - [TEST_STEP][PASSED] - setText(findTestObject("Object Repository/Page_Mattermost_login/input_password"), var_password): Text '13101998' is set on object 'Object Repository/Page_Mattermost_login/input_password'

2020-06-05 23:30:32 - [MESSAGE][PASSED] - Text '13101998' is set on object 'Object Repository/Page_Mattermost_login/input_password'

2020-06-05 23:30:32 - [TEST_STEP][PASSED] - click(findTestObject("Object Repository/Page_Mattermost_login/span_Sign in")): Object: 'Object Repository/Page_Mattermost_login/span_Sign in' is clicked on

2020-06-05 23:30:33 - [MESSAGE][PASSED] - Object: 'Object Repository/Page_Mattermost_login/span_Sign in' is clicked on

2020-06-05 23:30:33 - [MESSAGE][PASSED] - Call Test Case 'Test Cases/Login/login_function' successfully

2020-06-05 23:30:33 - [TEST_STEP][PASSED] - click(findTestObject("Object Repository/Page_Town Square-Mattermost_Homepage/span-mainmenu")): Object: 'Object Repository/Page_Town Square-Mattermost_Homepage/span-mainmenu' is clicked on

2020-06-05 23:30:35 - [MESSAGE][PASSED] - Object: 'Object Repository/Page_Town Square-Mattermost_Homepage/span-mainmenu' is clicked on

2020-06-05 23:30:35 - [TEST_STEP][PASSED] - click(findTestObject("Object Repository/Page_Town Square-Mattermost_Homepage/span_Account Settings")): Object: 'Object Repository/Page_Town Square-Mattermost_Homepage/span_Account Settings' is clicked on

2020-06-05 23:30:36 - [MESSAGE][PASSED] - Object: 'Object Repository/Page_Town Square-Mattermost_Homepage/span_Account Settings' is clicked on

2020-06-05 23:30:36 - [TEST_STEP][PASSED] - click(findTestObject("Object Repository/Page_Town Square-Mattermost_Homepage/button_General")): Object: 'Object Repository/Page_Town Square-Mattermost_Homepage/button_General' is clicked on

2020-06-05 23:30:37 - [MESSAGE][PASSED] - Object: 'Object Repository/Page_Town Square-Mattermost_Homepage/button_General' is clicked on

2020-06-05 23:30:37 - [TEST_STEP][PASSED] - click(findTestObject("Object Repository/Page_Town Square-Mattermost_Homepage/span_Edit_Username")): Object: 'Object Repository/Page_Town Square-Mattermost_Homepage/span_Edit_Username' is clicked on

2020-06-05 23:30:38 - [MESSAGE][PASSED] - Object: 'Object Repository/Page_Town Square-Mattermost_Homepage/span_Edit_Username' is clicked on

2020-06-05 23:30:38 - [TEST_STEP][PASSED] - setText(findTestObject("Object Repository/Page_Town Square-Mattermost_Homepage/input_Username_username"), var_username): Text 'cuongtest3' is set on object 'Object Repository/Page_Town Square-Mattermost_Homepage/input_Username_username'

2020-06-05 23:30:38 - [MESSAGE][PASSED] - Text 'cuongtest3' is set on object 'Object Repository/Page_Town Square-Mattermost_Homepage/input_Username_username'

2020-06-05 23:30:38 - [TEST_STEP][PASSED] - click(findTestObject("Object Repository/Page_Town Square-Mattermost_Homepage/button_Save_Username")): Object: 'Object Repository/Page_Town Square-Mattermost_Homepage/button_Save_Username' is clicked on

2020-06-05 23:30:39 - [MESSAGE][PASSED] - Object: 'Object Repository/Page_Town Square-Mattermost_Homepage/button_Save_Username' is clicked on

2020-06-05 23:30:39 - [TEST_STEP][PASSED] - Start tear down : Teardown: Method 'Teardown' complete successfully

2020-06-05 23:30:39 - [TEST_STEP][PASSED] - closeBrowser(): Browser is closed

2020-06-05 23:30:40 - [MESSAGE][PASSED] - Browser is closed

2020-06-05 23:30:40 - [MESSAGE][PASSED] - Method 'Teardown' complete successfully]]></system-out>
         <system-err><![CDATA[]]></system-err>
      </testcase>
      <testcase name="Test Cases/Edit General Settings/TC_Edit_Username" time="14.751" classname="Test Cases/Edit General Settings/TC_Edit_Username" status="PASSED">
         <system-out><![CDATA[2020-06-05 23:30:40 - [TEST_CASE][PASSED] - Test Cases/Edit General Settings/TC_Edit_Username: Test Cases/Edit General Settings/TC_Edit_Username

2020-06-05 23:30:40 - [TEST_STEP][PASSED] - Start setup action : Setup: Method 'Setup' complete successfully

2020-06-05 23:30:40 - [TEST_STEP][PASSED] - openBrowser("http://192.168.1.10:8065/login"): Browser is opened with url: 'http://192.168.1.10:8065/login'

2020-06-05 23:30:40 - [MESSAGE][INFO] - Starting 'Firefox' driver

2020-06-05 23:30:40 - [MESSAGE][INFO] - Action delay is set to 0 milliseconds

2020-06-05 23:30:45 - [MESSAGE][PASSED] - Browser is opened with url: 'http://192.168.1.10:8065/login'

2020-06-05 23:30:45 - [MESSAGE][PASSED] - Method 'Setup' complete successfully

2020-06-05 23:30:45 - [TEST_STEP][PASSED] - callTestCase(findTestCase("Test Cases/Login/login_function"), ["var_user":"tlvietdanh@gmail.com", "var_password":"13101998"], STOP_ON_FAILURE): Call Test Case 'Test Cases/Login/login_function' successfully

2020-06-05 23:30:45 - [TEST_CASE][PASSED] - Test Cases/Login/login_function: Test Cases/Login/login_function

2020-06-05 23:30:45 - [TEST_STEP][PASSED] - setText(findTestObject("Object Repository/Page_Mattermost_login/input_loginId"), var_user): Text 'tlvietdanh@gmail.com' is set on object 'Object Repository/Page_Mattermost_login/input_loginId'

2020-06-05 23:30:47 - [MESSAGE][PASSED] - Text 'tlvietdanh@gmail.com' is set on object 'Object Repository/Page_Mattermost_login/input_loginId'

2020-06-05 23:30:47 - [TEST_STEP][PASSED] - setText(findTestObject("Object Repository/Page_Mattermost_login/input_password"), var_password): Text '13101998' is set on object 'Object Repository/Page_Mattermost_login/input_password'

2020-06-05 23:30:47 - [MESSAGE][PASSED] - Text '13101998' is set on object 'Object Repository/Page_Mattermost_login/input_password'

2020-06-05 23:30:47 - [TEST_STEP][PASSED] - click(findTestObject("Object Repository/Page_Mattermost_login/span_Sign in")): Object: 'Object Repository/Page_Mattermost_login/span_Sign in' is clicked on

2020-06-05 23:30:48 - [MESSAGE][PASSED] - Object: 'Object Repository/Page_Mattermost_login/span_Sign in' is clicked on

2020-06-05 23:30:48 - [MESSAGE][PASSED] - Call Test Case 'Test Cases/Login/login_function' successfully

2020-06-05 23:30:48 - [TEST_STEP][PASSED] - click(findTestObject("Object Repository/Page_Town Square-Mattermost_Homepage/span-mainmenu")): Object: 'Object Repository/Page_Town Square-Mattermost_Homepage/span-mainmenu' is clicked on

2020-06-05 23:30:50 - [MESSAGE][PASSED] - Object: 'Object Repository/Page_Town Square-Mattermost_Homepage/span-mainmenu' is clicked on

2020-06-05 23:30:50 - [TEST_STEP][PASSED] - click(findTestObject("Object Repository/Page_Town Square-Mattermost_Homepage/span_Account Settings")): Object: 'Object Repository/Page_Town Square-Mattermost_Homepage/span_Account Settings' is clicked on

2020-06-05 23:30:51 - [MESSAGE][PASSED] - Object: 'Object Repository/Page_Town Square-Mattermost_Homepage/span_Account Settings' is clicked on

2020-06-05 23:30:51 - [TEST_STEP][PASSED] - click(findTestObject("Object Repository/Page_Town Square-Mattermost_Homepage/button_General")): Object: 'Object Repository/Page_Town Square-Mattermost_Homepage/button_General' is clicked on

2020-06-05 23:30:52 - [MESSAGE][PASSED] - Object: 'Object Repository/Page_Town Square-Mattermost_Homepage/button_General' is clicked on

2020-06-05 23:30:52 - [TEST_STEP][PASSED] - click(findTestObject("Object Repository/Page_Town Square-Mattermost_Homepage/span_Edit_Username")): Object: 'Object Repository/Page_Town Square-Mattermost_Homepage/span_Edit_Username' is clicked on

2020-06-05 23:30:52 - [MESSAGE][PASSED] - Object: 'Object Repository/Page_Town Square-Mattermost_Homepage/span_Edit_Username' is clicked on

2020-06-05 23:30:52 - [TEST_STEP][PASSED] - setText(findTestObject("Object Repository/Page_Town Square-Mattermost_Homepage/input_Username_username"), var_username): Text 'cuongtest4' is set on object 'Object Repository/Page_Town Square-Mattermost_Homepage/input_Username_username'

2020-06-05 23:30:53 - [MESSAGE][PASSED] - Text 'cuongtest4' is set on object 'Object Repository/Page_Town Square-Mattermost_Homepage/input_Username_username'

2020-06-05 23:30:53 - [TEST_STEP][PASSED] - click(findTestObject("Object Repository/Page_Town Square-Mattermost_Homepage/button_Save_Username")): Object: 'Object Repository/Page_Town Square-Mattermost_Homepage/button_Save_Username' is clicked on

2020-06-05 23:30:54 - [MESSAGE][PASSED] - Object: 'Object Repository/Page_Town Square-Mattermost_Homepage/button_Save_Username' is clicked on

2020-06-05 23:30:54 - [TEST_STEP][PASSED] - Start tear down : Teardown: Method 'Teardown' complete successfully

2020-06-05 23:30:54 - [TEST_STEP][PASSED] - closeBrowser(): Browser is closed

2020-06-05 23:30:55 - [MESSAGE][PASSED] - Browser is closed

2020-06-05 23:30:55 - [MESSAGE][PASSED] - Method 'Teardown' complete successfully]]></system-out>
         <system-err><![CDATA[]]></system-err>
      </testcase>
      <testcase name="Test Cases/Edit General Settings/TC_Edit_Username" time="15.042" classname="Test Cases/Edit General Settings/TC_Edit_Username" status="PASSED">
         <system-out><![CDATA[2020-06-05 23:30:55 - [TEST_CASE][PASSED] - Test Cases/Edit General Settings/TC_Edit_Username: Test Cases/Edit General Settings/TC_Edit_Username

2020-06-05 23:30:55 - [TEST_STEP][PASSED] - Start setup action : Setup: Method 'Setup' complete successfully

2020-06-05 23:30:55 - [TEST_STEP][PASSED] - openBrowser("http://192.168.1.10:8065/login"): Browser is opened with url: 'http://192.168.1.10:8065/login'

2020-06-05 23:30:55 - [MESSAGE][INFO] - Starting 'Firefox' driver

2020-06-05 23:30:55 - [MESSAGE][INFO] - Action delay is set to 0 milliseconds

2020-06-05 23:31:00 - [MESSAGE][PASSED] - Browser is opened with url: 'http://192.168.1.10:8065/login'

2020-06-05 23:31:00 - [MESSAGE][PASSED] - Method 'Setup' complete successfully

2020-06-05 23:31:00 - [TEST_STEP][PASSED] - callTestCase(findTestCase("Test Cases/Login/login_function"), ["var_user":"tlvietdanh@gmail.com", "var_password":"13101998"], STOP_ON_FAILURE): Call Test Case 'Test Cases/Login/login_function' successfully

2020-06-05 23:31:00 - [TEST_CASE][PASSED] - Test Cases/Login/login_function: Test Cases/Login/login_function

2020-06-05 23:31:00 - [TEST_STEP][PASSED] - setText(findTestObject("Object Repository/Page_Mattermost_login/input_loginId"), var_user): Text 'tlvietdanh@gmail.com' is set on object 'Object Repository/Page_Mattermost_login/input_loginId'

2020-06-05 23:31:02 - [MESSAGE][PASSED] - Text 'tlvietdanh@gmail.com' is set on object 'Object Repository/Page_Mattermost_login/input_loginId'

2020-06-05 23:31:02 - [TEST_STEP][PASSED] - setText(findTestObject("Object Repository/Page_Mattermost_login/input_password"), var_password): Text '13101998' is set on object 'Object Repository/Page_Mattermost_login/input_password'

2020-06-05 23:31:03 - [MESSAGE][PASSED] - Text '13101998' is set on object 'Object Repository/Page_Mattermost_login/input_password'

2020-06-05 23:31:03 - [TEST_STEP][PASSED] - click(findTestObject("Object Repository/Page_Mattermost_login/span_Sign in")): Object: 'Object Repository/Page_Mattermost_login/span_Sign in' is clicked on

2020-06-05 23:31:03 - [MESSAGE][PASSED] - Object: 'Object Repository/Page_Mattermost_login/span_Sign in' is clicked on

2020-06-05 23:31:03 - [MESSAGE][PASSED] - Call Test Case 'Test Cases/Login/login_function' successfully

2020-06-05 23:31:03 - [TEST_STEP][PASSED] - click(findTestObject("Object Repository/Page_Town Square-Mattermost_Homepage/span-mainmenu")): Object: 'Object Repository/Page_Town Square-Mattermost_Homepage/span-mainmenu' is clicked on

2020-06-05 23:31:05 - [MESSAGE][PASSED] - Object: 'Object Repository/Page_Town Square-Mattermost_Homepage/span-mainmenu' is clicked on

2020-06-05 23:31:05 - [TEST_STEP][PASSED] - click(findTestObject("Object Repository/Page_Town Square-Mattermost_Homepage/span_Account Settings")): Object: 'Object Repository/Page_Town Square-Mattermost_Homepage/span_Account Settings' is clicked on

2020-06-05 23:31:06 - [MESSAGE][PASSED] - Object: 'Object Repository/Page_Town Square-Mattermost_Homepage/span_Account Settings' is clicked on

2020-06-05 23:31:06 - [TEST_STEP][PASSED] - click(findTestObject("Object Repository/Page_Town Square-Mattermost_Homepage/button_General")): Object: 'Object Repository/Page_Town Square-Mattermost_Homepage/button_General' is clicked on

2020-06-05 23:31:07 - [MESSAGE][PASSED] - Object: 'Object Repository/Page_Town Square-Mattermost_Homepage/button_General' is clicked on

2020-06-05 23:31:07 - [TEST_STEP][PASSED] - click(findTestObject("Object Repository/Page_Town Square-Mattermost_Homepage/span_Edit_Username")): Object: 'Object Repository/Page_Town Square-Mattermost_Homepage/span_Edit_Username' is clicked on

2020-06-05 23:31:08 - [MESSAGE][PASSED] - Object: 'Object Repository/Page_Town Square-Mattermost_Homepage/span_Edit_Username' is clicked on

2020-06-05 23:31:08 - [TEST_STEP][PASSED] - setText(findTestObject("Object Repository/Page_Town Square-Mattermost_Homepage/input_Username_username"), var_username): Text 'cuongtest5' is set on object 'Object Repository/Page_Town Square-Mattermost_Homepage/input_Username_username'

2020-06-05 23:31:08 - [MESSAGE][PASSED] - Text 'cuongtest5' is set on object 'Object Repository/Page_Town Square-Mattermost_Homepage/input_Username_username'

2020-06-05 23:31:08 - [TEST_STEP][PASSED] - click(findTestObject("Object Repository/Page_Town Square-Mattermost_Homepage/button_Save_Username")): Object: 'Object Repository/Page_Town Square-Mattermost_Homepage/button_Save_Username' is clicked on

2020-06-05 23:31:09 - [MESSAGE][PASSED] - Object: 'Object Repository/Page_Town Square-Mattermost_Homepage/button_Save_Username' is clicked on

2020-06-05 23:31:09 - [TEST_STEP][PASSED] - Start tear down : Teardown: Method 'Teardown' complete successfully

2020-06-05 23:31:09 - [TEST_STEP][PASSED] - closeBrowser(): Browser is closed

2020-06-05 23:31:10 - [MESSAGE][PASSED] - Browser is closed

2020-06-05 23:31:10 - [MESSAGE][PASSED] - Method 'Teardown' complete successfully]]></system-out>
         <system-err><![CDATA[]]></system-err>
      </testcase>
      <testcase name="Test Cases/Feature_Test/TC_test_chat" time="11.081" classname="Test Cases/Feature_Test/TC_test_chat" status="PASSED">
         <system-out><![CDATA[2020-06-05 23:31:10 - [TEST_CASE][PASSED] - Test Cases/Feature_Test/TC_test_chat: Test Cases/Feature_Test/TC_test_chat

2020-06-05 23:31:10 - [TEST_STEP][PASSED] - Start setup action : Setup: Method 'Setup' complete successfully

2020-06-05 23:31:10 - [TEST_STEP][PASSED] - openBrowser("http://192.168.1.10:8065/login"): Browser is opened with url: 'http://192.168.1.10:8065/login'

2020-06-05 23:31:10 - [MESSAGE][INFO] - Starting 'Firefox' driver

2020-06-05 23:31:10 - [MESSAGE][INFO] - Action delay is set to 0 milliseconds

2020-06-05 23:31:15 - [MESSAGE][PASSED] - Browser is opened with url: 'http://192.168.1.10:8065/login'

2020-06-05 23:31:15 - [MESSAGE][PASSED] - Method 'Setup' complete successfully

2020-06-05 23:31:15 - [TEST_STEP][PASSED] - callTestCase(findTestCase("Test Cases/Login/login_function"), ["var_user":"tlvietdanh@gmail.com", "var_password":"13101998"], STOP_ON_FAILURE): Call Test Case 'Test Cases/Login/login_function' successfully

2020-06-05 23:31:15 - [TEST_CASE][PASSED] - Test Cases/Login/login_function: Test Cases/Login/login_function

2020-06-05 23:31:15 - [TEST_STEP][PASSED] - setText(findTestObject("Object Repository/Page_Mattermost_login/input_loginId"), var_user): Text 'tlvietdanh@gmail.com' is set on object 'Object Repository/Page_Mattermost_login/input_loginId'

2020-06-05 23:31:16 - [MESSAGE][PASSED] - Text 'tlvietdanh@gmail.com' is set on object 'Object Repository/Page_Mattermost_login/input_loginId'

2020-06-05 23:31:16 - [TEST_STEP][PASSED] - setText(findTestObject("Object Repository/Page_Mattermost_login/input_password"), var_password): Text '13101998' is set on object 'Object Repository/Page_Mattermost_login/input_password'

2020-06-05 23:31:17 - [MESSAGE][PASSED] - Text '13101998' is set on object 'Object Repository/Page_Mattermost_login/input_password'

2020-06-05 23:31:17 - [TEST_STEP][PASSED] - click(findTestObject("Object Repository/Page_Mattermost_login/span_Sign in")): Object: 'Object Repository/Page_Mattermost_login/span_Sign in' is clicked on

2020-06-05 23:31:18 - [MESSAGE][PASSED] - Object: 'Object Repository/Page_Mattermost_login/span_Sign in' is clicked on

2020-06-05 23:31:18 - [MESSAGE][PASSED] - Call Test Case 'Test Cases/Login/login_function' successfully

2020-06-05 23:31:18 - [TEST_STEP][PASSED] - sendKeys(findTestObject("Object Repository/Page_Town Square-Mattermost_Homepage/textarea_Write to Town Square_post_textbox"), Keys.chord("This is test string", ENTER)): Keys 'ENTER + This is test string' sent to object: 'Object Repository/Page_Town Square-Mattermost_Homepage/textarea_Write to Town Square_post_textbox'

2020-06-05 23:31:20 - [MESSAGE][PASSED] - Keys 'ENTER + This is test string' sent to object: 'Object Repository/Page_Town Square-Mattermost_Homepage/textarea_Write to Town Square_post_textbox'

2020-06-05 23:31:20 - [TEST_STEP][PASSED] - Start tear down : Teardown: Method 'Teardown' complete successfully

2020-06-05 23:31:20 - [TEST_STEP][PASSED] - closeBrowser(): Browser is closed

2020-06-05 23:31:21 - [MESSAGE][PASSED] - Browser is closed

2020-06-05 23:31:21 - [MESSAGE][PASSED] - Method 'Teardown' complete successfully]]></system-out>
         <system-err><![CDATA[]]></system-err>
      </testcase>
      <testcase name="Test Cases/Feature_Test/TC_test_logout" time="12.585" classname="Test Cases/Feature_Test/TC_test_logout" status="PASSED">
         <system-out><![CDATA[2020-06-05 23:31:21 - [TEST_CASE][PASSED] - Test Cases/Feature_Test/TC_test_logout: Test Cases/Feature_Test/TC_test_logout

2020-06-05 23:31:21 - [TEST_STEP][PASSED] - Start setup action : Setup: Method 'Setup' complete successfully

2020-06-05 23:31:21 - [TEST_STEP][PASSED] - openBrowser("http://192.168.1.10:8065/login"): Browser is opened with url: 'http://192.168.1.10:8065/login'

2020-06-05 23:31:21 - [MESSAGE][INFO] - Starting 'Firefox' driver

2020-06-05 23:31:21 - [MESSAGE][INFO] - Action delay is set to 0 milliseconds

2020-06-05 23:31:26 - [MESSAGE][PASSED] - Browser is opened with url: 'http://192.168.1.10:8065/login'

2020-06-05 23:31:26 - [MESSAGE][PASSED] - Method 'Setup' complete successfully

2020-06-05 23:31:26 - [TEST_STEP][PASSED] - callTestCase(findTestCase("Test Cases/Login/login_function"), ["var_user":"tlvietdanh@gmail.com", "var_password":"13101998"], STOP_ON_FAILURE): Call Test Case 'Test Cases/Login/login_function' successfully

2020-06-05 23:31:26 - [TEST_CASE][PASSED] - Test Cases/Login/login_function: Test Cases/Login/login_function

2020-06-05 23:31:26 - [TEST_STEP][PASSED] - setText(findTestObject("Object Repository/Page_Mattermost_login/input_loginId"), var_user): Text 'tlvietdanh@gmail.com' is set on object 'Object Repository/Page_Mattermost_login/input_loginId'

2020-06-05 23:31:27 - [MESSAGE][PASSED] - Text 'tlvietdanh@gmail.com' is set on object 'Object Repository/Page_Mattermost_login/input_loginId'

2020-06-05 23:31:27 - [TEST_STEP][PASSED] - setText(findTestObject("Object Repository/Page_Mattermost_login/input_password"), var_password): Text '13101998' is set on object 'Object Repository/Page_Mattermost_login/input_password'

2020-06-05 23:31:28 - [MESSAGE][PASSED] - Text '13101998' is set on object 'Object Repository/Page_Mattermost_login/input_password'

2020-06-05 23:31:28 - [TEST_STEP][PASSED] - click(findTestObject("Object Repository/Page_Mattermost_login/span_Sign in")): Object: 'Object Repository/Page_Mattermost_login/span_Sign in' is clicked on

2020-06-05 23:31:29 - [MESSAGE][PASSED] - Object: 'Object Repository/Page_Mattermost_login/span_Sign in' is clicked on

2020-06-05 23:31:29 - [MESSAGE][PASSED] - Call Test Case 'Test Cases/Login/login_function' successfully

2020-06-05 23:31:29 - [TEST_STEP][PASSED] - click(findTestObject("Object Repository/Page_Town Square-Mattermost_Homepage/span-mainmenu")): Object: 'Object Repository/Page_Town Square-Mattermost_Homepage/span-mainmenu' is clicked on

2020-06-05 23:31:31 - [MESSAGE][PASSED] - Object: 'Object Repository/Page_Town Square-Mattermost_Homepage/span-mainmenu' is clicked on

2020-06-05 23:31:31 - [TEST_STEP][PASSED] - click(findTestObject("Object Repository/Page_Town Square-Mattermost_Homepage/span_Log Out")): Object: 'Object Repository/Page_Town Square-Mattermost_Homepage/span_Log Out' is clicked on

2020-06-05 23:31:33 - [MESSAGE][PASSED] - Object: 'Object Repository/Page_Town Square-Mattermost_Homepage/span_Log Out' is clicked on

2020-06-05 23:31:33 - [TEST_STEP][PASSED] - Start tear down : Teardown: Method 'Teardown' complete successfully

2020-06-05 23:31:33 - [TEST_STEP][PASSED] - closeBrowser(): Browser is closed

2020-06-05 23:31:34 - [MESSAGE][PASSED] - Browser is closed

2020-06-05 23:31:34 - [MESSAGE][PASSED] - Method 'Teardown' complete successfully]]></system-out>
         <system-err><![CDATA[]]></system-err>
      </testcase>
      <testcase name="Test Cases/Feature_Test/TC_test_search" time="10.677" classname="Test Cases/Feature_Test/TC_test_search" status="FAILED">
         <failure type="FAILED" message="Test Cases/Feature_Test/TC_test_search FAILED.
Reason:
com.kms.katalon.core.exception.StepFailedException: Unable to click on object 'Object Repository/Page_Town Square-Mattermost_Homepage/svg_search_button'
	at com.kms.katalon.core.webui.keyword.internal.WebUIKeywordMain.stepFailed(WebUIKeywordMain.groovy:64)
	at com.kms.katalon.core.webui.keyword.internal.WebUIKeywordMain.runKeyword(WebUIKeywordMain.groovy:26)
	at com.kms.katalon.core.webui.keyword.builtin.ClickKeyword.click(ClickKeyword.groovy:76)
	at com.kms.katalon.core.webui.keyword.builtin.ClickKeyword.execute(ClickKeyword.groovy:43)
	at com.kms.katalon.core.keyword.internal.KeywordExecutor.executeKeywordForPlatform(KeywordExecutor.groovy:72)
	at com.kms.katalon.core.webui.keyword.WebUiBuiltInKeywords.click(WebUiBuiltInKeywords.groovy:616)
	at com.kms.katalon.core.webui.keyword.WebUiBuiltInKeywords$click$3.call(Unknown Source)
	at TC_test_search.run(TC_test_search:30)
	at com.kms.katalon.core.main.ScriptEngine.run(ScriptEngine.java:194)
	at com.kms.katalon.core.main.ScriptEngine.runScriptAsRawText(ScriptEngine.java:119)
	at com.kms.katalon.core.main.TestCaseExecutor.runScript(TestCaseExecutor.java:337)
	at com.kms.katalon.core.main.TestCaseExecutor.doExecute(TestCaseExecutor.java:328)
	at com.kms.katalon.core.main.TestCaseExecutor.processExecutionPhase(TestCaseExecutor.java:307)
	at com.kms.katalon.core.main.TestCaseExecutor.accessMainPhase(TestCaseExecutor.java:299)
	at com.kms.katalon.core.main.TestCaseExecutor.execute(TestCaseExecutor.java:233)
	at com.kms.katalon.core.main.TestSuiteExecutor.accessTestCaseMainPhase(TestSuiteExecutor.java:169)
	at com.kms.katalon.core.main.TestSuiteExecutor.accessTestSuiteMainPhase(TestSuiteExecutor.java:142)
	at com.kms.katalon.core.main.TestSuiteExecutor.execute(TestSuiteExecutor.java:91)
	at com.kms.katalon.core.main.TestCaseMain.startTestSuite(TestCaseMain.java:157)
	at com.kms.katalon.core.main.TestCaseMain$startTestSuite$0.call(Unknown Source)
	at TempTestSuite1591373123859.run(TempTestSuite1591373123859.groovy:37)
Caused by: org.openqa.selenium.ElementClickInterceptedException: Element &lt;svg> is not clickable at point (1029,64) because another element &lt;input id=&quot;searchBox&quot; class=&quot;search-bar a11y__region&quot; type=&quot;search&quot;> obscures it
Build info: version: '3.141.59', revision: 'e82be7d358', time: '2018-11-14T08:25:53'
System info: host: 'DESKTOP-D5IG9IP', ip: '192.168.56.1', os.name: 'Windows 10', os.arch: 'amd64', os.version: '10.0', java.version: '1.8.0_181'
Driver info: com.kms.katalon.core.webui.driver.firefox.CGeckoDriver
Capabilities {acceptInsecureCerts: true, browserName: firefox, browserVersion: 77.0.1, javascriptEnabled: true, moz:accessibilityChecks: false, moz:buildID: 20200602222727, moz:geckodriverVersion: 0.23.0, moz:headless: false, moz:processID: 13108, moz:profile: C:\Users\black\AppData\Loca..., moz:shutdownTimeout: 60000, moz:useNonSpecCompliantPointerOrigin: false, moz:webdriverClick: true, pageLoadStrategy: normal, platform: WINDOWS, platformName: WINDOWS, platformVersion: 10.0, proxy: Proxy(direct), rotatable: false, setWindowRect: true, strictFileInteractability: false, timeouts: {implicit: 0, pageLoad: 300000, script: 30000}, unhandledPromptBehavior: dismiss and notify}
Session ID: 73e193b1-252a-4630-a0bb-386793561667
	at org.openqa.selenium.remote.http.W3CHttpResponseCodec.createException(W3CHttpResponseCodec.java:187)
	at org.openqa.selenium.remote.http.W3CHttpResponseCodec.decode(W3CHttpResponseCodec.java:122)
	at org.openqa.selenium.remote.http.W3CHttpResponseCodec.decode(W3CHttpResponseCodec.java:49)
	at org.openqa.selenium.remote.HttpCommandExecutor.execute(HttpCommandExecutor.java:158)
	at org.openqa.selenium.remote.service.DriverCommandExecutor.execute(DriverCommandExecutor.java:83)
	at org.openqa.selenium.remote.RemoteWebDriver.execute(RemoteWebDriver.java:552)
	at com.kms.katalon.selenium.driver.CFirefoxDriver.execute(CFirefoxDriver.java:27)
	at org.openqa.selenium.remote.RemoteWebElement.execute(RemoteWebElement.java:285)
	at org.openqa.selenium.remote.RemoteWebElement.click(RemoteWebElement.java:84)
	at org.openqa.selenium.support.events.EventFiringWebDriver$EventFiringWebElement.lambda$new$0(EventFiringWebDriver.java:404)
	at com.sun.proxy.$Proxy9.click(Unknown Source)
	at org.openqa.selenium.support.events.EventFiringWebDriver$EventFiringWebElement.click(EventFiringWebDriver.java:417)
	at com.kms.katalon.core.webui.keyword.builtin.ClickKeyword$_click_closure1.doCall(ClickKeyword.groovy:69)
	at com.kms.katalon.core.webui.keyword.builtin.ClickKeyword$_click_closure1.call(ClickKeyword.groovy)
	at com.kms.katalon.core.webui.keyword.internal.WebUIKeywordMain.runKeyword(WebUIKeywordMain.groovy:20)
	... 19 more
"/>
         <system-out><![CDATA[2020-06-05 23:31:34 - [TEST_CASE][FAILED] - Test Cases/Feature_Test/TC_test_search: Test Cases/Feature_Test/TC_test_search FAILED.
Reason:
com.kms.katalon.core.exception.StepFailedException: Unable to click on object 'Object Repository/Page_Town Square-Mattermost_Homepage/svg_search_button'
	at com.kms.katalon.core.webui.keyword.internal.WebUIKeywordMain.stepFailed(WebUIKeywordMain.groovy:64)
	at com.kms.katalon.core.webui.keyword.internal.WebUIKeywordMain.runKeyword(WebUIKeywordMain.groovy:26)
	at com.kms.katalon.core.webui.keyword.builtin.ClickKeyword.click(ClickKeyword.groovy:76)
	at com.kms.katalon.core.webui.keyword.builtin.ClickKeyword.execute(ClickKeyword.groovy:43)
	at com.kms.katalon.core.keyword.internal.KeywordExecutor.executeKeywordForPlatform(KeywordExecutor.groovy:72)
	at com.kms.katalon.core.webui.keyword.WebUiBuiltInKeywords.click(WebUiBuiltInKeywords.groovy:616)
	at com.kms.katalon.core.webui.keyword.WebUiBuiltInKeywords$click$3.call(Unknown Source)
	at TC_test_search.run(TC_test_search:30)
	at com.kms.katalon.core.main.ScriptEngine.run(ScriptEngine.java:194)
	at com.kms.katalon.core.main.ScriptEngine.runScriptAsRawText(ScriptEngine.java:119)
	at com.kms.katalon.core.main.TestCaseExecutor.runScript(TestCaseExecutor.java:337)
	at com.kms.katalon.core.main.TestCaseExecutor.doExecute(TestCaseExecutor.java:328)
	at com.kms.katalon.core.main.TestCaseExecutor.processExecutionPhase(TestCaseExecutor.java:307)
	at com.kms.katalon.core.main.TestCaseExecutor.accessMainPhase(TestCaseExecutor.java:299)
	at com.kms.katalon.core.main.TestCaseExecutor.execute(TestCaseExecutor.java:233)
	at com.kms.katalon.core.main.TestSuiteExecutor.accessTestCaseMainPhase(TestSuiteExecutor.java:169)
	at com.kms.katalon.core.main.TestSuiteExecutor.accessTestSuiteMainPhase(TestSuiteExecutor.java:142)
	at com.kms.katalon.core.main.TestSuiteExecutor.execute(TestSuiteExecutor.java:91)
	at com.kms.katalon.core.main.TestCaseMain.startTestSuite(TestCaseMain.java:157)
	at com.kms.katalon.core.main.TestCaseMain$startTestSuite$0.call(Unknown Source)
	at TempTestSuite1591373123859.run(TempTestSuite1591373123859.groovy:37)
Caused by: org.openqa.selenium.ElementClickInterceptedException: Element <svg> is not clickable at point (1029,64) because another element <input id="searchBox" class="search-bar a11y__region" type="search"> obscures it
Build info: version: '3.141.59', revision: 'e82be7d358', time: '2018-11-14T08:25:53'
System info: host: 'DESKTOP-D5IG9IP', ip: '192.168.56.1', os.name: 'Windows 10', os.arch: 'amd64', os.version: '10.0', java.version: '1.8.0_181'
Driver info: com.kms.katalon.core.webui.driver.firefox.CGeckoDriver
Capabilities {acceptInsecureCerts: true, browserName: firefox, browserVersion: 77.0.1, javascriptEnabled: true, moz:accessibilityChecks: false, moz:buildID: 20200602222727, moz:geckodriverVersion: 0.23.0, moz:headless: false, moz:processID: 13108, moz:profile: C:\Users\black\AppData\Loca..., moz:shutdownTimeout: 60000, moz:useNonSpecCompliantPointerOrigin: false, moz:webdriverClick: true, pageLoadStrategy: normal, platform: WINDOWS, platformName: WINDOWS, platformVersion: 10.0, proxy: Proxy(direct), rotatable: false, setWindowRect: true, strictFileInteractability: false, timeouts: {implicit: 0, pageLoad: 300000, script: 30000}, unhandledPromptBehavior: dismiss and notify}
Session ID: 73e193b1-252a-4630-a0bb-386793561667
	at org.openqa.selenium.remote.http.W3CHttpResponseCodec.createException(W3CHttpResponseCodec.java:187)
	at org.openqa.selenium.remote.http.W3CHttpResponseCodec.decode(W3CHttpResponseCodec.java:122)
	at org.openqa.selenium.remote.http.W3CHttpResponseCodec.decode(W3CHttpResponseCodec.java:49)
	at org.openqa.selenium.remote.HttpCommandExecutor.execute(HttpCommandExecutor.java:158)
	at org.openqa.selenium.remote.service.DriverCommandExecutor.execute(DriverCommandExecutor.java:83)
	at org.openqa.selenium.remote.RemoteWebDriver.execute(RemoteWebDriver.java:552)
	at com.kms.katalon.selenium.driver.CFirefoxDriver.execute(CFirefoxDriver.java:27)
	at org.openqa.selenium.remote.RemoteWebElement.execute(RemoteWebElement.java:285)
	at org.openqa.selenium.remote.RemoteWebElement.click(RemoteWebElement.java:84)
	at org.openqa.selenium.support.events.EventFiringWebDriver$EventFiringWebElement.lambda$new$0(EventFiringWebDriver.java:404)
	at com.sun.proxy.$Proxy9.click(Unknown Source)
	at org.openqa.selenium.support.events.EventFiringWebDriver$EventFiringWebElement.click(EventFiringWebDriver.java:417)
	at com.kms.katalon.core.webui.keyword.builtin.ClickKeyword$_click_closure1.doCall(ClickKeyword.groovy:69)
	at com.kms.katalon.core.webui.keyword.builtin.ClickKeyword$_click_closure1.call(ClickKeyword.groovy)
	at com.kms.katalon.core.webui.keyword.internal.WebUIKeywordMain.runKeyword(WebUIKeywordMain.groovy:20)
	... 19 more


2020-06-05 23:31:34 - [TEST_STEP][PASSED] - Start setup action : Setup: Method 'Setup' complete successfully

2020-06-05 23:31:34 - [TEST_STEP][PASSED] - openBrowser("http://192.168.1.10:8065/login"): Browser is opened with url: 'http://192.168.1.10:8065/login'

2020-06-05 23:31:34 - [MESSAGE][INFO] - Starting 'Firefox' driver

2020-06-05 23:31:34 - [MESSAGE][INFO] - Action delay is set to 0 milliseconds

2020-06-05 23:31:38 - [MESSAGE][PASSED] - Browser is opened with url: 'http://192.168.1.10:8065/login'

2020-06-05 23:31:38 - [MESSAGE][PASSED] - Method 'Setup' complete successfully

2020-06-05 23:31:38 - [TEST_STEP][PASSED] - callTestCase(findTestCase("Test Cases/Login/login_function"), ["var_user":"tlvietdanh@gmail.com", "var_password":"13101998"], STOP_ON_FAILURE): Call Test Case 'Test Cases/Login/login_function' successfully

2020-06-05 23:31:39 - [TEST_CASE][PASSED] - Test Cases/Login/login_function: Test Cases/Login/login_function

2020-06-05 23:31:39 - [TEST_STEP][PASSED] - setText(findTestObject("Object Repository/Page_Mattermost_login/input_loginId"), var_user): Text 'tlvietdanh@gmail.com' is set on object 'Object Repository/Page_Mattermost_login/input_loginId'

2020-06-05 23:31:40 - [MESSAGE][PASSED] - Text 'tlvietdanh@gmail.com' is set on object 'Object Repository/Page_Mattermost_login/input_loginId'

2020-06-05 23:31:40 - [TEST_STEP][PASSED] - setText(findTestObject("Object Repository/Page_Mattermost_login/input_password"), var_password): Text '13101998' is set on object 'Object Repository/Page_Mattermost_login/input_password'

2020-06-05 23:31:41 - [MESSAGE][PASSED] - Text '13101998' is set on object 'Object Repository/Page_Mattermost_login/input_password'

2020-06-05 23:31:41 - [TEST_STEP][PASSED] - click(findTestObject("Object Repository/Page_Mattermost_login/span_Sign in")): Object: 'Object Repository/Page_Mattermost_login/span_Sign in' is clicked on

2020-06-05 23:31:42 - [MESSAGE][PASSED] - Object: 'Object Repository/Page_Mattermost_login/span_Sign in' is clicked on

2020-06-05 23:31:42 - [MESSAGE][PASSED] - Call Test Case 'Test Cases/Login/login_function' successfully

2020-06-05 23:31:42 - [TEST_STEP][FAILED] - click(findTestObject("Object Repository/Page_Town Square-Mattermost_Homepage/svg_search_button")): Unable to click on object 'Object Repository/Page_Town Square-Mattermost_Homepage/svg_search_button' (Root cause: com.kms.katalon.core.exception.StepFailedException: Unable to click on object 'Object Repository/Page_Town Square-Mattermost_Homepage/svg_search_button'
	at com.kms.katalon.core.webui.keyword.internal.WebUIKeywordMain.stepFailed(WebUIKeywordMain.groovy:64)
	at com.kms.katalon.core.webui.keyword.internal.WebUIKeywordMain.runKeyword(WebUIKeywordMain.groovy:26)
	at com.kms.katalon.core.webui.keyword.builtin.ClickKeyword.click(ClickKeyword.groovy:76)
	at com.kms.katalon.core.webui.keyword.builtin.ClickKeyword.execute(ClickKeyword.groovy:43)
	at com.kms.katalon.core.keyword.internal.KeywordExecutor.executeKeywordForPlatform(KeywordExecutor.groovy:72)
	at com.kms.katalon.core.webui.keyword.WebUiBuiltInKeywords.click(WebUiBuiltInKeywords.groovy:616)
	at com.kms.katalon.core.webui.keyword.WebUiBuiltInKeywords$click$3.call(Unknown Source)
	at TC_test_search.run(TC_test_search:30)
	at com.kms.katalon.core.main.ScriptEngine.run(ScriptEngine.java:194)
	at com.kms.katalon.core.main.ScriptEngine.runScriptAsRawText(ScriptEngine.java:119)
	at com.kms.katalon.core.main.TestCaseExecutor.runScript(TestCaseExecutor.java:337)
	at com.kms.katalon.core.main.TestCaseExecutor.doExecute(TestCaseExecutor.java:328)
	at com.kms.katalon.core.main.TestCaseExecutor.processExecutionPhase(TestCaseExecutor.java:307)
	at com.kms.katalon.core.main.TestCaseExecutor.accessMainPhase(TestCaseExecutor.java:299)
	at com.kms.katalon.core.main.TestCaseExecutor.execute(TestCaseExecutor.java:233)
	at com.kms.katalon.core.main.TestSuiteExecutor.accessTestCaseMainPhase(TestSuiteExecutor.java:169)
	at com.kms.katalon.core.main.TestSuiteExecutor.accessTestSuiteMainPhase(TestSuiteExecutor.java:142)
	at com.kms.katalon.core.main.TestSuiteExecutor.execute(TestSuiteExecutor.java:91)
	at com.kms.katalon.core.main.TestCaseMain.startTestSuite(TestCaseMain.java:157)
	at com.kms.katalon.core.main.TestCaseMain$startTestSuite$0.call(Unknown Source)
	at TempTestSuite1591373123859.run(TempTestSuite1591373123859.groovy:37)
Caused by: org.openqa.selenium.ElementClickInterceptedException: Element <svg> is not clickable at point (1029,64) because another element <input id="searchBox" class="search-bar a11y__region" type="search"> obscures it
Build info: version: '3.141.59', revision: 'e82be7d358', time: '2018-11-14T08:25:53'
System info: host: 'DESKTOP-D5IG9IP', ip: '192.168.56.1', os.name: 'Windows 10', os.arch: 'amd64', os.version: '10.0', java.version: '1.8.0_181'
Driver info: com.kms.katalon.core.webui.driver.firefox.CGeckoDriver
Capabilities {acceptInsecureCerts: true, browserName: firefox, browserVersion: 77.0.1, javascriptEnabled: true, moz:accessibilityChecks: false, moz:buildID: 20200602222727, moz:geckodriverVersion: 0.23.0, moz:headless: false, moz:processID: 13108, moz:profile: C:\Users\black\AppData\Loca..., moz:shutdownTimeout: 60000, moz:useNonSpecCompliantPointerOrigin: false, moz:webdriverClick: true, pageLoadStrategy: normal, platform: WINDOWS, platformName: WINDOWS, platformVersion: 10.0, proxy: Proxy(direct), rotatable: false, setWindowRect: true, strictFileInteractability: false, timeouts: {implicit: 0, pageLoad: 300000, script: 30000}, unhandledPromptBehavior: dismiss and notify}
Session ID: 73e193b1-252a-4630-a0bb-386793561667
	at org.openqa.selenium.remote.http.W3CHttpResponseCodec.createException(W3CHttpResponseCodec.java:187)
	at org.openqa.selenium.remote.http.W3CHttpResponseCodec.decode(W3CHttpResponseCodec.java:122)
	at org.openqa.selenium.remote.http.W3CHttpResponseCodec.decode(W3CHttpResponseCodec.java:49)
	at org.openqa.selenium.remote.HttpCommandExecutor.execute(HttpCommandExecutor.java:158)
	at org.openqa.selenium.remote.service.DriverCommandExecutor.execute(DriverCommandExecutor.java:83)
	at org.openqa.selenium.remote.RemoteWebDriver.execute(RemoteWebDriver.java:552)
	at com.kms.katalon.selenium.driver.CFirefoxDriver.execute(CFirefoxDriver.java:27)
	at org.openqa.selenium.remote.RemoteWebElement.execute(RemoteWebElement.java:285)
	at org.openqa.selenium.remote.RemoteWebElement.click(RemoteWebElement.java:84)
	at org.openqa.selenium.support.events.EventFiringWebDriver$EventFiringWebElement.lambda$new$0(EventFiringWebDriver.java:404)
	at com.sun.proxy.$Proxy9.click(Unknown Source)
	at org.openqa.selenium.support.events.EventFiringWebDriver$EventFiringWebElement.click(EventFiringWebDriver.java:417)
	at com.kms.katalon.core.webui.keyword.builtin.ClickKeyword$_click_closure1.doCall(ClickKeyword.groovy:69)
	at com.kms.katalon.core.webui.keyword.builtin.ClickKeyword$_click_closure1.call(ClickKeyword.groovy)
	at com.kms.katalon.core.webui.keyword.internal.WebUIKeywordMain.runKeyword(WebUIKeywordMain.groovy:20)
	at com.kms.katalon.core.webui.keyword.builtin.ClickKeyword.click(ClickKeyword.groovy:76)
	at com.kms.katalon.core.webui.keyword.builtin.ClickKeyword.execute(ClickKeyword.groovy:43)
	at com.kms.katalon.core.keyword.internal.KeywordExecutor.executeKeywordForPlatform(KeywordExecutor.groovy:72)
	at com.kms.katalon.core.webui.keyword.WebUiBuiltInKeywords.click(WebUiBuiltInKeywords.groovy:616)
	at com.kms.katalon.core.webui.keyword.WebUiBuiltInKeywords$click$3.call(Unknown Source)
	at Script1591353421855.run(Script1591353421855.groovy:30)
	... 13 more
)

2020-06-05 23:31:43 - [MESSAGE][FAILED] - Unable to click on object 'Object Repository/Page_Town Square-Mattermost_Homepage/svg_search_button' (Root cause: com.kms.katalon.core.exception.StepFailedException: Unable to click on object 'Object Repository/Page_Town Square-Mattermost_Homepage/svg_search_button'
	at com.kms.katalon.core.webui.keyword.internal.WebUIKeywordMain.stepFailed(WebUIKeywordMain.groovy:64)
	at com.kms.katalon.core.webui.keyword.internal.WebUIKeywordMain.runKeyword(WebUIKeywordMain.groovy:26)
	at com.kms.katalon.core.webui.keyword.builtin.ClickKeyword.click(ClickKeyword.groovy:76)
	at com.kms.katalon.core.webui.keyword.builtin.ClickKeyword.execute(ClickKeyword.groovy:43)
	at com.kms.katalon.core.keyword.internal.KeywordExecutor.executeKeywordForPlatform(KeywordExecutor.groovy:72)
	at com.kms.katalon.core.webui.keyword.WebUiBuiltInKeywords.click(WebUiBuiltInKeywords.groovy:616)
	at com.kms.katalon.core.webui.keyword.WebUiBuiltInKeywords$click$3.call(Unknown Source)
	at TC_test_search.run(TC_test_search:30)
	at com.kms.katalon.core.main.ScriptEngine.run(ScriptEngine.java:194)
	at com.kms.katalon.core.main.ScriptEngine.runScriptAsRawText(ScriptEngine.java:119)
	at com.kms.katalon.core.main.TestCaseExecutor.runScript(TestCaseExecutor.java:337)
	at com.kms.katalon.core.main.TestCaseExecutor.doExecute(TestCaseExecutor.java:328)
	at com.kms.katalon.core.main.TestCaseExecutor.processExecutionPhase(TestCaseExecutor.java:307)
	at com.kms.katalon.core.main.TestCaseExecutor.accessMainPhase(TestCaseExecutor.java:299)
	at com.kms.katalon.core.main.TestCaseExecutor.execute(TestCaseExecutor.java:233)
	at com.kms.katalon.core.main.TestSuiteExecutor.accessTestCaseMainPhase(TestSuiteExecutor.java:169)
	at com.kms.katalon.core.main.TestSuiteExecutor.accessTestSuiteMainPhase(TestSuiteExecutor.java:142)
	at com.kms.katalon.core.main.TestSuiteExecutor.execute(TestSuiteExecutor.java:91)
	at com.kms.katalon.core.main.TestCaseMain.startTestSuite(TestCaseMain.java:157)
	at com.kms.katalon.core.main.TestCaseMain$startTestSuite$0.call(Unknown Source)
	at TempTestSuite1591373123859.run(TempTestSuite1591373123859.groovy:37)
Caused by: org.openqa.selenium.ElementClickInterceptedException: Element <svg> is not clickable at point (1029,64) because another element <input id="searchBox" class="search-bar a11y__region" type="search"> obscures it
Build info: version: '3.141.59', revision: 'e82be7d358', time: '2018-11-14T08:25:53'
System info: host: 'DESKTOP-D5IG9IP', ip: '192.168.56.1', os.name: 'Windows 10', os.arch: 'amd64', os.version: '10.0', java.version: '1.8.0_181'
Driver info: com.kms.katalon.core.webui.driver.firefox.CGeckoDriver
Capabilities {acceptInsecureCerts: true, browserName: firefox, browserVersion: 77.0.1, javascriptEnabled: true, moz:accessibilityChecks: false, moz:buildID: 20200602222727, moz:geckodriverVersion: 0.23.0, moz:headless: false, moz:processID: 13108, moz:profile: C:\Users\black\AppData\Loca..., moz:shutdownTimeout: 60000, moz:useNonSpecCompliantPointerOrigin: false, moz:webdriverClick: true, pageLoadStrategy: normal, platform: WINDOWS, platformName: WINDOWS, platformVersion: 10.0, proxy: Proxy(direct), rotatable: false, setWindowRect: true, strictFileInteractability: false, timeouts: {implicit: 0, pageLoad: 300000, script: 30000}, unhandledPromptBehavior: dismiss and notify}
Session ID: 73e193b1-252a-4630-a0bb-386793561667
	at org.openqa.selenium.remote.http.W3CHttpResponseCodec.createException(W3CHttpResponseCodec.java:187)
	at org.openqa.selenium.remote.http.W3CHttpResponseCodec.decode(W3CHttpResponseCodec.java:122)
	at org.openqa.selenium.remote.http.W3CHttpResponseCodec.decode(W3CHttpResponseCodec.java:49)
	at org.openqa.selenium.remote.HttpCommandExecutor.execute(HttpCommandExecutor.java:158)
	at org.openqa.selenium.remote.service.DriverCommandExecutor.execute(DriverCommandExecutor.java:83)
	at org.openqa.selenium.remote.RemoteWebDriver.execute(RemoteWebDriver.java:552)
	at com.kms.katalon.selenium.driver.CFirefoxDriver.execute(CFirefoxDriver.java:27)
	at org.openqa.selenium.remote.RemoteWebElement.execute(RemoteWebElement.java:285)
	at org.openqa.selenium.remote.RemoteWebElement.click(RemoteWebElement.java:84)
	at org.openqa.selenium.support.events.EventFiringWebDriver$EventFiringWebElement.lambda$new$0(EventFiringWebDriver.java:404)
	at com.sun.proxy.$Proxy9.click(Unknown Source)
	at org.openqa.selenium.support.events.EventFiringWebDriver$EventFiringWebElement.click(EventFiringWebDriver.java:417)
	at com.kms.katalon.core.webui.keyword.builtin.ClickKeyword$_click_closure1.doCall(ClickKeyword.groovy:69)
	at com.kms.katalon.core.webui.keyword.builtin.ClickKeyword$_click_closure1.call(ClickKeyword.groovy)
	at com.kms.katalon.core.webui.keyword.internal.WebUIKeywordMain.runKeyword(WebUIKeywordMain.groovy:20)
	at com.kms.katalon.core.webui.keyword.builtin.ClickKeyword.click(ClickKeyword.groovy:76)
	at com.kms.katalon.core.webui.keyword.builtin.ClickKeyword.execute(ClickKeyword.groovy:43)
	at com.kms.katalon.core.keyword.internal.KeywordExecutor.executeKeywordForPlatform(KeywordExecutor.groovy:72)
	at com.kms.katalon.core.webui.keyword.WebUiBuiltInKeywords.click(WebUiBuiltInKeywords.groovy:616)
	at com.kms.katalon.core.webui.keyword.WebUiBuiltInKeywords$click$3.call(Unknown Source)
	at Script1591353421855.run(Script1591353421855.groovy:30)
	... 13 more
)
[[ATTACHMENT|D:\\katalon\\hw2-katalon-testing\\Reports\\20200605_230523\\Run_All_Test_Cases\\20200605_230523\\1591374703896.png]]

2020-06-05 23:31:43 - [TEST_STEP][PASSED] - Start tear down : Teardown: Method 'Teardown' complete successfully

2020-06-05 23:31:43 - [TEST_STEP][PASSED] - closeBrowser(): Browser is closed

2020-06-05 23:31:44 - [MESSAGE][PASSED] - Browser is closed

2020-06-05 23:31:44 - [MESSAGE][PASSED] - Method 'Teardown' complete successfully]]></system-out>
         <system-err><![CDATA[2020-06-05 23:31:34 - [TEST_CASE][FAILED] - Test Cases/Feature_Test/TC_test_search: Test Cases/Feature_Test/TC_test_search FAILED.
Reason:
com.kms.katalon.core.exception.StepFailedException: Unable to click on object 'Object Repository/Page_Town Square-Mattermost_Homepage/svg_search_button'
	at com.kms.katalon.core.webui.keyword.internal.WebUIKeywordMain.stepFailed(WebUIKeywordMain.groovy:64)
	at com.kms.katalon.core.webui.keyword.internal.WebUIKeywordMain.runKeyword(WebUIKeywordMain.groovy:26)
	at com.kms.katalon.core.webui.keyword.builtin.ClickKeyword.click(ClickKeyword.groovy:76)
	at com.kms.katalon.core.webui.keyword.builtin.ClickKeyword.execute(ClickKeyword.groovy:43)
	at com.kms.katalon.core.keyword.internal.KeywordExecutor.executeKeywordForPlatform(KeywordExecutor.groovy:72)
	at com.kms.katalon.core.webui.keyword.WebUiBuiltInKeywords.click(WebUiBuiltInKeywords.groovy:616)
	at com.kms.katalon.core.webui.keyword.WebUiBuiltInKeywords$click$3.call(Unknown Source)
	at TC_test_search.run(TC_test_search:30)
	at com.kms.katalon.core.main.ScriptEngine.run(ScriptEngine.java:194)
	at com.kms.katalon.core.main.ScriptEngine.runScriptAsRawText(ScriptEngine.java:119)
	at com.kms.katalon.core.main.TestCaseExecutor.runScript(TestCaseExecutor.java:337)
	at com.kms.katalon.core.main.TestCaseExecutor.doExecute(TestCaseExecutor.java:328)
	at com.kms.katalon.core.main.TestCaseExecutor.processExecutionPhase(TestCaseExecutor.java:307)
	at com.kms.katalon.core.main.TestCaseExecutor.accessMainPhase(TestCaseExecutor.java:299)
	at com.kms.katalon.core.main.TestCaseExecutor.execute(TestCaseExecutor.java:233)
	at com.kms.katalon.core.main.TestSuiteExecutor.accessTestCaseMainPhase(TestSuiteExecutor.java:169)
	at com.kms.katalon.core.main.TestSuiteExecutor.accessTestSuiteMainPhase(TestSuiteExecutor.java:142)
	at com.kms.katalon.core.main.TestSuiteExecutor.execute(TestSuiteExecutor.java:91)
	at com.kms.katalon.core.main.TestCaseMain.startTestSuite(TestCaseMain.java:157)
	at com.kms.katalon.core.main.TestCaseMain$startTestSuite$0.call(Unknown Source)
	at TempTestSuite1591373123859.run(TempTestSuite1591373123859.groovy:37)
Caused by: org.openqa.selenium.ElementClickInterceptedException: Element <svg> is not clickable at point (1029,64) because another element <input id="searchBox" class="search-bar a11y__region" type="search"> obscures it
Build info: version: '3.141.59', revision: 'e82be7d358', time: '2018-11-14T08:25:53'
System info: host: 'DESKTOP-D5IG9IP', ip: '192.168.56.1', os.name: 'Windows 10', os.arch: 'amd64', os.version: '10.0', java.version: '1.8.0_181'
Driver info: com.kms.katalon.core.webui.driver.firefox.CGeckoDriver
Capabilities {acceptInsecureCerts: true, browserName: firefox, browserVersion: 77.0.1, javascriptEnabled: true, moz:accessibilityChecks: false, moz:buildID: 20200602222727, moz:geckodriverVersion: 0.23.0, moz:headless: false, moz:processID: 13108, moz:profile: C:\Users\black\AppData\Loca..., moz:shutdownTimeout: 60000, moz:useNonSpecCompliantPointerOrigin: false, moz:webdriverClick: true, pageLoadStrategy: normal, platform: WINDOWS, platformName: WINDOWS, platformVersion: 10.0, proxy: Proxy(direct), rotatable: false, setWindowRect: true, strictFileInteractability: false, timeouts: {implicit: 0, pageLoad: 300000, script: 30000}, unhandledPromptBehavior: dismiss and notify}
Session ID: 73e193b1-252a-4630-a0bb-386793561667
	at org.openqa.selenium.remote.http.W3CHttpResponseCodec.createException(W3CHttpResponseCodec.java:187)
	at org.openqa.selenium.remote.http.W3CHttpResponseCodec.decode(W3CHttpResponseCodec.java:122)
	at org.openqa.selenium.remote.http.W3CHttpResponseCodec.decode(W3CHttpResponseCodec.java:49)
	at org.openqa.selenium.remote.HttpCommandExecutor.execute(HttpCommandExecutor.java:158)
	at org.openqa.selenium.remote.service.DriverCommandExecutor.execute(DriverCommandExecutor.java:83)
	at org.openqa.selenium.remote.RemoteWebDriver.execute(RemoteWebDriver.java:552)
	at com.kms.katalon.selenium.driver.CFirefoxDriver.execute(CFirefoxDriver.java:27)
	at org.openqa.selenium.remote.RemoteWebElement.execute(RemoteWebElement.java:285)
	at org.openqa.selenium.remote.RemoteWebElement.click(RemoteWebElement.java:84)
	at org.openqa.selenium.support.events.EventFiringWebDriver$EventFiringWebElement.lambda$new$0(EventFiringWebDriver.java:404)
	at com.sun.proxy.$Proxy9.click(Unknown Source)
	at org.openqa.selenium.support.events.EventFiringWebDriver$EventFiringWebElement.click(EventFiringWebDriver.java:417)
	at com.kms.katalon.core.webui.keyword.builtin.ClickKeyword$_click_closure1.doCall(ClickKeyword.groovy:69)
	at com.kms.katalon.core.webui.keyword.builtin.ClickKeyword$_click_closure1.call(ClickKeyword.groovy)
	at com.kms.katalon.core.webui.keyword.internal.WebUIKeywordMain.runKeyword(WebUIKeywordMain.groovy:20)
	... 19 more]]></system-err>
      </testcase>
      <testcase name="Test Cases/Feature_Test/TC_test_view_channel_members" time="13.08" classname="Test Cases/Feature_Test/TC_test_view_channel_members" status="PASSED">
         <system-out><![CDATA[2020-06-05 23:31:44 - [TEST_CASE][PASSED] - Test Cases/Feature_Test/TC_test_view_channel_members: Test Cases/Feature_Test/TC_test_view_channel_members

2020-06-05 23:31:44 - [TEST_STEP][PASSED] - Start setup action : Setup: Method 'Setup' complete successfully

2020-06-05 23:31:45 - [TEST_STEP][PASSED] - openBrowser("http://192.168.1.10:8065/login"): Browser is opened with url: 'http://192.168.1.10:8065/login'

2020-06-05 23:31:45 - [MESSAGE][INFO] - Starting 'Firefox' driver

2020-06-05 23:31:45 - [MESSAGE][INFO] - Action delay is set to 0 milliseconds

2020-06-05 23:31:50 - [MESSAGE][PASSED] - Browser is opened with url: 'http://192.168.1.10:8065/login'

2020-06-05 23:31:50 - [MESSAGE][PASSED] - Method 'Setup' complete successfully

2020-06-05 23:31:50 - [TEST_STEP][PASSED] - callTestCase(findTestCase("Test Cases/Login/login_function"), ["var_user":"tlvietdanh@gmail.com", "var_password":"13101998"], STOP_ON_FAILURE): Call Test Case 'Test Cases/Login/login_function' successfully

2020-06-05 23:31:50 - [TEST_CASE][PASSED] - Test Cases/Login/login_function: Test Cases/Login/login_function

2020-06-05 23:31:50 - [TEST_STEP][PASSED] - setText(findTestObject("Object Repository/Page_Mattermost_login/input_loginId"), var_user): Text 'tlvietdanh@gmail.com' is set on object 'Object Repository/Page_Mattermost_login/input_loginId'

2020-06-05 23:31:51 - [MESSAGE][PASSED] - Text 'tlvietdanh@gmail.com' is set on object 'Object Repository/Page_Mattermost_login/input_loginId'

2020-06-05 23:31:51 - [TEST_STEP][PASSED] - setText(findTestObject("Object Repository/Page_Mattermost_login/input_password"), var_password): Text '13101998' is set on object 'Object Repository/Page_Mattermost_login/input_password'

2020-06-05 23:31:52 - [MESSAGE][PASSED] - Text '13101998' is set on object 'Object Repository/Page_Mattermost_login/input_password'

2020-06-05 23:31:52 - [TEST_STEP][PASSED] - click(findTestObject("Object Repository/Page_Mattermost_login/span_Sign in")): Object: 'Object Repository/Page_Mattermost_login/span_Sign in' is clicked on

2020-06-05 23:31:53 - [MESSAGE][PASSED] - Object: 'Object Repository/Page_Mattermost_login/span_Sign in' is clicked on

2020-06-05 23:31:53 - [MESSAGE][PASSED] - Call Test Case 'Test Cases/Login/login_function' successfully

2020-06-05 23:31:53 - [TEST_STEP][PASSED] - click(findTestObject("Object Repository/Page_Town Square-Mattermost_Homepage/span_view_channel_member")): Object: 'Object Repository/Page_Town Square-Mattermost_Homepage/span_view_channel_member' is clicked on

2020-06-05 23:31:55 - [MESSAGE][PASSED] - Object: 'Object Repository/Page_Town Square-Mattermost_Homepage/span_view_channel_member' is clicked on

2020-06-05 23:31:55 - [TEST_STEP][PASSED] - click(findTestObject("Object Repository/Page_Town Square-Mattermost_Homepage/span_View Channel Members")): Object: 'Object Repository/Page_Town Square-Mattermost_Homepage/span_View Channel Members' is clicked on

2020-06-05 23:31:56 - [MESSAGE][PASSED] - Object: 'Object Repository/Page_Town Square-Mattermost_Homepage/span_View Channel Members' is clicked on

2020-06-05 23:31:56 - [TEST_STEP][PASSED] - click(findTestObject("Object Repository/Page_Town Square-Mattermost_Homepage/button_Close_view channel member")): Object: 'Object Repository/Page_Town Square-Mattermost_Homepage/button_Close_view channel member' is clicked on

2020-06-05 23:31:56 - [MESSAGE][PASSED] - Object: 'Object Repository/Page_Town Square-Mattermost_Homepage/button_Close_view channel member' is clicked on

2020-06-05 23:31:56 - [TEST_STEP][PASSED] - Start tear down : Teardown: Method 'Teardown' complete successfully

2020-06-05 23:31:56 - [TEST_STEP][PASSED] - closeBrowser(): Browser is closed

2020-06-05 23:31:58 - [MESSAGE][PASSED] - Browser is closed

2020-06-05 23:31:58 - [MESSAGE][PASSED] - Method 'Teardown' complete successfully]]></system-out>
         <system-err><![CDATA[]]></system-err>
      </testcase>
      <testcase name="Test Cases/Feature_Test/TC_test_view_member" time="55.039" classname="Test Cases/Feature_Test/TC_test_view_member" status="FAILED">
         <failure type="FAILED" message="Test Cases/Feature_Test/TC_test_view_member FAILED.
Reason:
com.kms.katalon.core.exception.StepFailedException: Unable to click on object 'Object Repository/Page_Town Square-Mattermost_Homepage/span_View Members'
	at com.kms.katalon.core.webui.keyword.internal.WebUIKeywordMain.stepFailed(WebUIKeywordMain.groovy:64)
	at com.kms.katalon.core.webui.keyword.internal.WebUIKeywordMain.runKeyword(WebUIKeywordMain.groovy:26)
	at com.kms.katalon.core.webui.keyword.builtin.ClickKeyword.click(ClickKeyword.groovy:76)
	at com.kms.katalon.core.webui.keyword.builtin.ClickKeyword.execute(ClickKeyword.groovy:43)
	at com.kms.katalon.core.keyword.internal.KeywordExecutor.executeKeywordForPlatform(KeywordExecutor.groovy:72)
	at com.kms.katalon.core.webui.keyword.WebUiBuiltInKeywords.click(WebUiBuiltInKeywords.groovy:616)
	at com.kms.katalon.core.webui.keyword.WebUiBuiltInKeywords$click$3.call(Unknown Source)
	at TC_test_view_member.run(TC_test_view_member:32)
	at com.kms.katalon.core.main.ScriptEngine.run(ScriptEngine.java:194)
	at com.kms.katalon.core.main.ScriptEngine.runScriptAsRawText(ScriptEngine.java:119)
	at com.kms.katalon.core.main.TestCaseExecutor.runScript(TestCaseExecutor.java:337)
	at com.kms.katalon.core.main.TestCaseExecutor.doExecute(TestCaseExecutor.java:328)
	at com.kms.katalon.core.main.TestCaseExecutor.processExecutionPhase(TestCaseExecutor.java:307)
	at com.kms.katalon.core.main.TestCaseExecutor.accessMainPhase(TestCaseExecutor.java:299)
	at com.kms.katalon.core.main.TestCaseExecutor.execute(TestCaseExecutor.java:233)
	at com.kms.katalon.core.main.TestSuiteExecutor.accessTestCaseMainPhase(TestSuiteExecutor.java:169)
	at com.kms.katalon.core.main.TestSuiteExecutor.accessTestSuiteMainPhase(TestSuiteExecutor.java:142)
	at com.kms.katalon.core.main.TestSuiteExecutor.execute(TestSuiteExecutor.java:91)
	at com.kms.katalon.core.main.TestCaseMain.startTestSuite(TestCaseMain.java:157)
	at com.kms.katalon.core.main.TestCaseMain$startTestSuite$0.call(Unknown Source)
	at TempTestSuite1591373123859.run(TempTestSuite1591373123859.groovy:37)
Caused by: com.kms.katalon.core.webui.exception.WebElementNotFoundException: Web element with id: 'Object Repository/Page_Town Square-Mattermost_Homepage/span_View Members' located by 'By.xpath: //li[@id='viewMembers']/button/span' not found
	at com.kms.katalon.core.webui.common.WebUiCommonHelper.findWebElement(WebUiCommonHelper.java:1154)
	at com.kms.katalon.core.webui.keyword.internal.WebUIAbstractKeyword.findWebElement(WebUIAbstractKeyword.groovy:27)
	at com.kms.katalon.core.webui.keyword.internal.WebUIAbstractKeyword.findWebElement(WebUIAbstractKeyword.groovy:26)
	at com.kms.katalon.core.webui.keyword.builtin.ClickKeyword$_click_closure1.doCall(ClickKeyword.groovy:67)
	at com.kms.katalon.core.webui.keyword.builtin.ClickKeyword$_click_closure1.call(ClickKeyword.groovy)
	at com.kms.katalon.core.webui.keyword.internal.WebUIKeywordMain.runKeyword(WebUIKeywordMain.groovy:20)
	... 19 more
"/>
         <system-out><![CDATA[2020-06-05 23:31:58 - [TEST_CASE][FAILED] - Test Cases/Feature_Test/TC_test_view_member: Test Cases/Feature_Test/TC_test_view_member FAILED.
Reason:
com.kms.katalon.core.exception.StepFailedException: Unable to click on object 'Object Repository/Page_Town Square-Mattermost_Homepage/span_View Members'
	at com.kms.katalon.core.webui.keyword.internal.WebUIKeywordMain.stepFailed(WebUIKeywordMain.groovy:64)
	at com.kms.katalon.core.webui.keyword.internal.WebUIKeywordMain.runKeyword(WebUIKeywordMain.groovy:26)
	at com.kms.katalon.core.webui.keyword.builtin.ClickKeyword.click(ClickKeyword.groovy:76)
	at com.kms.katalon.core.webui.keyword.builtin.ClickKeyword.execute(ClickKeyword.groovy:43)
	at com.kms.katalon.core.keyword.internal.KeywordExecutor.executeKeywordForPlatform(KeywordExecutor.groovy:72)
	at com.kms.katalon.core.webui.keyword.WebUiBuiltInKeywords.click(WebUiBuiltInKeywords.groovy:616)
	at com.kms.katalon.core.webui.keyword.WebUiBuiltInKeywords$click$3.call(Unknown Source)
	at TC_test_view_member.run(TC_test_view_member:32)
	at com.kms.katalon.core.main.ScriptEngine.run(ScriptEngine.java:194)
	at com.kms.katalon.core.main.ScriptEngine.runScriptAsRawText(ScriptEngine.java:119)
	at com.kms.katalon.core.main.TestCaseExecutor.runScript(TestCaseExecutor.java:337)
	at com.kms.katalon.core.main.TestCaseExecutor.doExecute(TestCaseExecutor.java:328)
	at com.kms.katalon.core.main.TestCaseExecutor.processExecutionPhase(TestCaseExecutor.java:307)
	at com.kms.katalon.core.main.TestCaseExecutor.accessMainPhase(TestCaseExecutor.java:299)
	at com.kms.katalon.core.main.TestCaseExecutor.execute(TestCaseExecutor.java:233)
	at com.kms.katalon.core.main.TestSuiteExecutor.accessTestCaseMainPhase(TestSuiteExecutor.java:169)
	at com.kms.katalon.core.main.TestSuiteExecutor.accessTestSuiteMainPhase(TestSuiteExecutor.java:142)
	at com.kms.katalon.core.main.TestSuiteExecutor.execute(TestSuiteExecutor.java:91)
	at com.kms.katalon.core.main.TestCaseMain.startTestSuite(TestCaseMain.java:157)
	at com.kms.katalon.core.main.TestCaseMain$startTestSuite$0.call(Unknown Source)
	at TempTestSuite1591373123859.run(TempTestSuite1591373123859.groovy:37)
Caused by: com.kms.katalon.core.webui.exception.WebElementNotFoundException: Web element with id: 'Object Repository/Page_Town Square-Mattermost_Homepage/span_View Members' located by 'By.xpath: //li[@id='viewMembers']/button/span' not found
	at com.kms.katalon.core.webui.common.WebUiCommonHelper.findWebElement(WebUiCommonHelper.java:1154)
	at com.kms.katalon.core.webui.keyword.internal.WebUIAbstractKeyword.findWebElement(WebUIAbstractKeyword.groovy:27)
	at com.kms.katalon.core.webui.keyword.internal.WebUIAbstractKeyword.findWebElement(WebUIAbstractKeyword.groovy:26)
	at com.kms.katalon.core.webui.keyword.builtin.ClickKeyword$_click_closure1.doCall(ClickKeyword.groovy:67)
	at com.kms.katalon.core.webui.keyword.builtin.ClickKeyword$_click_closure1.call(ClickKeyword.groovy)
	at com.kms.katalon.core.webui.keyword.internal.WebUIKeywordMain.runKeyword(WebUIKeywordMain.groovy:20)
	... 19 more


2020-06-05 23:31:58 - [TEST_STEP][PASSED] - Start setup action : Setup: Method 'Setup' complete successfully

2020-06-05 23:31:58 - [TEST_STEP][PASSED] - openBrowser("http://192.168.1.10:8065/login"): Browser is opened with url: 'http://192.168.1.10:8065/login'

2020-06-05 23:31:58 - [MESSAGE][INFO] - Starting 'Firefox' driver

2020-06-05 23:31:58 - [MESSAGE][INFO] - Action delay is set to 0 milliseconds

2020-06-05 23:32:02 - [MESSAGE][PASSED] - Browser is opened with url: 'http://192.168.1.10:8065/login'

2020-06-05 23:32:02 - [MESSAGE][PASSED] - Method 'Setup' complete successfully

2020-06-05 23:32:02 - [TEST_STEP][PASSED] - callTestCase(findTestCase("Test Cases/Login/login_function"), ["var_user":"tlvietdanh@gmail.com", "var_password":"13101998"], STOP_ON_FAILURE): Call Test Case 'Test Cases/Login/login_function' successfully

2020-06-05 23:32:02 - [TEST_CASE][PASSED] - Test Cases/Login/login_function: Test Cases/Login/login_function

2020-06-05 23:32:02 - [TEST_STEP][PASSED] - setText(findTestObject("Object Repository/Page_Mattermost_login/input_loginId"), var_user): Text 'tlvietdanh@gmail.com' is set on object 'Object Repository/Page_Mattermost_login/input_loginId'

2020-06-05 23:32:04 - [MESSAGE][PASSED] - Text 'tlvietdanh@gmail.com' is set on object 'Object Repository/Page_Mattermost_login/input_loginId'

2020-06-05 23:32:04 - [TEST_STEP][PASSED] - setText(findTestObject("Object Repository/Page_Mattermost_login/input_password"), var_password): Text '13101998' is set on object 'Object Repository/Page_Mattermost_login/input_password'

2020-06-05 23:32:05 - [MESSAGE][PASSED] - Text '13101998' is set on object 'Object Repository/Page_Mattermost_login/input_password'

2020-06-05 23:32:05 - [TEST_STEP][PASSED] - click(findTestObject("Object Repository/Page_Mattermost_login/span_Sign in")): Object: 'Object Repository/Page_Mattermost_login/span_Sign in' is clicked on

2020-06-05 23:32:05 - [MESSAGE][PASSED] - Object: 'Object Repository/Page_Mattermost_login/span_Sign in' is clicked on

2020-06-05 23:32:05 - [MESSAGE][PASSED] - Call Test Case 'Test Cases/Login/login_function' successfully

2020-06-05 23:32:05 - [TEST_STEP][PASSED] - click(findTestObject("Object Repository/Page_Town Square-Mattermost_Homepage/span-mainmenu")): Object: 'Object Repository/Page_Town Square-Mattermost_Homepage/span-mainmenu' is clicked on

2020-06-05 23:32:08 - [MESSAGE][PASSED] - Object: 'Object Repository/Page_Town Square-Mattermost_Homepage/span-mainmenu' is clicked on

2020-06-05 23:32:08 - [TEST_STEP][FAILED] - click(findTestObject("Object Repository/Page_Town Square-Mattermost_Homepage/span_View Members")): Unable to click on object 'Object Repository/Page_Town Square-Mattermost_Homepage/span_View Members' (Root cause: com.kms.katalon.core.exception.StepFailedException: Unable to click on object 'Object Repository/Page_Town Square-Mattermost_Homepage/span_View Members'
	at com.kms.katalon.core.webui.keyword.internal.WebUIKeywordMain.stepFailed(WebUIKeywordMain.groovy:64)
	at com.kms.katalon.core.webui.keyword.internal.WebUIKeywordMain.runKeyword(WebUIKeywordMain.groovy:26)
	at com.kms.katalon.core.webui.keyword.builtin.ClickKeyword.click(ClickKeyword.groovy:76)
	at com.kms.katalon.core.webui.keyword.builtin.ClickKeyword.execute(ClickKeyword.groovy:43)
	at com.kms.katalon.core.keyword.internal.KeywordExecutor.executeKeywordForPlatform(KeywordExecutor.groovy:72)
	at com.kms.katalon.core.webui.keyword.WebUiBuiltInKeywords.click(WebUiBuiltInKeywords.groovy:616)
	at com.kms.katalon.core.webui.keyword.WebUiBuiltInKeywords$click$3.call(Unknown Source)
	at TC_test_view_member.run(TC_test_view_member:32)
	at com.kms.katalon.core.main.ScriptEngine.run(ScriptEngine.java:194)
	at com.kms.katalon.core.main.ScriptEngine.runScriptAsRawText(ScriptEngine.java:119)
	at com.kms.katalon.core.main.TestCaseExecutor.runScript(TestCaseExecutor.java:337)
	at com.kms.katalon.core.main.TestCaseExecutor.doExecute(TestCaseExecutor.java:328)
	at com.kms.katalon.core.main.TestCaseExecutor.processExecutionPhase(TestCaseExecutor.java:307)
	at com.kms.katalon.core.main.TestCaseExecutor.accessMainPhase(TestCaseExecutor.java:299)
	at com.kms.katalon.core.main.TestCaseExecutor.execute(TestCaseExecutor.java:233)
	at com.kms.katalon.core.main.TestSuiteExecutor.accessTestCaseMainPhase(TestSuiteExecutor.java:169)
	at com.kms.katalon.core.main.TestSuiteExecutor.accessTestSuiteMainPhase(TestSuiteExecutor.java:142)
	at com.kms.katalon.core.main.TestSuiteExecutor.execute(TestSuiteExecutor.java:91)
	at com.kms.katalon.core.main.TestCaseMain.startTestSuite(TestCaseMain.java:157)
	at com.kms.katalon.core.main.TestCaseMain$startTestSuite$0.call(Unknown Source)
	at TempTestSuite1591373123859.run(TempTestSuite1591373123859.groovy:37)
Caused by: com.kms.katalon.core.webui.exception.WebElementNotFoundException: Web element with id: 'Object Repository/Page_Town Square-Mattermost_Homepage/span_View Members' located by 'By.xpath: //li[@id='viewMembers']/button/span' not found
	at com.kms.katalon.core.webui.common.WebUiCommonHelper.findWebElement(WebUiCommonHelper.java:1154)
	at com.kms.katalon.core.webui.keyword.internal.WebUIAbstractKeyword.findWebElement(WebUIAbstractKeyword.groovy:27)
	at com.kms.katalon.core.webui.keyword.internal.WebUIAbstractKeyword.findWebElement(WebUIAbstractKeyword.groovy:26)
	at com.kms.katalon.core.webui.keyword.builtin.ClickKeyword$_click_closure1.doCall(ClickKeyword.groovy:67)
	at com.kms.katalon.core.webui.keyword.builtin.ClickKeyword$_click_closure1.call(ClickKeyword.groovy)
	at com.kms.katalon.core.webui.keyword.internal.WebUIKeywordMain.runKeyword(WebUIKeywordMain.groovy:20)
	at com.kms.katalon.core.webui.keyword.builtin.ClickKeyword.click(ClickKeyword.groovy:76)
	at com.kms.katalon.core.webui.keyword.builtin.ClickKeyword.execute(ClickKeyword.groovy:43)
	at com.kms.katalon.core.keyword.internal.KeywordExecutor.executeKeywordForPlatform(KeywordExecutor.groovy:72)
	at com.kms.katalon.core.webui.keyword.WebUiBuiltInKeywords.click(WebUiBuiltInKeywords.groovy:616)
	at com.kms.katalon.core.webui.keyword.WebUiBuiltInKeywords$click$3.call(Unknown Source)
	at Script1591352866273.run(Script1591352866273.groovy:32)
	... 13 more
)

2020-06-05 23:32:51 - [MESSAGE][INFO] - Unable to find the element located by 'By.xpath: //li[@id='viewMembers']/button/span'. Please recheck the objects properties to make sure the desired element is located. 

2020-06-05 23:32:52 - [MESSAGE][FAILED] - Unable to click on object 'Object Repository/Page_Town Square-Mattermost_Homepage/span_View Members' (Root cause: com.kms.katalon.core.exception.StepFailedException: Unable to click on object 'Object Repository/Page_Town Square-Mattermost_Homepage/span_View Members'
	at com.kms.katalon.core.webui.keyword.internal.WebUIKeywordMain.stepFailed(WebUIKeywordMain.groovy:64)
	at com.kms.katalon.core.webui.keyword.internal.WebUIKeywordMain.runKeyword(WebUIKeywordMain.groovy:26)
	at com.kms.katalon.core.webui.keyword.builtin.ClickKeyword.click(ClickKeyword.groovy:76)
	at com.kms.katalon.core.webui.keyword.builtin.ClickKeyword.execute(ClickKeyword.groovy:43)
	at com.kms.katalon.core.keyword.internal.KeywordExecutor.executeKeywordForPlatform(KeywordExecutor.groovy:72)
	at com.kms.katalon.core.webui.keyword.WebUiBuiltInKeywords.click(WebUiBuiltInKeywords.groovy:616)
	at com.kms.katalon.core.webui.keyword.WebUiBuiltInKeywords$click$3.call(Unknown Source)
	at TC_test_view_member.run(TC_test_view_member:32)
	at com.kms.katalon.core.main.ScriptEngine.run(ScriptEngine.java:194)
	at com.kms.katalon.core.main.ScriptEngine.runScriptAsRawText(ScriptEngine.java:119)
	at com.kms.katalon.core.main.TestCaseExecutor.runScript(TestCaseExecutor.java:337)
	at com.kms.katalon.core.main.TestCaseExecutor.doExecute(TestCaseExecutor.java:328)
	at com.kms.katalon.core.main.TestCaseExecutor.processExecutionPhase(TestCaseExecutor.java:307)
	at com.kms.katalon.core.main.TestCaseExecutor.accessMainPhase(TestCaseExecutor.java:299)
	at com.kms.katalon.core.main.TestCaseExecutor.execute(TestCaseExecutor.java:233)
	at com.kms.katalon.core.main.TestSuiteExecutor.accessTestCaseMainPhase(TestSuiteExecutor.java:169)
	at com.kms.katalon.core.main.TestSuiteExecutor.accessTestSuiteMainPhase(TestSuiteExecutor.java:142)
	at com.kms.katalon.core.main.TestSuiteExecutor.execute(TestSuiteExecutor.java:91)
	at com.kms.katalon.core.main.TestCaseMain.startTestSuite(TestCaseMain.java:157)
	at com.kms.katalon.core.main.TestCaseMain$startTestSuite$0.call(Unknown Source)
	at TempTestSuite1591373123859.run(TempTestSuite1591373123859.groovy:37)
Caused by: com.kms.katalon.core.webui.exception.WebElementNotFoundException: Web element with id: 'Object Repository/Page_Town Square-Mattermost_Homepage/span_View Members' located by 'By.xpath: //li[@id='viewMembers']/button/span' not found
	at com.kms.katalon.core.webui.common.WebUiCommonHelper.findWebElement(WebUiCommonHelper.java:1154)
	at com.kms.katalon.core.webui.keyword.internal.WebUIAbstractKeyword.findWebElement(WebUIAbstractKeyword.groovy:27)
	at com.kms.katalon.core.webui.keyword.internal.WebUIAbstractKeyword.findWebElement(WebUIAbstractKeyword.groovy:26)
	at com.kms.katalon.core.webui.keyword.builtin.ClickKeyword$_click_closure1.doCall(ClickKeyword.groovy:67)
	at com.kms.katalon.core.webui.keyword.builtin.ClickKeyword$_click_closure1.call(ClickKeyword.groovy)
	at com.kms.katalon.core.webui.keyword.internal.WebUIKeywordMain.runKeyword(WebUIKeywordMain.groovy:20)
	at com.kms.katalon.core.webui.keyword.builtin.ClickKeyword.click(ClickKeyword.groovy:76)
	at com.kms.katalon.core.webui.keyword.builtin.ClickKeyword.execute(ClickKeyword.groovy:43)
	at com.kms.katalon.core.keyword.internal.KeywordExecutor.executeKeywordForPlatform(KeywordExecutor.groovy:72)
	at com.kms.katalon.core.webui.keyword.WebUiBuiltInKeywords.click(WebUiBuiltInKeywords.groovy:616)
	at com.kms.katalon.core.webui.keyword.WebUiBuiltInKeywords$click$3.call(Unknown Source)
	at Script1591352866273.run(Script1591352866273.groovy:32)
	... 13 more
)
[[ATTACHMENT|D:\\katalon\\hw2-katalon-testing\\Reports\\20200605_230523\\Run_All_Test_Cases\\20200605_230523\\1591374771907.png]]

2020-06-05 23:32:52 - [TEST_STEP][PASSED] - Start tear down : Teardown: Method 'Teardown' complete successfully

2020-06-05 23:32:52 - [TEST_STEP][PASSED] - closeBrowser(): Browser is closed

2020-06-05 23:32:53 - [MESSAGE][PASSED] - Browser is closed

2020-06-05 23:32:53 - [MESSAGE][PASSED] - Method 'Teardown' complete successfully]]></system-out>
         <system-err><![CDATA[2020-06-05 23:31:58 - [TEST_CASE][FAILED] - Test Cases/Feature_Test/TC_test_view_member: Test Cases/Feature_Test/TC_test_view_member FAILED.
Reason:
com.kms.katalon.core.exception.StepFailedException: Unable to click on object 'Object Repository/Page_Town Square-Mattermost_Homepage/span_View Members'
	at com.kms.katalon.core.webui.keyword.internal.WebUIKeywordMain.stepFailed(WebUIKeywordMain.groovy:64)
	at com.kms.katalon.core.webui.keyword.internal.WebUIKeywordMain.runKeyword(WebUIKeywordMain.groovy:26)
	at com.kms.katalon.core.webui.keyword.builtin.ClickKeyword.click(ClickKeyword.groovy:76)
	at com.kms.katalon.core.webui.keyword.builtin.ClickKeyword.execute(ClickKeyword.groovy:43)
	at com.kms.katalon.core.keyword.internal.KeywordExecutor.executeKeywordForPlatform(KeywordExecutor.groovy:72)
	at com.kms.katalon.core.webui.keyword.WebUiBuiltInKeywords.click(WebUiBuiltInKeywords.groovy:616)
	at com.kms.katalon.core.webui.keyword.WebUiBuiltInKeywords$click$3.call(Unknown Source)
	at TC_test_view_member.run(TC_test_view_member:32)
	at com.kms.katalon.core.main.ScriptEngine.run(ScriptEngine.java:194)
	at com.kms.katalon.core.main.ScriptEngine.runScriptAsRawText(ScriptEngine.java:119)
	at com.kms.katalon.core.main.TestCaseExecutor.runScript(TestCaseExecutor.java:337)
	at com.kms.katalon.core.main.TestCaseExecutor.doExecute(TestCaseExecutor.java:328)
	at com.kms.katalon.core.main.TestCaseExecutor.processExecutionPhase(TestCaseExecutor.java:307)
	at com.kms.katalon.core.main.TestCaseExecutor.accessMainPhase(TestCaseExecutor.java:299)
	at com.kms.katalon.core.main.TestCaseExecutor.execute(TestCaseExecutor.java:233)
	at com.kms.katalon.core.main.TestSuiteExecutor.accessTestCaseMainPhase(TestSuiteExecutor.java:169)
	at com.kms.katalon.core.main.TestSuiteExecutor.accessTestSuiteMainPhase(TestSuiteExecutor.java:142)
	at com.kms.katalon.core.main.TestSuiteExecutor.execute(TestSuiteExecutor.java:91)
	at com.kms.katalon.core.main.TestCaseMain.startTestSuite(TestCaseMain.java:157)
	at com.kms.katalon.core.main.TestCaseMain$startTestSuite$0.call(Unknown Source)
	at TempTestSuite1591373123859.run(TempTestSuite1591373123859.groovy:37)
Caused by: com.kms.katalon.core.webui.exception.WebElementNotFoundException: Web element with id: 'Object Repository/Page_Town Square-Mattermost_Homepage/span_View Members' located by 'By.xpath: //li[@id='viewMembers']/button/span' not found
	at com.kms.katalon.core.webui.common.WebUiCommonHelper.findWebElement(WebUiCommonHelper.java:1154)
	at com.kms.katalon.core.webui.keyword.internal.WebUIAbstractKeyword.findWebElement(WebUIAbstractKeyword.groovy:27)
	at com.kms.katalon.core.webui.keyword.internal.WebUIAbstractKeyword.findWebElement(WebUIAbstractKeyword.groovy:26)
	at com.kms.katalon.core.webui.keyword.builtin.ClickKeyword$_click_closure1.doCall(ClickKeyword.groovy:67)
	at com.kms.katalon.core.webui.keyword.builtin.ClickKeyword$_click_closure1.call(ClickKeyword.groovy)
	at com.kms.katalon.core.webui.keyword.internal.WebUIKeywordMain.runKeyword(WebUIKeywordMain.groovy:20)
	... 19 more]]></system-err>
      </testcase>
      <system-out><![CDATA[2020-06-05 23:05:26 - [TEST_SUITE][FAILED] - Run_All_Test_Cases: Test Cases/Signup/TC_signup_01 FAILED.
Reason:
com.kms.katalon.core.exception.StepFailedException: Call Test Case 'Test Cases/Signup/signup_function' failed
	at com.kms.katalon.core.keyword.builtin.CallTestCaseKeyword$_callTestCase_closure1.doCall(CallTestCaseKeyword.groovy:63)
	at com.kms.katalon.core.keyword.builtin.CallTestCaseKeyword$_callTestCase_closure1.call(CallTestCaseKeyword.groovy)
	at com.kms.katalon.core.keyword.internal.KeywordMain.runKeyword(KeywordMain.groovy:68)
	at com.kms.katalon.core.keyword.builtin.CallTestCaseKeyword.callTestCase(CallTestCaseKeyword.groovy:81)
	at com.kms.katalon.core.keyword.builtin.CallTestCaseKeyword.execute(CallTestCaseKeyword.groovy:44)
	at com.kms.katalon.core.keyword.internal.KeywordExecutor.executeKeywordForPlatform(KeywordExecutor.groovy:72)
	at com.kms.katalon.core.keyword.BuiltinKeywords.callTestCase(BuiltinKeywords.groovy:334)
	at TC_signup_01.run(TC_signup_01:26)
	at com.kms.katalon.core.main.ScriptEngine.run(ScriptEngine.java:194)
	at com.kms.katalon.core.main.ScriptEngine.runScriptAsRawText(ScriptEngine.java:119)
	at com.kms.katalon.core.main.TestCaseExecutor.runScript(TestCaseExecutor.java:337)
	at com.kms.katalon.core.main.TestCaseExecutor.doExecute(TestCaseExecutor.java:328)
	at com.kms.katalon.core.main.TestCaseExecutor.processExecutionPhase(TestCaseExecutor.java:307)
	at com.kms.katalon.core.main.TestCaseExecutor.accessMainPhase(TestCaseExecutor.java:299)
	at com.kms.katalon.core.main.TestCaseExecutor.execute(TestCaseExecutor.java:233)
	at com.kms.katalon.core.main.TestSuiteExecutor.accessTestCaseMainPhase(TestSuiteExecutor.java:169)
	at com.kms.katalon.core.main.TestSuiteExecutor.accessTestSuiteMainPhase(TestSuiteExecutor.java:142)
	at com.kms.katalon.core.main.TestSuiteExecutor.execute(TestSuiteExecutor.java:91)
	at com.kms.katalon.core.main.TestCaseMain.startTestSuite(TestCaseMain.java:157)
	at com.kms.katalon.core.main.TestCaseMain$startTestSuite$0.call(Unknown Source)
	at TempTestSuite1591373123859.run(TempTestSuite1591373123859.groovy:37)
Caused by: com.kms.katalon.core.exception.StepFailedException: Unable to verify object 'Object Repository/Page_Mattermost_Signup/input_email' is present
	at com.kms.katalon.core.webui.keyword.internal.WebUIKeywordMain.stepFailed(WebUIKeywordMain.groovy:64)
	at com.kms.katalon.core.webui.keyword.internal.WebUIKeywordMain.runKeyword(WebUIKeywordMain.groovy:26)
	at com.kms.katalon.core.webui.keyword.builtin.VerifyElementPresentKeyword.verifyElementPresent(VerifyElementPresentKeyword.groovy:92)
	at com.kms.katalon.core.webui.keyword.builtin.VerifyElementPresentKeyword.execute(VerifyElementPresentKeyword.groovy:68)
	at com.kms.katalon.core.keyword.internal.KeywordExecutor.executeKeywordForPlatform(KeywordExecutor.groovy:72)
	at com.kms.katalon.core.webui.keyword.WebUiBuiltInKeywords.verifyElementPresent(WebUiBuiltInKeywords.groovy:1460)
	at com.kms.katalon.core.webui.keyword.WebUiBuiltInKeywords$verifyElementPresent$0.call(Unknown Source)
	at signup_function.run(signup_function:19)
	at com.kms.katalon.core.main.ScriptEngine.run(ScriptEngine.java:194)
	at com.kms.katalon.core.main.ScriptEngine.runScriptAsRawText(ScriptEngine.java:119)
	at com.kms.katalon.core.main.TestCaseExecutor.runScript(TestCaseExecutor.java:337)
	at com.kms.katalon.core.main.TestCaseExecutor.doExecute(TestCaseExecutor.java:328)
	at com.kms.katalon.core.main.TestCaseExecutor.processExecutionPhase(TestCaseExecutor.java:307)
	at com.kms.katalon.core.main.TestCaseExecutor.accessMainPhase(TestCaseExecutor.java:299)
	at com.kms.katalon.core.main.TestCaseExecutor.execute(TestCaseExecutor.java:233)
	at com.kms.katalon.core.main.TestCaseMain.runTestCase(TestCaseMain.java:114)
	at com.kms.katalon.core.keyword.builtin.CallTestCaseKeyword$_callTestCase_closure1.doCall(CallTestCaseKeyword.groovy:59)
	... 20 more
Caused by: com.kms.katalon.core.exception.StepFailedException: com.kms.katalon.core.webui.exception.WebElementNotFoundException: Web element with id: 'Object Repository/Page_Mattermost_Signup/input_email' located by 'By.xpath: //input[@id='email']' not found
	at com.kms.katalon.core.webui.keyword.internal.WebUIKeywordMain.stepFailed(WebUIKeywordMain.groovy:64)
	at com.kms.katalon.core.webui.keyword.builtin.VerifyElementPresentKeyword$_verifyElementPresent_closure1.doCall(VerifyElementPresentKeyword.groovy:85)
	at com.kms.katalon.core.webui.keyword.builtin.VerifyElementPresentKeyword$_verifyElementPresent_closure1.call(VerifyElementPresentKeyword.groovy)
	at com.kms.katalon.core.webui.keyword.internal.WebUIKeywordMain.runKeyword(WebUIKeywordMain.groovy:20)
	... 35 more]]></system-out>
      <system-err><![CDATA[2020-06-05 23:05:26 - [TEST_SUITE][FAILED] - Run_All_Test_Cases: Test Cases/Signup/TC_signup_01 FAILED.
Reason:
com.kms.katalon.core.exception.StepFailedException: Call Test Case 'Test Cases/Signup/signup_function' failed
	at com.kms.katalon.core.keyword.builtin.CallTestCaseKeyword$_callTestCase_closure1.doCall(CallTestCaseKeyword.groovy:63)
	at com.kms.katalon.core.keyword.builtin.CallTestCaseKeyword$_callTestCase_closure1.call(CallTestCaseKeyword.groovy)
	at com.kms.katalon.core.keyword.internal.KeywordMain.runKeyword(KeywordMain.groovy:68)
	at com.kms.katalon.core.keyword.builtin.CallTestCaseKeyword.callTestCase(CallTestCaseKeyword.groovy:81)
	at com.kms.katalon.core.keyword.builtin.CallTestCaseKeyword.execute(CallTestCaseKeyword.groovy:44)
	at com.kms.katalon.core.keyword.internal.KeywordExecutor.executeKeywordForPlatform(KeywordExecutor.groovy:72)
	at com.kms.katalon.core.keyword.BuiltinKeywords.callTestCase(BuiltinKeywords.groovy:334)
	at TC_signup_01.run(TC_signup_01:26)
	at com.kms.katalon.core.main.ScriptEngine.run(ScriptEngine.java:194)
	at com.kms.katalon.core.main.ScriptEngine.runScriptAsRawText(ScriptEngine.java:119)
	at com.kms.katalon.core.main.TestCaseExecutor.runScript(TestCaseExecutor.java:337)
	at com.kms.katalon.core.main.TestCaseExecutor.doExecute(TestCaseExecutor.java:328)
	at com.kms.katalon.core.main.TestCaseExecutor.processExecutionPhase(TestCaseExecutor.java:307)
	at com.kms.katalon.core.main.TestCaseExecutor.accessMainPhase(TestCaseExecutor.java:299)
	at com.kms.katalon.core.main.TestCaseExecutor.execute(TestCaseExecutor.java:233)
	at com.kms.katalon.core.main.TestSuiteExecutor.accessTestCaseMainPhase(TestSuiteExecutor.java:169)
	at com.kms.katalon.core.main.TestSuiteExecutor.accessTestSuiteMainPhase(TestSuiteExecutor.java:142)
	at com.kms.katalon.core.main.TestSuiteExecutor.execute(TestSuiteExecutor.java:91)
	at com.kms.katalon.core.main.TestCaseMain.startTestSuite(TestCaseMain.java:157)
	at com.kms.katalon.core.main.TestCaseMain$startTestSuite$0.call(Unknown Source)
	at TempTestSuite1591373123859.run(TempTestSuite1591373123859.groovy:37)
Caused by: com.kms.katalon.core.exception.StepFailedException: Unable to verify object 'Object Repository/Page_Mattermost_Signup/input_email' is present
	at com.kms.katalon.core.webui.keyword.internal.WebUIKeywordMain.stepFailed(WebUIKeywordMain.groovy:64)
	at com.kms.katalon.core.webui.keyword.internal.WebUIKeywordMain.runKeyword(WebUIKeywordMain.groovy:26)
	at com.kms.katalon.core.webui.keyword.builtin.VerifyElementPresentKeyword.verifyElementPresent(VerifyElementPresentKeyword.groovy:92)
	at com.kms.katalon.core.webui.keyword.builtin.VerifyElementPresentKeyword.execute(VerifyElementPresentKeyword.groovy:68)
	at com.kms.katalon.core.keyword.internal.KeywordExecutor.executeKeywordForPlatform(KeywordExecutor.groovy:72)
	at com.kms.katalon.core.webui.keyword.WebUiBuiltInKeywords.verifyElementPresent(WebUiBuiltInKeywords.groovy:1460)
	at com.kms.katalon.core.webui.keyword.WebUiBuiltInKeywords$verifyElementPresent$0.call(Unknown Source)
	at signup_function.run(signup_function:19)
	at com.kms.katalon.core.main.ScriptEngine.run(ScriptEngine.java:194)
	at com.kms.katalon.core.main.ScriptEngine.runScriptAsRawText(ScriptEngine.java:119)
	at com.kms.katalon.core.main.TestCaseExecutor.runScript(TestCaseExecutor.java:337)
	at com.kms.katalon.core.main.TestCaseExecutor.doExecute(TestCaseExecutor.java:328)
	at com.kms.katalon.core.main.TestCaseExecutor.processExecutionPhase(TestCaseExecutor.java:307)
	at com.kms.katalon.core.main.TestCaseExecutor.accessMainPhase(TestCaseExecutor.java:299)
	at com.kms.katalon.core.main.TestCaseExecutor.execute(TestCaseExecutor.java:233)
	at com.kms.katalon.core.main.TestCaseMain.runTestCase(TestCaseMain.java:114)
	at com.kms.katalon.core.keyword.builtin.CallTestCaseKeyword$_callTestCase_closure1.doCall(CallTestCaseKeyword.groovy:59)
	... 20 more
Caused by: com.kms.katalon.core.exception.StepFailedException: com.kms.katalon.core.webui.exception.WebElementNotFoundException: Web element with id: 'Object Repository/Page_Mattermost_Signup/input_email' located by 'By.xpath: //input[@id='email']' not found
	at com.kms.katalon.core.webui.keyword.internal.WebUIKeywordMain.stepFailed(WebUIKeywordMain.groovy:64)
	at com.kms.katalon.core.webui.keyword.builtin.VerifyElementPresentKeyword$_verifyElementPresent_closure1.doCall(VerifyElementPresentKeyword.groovy:85)
	at com.kms.katalon.core.webui.keyword.builtin.VerifyElementPresentKeyword$_verifyElementPresent_closure1.call(VerifyElementPresentKeyword.groovy)
	at com.kms.katalon.core.webui.keyword.internal.WebUIKeywordMain.runKeyword(WebUIKeywordMain.groovy:20)
	... 35 more]]></system-err>
   </testsuite>
</testsuites>
