<?xml version="1.0" encoding="UTF-8"?>
<testsuites name="Run_All_Test_Cases" time="828.818" tests="64" failures="0" errors="0">
   <testsuite name="Run_All_Test_Cases" tests="64" failures="0" errors="0" time="828.818" timestamp="2020-06-05 20:57:11" hostname="black - 192.168.56.1" id="Test Suites/Run_All_Test_Cases">
      <properties>
         <property name="deviceName" value=""/>
         <property name="devicePlatform" value=""/>
         <property name="logFolder" value="D:\\katalon\\hw2-katalon-testing\\Reports\\20200605_205708\\Run_All_Test_Cases\\20200605_205708"/>
         <property name="logFiles" value="D:\\katalon\\hw2-katalon-testing\\Reports\\20200605_205708\\Run_All_Test_Cases\\20200605_205708\\execution0.log"/>
         <property name="attachments" value="D:\\katalon\\hw2-katalon-testing\\Reports\\20200605_205708\\Run_All_Test_Cases\\20200605_205708\\1591365730794.png, D:\\katalon\\hw2-katalon-testing\\Reports\\20200605_205708\\Run_All_Test_Cases\\20200605_205708\\1591365746247.png, D:\\katalon\\hw2-katalon-testing\\Reports\\20200605_205708\\Run_All_Test_Cases\\20200605_205708\\1591365760913.png, D:\\katalon\\hw2-katalon-testing\\Reports\\20200605_205708\\Run_All_Test_Cases\\20200605_205708\\1591365776083.png, D:\\katalon\\hw2-katalon-testing\\Reports\\20200605_205708\\Run_All_Test_Cases\\20200605_205708\\1591365791151.png, D:\\katalon\\hw2-katalon-testing\\Reports\\20200605_205708\\Run_All_Test_Cases\\20200605_205708\\1591365810257.png, D:\\katalon\\hw2-katalon-testing\\Reports\\20200605_205708\\Run_All_Test_Cases\\20200605_205708\\1591365827818.png, D:\\katalon\\hw2-katalon-testing\\Reports\\20200605_205708\\Run_All_Test_Cases\\20200605_205708\\1591365845770.png, D:\\katalon\\hw2-katalon-testing\\Reports\\20200605_205708\\Run_All_Test_Cases\\20200605_205708\\1591365863582.png, D:\\katalon\\hw2-katalon-testing\\Reports\\20200605_205708\\Run_All_Test_Cases\\20200605_205708\\1591365881207.png, D:\\katalon\\hw2-katalon-testing\\Reports\\20200605_205708\\Run_All_Test_Cases\\20200605_205708\\1591365977688.png, D:\\katalon\\hw2-katalon-testing\\Reports\\20200605_205708\\Run_All_Test_Cases\\20200605_205708\\1591365996348.png, D:\\katalon\\hw2-katalon-testing\\Reports\\20200605_205708\\Run_All_Test_Cases\\20200605_205708\\1591366014113.png, D:\\katalon\\hw2-katalon-testing\\Reports\\20200605_205708\\Run_All_Test_Cases\\20200605_205708\\1591366032164.png, D:\\katalon\\hw2-katalon-testing\\Reports\\20200605_205708\\Run_All_Test_Cases\\20200605_205708\\1591366050970.png"/>
         <property name="hostName" value="black - 192.168.56.1"/>
         <property name="os" value="Windows 10 64bit"/>
         <property name="katalonVersion" value="7.5.2.1"/>
         <property name="browser" value="Firefox 77.0"/>
         <property name="hostAddress" value="192.168.56.1"/>
         <property name="sessionId" value="4007da4c-2390-487e-9ce9-3cb383fb099d"/>
         <property name="seleniumVersion" value="3.141.59"/>
         <property name="proxyInformation" value="ProxyInformation { proxyOption=NO_PROXY, proxyServerType=HTTP, username=, password=********, proxyServerAddress=, proxyServerPort=0, executionList=\&quot;\&quot;, isApplyToDesiredCapabilities=true }"/>
         <property name="platform" value="Windows 10"/>
      </properties>
      <testcase name="Test Cases/Signup/TC_signup_01" time="12.201" classname="Test Cases/Signup/TC_signup_01" status="PASSED">
         <system-out><![CDATA[2020-06-05 20:57:12 - [TEST_CASE][PASSED] - Test Cases/Signup/TC_signup_01: Test Cases/Signup/TC_signup_01

2020-06-05 20:57:12 - [TEST_STEP][PASSED] - Start setup action : Setup: Method 'Setup' complete successfully

2020-06-05 20:57:12 - [TEST_STEP][PASSED] - openBrowser("http://192.168.1.10:8065/signup_email"): Browser is opened with url: 'http://192.168.1.10:8065/signup_email'

2020-06-05 20:57:13 - [MESSAGE][INFO] - Starting 'Firefox' driver

2020-06-05 20:57:13 - [MESSAGE][INFO] - Action delay is set to 0 milliseconds

2020-06-05 20:57:19 - [MESSAGE][PASSED] - Browser is opened with url: 'http://192.168.1.10:8065/signup_email'

2020-06-05 20:57:19 - [MESSAGE][PASSED] - Method 'Setup' complete successfully

2020-06-05 20:57:19 - [TEST_STEP][PASSED] - callTestCase(findTestCase("Test Cases/Signup/signup_function"), ["var_email":var_email, "var_name":var_name, "var_password":var_password], STOP_ON_FAILURE): Call Test Case 'Test Cases/Signup/signup_function' successfully

2020-06-05 20:57:19 - [TEST_CASE][PASSED] - Test Cases/Signup/signup_function: Test Cases/Signup/signup_function

2020-06-05 20:57:20 - [TEST_STEP][PASSED] - setText(findTestObject("Object Repository/Page_Mattermost_Signup/input_email"), var_email): Text '' is set on object 'Object Repository/Page_Mattermost_Signup/input_email'

2020-06-05 20:57:21 - [MESSAGE][PASSED] - Text '' is set on object 'Object Repository/Page_Mattermost_Signup/input_email'

2020-06-05 20:57:21 - [TEST_STEP][PASSED] - setText(findTestObject("Object Repository/Page_Mattermost_Signup/input_name"), var_name): Text 'cuong' is set on object 'Object Repository/Page_Mattermost_Signup/input_name'

2020-06-05 20:57:21 - [MESSAGE][PASSED] - Text 'cuong' is set on object 'Object Repository/Page_Mattermost_Signup/input_name'

2020-06-05 20:57:21 - [TEST_STEP][PASSED] - setText(findTestObject("Object Repository/Page_Mattermost_Signup/input_password"), var_password): Text 'cuong123' is set on object 'Object Repository/Page_Mattermost_Signup/input_password'

2020-06-05 20:57:22 - [MESSAGE][PASSED] - Text 'cuong123' is set on object 'Object Repository/Page_Mattermost_Signup/input_password'

2020-06-05 20:57:22 - [TEST_STEP][PASSED] - click(findTestObject("Object Repository/Page_Mattermost_Signup/span_Create Account")): Object: 'Object Repository/Page_Mattermost_Signup/span_Create Account' is clicked on

2020-06-05 20:57:23 - [MESSAGE][PASSED] - Object: 'Object Repository/Page_Mattermost_Signup/span_Create Account' is clicked on

2020-06-05 20:57:23 - [MESSAGE][PASSED] - Call Test Case 'Test Cases/Signup/signup_function' successfully

2020-06-05 20:57:23 - [TEST_STEP][PASSED] - switch (var_statusExpectedResult.toString()): null

2020-06-05 20:57:23 - [TEST_STEP][PASSED] - case "email is empty":: null

2020-06-05 20:57:23 - [TEST_STEP][PASSED] - errorMess = getText(findTestObject("Object Repository/Page_Mattermost_Signup/label_status_email")): Text of object 'Object Repository/Page_Mattermost_Signup/label_status_email' is: 'This field is required'

2020-06-05 20:57:23 - [MESSAGE][PASSED] - Text of object 'Object Repository/Page_Mattermost_Signup/label_status_email' is: 'This field is required'

2020-06-05 20:57:23 - [TEST_STEP][PASSED] - verifyEqual(errorMess.contains("This field is required"), true): Actual object 'true' and expected object 'true' are equal

2020-06-05 20:57:23 - [MESSAGE][PASSED] - Actual object 'true' and expected object 'true' are equal

2020-06-05 20:57:23 - [TEST_STEP][PASSED] - break: null

2020-06-05 20:57:23 - [TEST_STEP][PASSED] - Start tear down : Teardown: Method 'Teardown' complete successfully

2020-06-05 20:57:23 - [TEST_STEP][PASSED] - closeBrowser(): Browser is closed

2020-06-05 20:57:24 - [MESSAGE][PASSED] - Browser is closed

2020-06-05 20:57:24 - [MESSAGE][PASSED] - Method 'Teardown' complete successfully]]></system-out>
         <system-err><![CDATA[]]></system-err>
      </testcase>
      <testcase name="Test Cases/Signup/TC_signup_01" time="9.146" classname="Test Cases/Signup/TC_signup_01" status="PASSED">
         <system-out><![CDATA[2020-06-05 20:57:24 - [TEST_CASE][PASSED] - Test Cases/Signup/TC_signup_01: Test Cases/Signup/TC_signup_01

2020-06-05 20:57:24 - [TEST_STEP][PASSED] - Start setup action : Setup: Method 'Setup' complete successfully

2020-06-05 20:57:24 - [TEST_STEP][PASSED] - openBrowser("http://192.168.1.10:8065/signup_email"): Browser is opened with url: 'http://192.168.1.10:8065/signup_email'

2020-06-05 20:57:24 - [MESSAGE][INFO] - Starting 'Firefox' driver

2020-06-05 20:57:24 - [MESSAGE][INFO] - Action delay is set to 0 milliseconds

2020-06-05 20:57:29 - [MESSAGE][PASSED] - Browser is opened with url: 'http://192.168.1.10:8065/signup_email'

2020-06-05 20:57:29 - [MESSAGE][PASSED] - Method 'Setup' complete successfully

2020-06-05 20:57:29 - [TEST_STEP][PASSED] - callTestCase(findTestCase("Test Cases/Signup/signup_function"), ["var_email":var_email, "var_name":var_name, "var_password":var_password], STOP_ON_FAILURE): Call Test Case 'Test Cases/Signup/signup_function' successfully

2020-06-05 20:57:29 - [TEST_CASE][PASSED] - Test Cases/Signup/signup_function: Test Cases/Signup/signup_function

2020-06-05 20:57:29 - [TEST_STEP][PASSED] - setText(findTestObject("Object Repository/Page_Mattermost_Signup/input_email"), var_email): Text '' is set on object 'Object Repository/Page_Mattermost_Signup/input_email'

2020-06-05 20:57:30 - [MESSAGE][PASSED] - Text '' is set on object 'Object Repository/Page_Mattermost_Signup/input_email'

2020-06-05 20:57:30 - [TEST_STEP][PASSED] - setText(findTestObject("Object Repository/Page_Mattermost_Signup/input_name"), var_name): Text 'danh' is set on object 'Object Repository/Page_Mattermost_Signup/input_name'

2020-06-05 20:57:31 - [MESSAGE][PASSED] - Text 'danh' is set on object 'Object Repository/Page_Mattermost_Signup/input_name'

2020-06-05 20:57:31 - [TEST_STEP][PASSED] - setText(findTestObject("Object Repository/Page_Mattermost_Signup/input_password"), var_password): Text 'danh123' is set on object 'Object Repository/Page_Mattermost_Signup/input_password'

2020-06-05 20:57:31 - [MESSAGE][PASSED] - Text 'danh123' is set on object 'Object Repository/Page_Mattermost_Signup/input_password'

2020-06-05 20:57:31 - [TEST_STEP][PASSED] - click(findTestObject("Object Repository/Page_Mattermost_Signup/span_Create Account")): Object: 'Object Repository/Page_Mattermost_Signup/span_Create Account' is clicked on

2020-06-05 20:57:32 - [MESSAGE][PASSED] - Object: 'Object Repository/Page_Mattermost_Signup/span_Create Account' is clicked on

2020-06-05 20:57:32 - [MESSAGE][PASSED] - Call Test Case 'Test Cases/Signup/signup_function' successfully

2020-06-05 20:57:32 - [TEST_STEP][PASSED] - switch (var_statusExpectedResult.toString()): null

2020-06-05 20:57:32 - [TEST_STEP][PASSED] - case "email is empty":: null

2020-06-05 20:57:32 - [TEST_STEP][PASSED] - errorMess = getText(findTestObject("Object Repository/Page_Mattermost_Signup/label_status_email")): Text of object 'Object Repository/Page_Mattermost_Signup/label_status_email' is: 'This field is required'

2020-06-05 20:57:32 - [MESSAGE][PASSED] - Text of object 'Object Repository/Page_Mattermost_Signup/label_status_email' is: 'This field is required'

2020-06-05 20:57:32 - [TEST_STEP][PASSED] - verifyEqual(errorMess.contains("This field is required"), true): Actual object 'true' and expected object 'true' are equal

2020-06-05 20:57:32 - [MESSAGE][PASSED] - Actual object 'true' and expected object 'true' are equal

2020-06-05 20:57:32 - [TEST_STEP][PASSED] - break: null

2020-06-05 20:57:32 - [TEST_STEP][PASSED] - Start tear down : Teardown: Method 'Teardown' complete successfully

2020-06-05 20:57:32 - [TEST_STEP][PASSED] - closeBrowser(): Browser is closed

2020-06-05 20:57:33 - [MESSAGE][PASSED] - Browser is closed

2020-06-05 20:57:33 - [MESSAGE][PASSED] - Method 'Teardown' complete successfully]]></system-out>
         <system-err><![CDATA[]]></system-err>
      </testcase>
      <testcase name="Test Cases/Signup/TC_signup_01" time="9.435" classname="Test Cases/Signup/TC_signup_01" status="PASSED">
         <system-out><![CDATA[2020-06-05 20:57:33 - [TEST_CASE][PASSED] - Test Cases/Signup/TC_signup_01: Test Cases/Signup/TC_signup_01

2020-06-05 20:57:33 - [TEST_STEP][PASSED] - Start setup action : Setup: Method 'Setup' complete successfully

2020-06-05 20:57:33 - [TEST_STEP][PASSED] - openBrowser("http://192.168.1.10:8065/signup_email"): Browser is opened with url: 'http://192.168.1.10:8065/signup_email'

2020-06-05 20:57:33 - [MESSAGE][INFO] - Starting 'Firefox' driver

2020-06-05 20:57:33 - [MESSAGE][INFO] - Action delay is set to 0 milliseconds

2020-06-05 20:57:38 - [MESSAGE][PASSED] - Browser is opened with url: 'http://192.168.1.10:8065/signup_email'

2020-06-05 20:57:38 - [MESSAGE][PASSED] - Method 'Setup' complete successfully

2020-06-05 20:57:38 - [TEST_STEP][PASSED] - callTestCase(findTestCase("Test Cases/Signup/signup_function"), ["var_email":var_email, "var_name":var_name, "var_password":var_password], STOP_ON_FAILURE): Call Test Case 'Test Cases/Signup/signup_function' successfully

2020-06-05 20:57:38 - [TEST_CASE][PASSED] - Test Cases/Signup/signup_function: Test Cases/Signup/signup_function

2020-06-05 20:57:38 - [TEST_STEP][PASSED] - setText(findTestObject("Object Repository/Page_Mattermost_Signup/input_email"), var_email): Text 'hien' is set on object 'Object Repository/Page_Mattermost_Signup/input_email'

2020-06-05 20:57:40 - [MESSAGE][PASSED] - Text 'hien' is set on object 'Object Repository/Page_Mattermost_Signup/input_email'

2020-06-05 20:57:40 - [TEST_STEP][PASSED] - setText(findTestObject("Object Repository/Page_Mattermost_Signup/input_name"), var_name): Text 'hien' is set on object 'Object Repository/Page_Mattermost_Signup/input_name'

2020-06-05 20:57:40 - [MESSAGE][PASSED] - Text 'hien' is set on object 'Object Repository/Page_Mattermost_Signup/input_name'

2020-06-05 20:57:40 - [TEST_STEP][PASSED] - setText(findTestObject("Object Repository/Page_Mattermost_Signup/input_password"), var_password): Text 'hien123' is set on object 'Object Repository/Page_Mattermost_Signup/input_password'

2020-06-05 20:57:41 - [MESSAGE][PASSED] - Text 'hien123' is set on object 'Object Repository/Page_Mattermost_Signup/input_password'

2020-06-05 20:57:41 - [TEST_STEP][PASSED] - click(findTestObject("Object Repository/Page_Mattermost_Signup/span_Create Account")): Object: 'Object Repository/Page_Mattermost_Signup/span_Create Account' is clicked on

2020-06-05 20:57:41 - [MESSAGE][PASSED] - Object: 'Object Repository/Page_Mattermost_Signup/span_Create Account' is clicked on

2020-06-05 20:57:41 - [MESSAGE][PASSED] - Call Test Case 'Test Cases/Signup/signup_function' successfully

2020-06-05 20:57:41 - [TEST_STEP][PASSED] - switch (var_statusExpectedResult.toString()): null

2020-06-05 20:57:41 - [TEST_STEP][PASSED] - case "email is not correct":: null

2020-06-05 20:57:41 - [TEST_STEP][PASSED] - errorMess = getText(findTestObject("Object Repository/Page_Mattermost_Signup/label_status_email")): Text of object 'Object Repository/Page_Mattermost_Signup/label_status_email' is: 'Please enter a valid email address'

2020-06-05 20:57:42 - [MESSAGE][PASSED] - Text of object 'Object Repository/Page_Mattermost_Signup/label_status_email' is: 'Please enter a valid email address'

2020-06-05 20:57:42 - [TEST_STEP][PASSED] - verifyEqual(errorMess.contains("Please enter a valid email address"), true): Actual object 'true' and expected object 'true' are equal

2020-06-05 20:57:42 - [MESSAGE][PASSED] - Actual object 'true' and expected object 'true' are equal

2020-06-05 20:57:42 - [TEST_STEP][PASSED] - break: null

2020-06-05 20:57:42 - [TEST_STEP][PASSED] - Start tear down : Teardown: Method 'Teardown' complete successfully

2020-06-05 20:57:42 - [TEST_STEP][PASSED] - closeBrowser(): Browser is closed

2020-06-05 20:57:43 - [MESSAGE][PASSED] - Browser is closed

2020-06-05 20:57:43 - [MESSAGE][PASSED] - Method 'Teardown' complete successfully]]></system-out>
         <system-err><![CDATA[]]></system-err>
      </testcase>
      <testcase name="Test Cases/Signup/TC_signup_01" time="9.262" classname="Test Cases/Signup/TC_signup_01" status="PASSED">
         <system-out><![CDATA[2020-06-05 20:57:43 - [TEST_CASE][PASSED] - Test Cases/Signup/TC_signup_01: Test Cases/Signup/TC_signup_01

2020-06-05 20:57:43 - [TEST_STEP][PASSED] - Start setup action : Setup: Method 'Setup' complete successfully

2020-06-05 20:57:43 - [TEST_STEP][PASSED] - openBrowser("http://192.168.1.10:8065/signup_email"): Browser is opened with url: 'http://192.168.1.10:8065/signup_email'

2020-06-05 20:57:43 - [MESSAGE][INFO] - Starting 'Firefox' driver

2020-06-05 20:57:43 - [MESSAGE][INFO] - Action delay is set to 0 milliseconds

2020-06-05 20:57:47 - [MESSAGE][PASSED] - Browser is opened with url: 'http://192.168.1.10:8065/signup_email'

2020-06-05 20:57:47 - [MESSAGE][PASSED] - Method 'Setup' complete successfully

2020-06-05 20:57:47 - [TEST_STEP][PASSED] - callTestCase(findTestCase("Test Cases/Signup/signup_function"), ["var_email":var_email, "var_name":var_name, "var_password":var_password], STOP_ON_FAILURE): Call Test Case 'Test Cases/Signup/signup_function' successfully

2020-06-05 20:57:47 - [TEST_CASE][PASSED] - Test Cases/Signup/signup_function: Test Cases/Signup/signup_function

2020-06-05 20:57:47 - [TEST_STEP][PASSED] - setText(findTestObject("Object Repository/Page_Mattermost_Signup/input_email"), var_email): Text 'bao@' is set on object 'Object Repository/Page_Mattermost_Signup/input_email'

2020-06-05 20:57:49 - [MESSAGE][PASSED] - Text 'bao@' is set on object 'Object Repository/Page_Mattermost_Signup/input_email'

2020-06-05 20:57:49 - [TEST_STEP][PASSED] - setText(findTestObject("Object Repository/Page_Mattermost_Signup/input_name"), var_name): Text 'bao' is set on object 'Object Repository/Page_Mattermost_Signup/input_name'

2020-06-05 20:57:49 - [MESSAGE][PASSED] - Text 'bao' is set on object 'Object Repository/Page_Mattermost_Signup/input_name'

2020-06-05 20:57:49 - [TEST_STEP][PASSED] - setText(findTestObject("Object Repository/Page_Mattermost_Signup/input_password"), var_password): Text 'bao123' is set on object 'Object Repository/Page_Mattermost_Signup/input_password'

2020-06-05 20:57:50 - [MESSAGE][PASSED] - Text 'bao123' is set on object 'Object Repository/Page_Mattermost_Signup/input_password'

2020-06-05 20:57:50 - [TEST_STEP][PASSED] - click(findTestObject("Object Repository/Page_Mattermost_Signup/span_Create Account")): Object: 'Object Repository/Page_Mattermost_Signup/span_Create Account' is clicked on

2020-06-05 20:57:51 - [MESSAGE][PASSED] - Object: 'Object Repository/Page_Mattermost_Signup/span_Create Account' is clicked on

2020-06-05 20:57:51 - [MESSAGE][PASSED] - Call Test Case 'Test Cases/Signup/signup_function' successfully

2020-06-05 20:57:51 - [TEST_STEP][PASSED] - switch (var_statusExpectedResult.toString()): null

2020-06-05 20:57:51 - [TEST_STEP][PASSED] - case "email is not correct":: null

2020-06-05 20:57:51 - [TEST_STEP][PASSED] - errorMess = getText(findTestObject("Object Repository/Page_Mattermost_Signup/label_status_email")): Text of object 'Object Repository/Page_Mattermost_Signup/label_status_email' is: 'Please enter a valid email address'

2020-06-05 20:57:51 - [MESSAGE][PASSED] - Text of object 'Object Repository/Page_Mattermost_Signup/label_status_email' is: 'Please enter a valid email address'

2020-06-05 20:57:51 - [TEST_STEP][PASSED] - verifyEqual(errorMess.contains("Please enter a valid email address"), true): Actual object 'true' and expected object 'true' are equal

2020-06-05 20:57:51 - [MESSAGE][PASSED] - Actual object 'true' and expected object 'true' are equal

2020-06-05 20:57:51 - [TEST_STEP][PASSED] - break: null

2020-06-05 20:57:51 - [TEST_STEP][PASSED] - Start tear down : Teardown: Method 'Teardown' complete successfully

2020-06-05 20:57:51 - [TEST_STEP][PASSED] - closeBrowser(): Browser is closed

2020-06-05 20:57:52 - [MESSAGE][PASSED] - Browser is closed

2020-06-05 20:57:52 - [MESSAGE][PASSED] - Method 'Teardown' complete successfully]]></system-out>
         <system-err><![CDATA[]]></system-err>
      </testcase>
      <testcase name="Test Cases/Signup/TC_signup_01" time="9.066" classname="Test Cases/Signup/TC_signup_01" status="PASSED">
         <system-out><![CDATA[2020-06-05 20:57:52 - [TEST_CASE][PASSED] - Test Cases/Signup/TC_signup_01: Test Cases/Signup/TC_signup_01

2020-06-05 20:57:52 - [TEST_STEP][PASSED] - Start setup action : Setup: Method 'Setup' complete successfully

2020-06-05 20:57:52 - [TEST_STEP][PASSED] - openBrowser("http://192.168.1.10:8065/signup_email"): Browser is opened with url: 'http://192.168.1.10:8065/signup_email'

2020-06-05 20:57:52 - [MESSAGE][INFO] - Starting 'Firefox' driver

2020-06-05 20:57:52 - [MESSAGE][INFO] - Action delay is set to 0 milliseconds

2020-06-05 20:57:57 - [MESSAGE][PASSED] - Browser is opened with url: 'http://192.168.1.10:8065/signup_email'

2020-06-05 20:57:57 - [MESSAGE][PASSED] - Method 'Setup' complete successfully

2020-06-05 20:57:57 - [TEST_STEP][PASSED] - callTestCase(findTestCase("Test Cases/Signup/signup_function"), ["var_email":var_email, "var_name":var_name, "var_password":var_password], STOP_ON_FAILURE): Call Test Case 'Test Cases/Signup/signup_function' successfully

2020-06-05 20:57:57 - [TEST_CASE][PASSED] - Test Cases/Signup/signup_function: Test Cases/Signup/signup_function

2020-06-05 20:57:57 - [TEST_STEP][PASSED] - setText(findTestObject("Object Repository/Page_Mattermost_Signup/input_email"), var_email): Text 'email' is set on object 'Object Repository/Page_Mattermost_Signup/input_email'

2020-06-05 20:57:58 - [MESSAGE][PASSED] - Text 'email' is set on object 'Object Repository/Page_Mattermost_Signup/input_email'

2020-06-05 20:57:58 - [TEST_STEP][PASSED] - setText(findTestObject("Object Repository/Page_Mattermost_Signup/input_name"), var_name): Text 'name' is set on object 'Object Repository/Page_Mattermost_Signup/input_name'

2020-06-05 20:57:59 - [MESSAGE][PASSED] - Text 'name' is set on object 'Object Repository/Page_Mattermost_Signup/input_name'

2020-06-05 20:57:59 - [TEST_STEP][PASSED] - setText(findTestObject("Object Repository/Page_Mattermost_Signup/input_password"), var_password): Text 'password' is set on object 'Object Repository/Page_Mattermost_Signup/input_password'

2020-06-05 20:57:59 - [MESSAGE][PASSED] - Text 'password' is set on object 'Object Repository/Page_Mattermost_Signup/input_password'

2020-06-05 20:57:59 - [TEST_STEP][PASSED] - click(findTestObject("Object Repository/Page_Mattermost_Signup/span_Create Account")): Object: 'Object Repository/Page_Mattermost_Signup/span_Create Account' is clicked on

2020-06-05 20:58:00 - [MESSAGE][PASSED] - Object: 'Object Repository/Page_Mattermost_Signup/span_Create Account' is clicked on

2020-06-05 20:58:00 - [MESSAGE][PASSED] - Call Test Case 'Test Cases/Signup/signup_function' successfully

2020-06-05 20:58:00 - [TEST_STEP][PASSED] - switch (var_statusExpectedResult.toString()): null

2020-06-05 20:58:00 - [TEST_STEP][PASSED] - case "email is not correct":: null

2020-06-05 20:58:00 - [TEST_STEP][PASSED] - errorMess = getText(findTestObject("Object Repository/Page_Mattermost_Signup/label_status_email")): Text of object 'Object Repository/Page_Mattermost_Signup/label_status_email' is: 'Please enter a valid email address'

2020-06-05 20:58:00 - [MESSAGE][PASSED] - Text of object 'Object Repository/Page_Mattermost_Signup/label_status_email' is: 'Please enter a valid email address'

2020-06-05 20:58:00 - [TEST_STEP][PASSED] - verifyEqual(errorMess.contains("Please enter a valid email address"), true): Actual object 'true' and expected object 'true' are equal

2020-06-05 20:58:00 - [MESSAGE][PASSED] - Actual object 'true' and expected object 'true' are equal

2020-06-05 20:58:00 - [TEST_STEP][PASSED] - break: null

2020-06-05 20:58:00 - [TEST_STEP][PASSED] - Start tear down : Teardown: Method 'Teardown' complete successfully

2020-06-05 20:58:00 - [TEST_STEP][PASSED] - closeBrowser(): Browser is closed

2020-06-05 20:58:01 - [MESSAGE][PASSED] - Browser is closed

2020-06-05 20:58:01 - [MESSAGE][PASSED] - Method 'Teardown' complete successfully]]></system-out>
         <system-err><![CDATA[]]></system-err>
      </testcase>
      <testcase name="Test Cases/Signup/TC_signup_02" time="9.186" classname="Test Cases/Signup/TC_signup_02" status="PASSED">
         <system-out><![CDATA[2020-06-05 20:58:01 - [TEST_CASE][PASSED] - Test Cases/Signup/TC_signup_02: Test Cases/Signup/TC_signup_02

2020-06-05 20:58:01 - [TEST_STEP][PASSED] - Start setup action : Setup: Method 'Setup' complete successfully

2020-06-05 20:58:01 - [TEST_STEP][PASSED] - openBrowser("http://192.168.1.10:8065/signup_email"): Browser is opened with url: 'http://192.168.1.10:8065/signup_email'

2020-06-05 20:58:01 - [MESSAGE][INFO] - Starting 'Firefox' driver

2020-06-05 20:58:01 - [MESSAGE][INFO] - Action delay is set to 0 milliseconds

2020-06-05 20:58:06 - [MESSAGE][PASSED] - Browser is opened with url: 'http://192.168.1.10:8065/signup_email'

2020-06-05 20:58:06 - [MESSAGE][PASSED] - Method 'Setup' complete successfully

2020-06-05 20:58:06 - [TEST_STEP][PASSED] - callTestCase(findTestCase("Test Cases/Signup/signup_function"), ["var_email":var_email, "var_name":var_name, "var_password":var_password], STOP_ON_FAILURE): Call Test Case 'Test Cases/Signup/signup_function' successfully

2020-06-05 20:58:06 - [TEST_CASE][PASSED] - Test Cases/Signup/signup_function: Test Cases/Signup/signup_function

2020-06-05 20:58:06 - [TEST_STEP][PASSED] - setText(findTestObject("Object Repository/Page_Mattermost_Signup/input_email"), var_email): Text 'cuong@gmail.com' is set on object 'Object Repository/Page_Mattermost_Signup/input_email'

2020-06-05 20:58:07 - [MESSAGE][PASSED] - Text 'cuong@gmail.com' is set on object 'Object Repository/Page_Mattermost_Signup/input_email'

2020-06-05 20:58:07 - [TEST_STEP][PASSED] - setText(findTestObject("Object Repository/Page_Mattermost_Signup/input_name"), var_name): Text '' is set on object 'Object Repository/Page_Mattermost_Signup/input_name'

2020-06-05 20:58:08 - [MESSAGE][PASSED] - Text '' is set on object 'Object Repository/Page_Mattermost_Signup/input_name'

2020-06-05 20:58:08 - [TEST_STEP][PASSED] - setText(findTestObject("Object Repository/Page_Mattermost_Signup/input_password"), var_password): Text 'cuong123' is set on object 'Object Repository/Page_Mattermost_Signup/input_password'

2020-06-05 20:58:08 - [MESSAGE][PASSED] - Text 'cuong123' is set on object 'Object Repository/Page_Mattermost_Signup/input_password'

2020-06-05 20:58:08 - [TEST_STEP][PASSED] - click(findTestObject("Object Repository/Page_Mattermost_Signup/span_Create Account")): Object: 'Object Repository/Page_Mattermost_Signup/span_Create Account' is clicked on

2020-06-05 20:58:09 - [MESSAGE][PASSED] - Object: 'Object Repository/Page_Mattermost_Signup/span_Create Account' is clicked on

2020-06-05 20:58:09 - [MESSAGE][PASSED] - Call Test Case 'Test Cases/Signup/signup_function' successfully

2020-06-05 20:58:09 - [TEST_STEP][PASSED] - switch (var_statusExpectedResult.toString()): null

2020-06-05 20:58:09 - [TEST_STEP][PASSED] - case "name is empty":: null

2020-06-05 20:58:09 - [TEST_STEP][PASSED] - errorMess = getText(findTestObject("Object Repository/Page_Mattermost_Signup/label_status_name")): Text of object 'Object Repository/Page_Mattermost_Signup/label_status_name' is: 'This field is required'

2020-06-05 20:58:09 - [MESSAGE][PASSED] - Text of object 'Object Repository/Page_Mattermost_Signup/label_status_name' is: 'This field is required'

2020-06-05 20:58:09 - [TEST_STEP][PASSED] - verifyEqual(errorMess.contains("This field is required"), true): Actual object 'true' and expected object 'true' are equal

2020-06-05 20:58:09 - [MESSAGE][PASSED] - Actual object 'true' and expected object 'true' are equal

2020-06-05 20:58:09 - [TEST_STEP][PASSED] - break: null

2020-06-05 20:58:09 - [TEST_STEP][PASSED] - Start tear down : Teardown: Method 'Teardown' complete successfully

2020-06-05 20:58:09 - [TEST_STEP][PASSED] - closeBrowser(): Browser is closed

2020-06-05 20:58:10 - [MESSAGE][PASSED] - Browser is closed

2020-06-05 20:58:10 - [MESSAGE][PASSED] - Method 'Teardown' complete successfully]]></system-out>
         <system-err><![CDATA[]]></system-err>
      </testcase>
      <testcase name="Test Cases/Signup/TC_signup_02" time="9.312" classname="Test Cases/Signup/TC_signup_02" status="PASSED">
         <system-out><![CDATA[2020-06-05 20:58:10 - [TEST_CASE][PASSED] - Test Cases/Signup/TC_signup_02: Test Cases/Signup/TC_signup_02

2020-06-05 20:58:10 - [TEST_STEP][PASSED] - Start setup action : Setup: Method 'Setup' complete successfully

2020-06-05 20:58:10 - [TEST_STEP][PASSED] - openBrowser("http://192.168.1.10:8065/signup_email"): Browser is opened with url: 'http://192.168.1.10:8065/signup_email'

2020-06-05 20:58:10 - [MESSAGE][INFO] - Starting 'Firefox' driver

2020-06-05 20:58:10 - [MESSAGE][INFO] - Action delay is set to 0 milliseconds

2020-06-05 20:58:15 - [MESSAGE][PASSED] - Browser is opened with url: 'http://192.168.1.10:8065/signup_email'

2020-06-05 20:58:15 - [MESSAGE][PASSED] - Method 'Setup' complete successfully

2020-06-05 20:58:15 - [TEST_STEP][PASSED] - callTestCase(findTestCase("Test Cases/Signup/signup_function"), ["var_email":var_email, "var_name":var_name, "var_password":var_password], STOP_ON_FAILURE): Call Test Case 'Test Cases/Signup/signup_function' successfully

2020-06-05 20:58:15 - [TEST_CASE][PASSED] - Test Cases/Signup/signup_function: Test Cases/Signup/signup_function

2020-06-05 20:58:15 - [TEST_STEP][PASSED] - setText(findTestObject("Object Repository/Page_Mattermost_Signup/input_email"), var_email): Text 'danh@gmail.com' is set on object 'Object Repository/Page_Mattermost_Signup/input_email'

2020-06-05 20:58:16 - [MESSAGE][PASSED] - Text 'danh@gmail.com' is set on object 'Object Repository/Page_Mattermost_Signup/input_email'

2020-06-05 20:58:16 - [TEST_STEP][PASSED] - setText(findTestObject("Object Repository/Page_Mattermost_Signup/input_name"), var_name): Text '@danh' is set on object 'Object Repository/Page_Mattermost_Signup/input_name'

2020-06-05 20:58:17 - [MESSAGE][PASSED] - Text '@danh' is set on object 'Object Repository/Page_Mattermost_Signup/input_name'

2020-06-05 20:58:17 - [TEST_STEP][PASSED] - setText(findTestObject("Object Repository/Page_Mattermost_Signup/input_password"), var_password): Text 'danh123' is set on object 'Object Repository/Page_Mattermost_Signup/input_password'

2020-06-05 20:58:18 - [MESSAGE][PASSED] - Text 'danh123' is set on object 'Object Repository/Page_Mattermost_Signup/input_password'

2020-06-05 20:58:18 - [TEST_STEP][PASSED] - click(findTestObject("Object Repository/Page_Mattermost_Signup/span_Create Account")): Object: 'Object Repository/Page_Mattermost_Signup/span_Create Account' is clicked on

2020-06-05 20:58:18 - [MESSAGE][PASSED] - Object: 'Object Repository/Page_Mattermost_Signup/span_Create Account' is clicked on

2020-06-05 20:58:18 - [MESSAGE][PASSED] - Call Test Case 'Test Cases/Signup/signup_function' successfully

2020-06-05 20:58:18 - [TEST_STEP][PASSED] - switch (var_statusExpectedResult.toString()): null

2020-06-05 20:58:18 - [TEST_STEP][PASSED] - case "name is not correct":: null

2020-06-05 20:58:18 - [TEST_STEP][PASSED] - errorMess = getText(findTestObject("Object Repository/Page_Mattermost_Signup/label_status_name")): Text of object 'Object Repository/Page_Mattermost_Signup/label_status_name' is: 'Usernames have to begin with a lowercase letter and be 3-22 characters long. You can use lowercase letters, numbers, periods, dashes, and underscores.'

2020-06-05 20:58:18 - [MESSAGE][PASSED] - Text of object 'Object Repository/Page_Mattermost_Signup/label_status_name' is: 'Usernames have to begin with a lowercase letter and be 3-22 characters long. You can use lowercase letters, numbers, periods, dashes, and underscores.'

2020-06-05 20:58:18 - [TEST_STEP][PASSED] - verifyEqual(errorMess.contains("Usernames have to begin with a lowercase letter and be 3-22 characters long. You can use lowercase letters, numbers, periods, dashes, and underscores."), true): Actual object 'true' and expected object 'true' are equal

2020-06-05 20:58:18 - [MESSAGE][PASSED] - Actual object 'true' and expected object 'true' are equal

2020-06-05 20:58:18 - [TEST_STEP][PASSED] - break: null

2020-06-05 20:58:18 - [TEST_STEP][PASSED] - Start tear down : Teardown: Method 'Teardown' complete successfully

2020-06-05 20:58:18 - [TEST_STEP][PASSED] - closeBrowser(): Browser is closed

2020-06-05 20:58:20 - [MESSAGE][PASSED] - Browser is closed

2020-06-05 20:58:20 - [MESSAGE][PASSED] - Method 'Teardown' complete successfully]]></system-out>
         <system-err><![CDATA[]]></system-err>
      </testcase>
      <testcase name="Test Cases/Signup/TC_signup_02" time="9.554" classname="Test Cases/Signup/TC_signup_02" status="PASSED">
         <system-out><![CDATA[2020-06-05 20:58:20 - [TEST_CASE][PASSED] - Test Cases/Signup/TC_signup_02: Test Cases/Signup/TC_signup_02

2020-06-05 20:58:20 - [TEST_STEP][PASSED] - Start setup action : Setup: Method 'Setup' complete successfully

2020-06-05 20:58:20 - [TEST_STEP][PASSED] - openBrowser("http://192.168.1.10:8065/signup_email"): Browser is opened with url: 'http://192.168.1.10:8065/signup_email'

2020-06-05 20:58:20 - [MESSAGE][INFO] - Starting 'Firefox' driver

2020-06-05 20:58:20 - [MESSAGE][INFO] - Action delay is set to 0 milliseconds

2020-06-05 20:58:25 - [MESSAGE][PASSED] - Browser is opened with url: 'http://192.168.1.10:8065/signup_email'

2020-06-05 20:58:25 - [MESSAGE][PASSED] - Method 'Setup' complete successfully

2020-06-05 20:58:25 - [TEST_STEP][PASSED] - callTestCase(findTestCase("Test Cases/Signup/signup_function"), ["var_email":var_email, "var_name":var_name, "var_password":var_password], STOP_ON_FAILURE): Call Test Case 'Test Cases/Signup/signup_function' successfully

2020-06-05 20:58:25 - [TEST_CASE][PASSED] - Test Cases/Signup/signup_function: Test Cases/Signup/signup_function

2020-06-05 20:58:25 - [TEST_STEP][PASSED] - setText(findTestObject("Object Repository/Page_Mattermost_Signup/input_email"), var_email): Text 'bao@gmail.com' is set on object 'Object Repository/Page_Mattermost_Signup/input_email'

2020-06-05 20:58:26 - [MESSAGE][PASSED] - Text 'bao@gmail.com' is set on object 'Object Repository/Page_Mattermost_Signup/input_email'

2020-06-05 20:58:26 - [TEST_STEP][PASSED] - setText(findTestObject("Object Repository/Page_Mattermost_Signup/input_name"), var_name): Text 'bao$' is set on object 'Object Repository/Page_Mattermost_Signup/input_name'

2020-06-05 20:58:27 - [MESSAGE][PASSED] - Text 'bao$' is set on object 'Object Repository/Page_Mattermost_Signup/input_name'

2020-06-05 20:58:27 - [TEST_STEP][PASSED] - setText(findTestObject("Object Repository/Page_Mattermost_Signup/input_password"), var_password): Text 'bao123' is set on object 'Object Repository/Page_Mattermost_Signup/input_password'

2020-06-05 20:58:27 - [MESSAGE][PASSED] - Text 'bao123' is set on object 'Object Repository/Page_Mattermost_Signup/input_password'

2020-06-05 20:58:27 - [TEST_STEP][PASSED] - click(findTestObject("Object Repository/Page_Mattermost_Signup/span_Create Account")): Object: 'Object Repository/Page_Mattermost_Signup/span_Create Account' is clicked on

2020-06-05 20:58:28 - [MESSAGE][PASSED] - Object: 'Object Repository/Page_Mattermost_Signup/span_Create Account' is clicked on

2020-06-05 20:58:28 - [MESSAGE][PASSED] - Call Test Case 'Test Cases/Signup/signup_function' successfully

2020-06-05 20:58:28 - [TEST_STEP][PASSED] - switch (var_statusExpectedResult.toString()): null

2020-06-05 20:58:28 - [TEST_STEP][PASSED] - case "name is not correct":: null

2020-06-05 20:58:28 - [TEST_STEP][PASSED] - errorMess = getText(findTestObject("Object Repository/Page_Mattermost_Signup/label_status_name")): Text of object 'Object Repository/Page_Mattermost_Signup/label_status_name' is: 'Usernames have to begin with a lowercase letter and be 3-22 characters long. You can use lowercase letters, numbers, periods, dashes, and underscores.'

2020-06-05 20:58:28 - [MESSAGE][PASSED] - Text of object 'Object Repository/Page_Mattermost_Signup/label_status_name' is: 'Usernames have to begin with a lowercase letter and be 3-22 characters long. You can use lowercase letters, numbers, periods, dashes, and underscores.'

2020-06-05 20:58:28 - [TEST_STEP][PASSED] - verifyEqual(errorMess.contains("Usernames have to begin with a lowercase letter and be 3-22 characters long. You can use lowercase letters, numbers, periods, dashes, and underscores."), true): Actual object 'true' and expected object 'true' are equal

2020-06-05 20:58:28 - [MESSAGE][PASSED] - Actual object 'true' and expected object 'true' are equal

2020-06-05 20:58:28 - [TEST_STEP][PASSED] - break: null

2020-06-05 20:58:28 - [TEST_STEP][PASSED] - Start tear down : Teardown: Method 'Teardown' complete successfully

2020-06-05 20:58:28 - [TEST_STEP][PASSED] - closeBrowser(): Browser is closed

2020-06-05 20:58:29 - [MESSAGE][PASSED] - Browser is closed

2020-06-05 20:58:29 - [MESSAGE][PASSED] - Method 'Teardown' complete successfully]]></system-out>
         <system-err><![CDATA[]]></system-err>
      </testcase>
      <testcase name="Test Cases/Signup/TC_signup_02" time="9.375" classname="Test Cases/Signup/TC_signup_02" status="PASSED">
         <system-out><![CDATA[2020-06-05 20:58:29 - [TEST_CASE][PASSED] - Test Cases/Signup/TC_signup_02: Test Cases/Signup/TC_signup_02

2020-06-05 20:58:29 - [TEST_STEP][PASSED] - Start setup action : Setup: Method 'Setup' complete successfully

2020-06-05 20:58:29 - [TEST_STEP][PASSED] - openBrowser("http://192.168.1.10:8065/signup_email"): Browser is opened with url: 'http://192.168.1.10:8065/signup_email'

2020-06-05 20:58:29 - [MESSAGE][INFO] - Starting 'Firefox' driver

2020-06-05 20:58:29 - [MESSAGE][INFO] - Action delay is set to 0 milliseconds

2020-06-05 20:58:34 - [MESSAGE][PASSED] - Browser is opened with url: 'http://192.168.1.10:8065/signup_email'

2020-06-05 20:58:34 - [MESSAGE][PASSED] - Method 'Setup' complete successfully

2020-06-05 20:58:34 - [TEST_STEP][PASSED] - callTestCase(findTestCase("Test Cases/Signup/signup_function"), ["var_email":var_email, "var_name":var_name, "var_password":var_password], STOP_ON_FAILURE): Call Test Case 'Test Cases/Signup/signup_function' successfully

2020-06-05 20:58:34 - [TEST_CASE][PASSED] - Test Cases/Signup/signup_function: Test Cases/Signup/signup_function

2020-06-05 20:58:34 - [TEST_STEP][PASSED] - setText(findTestObject("Object Repository/Page_Mattermost_Signup/input_email"), var_email): Text 'hien@gmail.com' is set on object 'Object Repository/Page_Mattermost_Signup/input_email'

2020-06-05 20:58:36 - [MESSAGE][PASSED] - Text 'hien@gmail.com' is set on object 'Object Repository/Page_Mattermost_Signup/input_email'

2020-06-05 20:58:36 - [TEST_STEP][PASSED] - setText(findTestObject("Object Repository/Page_Mattermost_Signup/input_name"), var_name): Text 'ab' is set on object 'Object Repository/Page_Mattermost_Signup/input_name'

2020-06-05 20:58:36 - [MESSAGE][PASSED] - Text 'ab' is set on object 'Object Repository/Page_Mattermost_Signup/input_name'

2020-06-05 20:58:36 - [TEST_STEP][PASSED] - setText(findTestObject("Object Repository/Page_Mattermost_Signup/input_password"), var_password): Text 'hien123' is set on object 'Object Repository/Page_Mattermost_Signup/input_password'

2020-06-05 20:58:37 - [MESSAGE][PASSED] - Text 'hien123' is set on object 'Object Repository/Page_Mattermost_Signup/input_password'

2020-06-05 20:58:37 - [TEST_STEP][PASSED] - click(findTestObject("Object Repository/Page_Mattermost_Signup/span_Create Account")): Object: 'Object Repository/Page_Mattermost_Signup/span_Create Account' is clicked on

2020-06-05 20:58:37 - [MESSAGE][PASSED] - Object: 'Object Repository/Page_Mattermost_Signup/span_Create Account' is clicked on

2020-06-05 20:58:37 - [MESSAGE][PASSED] - Call Test Case 'Test Cases/Signup/signup_function' successfully

2020-06-05 20:58:37 - [TEST_STEP][PASSED] - switch (var_statusExpectedResult.toString()): null

2020-06-05 20:58:37 - [TEST_STEP][PASSED] - case "name is not correct":: null

2020-06-05 20:58:37 - [TEST_STEP][PASSED] - errorMess = getText(findTestObject("Object Repository/Page_Mattermost_Signup/label_status_name")): Text of object 'Object Repository/Page_Mattermost_Signup/label_status_name' is: 'Usernames have to begin with a lowercase letter and be 3-22 characters long. You can use lowercase letters, numbers, periods, dashes, and underscores.'

2020-06-05 20:58:38 - [MESSAGE][PASSED] - Text of object 'Object Repository/Page_Mattermost_Signup/label_status_name' is: 'Usernames have to begin with a lowercase letter and be 3-22 characters long. You can use lowercase letters, numbers, periods, dashes, and underscores.'

2020-06-05 20:58:38 - [TEST_STEP][PASSED] - verifyEqual(errorMess.contains("Usernames have to begin with a lowercase letter and be 3-22 characters long. You can use lowercase letters, numbers, periods, dashes, and underscores."), true): Actual object 'true' and expected object 'true' are equal

2020-06-05 20:58:38 - [MESSAGE][PASSED] - Actual object 'true' and expected object 'true' are equal

2020-06-05 20:58:38 - [TEST_STEP][PASSED] - break: null

2020-06-05 20:58:38 - [TEST_STEP][PASSED] - Start tear down : Teardown: Method 'Teardown' complete successfully

2020-06-05 20:58:38 - [TEST_STEP][PASSED] - closeBrowser(): Browser is closed

2020-06-05 20:58:38 - [MESSAGE][PASSED] - Browser is closed

2020-06-05 20:58:38 - [MESSAGE][PASSED] - Method 'Teardown' complete successfully]]></system-out>
         <system-err><![CDATA[]]></system-err>
      </testcase>
      <testcase name="Test Cases/Signup/TC_signup_02" time="9.221" classname="Test Cases/Signup/TC_signup_02" status="PASSED">
         <system-out><![CDATA[2020-06-05 20:58:39 - [TEST_CASE][PASSED] - Test Cases/Signup/TC_signup_02: Test Cases/Signup/TC_signup_02

2020-06-05 20:58:39 - [TEST_STEP][PASSED] - Start setup action : Setup: Method 'Setup' complete successfully

2020-06-05 20:58:39 - [TEST_STEP][PASSED] - openBrowser("http://192.168.1.10:8065/signup_email"): Browser is opened with url: 'http://192.168.1.10:8065/signup_email'

2020-06-05 20:58:39 - [MESSAGE][INFO] - Starting 'Firefox' driver

2020-06-05 20:58:39 - [MESSAGE][INFO] - Action delay is set to 0 milliseconds

2020-06-05 20:58:43 - [MESSAGE][PASSED] - Browser is opened with url: 'http://192.168.1.10:8065/signup_email'

2020-06-05 20:58:43 - [MESSAGE][PASSED] - Method 'Setup' complete successfully

2020-06-05 20:58:43 - [TEST_STEP][PASSED] - callTestCase(findTestCase("Test Cases/Signup/signup_function"), ["var_email":var_email, "var_name":var_name, "var_password":var_password], STOP_ON_FAILURE): Call Test Case 'Test Cases/Signup/signup_function' successfully

2020-06-05 20:58:43 - [TEST_CASE][PASSED] - Test Cases/Signup/signup_function: Test Cases/Signup/signup_function

2020-06-05 20:58:43 - [TEST_STEP][PASSED] - setText(findTestObject("Object Repository/Page_Mattermost_Signup/input_email"), var_email): Text 'test@gmail.com' is set on object 'Object Repository/Page_Mattermost_Signup/input_email'

2020-06-05 20:58:45 - [MESSAGE][PASSED] - Text 'test@gmail.com' is set on object 'Object Repository/Page_Mattermost_Signup/input_email'

2020-06-05 20:58:45 - [TEST_STEP][PASSED] - setText(findTestObject("Object Repository/Page_Mattermost_Signup/input_name"), var_name): Text '' is set on object 'Object Repository/Page_Mattermost_Signup/input_name'

2020-06-05 20:58:45 - [MESSAGE][PASSED] - Text '' is set on object 'Object Repository/Page_Mattermost_Signup/input_name'

2020-06-05 20:58:45 - [TEST_STEP][PASSED] - setText(findTestObject("Object Repository/Page_Mattermost_Signup/input_password"), var_password): Text 'test123' is set on object 'Object Repository/Page_Mattermost_Signup/input_password'

2020-06-05 20:58:46 - [MESSAGE][PASSED] - Text 'test123' is set on object 'Object Repository/Page_Mattermost_Signup/input_password'

2020-06-05 20:58:46 - [TEST_STEP][PASSED] - click(findTestObject("Object Repository/Page_Mattermost_Signup/span_Create Account")): Object: 'Object Repository/Page_Mattermost_Signup/span_Create Account' is clicked on

2020-06-05 20:58:46 - [MESSAGE][PASSED] - Object: 'Object Repository/Page_Mattermost_Signup/span_Create Account' is clicked on

2020-06-05 20:58:46 - [MESSAGE][PASSED] - Call Test Case 'Test Cases/Signup/signup_function' successfully

2020-06-05 20:58:46 - [TEST_STEP][PASSED] - switch (var_statusExpectedResult.toString()): null

2020-06-05 20:58:46 - [TEST_STEP][PASSED] - case "name is empty":: null

2020-06-05 20:58:46 - [TEST_STEP][PASSED] - errorMess = getText(findTestObject("Object Repository/Page_Mattermost_Signup/label_status_name")): Text of object 'Object Repository/Page_Mattermost_Signup/label_status_name' is: 'This field is required'

2020-06-05 20:58:47 - [MESSAGE][PASSED] - Text of object 'Object Repository/Page_Mattermost_Signup/label_status_name' is: 'This field is required'

2020-06-05 20:58:47 - [TEST_STEP][PASSED] - verifyEqual(errorMess.contains("This field is required"), true): Actual object 'true' and expected object 'true' are equal

2020-06-05 20:58:47 - [MESSAGE][PASSED] - Actual object 'true' and expected object 'true' are equal

2020-06-05 20:58:47 - [TEST_STEP][PASSED] - break: null

2020-06-05 20:58:47 - [TEST_STEP][PASSED] - Start tear down : Teardown: Method 'Teardown' complete successfully

2020-06-05 20:58:47 - [TEST_STEP][PASSED] - closeBrowser(): Browser is closed

2020-06-05 20:58:48 - [MESSAGE][PASSED] - Browser is closed

2020-06-05 20:58:48 - [MESSAGE][PASSED] - Method 'Teardown' complete successfully]]></system-out>
         <system-err><![CDATA[]]></system-err>
      </testcase>
      <testcase name="Test Cases/Signup/TC_signup_03" time="9.395" classname="Test Cases/Signup/TC_signup_03" status="PASSED">
         <system-out><![CDATA[2020-06-05 20:58:48 - [TEST_CASE][PASSED] - Test Cases/Signup/TC_signup_03: Test Cases/Signup/TC_signup_03

2020-06-05 20:58:48 - [TEST_STEP][PASSED] - Start setup action : Setup: Method 'Setup' complete successfully

2020-06-05 20:58:48 - [TEST_STEP][PASSED] - openBrowser("http://192.168.1.10:8065/signup_email"): Browser is opened with url: 'http://192.168.1.10:8065/signup_email'

2020-06-05 20:58:48 - [MESSAGE][INFO] - Starting 'Firefox' driver

2020-06-05 20:58:48 - [MESSAGE][INFO] - Action delay is set to 0 milliseconds

2020-06-05 20:58:53 - [MESSAGE][PASSED] - Browser is opened with url: 'http://192.168.1.10:8065/signup_email'

2020-06-05 20:58:53 - [MESSAGE][PASSED] - Method 'Setup' complete successfully

2020-06-05 20:58:53 - [TEST_STEP][PASSED] - callTestCase(findTestCase("Test Cases/Signup/signup_function"), ["var_email":var_email, "var_name":var_name, "var_password":var_password], STOP_ON_FAILURE): Call Test Case 'Test Cases/Signup/signup_function' successfully

2020-06-05 20:58:53 - [TEST_CASE][PASSED] - Test Cases/Signup/signup_function: Test Cases/Signup/signup_function

2020-06-05 20:58:53 - [TEST_STEP][PASSED] - setText(findTestObject("Object Repository/Page_Mattermost_Signup/input_email"), var_email): Text 'cuong@gmail.com' is set on object 'Object Repository/Page_Mattermost_Signup/input_email'

2020-06-05 20:58:54 - [MESSAGE][PASSED] - Text 'cuong@gmail.com' is set on object 'Object Repository/Page_Mattermost_Signup/input_email'

2020-06-05 20:58:54 - [TEST_STEP][PASSED] - setText(findTestObject("Object Repository/Page_Mattermost_Signup/input_name"), var_name): Text 'cuong' is set on object 'Object Repository/Page_Mattermost_Signup/input_name'

2020-06-05 20:58:55 - [MESSAGE][PASSED] - Text 'cuong' is set on object 'Object Repository/Page_Mattermost_Signup/input_name'

2020-06-05 20:58:55 - [TEST_STEP][PASSED] - setText(findTestObject("Object Repository/Page_Mattermost_Signup/input_password"), var_password): Text '' is set on object 'Object Repository/Page_Mattermost_Signup/input_password'

2020-06-05 20:58:55 - [MESSAGE][PASSED] - Text '' is set on object 'Object Repository/Page_Mattermost_Signup/input_password'

2020-06-05 20:58:55 - [TEST_STEP][PASSED] - click(findTestObject("Object Repository/Page_Mattermost_Signup/span_Create Account")): Object: 'Object Repository/Page_Mattermost_Signup/span_Create Account' is clicked on

2020-06-05 20:58:56 - [MESSAGE][PASSED] - Object: 'Object Repository/Page_Mattermost_Signup/span_Create Account' is clicked on

2020-06-05 20:58:56 - [MESSAGE][PASSED] - Call Test Case 'Test Cases/Signup/signup_function' successfully

2020-06-05 20:58:56 - [TEST_STEP][PASSED] - switch (var_statusExpectedResult.toString()): null

2020-06-05 20:58:56 - [TEST_STEP][PASSED] - case "password is not correct":: null

2020-06-05 20:58:56 - [TEST_STEP][PASSED] - errorMess = getText(findTestObject("Object Repository/Page_Mattermost_Signup/label_status_password")): Text of object 'Object Repository/Page_Mattermost_Signup/label_status_password' is: 'Your password must contain between 5 and 64 characters.'

2020-06-05 20:58:56 - [MESSAGE][PASSED] - Text of object 'Object Repository/Page_Mattermost_Signup/label_status_password' is: 'Your password must contain between 5 and 64 characters.'

2020-06-05 20:58:56 - [TEST_STEP][PASSED] - verifyEqual(errorMess.contains("Your password must contain between 5 and 64 characters."), true): Actual object 'true' and expected object 'true' are equal

2020-06-05 20:58:56 - [MESSAGE][PASSED] - Actual object 'true' and expected object 'true' are equal

2020-06-05 20:58:56 - [TEST_STEP][PASSED] - break: null

2020-06-05 20:58:56 - [TEST_STEP][PASSED] - Start tear down : Teardown: Method 'Teardown' complete successfully

2020-06-05 20:58:56 - [TEST_STEP][PASSED] - closeBrowser(): Browser is closed

2020-06-05 20:58:57 - [MESSAGE][PASSED] - Browser is closed

2020-06-05 20:58:57 - [MESSAGE][PASSED] - Method 'Teardown' complete successfully]]></system-out>
         <system-err><![CDATA[]]></system-err>
      </testcase>
      <testcase name="Test Cases/Signup/TC_signup_03" time="8.897" classname="Test Cases/Signup/TC_signup_03" status="PASSED">
         <system-out><![CDATA[2020-06-05 20:58:57 - [TEST_CASE][PASSED] - Test Cases/Signup/TC_signup_03: Test Cases/Signup/TC_signup_03

2020-06-05 20:58:57 - [TEST_STEP][PASSED] - Start setup action : Setup: Method 'Setup' complete successfully

2020-06-05 20:58:57 - [TEST_STEP][PASSED] - openBrowser("http://192.168.1.10:8065/signup_email"): Browser is opened with url: 'http://192.168.1.10:8065/signup_email'

2020-06-05 20:58:57 - [MESSAGE][INFO] - Starting 'Firefox' driver

2020-06-05 20:58:57 - [MESSAGE][INFO] - Action delay is set to 0 milliseconds

2020-06-05 20:59:02 - [MESSAGE][PASSED] - Browser is opened with url: 'http://192.168.1.10:8065/signup_email'

2020-06-05 20:59:02 - [MESSAGE][PASSED] - Method 'Setup' complete successfully

2020-06-05 20:59:02 - [TEST_STEP][PASSED] - callTestCase(findTestCase("Test Cases/Signup/signup_function"), ["var_email":var_email, "var_name":var_name, "var_password":var_password], STOP_ON_FAILURE): Call Test Case 'Test Cases/Signup/signup_function' successfully

2020-06-05 20:59:02 - [TEST_CASE][PASSED] - Test Cases/Signup/signup_function: Test Cases/Signup/signup_function

2020-06-05 20:59:02 - [TEST_STEP][PASSED] - setText(findTestObject("Object Repository/Page_Mattermost_Signup/input_email"), var_email): Text 'hien@gmail.com' is set on object 'Object Repository/Page_Mattermost_Signup/input_email'

2020-06-05 20:59:03 - [MESSAGE][PASSED] - Text 'hien@gmail.com' is set on object 'Object Repository/Page_Mattermost_Signup/input_email'

2020-06-05 20:59:03 - [TEST_STEP][PASSED] - setText(findTestObject("Object Repository/Page_Mattermost_Signup/input_name"), var_name): Text 'hien' is set on object 'Object Repository/Page_Mattermost_Signup/input_name'

2020-06-05 20:59:04 - [MESSAGE][PASSED] - Text 'hien' is set on object 'Object Repository/Page_Mattermost_Signup/input_name'

2020-06-05 20:59:04 - [TEST_STEP][PASSED] - setText(findTestObject("Object Repository/Page_Mattermost_Signup/input_password"), var_password): Text 'abc' is set on object 'Object Repository/Page_Mattermost_Signup/input_password'

2020-06-05 20:59:04 - [MESSAGE][PASSED] - Text 'abc' is set on object 'Object Repository/Page_Mattermost_Signup/input_password'

2020-06-05 20:59:04 - [TEST_STEP][PASSED] - click(findTestObject("Object Repository/Page_Mattermost_Signup/span_Create Account")): Object: 'Object Repository/Page_Mattermost_Signup/span_Create Account' is clicked on

2020-06-05 20:59:05 - [MESSAGE][PASSED] - Object: 'Object Repository/Page_Mattermost_Signup/span_Create Account' is clicked on

2020-06-05 20:59:05 - [MESSAGE][PASSED] - Call Test Case 'Test Cases/Signup/signup_function' successfully

2020-06-05 20:59:05 - [TEST_STEP][PASSED] - switch (var_statusExpectedResult.toString()): null

2020-06-05 20:59:05 - [TEST_STEP][PASSED] - case "password is not correct":: null

2020-06-05 20:59:05 - [TEST_STEP][PASSED] - errorMess = getText(findTestObject("Object Repository/Page_Mattermost_Signup/label_status_password")): Text of object 'Object Repository/Page_Mattermost_Signup/label_status_password' is: 'Your password must contain between 5 and 64 characters.'

2020-06-05 20:59:05 - [MESSAGE][PASSED] - Text of object 'Object Repository/Page_Mattermost_Signup/label_status_password' is: 'Your password must contain between 5 and 64 characters.'

2020-06-05 20:59:05 - [TEST_STEP][PASSED] - verifyEqual(errorMess.contains("Your password must contain between 5 and 64 characters."), true): Actual object 'true' and expected object 'true' are equal

2020-06-05 20:59:05 - [MESSAGE][PASSED] - Actual object 'true' and expected object 'true' are equal

2020-06-05 20:59:05 - [TEST_STEP][PASSED] - break: null

2020-06-05 20:59:05 - [TEST_STEP][PASSED] - Start tear down : Teardown: Method 'Teardown' complete successfully

2020-06-05 20:59:05 - [TEST_STEP][PASSED] - closeBrowser(): Browser is closed

2020-06-05 20:59:06 - [MESSAGE][PASSED] - Browser is closed

2020-06-05 20:59:06 - [MESSAGE][PASSED] - Method 'Teardown' complete successfully]]></system-out>
         <system-err><![CDATA[]]></system-err>
      </testcase>
      <testcase name="Test Cases/Signup/TC_signup_03" time="9.104" classname="Test Cases/Signup/TC_signup_03" status="PASSED">
         <system-out><![CDATA[2020-06-05 20:59:06 - [TEST_CASE][PASSED] - Test Cases/Signup/TC_signup_03: Test Cases/Signup/TC_signup_03

2020-06-05 20:59:06 - [TEST_STEP][PASSED] - Start setup action : Setup: Method 'Setup' complete successfully

2020-06-05 20:59:06 - [TEST_STEP][PASSED] - openBrowser("http://192.168.1.10:8065/signup_email"): Browser is opened with url: 'http://192.168.1.10:8065/signup_email'

2020-06-05 20:59:06 - [MESSAGE][INFO] - Starting 'Firefox' driver

2020-06-05 20:59:06 - [MESSAGE][INFO] - Action delay is set to 0 milliseconds

2020-06-05 20:59:11 - [MESSAGE][PASSED] - Browser is opened with url: 'http://192.168.1.10:8065/signup_email'

2020-06-05 20:59:11 - [MESSAGE][PASSED] - Method 'Setup' complete successfully

2020-06-05 20:59:11 - [TEST_STEP][PASSED] - callTestCase(findTestCase("Test Cases/Signup/signup_function"), ["var_email":var_email, "var_name":var_name, "var_password":var_password], STOP_ON_FAILURE): Call Test Case 'Test Cases/Signup/signup_function' successfully

2020-06-05 20:59:11 - [TEST_CASE][PASSED] - Test Cases/Signup/signup_function: Test Cases/Signup/signup_function

2020-06-05 20:59:11 - [TEST_STEP][PASSED] - setText(findTestObject("Object Repository/Page_Mattermost_Signup/input_email"), var_email): Text 'bao@gmail.com' is set on object 'Object Repository/Page_Mattermost_Signup/input_email'

2020-06-05 20:59:12 - [MESSAGE][PASSED] - Text 'bao@gmail.com' is set on object 'Object Repository/Page_Mattermost_Signup/input_email'

2020-06-05 20:59:12 - [TEST_STEP][PASSED] - setText(findTestObject("Object Repository/Page_Mattermost_Signup/input_name"), var_name): Text 'bao' is set on object 'Object Repository/Page_Mattermost_Signup/input_name'

2020-06-05 20:59:13 - [MESSAGE][PASSED] - Text 'bao' is set on object 'Object Repository/Page_Mattermost_Signup/input_name'

2020-06-05 20:59:13 - [TEST_STEP][PASSED] - setText(findTestObject("Object Repository/Page_Mattermost_Signup/input_password"), var_password): Text 'bao' is set on object 'Object Repository/Page_Mattermost_Signup/input_password'

2020-06-05 20:59:13 - [MESSAGE][PASSED] - Text 'bao' is set on object 'Object Repository/Page_Mattermost_Signup/input_password'

2020-06-05 20:59:13 - [TEST_STEP][PASSED] - click(findTestObject("Object Repository/Page_Mattermost_Signup/span_Create Account")): Object: 'Object Repository/Page_Mattermost_Signup/span_Create Account' is clicked on

2020-06-05 20:59:14 - [MESSAGE][PASSED] - Object: 'Object Repository/Page_Mattermost_Signup/span_Create Account' is clicked on

2020-06-05 20:59:14 - [MESSAGE][PASSED] - Call Test Case 'Test Cases/Signup/signup_function' successfully

2020-06-05 20:59:14 - [TEST_STEP][PASSED] - switch (var_statusExpectedResult.toString()): null

2020-06-05 20:59:14 - [TEST_STEP][PASSED] - case "password is not correct":: null

2020-06-05 20:59:14 - [TEST_STEP][PASSED] - errorMess = getText(findTestObject("Object Repository/Page_Mattermost_Signup/label_status_password")): Text of object 'Object Repository/Page_Mattermost_Signup/label_status_password' is: 'Your password must contain between 5 and 64 characters.'

2020-06-05 20:59:14 - [MESSAGE][PASSED] - Text of object 'Object Repository/Page_Mattermost_Signup/label_status_password' is: 'Your password must contain between 5 and 64 characters.'

2020-06-05 20:59:14 - [TEST_STEP][PASSED] - verifyEqual(errorMess.contains("Your password must contain between 5 and 64 characters."), true): Actual object 'true' and expected object 'true' are equal

2020-06-05 20:59:14 - [MESSAGE][PASSED] - Actual object 'true' and expected object 'true' are equal

2020-06-05 20:59:14 - [TEST_STEP][PASSED] - break: null

2020-06-05 20:59:14 - [TEST_STEP][PASSED] - Start tear down : Teardown: Method 'Teardown' complete successfully

2020-06-05 20:59:14 - [TEST_STEP][PASSED] - closeBrowser(): Browser is closed

2020-06-05 20:59:15 - [MESSAGE][PASSED] - Browser is closed

2020-06-05 20:59:15 - [MESSAGE][PASSED] - Method 'Teardown' complete successfully]]></system-out>
         <system-err><![CDATA[]]></system-err>
      </testcase>
      <testcase name="Test Cases/Signup/TC_signup_03" time="9.008" classname="Test Cases/Signup/TC_signup_03" status="PASSED">
         <system-out><![CDATA[2020-06-05 20:59:15 - [TEST_CASE][PASSED] - Test Cases/Signup/TC_signup_03: Test Cases/Signup/TC_signup_03

2020-06-05 20:59:15 - [TEST_STEP][PASSED] - Start setup action : Setup: Method 'Setup' complete successfully

2020-06-05 20:59:15 - [TEST_STEP][PASSED] - openBrowser("http://192.168.1.10:8065/signup_email"): Browser is opened with url: 'http://192.168.1.10:8065/signup_email'

2020-06-05 20:59:15 - [MESSAGE][INFO] - Starting 'Firefox' driver

2020-06-05 20:59:15 - [MESSAGE][INFO] - Action delay is set to 0 milliseconds

2020-06-05 20:59:20 - [MESSAGE][PASSED] - Browser is opened with url: 'http://192.168.1.10:8065/signup_email'

2020-06-05 20:59:20 - [MESSAGE][PASSED] - Method 'Setup' complete successfully

2020-06-05 20:59:20 - [TEST_STEP][PASSED] - callTestCase(findTestCase("Test Cases/Signup/signup_function"), ["var_email":var_email, "var_name":var_name, "var_password":var_password], STOP_ON_FAILURE): Call Test Case 'Test Cases/Signup/signup_function' successfully

2020-06-05 20:59:20 - [TEST_CASE][PASSED] - Test Cases/Signup/signup_function: Test Cases/Signup/signup_function

2020-06-05 20:59:20 - [TEST_STEP][PASSED] - setText(findTestObject("Object Repository/Page_Mattermost_Signup/input_email"), var_email): Text 'danh@gmai.com' is set on object 'Object Repository/Page_Mattermost_Signup/input_email'

2020-06-05 20:59:21 - [MESSAGE][PASSED] - Text 'danh@gmai.com' is set on object 'Object Repository/Page_Mattermost_Signup/input_email'

2020-06-05 20:59:21 - [TEST_STEP][PASSED] - setText(findTestObject("Object Repository/Page_Mattermost_Signup/input_name"), var_name): Text 'danh' is set on object 'Object Repository/Page_Mattermost_Signup/input_name'

2020-06-05 20:59:22 - [MESSAGE][PASSED] - Text 'danh' is set on object 'Object Repository/Page_Mattermost_Signup/input_name'

2020-06-05 20:59:22 - [TEST_STEP][PASSED] - setText(findTestObject("Object Repository/Page_Mattermost_Signup/input_password"), var_password): Text 'danh' is set on object 'Object Repository/Page_Mattermost_Signup/input_password'

2020-06-05 20:59:22 - [MESSAGE][PASSED] - Text 'danh' is set on object 'Object Repository/Page_Mattermost_Signup/input_password'

2020-06-05 20:59:22 - [TEST_STEP][PASSED] - click(findTestObject("Object Repository/Page_Mattermost_Signup/span_Create Account")): Object: 'Object Repository/Page_Mattermost_Signup/span_Create Account' is clicked on

2020-06-05 20:59:23 - [MESSAGE][PASSED] - Object: 'Object Repository/Page_Mattermost_Signup/span_Create Account' is clicked on

2020-06-05 20:59:23 - [MESSAGE][PASSED] - Call Test Case 'Test Cases/Signup/signup_function' successfully

2020-06-05 20:59:23 - [TEST_STEP][PASSED] - switch (var_statusExpectedResult.toString()): null

2020-06-05 20:59:23 - [TEST_STEP][PASSED] - case "password is not correct":: null

2020-06-05 20:59:23 - [TEST_STEP][PASSED] - errorMess = getText(findTestObject("Object Repository/Page_Mattermost_Signup/label_status_password")): Text of object 'Object Repository/Page_Mattermost_Signup/label_status_password' is: 'Your password must contain between 5 and 64 characters.'

2020-06-05 20:59:23 - [MESSAGE][PASSED] - Text of object 'Object Repository/Page_Mattermost_Signup/label_status_password' is: 'Your password must contain between 5 and 64 characters.'

2020-06-05 20:59:23 - [TEST_STEP][PASSED] - verifyEqual(errorMess.contains("Your password must contain between 5 and 64 characters."), true): Actual object 'true' and expected object 'true' are equal

2020-06-05 20:59:23 - [MESSAGE][PASSED] - Actual object 'true' and expected object 'true' are equal

2020-06-05 20:59:23 - [TEST_STEP][PASSED] - break: null

2020-06-05 20:59:23 - [TEST_STEP][PASSED] - Start tear down : Teardown: Method 'Teardown' complete successfully

2020-06-05 20:59:23 - [TEST_STEP][PASSED] - closeBrowser(): Browser is closed

2020-06-05 20:59:24 - [MESSAGE][PASSED] - Browser is closed

2020-06-05 20:59:24 - [MESSAGE][PASSED] - Method 'Teardown' complete successfully]]></system-out>
         <system-err><![CDATA[]]></system-err>
      </testcase>
      <testcase name="Test Cases/Signup/TC_signup_03" time="9.468" classname="Test Cases/Signup/TC_signup_03" status="PASSED">
         <system-out><![CDATA[2020-06-05 20:59:24 - [TEST_CASE][PASSED] - Test Cases/Signup/TC_signup_03: Test Cases/Signup/TC_signup_03

2020-06-05 20:59:24 - [TEST_STEP][PASSED] - Start setup action : Setup: Method 'Setup' complete successfully

2020-06-05 20:59:24 - [TEST_STEP][PASSED] - openBrowser("http://192.168.1.10:8065/signup_email"): Browser is opened with url: 'http://192.168.1.10:8065/signup_email'

2020-06-05 20:59:24 - [MESSAGE][INFO] - Starting 'Firefox' driver

2020-06-05 20:59:24 - [MESSAGE][INFO] - Action delay is set to 0 milliseconds

2020-06-05 20:59:29 - [MESSAGE][PASSED] - Browser is opened with url: 'http://192.168.1.10:8065/signup_email'

2020-06-05 20:59:29 - [MESSAGE][PASSED] - Method 'Setup' complete successfully

2020-06-05 20:59:29 - [TEST_STEP][PASSED] - callTestCase(findTestCase("Test Cases/Signup/signup_function"), ["var_email":var_email, "var_name":var_name, "var_password":var_password], STOP_ON_FAILURE): Call Test Case 'Test Cases/Signup/signup_function' successfully

2020-06-05 20:59:29 - [TEST_CASE][PASSED] - Test Cases/Signup/signup_function: Test Cases/Signup/signup_function

2020-06-05 20:59:29 - [TEST_STEP][PASSED] - setText(findTestObject("Object Repository/Page_Mattermost_Signup/input_email"), var_email): Text 'test@gmail.com' is set on object 'Object Repository/Page_Mattermost_Signup/input_email'

2020-06-05 20:59:31 - [MESSAGE][PASSED] - Text 'test@gmail.com' is set on object 'Object Repository/Page_Mattermost_Signup/input_email'

2020-06-05 20:59:31 - [TEST_STEP][PASSED] - setText(findTestObject("Object Repository/Page_Mattermost_Signup/input_name"), var_name): Text 'test' is set on object 'Object Repository/Page_Mattermost_Signup/input_name'

2020-06-05 20:59:31 - [MESSAGE][PASSED] - Text 'test' is set on object 'Object Repository/Page_Mattermost_Signup/input_name'

2020-06-05 20:59:31 - [TEST_STEP][PASSED] - setText(findTestObject("Object Repository/Page_Mattermost_Signup/input_password"), var_password): Text 'test' is set on object 'Object Repository/Page_Mattermost_Signup/input_password'

2020-06-05 20:59:32 - [MESSAGE][PASSED] - Text 'test' is set on object 'Object Repository/Page_Mattermost_Signup/input_password'

2020-06-05 20:59:32 - [TEST_STEP][PASSED] - click(findTestObject("Object Repository/Page_Mattermost_Signup/span_Create Account")): Object: 'Object Repository/Page_Mattermost_Signup/span_Create Account' is clicked on

2020-06-05 20:59:32 - [MESSAGE][PASSED] - Object: 'Object Repository/Page_Mattermost_Signup/span_Create Account' is clicked on

2020-06-05 20:59:32 - [MESSAGE][PASSED] - Call Test Case 'Test Cases/Signup/signup_function' successfully

2020-06-05 20:59:32 - [TEST_STEP][PASSED] - switch (var_statusExpectedResult.toString()): null

2020-06-05 20:59:32 - [TEST_STEP][PASSED] - case "password is not correct":: null

2020-06-05 20:59:32 - [TEST_STEP][PASSED] - errorMess = getText(findTestObject("Object Repository/Page_Mattermost_Signup/label_status_password")): Text of object 'Object Repository/Page_Mattermost_Signup/label_status_password' is: 'Your password must contain between 5 and 64 characters.'

2020-06-05 20:59:33 - [MESSAGE][PASSED] - Text of object 'Object Repository/Page_Mattermost_Signup/label_status_password' is: 'Your password must contain between 5 and 64 characters.'

2020-06-05 20:59:33 - [TEST_STEP][PASSED] - verifyEqual(errorMess.contains("Your password must contain between 5 and 64 characters."), true): Actual object 'true' and expected object 'true' are equal

2020-06-05 20:59:33 - [MESSAGE][PASSED] - Actual object 'true' and expected object 'true' are equal

2020-06-05 20:59:33 - [TEST_STEP][PASSED] - break: null

2020-06-05 20:59:33 - [TEST_STEP][PASSED] - Start tear down : Teardown: Method 'Teardown' complete successfully

2020-06-05 20:59:33 - [TEST_STEP][PASSED] - closeBrowser(): Browser is closed

2020-06-05 20:59:34 - [MESSAGE][PASSED] - Browser is closed

2020-06-05 20:59:34 - [MESSAGE][PASSED] - Method 'Teardown' complete successfully]]></system-out>
         <system-err><![CDATA[]]></system-err>
      </testcase>
      <testcase name="Test Cases/Login/TC_login_01" time="8.794" classname="Test Cases/Login/TC_login_01" status="PASSED">
         <system-out><![CDATA[2020-06-05 20:59:34 - [TEST_CASE][PASSED] - Test Cases/Login/TC_login_01: Test Cases/Login/TC_login_01

2020-06-05 20:59:34 - [TEST_STEP][PASSED] - Start setup action : Setup: Method 'Setup' complete successfully

2020-06-05 20:59:34 - [TEST_STEP][PASSED] - openBrowser("http://192.168.1.10:8065/login"): Browser is opened with url: 'http://192.168.1.10:8065/login'

2020-06-05 20:59:34 - [MESSAGE][INFO] - Starting 'Firefox' driver

2020-06-05 20:59:34 - [MESSAGE][INFO] - Action delay is set to 0 milliseconds

2020-06-05 20:59:38 - [MESSAGE][PASSED] - Browser is opened with url: 'http://192.168.1.10:8065/login'

2020-06-05 20:59:38 - [MESSAGE][PASSED] - Method 'Setup' complete successfully

2020-06-05 20:59:38 - [TEST_STEP][PASSED] - callTestCase(findTestCase("Test Cases/Login/login_function"), ["var_user":var_email, "var_password":var_password], STOP_ON_FAILURE): Call Test Case 'Test Cases/Login/login_function' successfully

2020-06-05 20:59:39 - [TEST_CASE][PASSED] - Test Cases/Login/login_function: Test Cases/Login/login_function

2020-06-05 20:59:39 - [TEST_STEP][PASSED] - setText(findTestObject("Object Repository/Page_Mattermost_login/input_loginId"), var_user): Text '' is set on object 'Object Repository/Page_Mattermost_login/input_loginId'

2020-06-05 20:59:40 - [MESSAGE][PASSED] - Text '' is set on object 'Object Repository/Page_Mattermost_login/input_loginId'

2020-06-05 20:59:40 - [TEST_STEP][PASSED] - setText(findTestObject("Object Repository/Page_Mattermost_login/input_password"), var_password): Text 'matkhausai' is set on object 'Object Repository/Page_Mattermost_login/input_password'

2020-06-05 20:59:41 - [MESSAGE][PASSED] - Text 'matkhausai' is set on object 'Object Repository/Page_Mattermost_login/input_password'

2020-06-05 20:59:41 - [TEST_STEP][PASSED] - click(findTestObject("Object Repository/Page_Mattermost_login/span_Sign in")): Object: 'Object Repository/Page_Mattermost_login/span_Sign in' is clicked on

2020-06-05 20:59:41 - [MESSAGE][PASSED] - Object: 'Object Repository/Page_Mattermost_login/span_Sign in' is clicked on

2020-06-05 20:59:41 - [MESSAGE][PASSED] - Call Test Case 'Test Cases/Login/login_function' successfully

2020-06-05 20:59:41 - [TEST_STEP][PASSED] - errorMess = getText(findTestObject("Object Repository/Page_Mattermost_login/label_status_login")): Text of object 'Object Repository/Page_Mattermost_login/label_status_login' is: 'Please enter your email or username'

2020-06-05 20:59:42 - [MESSAGE][PASSED] - Text of object 'Object Repository/Page_Mattermost_login/label_status_login' is: 'Please enter your email or username'

2020-06-05 20:59:42 - [TEST_STEP][PASSED] - verifyEqual(errorMess.contains("Please enter your email or username"), true): Actual object 'true' and expected object 'true' are equal

2020-06-05 20:59:42 - [MESSAGE][PASSED] - Actual object 'true' and expected object 'true' are equal

2020-06-05 20:59:42 - [TEST_STEP][PASSED] - Start tear down : Teardown: Method 'Teardown' complete successfully

2020-06-05 20:59:42 - [TEST_STEP][PASSED] - closeBrowser(): Browser is closed

2020-06-05 20:59:43 - [MESSAGE][PASSED] - Browser is closed

2020-06-05 20:59:43 - [MESSAGE][PASSED] - Method 'Teardown' complete successfully]]></system-out>
         <system-err><![CDATA[]]></system-err>
      </testcase>
      <testcase name="Test Cases/Login/TC_login_01" time="8.812" classname="Test Cases/Login/TC_login_01" status="PASSED">
         <system-out><![CDATA[2020-06-05 20:59:43 - [TEST_CASE][PASSED] - Test Cases/Login/TC_login_01: Test Cases/Login/TC_login_01

2020-06-05 20:59:43 - [TEST_STEP][PASSED] - Start setup action : Setup: Method 'Setup' complete successfully

2020-06-05 20:59:43 - [TEST_STEP][PASSED] - openBrowser("http://192.168.1.10:8065/login"): Browser is opened with url: 'http://192.168.1.10:8065/login'

2020-06-05 20:59:43 - [MESSAGE][INFO] - Starting 'Firefox' driver

2020-06-05 20:59:43 - [MESSAGE][INFO] - Action delay is set to 0 milliseconds

2020-06-05 20:59:47 - [MESSAGE][PASSED] - Browser is opened with url: 'http://192.168.1.10:8065/login'

2020-06-05 20:59:47 - [MESSAGE][PASSED] - Method 'Setup' complete successfully

2020-06-05 20:59:47 - [TEST_STEP][PASSED] - callTestCase(findTestCase("Test Cases/Login/login_function"), ["var_user":var_email, "var_password":var_password], STOP_ON_FAILURE): Call Test Case 'Test Cases/Login/login_function' successfully

2020-06-05 20:59:47 - [TEST_CASE][PASSED] - Test Cases/Login/login_function: Test Cases/Login/login_function

2020-06-05 20:59:47 - [TEST_STEP][PASSED] - setText(findTestObject("Object Repository/Page_Mattermost_login/input_loginId"), var_user): Text '' is set on object 'Object Repository/Page_Mattermost_login/input_loginId'

2020-06-05 20:59:49 - [MESSAGE][PASSED] - Text '' is set on object 'Object Repository/Page_Mattermost_login/input_loginId'

2020-06-05 20:59:49 - [TEST_STEP][PASSED] - setText(findTestObject("Object Repository/Page_Mattermost_login/input_password"), var_password): Text 'matkhaudung' is set on object 'Object Repository/Page_Mattermost_login/input_password'

2020-06-05 20:59:49 - [MESSAGE][PASSED] - Text 'matkhaudung' is set on object 'Object Repository/Page_Mattermost_login/input_password'

2020-06-05 20:59:49 - [TEST_STEP][PASSED] - click(findTestObject("Object Repository/Page_Mattermost_login/span_Sign in")): Object: 'Object Repository/Page_Mattermost_login/span_Sign in' is clicked on

2020-06-05 20:59:50 - [MESSAGE][PASSED] - Object: 'Object Repository/Page_Mattermost_login/span_Sign in' is clicked on

2020-06-05 20:59:50 - [MESSAGE][PASSED] - Call Test Case 'Test Cases/Login/login_function' successfully

2020-06-05 20:59:50 - [TEST_STEP][PASSED] - errorMess = getText(findTestObject("Object Repository/Page_Mattermost_login/label_status_login")): Text of object 'Object Repository/Page_Mattermost_login/label_status_login' is: 'Please enter your email or username'

2020-06-05 20:59:50 - [MESSAGE][PASSED] - Text of object 'Object Repository/Page_Mattermost_login/label_status_login' is: 'Please enter your email or username'

2020-06-05 20:59:50 - [TEST_STEP][PASSED] - verifyEqual(errorMess.contains("Please enter your email or username"), true): Actual object 'true' and expected object 'true' are equal

2020-06-05 20:59:50 - [MESSAGE][PASSED] - Actual object 'true' and expected object 'true' are equal

2020-06-05 20:59:50 - [TEST_STEP][PASSED] - Start tear down : Teardown: Method 'Teardown' complete successfully

2020-06-05 20:59:50 - [TEST_STEP][PASSED] - closeBrowser(): Browser is closed

2020-06-05 20:59:51 - [MESSAGE][PASSED] - Browser is closed

2020-06-05 20:59:51 - [MESSAGE][PASSED] - Method 'Teardown' complete successfully]]></system-out>
         <system-err><![CDATA[]]></system-err>
      </testcase>
      <testcase name="Test Cases/Login/TC_login_01" time="9.05" classname="Test Cases/Login/TC_login_01" status="PASSED">
         <system-out><![CDATA[2020-06-05 20:59:51 - [TEST_CASE][PASSED] - Test Cases/Login/TC_login_01: Test Cases/Login/TC_login_01

2020-06-05 20:59:51 - [TEST_STEP][PASSED] - Start setup action : Setup: Method 'Setup' complete successfully

2020-06-05 20:59:51 - [TEST_STEP][PASSED] - openBrowser("http://192.168.1.10:8065/login"): Browser is opened with url: 'http://192.168.1.10:8065/login'

2020-06-05 20:59:51 - [MESSAGE][INFO] - Starting 'Firefox' driver

2020-06-05 20:59:51 - [MESSAGE][INFO] - Action delay is set to 0 milliseconds

2020-06-05 20:59:57 - [MESSAGE][PASSED] - Browser is opened with url: 'http://192.168.1.10:8065/login'

2020-06-05 20:59:57 - [MESSAGE][PASSED] - Method 'Setup' complete successfully

2020-06-05 20:59:57 - [TEST_STEP][PASSED] - callTestCase(findTestCase("Test Cases/Login/login_function"), ["var_user":var_email, "var_password":var_password], STOP_ON_FAILURE): Call Test Case 'Test Cases/Login/login_function' successfully

2020-06-05 20:59:57 - [TEST_CASE][PASSED] - Test Cases/Login/login_function: Test Cases/Login/login_function

2020-06-05 20:59:57 - [TEST_STEP][PASSED] - setText(findTestObject("Object Repository/Page_Mattermost_login/input_loginId"), var_user): Text '' is set on object 'Object Repository/Page_Mattermost_login/input_loginId'

2020-06-05 20:59:58 - [MESSAGE][PASSED] - Text '' is set on object 'Object Repository/Page_Mattermost_login/input_loginId'

2020-06-05 20:59:58 - [TEST_STEP][PASSED] - setText(findTestObject("Object Repository/Page_Mattermost_login/input_password"), var_password): Text 'testcase' is set on object 'Object Repository/Page_Mattermost_login/input_password'

2020-06-05 20:59:58 - [MESSAGE][PASSED] - Text 'testcase' is set on object 'Object Repository/Page_Mattermost_login/input_password'

2020-06-05 20:59:58 - [TEST_STEP][PASSED] - click(findTestObject("Object Repository/Page_Mattermost_login/span_Sign in")): Object: 'Object Repository/Page_Mattermost_login/span_Sign in' is clicked on

2020-06-05 20:59:59 - [MESSAGE][PASSED] - Object: 'Object Repository/Page_Mattermost_login/span_Sign in' is clicked on

2020-06-05 20:59:59 - [MESSAGE][PASSED] - Call Test Case 'Test Cases/Login/login_function' successfully

2020-06-05 20:59:59 - [TEST_STEP][PASSED] - errorMess = getText(findTestObject("Object Repository/Page_Mattermost_login/label_status_login")): Text of object 'Object Repository/Page_Mattermost_login/label_status_login' is: 'Please enter your email or username'

2020-06-05 20:59:59 - [MESSAGE][PASSED] - Text of object 'Object Repository/Page_Mattermost_login/label_status_login' is: 'Please enter your email or username'

2020-06-05 20:59:59 - [TEST_STEP][PASSED] - verifyEqual(errorMess.contains("Please enter your email or username"), true): Actual object 'true' and expected object 'true' are equal

2020-06-05 20:59:59 - [MESSAGE][PASSED] - Actual object 'true' and expected object 'true' are equal

2020-06-05 20:59:59 - [TEST_STEP][PASSED] - Start tear down : Teardown: Method 'Teardown' complete successfully

2020-06-05 20:59:59 - [TEST_STEP][PASSED] - closeBrowser(): Browser is closed

2020-06-05 21:00:00 - [MESSAGE][PASSED] - Browser is closed

2020-06-05 21:00:00 - [MESSAGE][PASSED] - Method 'Teardown' complete successfully]]></system-out>
         <system-err><![CDATA[]]></system-err>
      </testcase>
      <testcase name="Test Cases/Login/TC_login_01" time="8.699" classname="Test Cases/Login/TC_login_01" status="PASSED">
         <system-out><![CDATA[2020-06-05 21:00:00 - [TEST_CASE][PASSED] - Test Cases/Login/TC_login_01: Test Cases/Login/TC_login_01

2020-06-05 21:00:00 - [TEST_STEP][PASSED] - Start setup action : Setup: Method 'Setup' complete successfully

2020-06-05 21:00:00 - [TEST_STEP][PASSED] - openBrowser("http://192.168.1.10:8065/login"): Browser is opened with url: 'http://192.168.1.10:8065/login'

2020-06-05 21:00:00 - [MESSAGE][INFO] - Starting 'Firefox' driver

2020-06-05 21:00:00 - [MESSAGE][INFO] - Action delay is set to 0 milliseconds

2020-06-05 21:00:05 - [MESSAGE][PASSED] - Browser is opened with url: 'http://192.168.1.10:8065/login'

2020-06-05 21:00:05 - [MESSAGE][PASSED] - Method 'Setup' complete successfully

2020-06-05 21:00:05 - [TEST_STEP][PASSED] - callTestCase(findTestCase("Test Cases/Login/login_function"), ["var_user":var_email, "var_password":var_password], STOP_ON_FAILURE): Call Test Case 'Test Cases/Login/login_function' successfully

2020-06-05 21:00:05 - [TEST_CASE][PASSED] - Test Cases/Login/login_function: Test Cases/Login/login_function

2020-06-05 21:00:05 - [TEST_STEP][PASSED] - setText(findTestObject("Object Repository/Page_Mattermost_login/input_loginId"), var_user): Text '' is set on object 'Object Repository/Page_Mattermost_login/input_loginId'

2020-06-05 21:00:07 - [MESSAGE][PASSED] - Text '' is set on object 'Object Repository/Page_Mattermost_login/input_loginId'

2020-06-05 21:00:07 - [TEST_STEP][PASSED] - setText(findTestObject("Object Repository/Page_Mattermost_login/input_password"), var_password): Text 'nhincaigi' is set on object 'Object Repository/Page_Mattermost_login/input_password'

2020-06-05 21:00:07 - [MESSAGE][PASSED] - Text 'nhincaigi' is set on object 'Object Repository/Page_Mattermost_login/input_password'

2020-06-05 21:00:07 - [TEST_STEP][PASSED] - click(findTestObject("Object Repository/Page_Mattermost_login/span_Sign in")): Object: 'Object Repository/Page_Mattermost_login/span_Sign in' is clicked on

2020-06-05 21:00:08 - [MESSAGE][PASSED] - Object: 'Object Repository/Page_Mattermost_login/span_Sign in' is clicked on

2020-06-05 21:00:08 - [MESSAGE][PASSED] - Call Test Case 'Test Cases/Login/login_function' successfully

2020-06-05 21:00:08 - [TEST_STEP][PASSED] - errorMess = getText(findTestObject("Object Repository/Page_Mattermost_login/label_status_login")): Text of object 'Object Repository/Page_Mattermost_login/label_status_login' is: 'Please enter your email or username'

2020-06-05 21:00:08 - [MESSAGE][PASSED] - Text of object 'Object Repository/Page_Mattermost_login/label_status_login' is: 'Please enter your email or username'

2020-06-05 21:00:08 - [TEST_STEP][PASSED] - verifyEqual(errorMess.contains("Please enter your email or username"), true): Actual object 'true' and expected object 'true' are equal

2020-06-05 21:00:08 - [MESSAGE][PASSED] - Actual object 'true' and expected object 'true' are equal

2020-06-05 21:00:08 - [TEST_STEP][PASSED] - Start tear down : Teardown: Method 'Teardown' complete successfully

2020-06-05 21:00:08 - [TEST_STEP][PASSED] - closeBrowser(): Browser is closed

2020-06-05 21:00:09 - [MESSAGE][PASSED] - Browser is closed

2020-06-05 21:00:09 - [MESSAGE][PASSED] - Method 'Teardown' complete successfully]]></system-out>
         <system-err><![CDATA[]]></system-err>
      </testcase>
      <testcase name="Test Cases/Login/TC_login_01" time="8.544" classname="Test Cases/Login/TC_login_01" status="PASSED">
         <system-out><![CDATA[2020-06-05 21:00:09 - [TEST_CASE][PASSED] - Test Cases/Login/TC_login_01: Test Cases/Login/TC_login_01

2020-06-05 21:00:09 - [TEST_STEP][PASSED] - Start setup action : Setup: Method 'Setup' complete successfully

2020-06-05 21:00:09 - [TEST_STEP][PASSED] - openBrowser("http://192.168.1.10:8065/login"): Browser is opened with url: 'http://192.168.1.10:8065/login'

2020-06-05 21:00:09 - [MESSAGE][INFO] - Starting 'Firefox' driver

2020-06-05 21:00:09 - [MESSAGE][INFO] - Action delay is set to 0 milliseconds

2020-06-05 21:00:14 - [MESSAGE][PASSED] - Browser is opened with url: 'http://192.168.1.10:8065/login'

2020-06-05 21:00:14 - [MESSAGE][PASSED] - Method 'Setup' complete successfully

2020-06-05 21:00:14 - [TEST_STEP][PASSED] - callTestCase(findTestCase("Test Cases/Login/login_function"), ["var_user":var_email, "var_password":var_password], STOP_ON_FAILURE): Call Test Case 'Test Cases/Login/login_function' successfully

2020-06-05 21:00:14 - [TEST_CASE][PASSED] - Test Cases/Login/login_function: Test Cases/Login/login_function

2020-06-05 21:00:14 - [TEST_STEP][PASSED] - setText(findTestObject("Object Repository/Page_Mattermost_login/input_loginId"), var_user): Text '' is set on object 'Object Repository/Page_Mattermost_login/input_loginId'

2020-06-05 21:00:15 - [MESSAGE][PASSED] - Text '' is set on object 'Object Repository/Page_Mattermost_login/input_loginId'

2020-06-05 21:00:15 - [TEST_STEP][PASSED] - setText(findTestObject("Object Repository/Page_Mattermost_login/input_password"), var_password): Text 'asbcd11782' is set on object 'Object Repository/Page_Mattermost_login/input_password'

2020-06-05 21:00:16 - [MESSAGE][PASSED] - Text 'asbcd11782' is set on object 'Object Repository/Page_Mattermost_login/input_password'

2020-06-05 21:00:16 - [TEST_STEP][PASSED] - click(findTestObject("Object Repository/Page_Mattermost_login/span_Sign in")): Object: 'Object Repository/Page_Mattermost_login/span_Sign in' is clicked on

2020-06-05 21:00:16 - [MESSAGE][PASSED] - Object: 'Object Repository/Page_Mattermost_login/span_Sign in' is clicked on

2020-06-05 21:00:16 - [MESSAGE][PASSED] - Call Test Case 'Test Cases/Login/login_function' successfully

2020-06-05 21:00:16 - [TEST_STEP][PASSED] - errorMess = getText(findTestObject("Object Repository/Page_Mattermost_login/label_status_login")): Text of object 'Object Repository/Page_Mattermost_login/label_status_login' is: 'Please enter your email or username'

2020-06-05 21:00:17 - [MESSAGE][PASSED] - Text of object 'Object Repository/Page_Mattermost_login/label_status_login' is: 'Please enter your email or username'

2020-06-05 21:00:17 - [TEST_STEP][PASSED] - verifyEqual(errorMess.contains("Please enter your email or username"), true): Actual object 'true' and expected object 'true' are equal

2020-06-05 21:00:17 - [MESSAGE][PASSED] - Actual object 'true' and expected object 'true' are equal

2020-06-05 21:00:17 - [TEST_STEP][PASSED] - Start tear down : Teardown: Method 'Teardown' complete successfully

2020-06-05 21:00:17 - [TEST_STEP][PASSED] - closeBrowser(): Browser is closed

2020-06-05 21:00:18 - [MESSAGE][PASSED] - Browser is closed

2020-06-05 21:00:18 - [MESSAGE][PASSED] - Method 'Teardown' complete successfully]]></system-out>
         <system-err><![CDATA[]]></system-err>
      </testcase>
      <testcase name="Test Cases/Login/TC_login_02" time="8.816" classname="Test Cases/Login/TC_login_02" status="PASSED">
         <system-out><![CDATA[2020-06-05 21:00:18 - [TEST_CASE][PASSED] - Test Cases/Login/TC_login_02: Test Cases/Login/TC_login_02

2020-06-05 21:00:18 - [TEST_STEP][PASSED] - Start setup action : Setup: Method 'Setup' complete successfully

2020-06-05 21:00:18 - [TEST_STEP][PASSED] - openBrowser("http://192.168.1.10:8065/login"): Browser is opened with url: 'http://192.168.1.10:8065/login'

2020-06-05 21:00:18 - [MESSAGE][INFO] - Starting 'Firefox' driver

2020-06-05 21:00:18 - [MESSAGE][INFO] - Action delay is set to 0 milliseconds

2020-06-05 21:00:22 - [MESSAGE][PASSED] - Browser is opened with url: 'http://192.168.1.10:8065/login'

2020-06-05 21:00:22 - [MESSAGE][PASSED] - Method 'Setup' complete successfully

2020-06-05 21:00:22 - [TEST_STEP][PASSED] - callTestCase(findTestCase("Test Cases/Login/login_function"), ["var_user":var_email, "var_password":var_password], STOP_ON_FAILURE): Call Test Case 'Test Cases/Login/login_function' successfully

2020-06-05 21:00:23 - [TEST_CASE][PASSED] - Test Cases/Login/login_function: Test Cases/Login/login_function

2020-06-05 21:00:23 - [TEST_STEP][PASSED] - setText(findTestObject("Object Repository/Page_Mattermost_login/input_loginId"), var_user): Text 'cuong' is set on object 'Object Repository/Page_Mattermost_login/input_loginId'

2020-06-05 21:00:24 - [MESSAGE][PASSED] - Text 'cuong' is set on object 'Object Repository/Page_Mattermost_login/input_loginId'

2020-06-05 21:00:24 - [TEST_STEP][PASSED] - setText(findTestObject("Object Repository/Page_Mattermost_login/input_password"), var_password): Text '' is set on object 'Object Repository/Page_Mattermost_login/input_password'

2020-06-05 21:00:25 - [MESSAGE][PASSED] - Text '' is set on object 'Object Repository/Page_Mattermost_login/input_password'

2020-06-05 21:00:25 - [TEST_STEP][PASSED] - click(findTestObject("Object Repository/Page_Mattermost_login/span_Sign in")): Object: 'Object Repository/Page_Mattermost_login/span_Sign in' is clicked on

2020-06-05 21:00:25 - [MESSAGE][PASSED] - Object: 'Object Repository/Page_Mattermost_login/span_Sign in' is clicked on

2020-06-05 21:00:25 - [MESSAGE][PASSED] - Call Test Case 'Test Cases/Login/login_function' successfully

2020-06-05 21:00:25 - [TEST_STEP][PASSED] - errorMess = getText(findTestObject("Object Repository/Page_Mattermost_login/label_status_login")): Text of object 'Object Repository/Page_Mattermost_login/label_status_login' is: 'Please enter your password'

2020-06-05 21:00:26 - [MESSAGE][PASSED] - Text of object 'Object Repository/Page_Mattermost_login/label_status_login' is: 'Please enter your password'

2020-06-05 21:00:26 - [TEST_STEP][PASSED] - verifyEqual(errorMess.contains("Please enter your password"), true): Actual object 'true' and expected object 'true' are equal

2020-06-05 21:00:26 - [MESSAGE][PASSED] - Actual object 'true' and expected object 'true' are equal

2020-06-05 21:00:26 - [TEST_STEP][PASSED] - Start tear down : Teardown: Method 'Teardown' complete successfully

2020-06-05 21:00:26 - [TEST_STEP][PASSED] - closeBrowser(): Browser is closed

2020-06-05 21:00:27 - [MESSAGE][PASSED] - Browser is closed

2020-06-05 21:00:27 - [MESSAGE][PASSED] - Method 'Teardown' complete successfully]]></system-out>
         <system-err><![CDATA[]]></system-err>
      </testcase>
      <testcase name="Test Cases/Login/TC_login_02" time="8.581" classname="Test Cases/Login/TC_login_02" status="PASSED">
         <system-out><![CDATA[2020-06-05 21:00:27 - [TEST_CASE][PASSED] - Test Cases/Login/TC_login_02: Test Cases/Login/TC_login_02

2020-06-05 21:00:27 - [TEST_STEP][PASSED] - Start setup action : Setup: Method 'Setup' complete successfully

2020-06-05 21:00:27 - [TEST_STEP][PASSED] - openBrowser("http://192.168.1.10:8065/login"): Browser is opened with url: 'http://192.168.1.10:8065/login'

2020-06-05 21:00:27 - [MESSAGE][INFO] - Starting 'Firefox' driver

2020-06-05 21:00:27 - [MESSAGE][INFO] - Action delay is set to 0 milliseconds

2020-06-05 21:00:31 - [MESSAGE][PASSED] - Browser is opened with url: 'http://192.168.1.10:8065/login'

2020-06-05 21:00:31 - [MESSAGE][PASSED] - Method 'Setup' complete successfully

2020-06-05 21:00:31 - [TEST_STEP][PASSED] - callTestCase(findTestCase("Test Cases/Login/login_function"), ["var_user":var_email, "var_password":var_password], STOP_ON_FAILURE): Call Test Case 'Test Cases/Login/login_function' successfully

2020-06-05 21:00:31 - [TEST_CASE][PASSED] - Test Cases/Login/login_function: Test Cases/Login/login_function

2020-06-05 21:00:31 - [TEST_STEP][PASSED] - setText(findTestObject("Object Repository/Page_Mattermost_login/input_loginId"), var_user): Text 'bao' is set on object 'Object Repository/Page_Mattermost_login/input_loginId'

2020-06-05 21:00:33 - [MESSAGE][PASSED] - Text 'bao' is set on object 'Object Repository/Page_Mattermost_login/input_loginId'

2020-06-05 21:00:33 - [TEST_STEP][PASSED] - setText(findTestObject("Object Repository/Page_Mattermost_login/input_password"), var_password): Text '' is set on object 'Object Repository/Page_Mattermost_login/input_password'

2020-06-05 21:00:33 - [MESSAGE][PASSED] - Text '' is set on object 'Object Repository/Page_Mattermost_login/input_password'

2020-06-05 21:00:33 - [TEST_STEP][PASSED] - click(findTestObject("Object Repository/Page_Mattermost_login/span_Sign in")): Object: 'Object Repository/Page_Mattermost_login/span_Sign in' is clicked on

2020-06-05 21:00:34 - [MESSAGE][PASSED] - Object: 'Object Repository/Page_Mattermost_login/span_Sign in' is clicked on

2020-06-05 21:00:34 - [MESSAGE][PASSED] - Call Test Case 'Test Cases/Login/login_function' successfully

2020-06-05 21:00:34 - [TEST_STEP][PASSED] - errorMess = getText(findTestObject("Object Repository/Page_Mattermost_login/label_status_login")): Text of object 'Object Repository/Page_Mattermost_login/label_status_login' is: 'Please enter your password'

2020-06-05 21:00:34 - [MESSAGE][PASSED] - Text of object 'Object Repository/Page_Mattermost_login/label_status_login' is: 'Please enter your password'

2020-06-05 21:00:34 - [TEST_STEP][PASSED] - verifyEqual(errorMess.contains("Please enter your password"), true): Actual object 'true' and expected object 'true' are equal

2020-06-05 21:00:34 - [MESSAGE][PASSED] - Actual object 'true' and expected object 'true' are equal

2020-06-05 21:00:34 - [TEST_STEP][PASSED] - Start tear down : Teardown: Method 'Teardown' complete successfully

2020-06-05 21:00:34 - [TEST_STEP][PASSED] - closeBrowser(): Browser is closed

2020-06-05 21:00:35 - [MESSAGE][PASSED] - Browser is closed

2020-06-05 21:00:35 - [MESSAGE][PASSED] - Method 'Teardown' complete successfully]]></system-out>
         <system-err><![CDATA[]]></system-err>
      </testcase>
      <testcase name="Test Cases/Login/TC_login_02" time="9.093" classname="Test Cases/Login/TC_login_02" status="PASSED">
         <system-out><![CDATA[2020-06-05 21:00:35 - [TEST_CASE][PASSED] - Test Cases/Login/TC_login_02: Test Cases/Login/TC_login_02

2020-06-05 21:00:35 - [TEST_STEP][PASSED] - Start setup action : Setup: Method 'Setup' complete successfully

2020-06-05 21:00:35 - [TEST_STEP][PASSED] - openBrowser("http://192.168.1.10:8065/login"): Browser is opened with url: 'http://192.168.1.10:8065/login'

2020-06-05 21:00:35 - [MESSAGE][INFO] - Starting 'Firefox' driver

2020-06-05 21:00:35 - [MESSAGE][INFO] - Action delay is set to 0 milliseconds

2020-06-05 21:00:40 - [MESSAGE][PASSED] - Browser is opened with url: 'http://192.168.1.10:8065/login'

2020-06-05 21:00:40 - [MESSAGE][PASSED] - Method 'Setup' complete successfully

2020-06-05 21:00:40 - [TEST_STEP][PASSED] - callTestCase(findTestCase("Test Cases/Login/login_function"), ["var_user":var_email, "var_password":var_password], STOP_ON_FAILURE): Call Test Case 'Test Cases/Login/login_function' successfully

2020-06-05 21:00:40 - [TEST_CASE][PASSED] - Test Cases/Login/login_function: Test Cases/Login/login_function

2020-06-05 21:00:40 - [TEST_STEP][PASSED] - setText(findTestObject("Object Repository/Page_Mattermost_login/input_loginId"), var_user): Text 'hien' is set on object 'Object Repository/Page_Mattermost_login/input_loginId'

2020-06-05 21:00:42 - [MESSAGE][PASSED] - Text 'hien' is set on object 'Object Repository/Page_Mattermost_login/input_loginId'

2020-06-05 21:00:42 - [TEST_STEP][PASSED] - setText(findTestObject("Object Repository/Page_Mattermost_login/input_password"), var_password): Text '' is set on object 'Object Repository/Page_Mattermost_login/input_password'

2020-06-05 21:00:42 - [MESSAGE][PASSED] - Text '' is set on object 'Object Repository/Page_Mattermost_login/input_password'

2020-06-05 21:00:42 - [TEST_STEP][PASSED] - click(findTestObject("Object Repository/Page_Mattermost_login/span_Sign in")): Object: 'Object Repository/Page_Mattermost_login/span_Sign in' is clicked on

2020-06-05 21:00:43 - [MESSAGE][PASSED] - Object: 'Object Repository/Page_Mattermost_login/span_Sign in' is clicked on

2020-06-05 21:00:43 - [MESSAGE][PASSED] - Call Test Case 'Test Cases/Login/login_function' successfully

2020-06-05 21:00:43 - [TEST_STEP][PASSED] - errorMess = getText(findTestObject("Object Repository/Page_Mattermost_login/label_status_login")): Text of object 'Object Repository/Page_Mattermost_login/label_status_login' is: 'Please enter your password'

2020-06-05 21:00:43 - [MESSAGE][PASSED] - Text of object 'Object Repository/Page_Mattermost_login/label_status_login' is: 'Please enter your password'

2020-06-05 21:00:43 - [TEST_STEP][PASSED] - verifyEqual(errorMess.contains("Please enter your password"), true): Actual object 'true' and expected object 'true' are equal

2020-06-05 21:00:43 - [MESSAGE][PASSED] - Actual object 'true' and expected object 'true' are equal

2020-06-05 21:00:43 - [TEST_STEP][PASSED] - Start tear down : Teardown: Method 'Teardown' complete successfully

2020-06-05 21:00:43 - [TEST_STEP][PASSED] - closeBrowser(): Browser is closed

2020-06-05 21:00:44 - [MESSAGE][PASSED] - Browser is closed

2020-06-05 21:00:44 - [MESSAGE][PASSED] - Method 'Teardown' complete successfully]]></system-out>
         <system-err><![CDATA[]]></system-err>
      </testcase>
      <testcase name="Test Cases/Login/TC_login_02" time="8.575" classname="Test Cases/Login/TC_login_02" status="PASSED">
         <system-out><![CDATA[2020-06-05 21:00:44 - [TEST_CASE][PASSED] - Test Cases/Login/TC_login_02: Test Cases/Login/TC_login_02

2020-06-05 21:00:44 - [TEST_STEP][PASSED] - Start setup action : Setup: Method 'Setup' complete successfully

2020-06-05 21:00:44 - [TEST_STEP][PASSED] - openBrowser("http://192.168.1.10:8065/login"): Browser is opened with url: 'http://192.168.1.10:8065/login'

2020-06-05 21:00:44 - [MESSAGE][INFO] - Starting 'Firefox' driver

2020-06-05 21:00:44 - [MESSAGE][INFO] - Action delay is set to 0 milliseconds

2020-06-05 21:00:49 - [MESSAGE][PASSED] - Browser is opened with url: 'http://192.168.1.10:8065/login'

2020-06-05 21:00:49 - [MESSAGE][PASSED] - Method 'Setup' complete successfully

2020-06-05 21:00:49 - [TEST_STEP][PASSED] - callTestCase(findTestCase("Test Cases/Login/login_function"), ["var_user":var_email, "var_password":var_password], STOP_ON_FAILURE): Call Test Case 'Test Cases/Login/login_function' successfully

2020-06-05 21:00:49 - [TEST_CASE][PASSED] - Test Cases/Login/login_function: Test Cases/Login/login_function

2020-06-05 21:00:49 - [TEST_STEP][PASSED] - setText(findTestObject("Object Repository/Page_Mattermost_login/input_loginId"), var_user): Text 'danh' is set on object 'Object Repository/Page_Mattermost_login/input_loginId'

2020-06-05 21:00:50 - [MESSAGE][PASSED] - Text 'danh' is set on object 'Object Repository/Page_Mattermost_login/input_loginId'

2020-06-05 21:00:50 - [TEST_STEP][PASSED] - setText(findTestObject("Object Repository/Page_Mattermost_login/input_password"), var_password): Text '' is set on object 'Object Repository/Page_Mattermost_login/input_password'

2020-06-05 21:00:51 - [MESSAGE][PASSED] - Text '' is set on object 'Object Repository/Page_Mattermost_login/input_password'

2020-06-05 21:00:51 - [TEST_STEP][PASSED] - click(findTestObject("Object Repository/Page_Mattermost_login/span_Sign in")): Object: 'Object Repository/Page_Mattermost_login/span_Sign in' is clicked on

2020-06-05 21:00:52 - [MESSAGE][PASSED] - Object: 'Object Repository/Page_Mattermost_login/span_Sign in' is clicked on

2020-06-05 21:00:52 - [MESSAGE][PASSED] - Call Test Case 'Test Cases/Login/login_function' successfully

2020-06-05 21:00:52 - [TEST_STEP][PASSED] - errorMess = getText(findTestObject("Object Repository/Page_Mattermost_login/label_status_login")): Text of object 'Object Repository/Page_Mattermost_login/label_status_login' is: 'Please enter your password'

2020-06-05 21:00:52 - [MESSAGE][PASSED] - Text of object 'Object Repository/Page_Mattermost_login/label_status_login' is: 'Please enter your password'

2020-06-05 21:00:52 - [TEST_STEP][PASSED] - verifyEqual(errorMess.contains("Please enter your password"), true): Actual object 'true' and expected object 'true' are equal

2020-06-05 21:00:52 - [MESSAGE][PASSED] - Actual object 'true' and expected object 'true' are equal

2020-06-05 21:00:52 - [TEST_STEP][PASSED] - Start tear down : Teardown: Method 'Teardown' complete successfully

2020-06-05 21:00:52 - [TEST_STEP][PASSED] - closeBrowser(): Browser is closed

2020-06-05 21:00:53 - [MESSAGE][PASSED] - Browser is closed

2020-06-05 21:00:53 - [MESSAGE][PASSED] - Method 'Teardown' complete successfully]]></system-out>
         <system-err><![CDATA[]]></system-err>
      </testcase>
      <testcase name="Test Cases/Login/TC_login_02" time="8.648" classname="Test Cases/Login/TC_login_02" status="PASSED">
         <system-out><![CDATA[2020-06-05 21:00:53 - [TEST_CASE][PASSED] - Test Cases/Login/TC_login_02: Test Cases/Login/TC_login_02

2020-06-05 21:00:53 - [TEST_STEP][PASSED] - Start setup action : Setup: Method 'Setup' complete successfully

2020-06-05 21:00:53 - [TEST_STEP][PASSED] - openBrowser("http://192.168.1.10:8065/login"): Browser is opened with url: 'http://192.168.1.10:8065/login'

2020-06-05 21:00:53 - [MESSAGE][INFO] - Starting 'Firefox' driver

2020-06-05 21:00:53 - [MESSAGE][INFO] - Action delay is set to 0 milliseconds

2020-06-05 21:00:57 - [MESSAGE][PASSED] - Browser is opened with url: 'http://192.168.1.10:8065/login'

2020-06-05 21:00:57 - [MESSAGE][PASSED] - Method 'Setup' complete successfully

2020-06-05 21:00:57 - [TEST_STEP][PASSED] - callTestCase(findTestCase("Test Cases/Login/login_function"), ["var_user":var_email, "var_password":var_password], STOP_ON_FAILURE): Call Test Case 'Test Cases/Login/login_function' successfully

2020-06-05 21:00:58 - [TEST_CASE][PASSED] - Test Cases/Login/login_function: Test Cases/Login/login_function

2020-06-05 21:00:58 - [TEST_STEP][PASSED] - setText(findTestObject("Object Repository/Page_Mattermost_login/input_loginId"), var_user): Text 'baophamthien241098' is set on object 'Object Repository/Page_Mattermost_login/input_loginId'

2020-06-05 21:00:59 - [MESSAGE][PASSED] - Text 'baophamthien241098' is set on object 'Object Repository/Page_Mattermost_login/input_loginId'

2020-06-05 21:00:59 - [TEST_STEP][PASSED] - setText(findTestObject("Object Repository/Page_Mattermost_login/input_password"), var_password): Text '' is set on object 'Object Repository/Page_Mattermost_login/input_password'

2020-06-05 21:01:00 - [MESSAGE][PASSED] - Text '' is set on object 'Object Repository/Page_Mattermost_login/input_password'

2020-06-05 21:01:00 - [TEST_STEP][PASSED] - click(findTestObject("Object Repository/Page_Mattermost_login/span_Sign in")): Object: 'Object Repository/Page_Mattermost_login/span_Sign in' is clicked on

2020-06-05 21:01:00 - [MESSAGE][PASSED] - Object: 'Object Repository/Page_Mattermost_login/span_Sign in' is clicked on

2020-06-05 21:01:00 - [MESSAGE][PASSED] - Call Test Case 'Test Cases/Login/login_function' successfully

2020-06-05 21:01:00 - [TEST_STEP][PASSED] - errorMess = getText(findTestObject("Object Repository/Page_Mattermost_login/label_status_login")): Text of object 'Object Repository/Page_Mattermost_login/label_status_login' is: 'Please enter your password'

2020-06-05 21:01:01 - [MESSAGE][PASSED] - Text of object 'Object Repository/Page_Mattermost_login/label_status_login' is: 'Please enter your password'

2020-06-05 21:01:01 - [TEST_STEP][PASSED] - verifyEqual(errorMess.contains("Please enter your password"), true): Actual object 'true' and expected object 'true' are equal

2020-06-05 21:01:01 - [MESSAGE][PASSED] - Actual object 'true' and expected object 'true' are equal

2020-06-05 21:01:01 - [TEST_STEP][PASSED] - Start tear down : Teardown: Method 'Teardown' complete successfully

2020-06-05 21:01:01 - [TEST_STEP][PASSED] - closeBrowser(): Browser is closed

2020-06-05 21:01:01 - [MESSAGE][PASSED] - Browser is closed

2020-06-05 21:01:01 - [MESSAGE][PASSED] - Method 'Teardown' complete successfully]]></system-out>
         <system-err><![CDATA[]]></system-err>
      </testcase>
      <testcase name="Test Cases/Login/TC_login_03" time="9.142" classname="Test Cases/Login/TC_login_03" status="PASSED">
         <system-out><![CDATA[2020-06-05 21:01:01 - [TEST_CASE][PASSED] - Test Cases/Login/TC_login_03: Test Cases/Login/TC_login_03

2020-06-05 21:01:01 - [TEST_STEP][PASSED] - Start setup action : Setup: Method 'Setup' complete successfully

2020-06-05 21:01:02 - [TEST_STEP][PASSED] - openBrowser("http://192.168.1.10:8065/login"): Browser is opened with url: 'http://192.168.1.10:8065/login'

2020-06-05 21:01:02 - [MESSAGE][INFO] - Starting 'Firefox' driver

2020-06-05 21:01:02 - [MESSAGE][INFO] - Action delay is set to 0 milliseconds

2020-06-05 21:01:06 - [MESSAGE][PASSED] - Browser is opened with url: 'http://192.168.1.10:8065/login'

2020-06-05 21:01:06 - [MESSAGE][PASSED] - Method 'Setup' complete successfully

2020-06-05 21:01:06 - [TEST_STEP][PASSED] - callTestCase(findTestCase("Test Cases/Login/login_function"), ["var_user":var_email, "var_password":var_password], STOP_ON_FAILURE): Call Test Case 'Test Cases/Login/login_function' successfully

2020-06-05 21:01:06 - [TEST_CASE][PASSED] - Test Cases/Login/login_function: Test Cases/Login/login_function

2020-06-05 21:01:06 - [TEST_STEP][PASSED] - setText(findTestObject("Object Repository/Page_Mattermost_login/input_loginId"), var_user): Text 'danh' is set on object 'Object Repository/Page_Mattermost_login/input_loginId'

2020-06-05 21:01:08 - [MESSAGE][PASSED] - Text 'danh' is set on object 'Object Repository/Page_Mattermost_login/input_loginId'

2020-06-05 21:01:08 - [TEST_STEP][PASSED] - setText(findTestObject("Object Repository/Page_Mattermost_login/input_password"), var_password): Text 'matkhausai' is set on object 'Object Repository/Page_Mattermost_login/input_password'

2020-06-05 21:01:08 - [MESSAGE][PASSED] - Text 'matkhausai' is set on object 'Object Repository/Page_Mattermost_login/input_password'

2020-06-05 21:01:08 - [TEST_STEP][PASSED] - click(findTestObject("Object Repository/Page_Mattermost_login/span_Sign in")): Object: 'Object Repository/Page_Mattermost_login/span_Sign in' is clicked on

2020-06-05 21:01:09 - [MESSAGE][PASSED] - Object: 'Object Repository/Page_Mattermost_login/span_Sign in' is clicked on

2020-06-05 21:01:09 - [MESSAGE][PASSED] - Call Test Case 'Test Cases/Login/login_function' successfully

2020-06-05 21:01:09 - [TEST_STEP][PASSED] - errorMess = getText(findTestObject("Object Repository/Page_Mattermost_login/label_status_login")): Text of object 'Object Repository/Page_Mattermost_login/label_status_login' is: 'Enter a valid email or username and/or password.'

2020-06-05 21:01:10 - [MESSAGE][PASSED] - Text of object 'Object Repository/Page_Mattermost_login/label_status_login' is: 'Enter a valid email or username and/or password.'

2020-06-05 21:01:10 - [TEST_STEP][PASSED] - verifyEqual(errorMess.contains("Enter a valid email or username and/or password."), true): Actual object 'true' and expected object 'true' are equal

2020-06-05 21:01:10 - [MESSAGE][PASSED] - Actual object 'true' and expected object 'true' are equal

2020-06-05 21:01:10 - [TEST_STEP][PASSED] - Start tear down : Teardown: Method 'Teardown' complete successfully

2020-06-05 21:01:10 - [TEST_STEP][PASSED] - closeBrowser(): Browser is closed

2020-06-05 21:01:11 - [MESSAGE][PASSED] - Browser is closed

2020-06-05 21:01:11 - [MESSAGE][PASSED] - Method 'Teardown' complete successfully]]></system-out>
         <system-err><![CDATA[]]></system-err>
      </testcase>
      <testcase name="Test Cases/Login/TC_login_03" time="9.033" classname="Test Cases/Login/TC_login_03" status="PASSED">
         <system-out><![CDATA[2020-06-05 21:01:11 - [TEST_CASE][PASSED] - Test Cases/Login/TC_login_03: Test Cases/Login/TC_login_03

2020-06-05 21:01:11 - [TEST_STEP][PASSED] - Start setup action : Setup: Method 'Setup' complete successfully

2020-06-05 21:01:11 - [TEST_STEP][PASSED] - openBrowser("http://192.168.1.10:8065/login"): Browser is opened with url: 'http://192.168.1.10:8065/login'

2020-06-05 21:01:11 - [MESSAGE][INFO] - Starting 'Firefox' driver

2020-06-05 21:01:11 - [MESSAGE][INFO] - Action delay is set to 0 milliseconds

2020-06-05 21:01:15 - [MESSAGE][PASSED] - Browser is opened with url: 'http://192.168.1.10:8065/login'

2020-06-05 21:01:15 - [MESSAGE][PASSED] - Method 'Setup' complete successfully

2020-06-05 21:01:15 - [TEST_STEP][PASSED] - callTestCase(findTestCase("Test Cases/Login/login_function"), ["var_user":var_email, "var_password":var_password], STOP_ON_FAILURE): Call Test Case 'Test Cases/Login/login_function' successfully

2020-06-05 21:01:15 - [TEST_CASE][PASSED] - Test Cases/Login/login_function: Test Cases/Login/login_function

2020-06-05 21:01:15 - [TEST_STEP][PASSED] - setText(findTestObject("Object Repository/Page_Mattermost_login/input_loginId"), var_user): Text 'cuong' is set on object 'Object Repository/Page_Mattermost_login/input_loginId'

2020-06-05 21:01:17 - [MESSAGE][PASSED] - Text 'cuong' is set on object 'Object Repository/Page_Mattermost_login/input_loginId'

2020-06-05 21:01:17 - [TEST_STEP][PASSED] - setText(findTestObject("Object Repository/Page_Mattermost_login/input_password"), var_password): Text 'matkhaudung' is set on object 'Object Repository/Page_Mattermost_login/input_password'

2020-06-05 21:01:18 - [MESSAGE][PASSED] - Text 'matkhaudung' is set on object 'Object Repository/Page_Mattermost_login/input_password'

2020-06-05 21:01:18 - [TEST_STEP][PASSED] - click(findTestObject("Object Repository/Page_Mattermost_login/span_Sign in")): Object: 'Object Repository/Page_Mattermost_login/span_Sign in' is clicked on

2020-06-05 21:01:18 - [MESSAGE][PASSED] - Object: 'Object Repository/Page_Mattermost_login/span_Sign in' is clicked on

2020-06-05 21:01:18 - [MESSAGE][PASSED] - Call Test Case 'Test Cases/Login/login_function' successfully

2020-06-05 21:01:18 - [TEST_STEP][PASSED] - errorMess = getText(findTestObject("Object Repository/Page_Mattermost_login/label_status_login")): Text of object 'Object Repository/Page_Mattermost_login/label_status_login' is: 'Enter a valid email or username and/or password.'

2020-06-05 21:01:19 - [MESSAGE][PASSED] - Text of object 'Object Repository/Page_Mattermost_login/label_status_login' is: 'Enter a valid email or username and/or password.'

2020-06-05 21:01:19 - [TEST_STEP][PASSED] - verifyEqual(errorMess.contains("Enter a valid email or username and/or password."), true): Actual object 'true' and expected object 'true' are equal

2020-06-05 21:01:19 - [MESSAGE][PASSED] - Actual object 'true' and expected object 'true' are equal

2020-06-05 21:01:19 - [TEST_STEP][PASSED] - Start tear down : Teardown: Method 'Teardown' complete successfully

2020-06-05 21:01:19 - [TEST_STEP][PASSED] - closeBrowser(): Browser is closed

2020-06-05 21:01:20 - [MESSAGE][PASSED] - Browser is closed

2020-06-05 21:01:20 - [MESSAGE][PASSED] - Method 'Teardown' complete successfully]]></system-out>
         <system-err><![CDATA[]]></system-err>
      </testcase>
      <testcase name="Test Cases/Login/TC_login_03" time="9.63" classname="Test Cases/Login/TC_login_03" status="PASSED">
         <system-out><![CDATA[2020-06-05 21:01:20 - [TEST_CASE][PASSED] - Test Cases/Login/TC_login_03: Test Cases/Login/TC_login_03

2020-06-05 21:01:20 - [TEST_STEP][PASSED] - Start setup action : Setup: Method 'Setup' complete successfully

2020-06-05 21:01:20 - [TEST_STEP][PASSED] - openBrowser("http://192.168.1.10:8065/login"): Browser is opened with url: 'http://192.168.1.10:8065/login'

2020-06-05 21:01:20 - [MESSAGE][INFO] - Starting 'Firefox' driver

2020-06-05 21:01:20 - [MESSAGE][INFO] - Action delay is set to 0 milliseconds

2020-06-05 21:01:24 - [MESSAGE][PASSED] - Browser is opened with url: 'http://192.168.1.10:8065/login'

2020-06-05 21:01:24 - [MESSAGE][PASSED] - Method 'Setup' complete successfully

2020-06-05 21:01:24 - [TEST_STEP][PASSED] - callTestCase(findTestCase("Test Cases/Login/login_function"), ["var_user":var_email, "var_password":var_password], STOP_ON_FAILURE): Call Test Case 'Test Cases/Login/login_function' successfully

2020-06-05 21:01:24 - [TEST_CASE][PASSED] - Test Cases/Login/login_function: Test Cases/Login/login_function

2020-06-05 21:01:24 - [TEST_STEP][PASSED] - setText(findTestObject("Object Repository/Page_Mattermost_login/input_loginId"), var_user): Text 'bao' is set on object 'Object Repository/Page_Mattermost_login/input_loginId'

2020-06-05 21:01:26 - [MESSAGE][PASSED] - Text 'bao' is set on object 'Object Repository/Page_Mattermost_login/input_loginId'

2020-06-05 21:01:26 - [TEST_STEP][PASSED] - setText(findTestObject("Object Repository/Page_Mattermost_login/input_password"), var_password): Text 'kocomatkhau' is set on object 'Object Repository/Page_Mattermost_login/input_password'

2020-06-05 21:01:27 - [MESSAGE][PASSED] - Text 'kocomatkhau' is set on object 'Object Repository/Page_Mattermost_login/input_password'

2020-06-05 21:01:27 - [TEST_STEP][PASSED] - click(findTestObject("Object Repository/Page_Mattermost_login/span_Sign in")): Object: 'Object Repository/Page_Mattermost_login/span_Sign in' is clicked on

2020-06-05 21:01:27 - [MESSAGE][PASSED] - Object: 'Object Repository/Page_Mattermost_login/span_Sign in' is clicked on

2020-06-05 21:01:27 - [MESSAGE][PASSED] - Call Test Case 'Test Cases/Login/login_function' successfully

2020-06-05 21:01:27 - [TEST_STEP][PASSED] - errorMess = getText(findTestObject("Object Repository/Page_Mattermost_login/label_status_login")): Text of object 'Object Repository/Page_Mattermost_login/label_status_login' is: 'Enter a valid email or username and/or password.'

2020-06-05 21:01:28 - [MESSAGE][PASSED] - Text of object 'Object Repository/Page_Mattermost_login/label_status_login' is: 'Enter a valid email or username and/or password.'

2020-06-05 21:01:28 - [TEST_STEP][PASSED] - verifyEqual(errorMess.contains("Enter a valid email or username and/or password."), true): Actual object 'true' and expected object 'true' are equal

2020-06-05 21:01:28 - [MESSAGE][PASSED] - Actual object 'true' and expected object 'true' are equal

2020-06-05 21:01:28 - [TEST_STEP][PASSED] - Start tear down : Teardown: Method 'Teardown' complete successfully

2020-06-05 21:01:28 - [TEST_STEP][PASSED] - closeBrowser(): Browser is closed

2020-06-05 21:01:29 - [MESSAGE][PASSED] - Browser is closed

2020-06-05 21:01:29 - [MESSAGE][PASSED] - Method 'Teardown' complete successfully]]></system-out>
         <system-err><![CDATA[]]></system-err>
      </testcase>
      <testcase name="Test Cases/Login/TC_login_03" time="9.008" classname="Test Cases/Login/TC_login_03" status="PASSED">
         <system-out><![CDATA[2020-06-05 21:01:29 - [TEST_CASE][PASSED] - Test Cases/Login/TC_login_03: Test Cases/Login/TC_login_03

2020-06-05 21:01:29 - [TEST_STEP][PASSED] - Start setup action : Setup: Method 'Setup' complete successfully

2020-06-05 21:01:29 - [TEST_STEP][PASSED] - openBrowser("http://192.168.1.10:8065/login"): Browser is opened with url: 'http://192.168.1.10:8065/login'

2020-06-05 21:01:29 - [MESSAGE][INFO] - Starting 'Firefox' driver

2020-06-05 21:01:29 - [MESSAGE][INFO] - Action delay is set to 0 milliseconds

2020-06-05 21:01:34 - [MESSAGE][PASSED] - Browser is opened with url: 'http://192.168.1.10:8065/login'

2020-06-05 21:01:34 - [MESSAGE][PASSED] - Method 'Setup' complete successfully

2020-06-05 21:01:34 - [TEST_STEP][PASSED] - callTestCase(findTestCase("Test Cases/Login/login_function"), ["var_user":var_email, "var_password":var_password], STOP_ON_FAILURE): Call Test Case 'Test Cases/Login/login_function' successfully

2020-06-05 21:01:34 - [TEST_CASE][PASSED] - Test Cases/Login/login_function: Test Cases/Login/login_function

2020-06-05 21:01:34 - [TEST_STEP][PASSED] - setText(findTestObject("Object Repository/Page_Mattermost_login/input_loginId"), var_user): Text 'hien' is set on object 'Object Repository/Page_Mattermost_login/input_loginId'

2020-06-05 21:01:35 - [MESSAGE][PASSED] - Text 'hien' is set on object 'Object Repository/Page_Mattermost_login/input_loginId'

2020-06-05 21:01:35 - [TEST_STEP][PASSED] - setText(findTestObject("Object Repository/Page_Mattermost_login/input_password"), var_password): Text 'caigilamatkhau' is set on object 'Object Repository/Page_Mattermost_login/input_password'

2020-06-05 21:01:36 - [MESSAGE][PASSED] - Text 'caigilamatkhau' is set on object 'Object Repository/Page_Mattermost_login/input_password'

2020-06-05 21:01:36 - [TEST_STEP][PASSED] - click(findTestObject("Object Repository/Page_Mattermost_login/span_Sign in")): Object: 'Object Repository/Page_Mattermost_login/span_Sign in' is clicked on

2020-06-05 21:01:37 - [MESSAGE][PASSED] - Object: 'Object Repository/Page_Mattermost_login/span_Sign in' is clicked on

2020-06-05 21:01:37 - [MESSAGE][PASSED] - Call Test Case 'Test Cases/Login/login_function' successfully

2020-06-05 21:01:37 - [TEST_STEP][PASSED] - errorMess = getText(findTestObject("Object Repository/Page_Mattermost_login/label_status_login")): Text of object 'Object Repository/Page_Mattermost_login/label_status_login' is: 'Enter a valid email or username and/or password.'

2020-06-05 21:01:37 - [MESSAGE][PASSED] - Text of object 'Object Repository/Page_Mattermost_login/label_status_login' is: 'Enter a valid email or username and/or password.'

2020-06-05 21:01:37 - [TEST_STEP][PASSED] - verifyEqual(errorMess.contains("Enter a valid email or username and/or password."), true): Actual object 'true' and expected object 'true' are equal

2020-06-05 21:01:37 - [MESSAGE][PASSED] - Actual object 'true' and expected object 'true' are equal

2020-06-05 21:01:37 - [TEST_STEP][PASSED] - Start tear down : Teardown: Method 'Teardown' complete successfully

2020-06-05 21:01:37 - [TEST_STEP][PASSED] - closeBrowser(): Browser is closed

2020-06-05 21:01:38 - [MESSAGE][PASSED] - Browser is closed

2020-06-05 21:01:38 - [MESSAGE][PASSED] - Method 'Teardown' complete successfully]]></system-out>
         <system-err><![CDATA[]]></system-err>
      </testcase>
      <testcase name="Test Cases/Login/TC_login_03" time="8.901" classname="Test Cases/Login/TC_login_03" status="PASSED">
         <system-out><![CDATA[2020-06-05 21:01:38 - [TEST_CASE][PASSED] - Test Cases/Login/TC_login_03: Test Cases/Login/TC_login_03

2020-06-05 21:01:38 - [TEST_STEP][PASSED] - Start setup action : Setup: Method 'Setup' complete successfully

2020-06-05 21:01:38 - [TEST_STEP][PASSED] - openBrowser("http://192.168.1.10:8065/login"): Browser is opened with url: 'http://192.168.1.10:8065/login'

2020-06-05 21:01:38 - [MESSAGE][INFO] - Starting 'Firefox' driver

2020-06-05 21:01:38 - [MESSAGE][INFO] - Action delay is set to 0 milliseconds

2020-06-05 21:01:43 - [MESSAGE][PASSED] - Browser is opened with url: 'http://192.168.1.10:8065/login'

2020-06-05 21:01:43 - [MESSAGE][PASSED] - Method 'Setup' complete successfully

2020-06-05 21:01:43 - [TEST_STEP][PASSED] - callTestCase(findTestCase("Test Cases/Login/login_function"), ["var_user":var_email, "var_password":var_password], STOP_ON_FAILURE): Call Test Case 'Test Cases/Login/login_function' successfully

2020-06-05 21:01:43 - [TEST_CASE][PASSED] - Test Cases/Login/login_function: Test Cases/Login/login_function

2020-06-05 21:01:43 - [TEST_STEP][PASSED] - setText(findTestObject("Object Repository/Page_Mattermost_login/input_loginId"), var_user): Text 'baophamthien241098' is set on object 'Object Repository/Page_Mattermost_login/input_loginId'

2020-06-05 21:01:44 - [MESSAGE][PASSED] - Text 'baophamthien241098' is set on object 'Object Repository/Page_Mattermost_login/input_loginId'

2020-06-05 21:01:44 - [TEST_STEP][PASSED] - setText(findTestObject("Object Repository/Page_Mattermost_login/input_password"), var_password): Text 'matkhau' is set on object 'Object Repository/Page_Mattermost_login/input_password'

2020-06-05 21:01:45 - [MESSAGE][PASSED] - Text 'matkhau' is set on object 'Object Repository/Page_Mattermost_login/input_password'

2020-06-05 21:01:45 - [TEST_STEP][PASSED] - click(findTestObject("Object Repository/Page_Mattermost_login/span_Sign in")): Object: 'Object Repository/Page_Mattermost_login/span_Sign in' is clicked on

2020-06-05 21:01:46 - [MESSAGE][PASSED] - Object: 'Object Repository/Page_Mattermost_login/span_Sign in' is clicked on

2020-06-05 21:01:46 - [MESSAGE][PASSED] - Call Test Case 'Test Cases/Login/login_function' successfully

2020-06-05 21:01:46 - [TEST_STEP][PASSED] - errorMess = getText(findTestObject("Object Repository/Page_Mattermost_login/label_status_login")): Text of object 'Object Repository/Page_Mattermost_login/label_status_login' is: 'Enter a valid email or username and/or password.'

2020-06-05 21:01:46 - [MESSAGE][PASSED] - Text of object 'Object Repository/Page_Mattermost_login/label_status_login' is: 'Enter a valid email or username and/or password.'

2020-06-05 21:01:46 - [TEST_STEP][PASSED] - verifyEqual(errorMess.contains("Enter a valid email or username and/or password."), true): Actual object 'true' and expected object 'true' are equal

2020-06-05 21:01:46 - [MESSAGE][PASSED] - Actual object 'true' and expected object 'true' are equal

2020-06-05 21:01:46 - [TEST_STEP][PASSED] - Start tear down : Teardown: Method 'Teardown' complete successfully

2020-06-05 21:01:46 - [TEST_STEP][PASSED] - closeBrowser(): Browser is closed

2020-06-05 21:01:47 - [MESSAGE][PASSED] - Browser is closed

2020-06-05 21:01:47 - [MESSAGE][PASSED] - Method 'Teardown' complete successfully]]></system-out>
         <system-err><![CDATA[]]></system-err>
      </testcase>
      <testcase name="Test Cases/Login/TC_login_04" time="9.016" classname="Test Cases/Login/TC_login_04" status="PASSED">
         <system-out><![CDATA[2020-06-05 21:01:47 - [TEST_CASE][PASSED] - Test Cases/Login/TC_login_04: Test Cases/Login/TC_login_04

2020-06-05 21:01:47 - [TEST_STEP][PASSED] - Start setup action : Setup: Method 'Setup' complete successfully

2020-06-05 21:01:47 - [TEST_STEP][PASSED] - openBrowser("http://192.168.1.10:8065/login"): Browser is opened with url: 'http://192.168.1.10:8065/login'

2020-06-05 21:01:47 - [MESSAGE][INFO] - Starting 'Firefox' driver

2020-06-05 21:01:47 - [MESSAGE][INFO] - Action delay is set to 0 milliseconds

2020-06-05 21:01:52 - [MESSAGE][PASSED] - Browser is opened with url: 'http://192.168.1.10:8065/login'

2020-06-05 21:01:52 - [MESSAGE][PASSED] - Method 'Setup' complete successfully

2020-06-05 21:01:52 - [TEST_STEP][PASSED] - callTestCase(findTestCase("Test Cases/Login/login_function"), ["var_user":"tlvietdanh@gmail.com", "var_password":"13101998"], STOP_ON_FAILURE): Call Test Case 'Test Cases/Login/login_function' successfully

2020-06-05 21:01:52 - [TEST_CASE][PASSED] - Test Cases/Login/login_function: Test Cases/Login/login_function

2020-06-05 21:01:52 - [TEST_STEP][PASSED] - setText(findTestObject("Object Repository/Page_Mattermost_login/input_loginId"), var_user): Text 'tlvietdanh@gmail.com' is set on object 'Object Repository/Page_Mattermost_login/input_loginId'

2020-06-05 21:01:54 - [MESSAGE][PASSED] - Text 'tlvietdanh@gmail.com' is set on object 'Object Repository/Page_Mattermost_login/input_loginId'

2020-06-05 21:01:54 - [TEST_STEP][PASSED] - setText(findTestObject("Object Repository/Page_Mattermost_login/input_password"), var_password): Text '13101998' is set on object 'Object Repository/Page_Mattermost_login/input_password'

2020-06-05 21:01:54 - [MESSAGE][PASSED] - Text '13101998' is set on object 'Object Repository/Page_Mattermost_login/input_password'

2020-06-05 21:01:54 - [TEST_STEP][PASSED] - click(findTestObject("Object Repository/Page_Mattermost_login/span_Sign in")): Object: 'Object Repository/Page_Mattermost_login/span_Sign in' is clicked on

2020-06-05 21:01:55 - [MESSAGE][PASSED] - Object: 'Object Repository/Page_Mattermost_login/span_Sign in' is clicked on

2020-06-05 21:01:55 - [MESSAGE][PASSED] - Call Test Case 'Test Cases/Login/login_function' successfully

2020-06-05 21:01:55 - [TEST_STEP][PASSED] - Start tear down : Teardown: Method 'Teardown' complete successfully

2020-06-05 21:01:55 - [TEST_STEP][PASSED] - closeBrowser(): Browser is closed

2020-06-05 21:01:56 - [MESSAGE][PASSED] - Browser is closed

2020-06-05 21:01:56 - [MESSAGE][PASSED] - Method 'Teardown' complete successfully]]></system-out>
         <system-err><![CDATA[]]></system-err>
      </testcase>
      <testcase name="Test Cases/Create_team" time="15.531" classname="Test Cases/Create_team" status="PASSED">
         <system-out><![CDATA[2020-06-05 21:01:56 - [TEST_CASE][PASSED] - Test Cases/Create_team: Test Cases/Create_team

2020-06-05 21:01:56 - [TEST_STEP][PASSED] - openBrowser(""): Browser is opened with url: ''

2020-06-05 21:01:56 - [MESSAGE][INFO] - Starting 'Firefox' driver

2020-06-05 21:01:56 - [MESSAGE][INFO] - Action delay is set to 0 milliseconds

2020-06-05 21:02:00 - [MESSAGE][PASSED] - Browser is opened with url: ''

2020-06-05 21:02:00 - [TEST_STEP][PASSED] - navigateToUrl(url): Navigate to 'http://192.168.1.10:8065/login' successfully

2020-06-05 21:02:01 - [MESSAGE][PASSED] - Navigate to 'http://192.168.1.10:8065/login' successfully

2020-06-05 21:02:01 - [TEST_STEP][PASSED] - callTestCase(findTestCase("Test Cases/Login/login_function"), ["var_user":"tlvietdanh@gmail.com", "var_password":"13101998"], STOP_ON_FAILURE): Call Test Case 'Test Cases/Login/login_function' successfully

2020-06-05 21:02:01 - [TEST_CASE][PASSED] - Test Cases/Login/login_function: Test Cases/Login/login_function

2020-06-05 21:02:01 - [TEST_STEP][PASSED] - setText(findTestObject("Object Repository/Page_Mattermost_login/input_loginId"), var_user): Text 'tlvietdanh@gmail.com' is set on object 'Object Repository/Page_Mattermost_login/input_loginId'

2020-06-05 21:02:03 - [MESSAGE][PASSED] - Text 'tlvietdanh@gmail.com' is set on object 'Object Repository/Page_Mattermost_login/input_loginId'

2020-06-05 21:02:03 - [TEST_STEP][PASSED] - setText(findTestObject("Object Repository/Page_Mattermost_login/input_password"), var_password): Text '13101998' is set on object 'Object Repository/Page_Mattermost_login/input_password'

2020-06-05 21:02:03 - [MESSAGE][PASSED] - Text '13101998' is set on object 'Object Repository/Page_Mattermost_login/input_password'

2020-06-05 21:02:03 - [TEST_STEP][PASSED] - click(findTestObject("Object Repository/Page_Mattermost_login/span_Sign in")): Object: 'Object Repository/Page_Mattermost_login/span_Sign in' is clicked on

2020-06-05 21:02:04 - [MESSAGE][PASSED] - Object: 'Object Repository/Page_Mattermost_login/span_Sign in' is clicked on

2020-06-05 21:02:04 - [MESSAGE][PASSED] - Call Test Case 'Test Cases/Login/login_function' successfully

2020-06-05 21:02:04 - [TEST_STEP][PASSED] - click(findTestObject("Page_Town Square - asdasd Mattermost/svg (2)")): Object: 'Object Repository/Page_Town Square - asdasd Mattermost/svg (2)' is clicked on

2020-06-05 21:02:07 - [MESSAGE][PASSED] - Object: 'Object Repository/Page_Town Square - asdasd Mattermost/svg (2)' is clicked on

2020-06-05 21:02:07 - [TEST_STEP][PASSED] - click(findTestObject("Object Repository/Page_Town Square - asdasd Mattermost/span_Create a Team")): Object: 'Object Repository/Page_Town Square - asdasd Mattermost/span_Create a Team' is clicked on

2020-06-05 21:02:08 - [MESSAGE][PASSED] - Object: 'Object Repository/Page_Town Square - asdasd Mattermost/span_Create a Team' is clicked on

2020-06-05 21:02:08 - [TEST_STEP][PASSED] - setText(findTestObject("Object Repository/Page_Town Square - asdasd Mattermost/input_Team Name_teamNameInput"), team_name): Text 'hot' is set on object 'Object Repository/Page_Town Square - asdasd Mattermost/input_Team Name_teamNameInput'

2020-06-05 21:02:08 - [MESSAGE][PASSED] - Text 'hot' is set on object 'Object Repository/Page_Town Square - asdasd Mattermost/input_Team Name_teamNameInput'

2020-06-05 21:02:08 - [TEST_STEP][PASSED] - click(findTestObject("Object Repository/Page_Town Square - test Mattermost/button_Next")): Object: 'Object Repository/Page_Town Square - test Mattermost/button_Next' is clicked on

2020-06-05 21:02:09 - [MESSAGE][PASSED] - Object: 'Object Repository/Page_Town Square - test Mattermost/button_Next' is clicked on

2020-06-05 21:02:09 - [TEST_STEP][PASSED] - if (verifyElementPresent(findTestObject("Object Repository/Page_Town Square - button Mattermost/div_bu"), 1, OPTIONAL)): com.kms.katalon.core.webui.exception.WebElementNotFoundException: Web element with id: 'Object Repository/Page_Town Square - button Mattermost/div_bu' located by 'By.xpath: //*[(text() = 'bu' or . = 'bu')]' not found (Root cause: com.kms.katalon.core.exception.StepFailedException: com.kms.katalon.core.webui.exception.WebElementNotFoundException: Web element with id: 'Object Repository/Page_Town Square - button Mattermost/div_bu' located by 'By.xpath: //*[(text() = 'bu' or . = 'bu')]' not found
	at com.kms.katalon.core.webui.keyword.internal.WebUIKeywordMain.stepFailed(WebUIKeywordMain.groovy:64)
	at com.kms.katalon.core.webui.keyword.builtin.VerifyElementPresentKeyword$_verifyElementPresent_closure1.doCall(VerifyElementPresentKeyword.groovy:85)
	at com.kms.katalon.core.webui.keyword.builtin.VerifyElementPresentKeyword$_verifyElementPresent_closure1.call(VerifyElementPresentKeyword.groovy)
	at com.kms.katalon.core.webui.keyword.internal.WebUIKeywordMain.runKeyword(WebUIKeywordMain.groovy:20)
	at com.kms.katalon.core.webui.keyword.builtin.VerifyElementPresentKeyword.verifyElementPresent(VerifyElementPresentKeyword.groovy:92)
	at com.kms.katalon.core.webui.keyword.builtin.VerifyElementPresentKeyword.execute(VerifyElementPresentKeyword.groovy:68)
	at com.kms.katalon.core.keyword.internal.KeywordExecutor.executeKeywordForPlatform(KeywordExecutor.groovy:72)
	at com.kms.katalon.core.webui.keyword.WebUiBuiltInKeywords.verifyElementPresent(WebUiBuiltInKeywords.groovy:1444)
	at com.kms.katalon.core.webui.keyword.WebUiBuiltInKeywords$verifyElementPresent$5.call(Unknown Source)
	at Create_team.run(Create_team:43)
	at com.kms.katalon.core.main.ScriptEngine.run(ScriptEngine.java:194)
	at com.kms.katalon.core.main.ScriptEngine.runScriptAsRawText(ScriptEngine.java:119)
	at com.kms.katalon.core.main.TestCaseExecutor.runScript(TestCaseExecutor.java:337)
	at com.kms.katalon.core.main.TestCaseExecutor.doExecute(TestCaseExecutor.java:328)
	at com.kms.katalon.core.main.TestCaseExecutor.processExecutionPhase(TestCaseExecutor.java:307)
	at com.kms.katalon.core.main.TestCaseExecutor.accessMainPhase(TestCaseExecutor.java:299)
	at com.kms.katalon.core.main.TestCaseExecutor.execute(TestCaseExecutor.java:233)
	at com.kms.katalon.core.main.TestSuiteExecutor.accessTestCaseMainPhase(TestSuiteExecutor.java:169)
	at com.kms.katalon.core.main.TestSuiteExecutor.accessTestSuiteMainPhase(TestSuiteExecutor.java:142)
	at com.kms.katalon.core.main.TestSuiteExecutor.execute(TestSuiteExecutor.java:91)
	at com.kms.katalon.core.main.TestCaseMain.startTestSuite(TestCaseMain.java:157)
	at com.kms.katalon.core.main.TestCaseMain$startTestSuite$0.call(Unknown Source)
	at TempTestSuite1591365428946.run(TempTestSuite1591365428946.groovy:37)
)

2020-06-05 21:02:10 - [MESSAGE][INFO] - Unable to find the element located by 'By.xpath: //*[(text() = 'bu' or . = 'bu')]'. Please recheck the objects properties to make sure the desired element is located. 

2020-06-05 21:02:11 - [MESSAGE][WARNING] - com.kms.katalon.core.webui.exception.WebElementNotFoundException: Web element with id: 'Object Repository/Page_Town Square - button Mattermost/div_bu' located by 'By.xpath: //*[(text() = 'bu' or . = 'bu')]' not found (Root cause: com.kms.katalon.core.exception.StepFailedException: com.kms.katalon.core.webui.exception.WebElementNotFoundException: Web element with id: 'Object Repository/Page_Town Square - button Mattermost/div_bu' located by 'By.xpath: //*[(text() = 'bu' or . = 'bu')]' not found
	at com.kms.katalon.core.webui.keyword.internal.WebUIKeywordMain.stepFailed(WebUIKeywordMain.groovy:64)
	at com.kms.katalon.core.webui.keyword.builtin.VerifyElementPresentKeyword$_verifyElementPresent_closure1.doCall(VerifyElementPresentKeyword.groovy:85)
	at com.kms.katalon.core.webui.keyword.builtin.VerifyElementPresentKeyword$_verifyElementPresent_closure1.call(VerifyElementPresentKeyword.groovy)
	at com.kms.katalon.core.webui.keyword.internal.WebUIKeywordMain.runKeyword(WebUIKeywordMain.groovy:20)
	at com.kms.katalon.core.webui.keyword.builtin.VerifyElementPresentKeyword.verifyElementPresent(VerifyElementPresentKeyword.groovy:92)
	at com.kms.katalon.core.webui.keyword.builtin.VerifyElementPresentKeyword.execute(VerifyElementPresentKeyword.groovy:68)
	at com.kms.katalon.core.keyword.internal.KeywordExecutor.executeKeywordForPlatform(KeywordExecutor.groovy:72)
	at com.kms.katalon.core.webui.keyword.WebUiBuiltInKeywords.verifyElementPresent(WebUiBuiltInKeywords.groovy:1444)
	at com.kms.katalon.core.webui.keyword.WebUiBuiltInKeywords$verifyElementPresent$5.call(Unknown Source)
	at Create_team.run(Create_team:43)
	at com.kms.katalon.core.main.ScriptEngine.run(ScriptEngine.java:194)
	at com.kms.katalon.core.main.ScriptEngine.runScriptAsRawText(ScriptEngine.java:119)
	at com.kms.katalon.core.main.TestCaseExecutor.runScript(TestCaseExecutor.java:337)
	at com.kms.katalon.core.main.TestCaseExecutor.doExecute(TestCaseExecutor.java:328)
	at com.kms.katalon.core.main.TestCaseExecutor.processExecutionPhase(TestCaseExecutor.java:307)
	at com.kms.katalon.core.main.TestCaseExecutor.accessMainPhase(TestCaseExecutor.java:299)
	at com.kms.katalon.core.main.TestCaseExecutor.execute(TestCaseExecutor.java:233)
	at com.kms.katalon.core.main.TestSuiteExecutor.accessTestCaseMainPhase(TestSuiteExecutor.java:169)
	at com.kms.katalon.core.main.TestSuiteExecutor.accessTestSuiteMainPhase(TestSuiteExecutor.java:142)
	at com.kms.katalon.core.main.TestSuiteExecutor.execute(TestSuiteExecutor.java:91)
	at com.kms.katalon.core.main.TestCaseMain.startTestSuite(TestCaseMain.java:157)
	at com.kms.katalon.core.main.TestCaseMain$startTestSuite$0.call(Unknown Source)
	at TempTestSuite1591365428946.run(TempTestSuite1591365428946.groovy:37)
)
[[ATTACHMENT|D:\\katalon\\hw2-katalon-testing\\Reports\\20200605_205708\\Run_All_Test_Cases\\20200605_205708\\1591365730794.png]]

2020-06-05 21:02:11 - [TEST_STEP][PASSED] - closeBrowser(): Browser is closed

2020-06-05 21:02:12 - [MESSAGE][PASSED] - Browser is closed]]></system-out>
         <system-err><![CDATA[]]></system-err>
      </testcase>
      <testcase name="Test Cases/Create_team" time="15.089" classname="Test Cases/Create_team" status="PASSED">
         <system-out><![CDATA[2020-06-05 21:02:12 - [TEST_CASE][PASSED] - Test Cases/Create_team: Test Cases/Create_team

2020-06-05 21:02:12 - [TEST_STEP][PASSED] - openBrowser(""): Browser is opened with url: ''

2020-06-05 21:02:12 - [MESSAGE][INFO] - Starting 'Firefox' driver

2020-06-05 21:02:12 - [MESSAGE][INFO] - Action delay is set to 0 milliseconds

2020-06-05 21:02:16 - [MESSAGE][PASSED] - Browser is opened with url: ''

2020-06-05 21:02:16 - [TEST_STEP][PASSED] - navigateToUrl(url): Navigate to 'http://192.168.1.10:8065/login' successfully

2020-06-05 21:02:17 - [MESSAGE][PASSED] - Navigate to 'http://192.168.1.10:8065/login' successfully

2020-06-05 21:02:17 - [TEST_STEP][PASSED] - callTestCase(findTestCase("Test Cases/Login/login_function"), ["var_user":"tlvietdanh@gmail.com", "var_password":"13101998"], STOP_ON_FAILURE): Call Test Case 'Test Cases/Login/login_function' successfully

2020-06-05 21:02:17 - [TEST_CASE][PASSED] - Test Cases/Login/login_function: Test Cases/Login/login_function

2020-06-05 21:02:17 - [TEST_STEP][PASSED] - setText(findTestObject("Object Repository/Page_Mattermost_login/input_loginId"), var_user): Text 'tlvietdanh@gmail.com' is set on object 'Object Repository/Page_Mattermost_login/input_loginId'

2020-06-05 21:02:19 - [MESSAGE][PASSED] - Text 'tlvietdanh@gmail.com' is set on object 'Object Repository/Page_Mattermost_login/input_loginId'

2020-06-05 21:02:19 - [TEST_STEP][PASSED] - setText(findTestObject("Object Repository/Page_Mattermost_login/input_password"), var_password): Text '13101998' is set on object 'Object Repository/Page_Mattermost_login/input_password'

2020-06-05 21:02:19 - [MESSAGE][PASSED] - Text '13101998' is set on object 'Object Repository/Page_Mattermost_login/input_password'

2020-06-05 21:02:19 - [TEST_STEP][PASSED] - click(findTestObject("Object Repository/Page_Mattermost_login/span_Sign in")): Object: 'Object Repository/Page_Mattermost_login/span_Sign in' is clicked on

2020-06-05 21:02:20 - [MESSAGE][PASSED] - Object: 'Object Repository/Page_Mattermost_login/span_Sign in' is clicked on

2020-06-05 21:02:20 - [MESSAGE][PASSED] - Call Test Case 'Test Cases/Login/login_function' successfully

2020-06-05 21:02:20 - [TEST_STEP][PASSED] - click(findTestObject("Page_Town Square - asdasd Mattermost/svg (2)")): Object: 'Object Repository/Page_Town Square - asdasd Mattermost/svg (2)' is clicked on

2020-06-05 21:02:22 - [MESSAGE][PASSED] - Object: 'Object Repository/Page_Town Square - asdasd Mattermost/svg (2)' is clicked on

2020-06-05 21:02:22 - [TEST_STEP][PASSED] - click(findTestObject("Object Repository/Page_Town Square - asdasd Mattermost/span_Create a Team")): Object: 'Object Repository/Page_Town Square - asdasd Mattermost/span_Create a Team' is clicked on

2020-06-05 21:02:23 - [MESSAGE][PASSED] - Object: 'Object Repository/Page_Town Square - asdasd Mattermost/span_Create a Team' is clicked on

2020-06-05 21:02:23 - [TEST_STEP][PASSED] - setText(findTestObject("Object Repository/Page_Town Square - asdasd Mattermost/input_Team Name_teamNameInput"), team_name): Text 'sport' is set on object 'Object Repository/Page_Town Square - asdasd Mattermost/input_Team Name_teamNameInput'

2020-06-05 21:02:24 - [MESSAGE][PASSED] - Text 'sport' is set on object 'Object Repository/Page_Town Square - asdasd Mattermost/input_Team Name_teamNameInput'

2020-06-05 21:02:24 - [TEST_STEP][PASSED] - click(findTestObject("Object Repository/Page_Town Square - test Mattermost/button_Next")): Object: 'Object Repository/Page_Town Square - test Mattermost/button_Next' is clicked on

2020-06-05 21:02:24 - [MESSAGE][PASSED] - Object: 'Object Repository/Page_Town Square - test Mattermost/button_Next' is clicked on

2020-06-05 21:02:24 - [TEST_STEP][PASSED] - if (verifyElementPresent(findTestObject("Object Repository/Page_Town Square - button Mattermost/div_bu"), 1, OPTIONAL)): com.kms.katalon.core.webui.exception.WebElementNotFoundException: Web element with id: 'Object Repository/Page_Town Square - button Mattermost/div_bu' located by 'By.xpath: //*[(text() = 'bu' or . = 'bu')]' not found (Root cause: com.kms.katalon.core.exception.StepFailedException: com.kms.katalon.core.webui.exception.WebElementNotFoundException: Web element with id: 'Object Repository/Page_Town Square - button Mattermost/div_bu' located by 'By.xpath: //*[(text() = 'bu' or . = 'bu')]' not found
	at com.kms.katalon.core.webui.keyword.internal.WebUIKeywordMain.stepFailed(WebUIKeywordMain.groovy:64)
	at com.kms.katalon.core.webui.keyword.builtin.VerifyElementPresentKeyword$_verifyElementPresent_closure1.doCall(VerifyElementPresentKeyword.groovy:85)
	at com.kms.katalon.core.webui.keyword.builtin.VerifyElementPresentKeyword$_verifyElementPresent_closure1.call(VerifyElementPresentKeyword.groovy)
	at com.kms.katalon.core.webui.keyword.internal.WebUIKeywordMain.runKeyword(WebUIKeywordMain.groovy:20)
	at com.kms.katalon.core.webui.keyword.builtin.VerifyElementPresentKeyword.verifyElementPresent(VerifyElementPresentKeyword.groovy:92)
	at com.kms.katalon.core.webui.keyword.builtin.VerifyElementPresentKeyword.execute(VerifyElementPresentKeyword.groovy:68)
	at com.kms.katalon.core.keyword.internal.KeywordExecutor.executeKeywordForPlatform(KeywordExecutor.groovy:72)
	at com.kms.katalon.core.webui.keyword.WebUiBuiltInKeywords.verifyElementPresent(WebUiBuiltInKeywords.groovy:1444)
	at com.kms.katalon.core.webui.keyword.WebUiBuiltInKeywords$verifyElementPresent$5.call(Unknown Source)
	at Create_team.run(Create_team:43)
	at com.kms.katalon.core.main.ScriptEngine.run(ScriptEngine.java:194)
	at com.kms.katalon.core.main.ScriptEngine.runScriptAsRawText(ScriptEngine.java:119)
	at com.kms.katalon.core.main.TestCaseExecutor.runScript(TestCaseExecutor.java:337)
	at com.kms.katalon.core.main.TestCaseExecutor.doExecute(TestCaseExecutor.java:328)
	at com.kms.katalon.core.main.TestCaseExecutor.processExecutionPhase(TestCaseExecutor.java:307)
	at com.kms.katalon.core.main.TestCaseExecutor.accessMainPhase(TestCaseExecutor.java:299)
	at com.kms.katalon.core.main.TestCaseExecutor.execute(TestCaseExecutor.java:233)
	at com.kms.katalon.core.main.TestSuiteExecutor.accessTestCaseMainPhase(TestSuiteExecutor.java:169)
	at com.kms.katalon.core.main.TestSuiteExecutor.accessTestSuiteMainPhase(TestSuiteExecutor.java:142)
	at com.kms.katalon.core.main.TestSuiteExecutor.execute(TestSuiteExecutor.java:91)
	at com.kms.katalon.core.main.TestCaseMain.startTestSuite(TestCaseMain.java:157)
	at com.kms.katalon.core.main.TestCaseMain$startTestSuite$0.call(Unknown Source)
	at TempTestSuite1591365428946.run(TempTestSuite1591365428946.groovy:37)
)

2020-06-05 21:02:26 - [MESSAGE][INFO] - Unable to find the element located by 'By.xpath: //*[(text() = 'bu' or . = 'bu')]'. Please recheck the objects properties to make sure the desired element is located. 

2020-06-05 21:02:26 - [MESSAGE][WARNING] - com.kms.katalon.core.webui.exception.WebElementNotFoundException: Web element with id: 'Object Repository/Page_Town Square - button Mattermost/div_bu' located by 'By.xpath: //*[(text() = 'bu' or . = 'bu')]' not found (Root cause: com.kms.katalon.core.exception.StepFailedException: com.kms.katalon.core.webui.exception.WebElementNotFoundException: Web element with id: 'Object Repository/Page_Town Square - button Mattermost/div_bu' located by 'By.xpath: //*[(text() = 'bu' or . = 'bu')]' not found
	at com.kms.katalon.core.webui.keyword.internal.WebUIKeywordMain.stepFailed(WebUIKeywordMain.groovy:64)
	at com.kms.katalon.core.webui.keyword.builtin.VerifyElementPresentKeyword$_verifyElementPresent_closure1.doCall(VerifyElementPresentKeyword.groovy:85)
	at com.kms.katalon.core.webui.keyword.builtin.VerifyElementPresentKeyword$_verifyElementPresent_closure1.call(VerifyElementPresentKeyword.groovy)
	at com.kms.katalon.core.webui.keyword.internal.WebUIKeywordMain.runKeyword(WebUIKeywordMain.groovy:20)
	at com.kms.katalon.core.webui.keyword.builtin.VerifyElementPresentKeyword.verifyElementPresent(VerifyElementPresentKeyword.groovy:92)
	at com.kms.katalon.core.webui.keyword.builtin.VerifyElementPresentKeyword.execute(VerifyElementPresentKeyword.groovy:68)
	at com.kms.katalon.core.keyword.internal.KeywordExecutor.executeKeywordForPlatform(KeywordExecutor.groovy:72)
	at com.kms.katalon.core.webui.keyword.WebUiBuiltInKeywords.verifyElementPresent(WebUiBuiltInKeywords.groovy:1444)
	at com.kms.katalon.core.webui.keyword.WebUiBuiltInKeywords$verifyElementPresent$5.call(Unknown Source)
	at Create_team.run(Create_team:43)
	at com.kms.katalon.core.main.ScriptEngine.run(ScriptEngine.java:194)
	at com.kms.katalon.core.main.ScriptEngine.runScriptAsRawText(ScriptEngine.java:119)
	at com.kms.katalon.core.main.TestCaseExecutor.runScript(TestCaseExecutor.java:337)
	at com.kms.katalon.core.main.TestCaseExecutor.doExecute(TestCaseExecutor.java:328)
	at com.kms.katalon.core.main.TestCaseExecutor.processExecutionPhase(TestCaseExecutor.java:307)
	at com.kms.katalon.core.main.TestCaseExecutor.accessMainPhase(TestCaseExecutor.java:299)
	at com.kms.katalon.core.main.TestCaseExecutor.execute(TestCaseExecutor.java:233)
	at com.kms.katalon.core.main.TestSuiteExecutor.accessTestCaseMainPhase(TestSuiteExecutor.java:169)
	at com.kms.katalon.core.main.TestSuiteExecutor.accessTestSuiteMainPhase(TestSuiteExecutor.java:142)
	at com.kms.katalon.core.main.TestSuiteExecutor.execute(TestSuiteExecutor.java:91)
	at com.kms.katalon.core.main.TestCaseMain.startTestSuite(TestCaseMain.java:157)
	at com.kms.katalon.core.main.TestCaseMain$startTestSuite$0.call(Unknown Source)
	at TempTestSuite1591365428946.run(TempTestSuite1591365428946.groovy:37)
)
[[ATTACHMENT|D:\\katalon\\hw2-katalon-testing\\Reports\\20200605_205708\\Run_All_Test_Cases\\20200605_205708\\1591365746247.png]]

2020-06-05 21:02:26 - [TEST_STEP][PASSED] - closeBrowser(): Browser is closed

2020-06-05 21:02:27 - [MESSAGE][PASSED] - Browser is closed]]></system-out>
         <system-err><![CDATA[]]></system-err>
      </testcase>
      <testcase name="Test Cases/Create_team" time="14.696" classname="Test Cases/Create_team" status="PASSED">
         <system-out><![CDATA[2020-06-05 21:02:27 - [TEST_CASE][PASSED] - Test Cases/Create_team: Test Cases/Create_team

2020-06-05 21:02:27 - [TEST_STEP][PASSED] - openBrowser(""): Browser is opened with url: ''

2020-06-05 21:02:27 - [MESSAGE][INFO] - Starting 'Firefox' driver

2020-06-05 21:02:27 - [MESSAGE][INFO] - Action delay is set to 0 milliseconds

2020-06-05 21:02:30 - [MESSAGE][PASSED] - Browser is opened with url: ''

2020-06-05 21:02:30 - [TEST_STEP][PASSED] - navigateToUrl(url): Navigate to 'http://192.168.1.10:8065/login' successfully

2020-06-05 21:02:32 - [MESSAGE][PASSED] - Navigate to 'http://192.168.1.10:8065/login' successfully

2020-06-05 21:02:32 - [TEST_STEP][PASSED] - callTestCase(findTestCase("Test Cases/Login/login_function"), ["var_user":"tlvietdanh@gmail.com", "var_password":"13101998"], STOP_ON_FAILURE): Call Test Case 'Test Cases/Login/login_function' successfully

2020-06-05 21:02:32 - [TEST_CASE][PASSED] - Test Cases/Login/login_function: Test Cases/Login/login_function

2020-06-05 21:02:32 - [TEST_STEP][PASSED] - setText(findTestObject("Object Repository/Page_Mattermost_login/input_loginId"), var_user): Text 'tlvietdanh@gmail.com' is set on object 'Object Repository/Page_Mattermost_login/input_loginId'

2020-06-05 21:02:33 - [MESSAGE][PASSED] - Text 'tlvietdanh@gmail.com' is set on object 'Object Repository/Page_Mattermost_login/input_loginId'

2020-06-05 21:02:33 - [TEST_STEP][PASSED] - setText(findTestObject("Object Repository/Page_Mattermost_login/input_password"), var_password): Text '13101998' is set on object 'Object Repository/Page_Mattermost_login/input_password'

2020-06-05 21:02:34 - [MESSAGE][PASSED] - Text '13101998' is set on object 'Object Repository/Page_Mattermost_login/input_password'

2020-06-05 21:02:34 - [TEST_STEP][PASSED] - click(findTestObject("Object Repository/Page_Mattermost_login/span_Sign in")): Object: 'Object Repository/Page_Mattermost_login/span_Sign in' is clicked on

2020-06-05 21:02:35 - [MESSAGE][PASSED] - Object: 'Object Repository/Page_Mattermost_login/span_Sign in' is clicked on

2020-06-05 21:02:35 - [MESSAGE][PASSED] - Call Test Case 'Test Cases/Login/login_function' successfully

2020-06-05 21:02:35 - [TEST_STEP][PASSED] - click(findTestObject("Page_Town Square - asdasd Mattermost/svg (2)")): Object: 'Object Repository/Page_Town Square - asdasd Mattermost/svg (2)' is clicked on

2020-06-05 21:02:37 - [MESSAGE][PASSED] - Object: 'Object Repository/Page_Town Square - asdasd Mattermost/svg (2)' is clicked on

2020-06-05 21:02:37 - [TEST_STEP][PASSED] - click(findTestObject("Object Repository/Page_Town Square - asdasd Mattermost/span_Create a Team")): Object: 'Object Repository/Page_Town Square - asdasd Mattermost/span_Create a Team' is clicked on

2020-06-05 21:02:38 - [MESSAGE][PASSED] - Object: 'Object Repository/Page_Town Square - asdasd Mattermost/span_Create a Team' is clicked on

2020-06-05 21:02:38 - [TEST_STEP][PASSED] - setText(findTestObject("Object Repository/Page_Town Square - asdasd Mattermost/input_Team Name_teamNameInput"), team_name): Text 'game' is set on object 'Object Repository/Page_Town Square - asdasd Mattermost/input_Team Name_teamNameInput'

2020-06-05 21:02:38 - [MESSAGE][PASSED] - Text 'game' is set on object 'Object Repository/Page_Town Square - asdasd Mattermost/input_Team Name_teamNameInput'

2020-06-05 21:02:38 - [TEST_STEP][PASSED] - click(findTestObject("Object Repository/Page_Town Square - test Mattermost/button_Next")): Object: 'Object Repository/Page_Town Square - test Mattermost/button_Next' is clicked on

2020-06-05 21:02:39 - [MESSAGE][PASSED] - Object: 'Object Repository/Page_Town Square - test Mattermost/button_Next' is clicked on

2020-06-05 21:02:39 - [TEST_STEP][PASSED] - if (verifyElementPresent(findTestObject("Object Repository/Page_Town Square - button Mattermost/div_bu"), 1, OPTIONAL)): com.kms.katalon.core.webui.exception.WebElementNotFoundException: Web element with id: 'Object Repository/Page_Town Square - button Mattermost/div_bu' located by 'By.xpath: //*[(text() = 'bu' or . = 'bu')]' not found (Root cause: com.kms.katalon.core.exception.StepFailedException: com.kms.katalon.core.webui.exception.WebElementNotFoundException: Web element with id: 'Object Repository/Page_Town Square - button Mattermost/div_bu' located by 'By.xpath: //*[(text() = 'bu' or . = 'bu')]' not found
	at com.kms.katalon.core.webui.keyword.internal.WebUIKeywordMain.stepFailed(WebUIKeywordMain.groovy:64)
	at com.kms.katalon.core.webui.keyword.builtin.VerifyElementPresentKeyword$_verifyElementPresent_closure1.doCall(VerifyElementPresentKeyword.groovy:85)
	at com.kms.katalon.core.webui.keyword.builtin.VerifyElementPresentKeyword$_verifyElementPresent_closure1.call(VerifyElementPresentKeyword.groovy)
	at com.kms.katalon.core.webui.keyword.internal.WebUIKeywordMain.runKeyword(WebUIKeywordMain.groovy:20)
	at com.kms.katalon.core.webui.keyword.builtin.VerifyElementPresentKeyword.verifyElementPresent(VerifyElementPresentKeyword.groovy:92)
	at com.kms.katalon.core.webui.keyword.builtin.VerifyElementPresentKeyword.execute(VerifyElementPresentKeyword.groovy:68)
	at com.kms.katalon.core.keyword.internal.KeywordExecutor.executeKeywordForPlatform(KeywordExecutor.groovy:72)
	at com.kms.katalon.core.webui.keyword.WebUiBuiltInKeywords.verifyElementPresent(WebUiBuiltInKeywords.groovy:1444)
	at com.kms.katalon.core.webui.keyword.WebUiBuiltInKeywords$verifyElementPresent$5.call(Unknown Source)
	at Create_team.run(Create_team:43)
	at com.kms.katalon.core.main.ScriptEngine.run(ScriptEngine.java:194)
	at com.kms.katalon.core.main.ScriptEngine.runScriptAsRawText(ScriptEngine.java:119)
	at com.kms.katalon.core.main.TestCaseExecutor.runScript(TestCaseExecutor.java:337)
	at com.kms.katalon.core.main.TestCaseExecutor.doExecute(TestCaseExecutor.java:328)
	at com.kms.katalon.core.main.TestCaseExecutor.processExecutionPhase(TestCaseExecutor.java:307)
	at com.kms.katalon.core.main.TestCaseExecutor.accessMainPhase(TestCaseExecutor.java:299)
	at com.kms.katalon.core.main.TestCaseExecutor.execute(TestCaseExecutor.java:233)
	at com.kms.katalon.core.main.TestSuiteExecutor.accessTestCaseMainPhase(TestSuiteExecutor.java:169)
	at com.kms.katalon.core.main.TestSuiteExecutor.accessTestSuiteMainPhase(TestSuiteExecutor.java:142)
	at com.kms.katalon.core.main.TestSuiteExecutor.execute(TestSuiteExecutor.java:91)
	at com.kms.katalon.core.main.TestCaseMain.startTestSuite(TestCaseMain.java:157)
	at com.kms.katalon.core.main.TestCaseMain$startTestSuite$0.call(Unknown Source)
	at TempTestSuite1591365428946.run(TempTestSuite1591365428946.groovy:37)
)

2020-06-05 21:02:40 - [MESSAGE][INFO] - Unable to find the element located by 'By.xpath: //*[(text() = 'bu' or . = 'bu')]'. Please recheck the objects properties to make sure the desired element is located. 

2020-06-05 21:02:40 - [MESSAGE][WARNING] - com.kms.katalon.core.webui.exception.WebElementNotFoundException: Web element with id: 'Object Repository/Page_Town Square - button Mattermost/div_bu' located by 'By.xpath: //*[(text() = 'bu' or . = 'bu')]' not found (Root cause: com.kms.katalon.core.exception.StepFailedException: com.kms.katalon.core.webui.exception.WebElementNotFoundException: Web element with id: 'Object Repository/Page_Town Square - button Mattermost/div_bu' located by 'By.xpath: //*[(text() = 'bu' or . = 'bu')]' not found
	at com.kms.katalon.core.webui.keyword.internal.WebUIKeywordMain.stepFailed(WebUIKeywordMain.groovy:64)
	at com.kms.katalon.core.webui.keyword.builtin.VerifyElementPresentKeyword$_verifyElementPresent_closure1.doCall(VerifyElementPresentKeyword.groovy:85)
	at com.kms.katalon.core.webui.keyword.builtin.VerifyElementPresentKeyword$_verifyElementPresent_closure1.call(VerifyElementPresentKeyword.groovy)
	at com.kms.katalon.core.webui.keyword.internal.WebUIKeywordMain.runKeyword(WebUIKeywordMain.groovy:20)
	at com.kms.katalon.core.webui.keyword.builtin.VerifyElementPresentKeyword.verifyElementPresent(VerifyElementPresentKeyword.groovy:92)
	at com.kms.katalon.core.webui.keyword.builtin.VerifyElementPresentKeyword.execute(VerifyElementPresentKeyword.groovy:68)
	at com.kms.katalon.core.keyword.internal.KeywordExecutor.executeKeywordForPlatform(KeywordExecutor.groovy:72)
	at com.kms.katalon.core.webui.keyword.WebUiBuiltInKeywords.verifyElementPresent(WebUiBuiltInKeywords.groovy:1444)
	at com.kms.katalon.core.webui.keyword.WebUiBuiltInKeywords$verifyElementPresent$5.call(Unknown Source)
	at Create_team.run(Create_team:43)
	at com.kms.katalon.core.main.ScriptEngine.run(ScriptEngine.java:194)
	at com.kms.katalon.core.main.ScriptEngine.runScriptAsRawText(ScriptEngine.java:119)
	at com.kms.katalon.core.main.TestCaseExecutor.runScript(TestCaseExecutor.java:337)
	at com.kms.katalon.core.main.TestCaseExecutor.doExecute(TestCaseExecutor.java:328)
	at com.kms.katalon.core.main.TestCaseExecutor.processExecutionPhase(TestCaseExecutor.java:307)
	at com.kms.katalon.core.main.TestCaseExecutor.accessMainPhase(TestCaseExecutor.java:299)
	at com.kms.katalon.core.main.TestCaseExecutor.execute(TestCaseExecutor.java:233)
	at com.kms.katalon.core.main.TestSuiteExecutor.accessTestCaseMainPhase(TestSuiteExecutor.java:169)
	at com.kms.katalon.core.main.TestSuiteExecutor.accessTestSuiteMainPhase(TestSuiteExecutor.java:142)
	at com.kms.katalon.core.main.TestSuiteExecutor.execute(TestSuiteExecutor.java:91)
	at com.kms.katalon.core.main.TestCaseMain.startTestSuite(TestCaseMain.java:157)
	at com.kms.katalon.core.main.TestCaseMain$startTestSuite$0.call(Unknown Source)
	at TempTestSuite1591365428946.run(TempTestSuite1591365428946.groovy:37)
)
[[ATTACHMENT|D:\\katalon\\hw2-katalon-testing\\Reports\\20200605_205708\\Run_All_Test_Cases\\20200605_205708\\1591365760913.png]]

2020-06-05 21:02:40 - [TEST_STEP][PASSED] - closeBrowser(): Browser is closed

2020-06-05 21:02:42 - [MESSAGE][PASSED] - Browser is closed]]></system-out>
         <system-err><![CDATA[]]></system-err>
      </testcase>
      <testcase name="Test Cases/Create_team" time="15.153" classname="Test Cases/Create_team" status="PASSED">
         <system-out><![CDATA[2020-06-05 21:02:42 - [TEST_CASE][PASSED] - Test Cases/Create_team: Test Cases/Create_team

2020-06-05 21:02:42 - [TEST_STEP][PASSED] - openBrowser(""): Browser is opened with url: ''

2020-06-05 21:02:42 - [MESSAGE][INFO] - Starting 'Firefox' driver

2020-06-05 21:02:42 - [MESSAGE][INFO] - Action delay is set to 0 milliseconds

2020-06-05 21:02:46 - [MESSAGE][PASSED] - Browser is opened with url: ''

2020-06-05 21:02:46 - [TEST_STEP][PASSED] - navigateToUrl(url): Navigate to 'http://192.168.1.10:8065/login' successfully

2020-06-05 21:02:47 - [MESSAGE][PASSED] - Navigate to 'http://192.168.1.10:8065/login' successfully

2020-06-05 21:02:47 - [TEST_STEP][PASSED] - callTestCase(findTestCase("Test Cases/Login/login_function"), ["var_user":"tlvietdanh@gmail.com", "var_password":"13101998"], STOP_ON_FAILURE): Call Test Case 'Test Cases/Login/login_function' successfully

2020-06-05 21:02:47 - [TEST_CASE][PASSED] - Test Cases/Login/login_function: Test Cases/Login/login_function

2020-06-05 21:02:47 - [TEST_STEP][PASSED] - setText(findTestObject("Object Repository/Page_Mattermost_login/input_loginId"), var_user): Text 'tlvietdanh@gmail.com' is set on object 'Object Repository/Page_Mattermost_login/input_loginId'

2020-06-05 21:02:48 - [MESSAGE][PASSED] - Text 'tlvietdanh@gmail.com' is set on object 'Object Repository/Page_Mattermost_login/input_loginId'

2020-06-05 21:02:48 - [TEST_STEP][PASSED] - setText(findTestObject("Object Repository/Page_Mattermost_login/input_password"), var_password): Text '13101998' is set on object 'Object Repository/Page_Mattermost_login/input_password'

2020-06-05 21:02:49 - [MESSAGE][PASSED] - Text '13101998' is set on object 'Object Repository/Page_Mattermost_login/input_password'

2020-06-05 21:02:49 - [TEST_STEP][PASSED] - click(findTestObject("Object Repository/Page_Mattermost_login/span_Sign in")): Object: 'Object Repository/Page_Mattermost_login/span_Sign in' is clicked on

2020-06-05 21:02:50 - [MESSAGE][PASSED] - Object: 'Object Repository/Page_Mattermost_login/span_Sign in' is clicked on

2020-06-05 21:02:50 - [MESSAGE][PASSED] - Call Test Case 'Test Cases/Login/login_function' successfully

2020-06-05 21:02:50 - [TEST_STEP][PASSED] - click(findTestObject("Page_Town Square - asdasd Mattermost/svg (2)")): Object: 'Object Repository/Page_Town Square - asdasd Mattermost/svg (2)' is clicked on

2020-06-05 21:02:52 - [MESSAGE][PASSED] - Object: 'Object Repository/Page_Town Square - asdasd Mattermost/svg (2)' is clicked on

2020-06-05 21:02:52 - [TEST_STEP][PASSED] - click(findTestObject("Object Repository/Page_Town Square - asdasd Mattermost/span_Create a Team")): Object: 'Object Repository/Page_Town Square - asdasd Mattermost/span_Create a Team' is clicked on

2020-06-05 21:02:53 - [MESSAGE][PASSED] - Object: 'Object Repository/Page_Town Square - asdasd Mattermost/span_Create a Team' is clicked on

2020-06-05 21:02:53 - [TEST_STEP][PASSED] - setText(findTestObject("Object Repository/Page_Town Square - asdasd Mattermost/input_Team Name_teamNameInput"), team_name): Text 'film' is set on object 'Object Repository/Page_Town Square - asdasd Mattermost/input_Team Name_teamNameInput'

2020-06-05 21:02:54 - [MESSAGE][PASSED] - Text 'film' is set on object 'Object Repository/Page_Town Square - asdasd Mattermost/input_Team Name_teamNameInput'

2020-06-05 21:02:54 - [TEST_STEP][PASSED] - click(findTestObject("Object Repository/Page_Town Square - test Mattermost/button_Next")): Object: 'Object Repository/Page_Town Square - test Mattermost/button_Next' is clicked on

2020-06-05 21:02:54 - [MESSAGE][PASSED] - Object: 'Object Repository/Page_Town Square - test Mattermost/button_Next' is clicked on

2020-06-05 21:02:54 - [TEST_STEP][PASSED] - if (verifyElementPresent(findTestObject("Object Repository/Page_Town Square - button Mattermost/div_bu"), 1, OPTIONAL)): com.kms.katalon.core.webui.exception.WebElementNotFoundException: Web element with id: 'Object Repository/Page_Town Square - button Mattermost/div_bu' located by 'By.xpath: //*[(text() = 'bu' or . = 'bu')]' not found (Root cause: com.kms.katalon.core.exception.StepFailedException: com.kms.katalon.core.webui.exception.WebElementNotFoundException: Web element with id: 'Object Repository/Page_Town Square - button Mattermost/div_bu' located by 'By.xpath: //*[(text() = 'bu' or . = 'bu')]' not found
	at com.kms.katalon.core.webui.keyword.internal.WebUIKeywordMain.stepFailed(WebUIKeywordMain.groovy:64)
	at com.kms.katalon.core.webui.keyword.builtin.VerifyElementPresentKeyword$_verifyElementPresent_closure1.doCall(VerifyElementPresentKeyword.groovy:85)
	at com.kms.katalon.core.webui.keyword.builtin.VerifyElementPresentKeyword$_verifyElementPresent_closure1.call(VerifyElementPresentKeyword.groovy)
	at com.kms.katalon.core.webui.keyword.internal.WebUIKeywordMain.runKeyword(WebUIKeywordMain.groovy:20)
	at com.kms.katalon.core.webui.keyword.builtin.VerifyElementPresentKeyword.verifyElementPresent(VerifyElementPresentKeyword.groovy:92)
	at com.kms.katalon.core.webui.keyword.builtin.VerifyElementPresentKeyword.execute(VerifyElementPresentKeyword.groovy:68)
	at com.kms.katalon.core.keyword.internal.KeywordExecutor.executeKeywordForPlatform(KeywordExecutor.groovy:72)
	at com.kms.katalon.core.webui.keyword.WebUiBuiltInKeywords.verifyElementPresent(WebUiBuiltInKeywords.groovy:1444)
	at com.kms.katalon.core.webui.keyword.WebUiBuiltInKeywords$verifyElementPresent$5.call(Unknown Source)
	at Create_team.run(Create_team:43)
	at com.kms.katalon.core.main.ScriptEngine.run(ScriptEngine.java:194)
	at com.kms.katalon.core.main.ScriptEngine.runScriptAsRawText(ScriptEngine.java:119)
	at com.kms.katalon.core.main.TestCaseExecutor.runScript(TestCaseExecutor.java:337)
	at com.kms.katalon.core.main.TestCaseExecutor.doExecute(TestCaseExecutor.java:328)
	at com.kms.katalon.core.main.TestCaseExecutor.processExecutionPhase(TestCaseExecutor.java:307)
	at com.kms.katalon.core.main.TestCaseExecutor.accessMainPhase(TestCaseExecutor.java:299)
	at com.kms.katalon.core.main.TestCaseExecutor.execute(TestCaseExecutor.java:233)
	at com.kms.katalon.core.main.TestSuiteExecutor.accessTestCaseMainPhase(TestSuiteExecutor.java:169)
	at com.kms.katalon.core.main.TestSuiteExecutor.accessTestSuiteMainPhase(TestSuiteExecutor.java:142)
	at com.kms.katalon.core.main.TestSuiteExecutor.execute(TestSuiteExecutor.java:91)
	at com.kms.katalon.core.main.TestCaseMain.startTestSuite(TestCaseMain.java:157)
	at com.kms.katalon.core.main.TestCaseMain$startTestSuite$0.call(Unknown Source)
	at TempTestSuite1591365428946.run(TempTestSuite1591365428946.groovy:37)
)

2020-06-05 21:02:56 - [MESSAGE][INFO] - Unable to find the element located by 'By.xpath: //*[(text() = 'bu' or . = 'bu')]'. Please recheck the objects properties to make sure the desired element is located. 

2020-06-05 21:02:56 - [MESSAGE][WARNING] - com.kms.katalon.core.webui.exception.WebElementNotFoundException: Web element with id: 'Object Repository/Page_Town Square - button Mattermost/div_bu' located by 'By.xpath: //*[(text() = 'bu' or . = 'bu')]' not found (Root cause: com.kms.katalon.core.exception.StepFailedException: com.kms.katalon.core.webui.exception.WebElementNotFoundException: Web element with id: 'Object Repository/Page_Town Square - button Mattermost/div_bu' located by 'By.xpath: //*[(text() = 'bu' or . = 'bu')]' not found
	at com.kms.katalon.core.webui.keyword.internal.WebUIKeywordMain.stepFailed(WebUIKeywordMain.groovy:64)
	at com.kms.katalon.core.webui.keyword.builtin.VerifyElementPresentKeyword$_verifyElementPresent_closure1.doCall(VerifyElementPresentKeyword.groovy:85)
	at com.kms.katalon.core.webui.keyword.builtin.VerifyElementPresentKeyword$_verifyElementPresent_closure1.call(VerifyElementPresentKeyword.groovy)
	at com.kms.katalon.core.webui.keyword.internal.WebUIKeywordMain.runKeyword(WebUIKeywordMain.groovy:20)
	at com.kms.katalon.core.webui.keyword.builtin.VerifyElementPresentKeyword.verifyElementPresent(VerifyElementPresentKeyword.groovy:92)
	at com.kms.katalon.core.webui.keyword.builtin.VerifyElementPresentKeyword.execute(VerifyElementPresentKeyword.groovy:68)
	at com.kms.katalon.core.keyword.internal.KeywordExecutor.executeKeywordForPlatform(KeywordExecutor.groovy:72)
	at com.kms.katalon.core.webui.keyword.WebUiBuiltInKeywords.verifyElementPresent(WebUiBuiltInKeywords.groovy:1444)
	at com.kms.katalon.core.webui.keyword.WebUiBuiltInKeywords$verifyElementPresent$5.call(Unknown Source)
	at Create_team.run(Create_team:43)
	at com.kms.katalon.core.main.ScriptEngine.run(ScriptEngine.java:194)
	at com.kms.katalon.core.main.ScriptEngine.runScriptAsRawText(ScriptEngine.java:119)
	at com.kms.katalon.core.main.TestCaseExecutor.runScript(TestCaseExecutor.java:337)
	at com.kms.katalon.core.main.TestCaseExecutor.doExecute(TestCaseExecutor.java:328)
	at com.kms.katalon.core.main.TestCaseExecutor.processExecutionPhase(TestCaseExecutor.java:307)
	at com.kms.katalon.core.main.TestCaseExecutor.accessMainPhase(TestCaseExecutor.java:299)
	at com.kms.katalon.core.main.TestCaseExecutor.execute(TestCaseExecutor.java:233)
	at com.kms.katalon.core.main.TestSuiteExecutor.accessTestCaseMainPhase(TestSuiteExecutor.java:169)
	at com.kms.katalon.core.main.TestSuiteExecutor.accessTestSuiteMainPhase(TestSuiteExecutor.java:142)
	at com.kms.katalon.core.main.TestSuiteExecutor.execute(TestSuiteExecutor.java:91)
	at com.kms.katalon.core.main.TestCaseMain.startTestSuite(TestCaseMain.java:157)
	at com.kms.katalon.core.main.TestCaseMain$startTestSuite$0.call(Unknown Source)
	at TempTestSuite1591365428946.run(TempTestSuite1591365428946.groovy:37)
)
[[ATTACHMENT|D:\\katalon\\hw2-katalon-testing\\Reports\\20200605_205708\\Run_All_Test_Cases\\20200605_205708\\1591365776083.png]]

2020-06-05 21:02:56 - [TEST_STEP][PASSED] - closeBrowser(): Browser is closed

2020-06-05 21:02:57 - [MESSAGE][PASSED] - Browser is closed]]></system-out>
         <system-err><![CDATA[]]></system-err>
      </testcase>
      <testcase name="Test Cases/Create_team" time="15.038" classname="Test Cases/Create_team" status="PASSED">
         <system-out><![CDATA[2020-06-05 21:02:57 - [TEST_CASE][PASSED] - Test Cases/Create_team: Test Cases/Create_team

2020-06-05 21:02:57 - [TEST_STEP][PASSED] - openBrowser(""): Browser is opened with url: ''

2020-06-05 21:02:57 - [MESSAGE][INFO] - Starting 'Firefox' driver

2020-06-05 21:02:57 - [MESSAGE][INFO] - Action delay is set to 0 milliseconds

2020-06-05 21:03:00 - [MESSAGE][PASSED] - Browser is opened with url: ''

2020-06-05 21:03:00 - [TEST_STEP][PASSED] - navigateToUrl(url): Navigate to 'http://192.168.1.10:8065/login' successfully

2020-06-05 21:03:02 - [MESSAGE][PASSED] - Navigate to 'http://192.168.1.10:8065/login' successfully

2020-06-05 21:03:02 - [TEST_STEP][PASSED] - callTestCase(findTestCase("Test Cases/Login/login_function"), ["var_user":"tlvietdanh@gmail.com", "var_password":"13101998"], STOP_ON_FAILURE): Call Test Case 'Test Cases/Login/login_function' successfully

2020-06-05 21:03:02 - [TEST_CASE][PASSED] - Test Cases/Login/login_function: Test Cases/Login/login_function

2020-06-05 21:03:02 - [TEST_STEP][PASSED] - setText(findTestObject("Object Repository/Page_Mattermost_login/input_loginId"), var_user): Text 'tlvietdanh@gmail.com' is set on object 'Object Repository/Page_Mattermost_login/input_loginId'

2020-06-05 21:03:03 - [MESSAGE][PASSED] - Text 'tlvietdanh@gmail.com' is set on object 'Object Repository/Page_Mattermost_login/input_loginId'

2020-06-05 21:03:03 - [TEST_STEP][PASSED] - setText(findTestObject("Object Repository/Page_Mattermost_login/input_password"), var_password): Text '13101998' is set on object 'Object Repository/Page_Mattermost_login/input_password'

2020-06-05 21:03:04 - [MESSAGE][PASSED] - Text '13101998' is set on object 'Object Repository/Page_Mattermost_login/input_password'

2020-06-05 21:03:04 - [TEST_STEP][PASSED] - click(findTestObject("Object Repository/Page_Mattermost_login/span_Sign in")): Object: 'Object Repository/Page_Mattermost_login/span_Sign in' is clicked on

2020-06-05 21:03:05 - [MESSAGE][PASSED] - Object: 'Object Repository/Page_Mattermost_login/span_Sign in' is clicked on

2020-06-05 21:03:05 - [MESSAGE][PASSED] - Call Test Case 'Test Cases/Login/login_function' successfully

2020-06-05 21:03:05 - [TEST_STEP][PASSED] - click(findTestObject("Page_Town Square - asdasd Mattermost/svg (2)")): Object: 'Object Repository/Page_Town Square - asdasd Mattermost/svg (2)' is clicked on

2020-06-05 21:03:07 - [MESSAGE][PASSED] - Object: 'Object Repository/Page_Town Square - asdasd Mattermost/svg (2)' is clicked on

2020-06-05 21:03:07 - [TEST_STEP][PASSED] - click(findTestObject("Object Repository/Page_Town Square - asdasd Mattermost/span_Create a Team")): Object: 'Object Repository/Page_Town Square - asdasd Mattermost/span_Create a Team' is clicked on

2020-06-05 21:03:08 - [MESSAGE][PASSED] - Object: 'Object Repository/Page_Town Square - asdasd Mattermost/span_Create a Team' is clicked on

2020-06-05 21:03:08 - [TEST_STEP][PASSED] - setText(findTestObject("Object Repository/Page_Town Square - asdasd Mattermost/input_Team Name_teamNameInput"), team_name): Text 'job' is set on object 'Object Repository/Page_Town Square - asdasd Mattermost/input_Team Name_teamNameInput'

2020-06-05 21:03:09 - [MESSAGE][PASSED] - Text 'job' is set on object 'Object Repository/Page_Town Square - asdasd Mattermost/input_Team Name_teamNameInput'

2020-06-05 21:03:09 - [TEST_STEP][PASSED] - click(findTestObject("Object Repository/Page_Town Square - test Mattermost/button_Next")): Object: 'Object Repository/Page_Town Square - test Mattermost/button_Next' is clicked on

2020-06-05 21:03:09 - [MESSAGE][PASSED] - Object: 'Object Repository/Page_Town Square - test Mattermost/button_Next' is clicked on

2020-06-05 21:03:09 - [TEST_STEP][PASSED] - if (verifyElementPresent(findTestObject("Object Repository/Page_Town Square - button Mattermost/div_bu"), 1, OPTIONAL)): com.kms.katalon.core.webui.exception.WebElementNotFoundException: Web element with id: 'Object Repository/Page_Town Square - button Mattermost/div_bu' located by 'By.xpath: //*[(text() = 'bu' or . = 'bu')]' not found (Root cause: com.kms.katalon.core.exception.StepFailedException: com.kms.katalon.core.webui.exception.WebElementNotFoundException: Web element with id: 'Object Repository/Page_Town Square - button Mattermost/div_bu' located by 'By.xpath: //*[(text() = 'bu' or . = 'bu')]' not found
	at com.kms.katalon.core.webui.keyword.internal.WebUIKeywordMain.stepFailed(WebUIKeywordMain.groovy:64)
	at com.kms.katalon.core.webui.keyword.builtin.VerifyElementPresentKeyword$_verifyElementPresent_closure1.doCall(VerifyElementPresentKeyword.groovy:85)
	at com.kms.katalon.core.webui.keyword.builtin.VerifyElementPresentKeyword$_verifyElementPresent_closure1.call(VerifyElementPresentKeyword.groovy)
	at com.kms.katalon.core.webui.keyword.internal.WebUIKeywordMain.runKeyword(WebUIKeywordMain.groovy:20)
	at com.kms.katalon.core.webui.keyword.builtin.VerifyElementPresentKeyword.verifyElementPresent(VerifyElementPresentKeyword.groovy:92)
	at com.kms.katalon.core.webui.keyword.builtin.VerifyElementPresentKeyword.execute(VerifyElementPresentKeyword.groovy:68)
	at com.kms.katalon.core.keyword.internal.KeywordExecutor.executeKeywordForPlatform(KeywordExecutor.groovy:72)
	at com.kms.katalon.core.webui.keyword.WebUiBuiltInKeywords.verifyElementPresent(WebUiBuiltInKeywords.groovy:1444)
	at com.kms.katalon.core.webui.keyword.WebUiBuiltInKeywords$verifyElementPresent$5.call(Unknown Source)
	at Create_team.run(Create_team:43)
	at com.kms.katalon.core.main.ScriptEngine.run(ScriptEngine.java:194)
	at com.kms.katalon.core.main.ScriptEngine.runScriptAsRawText(ScriptEngine.java:119)
	at com.kms.katalon.core.main.TestCaseExecutor.runScript(TestCaseExecutor.java:337)
	at com.kms.katalon.core.main.TestCaseExecutor.doExecute(TestCaseExecutor.java:328)
	at com.kms.katalon.core.main.TestCaseExecutor.processExecutionPhase(TestCaseExecutor.java:307)
	at com.kms.katalon.core.main.TestCaseExecutor.accessMainPhase(TestCaseExecutor.java:299)
	at com.kms.katalon.core.main.TestCaseExecutor.execute(TestCaseExecutor.java:233)
	at com.kms.katalon.core.main.TestSuiteExecutor.accessTestCaseMainPhase(TestSuiteExecutor.java:169)
	at com.kms.katalon.core.main.TestSuiteExecutor.accessTestSuiteMainPhase(TestSuiteExecutor.java:142)
	at com.kms.katalon.core.main.TestSuiteExecutor.execute(TestSuiteExecutor.java:91)
	at com.kms.katalon.core.main.TestCaseMain.startTestSuite(TestCaseMain.java:157)
	at com.kms.katalon.core.main.TestCaseMain$startTestSuite$0.call(Unknown Source)
	at TempTestSuite1591365428946.run(TempTestSuite1591365428946.groovy:37)
)

2020-06-05 21:03:11 - [MESSAGE][INFO] - Unable to find the element located by 'By.xpath: //*[(text() = 'bu' or . = 'bu')]'. Please recheck the objects properties to make sure the desired element is located. 

2020-06-05 21:03:11 - [MESSAGE][WARNING] - com.kms.katalon.core.webui.exception.WebElementNotFoundException: Web element with id: 'Object Repository/Page_Town Square - button Mattermost/div_bu' located by 'By.xpath: //*[(text() = 'bu' or . = 'bu')]' not found (Root cause: com.kms.katalon.core.exception.StepFailedException: com.kms.katalon.core.webui.exception.WebElementNotFoundException: Web element with id: 'Object Repository/Page_Town Square - button Mattermost/div_bu' located by 'By.xpath: //*[(text() = 'bu' or . = 'bu')]' not found
	at com.kms.katalon.core.webui.keyword.internal.WebUIKeywordMain.stepFailed(WebUIKeywordMain.groovy:64)
	at com.kms.katalon.core.webui.keyword.builtin.VerifyElementPresentKeyword$_verifyElementPresent_closure1.doCall(VerifyElementPresentKeyword.groovy:85)
	at com.kms.katalon.core.webui.keyword.builtin.VerifyElementPresentKeyword$_verifyElementPresent_closure1.call(VerifyElementPresentKeyword.groovy)
	at com.kms.katalon.core.webui.keyword.internal.WebUIKeywordMain.runKeyword(WebUIKeywordMain.groovy:20)
	at com.kms.katalon.core.webui.keyword.builtin.VerifyElementPresentKeyword.verifyElementPresent(VerifyElementPresentKeyword.groovy:92)
	at com.kms.katalon.core.webui.keyword.builtin.VerifyElementPresentKeyword.execute(VerifyElementPresentKeyword.groovy:68)
	at com.kms.katalon.core.keyword.internal.KeywordExecutor.executeKeywordForPlatform(KeywordExecutor.groovy:72)
	at com.kms.katalon.core.webui.keyword.WebUiBuiltInKeywords.verifyElementPresent(WebUiBuiltInKeywords.groovy:1444)
	at com.kms.katalon.core.webui.keyword.WebUiBuiltInKeywords$verifyElementPresent$5.call(Unknown Source)
	at Create_team.run(Create_team:43)
	at com.kms.katalon.core.main.ScriptEngine.run(ScriptEngine.java:194)
	at com.kms.katalon.core.main.ScriptEngine.runScriptAsRawText(ScriptEngine.java:119)
	at com.kms.katalon.core.main.TestCaseExecutor.runScript(TestCaseExecutor.java:337)
	at com.kms.katalon.core.main.TestCaseExecutor.doExecute(TestCaseExecutor.java:328)
	at com.kms.katalon.core.main.TestCaseExecutor.processExecutionPhase(TestCaseExecutor.java:307)
	at com.kms.katalon.core.main.TestCaseExecutor.accessMainPhase(TestCaseExecutor.java:299)
	at com.kms.katalon.core.main.TestCaseExecutor.execute(TestCaseExecutor.java:233)
	at com.kms.katalon.core.main.TestSuiteExecutor.accessTestCaseMainPhase(TestSuiteExecutor.java:169)
	at com.kms.katalon.core.main.TestSuiteExecutor.accessTestSuiteMainPhase(TestSuiteExecutor.java:142)
	at com.kms.katalon.core.main.TestSuiteExecutor.execute(TestSuiteExecutor.java:91)
	at com.kms.katalon.core.main.TestCaseMain.startTestSuite(TestCaseMain.java:157)
	at com.kms.katalon.core.main.TestCaseMain$startTestSuite$0.call(Unknown Source)
	at TempTestSuite1591365428946.run(TempTestSuite1591365428946.groovy:37)
)
[[ATTACHMENT|D:\\katalon\\hw2-katalon-testing\\Reports\\20200605_205708\\Run_All_Test_Cases\\20200605_205708\\1591365791151.png]]

2020-06-05 21:03:11 - [TEST_STEP][PASSED] - closeBrowser(): Browser is closed

2020-06-05 21:03:12 - [MESSAGE][PASSED] - Browser is closed]]></system-out>
         <system-err><![CDATA[]]></system-err>
      </testcase>
      <testcase name="Test Cases/Channel/Create_channel" time="19.112" classname="Test Cases/Channel/Create_channel" status="PASSED">
         <system-out><![CDATA[2020-06-05 21:03:12 - [TEST_CASE][PASSED] - Test Cases/Channel/Create_channel: Test Cases/Channel/Create_channel

2020-06-05 21:03:12 - [TEST_STEP][PASSED] - Start setup action : Setup: Method 'Setup' complete successfully

2020-06-05 21:03:12 - [TEST_STEP][PASSED] - openBrowser("http://192.168.1.10:8065/login"): Browser is opened with url: 'http://192.168.1.10:8065/login'

2020-06-05 21:03:12 - [MESSAGE][INFO] - Starting 'Firefox' driver

2020-06-05 21:03:12 - [MESSAGE][INFO] - Action delay is set to 0 milliseconds

2020-06-05 21:03:17 - [MESSAGE][PASSED] - Browser is opened with url: 'http://192.168.1.10:8065/login'

2020-06-05 21:03:17 - [MESSAGE][PASSED] - Method 'Setup' complete successfully

2020-06-05 21:03:17 - [TEST_STEP][PASSED] - callTestCase(findTestCase("Test Cases/Login/login_function"), ["var_user":"tlvietdanh@gmail.com", "var_password":"13101998"], STOP_ON_FAILURE): Call Test Case 'Test Cases/Login/login_function' successfully

2020-06-05 21:03:17 - [TEST_CASE][PASSED] - Test Cases/Login/login_function: Test Cases/Login/login_function

2020-06-05 21:03:17 - [TEST_STEP][PASSED] - setText(findTestObject("Object Repository/Page_Mattermost_login/input_loginId"), var_user): Text 'tlvietdanh@gmail.com' is set on object 'Object Repository/Page_Mattermost_login/input_loginId'

2020-06-05 21:03:18 - [MESSAGE][PASSED] - Text 'tlvietdanh@gmail.com' is set on object 'Object Repository/Page_Mattermost_login/input_loginId'

2020-06-05 21:03:18 - [TEST_STEP][PASSED] - setText(findTestObject("Object Repository/Page_Mattermost_login/input_password"), var_password): Text '13101998' is set on object 'Object Repository/Page_Mattermost_login/input_password'

2020-06-05 21:03:19 - [MESSAGE][PASSED] - Text '13101998' is set on object 'Object Repository/Page_Mattermost_login/input_password'

2020-06-05 21:03:19 - [TEST_STEP][PASSED] - click(findTestObject("Object Repository/Page_Mattermost_login/span_Sign in")): Object: 'Object Repository/Page_Mattermost_login/span_Sign in' is clicked on

2020-06-05 21:03:20 - [MESSAGE][PASSED] - Object: 'Object Repository/Page_Mattermost_login/span_Sign in' is clicked on

2020-06-05 21:03:20 - [MESSAGE][PASSED] - Call Test Case 'Test Cases/Login/login_function' successfully

2020-06-05 21:03:20 - [TEST_STEP][PASSED] - click(findTestObject("Object Repository/Page_Create_New_Channel_Local/btn_create_channel_local")): Object: 'Object Repository/Page_Create_New_Channel_Local/btn_create_channel_local' is clicked on

2020-06-05 21:03:22 - [MESSAGE][PASSED] - Object: 'Object Repository/Page_Create_New_Channel_Local/btn_create_channel_local' is clicked on

2020-06-05 21:03:22 - [TEST_STEP][PASSED] - if (toString().equals("0")): Object: 'Object Repository/Page_Create_New_Channel_Local/rdb_private_channel' is clicked on

2020-06-05 21:03:22 - [TEST_STEP][PASSED] - click(findTestObject("Object Repository/Page_Create_New_Channel_Local/rdb_private_channel")): Object: 'Object Repository/Page_Create_New_Channel_Local/rdb_private_channel' is clicked on

2020-06-05 21:03:23 - [MESSAGE][PASSED] - Object: 'Object Repository/Page_Create_New_Channel_Local/rdb_private_channel' is clicked on

2020-06-05 21:03:23 - [TEST_STEP][PASSED] - setText(findTestObject("Object Repository/Page_Create_New_Channel_Local/input_newChannelName"), name): Text 'test_name_1' is set on object 'Object Repository/Page_Create_New_Channel_Local/input_newChannelName'

2020-06-05 21:03:23 - [MESSAGE][PASSED] - Text 'test_name_1' is set on object 'Object Repository/Page_Create_New_Channel_Local/input_newChannelName'

2020-06-05 21:03:23 - [TEST_STEP][PASSED] - setText(findTestObject("Object Repository/Page_Create_New_Channel_Local/textarea_(optional)_newChannelPurpose"), purpose): Text 'test_purpose_1' is set on object 'Object Repository/Page_Create_New_Channel_Local/textarea_(optional)_newChannelPurpose'

2020-06-05 21:03:24 - [MESSAGE][PASSED] - Text 'test_purpose_1' is set on object 'Object Repository/Page_Create_New_Channel_Local/textarea_(optional)_newChannelPurpose'

2020-06-05 21:03:24 - [TEST_STEP][PASSED] - setText(findTestObject("Object Repository/Page_Create_New_Channel_Local/textarea_(optional)_newChannelHeader"), header): Text 'test_header_1' is set on object 'Object Repository/Page_Create_New_Channel_Local/textarea_(optional)_newChannelHeader'

2020-06-05 21:03:25 - [MESSAGE][PASSED] - Text 'test_header_1' is set on object 'Object Repository/Page_Create_New_Channel_Local/textarea_(optional)_newChannelHeader'

2020-06-05 21:03:25 - [TEST_STEP][PASSED] - click(findTestObject("Page_Create_New_Channel_Local/btn_submit")): Object: 'Object Repository/Page_Create_New_Channel_Local/btn_submit' is clicked on

2020-06-05 21:03:26 - [MESSAGE][PASSED] - Object: 'Object Repository/Page_Create_New_Channel_Local/btn_submit' is clicked on

2020-06-05 21:03:26 - [TEST_STEP][PASSED] - if (verifyElementPresent(findTestObject("Object Repository/Page_Create_New_Channel_Local/txt_error_duplicate"), 2, OPTIONAL) == true): com.kms.katalon.core.webui.exception.WebElementNotFoundException: Web element with id: 'Object Repository/Page_Create_New_Channel_Local/txt_error_duplicate' located by 'By.xpath: //p[@id='createChannelError']' not found (Root cause: com.kms.katalon.core.exception.StepFailedException: com.kms.katalon.core.webui.exception.WebElementNotFoundException: Web element with id: 'Object Repository/Page_Create_New_Channel_Local/txt_error_duplicate' located by 'By.xpath: //p[@id='createChannelError']' not found
	at com.kms.katalon.core.webui.keyword.internal.WebUIKeywordMain.stepFailed(WebUIKeywordMain.groovy:64)
	at com.kms.katalon.core.webui.keyword.builtin.VerifyElementPresentKeyword$_verifyElementPresent_closure1.doCall(VerifyElementPresentKeyword.groovy:85)
	at com.kms.katalon.core.webui.keyword.builtin.VerifyElementPresentKeyword$_verifyElementPresent_closure1.call(VerifyElementPresentKeyword.groovy)
	at com.kms.katalon.core.webui.keyword.internal.WebUIKeywordMain.runKeyword(WebUIKeywordMain.groovy:20)
	at com.kms.katalon.core.webui.keyword.builtin.VerifyElementPresentKeyword.verifyElementPresent(VerifyElementPresentKeyword.groovy:92)
	at com.kms.katalon.core.webui.keyword.builtin.VerifyElementPresentKeyword.execute(VerifyElementPresentKeyword.groovy:68)
	at com.kms.katalon.core.keyword.internal.KeywordExecutor.executeKeywordForPlatform(KeywordExecutor.groovy:72)
	at com.kms.katalon.core.webui.keyword.WebUiBuiltInKeywords.verifyElementPresent(WebUiBuiltInKeywords.groovy:1444)
	at com.kms.katalon.core.webui.keyword.WebUiBuiltInKeywords$verifyElementPresent$5.call(Unknown Source)
	at Create_channel.run(Create_channel:42)
	at com.kms.katalon.core.main.ScriptEngine.run(ScriptEngine.java:194)
	at com.kms.katalon.core.main.ScriptEngine.runScriptAsRawText(ScriptEngine.java:119)
	at com.kms.katalon.core.main.TestCaseExecutor.runScript(TestCaseExecutor.java:337)
	at com.kms.katalon.core.main.TestCaseExecutor.doExecute(TestCaseExecutor.java:328)
	at com.kms.katalon.core.main.TestCaseExecutor.processExecutionPhase(TestCaseExecutor.java:307)
	at com.kms.katalon.core.main.TestCaseExecutor.accessMainPhase(TestCaseExecutor.java:299)
	at com.kms.katalon.core.main.TestCaseExecutor.execute(TestCaseExecutor.java:233)
	at com.kms.katalon.core.main.TestSuiteExecutor.accessTestCaseMainPhase(TestSuiteExecutor.java:169)
	at com.kms.katalon.core.main.TestSuiteExecutor.accessTestSuiteMainPhase(TestSuiteExecutor.java:142)
	at com.kms.katalon.core.main.TestSuiteExecutor.execute(TestSuiteExecutor.java:91)
	at com.kms.katalon.core.main.TestCaseMain.startTestSuite(TestCaseMain.java:157)
	at com.kms.katalon.core.main.TestCaseMain$startTestSuite$0.call(Unknown Source)
	at TempTestSuite1591365428946.run(TempTestSuite1591365428946.groovy:37)
)

2020-06-05 21:03:30 - [MESSAGE][INFO] - Unable to find the element located by 'By.xpath: //p[@id='createChannelError']'. Please recheck the objects properties to make sure the desired element is located. 

2020-06-05 21:03:30 - [MESSAGE][WARNING] - com.kms.katalon.core.webui.exception.WebElementNotFoundException: Web element with id: 'Object Repository/Page_Create_New_Channel_Local/txt_error_duplicate' located by 'By.xpath: //p[@id='createChannelError']' not found (Root cause: com.kms.katalon.core.exception.StepFailedException: com.kms.katalon.core.webui.exception.WebElementNotFoundException: Web element with id: 'Object Repository/Page_Create_New_Channel_Local/txt_error_duplicate' located by 'By.xpath: //p[@id='createChannelError']' not found
	at com.kms.katalon.core.webui.keyword.internal.WebUIKeywordMain.stepFailed(WebUIKeywordMain.groovy:64)
	at com.kms.katalon.core.webui.keyword.builtin.VerifyElementPresentKeyword$_verifyElementPresent_closure1.doCall(VerifyElementPresentKeyword.groovy:85)
	at com.kms.katalon.core.webui.keyword.builtin.VerifyElementPresentKeyword$_verifyElementPresent_closure1.call(VerifyElementPresentKeyword.groovy)
	at com.kms.katalon.core.webui.keyword.internal.WebUIKeywordMain.runKeyword(WebUIKeywordMain.groovy:20)
	at com.kms.katalon.core.webui.keyword.builtin.VerifyElementPresentKeyword.verifyElementPresent(VerifyElementPresentKeyword.groovy:92)
	at com.kms.katalon.core.webui.keyword.builtin.VerifyElementPresentKeyword.execute(VerifyElementPresentKeyword.groovy:68)
	at com.kms.katalon.core.keyword.internal.KeywordExecutor.executeKeywordForPlatform(KeywordExecutor.groovy:72)
	at com.kms.katalon.core.webui.keyword.WebUiBuiltInKeywords.verifyElementPresent(WebUiBuiltInKeywords.groovy:1444)
	at com.kms.katalon.core.webui.keyword.WebUiBuiltInKeywords$verifyElementPresent$5.call(Unknown Source)
	at Create_channel.run(Create_channel:42)
	at com.kms.katalon.core.main.ScriptEngine.run(ScriptEngine.java:194)
	at com.kms.katalon.core.main.ScriptEngine.runScriptAsRawText(ScriptEngine.java:119)
	at com.kms.katalon.core.main.TestCaseExecutor.runScript(TestCaseExecutor.java:337)
	at com.kms.katalon.core.main.TestCaseExecutor.doExecute(TestCaseExecutor.java:328)
	at com.kms.katalon.core.main.TestCaseExecutor.processExecutionPhase(TestCaseExecutor.java:307)
	at com.kms.katalon.core.main.TestCaseExecutor.accessMainPhase(TestCaseExecutor.java:299)
	at com.kms.katalon.core.main.TestCaseExecutor.execute(TestCaseExecutor.java:233)
	at com.kms.katalon.core.main.TestSuiteExecutor.accessTestCaseMainPhase(TestSuiteExecutor.java:169)
	at com.kms.katalon.core.main.TestSuiteExecutor.accessTestSuiteMainPhase(TestSuiteExecutor.java:142)
	at com.kms.katalon.core.main.TestSuiteExecutor.execute(TestSuiteExecutor.java:91)
	at com.kms.katalon.core.main.TestCaseMain.startTestSuite(TestCaseMain.java:157)
	at com.kms.katalon.core.main.TestCaseMain$startTestSuite$0.call(Unknown Source)
	at TempTestSuite1591365428946.run(TempTestSuite1591365428946.groovy:37)
)
[[ATTACHMENT|D:\\katalon\\hw2-katalon-testing\\Reports\\20200605_205708\\Run_All_Test_Cases\\20200605_205708\\1591365810257.png]]

2020-06-05 21:03:30 - [TEST_STEP][PASSED] - Start tear down : Teardown: Method 'Teardown' complete successfully

2020-06-05 21:03:30 - [TEST_STEP][PASSED] - closeBrowser(): Browser is closed

2020-06-05 21:03:31 - [MESSAGE][PASSED] - Browser is closed

2020-06-05 21:03:31 - [MESSAGE][PASSED] - Method 'Teardown' complete successfully]]></system-out>
         <system-err><![CDATA[]]></system-err>
      </testcase>
      <testcase name="Test Cases/Channel/Create_channel" time="17.525" classname="Test Cases/Channel/Create_channel" status="PASSED">
         <system-out><![CDATA[2020-06-05 21:03:31 - [TEST_CASE][PASSED] - Test Cases/Channel/Create_channel: Test Cases/Channel/Create_channel

2020-06-05 21:03:31 - [TEST_STEP][PASSED] - Start setup action : Setup: Method 'Setup' complete successfully

2020-06-05 21:03:31 - [TEST_STEP][PASSED] - openBrowser("http://192.168.1.10:8065/login"): Browser is opened with url: 'http://192.168.1.10:8065/login'

2020-06-05 21:03:31 - [MESSAGE][INFO] - Starting 'Firefox' driver

2020-06-05 21:03:31 - [MESSAGE][INFO] - Action delay is set to 0 milliseconds

2020-06-05 21:03:36 - [MESSAGE][PASSED] - Browser is opened with url: 'http://192.168.1.10:8065/login'

2020-06-05 21:03:36 - [MESSAGE][PASSED] - Method 'Setup' complete successfully

2020-06-05 21:03:36 - [TEST_STEP][PASSED] - callTestCase(findTestCase("Test Cases/Login/login_function"), ["var_user":"tlvietdanh@gmail.com", "var_password":"13101998"], STOP_ON_FAILURE): Call Test Case 'Test Cases/Login/login_function' successfully

2020-06-05 21:03:36 - [TEST_CASE][PASSED] - Test Cases/Login/login_function: Test Cases/Login/login_function

2020-06-05 21:03:36 - [TEST_STEP][PASSED] - setText(findTestObject("Object Repository/Page_Mattermost_login/input_loginId"), var_user): Text 'tlvietdanh@gmail.com' is set on object 'Object Repository/Page_Mattermost_login/input_loginId'

2020-06-05 21:03:37 - [MESSAGE][PASSED] - Text 'tlvietdanh@gmail.com' is set on object 'Object Repository/Page_Mattermost_login/input_loginId'

2020-06-05 21:03:37 - [TEST_STEP][PASSED] - setText(findTestObject("Object Repository/Page_Mattermost_login/input_password"), var_password): Text '13101998' is set on object 'Object Repository/Page_Mattermost_login/input_password'

2020-06-05 21:03:38 - [MESSAGE][PASSED] - Text '13101998' is set on object 'Object Repository/Page_Mattermost_login/input_password'

2020-06-05 21:03:38 - [TEST_STEP][PASSED] - click(findTestObject("Object Repository/Page_Mattermost_login/span_Sign in")): Object: 'Object Repository/Page_Mattermost_login/span_Sign in' is clicked on

2020-06-05 21:03:39 - [MESSAGE][PASSED] - Object: 'Object Repository/Page_Mattermost_login/span_Sign in' is clicked on

2020-06-05 21:03:39 - [MESSAGE][PASSED] - Call Test Case 'Test Cases/Login/login_function' successfully

2020-06-05 21:03:39 - [TEST_STEP][PASSED] - click(findTestObject("Object Repository/Page_Create_New_Channel_Local/btn_create_channel_local")): Object: 'Object Repository/Page_Create_New_Channel_Local/btn_create_channel_local' is clicked on

2020-06-05 21:03:41 - [MESSAGE][PASSED] - Object: 'Object Repository/Page_Create_New_Channel_Local/btn_create_channel_local' is clicked on

2020-06-05 21:03:41 - [TEST_STEP][PASSED] - if (toString().equals("0")): Object: 'Object Repository/Page_Create_New_Channel_Local/rdb_private_channel' is clicked on

2020-06-05 21:03:41 - [TEST_STEP][PASSED] - click(findTestObject("Object Repository/Page_Create_New_Channel_Local/rdb_private_channel")): Object: 'Object Repository/Page_Create_New_Channel_Local/rdb_private_channel' is clicked on

2020-06-05 21:03:42 - [MESSAGE][PASSED] - Object: 'Object Repository/Page_Create_New_Channel_Local/rdb_private_channel' is clicked on

2020-06-05 21:03:42 - [TEST_STEP][PASSED] - setText(findTestObject("Object Repository/Page_Create_New_Channel_Local/input_newChannelName"), name): Text 'test_name_2' is set on object 'Object Repository/Page_Create_New_Channel_Local/input_newChannelName'

2020-06-05 21:03:42 - [MESSAGE][PASSED] - Text 'test_name_2' is set on object 'Object Repository/Page_Create_New_Channel_Local/input_newChannelName'

2020-06-05 21:03:42 - [TEST_STEP][PASSED] - setText(findTestObject("Object Repository/Page_Create_New_Channel_Local/textarea_(optional)_newChannelPurpose"), purpose): Text 'test_purpose_2' is set on object 'Object Repository/Page_Create_New_Channel_Local/textarea_(optional)_newChannelPurpose'

2020-06-05 21:03:43 - [MESSAGE][PASSED] - Text 'test_purpose_2' is set on object 'Object Repository/Page_Create_New_Channel_Local/textarea_(optional)_newChannelPurpose'

2020-06-05 21:03:43 - [TEST_STEP][PASSED] - setText(findTestObject("Object Repository/Page_Create_New_Channel_Local/textarea_(optional)_newChannelHeader"), header): Text 'test_header_2' is set on object 'Object Repository/Page_Create_New_Channel_Local/textarea_(optional)_newChannelHeader'

2020-06-05 21:03:44 - [MESSAGE][PASSED] - Text 'test_header_2' is set on object 'Object Repository/Page_Create_New_Channel_Local/textarea_(optional)_newChannelHeader'

2020-06-05 21:03:44 - [TEST_STEP][PASSED] - click(findTestObject("Page_Create_New_Channel_Local/btn_submit")): Object: 'Object Repository/Page_Create_New_Channel_Local/btn_submit' is clicked on

2020-06-05 21:03:45 - [MESSAGE][PASSED] - Object: 'Object Repository/Page_Create_New_Channel_Local/btn_submit' is clicked on

2020-06-05 21:03:45 - [TEST_STEP][PASSED] - if (verifyElementPresent(findTestObject("Object Repository/Page_Create_New_Channel_Local/txt_error_duplicate"), 2, OPTIONAL) == true): com.kms.katalon.core.webui.exception.WebElementNotFoundException: Web element with id: 'Object Repository/Page_Create_New_Channel_Local/txt_error_duplicate' located by 'By.xpath: //p[@id='createChannelError']' not found (Root cause: com.kms.katalon.core.exception.StepFailedException: com.kms.katalon.core.webui.exception.WebElementNotFoundException: Web element with id: 'Object Repository/Page_Create_New_Channel_Local/txt_error_duplicate' located by 'By.xpath: //p[@id='createChannelError']' not found
	at com.kms.katalon.core.webui.keyword.internal.WebUIKeywordMain.stepFailed(WebUIKeywordMain.groovy:64)
	at com.kms.katalon.core.webui.keyword.builtin.VerifyElementPresentKeyword$_verifyElementPresent_closure1.doCall(VerifyElementPresentKeyword.groovy:85)
	at com.kms.katalon.core.webui.keyword.builtin.VerifyElementPresentKeyword$_verifyElementPresent_closure1.call(VerifyElementPresentKeyword.groovy)
	at com.kms.katalon.core.webui.keyword.internal.WebUIKeywordMain.runKeyword(WebUIKeywordMain.groovy:20)
	at com.kms.katalon.core.webui.keyword.builtin.VerifyElementPresentKeyword.verifyElementPresent(VerifyElementPresentKeyword.groovy:92)
	at com.kms.katalon.core.webui.keyword.builtin.VerifyElementPresentKeyword.execute(VerifyElementPresentKeyword.groovy:68)
	at com.kms.katalon.core.keyword.internal.KeywordExecutor.executeKeywordForPlatform(KeywordExecutor.groovy:72)
	at com.kms.katalon.core.webui.keyword.WebUiBuiltInKeywords.verifyElementPresent(WebUiBuiltInKeywords.groovy:1444)
	at com.kms.katalon.core.webui.keyword.WebUiBuiltInKeywords$verifyElementPresent$5.call(Unknown Source)
	at Create_channel.run(Create_channel:42)
	at com.kms.katalon.core.main.ScriptEngine.run(ScriptEngine.java:194)
	at com.kms.katalon.core.main.ScriptEngine.runScriptAsRawText(ScriptEngine.java:119)
	at com.kms.katalon.core.main.TestCaseExecutor.runScript(TestCaseExecutor.java:337)
	at com.kms.katalon.core.main.TestCaseExecutor.doExecute(TestCaseExecutor.java:328)
	at com.kms.katalon.core.main.TestCaseExecutor.processExecutionPhase(TestCaseExecutor.java:307)
	at com.kms.katalon.core.main.TestCaseExecutor.accessMainPhase(TestCaseExecutor.java:299)
	at com.kms.katalon.core.main.TestCaseExecutor.execute(TestCaseExecutor.java:233)
	at com.kms.katalon.core.main.TestSuiteExecutor.accessTestCaseMainPhase(TestSuiteExecutor.java:169)
	at com.kms.katalon.core.main.TestSuiteExecutor.accessTestSuiteMainPhase(TestSuiteExecutor.java:142)
	at com.kms.katalon.core.main.TestSuiteExecutor.execute(TestSuiteExecutor.java:91)
	at com.kms.katalon.core.main.TestCaseMain.startTestSuite(TestCaseMain.java:157)
	at com.kms.katalon.core.main.TestCaseMain$startTestSuite$0.call(Unknown Source)
	at TempTestSuite1591365428946.run(TempTestSuite1591365428946.groovy:37)
)

2020-06-05 21:03:47 - [MESSAGE][INFO] - Unable to find the element located by 'By.xpath: //p[@id='createChannelError']'. Please recheck the objects properties to make sure the desired element is located. 

2020-06-05 21:03:47 - [MESSAGE][WARNING] - com.kms.katalon.core.webui.exception.WebElementNotFoundException: Web element with id: 'Object Repository/Page_Create_New_Channel_Local/txt_error_duplicate' located by 'By.xpath: //p[@id='createChannelError']' not found (Root cause: com.kms.katalon.core.exception.StepFailedException: com.kms.katalon.core.webui.exception.WebElementNotFoundException: Web element with id: 'Object Repository/Page_Create_New_Channel_Local/txt_error_duplicate' located by 'By.xpath: //p[@id='createChannelError']' not found
	at com.kms.katalon.core.webui.keyword.internal.WebUIKeywordMain.stepFailed(WebUIKeywordMain.groovy:64)
	at com.kms.katalon.core.webui.keyword.builtin.VerifyElementPresentKeyword$_verifyElementPresent_closure1.doCall(VerifyElementPresentKeyword.groovy:85)
	at com.kms.katalon.core.webui.keyword.builtin.VerifyElementPresentKeyword$_verifyElementPresent_closure1.call(VerifyElementPresentKeyword.groovy)
	at com.kms.katalon.core.webui.keyword.internal.WebUIKeywordMain.runKeyword(WebUIKeywordMain.groovy:20)
	at com.kms.katalon.core.webui.keyword.builtin.VerifyElementPresentKeyword.verifyElementPresent(VerifyElementPresentKeyword.groovy:92)
	at com.kms.katalon.core.webui.keyword.builtin.VerifyElementPresentKeyword.execute(VerifyElementPresentKeyword.groovy:68)
	at com.kms.katalon.core.keyword.internal.KeywordExecutor.executeKeywordForPlatform(KeywordExecutor.groovy:72)
	at com.kms.katalon.core.webui.keyword.WebUiBuiltInKeywords.verifyElementPresent(WebUiBuiltInKeywords.groovy:1444)
	at com.kms.katalon.core.webui.keyword.WebUiBuiltInKeywords$verifyElementPresent$5.call(Unknown Source)
	at Create_channel.run(Create_channel:42)
	at com.kms.katalon.core.main.ScriptEngine.run(ScriptEngine.java:194)
	at com.kms.katalon.core.main.ScriptEngine.runScriptAsRawText(ScriptEngine.java:119)
	at com.kms.katalon.core.main.TestCaseExecutor.runScript(TestCaseExecutor.java:337)
	at com.kms.katalon.core.main.TestCaseExecutor.doExecute(TestCaseExecutor.java:328)
	at com.kms.katalon.core.main.TestCaseExecutor.processExecutionPhase(TestCaseExecutor.java:307)
	at com.kms.katalon.core.main.TestCaseExecutor.accessMainPhase(TestCaseExecutor.java:299)
	at com.kms.katalon.core.main.TestCaseExecutor.execute(TestCaseExecutor.java:233)
	at com.kms.katalon.core.main.TestSuiteExecutor.accessTestCaseMainPhase(TestSuiteExecutor.java:169)
	at com.kms.katalon.core.main.TestSuiteExecutor.accessTestSuiteMainPhase(TestSuiteExecutor.java:142)
	at com.kms.katalon.core.main.TestSuiteExecutor.execute(TestSuiteExecutor.java:91)
	at com.kms.katalon.core.main.TestCaseMain.startTestSuite(TestCaseMain.java:157)
	at com.kms.katalon.core.main.TestCaseMain$startTestSuite$0.call(Unknown Source)
	at TempTestSuite1591365428946.run(TempTestSuite1591365428946.groovy:37)
)
[[ATTACHMENT|D:\\katalon\\hw2-katalon-testing\\Reports\\20200605_205708\\Run_All_Test_Cases\\20200605_205708\\1591365827818.png]]

2020-06-05 21:03:47 - [TEST_STEP][PASSED] - Start tear down : Teardown: Method 'Teardown' complete successfully

2020-06-05 21:03:47 - [TEST_STEP][PASSED] - closeBrowser(): Browser is closed

2020-06-05 21:03:49 - [MESSAGE][PASSED] - Browser is closed

2020-06-05 21:03:49 - [MESSAGE][PASSED] - Method 'Teardown' complete successfully]]></system-out>
         <system-err><![CDATA[]]></system-err>
      </testcase>
      <testcase name="Test Cases/Channel/Create_channel" time="17.963" classname="Test Cases/Channel/Create_channel" status="PASSED">
         <system-out><![CDATA[2020-06-05 21:03:49 - [TEST_CASE][PASSED] - Test Cases/Channel/Create_channel: Test Cases/Channel/Create_channel

2020-06-05 21:03:49 - [TEST_STEP][PASSED] - Start setup action : Setup: Method 'Setup' complete successfully

2020-06-05 21:03:49 - [TEST_STEP][PASSED] - openBrowser("http://192.168.1.10:8065/login"): Browser is opened with url: 'http://192.168.1.10:8065/login'

2020-06-05 21:03:49 - [MESSAGE][INFO] - Starting 'Firefox' driver

2020-06-05 21:03:49 - [MESSAGE][INFO] - Action delay is set to 0 milliseconds

2020-06-05 21:03:54 - [MESSAGE][PASSED] - Browser is opened with url: 'http://192.168.1.10:8065/login'

2020-06-05 21:03:54 - [MESSAGE][PASSED] - Method 'Setup' complete successfully

2020-06-05 21:03:54 - [TEST_STEP][PASSED] - callTestCase(findTestCase("Test Cases/Login/login_function"), ["var_user":"tlvietdanh@gmail.com", "var_password":"13101998"], STOP_ON_FAILURE): Call Test Case 'Test Cases/Login/login_function' successfully

2020-06-05 21:03:54 - [TEST_CASE][PASSED] - Test Cases/Login/login_function: Test Cases/Login/login_function

2020-06-05 21:03:54 - [TEST_STEP][PASSED] - setText(findTestObject("Object Repository/Page_Mattermost_login/input_loginId"), var_user): Text 'tlvietdanh@gmail.com' is set on object 'Object Repository/Page_Mattermost_login/input_loginId'

2020-06-05 21:03:55 - [MESSAGE][PASSED] - Text 'tlvietdanh@gmail.com' is set on object 'Object Repository/Page_Mattermost_login/input_loginId'

2020-06-05 21:03:55 - [TEST_STEP][PASSED] - setText(findTestObject("Object Repository/Page_Mattermost_login/input_password"), var_password): Text '13101998' is set on object 'Object Repository/Page_Mattermost_login/input_password'

2020-06-05 21:03:56 - [MESSAGE][PASSED] - Text '13101998' is set on object 'Object Repository/Page_Mattermost_login/input_password'

2020-06-05 21:03:56 - [TEST_STEP][PASSED] - click(findTestObject("Object Repository/Page_Mattermost_login/span_Sign in")): Object: 'Object Repository/Page_Mattermost_login/span_Sign in' is clicked on

2020-06-05 21:03:57 - [MESSAGE][PASSED] - Object: 'Object Repository/Page_Mattermost_login/span_Sign in' is clicked on

2020-06-05 21:03:57 - [MESSAGE][PASSED] - Call Test Case 'Test Cases/Login/login_function' successfully

2020-06-05 21:03:57 - [TEST_STEP][PASSED] - click(findTestObject("Object Repository/Page_Create_New_Channel_Local/btn_create_channel_local")): Object: 'Object Repository/Page_Create_New_Channel_Local/btn_create_channel_local' is clicked on

2020-06-05 21:03:59 - [MESSAGE][PASSED] - Object: 'Object Repository/Page_Create_New_Channel_Local/btn_create_channel_local' is clicked on

2020-06-05 21:03:59 - [TEST_STEP][PASSED] - if (toString().equals("0")): null

2020-06-05 21:03:59 - [TEST_STEP][PASSED] - else: Object: 'Object Repository/Page_Create_New_Channel_Local/rdb_public_channel' is clicked on

2020-06-05 21:03:59 - [TEST_STEP][PASSED] - click(findTestObject("Object Repository/Page_Create_New_Channel_Local/rdb_public_channel")): Object: 'Object Repository/Page_Create_New_Channel_Local/rdb_public_channel' is clicked on

2020-06-05 21:04:00 - [MESSAGE][PASSED] - Object: 'Object Repository/Page_Create_New_Channel_Local/rdb_public_channel' is clicked on

2020-06-05 21:04:00 - [TEST_STEP][PASSED] - setText(findTestObject("Object Repository/Page_Create_New_Channel_Local/input_newChannelName"), name): Text 'test_name_3' is set on object 'Object Repository/Page_Create_New_Channel_Local/input_newChannelName'

2020-06-05 21:04:00 - [MESSAGE][PASSED] - Text 'test_name_3' is set on object 'Object Repository/Page_Create_New_Channel_Local/input_newChannelName'

2020-06-05 21:04:00 - [TEST_STEP][PASSED] - setText(findTestObject("Object Repository/Page_Create_New_Channel_Local/textarea_(optional)_newChannelPurpose"), purpose): Text 'test_purpose_3' is set on object 'Object Repository/Page_Create_New_Channel_Local/textarea_(optional)_newChannelPurpose'

2020-06-05 21:04:01 - [MESSAGE][PASSED] - Text 'test_purpose_3' is set on object 'Object Repository/Page_Create_New_Channel_Local/textarea_(optional)_newChannelPurpose'

2020-06-05 21:04:01 - [TEST_STEP][PASSED] - setText(findTestObject("Object Repository/Page_Create_New_Channel_Local/textarea_(optional)_newChannelHeader"), header): Text 'test_header_3' is set on object 'Object Repository/Page_Create_New_Channel_Local/textarea_(optional)_newChannelHeader'

2020-06-05 21:04:02 - [MESSAGE][PASSED] - Text 'test_header_3' is set on object 'Object Repository/Page_Create_New_Channel_Local/textarea_(optional)_newChannelHeader'

2020-06-05 21:04:02 - [TEST_STEP][PASSED] - click(findTestObject("Page_Create_New_Channel_Local/btn_submit")): Object: 'Object Repository/Page_Create_New_Channel_Local/btn_submit' is clicked on

2020-06-05 21:04:03 - [MESSAGE][PASSED] - Object: 'Object Repository/Page_Create_New_Channel_Local/btn_submit' is clicked on

2020-06-05 21:04:03 - [TEST_STEP][PASSED] - if (verifyElementPresent(findTestObject("Object Repository/Page_Create_New_Channel_Local/txt_error_duplicate"), 2, OPTIONAL) == true): com.kms.katalon.core.webui.exception.WebElementNotFoundException: Web element with id: 'Object Repository/Page_Create_New_Channel_Local/txt_error_duplicate' located by 'By.xpath: //p[@id='createChannelError']' not found (Root cause: com.kms.katalon.core.exception.StepFailedException: com.kms.katalon.core.webui.exception.WebElementNotFoundException: Web element with id: 'Object Repository/Page_Create_New_Channel_Local/txt_error_duplicate' located by 'By.xpath: //p[@id='createChannelError']' not found
	at com.kms.katalon.core.webui.keyword.internal.WebUIKeywordMain.stepFailed(WebUIKeywordMain.groovy:64)
	at com.kms.katalon.core.webui.keyword.builtin.VerifyElementPresentKeyword$_verifyElementPresent_closure1.doCall(VerifyElementPresentKeyword.groovy:85)
	at com.kms.katalon.core.webui.keyword.builtin.VerifyElementPresentKeyword$_verifyElementPresent_closure1.call(VerifyElementPresentKeyword.groovy)
	at com.kms.katalon.core.webui.keyword.internal.WebUIKeywordMain.runKeyword(WebUIKeywordMain.groovy:20)
	at com.kms.katalon.core.webui.keyword.builtin.VerifyElementPresentKeyword.verifyElementPresent(VerifyElementPresentKeyword.groovy:92)
	at com.kms.katalon.core.webui.keyword.builtin.VerifyElementPresentKeyword.execute(VerifyElementPresentKeyword.groovy:68)
	at com.kms.katalon.core.keyword.internal.KeywordExecutor.executeKeywordForPlatform(KeywordExecutor.groovy:72)
	at com.kms.katalon.core.webui.keyword.WebUiBuiltInKeywords.verifyElementPresent(WebUiBuiltInKeywords.groovy:1444)
	at com.kms.katalon.core.webui.keyword.WebUiBuiltInKeywords$verifyElementPresent$5.call(Unknown Source)
	at Create_channel.run(Create_channel:42)
	at com.kms.katalon.core.main.ScriptEngine.run(ScriptEngine.java:194)
	at com.kms.katalon.core.main.ScriptEngine.runScriptAsRawText(ScriptEngine.java:119)
	at com.kms.katalon.core.main.TestCaseExecutor.runScript(TestCaseExecutor.java:337)
	at com.kms.katalon.core.main.TestCaseExecutor.doExecute(TestCaseExecutor.java:328)
	at com.kms.katalon.core.main.TestCaseExecutor.processExecutionPhase(TestCaseExecutor.java:307)
	at com.kms.katalon.core.main.TestCaseExecutor.accessMainPhase(TestCaseExecutor.java:299)
	at com.kms.katalon.core.main.TestCaseExecutor.execute(TestCaseExecutor.java:233)
	at com.kms.katalon.core.main.TestSuiteExecutor.accessTestCaseMainPhase(TestSuiteExecutor.java:169)
	at com.kms.katalon.core.main.TestSuiteExecutor.accessTestSuiteMainPhase(TestSuiteExecutor.java:142)
	at com.kms.katalon.core.main.TestSuiteExecutor.execute(TestSuiteExecutor.java:91)
	at com.kms.katalon.core.main.TestCaseMain.startTestSuite(TestCaseMain.java:157)
	at com.kms.katalon.core.main.TestCaseMain$startTestSuite$0.call(Unknown Source)
	at TempTestSuite1591365428946.run(TempTestSuite1591365428946.groovy:37)
)

2020-06-05 21:04:05 - [MESSAGE][INFO] - Unable to find the element located by 'By.xpath: //p[@id='createChannelError']'. Please recheck the objects properties to make sure the desired element is located. 

2020-06-05 21:04:05 - [MESSAGE][WARNING] - com.kms.katalon.core.webui.exception.WebElementNotFoundException: Web element with id: 'Object Repository/Page_Create_New_Channel_Local/txt_error_duplicate' located by 'By.xpath: //p[@id='createChannelError']' not found (Root cause: com.kms.katalon.core.exception.StepFailedException: com.kms.katalon.core.webui.exception.WebElementNotFoundException: Web element with id: 'Object Repository/Page_Create_New_Channel_Local/txt_error_duplicate' located by 'By.xpath: //p[@id='createChannelError']' not found
	at com.kms.katalon.core.webui.keyword.internal.WebUIKeywordMain.stepFailed(WebUIKeywordMain.groovy:64)
	at com.kms.katalon.core.webui.keyword.builtin.VerifyElementPresentKeyword$_verifyElementPresent_closure1.doCall(VerifyElementPresentKeyword.groovy:85)
	at com.kms.katalon.core.webui.keyword.builtin.VerifyElementPresentKeyword$_verifyElementPresent_closure1.call(VerifyElementPresentKeyword.groovy)
	at com.kms.katalon.core.webui.keyword.internal.WebUIKeywordMain.runKeyword(WebUIKeywordMain.groovy:20)
	at com.kms.katalon.core.webui.keyword.builtin.VerifyElementPresentKeyword.verifyElementPresent(VerifyElementPresentKeyword.groovy:92)
	at com.kms.katalon.core.webui.keyword.builtin.VerifyElementPresentKeyword.execute(VerifyElementPresentKeyword.groovy:68)
	at com.kms.katalon.core.keyword.internal.KeywordExecutor.executeKeywordForPlatform(KeywordExecutor.groovy:72)
	at com.kms.katalon.core.webui.keyword.WebUiBuiltInKeywords.verifyElementPresent(WebUiBuiltInKeywords.groovy:1444)
	at com.kms.katalon.core.webui.keyword.WebUiBuiltInKeywords$verifyElementPresent$5.call(Unknown Source)
	at Create_channel.run(Create_channel:42)
	at com.kms.katalon.core.main.ScriptEngine.run(ScriptEngine.java:194)
	at com.kms.katalon.core.main.ScriptEngine.runScriptAsRawText(ScriptEngine.java:119)
	at com.kms.katalon.core.main.TestCaseExecutor.runScript(TestCaseExecutor.java:337)
	at com.kms.katalon.core.main.TestCaseExecutor.doExecute(TestCaseExecutor.java:328)
	at com.kms.katalon.core.main.TestCaseExecutor.processExecutionPhase(TestCaseExecutor.java:307)
	at com.kms.katalon.core.main.TestCaseExecutor.accessMainPhase(TestCaseExecutor.java:299)
	at com.kms.katalon.core.main.TestCaseExecutor.execute(TestCaseExecutor.java:233)
	at com.kms.katalon.core.main.TestSuiteExecutor.accessTestCaseMainPhase(TestSuiteExecutor.java:169)
	at com.kms.katalon.core.main.TestSuiteExecutor.accessTestSuiteMainPhase(TestSuiteExecutor.java:142)
	at com.kms.katalon.core.main.TestSuiteExecutor.execute(TestSuiteExecutor.java:91)
	at com.kms.katalon.core.main.TestCaseMain.startTestSuite(TestCaseMain.java:157)
	at com.kms.katalon.core.main.TestCaseMain$startTestSuite$0.call(Unknown Source)
	at TempTestSuite1591365428946.run(TempTestSuite1591365428946.groovy:37)
)
[[ATTACHMENT|D:\\katalon\\hw2-katalon-testing\\Reports\\20200605_205708\\Run_All_Test_Cases\\20200605_205708\\1591365845770.png]]

2020-06-05 21:04:05 - [TEST_STEP][PASSED] - Start tear down : Teardown: Method 'Teardown' complete successfully

2020-06-05 21:04:05 - [TEST_STEP][PASSED] - closeBrowser(): Browser is closed

2020-06-05 21:04:07 - [MESSAGE][PASSED] - Browser is closed

2020-06-05 21:04:07 - [MESSAGE][PASSED] - Method 'Teardown' complete successfully]]></system-out>
         <system-err><![CDATA[]]></system-err>
      </testcase>
      <testcase name="Test Cases/Channel/Create_channel" time="17.785" classname="Test Cases/Channel/Create_channel" status="PASSED">
         <system-out><![CDATA[2020-06-05 21:04:07 - [TEST_CASE][PASSED] - Test Cases/Channel/Create_channel: Test Cases/Channel/Create_channel

2020-06-05 21:04:07 - [TEST_STEP][PASSED] - Start setup action : Setup: Method 'Setup' complete successfully

2020-06-05 21:04:07 - [TEST_STEP][PASSED] - openBrowser("http://192.168.1.10:8065/login"): Browser is opened with url: 'http://192.168.1.10:8065/login'

2020-06-05 21:04:07 - [MESSAGE][INFO] - Starting 'Firefox' driver

2020-06-05 21:04:07 - [MESSAGE][INFO] - Action delay is set to 0 milliseconds

2020-06-05 21:04:12 - [MESSAGE][PASSED] - Browser is opened with url: 'http://192.168.1.10:8065/login'

2020-06-05 21:04:12 - [MESSAGE][PASSED] - Method 'Setup' complete successfully

2020-06-05 21:04:12 - [TEST_STEP][PASSED] - callTestCase(findTestCase("Test Cases/Login/login_function"), ["var_user":"tlvietdanh@gmail.com", "var_password":"13101998"], STOP_ON_FAILURE): Call Test Case 'Test Cases/Login/login_function' successfully

2020-06-05 21:04:12 - [TEST_CASE][PASSED] - Test Cases/Login/login_function: Test Cases/Login/login_function

2020-06-05 21:04:12 - [TEST_STEP][PASSED] - setText(findTestObject("Object Repository/Page_Mattermost_login/input_loginId"), var_user): Text 'tlvietdanh@gmail.com' is set on object 'Object Repository/Page_Mattermost_login/input_loginId'

2020-06-05 21:04:13 - [MESSAGE][PASSED] - Text 'tlvietdanh@gmail.com' is set on object 'Object Repository/Page_Mattermost_login/input_loginId'

2020-06-05 21:04:13 - [TEST_STEP][PASSED] - setText(findTestObject("Object Repository/Page_Mattermost_login/input_password"), var_password): Text '13101998' is set on object 'Object Repository/Page_Mattermost_login/input_password'

2020-06-05 21:04:14 - [MESSAGE][PASSED] - Text '13101998' is set on object 'Object Repository/Page_Mattermost_login/input_password'

2020-06-05 21:04:14 - [TEST_STEP][PASSED] - click(findTestObject("Object Repository/Page_Mattermost_login/span_Sign in")): Object: 'Object Repository/Page_Mattermost_login/span_Sign in' is clicked on

2020-06-05 21:04:15 - [MESSAGE][PASSED] - Object: 'Object Repository/Page_Mattermost_login/span_Sign in' is clicked on

2020-06-05 21:04:15 - [MESSAGE][PASSED] - Call Test Case 'Test Cases/Login/login_function' successfully

2020-06-05 21:04:15 - [TEST_STEP][PASSED] - click(findTestObject("Object Repository/Page_Create_New_Channel_Local/btn_create_channel_local")): Object: 'Object Repository/Page_Create_New_Channel_Local/btn_create_channel_local' is clicked on

2020-06-05 21:04:17 - [MESSAGE][PASSED] - Object: 'Object Repository/Page_Create_New_Channel_Local/btn_create_channel_local' is clicked on

2020-06-05 21:04:17 - [TEST_STEP][PASSED] - if (toString().equals("0")): null

2020-06-05 21:04:17 - [TEST_STEP][PASSED] - else: Object: 'Object Repository/Page_Create_New_Channel_Local/rdb_public_channel' is clicked on

2020-06-05 21:04:17 - [TEST_STEP][PASSED] - click(findTestObject("Object Repository/Page_Create_New_Channel_Local/rdb_public_channel")): Object: 'Object Repository/Page_Create_New_Channel_Local/rdb_public_channel' is clicked on

2020-06-05 21:04:17 - [MESSAGE][PASSED] - Object: 'Object Repository/Page_Create_New_Channel_Local/rdb_public_channel' is clicked on

2020-06-05 21:04:17 - [TEST_STEP][PASSED] - setText(findTestObject("Object Repository/Page_Create_New_Channel_Local/input_newChannelName"), name): Text 'test_name_4' is set on object 'Object Repository/Page_Create_New_Channel_Local/input_newChannelName'

2020-06-05 21:04:18 - [MESSAGE][PASSED] - Text 'test_name_4' is set on object 'Object Repository/Page_Create_New_Channel_Local/input_newChannelName'

2020-06-05 21:04:18 - [TEST_STEP][PASSED] - setText(findTestObject("Object Repository/Page_Create_New_Channel_Local/textarea_(optional)_newChannelPurpose"), purpose): Text 'test_purpose_4' is set on object 'Object Repository/Page_Create_New_Channel_Local/textarea_(optional)_newChannelPurpose'

2020-06-05 21:04:19 - [MESSAGE][PASSED] - Text 'test_purpose_4' is set on object 'Object Repository/Page_Create_New_Channel_Local/textarea_(optional)_newChannelPurpose'

2020-06-05 21:04:19 - [TEST_STEP][PASSED] - setText(findTestObject("Object Repository/Page_Create_New_Channel_Local/textarea_(optional)_newChannelHeader"), header): Text 'test_header_4' is set on object 'Object Repository/Page_Create_New_Channel_Local/textarea_(optional)_newChannelHeader'

2020-06-05 21:04:20 - [MESSAGE][PASSED] - Text 'test_header_4' is set on object 'Object Repository/Page_Create_New_Channel_Local/textarea_(optional)_newChannelHeader'

2020-06-05 21:04:20 - [TEST_STEP][PASSED] - click(findTestObject("Page_Create_New_Channel_Local/btn_submit")): Object: 'Object Repository/Page_Create_New_Channel_Local/btn_submit' is clicked on

2020-06-05 21:04:21 - [MESSAGE][PASSED] - Object: 'Object Repository/Page_Create_New_Channel_Local/btn_submit' is clicked on

2020-06-05 21:04:21 - [TEST_STEP][PASSED] - if (verifyElementPresent(findTestObject("Object Repository/Page_Create_New_Channel_Local/txt_error_duplicate"), 2, OPTIONAL) == true): com.kms.katalon.core.webui.exception.WebElementNotFoundException: Web element with id: 'Object Repository/Page_Create_New_Channel_Local/txt_error_duplicate' located by 'By.xpath: //p[@id='createChannelError']' not found (Root cause: com.kms.katalon.core.exception.StepFailedException: com.kms.katalon.core.webui.exception.WebElementNotFoundException: Web element with id: 'Object Repository/Page_Create_New_Channel_Local/txt_error_duplicate' located by 'By.xpath: //p[@id='createChannelError']' not found
	at com.kms.katalon.core.webui.keyword.internal.WebUIKeywordMain.stepFailed(WebUIKeywordMain.groovy:64)
	at com.kms.katalon.core.webui.keyword.builtin.VerifyElementPresentKeyword$_verifyElementPresent_closure1.doCall(VerifyElementPresentKeyword.groovy:85)
	at com.kms.katalon.core.webui.keyword.builtin.VerifyElementPresentKeyword$_verifyElementPresent_closure1.call(VerifyElementPresentKeyword.groovy)
	at com.kms.katalon.core.webui.keyword.internal.WebUIKeywordMain.runKeyword(WebUIKeywordMain.groovy:20)
	at com.kms.katalon.core.webui.keyword.builtin.VerifyElementPresentKeyword.verifyElementPresent(VerifyElementPresentKeyword.groovy:92)
	at com.kms.katalon.core.webui.keyword.builtin.VerifyElementPresentKeyword.execute(VerifyElementPresentKeyword.groovy:68)
	at com.kms.katalon.core.keyword.internal.KeywordExecutor.executeKeywordForPlatform(KeywordExecutor.groovy:72)
	at com.kms.katalon.core.webui.keyword.WebUiBuiltInKeywords.verifyElementPresent(WebUiBuiltInKeywords.groovy:1444)
	at com.kms.katalon.core.webui.keyword.WebUiBuiltInKeywords$verifyElementPresent$5.call(Unknown Source)
	at Create_channel.run(Create_channel:42)
	at com.kms.katalon.core.main.ScriptEngine.run(ScriptEngine.java:194)
	at com.kms.katalon.core.main.ScriptEngine.runScriptAsRawText(ScriptEngine.java:119)
	at com.kms.katalon.core.main.TestCaseExecutor.runScript(TestCaseExecutor.java:337)
	at com.kms.katalon.core.main.TestCaseExecutor.doExecute(TestCaseExecutor.java:328)
	at com.kms.katalon.core.main.TestCaseExecutor.processExecutionPhase(TestCaseExecutor.java:307)
	at com.kms.katalon.core.main.TestCaseExecutor.accessMainPhase(TestCaseExecutor.java:299)
	at com.kms.katalon.core.main.TestCaseExecutor.execute(TestCaseExecutor.java:233)
	at com.kms.katalon.core.main.TestSuiteExecutor.accessTestCaseMainPhase(TestSuiteExecutor.java:169)
	at com.kms.katalon.core.main.TestSuiteExecutor.accessTestSuiteMainPhase(TestSuiteExecutor.java:142)
	at com.kms.katalon.core.main.TestSuiteExecutor.execute(TestSuiteExecutor.java:91)
	at com.kms.katalon.core.main.TestCaseMain.startTestSuite(TestCaseMain.java:157)
	at com.kms.katalon.core.main.TestCaseMain$startTestSuite$0.call(Unknown Source)
	at TempTestSuite1591365428946.run(TempTestSuite1591365428946.groovy:37)
)

2020-06-05 21:04:23 - [MESSAGE][INFO] - Unable to find the element located by 'By.xpath: //p[@id='createChannelError']'. Please recheck the objects properties to make sure the desired element is located. 

2020-06-05 21:04:23 - [MESSAGE][WARNING] - com.kms.katalon.core.webui.exception.WebElementNotFoundException: Web element with id: 'Object Repository/Page_Create_New_Channel_Local/txt_error_duplicate' located by 'By.xpath: //p[@id='createChannelError']' not found (Root cause: com.kms.katalon.core.exception.StepFailedException: com.kms.katalon.core.webui.exception.WebElementNotFoundException: Web element with id: 'Object Repository/Page_Create_New_Channel_Local/txt_error_duplicate' located by 'By.xpath: //p[@id='createChannelError']' not found
	at com.kms.katalon.core.webui.keyword.internal.WebUIKeywordMain.stepFailed(WebUIKeywordMain.groovy:64)
	at com.kms.katalon.core.webui.keyword.builtin.VerifyElementPresentKeyword$_verifyElementPresent_closure1.doCall(VerifyElementPresentKeyword.groovy:85)
	at com.kms.katalon.core.webui.keyword.builtin.VerifyElementPresentKeyword$_verifyElementPresent_closure1.call(VerifyElementPresentKeyword.groovy)
	at com.kms.katalon.core.webui.keyword.internal.WebUIKeywordMain.runKeyword(WebUIKeywordMain.groovy:20)
	at com.kms.katalon.core.webui.keyword.builtin.VerifyElementPresentKeyword.verifyElementPresent(VerifyElementPresentKeyword.groovy:92)
	at com.kms.katalon.core.webui.keyword.builtin.VerifyElementPresentKeyword.execute(VerifyElementPresentKeyword.groovy:68)
	at com.kms.katalon.core.keyword.internal.KeywordExecutor.executeKeywordForPlatform(KeywordExecutor.groovy:72)
	at com.kms.katalon.core.webui.keyword.WebUiBuiltInKeywords.verifyElementPresent(WebUiBuiltInKeywords.groovy:1444)
	at com.kms.katalon.core.webui.keyword.WebUiBuiltInKeywords$verifyElementPresent$5.call(Unknown Source)
	at Create_channel.run(Create_channel:42)
	at com.kms.katalon.core.main.ScriptEngine.run(ScriptEngine.java:194)
	at com.kms.katalon.core.main.ScriptEngine.runScriptAsRawText(ScriptEngine.java:119)
	at com.kms.katalon.core.main.TestCaseExecutor.runScript(TestCaseExecutor.java:337)
	at com.kms.katalon.core.main.TestCaseExecutor.doExecute(TestCaseExecutor.java:328)
	at com.kms.katalon.core.main.TestCaseExecutor.processExecutionPhase(TestCaseExecutor.java:307)
	at com.kms.katalon.core.main.TestCaseExecutor.accessMainPhase(TestCaseExecutor.java:299)
	at com.kms.katalon.core.main.TestCaseExecutor.execute(TestCaseExecutor.java:233)
	at com.kms.katalon.core.main.TestSuiteExecutor.accessTestCaseMainPhase(TestSuiteExecutor.java:169)
	at com.kms.katalon.core.main.TestSuiteExecutor.accessTestSuiteMainPhase(TestSuiteExecutor.java:142)
	at com.kms.katalon.core.main.TestSuiteExecutor.execute(TestSuiteExecutor.java:91)
	at com.kms.katalon.core.main.TestCaseMain.startTestSuite(TestCaseMain.java:157)
	at com.kms.katalon.core.main.TestCaseMain$startTestSuite$0.call(Unknown Source)
	at TempTestSuite1591365428946.run(TempTestSuite1591365428946.groovy:37)
)
[[ATTACHMENT|D:\\katalon\\hw2-katalon-testing\\Reports\\20200605_205708\\Run_All_Test_Cases\\20200605_205708\\1591365863582.png]]

2020-06-05 21:04:23 - [TEST_STEP][PASSED] - Start tear down : Teardown: Method 'Teardown' complete successfully

2020-06-05 21:04:23 - [TEST_STEP][PASSED] - closeBrowser(): Browser is closed

2020-06-05 21:04:24 - [MESSAGE][PASSED] - Browser is closed

2020-06-05 21:04:24 - [MESSAGE][PASSED] - Method 'Teardown' complete successfully]]></system-out>
         <system-err><![CDATA[]]></system-err>
      </testcase>
      <testcase name="Test Cases/Channel/Create_channel" time="17.59" classname="Test Cases/Channel/Create_channel" status="PASSED">
         <system-out><![CDATA[2020-06-05 21:04:24 - [TEST_CASE][PASSED] - Test Cases/Channel/Create_channel: Test Cases/Channel/Create_channel

2020-06-05 21:04:24 - [TEST_STEP][PASSED] - Start setup action : Setup: Method 'Setup' complete successfully

2020-06-05 21:04:24 - [TEST_STEP][PASSED] - openBrowser("http://192.168.1.10:8065/login"): Browser is opened with url: 'http://192.168.1.10:8065/login'

2020-06-05 21:04:24 - [MESSAGE][INFO] - Starting 'Firefox' driver

2020-06-05 21:04:24 - [MESSAGE][INFO] - Action delay is set to 0 milliseconds

2020-06-05 21:04:29 - [MESSAGE][PASSED] - Browser is opened with url: 'http://192.168.1.10:8065/login'

2020-06-05 21:04:29 - [MESSAGE][PASSED] - Method 'Setup' complete successfully

2020-06-05 21:04:29 - [TEST_STEP][PASSED] - callTestCase(findTestCase("Test Cases/Login/login_function"), ["var_user":"tlvietdanh@gmail.com", "var_password":"13101998"], STOP_ON_FAILURE): Call Test Case 'Test Cases/Login/login_function' successfully

2020-06-05 21:04:29 - [TEST_CASE][PASSED] - Test Cases/Login/login_function: Test Cases/Login/login_function

2020-06-05 21:04:29 - [TEST_STEP][PASSED] - setText(findTestObject("Object Repository/Page_Mattermost_login/input_loginId"), var_user): Text 'tlvietdanh@gmail.com' is set on object 'Object Repository/Page_Mattermost_login/input_loginId'

2020-06-05 21:04:31 - [MESSAGE][PASSED] - Text 'tlvietdanh@gmail.com' is set on object 'Object Repository/Page_Mattermost_login/input_loginId'

2020-06-05 21:04:31 - [TEST_STEP][PASSED] - setText(findTestObject("Object Repository/Page_Mattermost_login/input_password"), var_password): Text '13101998' is set on object 'Object Repository/Page_Mattermost_login/input_password'

2020-06-05 21:04:31 - [MESSAGE][PASSED] - Text '13101998' is set on object 'Object Repository/Page_Mattermost_login/input_password'

2020-06-05 21:04:31 - [TEST_STEP][PASSED] - click(findTestObject("Object Repository/Page_Mattermost_login/span_Sign in")): Object: 'Object Repository/Page_Mattermost_login/span_Sign in' is clicked on

2020-06-05 21:04:32 - [MESSAGE][PASSED] - Object: 'Object Repository/Page_Mattermost_login/span_Sign in' is clicked on

2020-06-05 21:04:32 - [MESSAGE][PASSED] - Call Test Case 'Test Cases/Login/login_function' successfully

2020-06-05 21:04:32 - [TEST_STEP][PASSED] - click(findTestObject("Object Repository/Page_Create_New_Channel_Local/btn_create_channel_local")): Object: 'Object Repository/Page_Create_New_Channel_Local/btn_create_channel_local' is clicked on

2020-06-05 21:04:34 - [MESSAGE][PASSED] - Object: 'Object Repository/Page_Create_New_Channel_Local/btn_create_channel_local' is clicked on

2020-06-05 21:04:34 - [TEST_STEP][PASSED] - if (toString().equals("0")): Object: 'Object Repository/Page_Create_New_Channel_Local/rdb_private_channel' is clicked on

2020-06-05 21:04:34 - [TEST_STEP][PASSED] - click(findTestObject("Object Repository/Page_Create_New_Channel_Local/rdb_private_channel")): Object: 'Object Repository/Page_Create_New_Channel_Local/rdb_private_channel' is clicked on

2020-06-05 21:04:35 - [MESSAGE][PASSED] - Object: 'Object Repository/Page_Create_New_Channel_Local/rdb_private_channel' is clicked on

2020-06-05 21:04:35 - [TEST_STEP][PASSED] - setText(findTestObject("Object Repository/Page_Create_New_Channel_Local/input_newChannelName"), name): Text 'test_name_5' is set on object 'Object Repository/Page_Create_New_Channel_Local/input_newChannelName'

2020-06-05 21:04:36 - [MESSAGE][PASSED] - Text 'test_name_5' is set on object 'Object Repository/Page_Create_New_Channel_Local/input_newChannelName'

2020-06-05 21:04:36 - [TEST_STEP][PASSED] - setText(findTestObject("Object Repository/Page_Create_New_Channel_Local/textarea_(optional)_newChannelPurpose"), purpose): Text 'test_purpose_5' is set on object 'Object Repository/Page_Create_New_Channel_Local/textarea_(optional)_newChannelPurpose'

2020-06-05 21:04:36 - [MESSAGE][PASSED] - Text 'test_purpose_5' is set on object 'Object Repository/Page_Create_New_Channel_Local/textarea_(optional)_newChannelPurpose'

2020-06-05 21:04:36 - [TEST_STEP][PASSED] - setText(findTestObject("Object Repository/Page_Create_New_Channel_Local/textarea_(optional)_newChannelHeader"), header): Text 'test_header_5' is set on object 'Object Repository/Page_Create_New_Channel_Local/textarea_(optional)_newChannelHeader'

2020-06-05 21:04:37 - [MESSAGE][PASSED] - Text 'test_header_5' is set on object 'Object Repository/Page_Create_New_Channel_Local/textarea_(optional)_newChannelHeader'

2020-06-05 21:04:37 - [TEST_STEP][PASSED] - click(findTestObject("Page_Create_New_Channel_Local/btn_submit")): Object: 'Object Repository/Page_Create_New_Channel_Local/btn_submit' is clicked on

2020-06-05 21:04:38 - [MESSAGE][PASSED] - Object: 'Object Repository/Page_Create_New_Channel_Local/btn_submit' is clicked on

2020-06-05 21:04:38 - [TEST_STEP][PASSED] - if (verifyElementPresent(findTestObject("Object Repository/Page_Create_New_Channel_Local/txt_error_duplicate"), 2, OPTIONAL) == true): com.kms.katalon.core.webui.exception.WebElementNotFoundException: Web element with id: 'Object Repository/Page_Create_New_Channel_Local/txt_error_duplicate' located by 'By.xpath: //p[@id='createChannelError']' not found (Root cause: com.kms.katalon.core.exception.StepFailedException: com.kms.katalon.core.webui.exception.WebElementNotFoundException: Web element with id: 'Object Repository/Page_Create_New_Channel_Local/txt_error_duplicate' located by 'By.xpath: //p[@id='createChannelError']' not found
	at com.kms.katalon.core.webui.keyword.internal.WebUIKeywordMain.stepFailed(WebUIKeywordMain.groovy:64)
	at com.kms.katalon.core.webui.keyword.builtin.VerifyElementPresentKeyword$_verifyElementPresent_closure1.doCall(VerifyElementPresentKeyword.groovy:85)
	at com.kms.katalon.core.webui.keyword.builtin.VerifyElementPresentKeyword$_verifyElementPresent_closure1.call(VerifyElementPresentKeyword.groovy)
	at com.kms.katalon.core.webui.keyword.internal.WebUIKeywordMain.runKeyword(WebUIKeywordMain.groovy:20)
	at com.kms.katalon.core.webui.keyword.builtin.VerifyElementPresentKeyword.verifyElementPresent(VerifyElementPresentKeyword.groovy:92)
	at com.kms.katalon.core.webui.keyword.builtin.VerifyElementPresentKeyword.execute(VerifyElementPresentKeyword.groovy:68)
	at com.kms.katalon.core.keyword.internal.KeywordExecutor.executeKeywordForPlatform(KeywordExecutor.groovy:72)
	at com.kms.katalon.core.webui.keyword.WebUiBuiltInKeywords.verifyElementPresent(WebUiBuiltInKeywords.groovy:1444)
	at com.kms.katalon.core.webui.keyword.WebUiBuiltInKeywords$verifyElementPresent$5.call(Unknown Source)
	at Create_channel.run(Create_channel:42)
	at com.kms.katalon.core.main.ScriptEngine.run(ScriptEngine.java:194)
	at com.kms.katalon.core.main.ScriptEngine.runScriptAsRawText(ScriptEngine.java:119)
	at com.kms.katalon.core.main.TestCaseExecutor.runScript(TestCaseExecutor.java:337)
	at com.kms.katalon.core.main.TestCaseExecutor.doExecute(TestCaseExecutor.java:328)
	at com.kms.katalon.core.main.TestCaseExecutor.processExecutionPhase(TestCaseExecutor.java:307)
	at com.kms.katalon.core.main.TestCaseExecutor.accessMainPhase(TestCaseExecutor.java:299)
	at com.kms.katalon.core.main.TestCaseExecutor.execute(TestCaseExecutor.java:233)
	at com.kms.katalon.core.main.TestSuiteExecutor.accessTestCaseMainPhase(TestSuiteExecutor.java:169)
	at com.kms.katalon.core.main.TestSuiteExecutor.accessTestSuiteMainPhase(TestSuiteExecutor.java:142)
	at com.kms.katalon.core.main.TestSuiteExecutor.execute(TestSuiteExecutor.java:91)
	at com.kms.katalon.core.main.TestCaseMain.startTestSuite(TestCaseMain.java:157)
	at com.kms.katalon.core.main.TestCaseMain$startTestSuite$0.call(Unknown Source)
	at TempTestSuite1591365428946.run(TempTestSuite1591365428946.groovy:37)
)

2020-06-05 21:04:41 - [MESSAGE][INFO] - Unable to find the element located by 'By.xpath: //p[@id='createChannelError']'. Please recheck the objects properties to make sure the desired element is located. 

2020-06-05 21:04:41 - [MESSAGE][WARNING] - com.kms.katalon.core.webui.exception.WebElementNotFoundException: Web element with id: 'Object Repository/Page_Create_New_Channel_Local/txt_error_duplicate' located by 'By.xpath: //p[@id='createChannelError']' not found (Root cause: com.kms.katalon.core.exception.StepFailedException: com.kms.katalon.core.webui.exception.WebElementNotFoundException: Web element with id: 'Object Repository/Page_Create_New_Channel_Local/txt_error_duplicate' located by 'By.xpath: //p[@id='createChannelError']' not found
	at com.kms.katalon.core.webui.keyword.internal.WebUIKeywordMain.stepFailed(WebUIKeywordMain.groovy:64)
	at com.kms.katalon.core.webui.keyword.builtin.VerifyElementPresentKeyword$_verifyElementPresent_closure1.doCall(VerifyElementPresentKeyword.groovy:85)
	at com.kms.katalon.core.webui.keyword.builtin.VerifyElementPresentKeyword$_verifyElementPresent_closure1.call(VerifyElementPresentKeyword.groovy)
	at com.kms.katalon.core.webui.keyword.internal.WebUIKeywordMain.runKeyword(WebUIKeywordMain.groovy:20)
	at com.kms.katalon.core.webui.keyword.builtin.VerifyElementPresentKeyword.verifyElementPresent(VerifyElementPresentKeyword.groovy:92)
	at com.kms.katalon.core.webui.keyword.builtin.VerifyElementPresentKeyword.execute(VerifyElementPresentKeyword.groovy:68)
	at com.kms.katalon.core.keyword.internal.KeywordExecutor.executeKeywordForPlatform(KeywordExecutor.groovy:72)
	at com.kms.katalon.core.webui.keyword.WebUiBuiltInKeywords.verifyElementPresent(WebUiBuiltInKeywords.groovy:1444)
	at com.kms.katalon.core.webui.keyword.WebUiBuiltInKeywords$verifyElementPresent$5.call(Unknown Source)
	at Create_channel.run(Create_channel:42)
	at com.kms.katalon.core.main.ScriptEngine.run(ScriptEngine.java:194)
	at com.kms.katalon.core.main.ScriptEngine.runScriptAsRawText(ScriptEngine.java:119)
	at com.kms.katalon.core.main.TestCaseExecutor.runScript(TestCaseExecutor.java:337)
	at com.kms.katalon.core.main.TestCaseExecutor.doExecute(TestCaseExecutor.java:328)
	at com.kms.katalon.core.main.TestCaseExecutor.processExecutionPhase(TestCaseExecutor.java:307)
	at com.kms.katalon.core.main.TestCaseExecutor.accessMainPhase(TestCaseExecutor.java:299)
	at com.kms.katalon.core.main.TestCaseExecutor.execute(TestCaseExecutor.java:233)
	at com.kms.katalon.core.main.TestSuiteExecutor.accessTestCaseMainPhase(TestSuiteExecutor.java:169)
	at com.kms.katalon.core.main.TestSuiteExecutor.accessTestSuiteMainPhase(TestSuiteExecutor.java:142)
	at com.kms.katalon.core.main.TestSuiteExecutor.execute(TestSuiteExecutor.java:91)
	at com.kms.katalon.core.main.TestCaseMain.startTestSuite(TestCaseMain.java:157)
	at com.kms.katalon.core.main.TestCaseMain$startTestSuite$0.call(Unknown Source)
	at TempTestSuite1591365428946.run(TempTestSuite1591365428946.groovy:37)
)
[[ATTACHMENT|D:\\katalon\\hw2-katalon-testing\\Reports\\20200605_205708\\Run_All_Test_Cases\\20200605_205708\\1591365881207.png]]

2020-06-05 21:04:41 - [TEST_STEP][PASSED] - Start tear down : Teardown: Method 'Teardown' complete successfully

2020-06-05 21:04:41 - [TEST_STEP][PASSED] - closeBrowser(): Browser is closed

2020-06-05 21:04:42 - [MESSAGE][PASSED] - Browser is closed

2020-06-05 21:04:42 - [MESSAGE][PASSED] - Method 'Teardown' complete successfully]]></system-out>
         <system-err><![CDATA[]]></system-err>
      </testcase>
      <testcase name="Test Cases/Channel/Create_channel_duplicated" time="15.443" classname="Test Cases/Channel/Create_channel_duplicated" status="PASSED">
         <system-out><![CDATA[2020-06-05 21:04:42 - [TEST_CASE][PASSED] - Test Cases/Channel/Create_channel_duplicated: Test Cases/Channel/Create_channel_duplicated

2020-06-05 21:04:42 - [TEST_STEP][PASSED] - Start setup action : Setup: Method 'Setup' complete successfully

2020-06-05 21:04:42 - [TEST_STEP][PASSED] - openBrowser("http://192.168.1.10:8065/login"): Browser is opened with url: 'http://192.168.1.10:8065/login'

2020-06-05 21:04:42 - [MESSAGE][INFO] - Starting 'Firefox' driver

2020-06-05 21:04:42 - [MESSAGE][INFO] - Action delay is set to 0 milliseconds

2020-06-05 21:04:47 - [MESSAGE][PASSED] - Browser is opened with url: 'http://192.168.1.10:8065/login'

2020-06-05 21:04:47 - [MESSAGE][PASSED] - Method 'Setup' complete successfully

2020-06-05 21:04:47 - [TEST_STEP][PASSED] - callTestCase(findTestCase("Test Cases/Login/login_function"), ["var_user":"tlvietdanh@gmail.com", "var_password":"13101998"], STOP_ON_FAILURE): Call Test Case 'Test Cases/Login/login_function' successfully

2020-06-05 21:04:47 - [TEST_CASE][PASSED] - Test Cases/Login/login_function: Test Cases/Login/login_function

2020-06-05 21:04:47 - [TEST_STEP][PASSED] - setText(findTestObject("Object Repository/Page_Mattermost_login/input_loginId"), var_user): Text 'tlvietdanh@gmail.com' is set on object 'Object Repository/Page_Mattermost_login/input_loginId'

2020-06-05 21:04:49 - [MESSAGE][PASSED] - Text 'tlvietdanh@gmail.com' is set on object 'Object Repository/Page_Mattermost_login/input_loginId'

2020-06-05 21:04:49 - [TEST_STEP][PASSED] - setText(findTestObject("Object Repository/Page_Mattermost_login/input_password"), var_password): Text '13101998' is set on object 'Object Repository/Page_Mattermost_login/input_password'

2020-06-05 21:04:49 - [MESSAGE][PASSED] - Text '13101998' is set on object 'Object Repository/Page_Mattermost_login/input_password'

2020-06-05 21:04:49 - [TEST_STEP][PASSED] - click(findTestObject("Object Repository/Page_Mattermost_login/span_Sign in")): Object: 'Object Repository/Page_Mattermost_login/span_Sign in' is clicked on

2020-06-05 21:04:50 - [MESSAGE][PASSED] - Object: 'Object Repository/Page_Mattermost_login/span_Sign in' is clicked on

2020-06-05 21:04:50 - [MESSAGE][PASSED] - Call Test Case 'Test Cases/Login/login_function' successfully

2020-06-05 21:04:50 - [TEST_STEP][PASSED] - click(findTestObject("Object Repository/Page_Create_New_Channel_Local/btn_create_channel_local")): Object: 'Object Repository/Page_Create_New_Channel_Local/btn_create_channel_local' is clicked on

2020-06-05 21:04:52 - [MESSAGE][PASSED] - Object: 'Object Repository/Page_Create_New_Channel_Local/btn_create_channel_local' is clicked on

2020-06-05 21:04:52 - [TEST_STEP][PASSED] - if (toString().equals("0")): Object: 'Object Repository/Page_Create_New_Channel_Local/rdb_private_channel' is clicked on

2020-06-05 21:04:52 - [TEST_STEP][PASSED] - click(findTestObject("Object Repository/Page_Create_New_Channel_Local/rdb_private_channel")): Object: 'Object Repository/Page_Create_New_Channel_Local/rdb_private_channel' is clicked on

2020-06-05 21:04:53 - [MESSAGE][PASSED] - Object: 'Object Repository/Page_Create_New_Channel_Local/rdb_private_channel' is clicked on

2020-06-05 21:04:53 - [TEST_STEP][PASSED] - setText(findTestObject("Object Repository/Page_Create_New_Channel_Local/input_newChannelName"), name): Text 'test_name_1' is set on object 'Object Repository/Page_Create_New_Channel_Local/input_newChannelName'

2020-06-05 21:04:54 - [MESSAGE][PASSED] - Text 'test_name_1' is set on object 'Object Repository/Page_Create_New_Channel_Local/input_newChannelName'

2020-06-05 21:04:54 - [TEST_STEP][PASSED] - setText(findTestObject("Object Repository/Page_Create_New_Channel_Local/textarea_(optional)_newChannelPurpose"), purpose): Text 'test_purpose_1' is set on object 'Object Repository/Page_Create_New_Channel_Local/textarea_(optional)_newChannelPurpose'

2020-06-05 21:04:54 - [MESSAGE][PASSED] - Text 'test_purpose_1' is set on object 'Object Repository/Page_Create_New_Channel_Local/textarea_(optional)_newChannelPurpose'

2020-06-05 21:04:54 - [TEST_STEP][PASSED] - setText(findTestObject("Object Repository/Page_Create_New_Channel_Local/textarea_(optional)_newChannelHeader"), header): Text 'test_header_1' is set on object 'Object Repository/Page_Create_New_Channel_Local/textarea_(optional)_newChannelHeader'

2020-06-05 21:04:55 - [MESSAGE][PASSED] - Text 'test_header_1' is set on object 'Object Repository/Page_Create_New_Channel_Local/textarea_(optional)_newChannelHeader'

2020-06-05 21:04:55 - [TEST_STEP][PASSED] - click(findTestObject("Page_Create_New_Channel_Local/btn_submit")): Object: 'Object Repository/Page_Create_New_Channel_Local/btn_submit' is clicked on

2020-06-05 21:04:56 - [MESSAGE][PASSED] - Object: 'Object Repository/Page_Create_New_Channel_Local/btn_submit' is clicked on

2020-06-05 21:04:56 - [TEST_STEP][PASSED] - errorMessDup = getText(findTestObject("Object Repository/Page_Create_New_Channel_Local/txt_error_duplicate")): Text of object 'Object Repository/Page_Create_New_Channel_Local/txt_error_duplicate' is: 'A channel with that name already exists on the same team.'

2020-06-05 21:04:56 - [MESSAGE][PASSED] - Text of object 'Object Repository/Page_Create_New_Channel_Local/txt_error_duplicate' is: 'A channel with that name already exists on the same team.'

2020-06-05 21:04:56 - [TEST_STEP][PASSED] - verifyEqual(errorMessDup.contains("A channel with that name already exists on the same team."), true): Actual object 'true' and expected object 'true' are equal

2020-06-05 21:04:56 - [MESSAGE][PASSED] - Actual object 'true' and expected object 'true' are equal

2020-06-05 21:04:56 - [TEST_STEP][PASSED] - Start tear down : Teardown: Method 'Teardown' complete successfully

2020-06-05 21:04:56 - [TEST_STEP][PASSED] - closeBrowser(): Browser is closed

2020-06-05 21:04:57 - [MESSAGE][PASSED] - Browser is closed

2020-06-05 21:04:57 - [MESSAGE][PASSED] - Method 'Teardown' complete successfully]]></system-out>
         <system-err><![CDATA[]]></system-err>
      </testcase>
      <testcase name="Test Cases/Channel/Create_channel_duplicated" time="15.299" classname="Test Cases/Channel/Create_channel_duplicated" status="PASSED">
         <system-out><![CDATA[2020-06-05 21:04:57 - [TEST_CASE][PASSED] - Test Cases/Channel/Create_channel_duplicated: Test Cases/Channel/Create_channel_duplicated

2020-06-05 21:04:57 - [TEST_STEP][PASSED] - Start setup action : Setup: Method 'Setup' complete successfully

2020-06-05 21:04:57 - [TEST_STEP][PASSED] - openBrowser("http://192.168.1.10:8065/login"): Browser is opened with url: 'http://192.168.1.10:8065/login'

2020-06-05 21:04:57 - [MESSAGE][INFO] - Starting 'Firefox' driver

2020-06-05 21:04:57 - [MESSAGE][INFO] - Action delay is set to 0 milliseconds

2020-06-05 21:05:02 - [MESSAGE][PASSED] - Browser is opened with url: 'http://192.168.1.10:8065/login'

2020-06-05 21:05:03 - [MESSAGE][PASSED] - Method 'Setup' complete successfully

2020-06-05 21:05:03 - [TEST_STEP][PASSED] - callTestCase(findTestCase("Test Cases/Login/login_function"), ["var_user":"tlvietdanh@gmail.com", "var_password":"13101998"], STOP_ON_FAILURE): Call Test Case 'Test Cases/Login/login_function' successfully

2020-06-05 21:05:03 - [TEST_CASE][PASSED] - Test Cases/Login/login_function: Test Cases/Login/login_function

2020-06-05 21:05:03 - [TEST_STEP][PASSED] - setText(findTestObject("Object Repository/Page_Mattermost_login/input_loginId"), var_user): Text 'tlvietdanh@gmail.com' is set on object 'Object Repository/Page_Mattermost_login/input_loginId'

2020-06-05 21:05:04 - [MESSAGE][PASSED] - Text 'tlvietdanh@gmail.com' is set on object 'Object Repository/Page_Mattermost_login/input_loginId'

2020-06-05 21:05:04 - [TEST_STEP][PASSED] - setText(findTestObject("Object Repository/Page_Mattermost_login/input_password"), var_password): Text '13101998' is set on object 'Object Repository/Page_Mattermost_login/input_password'

2020-06-05 21:05:05 - [MESSAGE][PASSED] - Text '13101998' is set on object 'Object Repository/Page_Mattermost_login/input_password'

2020-06-05 21:05:05 - [TEST_STEP][PASSED] - click(findTestObject("Object Repository/Page_Mattermost_login/span_Sign in")): Object: 'Object Repository/Page_Mattermost_login/span_Sign in' is clicked on

2020-06-05 21:05:06 - [MESSAGE][PASSED] - Object: 'Object Repository/Page_Mattermost_login/span_Sign in' is clicked on

2020-06-05 21:05:06 - [MESSAGE][PASSED] - Call Test Case 'Test Cases/Login/login_function' successfully

2020-06-05 21:05:06 - [TEST_STEP][PASSED] - click(findTestObject("Object Repository/Page_Create_New_Channel_Local/btn_create_channel_local")): Object: 'Object Repository/Page_Create_New_Channel_Local/btn_create_channel_local' is clicked on

2020-06-05 21:05:08 - [MESSAGE][PASSED] - Object: 'Object Repository/Page_Create_New_Channel_Local/btn_create_channel_local' is clicked on

2020-06-05 21:05:08 - [TEST_STEP][PASSED] - if (toString().equals("0")): Object: 'Object Repository/Page_Create_New_Channel_Local/rdb_private_channel' is clicked on

2020-06-05 21:05:08 - [TEST_STEP][PASSED] - click(findTestObject("Object Repository/Page_Create_New_Channel_Local/rdb_private_channel")): Object: 'Object Repository/Page_Create_New_Channel_Local/rdb_private_channel' is clicked on

2020-06-05 21:05:08 - [MESSAGE][PASSED] - Object: 'Object Repository/Page_Create_New_Channel_Local/rdb_private_channel' is clicked on

2020-06-05 21:05:08 - [TEST_STEP][PASSED] - setText(findTestObject("Object Repository/Page_Create_New_Channel_Local/input_newChannelName"), name): Text 'test_name_2' is set on object 'Object Repository/Page_Create_New_Channel_Local/input_newChannelName'

2020-06-05 21:05:09 - [MESSAGE][PASSED] - Text 'test_name_2' is set on object 'Object Repository/Page_Create_New_Channel_Local/input_newChannelName'

2020-06-05 21:05:09 - [TEST_STEP][PASSED] - setText(findTestObject("Object Repository/Page_Create_New_Channel_Local/textarea_(optional)_newChannelPurpose"), purpose): Text 'test_purpose_2' is set on object 'Object Repository/Page_Create_New_Channel_Local/textarea_(optional)_newChannelPurpose'

2020-06-05 21:05:10 - [MESSAGE][PASSED] - Text 'test_purpose_2' is set on object 'Object Repository/Page_Create_New_Channel_Local/textarea_(optional)_newChannelPurpose'

2020-06-05 21:05:10 - [TEST_STEP][PASSED] - setText(findTestObject("Object Repository/Page_Create_New_Channel_Local/textarea_(optional)_newChannelHeader"), header): Text 'test_header_2' is set on object 'Object Repository/Page_Create_New_Channel_Local/textarea_(optional)_newChannelHeader'

2020-06-05 21:05:11 - [MESSAGE][PASSED] - Text 'test_header_2' is set on object 'Object Repository/Page_Create_New_Channel_Local/textarea_(optional)_newChannelHeader'

2020-06-05 21:05:11 - [TEST_STEP][PASSED] - click(findTestObject("Page_Create_New_Channel_Local/btn_submit")): Object: 'Object Repository/Page_Create_New_Channel_Local/btn_submit' is clicked on

2020-06-05 21:05:11 - [MESSAGE][PASSED] - Object: 'Object Repository/Page_Create_New_Channel_Local/btn_submit' is clicked on

2020-06-05 21:05:11 - [TEST_STEP][PASSED] - errorMessDup = getText(findTestObject("Object Repository/Page_Create_New_Channel_Local/txt_error_duplicate")): Text of object 'Object Repository/Page_Create_New_Channel_Local/txt_error_duplicate' is: 'A channel with that name already exists on the same team.'

2020-06-05 21:05:12 - [MESSAGE][PASSED] - Text of object 'Object Repository/Page_Create_New_Channel_Local/txt_error_duplicate' is: 'A channel with that name already exists on the same team.'

2020-06-05 21:05:12 - [TEST_STEP][PASSED] - verifyEqual(errorMessDup.contains("A channel with that name already exists on the same team."), true): Actual object 'true' and expected object 'true' are equal

2020-06-05 21:05:12 - [MESSAGE][PASSED] - Actual object 'true' and expected object 'true' are equal

2020-06-05 21:05:12 - [TEST_STEP][PASSED] - Start tear down : Teardown: Method 'Teardown' complete successfully

2020-06-05 21:05:12 - [TEST_STEP][PASSED] - closeBrowser(): Browser is closed

2020-06-05 21:05:13 - [MESSAGE][PASSED] - Browser is closed

2020-06-05 21:05:13 - [MESSAGE][PASSED] - Method 'Teardown' complete successfully]]></system-out>
         <system-err><![CDATA[]]></system-err>
      </testcase>
      <testcase name="Test Cases/Channel/Create_channel_duplicated" time="15.546" classname="Test Cases/Channel/Create_channel_duplicated" status="PASSED">
         <system-out><![CDATA[2020-06-05 21:05:13 - [TEST_CASE][PASSED] - Test Cases/Channel/Create_channel_duplicated: Test Cases/Channel/Create_channel_duplicated

2020-06-05 21:05:13 - [TEST_STEP][PASSED] - Start setup action : Setup: Method 'Setup' complete successfully

2020-06-05 21:05:13 - [TEST_STEP][PASSED] - openBrowser("http://192.168.1.10:8065/login"): Browser is opened with url: 'http://192.168.1.10:8065/login'

2020-06-05 21:05:13 - [MESSAGE][INFO] - Starting 'Firefox' driver

2020-06-05 21:05:13 - [MESSAGE][INFO] - Action delay is set to 0 milliseconds

2020-06-05 21:05:18 - [MESSAGE][PASSED] - Browser is opened with url: 'http://192.168.1.10:8065/login'

2020-06-05 21:05:18 - [MESSAGE][PASSED] - Method 'Setup' complete successfully

2020-06-05 21:05:18 - [TEST_STEP][PASSED] - callTestCase(findTestCase("Test Cases/Login/login_function"), ["var_user":"tlvietdanh@gmail.com", "var_password":"13101998"], STOP_ON_FAILURE): Call Test Case 'Test Cases/Login/login_function' successfully

2020-06-05 21:05:18 - [TEST_CASE][PASSED] - Test Cases/Login/login_function: Test Cases/Login/login_function

2020-06-05 21:05:18 - [TEST_STEP][PASSED] - setText(findTestObject("Object Repository/Page_Mattermost_login/input_loginId"), var_user): Text 'tlvietdanh@gmail.com' is set on object 'Object Repository/Page_Mattermost_login/input_loginId'

2020-06-05 21:05:19 - [MESSAGE][PASSED] - Text 'tlvietdanh@gmail.com' is set on object 'Object Repository/Page_Mattermost_login/input_loginId'

2020-06-05 21:05:19 - [TEST_STEP][PASSED] - setText(findTestObject("Object Repository/Page_Mattermost_login/input_password"), var_password): Text '13101998' is set on object 'Object Repository/Page_Mattermost_login/input_password'

2020-06-05 21:05:20 - [MESSAGE][PASSED] - Text '13101998' is set on object 'Object Repository/Page_Mattermost_login/input_password'

2020-06-05 21:05:20 - [TEST_STEP][PASSED] - click(findTestObject("Object Repository/Page_Mattermost_login/span_Sign in")): Object: 'Object Repository/Page_Mattermost_login/span_Sign in' is clicked on

2020-06-05 21:05:21 - [MESSAGE][PASSED] - Object: 'Object Repository/Page_Mattermost_login/span_Sign in' is clicked on

2020-06-05 21:05:21 - [MESSAGE][PASSED] - Call Test Case 'Test Cases/Login/login_function' successfully

2020-06-05 21:05:21 - [TEST_STEP][PASSED] - click(findTestObject("Object Repository/Page_Create_New_Channel_Local/btn_create_channel_local")): Object: 'Object Repository/Page_Create_New_Channel_Local/btn_create_channel_local' is clicked on

2020-06-05 21:05:23 - [MESSAGE][PASSED] - Object: 'Object Repository/Page_Create_New_Channel_Local/btn_create_channel_local' is clicked on

2020-06-05 21:05:23 - [TEST_STEP][PASSED] - if (toString().equals("0")): null

2020-06-05 21:05:23 - [TEST_STEP][PASSED] - else: Object: 'Object Repository/Page_Create_New_Channel_Local/rdb_public_channel' is clicked on

2020-06-05 21:05:23 - [TEST_STEP][PASSED] - click(findTestObject("Object Repository/Page_Create_New_Channel_Local/rdb_public_channel")): Object: 'Object Repository/Page_Create_New_Channel_Local/rdb_public_channel' is clicked on

2020-06-05 21:05:24 - [MESSAGE][PASSED] - Object: 'Object Repository/Page_Create_New_Channel_Local/rdb_public_channel' is clicked on

2020-06-05 21:05:24 - [TEST_STEP][PASSED] - setText(findTestObject("Object Repository/Page_Create_New_Channel_Local/input_newChannelName"), name): Text 'test_name_3' is set on object 'Object Repository/Page_Create_New_Channel_Local/input_newChannelName'

2020-06-05 21:05:24 - [MESSAGE][PASSED] - Text 'test_name_3' is set on object 'Object Repository/Page_Create_New_Channel_Local/input_newChannelName'

2020-06-05 21:05:24 - [TEST_STEP][PASSED] - setText(findTestObject("Object Repository/Page_Create_New_Channel_Local/textarea_(optional)_newChannelPurpose"), purpose): Text 'test_purpose_3' is set on object 'Object Repository/Page_Create_New_Channel_Local/textarea_(optional)_newChannelPurpose'

2020-06-05 21:05:25 - [MESSAGE][PASSED] - Text 'test_purpose_3' is set on object 'Object Repository/Page_Create_New_Channel_Local/textarea_(optional)_newChannelPurpose'

2020-06-05 21:05:25 - [TEST_STEP][PASSED] - setText(findTestObject("Object Repository/Page_Create_New_Channel_Local/textarea_(optional)_newChannelHeader"), header): Text 'test_header_3' is set on object 'Object Repository/Page_Create_New_Channel_Local/textarea_(optional)_newChannelHeader'

2020-06-05 21:05:26 - [MESSAGE][PASSED] - Text 'test_header_3' is set on object 'Object Repository/Page_Create_New_Channel_Local/textarea_(optional)_newChannelHeader'

2020-06-05 21:05:26 - [TEST_STEP][PASSED] - click(findTestObject("Page_Create_New_Channel_Local/btn_submit")): Object: 'Object Repository/Page_Create_New_Channel_Local/btn_submit' is clicked on

2020-06-05 21:05:27 - [MESSAGE][PASSED] - Object: 'Object Repository/Page_Create_New_Channel_Local/btn_submit' is clicked on

2020-06-05 21:05:27 - [TEST_STEP][PASSED] - errorMessDup = getText(findTestObject("Object Repository/Page_Create_New_Channel_Local/txt_error_duplicate")): Text of object 'Object Repository/Page_Create_New_Channel_Local/txt_error_duplicate' is: 'A channel with that name already exists on the same team.'

2020-06-05 21:05:27 - [MESSAGE][PASSED] - Text of object 'Object Repository/Page_Create_New_Channel_Local/txt_error_duplicate' is: 'A channel with that name already exists on the same team.'

2020-06-05 21:05:27 - [TEST_STEP][PASSED] - verifyEqual(errorMessDup.contains("A channel with that name already exists on the same team."), true): Actual object 'true' and expected object 'true' are equal

2020-06-05 21:05:27 - [MESSAGE][PASSED] - Actual object 'true' and expected object 'true' are equal

2020-06-05 21:05:27 - [TEST_STEP][PASSED] - Start tear down : Teardown: Method 'Teardown' complete successfully

2020-06-05 21:05:27 - [TEST_STEP][PASSED] - closeBrowser(): Browser is closed

2020-06-05 21:05:28 - [MESSAGE][PASSED] - Browser is closed

2020-06-05 21:05:28 - [MESSAGE][PASSED] - Method 'Teardown' complete successfully]]></system-out>
         <system-err><![CDATA[]]></system-err>
      </testcase>
      <testcase name="Test Cases/Channel/Create_channel_duplicated" time="15.421" classname="Test Cases/Channel/Create_channel_duplicated" status="PASSED">
         <system-out><![CDATA[2020-06-05 21:05:28 - [TEST_CASE][PASSED] - Test Cases/Channel/Create_channel_duplicated: Test Cases/Channel/Create_channel_duplicated

2020-06-05 21:05:28 - [TEST_STEP][PASSED] - Start setup action : Setup: Method 'Setup' complete successfully

2020-06-05 21:05:28 - [TEST_STEP][PASSED] - openBrowser("http://192.168.1.10:8065/login"): Browser is opened with url: 'http://192.168.1.10:8065/login'

2020-06-05 21:05:28 - [MESSAGE][INFO] - Starting 'Firefox' driver

2020-06-05 21:05:28 - [MESSAGE][INFO] - Action delay is set to 0 milliseconds

2020-06-05 21:05:33 - [MESSAGE][PASSED] - Browser is opened with url: 'http://192.168.1.10:8065/login'

2020-06-05 21:05:33 - [MESSAGE][PASSED] - Method 'Setup' complete successfully

2020-06-05 21:05:33 - [TEST_STEP][PASSED] - callTestCase(findTestCase("Test Cases/Login/login_function"), ["var_user":"tlvietdanh@gmail.com", "var_password":"13101998"], STOP_ON_FAILURE): Call Test Case 'Test Cases/Login/login_function' successfully

2020-06-05 21:05:33 - [TEST_CASE][PASSED] - Test Cases/Login/login_function: Test Cases/Login/login_function

2020-06-05 21:05:33 - [TEST_STEP][PASSED] - setText(findTestObject("Object Repository/Page_Mattermost_login/input_loginId"), var_user): Text 'tlvietdanh@gmail.com' is set on object 'Object Repository/Page_Mattermost_login/input_loginId'

2020-06-05 21:05:35 - [MESSAGE][PASSED] - Text 'tlvietdanh@gmail.com' is set on object 'Object Repository/Page_Mattermost_login/input_loginId'

2020-06-05 21:05:35 - [TEST_STEP][PASSED] - setText(findTestObject("Object Repository/Page_Mattermost_login/input_password"), var_password): Text '13101998' is set on object 'Object Repository/Page_Mattermost_login/input_password'

2020-06-05 21:05:36 - [MESSAGE][PASSED] - Text '13101998' is set on object 'Object Repository/Page_Mattermost_login/input_password'

2020-06-05 21:05:36 - [TEST_STEP][PASSED] - click(findTestObject("Object Repository/Page_Mattermost_login/span_Sign in")): Object: 'Object Repository/Page_Mattermost_login/span_Sign in' is clicked on

2020-06-05 21:05:37 - [MESSAGE][PASSED] - Object: 'Object Repository/Page_Mattermost_login/span_Sign in' is clicked on

2020-06-05 21:05:37 - [MESSAGE][PASSED] - Call Test Case 'Test Cases/Login/login_function' successfully

2020-06-05 21:05:37 - [TEST_STEP][PASSED] - click(findTestObject("Object Repository/Page_Create_New_Channel_Local/btn_create_channel_local")): Object: 'Object Repository/Page_Create_New_Channel_Local/btn_create_channel_local' is clicked on

2020-06-05 21:05:39 - [MESSAGE][PASSED] - Object: 'Object Repository/Page_Create_New_Channel_Local/btn_create_channel_local' is clicked on

2020-06-05 21:05:39 - [TEST_STEP][PASSED] - if (toString().equals("0")): null

2020-06-05 21:05:39 - [TEST_STEP][PASSED] - else: Object: 'Object Repository/Page_Create_New_Channel_Local/rdb_public_channel' is clicked on

2020-06-05 21:05:39 - [TEST_STEP][PASSED] - click(findTestObject("Object Repository/Page_Create_New_Channel_Local/rdb_public_channel")): Object: 'Object Repository/Page_Create_New_Channel_Local/rdb_public_channel' is clicked on

2020-06-05 21:05:39 - [MESSAGE][PASSED] - Object: 'Object Repository/Page_Create_New_Channel_Local/rdb_public_channel' is clicked on

2020-06-05 21:05:39 - [TEST_STEP][PASSED] - setText(findTestObject("Object Repository/Page_Create_New_Channel_Local/input_newChannelName"), name): Text 'test_name_4' is set on object 'Object Repository/Page_Create_New_Channel_Local/input_newChannelName'

2020-06-05 21:05:40 - [MESSAGE][PASSED] - Text 'test_name_4' is set on object 'Object Repository/Page_Create_New_Channel_Local/input_newChannelName'

2020-06-05 21:05:40 - [TEST_STEP][PASSED] - setText(findTestObject("Object Repository/Page_Create_New_Channel_Local/textarea_(optional)_newChannelPurpose"), purpose): Text 'test_purpose_4' is set on object 'Object Repository/Page_Create_New_Channel_Local/textarea_(optional)_newChannelPurpose'

2020-06-05 21:05:41 - [MESSAGE][PASSED] - Text 'test_purpose_4' is set on object 'Object Repository/Page_Create_New_Channel_Local/textarea_(optional)_newChannelPurpose'

2020-06-05 21:05:41 - [TEST_STEP][PASSED] - setText(findTestObject("Object Repository/Page_Create_New_Channel_Local/textarea_(optional)_newChannelHeader"), header): Text 'test_header_4' is set on object 'Object Repository/Page_Create_New_Channel_Local/textarea_(optional)_newChannelHeader'

2020-06-05 21:05:42 - [MESSAGE][PASSED] - Text 'test_header_4' is set on object 'Object Repository/Page_Create_New_Channel_Local/textarea_(optional)_newChannelHeader'

2020-06-05 21:05:42 - [TEST_STEP][PASSED] - click(findTestObject("Page_Create_New_Channel_Local/btn_submit")): Object: 'Object Repository/Page_Create_New_Channel_Local/btn_submit' is clicked on

2020-06-05 21:05:42 - [MESSAGE][PASSED] - Object: 'Object Repository/Page_Create_New_Channel_Local/btn_submit' is clicked on

2020-06-05 21:05:42 - [TEST_STEP][PASSED] - errorMessDup = getText(findTestObject("Object Repository/Page_Create_New_Channel_Local/txt_error_duplicate")): Text of object 'Object Repository/Page_Create_New_Channel_Local/txt_error_duplicate' is: 'A channel with that name already exists on the same team.'

2020-06-05 21:05:43 - [MESSAGE][PASSED] - Text of object 'Object Repository/Page_Create_New_Channel_Local/txt_error_duplicate' is: 'A channel with that name already exists on the same team.'

2020-06-05 21:05:43 - [TEST_STEP][PASSED] - verifyEqual(errorMessDup.contains("A channel with that name already exists on the same team."), true): Actual object 'true' and expected object 'true' are equal

2020-06-05 21:05:43 - [MESSAGE][PASSED] - Actual object 'true' and expected object 'true' are equal

2020-06-05 21:05:43 - [TEST_STEP][PASSED] - Start tear down : Teardown: Method 'Teardown' complete successfully

2020-06-05 21:05:43 - [TEST_STEP][PASSED] - closeBrowser(): Browser is closed

2020-06-05 21:05:44 - [MESSAGE][PASSED] - Browser is closed

2020-06-05 21:05:44 - [MESSAGE][PASSED] - Method 'Teardown' complete successfully]]></system-out>
         <system-err><![CDATA[]]></system-err>
      </testcase>
      <testcase name="Test Cases/Channel/Create_channel_duplicated" time="15.778" classname="Test Cases/Channel/Create_channel_duplicated" status="PASSED">
         <system-out><![CDATA[2020-06-05 21:05:44 - [TEST_CASE][PASSED] - Test Cases/Channel/Create_channel_duplicated: Test Cases/Channel/Create_channel_duplicated

2020-06-05 21:05:44 - [TEST_STEP][PASSED] - Start setup action : Setup: Method 'Setup' complete successfully

2020-06-05 21:05:44 - [TEST_STEP][PASSED] - openBrowser("http://192.168.1.10:8065/login"): Browser is opened with url: 'http://192.168.1.10:8065/login'

2020-06-05 21:05:44 - [MESSAGE][INFO] - Starting 'Firefox' driver

2020-06-05 21:05:44 - [MESSAGE][INFO] - Action delay is set to 0 milliseconds

2020-06-05 21:05:49 - [MESSAGE][PASSED] - Browser is opened with url: 'http://192.168.1.10:8065/login'

2020-06-05 21:05:49 - [MESSAGE][PASSED] - Method 'Setup' complete successfully

2020-06-05 21:05:49 - [TEST_STEP][PASSED] - callTestCase(findTestCase("Test Cases/Login/login_function"), ["var_user":"tlvietdanh@gmail.com", "var_password":"13101998"], STOP_ON_FAILURE): Call Test Case 'Test Cases/Login/login_function' successfully

2020-06-05 21:05:49 - [TEST_CASE][PASSED] - Test Cases/Login/login_function: Test Cases/Login/login_function

2020-06-05 21:05:49 - [TEST_STEP][PASSED] - setText(findTestObject("Object Repository/Page_Mattermost_login/input_loginId"), var_user): Text 'tlvietdanh@gmail.com' is set on object 'Object Repository/Page_Mattermost_login/input_loginId'

2020-06-05 21:05:50 - [MESSAGE][PASSED] - Text 'tlvietdanh@gmail.com' is set on object 'Object Repository/Page_Mattermost_login/input_loginId'

2020-06-05 21:05:50 - [TEST_STEP][PASSED] - setText(findTestObject("Object Repository/Page_Mattermost_login/input_password"), var_password): Text '13101998' is set on object 'Object Repository/Page_Mattermost_login/input_password'

2020-06-05 21:05:51 - [MESSAGE][PASSED] - Text '13101998' is set on object 'Object Repository/Page_Mattermost_login/input_password'

2020-06-05 21:05:51 - [TEST_STEP][PASSED] - click(findTestObject("Object Repository/Page_Mattermost_login/span_Sign in")): Object: 'Object Repository/Page_Mattermost_login/span_Sign in' is clicked on

2020-06-05 21:05:52 - [MESSAGE][PASSED] - Object: 'Object Repository/Page_Mattermost_login/span_Sign in' is clicked on

2020-06-05 21:05:52 - [MESSAGE][PASSED] - Call Test Case 'Test Cases/Login/login_function' successfully

2020-06-05 21:05:52 - [TEST_STEP][PASSED] - click(findTestObject("Object Repository/Page_Create_New_Channel_Local/btn_create_channel_local")): Object: 'Object Repository/Page_Create_New_Channel_Local/btn_create_channel_local' is clicked on

2020-06-05 21:05:54 - [MESSAGE][PASSED] - Object: 'Object Repository/Page_Create_New_Channel_Local/btn_create_channel_local' is clicked on

2020-06-05 21:05:54 - [TEST_STEP][PASSED] - if (toString().equals("0")): Object: 'Object Repository/Page_Create_New_Channel_Local/rdb_private_channel' is clicked on

2020-06-05 21:05:54 - [TEST_STEP][PASSED] - click(findTestObject("Object Repository/Page_Create_New_Channel_Local/rdb_private_channel")): Object: 'Object Repository/Page_Create_New_Channel_Local/rdb_private_channel' is clicked on

2020-06-05 21:05:55 - [MESSAGE][PASSED] - Object: 'Object Repository/Page_Create_New_Channel_Local/rdb_private_channel' is clicked on

2020-06-05 21:05:55 - [TEST_STEP][PASSED] - setText(findTestObject("Object Repository/Page_Create_New_Channel_Local/input_newChannelName"), name): Text 'test_name_5' is set on object 'Object Repository/Page_Create_New_Channel_Local/input_newChannelName'

2020-06-05 21:05:56 - [MESSAGE][PASSED] - Text 'test_name_5' is set on object 'Object Repository/Page_Create_New_Channel_Local/input_newChannelName'

2020-06-05 21:05:56 - [TEST_STEP][PASSED] - setText(findTestObject("Object Repository/Page_Create_New_Channel_Local/textarea_(optional)_newChannelPurpose"), purpose): Text 'test_purpose_5' is set on object 'Object Repository/Page_Create_New_Channel_Local/textarea_(optional)_newChannelPurpose'

2020-06-05 21:05:57 - [MESSAGE][PASSED] - Text 'test_purpose_5' is set on object 'Object Repository/Page_Create_New_Channel_Local/textarea_(optional)_newChannelPurpose'

2020-06-05 21:05:57 - [TEST_STEP][PASSED] - setText(findTestObject("Object Repository/Page_Create_New_Channel_Local/textarea_(optional)_newChannelHeader"), header): Text 'test_header_5' is set on object 'Object Repository/Page_Create_New_Channel_Local/textarea_(optional)_newChannelHeader'

2020-06-05 21:05:57 - [MESSAGE][PASSED] - Text 'test_header_5' is set on object 'Object Repository/Page_Create_New_Channel_Local/textarea_(optional)_newChannelHeader'

2020-06-05 21:05:57 - [TEST_STEP][PASSED] - click(findTestObject("Page_Create_New_Channel_Local/btn_submit")): Object: 'Object Repository/Page_Create_New_Channel_Local/btn_submit' is clicked on

2020-06-05 21:05:58 - [MESSAGE][PASSED] - Object: 'Object Repository/Page_Create_New_Channel_Local/btn_submit' is clicked on

2020-06-05 21:05:58 - [TEST_STEP][PASSED] - errorMessDup = getText(findTestObject("Object Repository/Page_Create_New_Channel_Local/txt_error_duplicate")): Text of object 'Object Repository/Page_Create_New_Channel_Local/txt_error_duplicate' is: 'A channel with that name already exists on the same team.'

2020-06-05 21:05:58 - [MESSAGE][PASSED] - Text of object 'Object Repository/Page_Create_New_Channel_Local/txt_error_duplicate' is: 'A channel with that name already exists on the same team.'

2020-06-05 21:05:58 - [TEST_STEP][PASSED] - verifyEqual(errorMessDup.contains("A channel with that name already exists on the same team."), true): Actual object 'true' and expected object 'true' are equal

2020-06-05 21:05:58 - [MESSAGE][PASSED] - Actual object 'true' and expected object 'true' are equal

2020-06-05 21:05:58 - [TEST_STEP][PASSED] - Start tear down : Teardown: Method 'Teardown' complete successfully

2020-06-05 21:05:58 - [TEST_STEP][PASSED] - closeBrowser(): Browser is closed

2020-06-05 21:06:00 - [MESSAGE][PASSED] - Browser is closed

2020-06-05 21:06:00 - [MESSAGE][PASSED] - Method 'Teardown' complete successfully]]></system-out>
         <system-err><![CDATA[]]></system-err>
      </testcase>
      <testcase name="Test Cases/Channel/Create_channel_error_header" time="19.074" classname="Test Cases/Channel/Create_channel_error_header" status="PASSED">
         <system-out><![CDATA[2020-06-05 21:06:00 - [TEST_CASE][PASSED] - Test Cases/Channel/Create_channel_error_header: Test Cases/Channel/Create_channel_error_header

2020-06-05 21:06:00 - [TEST_STEP][PASSED] - Start setup action : Setup: Method 'Setup' complete successfully

2020-06-05 21:06:00 - [TEST_STEP][PASSED] - openBrowser("http://192.168.1.10:8065/login"): Browser is opened with url: 'http://192.168.1.10:8065/login'

2020-06-05 21:06:00 - [MESSAGE][INFO] - Starting 'Firefox' driver

2020-06-05 21:06:00 - [MESSAGE][INFO] - Action delay is set to 0 milliseconds

2020-06-05 21:06:05 - [MESSAGE][PASSED] - Browser is opened with url: 'http://192.168.1.10:8065/login'

2020-06-05 21:06:05 - [MESSAGE][PASSED] - Method 'Setup' complete successfully

2020-06-05 21:06:05 - [TEST_STEP][PASSED] - callTestCase(findTestCase("Test Cases/Login/login_function"), ["var_user":"tlvietdanh@gmail.com", "var_password":"13101998"], STOP_ON_FAILURE): Call Test Case 'Test Cases/Login/login_function' successfully

2020-06-05 21:06:05 - [TEST_CASE][PASSED] - Test Cases/Login/login_function: Test Cases/Login/login_function

2020-06-05 21:06:05 - [TEST_STEP][PASSED] - setText(findTestObject("Object Repository/Page_Mattermost_login/input_loginId"), var_user): Text 'tlvietdanh@gmail.com' is set on object 'Object Repository/Page_Mattermost_login/input_loginId'

2020-06-05 21:06:07 - [MESSAGE][PASSED] - Text 'tlvietdanh@gmail.com' is set on object 'Object Repository/Page_Mattermost_login/input_loginId'

2020-06-05 21:06:07 - [TEST_STEP][PASSED] - setText(findTestObject("Object Repository/Page_Mattermost_login/input_password"), var_password): Text '13101998' is set on object 'Object Repository/Page_Mattermost_login/input_password'

2020-06-05 21:06:08 - [MESSAGE][PASSED] - Text '13101998' is set on object 'Object Repository/Page_Mattermost_login/input_password'

2020-06-05 21:06:08 - [TEST_STEP][PASSED] - click(findTestObject("Object Repository/Page_Mattermost_login/span_Sign in")): Object: 'Object Repository/Page_Mattermost_login/span_Sign in' is clicked on

2020-06-05 21:06:08 - [MESSAGE][PASSED] - Object: 'Object Repository/Page_Mattermost_login/span_Sign in' is clicked on

2020-06-05 21:06:08 - [MESSAGE][PASSED] - Call Test Case 'Test Cases/Login/login_function' successfully

2020-06-05 21:06:08 - [TEST_STEP][PASSED] - click(findTestObject("Object Repository/Page_Create_New_Channel_Local/btn_create_channel_local")): Object: 'Object Repository/Page_Create_New_Channel_Local/btn_create_channel_local' is clicked on

2020-06-05 21:06:11 - [MESSAGE][PASSED] - Object: 'Object Repository/Page_Create_New_Channel_Local/btn_create_channel_local' is clicked on

2020-06-05 21:06:11 - [TEST_STEP][PASSED] - if (toString().equals("0")): Object: 'Object Repository/Page_Create_New_Channel_Local/rdb_private_channel' is clicked on

2020-06-05 21:06:11 - [TEST_STEP][PASSED] - click(findTestObject("Object Repository/Page_Create_New_Channel_Local/rdb_private_channel")): Object: 'Object Repository/Page_Create_New_Channel_Local/rdb_private_channel' is clicked on

2020-06-05 21:06:11 - [MESSAGE][PASSED] - Object: 'Object Repository/Page_Create_New_Channel_Local/rdb_private_channel' is clicked on

2020-06-05 21:06:11 - [TEST_STEP][PASSED] - setText(findTestObject("Object Repository/Page_Create_New_Channel_Local/input_newChannelName"), name): Text '' is set on object 'Object Repository/Page_Create_New_Channel_Local/input_newChannelName'

2020-06-05 21:06:12 - [MESSAGE][PASSED] - Text '' is set on object 'Object Repository/Page_Create_New_Channel_Local/input_newChannelName'

2020-06-05 21:06:12 - [TEST_STEP][PASSED] - setText(findTestObject("Object Repository/Page_Create_New_Channel_Local/textarea_(optional)_newChannelPurpose"), purpose): Text 'test_purpose_1' is set on object 'Object Repository/Page_Create_New_Channel_Local/textarea_(optional)_newChannelPurpose'

2020-06-05 21:06:12 - [MESSAGE][PASSED] - Text 'test_purpose_1' is set on object 'Object Repository/Page_Create_New_Channel_Local/textarea_(optional)_newChannelPurpose'

2020-06-05 21:06:12 - [TEST_STEP][PASSED] - setText(findTestObject("Object Repository/Page_Create_New_Channel_Local/textarea_(optional)_newChannelHeader"), header): Text 'test_header_1' is set on object 'Object Repository/Page_Create_New_Channel_Local/textarea_(optional)_newChannelHeader'

2020-06-05 21:06:13 - [MESSAGE][PASSED] - Text 'test_header_1' is set on object 'Object Repository/Page_Create_New_Channel_Local/textarea_(optional)_newChannelHeader'

2020-06-05 21:06:13 - [TEST_STEP][PASSED] - click(findTestObject("Page_Create_New_Channel_Local/btn_submit")): Object: 'Object Repository/Page_Create_New_Channel_Local/btn_submit' is clicked on

2020-06-05 21:06:14 - [MESSAGE][PASSED] - Object: 'Object Repository/Page_Create_New_Channel_Local/btn_submit' is clicked on

2020-06-05 21:06:14 - [TEST_STEP][PASSED] - if (toString().length() < 2): Actual object 'true' and expected object 'true' are equal

2020-06-05 21:06:14 - [TEST_STEP][PASSED] - errorMess = getText(findTestObject("Object Repository/Page_Create_New_Channel_Local/txt_errorLabel")): Text of object 'Object Repository/Page_Create_New_Channel_Local/txt_errorLabel' is: 'Display name must have at least 2 characters.'

2020-06-05 21:06:14 - [MESSAGE][PASSED] - Text of object 'Object Repository/Page_Create_New_Channel_Local/txt_errorLabel' is: 'Display name must have at least 2 characters.'

2020-06-05 21:06:14 - [TEST_STEP][PASSED] - verifyEqual(errorMess.contains("Display name must have at least 2 characters."), true): Actual object 'true' and expected object 'true' are equal

2020-06-05 21:06:14 - [MESSAGE][PASSED] - Actual object 'true' and expected object 'true' are equal

2020-06-05 21:06:14 - [TEST_STEP][PASSED] - if (verifyElementPresent(findTestObject("Object Repository/Page_Create_New_Channel_Local/txt_error_duplicate"), 2, OPTIONAL) == true): com.kms.katalon.core.webui.exception.WebElementNotFoundException: Web element with id: 'Object Repository/Page_Create_New_Channel_Local/txt_error_duplicate' located by 'By.xpath: //p[@id='createChannelError']' not found (Root cause: com.kms.katalon.core.exception.StepFailedException: com.kms.katalon.core.webui.exception.WebElementNotFoundException: Web element with id: 'Object Repository/Page_Create_New_Channel_Local/txt_error_duplicate' located by 'By.xpath: //p[@id='createChannelError']' not found
	at com.kms.katalon.core.webui.keyword.internal.WebUIKeywordMain.stepFailed(WebUIKeywordMain.groovy:64)
	at com.kms.katalon.core.webui.keyword.builtin.VerifyElementPresentKeyword$_verifyElementPresent_closure1.doCall(VerifyElementPresentKeyword.groovy:85)
	at com.kms.katalon.core.webui.keyword.builtin.VerifyElementPresentKeyword$_verifyElementPresent_closure1.call(VerifyElementPresentKeyword.groovy)
	at com.kms.katalon.core.webui.keyword.internal.WebUIKeywordMain.runKeyword(WebUIKeywordMain.groovy:20)
	at com.kms.katalon.core.webui.keyword.builtin.VerifyElementPresentKeyword.verifyElementPresent(VerifyElementPresentKeyword.groovy:92)
	at com.kms.katalon.core.webui.keyword.builtin.VerifyElementPresentKeyword.execute(VerifyElementPresentKeyword.groovy:68)
	at com.kms.katalon.core.keyword.internal.KeywordExecutor.executeKeywordForPlatform(KeywordExecutor.groovy:72)
	at com.kms.katalon.core.webui.keyword.WebUiBuiltInKeywords.verifyElementPresent(WebUiBuiltInKeywords.groovy:1444)
	at com.kms.katalon.core.webui.keyword.WebUiBuiltInKeywords$verifyElementPresent$5.call(Unknown Source)
	at Create_channel_error_header.run(Create_channel_error_header:58)
	at com.kms.katalon.core.main.ScriptEngine.run(ScriptEngine.java:194)
	at com.kms.katalon.core.main.ScriptEngine.runScriptAsRawText(ScriptEngine.java:119)
	at com.kms.katalon.core.main.TestCaseExecutor.runScript(TestCaseExecutor.java:337)
	at com.kms.katalon.core.main.TestCaseExecutor.doExecute(TestCaseExecutor.java:328)
	at com.kms.katalon.core.main.TestCaseExecutor.processExecutionPhase(TestCaseExecutor.java:307)
	at com.kms.katalon.core.main.TestCaseExecutor.accessMainPhase(TestCaseExecutor.java:299)
	at com.kms.katalon.core.main.TestCaseExecutor.execute(TestCaseExecutor.java:233)
	at com.kms.katalon.core.main.TestSuiteExecutor.accessTestCaseMainPhase(TestSuiteExecutor.java:169)
	at com.kms.katalon.core.main.TestSuiteExecutor.accessTestSuiteMainPhase(TestSuiteExecutor.java:142)
	at com.kms.katalon.core.main.TestSuiteExecutor.execute(TestSuiteExecutor.java:91)
	at com.kms.katalon.core.main.TestCaseMain.startTestSuite(TestCaseMain.java:157)
	at com.kms.katalon.core.main.TestCaseMain$startTestSuite$0.call(Unknown Source)
	at TempTestSuite1591365428946.run(TempTestSuite1591365428946.groovy:37)
)

2020-06-05 21:06:17 - [MESSAGE][INFO] - Unable to find the element located by 'By.xpath: //p[@id='createChannelError']'. Please recheck the objects properties to make sure the desired element is located. 

2020-06-05 21:06:17 - [MESSAGE][WARNING] - com.kms.katalon.core.webui.exception.WebElementNotFoundException: Web element with id: 'Object Repository/Page_Create_New_Channel_Local/txt_error_duplicate' located by 'By.xpath: //p[@id='createChannelError']' not found (Root cause: com.kms.katalon.core.exception.StepFailedException: com.kms.katalon.core.webui.exception.WebElementNotFoundException: Web element with id: 'Object Repository/Page_Create_New_Channel_Local/txt_error_duplicate' located by 'By.xpath: //p[@id='createChannelError']' not found
	at com.kms.katalon.core.webui.keyword.internal.WebUIKeywordMain.stepFailed(WebUIKeywordMain.groovy:64)
	at com.kms.katalon.core.webui.keyword.builtin.VerifyElementPresentKeyword$_verifyElementPresent_closure1.doCall(VerifyElementPresentKeyword.groovy:85)
	at com.kms.katalon.core.webui.keyword.builtin.VerifyElementPresentKeyword$_verifyElementPresent_closure1.call(VerifyElementPresentKeyword.groovy)
	at com.kms.katalon.core.webui.keyword.internal.WebUIKeywordMain.runKeyword(WebUIKeywordMain.groovy:20)
	at com.kms.katalon.core.webui.keyword.builtin.VerifyElementPresentKeyword.verifyElementPresent(VerifyElementPresentKeyword.groovy:92)
	at com.kms.katalon.core.webui.keyword.builtin.VerifyElementPresentKeyword.execute(VerifyElementPresentKeyword.groovy:68)
	at com.kms.katalon.core.keyword.internal.KeywordExecutor.executeKeywordForPlatform(KeywordExecutor.groovy:72)
	at com.kms.katalon.core.webui.keyword.WebUiBuiltInKeywords.verifyElementPresent(WebUiBuiltInKeywords.groovy:1444)
	at com.kms.katalon.core.webui.keyword.WebUiBuiltInKeywords$verifyElementPresent$5.call(Unknown Source)
	at Create_channel_error_header.run(Create_channel_error_header:58)
	at com.kms.katalon.core.main.ScriptEngine.run(ScriptEngine.java:194)
	at com.kms.katalon.core.main.ScriptEngine.runScriptAsRawText(ScriptEngine.java:119)
	at com.kms.katalon.core.main.TestCaseExecutor.runScript(TestCaseExecutor.java:337)
	at com.kms.katalon.core.main.TestCaseExecutor.doExecute(TestCaseExecutor.java:328)
	at com.kms.katalon.core.main.TestCaseExecutor.processExecutionPhase(TestCaseExecutor.java:307)
	at com.kms.katalon.core.main.TestCaseExecutor.accessMainPhase(TestCaseExecutor.java:299)
	at com.kms.katalon.core.main.TestCaseExecutor.execute(TestCaseExecutor.java:233)
	at com.kms.katalon.core.main.TestSuiteExecutor.accessTestCaseMainPhase(TestSuiteExecutor.java:169)
	at com.kms.katalon.core.main.TestSuiteExecutor.accessTestSuiteMainPhase(TestSuiteExecutor.java:142)
	at com.kms.katalon.core.main.TestSuiteExecutor.execute(TestSuiteExecutor.java:91)
	at com.kms.katalon.core.main.TestCaseMain.startTestSuite(TestCaseMain.java:157)
	at com.kms.katalon.core.main.TestCaseMain$startTestSuite$0.call(Unknown Source)
	at TempTestSuite1591365428946.run(TempTestSuite1591365428946.groovy:37)
)
[[ATTACHMENT|D:\\katalon\\hw2-katalon-testing\\Reports\\20200605_205708\\Run_All_Test_Cases\\20200605_205708\\1591365977688.png]]

2020-06-05 21:06:17 - [TEST_STEP][PASSED] - Start tear down : Teardown: Method 'Teardown' complete successfully

2020-06-05 21:06:17 - [TEST_STEP][PASSED] - closeBrowser(): Browser is closed

2020-06-05 21:06:19 - [MESSAGE][PASSED] - Browser is closed

2020-06-05 21:06:19 - [MESSAGE][PASSED] - Method 'Teardown' complete successfully]]></system-out>
         <system-err><![CDATA[]]></system-err>
      </testcase>
      <testcase name="Test Cases/Channel/Create_channel_error_header" time="18.584" classname="Test Cases/Channel/Create_channel_error_header" status="PASSED">
         <system-out><![CDATA[2020-06-05 21:06:19 - [TEST_CASE][PASSED] - Test Cases/Channel/Create_channel_error_header: Test Cases/Channel/Create_channel_error_header

2020-06-05 21:06:19 - [TEST_STEP][PASSED] - Start setup action : Setup: Method 'Setup' complete successfully

2020-06-05 21:06:19 - [TEST_STEP][PASSED] - openBrowser("http://192.168.1.10:8065/login"): Browser is opened with url: 'http://192.168.1.10:8065/login'

2020-06-05 21:06:19 - [MESSAGE][INFO] - Starting 'Firefox' driver

2020-06-05 21:06:19 - [MESSAGE][INFO] - Action delay is set to 0 milliseconds

2020-06-05 21:06:24 - [MESSAGE][PASSED] - Browser is opened with url: 'http://192.168.1.10:8065/login'

2020-06-05 21:06:24 - [MESSAGE][PASSED] - Method 'Setup' complete successfully

2020-06-05 21:06:24 - [TEST_STEP][PASSED] - callTestCase(findTestCase("Test Cases/Login/login_function"), ["var_user":"tlvietdanh@gmail.com", "var_password":"13101998"], STOP_ON_FAILURE): Call Test Case 'Test Cases/Login/login_function' successfully

2020-06-05 21:06:24 - [TEST_CASE][PASSED] - Test Cases/Login/login_function: Test Cases/Login/login_function

2020-06-05 21:06:24 - [TEST_STEP][PASSED] - setText(findTestObject("Object Repository/Page_Mattermost_login/input_loginId"), var_user): Text 'tlvietdanh@gmail.com' is set on object 'Object Repository/Page_Mattermost_login/input_loginId'

2020-06-05 21:06:25 - [MESSAGE][PASSED] - Text 'tlvietdanh@gmail.com' is set on object 'Object Repository/Page_Mattermost_login/input_loginId'

2020-06-05 21:06:25 - [TEST_STEP][PASSED] - setText(findTestObject("Object Repository/Page_Mattermost_login/input_password"), var_password): Text '13101998' is set on object 'Object Repository/Page_Mattermost_login/input_password'

2020-06-05 21:06:26 - [MESSAGE][PASSED] - Text '13101998' is set on object 'Object Repository/Page_Mattermost_login/input_password'

2020-06-05 21:06:26 - [TEST_STEP][PASSED] - click(findTestObject("Object Repository/Page_Mattermost_login/span_Sign in")): Object: 'Object Repository/Page_Mattermost_login/span_Sign in' is clicked on

2020-06-05 21:06:27 - [MESSAGE][PASSED] - Object: 'Object Repository/Page_Mattermost_login/span_Sign in' is clicked on

2020-06-05 21:06:27 - [MESSAGE][PASSED] - Call Test Case 'Test Cases/Login/login_function' successfully

2020-06-05 21:06:27 - [TEST_STEP][PASSED] - click(findTestObject("Object Repository/Page_Create_New_Channel_Local/btn_create_channel_local")): Object: 'Object Repository/Page_Create_New_Channel_Local/btn_create_channel_local' is clicked on

2020-06-05 21:06:29 - [MESSAGE][PASSED] - Object: 'Object Repository/Page_Create_New_Channel_Local/btn_create_channel_local' is clicked on

2020-06-05 21:06:29 - [TEST_STEP][PASSED] - if (toString().equals("0")): Object: 'Object Repository/Page_Create_New_Channel_Local/rdb_private_channel' is clicked on

2020-06-05 21:06:29 - [TEST_STEP][PASSED] - click(findTestObject("Object Repository/Page_Create_New_Channel_Local/rdb_private_channel")): Object: 'Object Repository/Page_Create_New_Channel_Local/rdb_private_channel' is clicked on

2020-06-05 21:06:30 - [MESSAGE][PASSED] - Object: 'Object Repository/Page_Create_New_Channel_Local/rdb_private_channel' is clicked on

2020-06-05 21:06:30 - [TEST_STEP][PASSED] - setText(findTestObject("Object Repository/Page_Create_New_Channel_Local/input_newChannelName"), name): Text '1' is set on object 'Object Repository/Page_Create_New_Channel_Local/input_newChannelName'

2020-06-05 21:06:30 - [MESSAGE][PASSED] - Text '1' is set on object 'Object Repository/Page_Create_New_Channel_Local/input_newChannelName'

2020-06-05 21:06:30 - [TEST_STEP][PASSED] - setText(findTestObject("Object Repository/Page_Create_New_Channel_Local/textarea_(optional)_newChannelPurpose"), purpose): Text 'test_purpose_2' is set on object 'Object Repository/Page_Create_New_Channel_Local/textarea_(optional)_newChannelPurpose'

2020-06-05 21:06:31 - [MESSAGE][PASSED] - Text 'test_purpose_2' is set on object 'Object Repository/Page_Create_New_Channel_Local/textarea_(optional)_newChannelPurpose'

2020-06-05 21:06:31 - [TEST_STEP][PASSED] - setText(findTestObject("Object Repository/Page_Create_New_Channel_Local/textarea_(optional)_newChannelHeader"), header): Text 'test_header_2' is set on object 'Object Repository/Page_Create_New_Channel_Local/textarea_(optional)_newChannelHeader'

2020-06-05 21:06:32 - [MESSAGE][PASSED] - Text 'test_header_2' is set on object 'Object Repository/Page_Create_New_Channel_Local/textarea_(optional)_newChannelHeader'

2020-06-05 21:06:32 - [TEST_STEP][PASSED] - click(findTestObject("Page_Create_New_Channel_Local/btn_submit")): Object: 'Object Repository/Page_Create_New_Channel_Local/btn_submit' is clicked on

2020-06-05 21:06:33 - [MESSAGE][PASSED] - Object: 'Object Repository/Page_Create_New_Channel_Local/btn_submit' is clicked on

2020-06-05 21:06:33 - [TEST_STEP][PASSED] - if (toString().length() < 2): Actual object 'true' and expected object 'true' are equal

2020-06-05 21:06:33 - [TEST_STEP][PASSED] - errorMess = getText(findTestObject("Object Repository/Page_Create_New_Channel_Local/txt_errorLabel")): Text of object 'Object Repository/Page_Create_New_Channel_Local/txt_errorLabel' is: 'Display name must have at least 2 characters.'

2020-06-05 21:06:33 - [MESSAGE][PASSED] - Text of object 'Object Repository/Page_Create_New_Channel_Local/txt_errorLabel' is: 'Display name must have at least 2 characters.'

2020-06-05 21:06:33 - [TEST_STEP][PASSED] - verifyEqual(errorMess.contains("Display name must have at least 2 characters."), true): Actual object 'true' and expected object 'true' are equal

2020-06-05 21:06:33 - [MESSAGE][PASSED] - Actual object 'true' and expected object 'true' are equal

2020-06-05 21:06:33 - [TEST_STEP][PASSED] - if (verifyElementPresent(findTestObject("Object Repository/Page_Create_New_Channel_Local/txt_error_duplicate"), 2, OPTIONAL) == true): com.kms.katalon.core.webui.exception.WebElementNotFoundException: Web element with id: 'Object Repository/Page_Create_New_Channel_Local/txt_error_duplicate' located by 'By.xpath: //p[@id='createChannelError']' not found (Root cause: com.kms.katalon.core.exception.StepFailedException: com.kms.katalon.core.webui.exception.WebElementNotFoundException: Web element with id: 'Object Repository/Page_Create_New_Channel_Local/txt_error_duplicate' located by 'By.xpath: //p[@id='createChannelError']' not found
	at com.kms.katalon.core.webui.keyword.internal.WebUIKeywordMain.stepFailed(WebUIKeywordMain.groovy:64)
	at com.kms.katalon.core.webui.keyword.builtin.VerifyElementPresentKeyword$_verifyElementPresent_closure1.doCall(VerifyElementPresentKeyword.groovy:85)
	at com.kms.katalon.core.webui.keyword.builtin.VerifyElementPresentKeyword$_verifyElementPresent_closure1.call(VerifyElementPresentKeyword.groovy)
	at com.kms.katalon.core.webui.keyword.internal.WebUIKeywordMain.runKeyword(WebUIKeywordMain.groovy:20)
	at com.kms.katalon.core.webui.keyword.builtin.VerifyElementPresentKeyword.verifyElementPresent(VerifyElementPresentKeyword.groovy:92)
	at com.kms.katalon.core.webui.keyword.builtin.VerifyElementPresentKeyword.execute(VerifyElementPresentKeyword.groovy:68)
	at com.kms.katalon.core.keyword.internal.KeywordExecutor.executeKeywordForPlatform(KeywordExecutor.groovy:72)
	at com.kms.katalon.core.webui.keyword.WebUiBuiltInKeywords.verifyElementPresent(WebUiBuiltInKeywords.groovy:1444)
	at com.kms.katalon.core.webui.keyword.WebUiBuiltInKeywords$verifyElementPresent$5.call(Unknown Source)
	at Create_channel_error_header.run(Create_channel_error_header:58)
	at com.kms.katalon.core.main.ScriptEngine.run(ScriptEngine.java:194)
	at com.kms.katalon.core.main.ScriptEngine.runScriptAsRawText(ScriptEngine.java:119)
	at com.kms.katalon.core.main.TestCaseExecutor.runScript(TestCaseExecutor.java:337)
	at com.kms.katalon.core.main.TestCaseExecutor.doExecute(TestCaseExecutor.java:328)
	at com.kms.katalon.core.main.TestCaseExecutor.processExecutionPhase(TestCaseExecutor.java:307)
	at com.kms.katalon.core.main.TestCaseExecutor.accessMainPhase(TestCaseExecutor.java:299)
	at com.kms.katalon.core.main.TestCaseExecutor.execute(TestCaseExecutor.java:233)
	at com.kms.katalon.core.main.TestSuiteExecutor.accessTestCaseMainPhase(TestSuiteExecutor.java:169)
	at com.kms.katalon.core.main.TestSuiteExecutor.accessTestSuiteMainPhase(TestSuiteExecutor.java:142)
	at com.kms.katalon.core.main.TestSuiteExecutor.execute(TestSuiteExecutor.java:91)
	at com.kms.katalon.core.main.TestCaseMain.startTestSuite(TestCaseMain.java:157)
	at com.kms.katalon.core.main.TestCaseMain$startTestSuite$0.call(Unknown Source)
	at TempTestSuite1591365428946.run(TempTestSuite1591365428946.groovy:37)
)

2020-06-05 21:06:36 - [MESSAGE][INFO] - Unable to find the element located by 'By.xpath: //p[@id='createChannelError']'. Please recheck the objects properties to make sure the desired element is located. 

2020-06-05 21:06:36 - [MESSAGE][WARNING] - com.kms.katalon.core.webui.exception.WebElementNotFoundException: Web element with id: 'Object Repository/Page_Create_New_Channel_Local/txt_error_duplicate' located by 'By.xpath: //p[@id='createChannelError']' not found (Root cause: com.kms.katalon.core.exception.StepFailedException: com.kms.katalon.core.webui.exception.WebElementNotFoundException: Web element with id: 'Object Repository/Page_Create_New_Channel_Local/txt_error_duplicate' located by 'By.xpath: //p[@id='createChannelError']' not found
	at com.kms.katalon.core.webui.keyword.internal.WebUIKeywordMain.stepFailed(WebUIKeywordMain.groovy:64)
	at com.kms.katalon.core.webui.keyword.builtin.VerifyElementPresentKeyword$_verifyElementPresent_closure1.doCall(VerifyElementPresentKeyword.groovy:85)
	at com.kms.katalon.core.webui.keyword.builtin.VerifyElementPresentKeyword$_verifyElementPresent_closure1.call(VerifyElementPresentKeyword.groovy)
	at com.kms.katalon.core.webui.keyword.internal.WebUIKeywordMain.runKeyword(WebUIKeywordMain.groovy:20)
	at com.kms.katalon.core.webui.keyword.builtin.VerifyElementPresentKeyword.verifyElementPresent(VerifyElementPresentKeyword.groovy:92)
	at com.kms.katalon.core.webui.keyword.builtin.VerifyElementPresentKeyword.execute(VerifyElementPresentKeyword.groovy:68)
	at com.kms.katalon.core.keyword.internal.KeywordExecutor.executeKeywordForPlatform(KeywordExecutor.groovy:72)
	at com.kms.katalon.core.webui.keyword.WebUiBuiltInKeywords.verifyElementPresent(WebUiBuiltInKeywords.groovy:1444)
	at com.kms.katalon.core.webui.keyword.WebUiBuiltInKeywords$verifyElementPresent$5.call(Unknown Source)
	at Create_channel_error_header.run(Create_channel_error_header:58)
	at com.kms.katalon.core.main.ScriptEngine.run(ScriptEngine.java:194)
	at com.kms.katalon.core.main.ScriptEngine.runScriptAsRawText(ScriptEngine.java:119)
	at com.kms.katalon.core.main.TestCaseExecutor.runScript(TestCaseExecutor.java:337)
	at com.kms.katalon.core.main.TestCaseExecutor.doExecute(TestCaseExecutor.java:328)
	at com.kms.katalon.core.main.TestCaseExecutor.processExecutionPhase(TestCaseExecutor.java:307)
	at com.kms.katalon.core.main.TestCaseExecutor.accessMainPhase(TestCaseExecutor.java:299)
	at com.kms.katalon.core.main.TestCaseExecutor.execute(TestCaseExecutor.java:233)
	at com.kms.katalon.core.main.TestSuiteExecutor.accessTestCaseMainPhase(TestSuiteExecutor.java:169)
	at com.kms.katalon.core.main.TestSuiteExecutor.accessTestSuiteMainPhase(TestSuiteExecutor.java:142)
	at com.kms.katalon.core.main.TestSuiteExecutor.execute(TestSuiteExecutor.java:91)
	at com.kms.katalon.core.main.TestCaseMain.startTestSuite(TestCaseMain.java:157)
	at com.kms.katalon.core.main.TestCaseMain$startTestSuite$0.call(Unknown Source)
	at TempTestSuite1591365428946.run(TempTestSuite1591365428946.groovy:37)
)
[[ATTACHMENT|D:\\katalon\\hw2-katalon-testing\\Reports\\20200605_205708\\Run_All_Test_Cases\\20200605_205708\\1591365996348.png]]

2020-06-05 21:06:36 - [TEST_STEP][PASSED] - Start tear down : Teardown: Method 'Teardown' complete successfully

2020-06-05 21:06:36 - [TEST_STEP][PASSED] - closeBrowser(): Browser is closed

2020-06-05 21:06:37 - [MESSAGE][PASSED] - Browser is closed

2020-06-05 21:06:37 - [MESSAGE][PASSED] - Method 'Teardown' complete successfully]]></system-out>
         <system-err><![CDATA[]]></system-err>
      </testcase>
      <testcase name="Test Cases/Channel/Create_channel_error_header" time="17.634" classname="Test Cases/Channel/Create_channel_error_header" status="PASSED">
         <system-out><![CDATA[2020-06-05 21:06:37 - [TEST_CASE][PASSED] - Test Cases/Channel/Create_channel_error_header: Test Cases/Channel/Create_channel_error_header

2020-06-05 21:06:37 - [TEST_STEP][PASSED] - Start setup action : Setup: Method 'Setup' complete successfully

2020-06-05 21:06:37 - [TEST_STEP][PASSED] - openBrowser("http://192.168.1.10:8065/login"): Browser is opened with url: 'http://192.168.1.10:8065/login'

2020-06-05 21:06:37 - [MESSAGE][INFO] - Starting 'Firefox' driver

2020-06-05 21:06:37 - [MESSAGE][INFO] - Action delay is set to 0 milliseconds

2020-06-05 21:06:42 - [MESSAGE][PASSED] - Browser is opened with url: 'http://192.168.1.10:8065/login'

2020-06-05 21:06:42 - [MESSAGE][PASSED] - Method 'Setup' complete successfully

2020-06-05 21:06:42 - [TEST_STEP][PASSED] - callTestCase(findTestCase("Test Cases/Login/login_function"), ["var_user":"tlvietdanh@gmail.com", "var_password":"13101998"], STOP_ON_FAILURE): Call Test Case 'Test Cases/Login/login_function' successfully

2020-06-05 21:06:42 - [TEST_CASE][PASSED] - Test Cases/Login/login_function: Test Cases/Login/login_function

2020-06-05 21:06:42 - [TEST_STEP][PASSED] - setText(findTestObject("Object Repository/Page_Mattermost_login/input_loginId"), var_user): Text 'tlvietdanh@gmail.com' is set on object 'Object Repository/Page_Mattermost_login/input_loginId'

2020-06-05 21:06:43 - [MESSAGE][PASSED] - Text 'tlvietdanh@gmail.com' is set on object 'Object Repository/Page_Mattermost_login/input_loginId'

2020-06-05 21:06:43 - [TEST_STEP][PASSED] - setText(findTestObject("Object Repository/Page_Mattermost_login/input_password"), var_password): Text '13101998' is set on object 'Object Repository/Page_Mattermost_login/input_password'

2020-06-05 21:06:44 - [MESSAGE][PASSED] - Text '13101998' is set on object 'Object Repository/Page_Mattermost_login/input_password'

2020-06-05 21:06:44 - [TEST_STEP][PASSED] - click(findTestObject("Object Repository/Page_Mattermost_login/span_Sign in")): Object: 'Object Repository/Page_Mattermost_login/span_Sign in' is clicked on

2020-06-05 21:06:45 - [MESSAGE][PASSED] - Object: 'Object Repository/Page_Mattermost_login/span_Sign in' is clicked on

2020-06-05 21:06:45 - [MESSAGE][PASSED] - Call Test Case 'Test Cases/Login/login_function' successfully

2020-06-05 21:06:45 - [TEST_STEP][PASSED] - click(findTestObject("Object Repository/Page_Create_New_Channel_Local/btn_create_channel_local")): Object: 'Object Repository/Page_Create_New_Channel_Local/btn_create_channel_local' is clicked on

2020-06-05 21:06:47 - [MESSAGE][PASSED] - Object: 'Object Repository/Page_Create_New_Channel_Local/btn_create_channel_local' is clicked on

2020-06-05 21:06:47 - [TEST_STEP][PASSED] - if (toString().equals("0")): null

2020-06-05 21:06:47 - [TEST_STEP][PASSED] - else: Object: 'Object Repository/Page_Create_New_Channel_Local/rdb_public_channel' is clicked on

2020-06-05 21:06:47 - [TEST_STEP][PASSED] - click(findTestObject("Object Repository/Page_Create_New_Channel_Local/rdb_public_channel")): Object: 'Object Repository/Page_Create_New_Channel_Local/rdb_public_channel' is clicked on

2020-06-05 21:06:48 - [MESSAGE][PASSED] - Object: 'Object Repository/Page_Create_New_Channel_Local/rdb_public_channel' is clicked on

2020-06-05 21:06:48 - [TEST_STEP][PASSED] - setText(findTestObject("Object Repository/Page_Create_New_Channel_Local/input_newChannelName"), name): Text '' is set on object 'Object Repository/Page_Create_New_Channel_Local/input_newChannelName'

2020-06-05 21:06:48 - [MESSAGE][PASSED] - Text '' is set on object 'Object Repository/Page_Create_New_Channel_Local/input_newChannelName'

2020-06-05 21:06:48 - [TEST_STEP][PASSED] - setText(findTestObject("Object Repository/Page_Create_New_Channel_Local/textarea_(optional)_newChannelPurpose"), purpose): Text 'test_purpose_3' is set on object 'Object Repository/Page_Create_New_Channel_Local/textarea_(optional)_newChannelPurpose'

2020-06-05 21:06:49 - [MESSAGE][PASSED] - Text 'test_purpose_3' is set on object 'Object Repository/Page_Create_New_Channel_Local/textarea_(optional)_newChannelPurpose'

2020-06-05 21:06:49 - [TEST_STEP][PASSED] - setText(findTestObject("Object Repository/Page_Create_New_Channel_Local/textarea_(optional)_newChannelHeader"), header): Text 'test_header_3' is set on object 'Object Repository/Page_Create_New_Channel_Local/textarea_(optional)_newChannelHeader'

2020-06-05 21:06:50 - [MESSAGE][PASSED] - Text 'test_header_3' is set on object 'Object Repository/Page_Create_New_Channel_Local/textarea_(optional)_newChannelHeader'

2020-06-05 21:06:50 - [TEST_STEP][PASSED] - click(findTestObject("Page_Create_New_Channel_Local/btn_submit")): Object: 'Object Repository/Page_Create_New_Channel_Local/btn_submit' is clicked on

2020-06-05 21:06:50 - [MESSAGE][PASSED] - Object: 'Object Repository/Page_Create_New_Channel_Local/btn_submit' is clicked on

2020-06-05 21:06:50 - [TEST_STEP][PASSED] - if (toString().length() < 2): Actual object 'true' and expected object 'true' are equal

2020-06-05 21:06:50 - [TEST_STEP][PASSED] - errorMess = getText(findTestObject("Object Repository/Page_Create_New_Channel_Local/txt_errorLabel")): Text of object 'Object Repository/Page_Create_New_Channel_Local/txt_errorLabel' is: 'Display name must have at least 2 characters.'

2020-06-05 21:06:51 - [MESSAGE][PASSED] - Text of object 'Object Repository/Page_Create_New_Channel_Local/txt_errorLabel' is: 'Display name must have at least 2 characters.'

2020-06-05 21:06:51 - [TEST_STEP][PASSED] - verifyEqual(errorMess.contains("Display name must have at least 2 characters."), true): Actual object 'true' and expected object 'true' are equal

2020-06-05 21:06:51 - [MESSAGE][PASSED] - Actual object 'true' and expected object 'true' are equal

2020-06-05 21:06:51 - [TEST_STEP][PASSED] - if (verifyElementPresent(findTestObject("Object Repository/Page_Create_New_Channel_Local/txt_error_duplicate"), 2, OPTIONAL) == true): com.kms.katalon.core.webui.exception.WebElementNotFoundException: Web element with id: 'Object Repository/Page_Create_New_Channel_Local/txt_error_duplicate' located by 'By.xpath: //p[@id='createChannelError']' not found (Root cause: com.kms.katalon.core.exception.StepFailedException: com.kms.katalon.core.webui.exception.WebElementNotFoundException: Web element with id: 'Object Repository/Page_Create_New_Channel_Local/txt_error_duplicate' located by 'By.xpath: //p[@id='createChannelError']' not found
	at com.kms.katalon.core.webui.keyword.internal.WebUIKeywordMain.stepFailed(WebUIKeywordMain.groovy:64)
	at com.kms.katalon.core.webui.keyword.builtin.VerifyElementPresentKeyword$_verifyElementPresent_closure1.doCall(VerifyElementPresentKeyword.groovy:85)
	at com.kms.katalon.core.webui.keyword.builtin.VerifyElementPresentKeyword$_verifyElementPresent_closure1.call(VerifyElementPresentKeyword.groovy)
	at com.kms.katalon.core.webui.keyword.internal.WebUIKeywordMain.runKeyword(WebUIKeywordMain.groovy:20)
	at com.kms.katalon.core.webui.keyword.builtin.VerifyElementPresentKeyword.verifyElementPresent(VerifyElementPresentKeyword.groovy:92)
	at com.kms.katalon.core.webui.keyword.builtin.VerifyElementPresentKeyword.execute(VerifyElementPresentKeyword.groovy:68)
	at com.kms.katalon.core.keyword.internal.KeywordExecutor.executeKeywordForPlatform(KeywordExecutor.groovy:72)
	at com.kms.katalon.core.webui.keyword.WebUiBuiltInKeywords.verifyElementPresent(WebUiBuiltInKeywords.groovy:1444)
	at com.kms.katalon.core.webui.keyword.WebUiBuiltInKeywords$verifyElementPresent$5.call(Unknown Source)
	at Create_channel_error_header.run(Create_channel_error_header:58)
	at com.kms.katalon.core.main.ScriptEngine.run(ScriptEngine.java:194)
	at com.kms.katalon.core.main.ScriptEngine.runScriptAsRawText(ScriptEngine.java:119)
	at com.kms.katalon.core.main.TestCaseExecutor.runScript(TestCaseExecutor.java:337)
	at com.kms.katalon.core.main.TestCaseExecutor.doExecute(TestCaseExecutor.java:328)
	at com.kms.katalon.core.main.TestCaseExecutor.processExecutionPhase(TestCaseExecutor.java:307)
	at com.kms.katalon.core.main.TestCaseExecutor.accessMainPhase(TestCaseExecutor.java:299)
	at com.kms.katalon.core.main.TestCaseExecutor.execute(TestCaseExecutor.java:233)
	at com.kms.katalon.core.main.TestSuiteExecutor.accessTestCaseMainPhase(TestSuiteExecutor.java:169)
	at com.kms.katalon.core.main.TestSuiteExecutor.accessTestSuiteMainPhase(TestSuiteExecutor.java:142)
	at com.kms.katalon.core.main.TestSuiteExecutor.execute(TestSuiteExecutor.java:91)
	at com.kms.katalon.core.main.TestCaseMain.startTestSuite(TestCaseMain.java:157)
	at com.kms.katalon.core.main.TestCaseMain$startTestSuite$0.call(Unknown Source)
	at TempTestSuite1591365428946.run(TempTestSuite1591365428946.groovy:37)
)

2020-06-05 21:06:54 - [MESSAGE][INFO] - Unable to find the element located by 'By.xpath: //p[@id='createChannelError']'. Please recheck the objects properties to make sure the desired element is located. 

2020-06-05 21:06:54 - [MESSAGE][WARNING] - com.kms.katalon.core.webui.exception.WebElementNotFoundException: Web element with id: 'Object Repository/Page_Create_New_Channel_Local/txt_error_duplicate' located by 'By.xpath: //p[@id='createChannelError']' not found (Root cause: com.kms.katalon.core.exception.StepFailedException: com.kms.katalon.core.webui.exception.WebElementNotFoundException: Web element with id: 'Object Repository/Page_Create_New_Channel_Local/txt_error_duplicate' located by 'By.xpath: //p[@id='createChannelError']' not found
	at com.kms.katalon.core.webui.keyword.internal.WebUIKeywordMain.stepFailed(WebUIKeywordMain.groovy:64)
	at com.kms.katalon.core.webui.keyword.builtin.VerifyElementPresentKeyword$_verifyElementPresent_closure1.doCall(VerifyElementPresentKeyword.groovy:85)
	at com.kms.katalon.core.webui.keyword.builtin.VerifyElementPresentKeyword$_verifyElementPresent_closure1.call(VerifyElementPresentKeyword.groovy)
	at com.kms.katalon.core.webui.keyword.internal.WebUIKeywordMain.runKeyword(WebUIKeywordMain.groovy:20)
	at com.kms.katalon.core.webui.keyword.builtin.VerifyElementPresentKeyword.verifyElementPresent(VerifyElementPresentKeyword.groovy:92)
	at com.kms.katalon.core.webui.keyword.builtin.VerifyElementPresentKeyword.execute(VerifyElementPresentKeyword.groovy:68)
	at com.kms.katalon.core.keyword.internal.KeywordExecutor.executeKeywordForPlatform(KeywordExecutor.groovy:72)
	at com.kms.katalon.core.webui.keyword.WebUiBuiltInKeywords.verifyElementPresent(WebUiBuiltInKeywords.groovy:1444)
	at com.kms.katalon.core.webui.keyword.WebUiBuiltInKeywords$verifyElementPresent$5.call(Unknown Source)
	at Create_channel_error_header.run(Create_channel_error_header:58)
	at com.kms.katalon.core.main.ScriptEngine.run(ScriptEngine.java:194)
	at com.kms.katalon.core.main.ScriptEngine.runScriptAsRawText(ScriptEngine.java:119)
	at com.kms.katalon.core.main.TestCaseExecutor.runScript(TestCaseExecutor.java:337)
	at com.kms.katalon.core.main.TestCaseExecutor.doExecute(TestCaseExecutor.java:328)
	at com.kms.katalon.core.main.TestCaseExecutor.processExecutionPhase(TestCaseExecutor.java:307)
	at com.kms.katalon.core.main.TestCaseExecutor.accessMainPhase(TestCaseExecutor.java:299)
	at com.kms.katalon.core.main.TestCaseExecutor.execute(TestCaseExecutor.java:233)
	at com.kms.katalon.core.main.TestSuiteExecutor.accessTestCaseMainPhase(TestSuiteExecutor.java:169)
	at com.kms.katalon.core.main.TestSuiteExecutor.accessTestSuiteMainPhase(TestSuiteExecutor.java:142)
	at com.kms.katalon.core.main.TestSuiteExecutor.execute(TestSuiteExecutor.java:91)
	at com.kms.katalon.core.main.TestCaseMain.startTestSuite(TestCaseMain.java:157)
	at com.kms.katalon.core.main.TestCaseMain$startTestSuite$0.call(Unknown Source)
	at TempTestSuite1591365428946.run(TempTestSuite1591365428946.groovy:37)
)
[[ATTACHMENT|D:\\katalon\\hw2-katalon-testing\\Reports\\20200605_205708\\Run_All_Test_Cases\\20200605_205708\\1591366014113.png]]

2020-06-05 21:06:54 - [TEST_STEP][PASSED] - Start tear down : Teardown: Method 'Teardown' complete successfully

2020-06-05 21:06:54 - [TEST_STEP][PASSED] - closeBrowser(): Browser is closed

2020-06-05 21:06:55 - [MESSAGE][PASSED] - Browser is closed

2020-06-05 21:06:55 - [MESSAGE][PASSED] - Method 'Teardown' complete successfully]]></system-out>
         <system-err><![CDATA[]]></system-err>
      </testcase>
      <testcase name="Test Cases/Channel/Create_channel_error_header" time="18.056" classname="Test Cases/Channel/Create_channel_error_header" status="PASSED">
         <system-out><![CDATA[2020-06-05 21:06:55 - [TEST_CASE][PASSED] - Test Cases/Channel/Create_channel_error_header: Test Cases/Channel/Create_channel_error_header

2020-06-05 21:06:55 - [TEST_STEP][PASSED] - Start setup action : Setup: Method 'Setup' complete successfully

2020-06-05 21:06:55 - [TEST_STEP][PASSED] - openBrowser("http://192.168.1.10:8065/login"): Browser is opened with url: 'http://192.168.1.10:8065/login'

2020-06-05 21:06:55 - [MESSAGE][INFO] - Starting 'Firefox' driver

2020-06-05 21:06:55 - [MESSAGE][INFO] - Action delay is set to 0 milliseconds

2020-06-05 21:07:00 - [MESSAGE][PASSED] - Browser is opened with url: 'http://192.168.1.10:8065/login'

2020-06-05 21:07:00 - [MESSAGE][PASSED] - Method 'Setup' complete successfully

2020-06-05 21:07:00 - [TEST_STEP][PASSED] - callTestCase(findTestCase("Test Cases/Login/login_function"), ["var_user":"tlvietdanh@gmail.com", "var_password":"13101998"], STOP_ON_FAILURE): Call Test Case 'Test Cases/Login/login_function' successfully

2020-06-05 21:07:00 - [TEST_CASE][PASSED] - Test Cases/Login/login_function: Test Cases/Login/login_function

2020-06-05 21:07:00 - [TEST_STEP][PASSED] - setText(findTestObject("Object Repository/Page_Mattermost_login/input_loginId"), var_user): Text 'tlvietdanh@gmail.com' is set on object 'Object Repository/Page_Mattermost_login/input_loginId'

2020-06-05 21:07:01 - [MESSAGE][PASSED] - Text 'tlvietdanh@gmail.com' is set on object 'Object Repository/Page_Mattermost_login/input_loginId'

2020-06-05 21:07:01 - [TEST_STEP][PASSED] - setText(findTestObject("Object Repository/Page_Mattermost_login/input_password"), var_password): Text '13101998' is set on object 'Object Repository/Page_Mattermost_login/input_password'

2020-06-05 21:07:02 - [MESSAGE][PASSED] - Text '13101998' is set on object 'Object Repository/Page_Mattermost_login/input_password'

2020-06-05 21:07:02 - [TEST_STEP][PASSED] - click(findTestObject("Object Repository/Page_Mattermost_login/span_Sign in")): Object: 'Object Repository/Page_Mattermost_login/span_Sign in' is clicked on

2020-06-05 21:07:03 - [MESSAGE][PASSED] - Object: 'Object Repository/Page_Mattermost_login/span_Sign in' is clicked on

2020-06-05 21:07:03 - [MESSAGE][PASSED] - Call Test Case 'Test Cases/Login/login_function' successfully

2020-06-05 21:07:03 - [TEST_STEP][PASSED] - click(findTestObject("Object Repository/Page_Create_New_Channel_Local/btn_create_channel_local")): Object: 'Object Repository/Page_Create_New_Channel_Local/btn_create_channel_local' is clicked on

2020-06-05 21:07:05 - [MESSAGE][PASSED] - Object: 'Object Repository/Page_Create_New_Channel_Local/btn_create_channel_local' is clicked on

2020-06-05 21:07:05 - [TEST_STEP][PASSED] - if (toString().equals("0")): null

2020-06-05 21:07:05 - [TEST_STEP][PASSED] - else: Object: 'Object Repository/Page_Create_New_Channel_Local/rdb_public_channel' is clicked on

2020-06-05 21:07:05 - [TEST_STEP][PASSED] - click(findTestObject("Object Repository/Page_Create_New_Channel_Local/rdb_public_channel")): Object: 'Object Repository/Page_Create_New_Channel_Local/rdb_public_channel' is clicked on

2020-06-05 21:07:06 - [MESSAGE][PASSED] - Object: 'Object Repository/Page_Create_New_Channel_Local/rdb_public_channel' is clicked on

2020-06-05 21:07:06 - [TEST_STEP][PASSED] - setText(findTestObject("Object Repository/Page_Create_New_Channel_Local/input_newChannelName"), name): Text '2' is set on object 'Object Repository/Page_Create_New_Channel_Local/input_newChannelName'

2020-06-05 21:07:06 - [MESSAGE][PASSED] - Text '2' is set on object 'Object Repository/Page_Create_New_Channel_Local/input_newChannelName'

2020-06-05 21:07:06 - [TEST_STEP][PASSED] - setText(findTestObject("Object Repository/Page_Create_New_Channel_Local/textarea_(optional)_newChannelPurpose"), purpose): Text 'test_purpose_4' is set on object 'Object Repository/Page_Create_New_Channel_Local/textarea_(optional)_newChannelPurpose'

2020-06-05 21:07:07 - [MESSAGE][PASSED] - Text 'test_purpose_4' is set on object 'Object Repository/Page_Create_New_Channel_Local/textarea_(optional)_newChannelPurpose'

2020-06-05 21:07:07 - [TEST_STEP][PASSED] - setText(findTestObject("Object Repository/Page_Create_New_Channel_Local/textarea_(optional)_newChannelHeader"), header): Text 'test_header_4' is set on object 'Object Repository/Page_Create_New_Channel_Local/textarea_(optional)_newChannelHeader'

2020-06-05 21:07:08 - [MESSAGE][PASSED] - Text 'test_header_4' is set on object 'Object Repository/Page_Create_New_Channel_Local/textarea_(optional)_newChannelHeader'

2020-06-05 21:07:08 - [TEST_STEP][PASSED] - click(findTestObject("Page_Create_New_Channel_Local/btn_submit")): Object: 'Object Repository/Page_Create_New_Channel_Local/btn_submit' is clicked on

2020-06-05 21:07:08 - [MESSAGE][PASSED] - Object: 'Object Repository/Page_Create_New_Channel_Local/btn_submit' is clicked on

2020-06-05 21:07:08 - [TEST_STEP][PASSED] - if (toString().length() < 2): Actual object 'true' and expected object 'true' are equal

2020-06-05 21:07:08 - [TEST_STEP][PASSED] - errorMess = getText(findTestObject("Object Repository/Page_Create_New_Channel_Local/txt_errorLabel")): Text of object 'Object Repository/Page_Create_New_Channel_Local/txt_errorLabel' is: 'Display name must have at least 2 characters.'

2020-06-05 21:07:09 - [MESSAGE][PASSED] - Text of object 'Object Repository/Page_Create_New_Channel_Local/txt_errorLabel' is: 'Display name must have at least 2 characters.'

2020-06-05 21:07:09 - [TEST_STEP][PASSED] - verifyEqual(errorMess.contains("Display name must have at least 2 characters."), true): Actual object 'true' and expected object 'true' are equal

2020-06-05 21:07:09 - [MESSAGE][PASSED] - Actual object 'true' and expected object 'true' are equal

2020-06-05 21:07:09 - [TEST_STEP][PASSED] - if (verifyElementPresent(findTestObject("Object Repository/Page_Create_New_Channel_Local/txt_error_duplicate"), 2, OPTIONAL) == true): com.kms.katalon.core.webui.exception.WebElementNotFoundException: Web element with id: 'Object Repository/Page_Create_New_Channel_Local/txt_error_duplicate' located by 'By.xpath: //p[@id='createChannelError']' not found (Root cause: com.kms.katalon.core.exception.StepFailedException: com.kms.katalon.core.webui.exception.WebElementNotFoundException: Web element with id: 'Object Repository/Page_Create_New_Channel_Local/txt_error_duplicate' located by 'By.xpath: //p[@id='createChannelError']' not found
	at com.kms.katalon.core.webui.keyword.internal.WebUIKeywordMain.stepFailed(WebUIKeywordMain.groovy:64)
	at com.kms.katalon.core.webui.keyword.builtin.VerifyElementPresentKeyword$_verifyElementPresent_closure1.doCall(VerifyElementPresentKeyword.groovy:85)
	at com.kms.katalon.core.webui.keyword.builtin.VerifyElementPresentKeyword$_verifyElementPresent_closure1.call(VerifyElementPresentKeyword.groovy)
	at com.kms.katalon.core.webui.keyword.internal.WebUIKeywordMain.runKeyword(WebUIKeywordMain.groovy:20)
	at com.kms.katalon.core.webui.keyword.builtin.VerifyElementPresentKeyword.verifyElementPresent(VerifyElementPresentKeyword.groovy:92)
	at com.kms.katalon.core.webui.keyword.builtin.VerifyElementPresentKeyword.execute(VerifyElementPresentKeyword.groovy:68)
	at com.kms.katalon.core.keyword.internal.KeywordExecutor.executeKeywordForPlatform(KeywordExecutor.groovy:72)
	at com.kms.katalon.core.webui.keyword.WebUiBuiltInKeywords.verifyElementPresent(WebUiBuiltInKeywords.groovy:1444)
	at com.kms.katalon.core.webui.keyword.WebUiBuiltInKeywords$verifyElementPresent$5.call(Unknown Source)
	at Create_channel_error_header.run(Create_channel_error_header:58)
	at com.kms.katalon.core.main.ScriptEngine.run(ScriptEngine.java:194)
	at com.kms.katalon.core.main.ScriptEngine.runScriptAsRawText(ScriptEngine.java:119)
	at com.kms.katalon.core.main.TestCaseExecutor.runScript(TestCaseExecutor.java:337)
	at com.kms.katalon.core.main.TestCaseExecutor.doExecute(TestCaseExecutor.java:328)
	at com.kms.katalon.core.main.TestCaseExecutor.processExecutionPhase(TestCaseExecutor.java:307)
	at com.kms.katalon.core.main.TestCaseExecutor.accessMainPhase(TestCaseExecutor.java:299)
	at com.kms.katalon.core.main.TestCaseExecutor.execute(TestCaseExecutor.java:233)
	at com.kms.katalon.core.main.TestSuiteExecutor.accessTestCaseMainPhase(TestSuiteExecutor.java:169)
	at com.kms.katalon.core.main.TestSuiteExecutor.accessTestSuiteMainPhase(TestSuiteExecutor.java:142)
	at com.kms.katalon.core.main.TestSuiteExecutor.execute(TestSuiteExecutor.java:91)
	at com.kms.katalon.core.main.TestCaseMain.startTestSuite(TestCaseMain.java:157)
	at com.kms.katalon.core.main.TestCaseMain$startTestSuite$0.call(Unknown Source)
	at TempTestSuite1591365428946.run(TempTestSuite1591365428946.groovy:37)
)

2020-06-05 21:07:12 - [MESSAGE][INFO] - Unable to find the element located by 'By.xpath: //p[@id='createChannelError']'. Please recheck the objects properties to make sure the desired element is located. 

2020-06-05 21:07:12 - [MESSAGE][WARNING] - com.kms.katalon.core.webui.exception.WebElementNotFoundException: Web element with id: 'Object Repository/Page_Create_New_Channel_Local/txt_error_duplicate' located by 'By.xpath: //p[@id='createChannelError']' not found (Root cause: com.kms.katalon.core.exception.StepFailedException: com.kms.katalon.core.webui.exception.WebElementNotFoundException: Web element with id: 'Object Repository/Page_Create_New_Channel_Local/txt_error_duplicate' located by 'By.xpath: //p[@id='createChannelError']' not found
	at com.kms.katalon.core.webui.keyword.internal.WebUIKeywordMain.stepFailed(WebUIKeywordMain.groovy:64)
	at com.kms.katalon.core.webui.keyword.builtin.VerifyElementPresentKeyword$_verifyElementPresent_closure1.doCall(VerifyElementPresentKeyword.groovy:85)
	at com.kms.katalon.core.webui.keyword.builtin.VerifyElementPresentKeyword$_verifyElementPresent_closure1.call(VerifyElementPresentKeyword.groovy)
	at com.kms.katalon.core.webui.keyword.internal.WebUIKeywordMain.runKeyword(WebUIKeywordMain.groovy:20)
	at com.kms.katalon.core.webui.keyword.builtin.VerifyElementPresentKeyword.verifyElementPresent(VerifyElementPresentKeyword.groovy:92)
	at com.kms.katalon.core.webui.keyword.builtin.VerifyElementPresentKeyword.execute(VerifyElementPresentKeyword.groovy:68)
	at com.kms.katalon.core.keyword.internal.KeywordExecutor.executeKeywordForPlatform(KeywordExecutor.groovy:72)
	at com.kms.katalon.core.webui.keyword.WebUiBuiltInKeywords.verifyElementPresent(WebUiBuiltInKeywords.groovy:1444)
	at com.kms.katalon.core.webui.keyword.WebUiBuiltInKeywords$verifyElementPresent$5.call(Unknown Source)
	at Create_channel_error_header.run(Create_channel_error_header:58)
	at com.kms.katalon.core.main.ScriptEngine.run(ScriptEngine.java:194)
	at com.kms.katalon.core.main.ScriptEngine.runScriptAsRawText(ScriptEngine.java:119)
	at com.kms.katalon.core.main.TestCaseExecutor.runScript(TestCaseExecutor.java:337)
	at com.kms.katalon.core.main.TestCaseExecutor.doExecute(TestCaseExecutor.java:328)
	at com.kms.katalon.core.main.TestCaseExecutor.processExecutionPhase(TestCaseExecutor.java:307)
	at com.kms.katalon.core.main.TestCaseExecutor.accessMainPhase(TestCaseExecutor.java:299)
	at com.kms.katalon.core.main.TestCaseExecutor.execute(TestCaseExecutor.java:233)
	at com.kms.katalon.core.main.TestSuiteExecutor.accessTestCaseMainPhase(TestSuiteExecutor.java:169)
	at com.kms.katalon.core.main.TestSuiteExecutor.accessTestSuiteMainPhase(TestSuiteExecutor.java:142)
	at com.kms.katalon.core.main.TestSuiteExecutor.execute(TestSuiteExecutor.java:91)
	at com.kms.katalon.core.main.TestCaseMain.startTestSuite(TestCaseMain.java:157)
	at com.kms.katalon.core.main.TestCaseMain$startTestSuite$0.call(Unknown Source)
	at TempTestSuite1591365428946.run(TempTestSuite1591365428946.groovy:37)
)
[[ATTACHMENT|D:\\katalon\\hw2-katalon-testing\\Reports\\20200605_205708\\Run_All_Test_Cases\\20200605_205708\\1591366032164.png]]

2020-06-05 21:07:12 - [TEST_STEP][PASSED] - Start tear down : Teardown: Method 'Teardown' complete successfully

2020-06-05 21:07:12 - [TEST_STEP][PASSED] - closeBrowser(): Browser is closed

2020-06-05 21:07:13 - [MESSAGE][PASSED] - Browser is closed

2020-06-05 21:07:13 - [MESSAGE][PASSED] - Method 'Teardown' complete successfully]]></system-out>
         <system-err><![CDATA[]]></system-err>
      </testcase>
      <testcase name="Test Cases/Channel/Create_channel_error_header" time="18.833" classname="Test Cases/Channel/Create_channel_error_header" status="PASSED">
         <system-out><![CDATA[2020-06-05 21:07:13 - [TEST_CASE][PASSED] - Test Cases/Channel/Create_channel_error_header: Test Cases/Channel/Create_channel_error_header

2020-06-05 21:07:13 - [TEST_STEP][PASSED] - Start setup action : Setup: Method 'Setup' complete successfully

2020-06-05 21:07:13 - [TEST_STEP][PASSED] - openBrowser("http://192.168.1.10:8065/login"): Browser is opened with url: 'http://192.168.1.10:8065/login'

2020-06-05 21:07:13 - [MESSAGE][INFO] - Starting 'Firefox' driver

2020-06-05 21:07:13 - [MESSAGE][INFO] - Action delay is set to 0 milliseconds

2020-06-05 21:07:18 - [MESSAGE][PASSED] - Browser is opened with url: 'http://192.168.1.10:8065/login'

2020-06-05 21:07:18 - [MESSAGE][PASSED] - Method 'Setup' complete successfully

2020-06-05 21:07:18 - [TEST_STEP][PASSED] - callTestCase(findTestCase("Test Cases/Login/login_function"), ["var_user":"tlvietdanh@gmail.com", "var_password":"13101998"], STOP_ON_FAILURE): Call Test Case 'Test Cases/Login/login_function' successfully

2020-06-05 21:07:18 - [TEST_CASE][PASSED] - Test Cases/Login/login_function: Test Cases/Login/login_function

2020-06-05 21:07:18 - [TEST_STEP][PASSED] - setText(findTestObject("Object Repository/Page_Mattermost_login/input_loginId"), var_user): Text 'tlvietdanh@gmail.com' is set on object 'Object Repository/Page_Mattermost_login/input_loginId'

2020-06-05 21:07:20 - [MESSAGE][PASSED] - Text 'tlvietdanh@gmail.com' is set on object 'Object Repository/Page_Mattermost_login/input_loginId'

2020-06-05 21:07:20 - [TEST_STEP][PASSED] - setText(findTestObject("Object Repository/Page_Mattermost_login/input_password"), var_password): Text '13101998' is set on object 'Object Repository/Page_Mattermost_login/input_password'

2020-06-05 21:07:20 - [MESSAGE][PASSED] - Text '13101998' is set on object 'Object Repository/Page_Mattermost_login/input_password'

2020-06-05 21:07:20 - [TEST_STEP][PASSED] - click(findTestObject("Object Repository/Page_Mattermost_login/span_Sign in")): Object: 'Object Repository/Page_Mattermost_login/span_Sign in' is clicked on

2020-06-05 21:07:21 - [MESSAGE][PASSED] - Object: 'Object Repository/Page_Mattermost_login/span_Sign in' is clicked on

2020-06-05 21:07:21 - [MESSAGE][PASSED] - Call Test Case 'Test Cases/Login/login_function' successfully

2020-06-05 21:07:21 - [TEST_STEP][PASSED] - click(findTestObject("Object Repository/Page_Create_New_Channel_Local/btn_create_channel_local")): Object: 'Object Repository/Page_Create_New_Channel_Local/btn_create_channel_local' is clicked on

2020-06-05 21:07:24 - [MESSAGE][PASSED] - Object: 'Object Repository/Page_Create_New_Channel_Local/btn_create_channel_local' is clicked on

2020-06-05 21:07:24 - [TEST_STEP][PASSED] - if (toString().equals("0")): Object: 'Object Repository/Page_Create_New_Channel_Local/rdb_private_channel' is clicked on

2020-06-05 21:07:24 - [TEST_STEP][PASSED] - click(findTestObject("Object Repository/Page_Create_New_Channel_Local/rdb_private_channel")): Object: 'Object Repository/Page_Create_New_Channel_Local/rdb_private_channel' is clicked on

2020-06-05 21:07:24 - [MESSAGE][PASSED] - Object: 'Object Repository/Page_Create_New_Channel_Local/rdb_private_channel' is clicked on

2020-06-05 21:07:24 - [TEST_STEP][PASSED] - setText(findTestObject("Object Repository/Page_Create_New_Channel_Local/input_newChannelName"), name): Text '3' is set on object 'Object Repository/Page_Create_New_Channel_Local/input_newChannelName'

2020-06-05 21:07:25 - [MESSAGE][PASSED] - Text '3' is set on object 'Object Repository/Page_Create_New_Channel_Local/input_newChannelName'

2020-06-05 21:07:25 - [TEST_STEP][PASSED] - setText(findTestObject("Object Repository/Page_Create_New_Channel_Local/textarea_(optional)_newChannelPurpose"), purpose): Text 'test_purpose_5' is set on object 'Object Repository/Page_Create_New_Channel_Local/textarea_(optional)_newChannelPurpose'

2020-06-05 21:07:26 - [MESSAGE][PASSED] - Text 'test_purpose_5' is set on object 'Object Repository/Page_Create_New_Channel_Local/textarea_(optional)_newChannelPurpose'

2020-06-05 21:07:26 - [TEST_STEP][PASSED] - setText(findTestObject("Object Repository/Page_Create_New_Channel_Local/textarea_(optional)_newChannelHeader"), header): Text 'test_header_5' is set on object 'Object Repository/Page_Create_New_Channel_Local/textarea_(optional)_newChannelHeader'

2020-06-05 21:07:27 - [MESSAGE][PASSED] - Text 'test_header_5' is set on object 'Object Repository/Page_Create_New_Channel_Local/textarea_(optional)_newChannelHeader'

2020-06-05 21:07:27 - [TEST_STEP][PASSED] - click(findTestObject("Page_Create_New_Channel_Local/btn_submit")): Object: 'Object Repository/Page_Create_New_Channel_Local/btn_submit' is clicked on

2020-06-05 21:07:27 - [MESSAGE][PASSED] - Object: 'Object Repository/Page_Create_New_Channel_Local/btn_submit' is clicked on

2020-06-05 21:07:27 - [TEST_STEP][PASSED] - if (toString().length() < 2): Actual object 'true' and expected object 'true' are equal

2020-06-05 21:07:27 - [TEST_STEP][PASSED] - errorMess = getText(findTestObject("Object Repository/Page_Create_New_Channel_Local/txt_errorLabel")): Text of object 'Object Repository/Page_Create_New_Channel_Local/txt_errorLabel' is: 'Display name must have at least 2 characters.'

2020-06-05 21:07:28 - [MESSAGE][PASSED] - Text of object 'Object Repository/Page_Create_New_Channel_Local/txt_errorLabel' is: 'Display name must have at least 2 characters.'

2020-06-05 21:07:28 - [TEST_STEP][PASSED] - verifyEqual(errorMess.contains("Display name must have at least 2 characters."), true): Actual object 'true' and expected object 'true' are equal

2020-06-05 21:07:28 - [MESSAGE][PASSED] - Actual object 'true' and expected object 'true' are equal

2020-06-05 21:07:28 - [TEST_STEP][PASSED] - if (verifyElementPresent(findTestObject("Object Repository/Page_Create_New_Channel_Local/txt_error_duplicate"), 2, OPTIONAL) == true): com.kms.katalon.core.webui.exception.WebElementNotFoundException: Web element with id: 'Object Repository/Page_Create_New_Channel_Local/txt_error_duplicate' located by 'By.xpath: //p[@id='createChannelError']' not found (Root cause: com.kms.katalon.core.exception.StepFailedException: com.kms.katalon.core.webui.exception.WebElementNotFoundException: Web element with id: 'Object Repository/Page_Create_New_Channel_Local/txt_error_duplicate' located by 'By.xpath: //p[@id='createChannelError']' not found
	at com.kms.katalon.core.webui.keyword.internal.WebUIKeywordMain.stepFailed(WebUIKeywordMain.groovy:64)
	at com.kms.katalon.core.webui.keyword.builtin.VerifyElementPresentKeyword$_verifyElementPresent_closure1.doCall(VerifyElementPresentKeyword.groovy:85)
	at com.kms.katalon.core.webui.keyword.builtin.VerifyElementPresentKeyword$_verifyElementPresent_closure1.call(VerifyElementPresentKeyword.groovy)
	at com.kms.katalon.core.webui.keyword.internal.WebUIKeywordMain.runKeyword(WebUIKeywordMain.groovy:20)
	at com.kms.katalon.core.webui.keyword.builtin.VerifyElementPresentKeyword.verifyElementPresent(VerifyElementPresentKeyword.groovy:92)
	at com.kms.katalon.core.webui.keyword.builtin.VerifyElementPresentKeyword.execute(VerifyElementPresentKeyword.groovy:68)
	at com.kms.katalon.core.keyword.internal.KeywordExecutor.executeKeywordForPlatform(KeywordExecutor.groovy:72)
	at com.kms.katalon.core.webui.keyword.WebUiBuiltInKeywords.verifyElementPresent(WebUiBuiltInKeywords.groovy:1444)
	at com.kms.katalon.core.webui.keyword.WebUiBuiltInKeywords$verifyElementPresent$5.call(Unknown Source)
	at Create_channel_error_header.run(Create_channel_error_header:58)
	at com.kms.katalon.core.main.ScriptEngine.run(ScriptEngine.java:194)
	at com.kms.katalon.core.main.ScriptEngine.runScriptAsRawText(ScriptEngine.java:119)
	at com.kms.katalon.core.main.TestCaseExecutor.runScript(TestCaseExecutor.java:337)
	at com.kms.katalon.core.main.TestCaseExecutor.doExecute(TestCaseExecutor.java:328)
	at com.kms.katalon.core.main.TestCaseExecutor.processExecutionPhase(TestCaseExecutor.java:307)
	at com.kms.katalon.core.main.TestCaseExecutor.accessMainPhase(TestCaseExecutor.java:299)
	at com.kms.katalon.core.main.TestCaseExecutor.execute(TestCaseExecutor.java:233)
	at com.kms.katalon.core.main.TestSuiteExecutor.accessTestCaseMainPhase(TestSuiteExecutor.java:169)
	at com.kms.katalon.core.main.TestSuiteExecutor.accessTestSuiteMainPhase(TestSuiteExecutor.java:142)
	at com.kms.katalon.core.main.TestSuiteExecutor.execute(TestSuiteExecutor.java:91)
	at com.kms.katalon.core.main.TestCaseMain.startTestSuite(TestCaseMain.java:157)
	at com.kms.katalon.core.main.TestCaseMain$startTestSuite$0.call(Unknown Source)
	at TempTestSuite1591365428946.run(TempTestSuite1591365428946.groovy:37)
)

2020-06-05 21:07:30 - [MESSAGE][INFO] - Unable to find the element located by 'By.xpath: //p[@id='createChannelError']'. Please recheck the objects properties to make sure the desired element is located. 

2020-06-05 21:07:31 - [MESSAGE][WARNING] - com.kms.katalon.core.webui.exception.WebElementNotFoundException: Web element with id: 'Object Repository/Page_Create_New_Channel_Local/txt_error_duplicate' located by 'By.xpath: //p[@id='createChannelError']' not found (Root cause: com.kms.katalon.core.exception.StepFailedException: com.kms.katalon.core.webui.exception.WebElementNotFoundException: Web element with id: 'Object Repository/Page_Create_New_Channel_Local/txt_error_duplicate' located by 'By.xpath: //p[@id='createChannelError']' not found
	at com.kms.katalon.core.webui.keyword.internal.WebUIKeywordMain.stepFailed(WebUIKeywordMain.groovy:64)
	at com.kms.katalon.core.webui.keyword.builtin.VerifyElementPresentKeyword$_verifyElementPresent_closure1.doCall(VerifyElementPresentKeyword.groovy:85)
	at com.kms.katalon.core.webui.keyword.builtin.VerifyElementPresentKeyword$_verifyElementPresent_closure1.call(VerifyElementPresentKeyword.groovy)
	at com.kms.katalon.core.webui.keyword.internal.WebUIKeywordMain.runKeyword(WebUIKeywordMain.groovy:20)
	at com.kms.katalon.core.webui.keyword.builtin.VerifyElementPresentKeyword.verifyElementPresent(VerifyElementPresentKeyword.groovy:92)
	at com.kms.katalon.core.webui.keyword.builtin.VerifyElementPresentKeyword.execute(VerifyElementPresentKeyword.groovy:68)
	at com.kms.katalon.core.keyword.internal.KeywordExecutor.executeKeywordForPlatform(KeywordExecutor.groovy:72)
	at com.kms.katalon.core.webui.keyword.WebUiBuiltInKeywords.verifyElementPresent(WebUiBuiltInKeywords.groovy:1444)
	at com.kms.katalon.core.webui.keyword.WebUiBuiltInKeywords$verifyElementPresent$5.call(Unknown Source)
	at Create_channel_error_header.run(Create_channel_error_header:58)
	at com.kms.katalon.core.main.ScriptEngine.run(ScriptEngine.java:194)
	at com.kms.katalon.core.main.ScriptEngine.runScriptAsRawText(ScriptEngine.java:119)
	at com.kms.katalon.core.main.TestCaseExecutor.runScript(TestCaseExecutor.java:337)
	at com.kms.katalon.core.main.TestCaseExecutor.doExecute(TestCaseExecutor.java:328)
	at com.kms.katalon.core.main.TestCaseExecutor.processExecutionPhase(TestCaseExecutor.java:307)
	at com.kms.katalon.core.main.TestCaseExecutor.accessMainPhase(TestCaseExecutor.java:299)
	at com.kms.katalon.core.main.TestCaseExecutor.execute(TestCaseExecutor.java:233)
	at com.kms.katalon.core.main.TestSuiteExecutor.accessTestCaseMainPhase(TestSuiteExecutor.java:169)
	at com.kms.katalon.core.main.TestSuiteExecutor.accessTestSuiteMainPhase(TestSuiteExecutor.java:142)
	at com.kms.katalon.core.main.TestSuiteExecutor.execute(TestSuiteExecutor.java:91)
	at com.kms.katalon.core.main.TestCaseMain.startTestSuite(TestCaseMain.java:157)
	at com.kms.katalon.core.main.TestCaseMain$startTestSuite$0.call(Unknown Source)
	at TempTestSuite1591365428946.run(TempTestSuite1591365428946.groovy:37)
)
[[ATTACHMENT|D:\\katalon\\hw2-katalon-testing\\Reports\\20200605_205708\\Run_All_Test_Cases\\20200605_205708\\1591366050970.png]]

2020-06-05 21:07:31 - [TEST_STEP][PASSED] - Start tear down : Teardown: Method 'Teardown' complete successfully

2020-06-05 21:07:31 - [TEST_STEP][PASSED] - closeBrowser(): Browser is closed

2020-06-05 21:07:32 - [MESSAGE][PASSED] - Browser is closed

2020-06-05 21:07:32 - [MESSAGE][PASSED] - Method 'Teardown' complete successfully]]></system-out>
         <system-err><![CDATA[]]></system-err>
      </testcase>
      <testcase name="Test Cases/Channel/Remane_channel" time="18.501" classname="Test Cases/Channel/Remane_channel" status="PASSED">
         <system-out><![CDATA[2020-06-05 21:07:32 - [TEST_CASE][PASSED] - Test Cases/Channel/Remane_channel: Test Cases/Channel/Remane_channel

2020-06-05 21:07:32 - [TEST_STEP][PASSED] - Start setup action : Setup: Method 'Setup' complete successfully

2020-06-05 21:07:32 - [TEST_STEP][PASSED] - openBrowser("http://192.168.1.10:8065/login"): Browser is opened with url: 'http://192.168.1.10:8065/login'

2020-06-05 21:07:32 - [MESSAGE][INFO] - Starting 'Firefox' driver

2020-06-05 21:07:32 - [MESSAGE][INFO] - Action delay is set to 0 milliseconds

2020-06-05 21:07:37 - [MESSAGE][PASSED] - Browser is opened with url: 'http://192.168.1.10:8065/login'

2020-06-05 21:07:37 - [MESSAGE][PASSED] - Method 'Setup' complete successfully

2020-06-05 21:07:37 - [TEST_STEP][PASSED] - callTestCase(findTestCase("Test Cases/Login/login_function"), ["var_user":"tlvietdanh@gmail.com", "var_password":"13101998"], STOP_ON_FAILURE): Call Test Case 'Test Cases/Login/login_function' successfully

2020-06-05 21:07:37 - [TEST_CASE][PASSED] - Test Cases/Login/login_function: Test Cases/Login/login_function

2020-06-05 21:07:37 - [TEST_STEP][PASSED] - setText(findTestObject("Object Repository/Page_Mattermost_login/input_loginId"), var_user): Text 'tlvietdanh@gmail.com' is set on object 'Object Repository/Page_Mattermost_login/input_loginId'

2020-06-05 21:07:39 - [MESSAGE][PASSED] - Text 'tlvietdanh@gmail.com' is set on object 'Object Repository/Page_Mattermost_login/input_loginId'

2020-06-05 21:07:39 - [TEST_STEP][PASSED] - setText(findTestObject("Object Repository/Page_Mattermost_login/input_password"), var_password): Text '13101998' is set on object 'Object Repository/Page_Mattermost_login/input_password'

2020-06-05 21:07:40 - [MESSAGE][PASSED] - Text '13101998' is set on object 'Object Repository/Page_Mattermost_login/input_password'

2020-06-05 21:07:40 - [TEST_STEP][PASSED] - click(findTestObject("Object Repository/Page_Mattermost_login/span_Sign in")): Object: 'Object Repository/Page_Mattermost_login/span_Sign in' is clicked on

2020-06-05 21:07:40 - [MESSAGE][PASSED] - Object: 'Object Repository/Page_Mattermost_login/span_Sign in' is clicked on

2020-06-05 21:07:40 - [MESSAGE][PASSED] - Call Test Case 'Test Cases/Login/login_function' successfully

2020-06-05 21:07:40 - [TEST_STEP][PASSED] - waitForElementVisible(findTestObject("Object Repository/Rename_channel/span_Town Square"), 2): Object 'Object Repository/Rename_channel/span_Town Square' is visible

2020-06-05 21:07:42 - [MESSAGE][PASSED] - Object 'Object Repository/Rename_channel/span_Town Square' is visible

2020-06-05 21:07:42 - [TEST_STEP][PASSED] - url = getUrl().substring(7): Current window's url is: 'http://192.168.1.10:8065/test3/channels/town-square'

2020-06-05 21:07:42 - [MESSAGE][PASSED] - Current window's url is: 'http://192.168.1.10:8065/test3/channels/town-square'

2020-06-05 21:07:42 - [TEST_STEP][PASSED] - arr = url.split("/"): null

2020-06-05 21:07:42 - [TEST_STEP][PASSED] - arr[length - 1] = channel_url: null

2020-06-05 21:07:42 - [TEST_STEP][PASSED] - newUrl = "": null

2020-06-05 21:07:42 - [TEST_STEP][PASSED] - for ([i = 0, i < length, (i++)]): null

2020-06-05 21:07:42 - [TEST_STEP][PASSED] - newUrl += arr[i] + "/": null

2020-06-05 21:07:42 - [TEST_STEP][PASSED] - newUrl += arr[i] + "/": null

2020-06-05 21:07:42 - [TEST_STEP][PASSED] - newUrl += arr[i] + "/": null

2020-06-05 21:07:42 - [TEST_STEP][PASSED] - newUrl += arr[i] + "/": null

2020-06-05 21:07:42 - [TEST_STEP][PASSED] - printf(newUrl): null

2020-06-05 21:07:42 - [TEST_STEP][PASSED] - navigateToUrl("http://" + newUrl): Navigate to 'http://192.168.1.10:8065/test3/channels/test_name_1/' successfully

2020-06-05 21:07:43 - [MESSAGE][PASSED] - Navigate to 'http://192.168.1.10:8065/test3/channels/test_name_1/' successfully

2020-06-05 21:07:43 - [TEST_STEP][PASSED] - if (verifyElementPresent(findTestObject("Object Repository/Rename_channel/span_Town Square"), 1, OPTIONAL)): null

2020-06-05 21:07:46 - [MESSAGE][PASSED] - Object 'Object Repository/Rename_channel/span_Town Square' is present

2020-06-05 21:07:46 - [TEST_STEP][PASSED] - click(findTestObject("Object Repository/Rename_channel/span_Town Square")): Object: 'Object Repository/Rename_channel/span_Town Square' is clicked on

2020-06-05 21:07:47 - [MESSAGE][PASSED] - Object: 'Object Repository/Rename_channel/span_Town Square' is clicked on

2020-06-05 21:07:47 - [TEST_STEP][PASSED] - click(findTestObject("Object Repository/Rename_channel/span_Rename Channel")): Object: 'Object Repository/Rename_channel/span_Rename Channel' is clicked on

2020-06-05 21:07:47 - [MESSAGE][PASSED] - Object: 'Object Repository/Rename_channel/span_Rename Channel' is clicked on

2020-06-05 21:07:47 - [TEST_STEP][PASSED] - setText(findTestObject("Object Repository/Rename_channel/input_Display Name_display_name"), newName): Text 'test_name_1_rename' is set on object 'Object Repository/Rename_channel/input_Display Name_display_name'

2020-06-05 21:07:48 - [MESSAGE][PASSED] - Text 'test_name_1_rename' is set on object 'Object Repository/Rename_channel/input_Display Name_display_name'

2020-06-05 21:07:48 - [TEST_STEP][PASSED] - click(findTestObject("Object Repository/Rename_channel/button_Save")): Object: 'Object Repository/Rename_channel/button_Save' is clicked on

2020-06-05 21:07:49 - [MESSAGE][PASSED] - Object: 'Object Repository/Rename_channel/button_Save' is clicked on

2020-06-05 21:07:49 - [TEST_STEP][PASSED] - Start tear down : Teardown: Method 'Teardown' complete successfully

2020-06-05 21:07:49 - [TEST_STEP][PASSED] - closeBrowser(): Browser is closed

2020-06-05 21:07:50 - [MESSAGE][PASSED] - Browser is closed

2020-06-05 21:07:50 - [MESSAGE][PASSED] - Method 'Teardown' complete successfully]]></system-out>
         <system-err><![CDATA[]]></system-err>
      </testcase>
      <testcase name="Test Cases/Channel/Remane_channel" time="18.252" classname="Test Cases/Channel/Remane_channel" status="PASSED">
         <system-out><![CDATA[2020-06-05 21:07:50 - [TEST_CASE][PASSED] - Test Cases/Channel/Remane_channel: Test Cases/Channel/Remane_channel

2020-06-05 21:07:50 - [TEST_STEP][PASSED] - Start setup action : Setup: Method 'Setup' complete successfully

2020-06-05 21:07:50 - [TEST_STEP][PASSED] - openBrowser("http://192.168.1.10:8065/login"): Browser is opened with url: 'http://192.168.1.10:8065/login'

2020-06-05 21:07:50 - [MESSAGE][INFO] - Starting 'Firefox' driver

2020-06-05 21:07:50 - [MESSAGE][INFO] - Action delay is set to 0 milliseconds

2020-06-05 21:07:55 - [MESSAGE][PASSED] - Browser is opened with url: 'http://192.168.1.10:8065/login'

2020-06-05 21:07:55 - [MESSAGE][PASSED] - Method 'Setup' complete successfully

2020-06-05 21:07:55 - [TEST_STEP][PASSED] - callTestCase(findTestCase("Test Cases/Login/login_function"), ["var_user":"tlvietdanh@gmail.com", "var_password":"13101998"], STOP_ON_FAILURE): Call Test Case 'Test Cases/Login/login_function' successfully

2020-06-05 21:07:56 - [TEST_CASE][PASSED] - Test Cases/Login/login_function: Test Cases/Login/login_function

2020-06-05 21:07:56 - [TEST_STEP][PASSED] - setText(findTestObject("Object Repository/Page_Mattermost_login/input_loginId"), var_user): Text 'tlvietdanh@gmail.com' is set on object 'Object Repository/Page_Mattermost_login/input_loginId'

2020-06-05 21:07:57 - [MESSAGE][PASSED] - Text 'tlvietdanh@gmail.com' is set on object 'Object Repository/Page_Mattermost_login/input_loginId'

2020-06-05 21:07:57 - [TEST_STEP][PASSED] - setText(findTestObject("Object Repository/Page_Mattermost_login/input_password"), var_password): Text '13101998' is set on object 'Object Repository/Page_Mattermost_login/input_password'

2020-06-05 21:07:58 - [MESSAGE][PASSED] - Text '13101998' is set on object 'Object Repository/Page_Mattermost_login/input_password'

2020-06-05 21:07:58 - [TEST_STEP][PASSED] - click(findTestObject("Object Repository/Page_Mattermost_login/span_Sign in")): Object: 'Object Repository/Page_Mattermost_login/span_Sign in' is clicked on

2020-06-05 21:07:58 - [MESSAGE][PASSED] - Object: 'Object Repository/Page_Mattermost_login/span_Sign in' is clicked on

2020-06-05 21:07:58 - [MESSAGE][PASSED] - Call Test Case 'Test Cases/Login/login_function' successfully

2020-06-05 21:07:58 - [TEST_STEP][PASSED] - waitForElementVisible(findTestObject("Object Repository/Rename_channel/span_Town Square"), 2): Object 'Object Repository/Rename_channel/span_Town Square' is visible

2020-06-05 21:08:00 - [MESSAGE][PASSED] - Object 'Object Repository/Rename_channel/span_Town Square' is visible

2020-06-05 21:08:00 - [TEST_STEP][PASSED] - url = getUrl().substring(7): Current window's url is: 'http://192.168.1.10:8065/test3/channels/town-square'

2020-06-05 21:08:00 - [MESSAGE][PASSED] - Current window's url is: 'http://192.168.1.10:8065/test3/channels/town-square'

2020-06-05 21:08:00 - [TEST_STEP][PASSED] - arr = url.split("/"): null

2020-06-05 21:08:00 - [TEST_STEP][PASSED] - arr[length - 1] = channel_url: null

2020-06-05 21:08:00 - [TEST_STEP][PASSED] - newUrl = "": null

2020-06-05 21:08:00 - [TEST_STEP][PASSED] - for ([i = 0, i < length, (i++)]): null

2020-06-05 21:08:00 - [TEST_STEP][PASSED] - newUrl += arr[i] + "/": null

2020-06-05 21:08:00 - [TEST_STEP][PASSED] - newUrl += arr[i] + "/": null

2020-06-05 21:08:00 - [TEST_STEP][PASSED] - newUrl += arr[i] + "/": null

2020-06-05 21:08:00 - [TEST_STEP][PASSED] - newUrl += arr[i] + "/": null

2020-06-05 21:08:00 - [TEST_STEP][PASSED] - printf(newUrl): null

2020-06-05 21:08:00 - [TEST_STEP][PASSED] - navigateToUrl("http://" + newUrl): Navigate to 'http://192.168.1.10:8065/test3/channels/test_name_2/' successfully

2020-06-05 21:08:01 - [MESSAGE][PASSED] - Navigate to 'http://192.168.1.10:8065/test3/channels/test_name_2/' successfully

2020-06-05 21:08:01 - [TEST_STEP][PASSED] - if (verifyElementPresent(findTestObject("Object Repository/Rename_channel/span_Town Square"), 1, OPTIONAL)): null

2020-06-05 21:08:04 - [MESSAGE][PASSED] - Object 'Object Repository/Rename_channel/span_Town Square' is present

2020-06-05 21:08:04 - [TEST_STEP][PASSED] - click(findTestObject("Object Repository/Rename_channel/span_Town Square")): Object: 'Object Repository/Rename_channel/span_Town Square' is clicked on

2020-06-05 21:08:05 - [MESSAGE][PASSED] - Object: 'Object Repository/Rename_channel/span_Town Square' is clicked on

2020-06-05 21:08:05 - [TEST_STEP][PASSED] - click(findTestObject("Object Repository/Rename_channel/span_Rename Channel")): Object: 'Object Repository/Rename_channel/span_Rename Channel' is clicked on

2020-06-05 21:08:05 - [MESSAGE][PASSED] - Object: 'Object Repository/Rename_channel/span_Rename Channel' is clicked on

2020-06-05 21:08:05 - [TEST_STEP][PASSED] - setText(findTestObject("Object Repository/Rename_channel/input_Display Name_display_name"), newName): Text 'test_name_2_rename' is set on object 'Object Repository/Rename_channel/input_Display Name_display_name'

2020-06-05 21:08:06 - [MESSAGE][PASSED] - Text 'test_name_2_rename' is set on object 'Object Repository/Rename_channel/input_Display Name_display_name'

2020-06-05 21:08:06 - [TEST_STEP][PASSED] - click(findTestObject("Object Repository/Rename_channel/button_Save")): Object: 'Object Repository/Rename_channel/button_Save' is clicked on

2020-06-05 21:08:07 - [MESSAGE][PASSED] - Object: 'Object Repository/Rename_channel/button_Save' is clicked on

2020-06-05 21:08:07 - [TEST_STEP][PASSED] - Start tear down : Teardown: Method 'Teardown' complete successfully

2020-06-05 21:08:07 - [TEST_STEP][PASSED] - closeBrowser(): Browser is closed

2020-06-05 21:08:09 - [MESSAGE][PASSED] - Browser is closed

2020-06-05 21:08:09 - [MESSAGE][PASSED] - Method 'Teardown' complete successfully]]></system-out>
         <system-err><![CDATA[]]></system-err>
      </testcase>
      <testcase name="Test Cases/Channel/Remane_channel" time="17.841" classname="Test Cases/Channel/Remane_channel" status="PASSED">
         <system-out><![CDATA[2020-06-05 21:08:09 - [TEST_CASE][PASSED] - Test Cases/Channel/Remane_channel: Test Cases/Channel/Remane_channel

2020-06-05 21:08:09 - [TEST_STEP][PASSED] - Start setup action : Setup: Method 'Setup' complete successfully

2020-06-05 21:08:09 - [TEST_STEP][PASSED] - openBrowser("http://192.168.1.10:8065/login"): Browser is opened with url: 'http://192.168.1.10:8065/login'

2020-06-05 21:08:09 - [MESSAGE][INFO] - Starting 'Firefox' driver

2020-06-05 21:08:09 - [MESSAGE][INFO] - Action delay is set to 0 milliseconds

2020-06-05 21:08:13 - [MESSAGE][PASSED] - Browser is opened with url: 'http://192.168.1.10:8065/login'

2020-06-05 21:08:13 - [MESSAGE][PASSED] - Method 'Setup' complete successfully

2020-06-05 21:08:13 - [TEST_STEP][PASSED] - callTestCase(findTestCase("Test Cases/Login/login_function"), ["var_user":"tlvietdanh@gmail.com", "var_password":"13101998"], STOP_ON_FAILURE): Call Test Case 'Test Cases/Login/login_function' successfully

2020-06-05 21:08:13 - [TEST_CASE][PASSED] - Test Cases/Login/login_function: Test Cases/Login/login_function

2020-06-05 21:08:13 - [TEST_STEP][PASSED] - setText(findTestObject("Object Repository/Page_Mattermost_login/input_loginId"), var_user): Text 'tlvietdanh@gmail.com' is set on object 'Object Repository/Page_Mattermost_login/input_loginId'

2020-06-05 21:08:15 - [MESSAGE][PASSED] - Text 'tlvietdanh@gmail.com' is set on object 'Object Repository/Page_Mattermost_login/input_loginId'

2020-06-05 21:08:15 - [TEST_STEP][PASSED] - setText(findTestObject("Object Repository/Page_Mattermost_login/input_password"), var_password): Text '13101998' is set on object 'Object Repository/Page_Mattermost_login/input_password'

2020-06-05 21:08:16 - [MESSAGE][PASSED] - Text '13101998' is set on object 'Object Repository/Page_Mattermost_login/input_password'

2020-06-05 21:08:16 - [TEST_STEP][PASSED] - click(findTestObject("Object Repository/Page_Mattermost_login/span_Sign in")): Object: 'Object Repository/Page_Mattermost_login/span_Sign in' is clicked on

2020-06-05 21:08:16 - [MESSAGE][PASSED] - Object: 'Object Repository/Page_Mattermost_login/span_Sign in' is clicked on

2020-06-05 21:08:16 - [MESSAGE][PASSED] - Call Test Case 'Test Cases/Login/login_function' successfully

2020-06-05 21:08:16 - [TEST_STEP][PASSED] - waitForElementVisible(findTestObject("Object Repository/Rename_channel/span_Town Square"), 2): Object 'Object Repository/Rename_channel/span_Town Square' is visible

2020-06-05 21:08:18 - [MESSAGE][PASSED] - Object 'Object Repository/Rename_channel/span_Town Square' is visible

2020-06-05 21:08:18 - [TEST_STEP][PASSED] - url = getUrl().substring(7): Current window's url is: 'http://192.168.1.10:8065/test3/channels/town-square'

2020-06-05 21:08:18 - [MESSAGE][PASSED] - Current window's url is: 'http://192.168.1.10:8065/test3/channels/town-square'

2020-06-05 21:08:18 - [TEST_STEP][PASSED] - arr = url.split("/"): null

2020-06-05 21:08:18 - [TEST_STEP][PASSED] - arr[length - 1] = channel_url: null

2020-06-05 21:08:18 - [TEST_STEP][PASSED] - newUrl = "": null

2020-06-05 21:08:18 - [TEST_STEP][PASSED] - for ([i = 0, i < length, (i++)]): null

2020-06-05 21:08:18 - [TEST_STEP][PASSED] - newUrl += arr[i] + "/": null

2020-06-05 21:08:18 - [TEST_STEP][PASSED] - newUrl += arr[i] + "/": null

2020-06-05 21:08:18 - [TEST_STEP][PASSED] - newUrl += arr[i] + "/": null

2020-06-05 21:08:18 - [TEST_STEP][PASSED] - newUrl += arr[i] + "/": null

2020-06-05 21:08:18 - [TEST_STEP][PASSED] - printf(newUrl): null

2020-06-05 21:08:18 - [TEST_STEP][PASSED] - navigateToUrl("http://" + newUrl): Navigate to 'http://192.168.1.10:8065/test3/channels/test_name_3/' successfully

2020-06-05 21:08:19 - [MESSAGE][PASSED] - Navigate to 'http://192.168.1.10:8065/test3/channels/test_name_3/' successfully

2020-06-05 21:08:19 - [TEST_STEP][PASSED] - if (verifyElementPresent(findTestObject("Object Repository/Rename_channel/span_Town Square"), 1, OPTIONAL)): null

2020-06-05 21:08:22 - [MESSAGE][PASSED] - Object 'Object Repository/Rename_channel/span_Town Square' is present

2020-06-05 21:08:22 - [TEST_STEP][PASSED] - click(findTestObject("Object Repository/Rename_channel/span_Town Square")): Object: 'Object Repository/Rename_channel/span_Town Square' is clicked on

2020-06-05 21:08:23 - [MESSAGE][PASSED] - Object: 'Object Repository/Rename_channel/span_Town Square' is clicked on

2020-06-05 21:08:23 - [TEST_STEP][PASSED] - click(findTestObject("Object Repository/Rename_channel/span_Rename Channel")): Object: 'Object Repository/Rename_channel/span_Rename Channel' is clicked on

2020-06-05 21:08:23 - [MESSAGE][PASSED] - Object: 'Object Repository/Rename_channel/span_Rename Channel' is clicked on

2020-06-05 21:08:23 - [TEST_STEP][PASSED] - setText(findTestObject("Object Repository/Rename_channel/input_Display Name_display_name"), newName): Text 'test_name_3_rename' is set on object 'Object Repository/Rename_channel/input_Display Name_display_name'

2020-06-05 21:08:24 - [MESSAGE][PASSED] - Text 'test_name_3_rename' is set on object 'Object Repository/Rename_channel/input_Display Name_display_name'

2020-06-05 21:08:24 - [TEST_STEP][PASSED] - click(findTestObject("Object Repository/Rename_channel/button_Save")): Object: 'Object Repository/Rename_channel/button_Save' is clicked on

2020-06-05 21:08:25 - [MESSAGE][PASSED] - Object: 'Object Repository/Rename_channel/button_Save' is clicked on

2020-06-05 21:08:25 - [TEST_STEP][PASSED] - Start tear down : Teardown: Method 'Teardown' complete successfully

2020-06-05 21:08:25 - [TEST_STEP][PASSED] - closeBrowser(): Browser is closed

2020-06-05 21:08:27 - [MESSAGE][PASSED] - Browser is closed

2020-06-05 21:08:27 - [MESSAGE][PASSED] - Method 'Teardown' complete successfully]]></system-out>
         <system-err><![CDATA[]]></system-err>
      </testcase>
      <testcase name="Test Cases/Channel/Remane_channel" time="17.982" classname="Test Cases/Channel/Remane_channel" status="PASSED">
         <system-out><![CDATA[2020-06-05 21:08:27 - [TEST_CASE][PASSED] - Test Cases/Channel/Remane_channel: Test Cases/Channel/Remane_channel

2020-06-05 21:08:27 - [TEST_STEP][PASSED] - Start setup action : Setup: Method 'Setup' complete successfully

2020-06-05 21:08:27 - [TEST_STEP][PASSED] - openBrowser("http://192.168.1.10:8065/login"): Browser is opened with url: 'http://192.168.1.10:8065/login'

2020-06-05 21:08:27 - [MESSAGE][INFO] - Starting 'Firefox' driver

2020-06-05 21:08:27 - [MESSAGE][INFO] - Action delay is set to 0 milliseconds

2020-06-05 21:08:32 - [MESSAGE][PASSED] - Browser is opened with url: 'http://192.168.1.10:8065/login'

2020-06-05 21:08:32 - [MESSAGE][PASSED] - Method 'Setup' complete successfully

2020-06-05 21:08:32 - [TEST_STEP][PASSED] - callTestCase(findTestCase("Test Cases/Login/login_function"), ["var_user":"tlvietdanh@gmail.com", "var_password":"13101998"], STOP_ON_FAILURE): Call Test Case 'Test Cases/Login/login_function' successfully

2020-06-05 21:08:32 - [TEST_CASE][PASSED] - Test Cases/Login/login_function: Test Cases/Login/login_function

2020-06-05 21:08:32 - [TEST_STEP][PASSED] - setText(findTestObject("Object Repository/Page_Mattermost_login/input_loginId"), var_user): Text 'tlvietdanh@gmail.com' is set on object 'Object Repository/Page_Mattermost_login/input_loginId'

2020-06-05 21:08:33 - [MESSAGE][PASSED] - Text 'tlvietdanh@gmail.com' is set on object 'Object Repository/Page_Mattermost_login/input_loginId'

2020-06-05 21:08:33 - [TEST_STEP][PASSED] - setText(findTestObject("Object Repository/Page_Mattermost_login/input_password"), var_password): Text '13101998' is set on object 'Object Repository/Page_Mattermost_login/input_password'

2020-06-05 21:08:34 - [MESSAGE][PASSED] - Text '13101998' is set on object 'Object Repository/Page_Mattermost_login/input_password'

2020-06-05 21:08:34 - [TEST_STEP][PASSED] - click(findTestObject("Object Repository/Page_Mattermost_login/span_Sign in")): Object: 'Object Repository/Page_Mattermost_login/span_Sign in' is clicked on

2020-06-05 21:08:35 - [MESSAGE][PASSED] - Object: 'Object Repository/Page_Mattermost_login/span_Sign in' is clicked on

2020-06-05 21:08:35 - [MESSAGE][PASSED] - Call Test Case 'Test Cases/Login/login_function' successfully

2020-06-05 21:08:35 - [TEST_STEP][PASSED] - waitForElementVisible(findTestObject("Object Repository/Rename_channel/span_Town Square"), 2): Object 'Object Repository/Rename_channel/span_Town Square' is visible

2020-06-05 21:08:37 - [MESSAGE][PASSED] - Object 'Object Repository/Rename_channel/span_Town Square' is visible

2020-06-05 21:08:37 - [TEST_STEP][PASSED] - url = getUrl().substring(7): Current window's url is: 'http://192.168.1.10:8065/test3/channels/town-square'

2020-06-05 21:08:37 - [MESSAGE][PASSED] - Current window's url is: 'http://192.168.1.10:8065/test3/channels/town-square'

2020-06-05 21:08:37 - [TEST_STEP][PASSED] - arr = url.split("/"): null

2020-06-05 21:08:37 - [TEST_STEP][PASSED] - arr[length - 1] = channel_url: null

2020-06-05 21:08:37 - [TEST_STEP][PASSED] - newUrl = "": null

2020-06-05 21:08:37 - [TEST_STEP][PASSED] - for ([i = 0, i < length, (i++)]): null

2020-06-05 21:08:37 - [TEST_STEP][PASSED] - newUrl += arr[i] + "/": null

2020-06-05 21:08:37 - [TEST_STEP][PASSED] - newUrl += arr[i] + "/": null

2020-06-05 21:08:37 - [TEST_STEP][PASSED] - newUrl += arr[i] + "/": null

2020-06-05 21:08:37 - [TEST_STEP][PASSED] - newUrl += arr[i] + "/": null

2020-06-05 21:08:37 - [TEST_STEP][PASSED] - printf(newUrl): null

2020-06-05 21:08:37 - [TEST_STEP][PASSED] - navigateToUrl("http://" + newUrl): Navigate to 'http://192.168.1.10:8065/test3/channels/test_name_4/' successfully

2020-06-05 21:08:37 - [MESSAGE][PASSED] - Navigate to 'http://192.168.1.10:8065/test3/channels/test_name_4/' successfully

2020-06-05 21:08:37 - [TEST_STEP][PASSED] - if (verifyElementPresent(findTestObject("Object Repository/Rename_channel/span_Town Square"), 1, OPTIONAL)): null

2020-06-05 21:08:40 - [MESSAGE][PASSED] - Object 'Object Repository/Rename_channel/span_Town Square' is present

2020-06-05 21:08:40 - [TEST_STEP][PASSED] - click(findTestObject("Object Repository/Rename_channel/span_Town Square")): Object: 'Object Repository/Rename_channel/span_Town Square' is clicked on

2020-06-05 21:08:41 - [MESSAGE][PASSED] - Object: 'Object Repository/Rename_channel/span_Town Square' is clicked on

2020-06-05 21:08:41 - [TEST_STEP][PASSED] - click(findTestObject("Object Repository/Rename_channel/span_Rename Channel")): Object: 'Object Repository/Rename_channel/span_Rename Channel' is clicked on

2020-06-05 21:08:41 - [MESSAGE][PASSED] - Object: 'Object Repository/Rename_channel/span_Rename Channel' is clicked on

2020-06-05 21:08:41 - [TEST_STEP][PASSED] - setText(findTestObject("Object Repository/Rename_channel/input_Display Name_display_name"), newName): Text 'test_name_4_rename' is set on object 'Object Repository/Rename_channel/input_Display Name_display_name'

2020-06-05 21:08:42 - [MESSAGE][PASSED] - Text 'test_name_4_rename' is set on object 'Object Repository/Rename_channel/input_Display Name_display_name'

2020-06-05 21:08:42 - [TEST_STEP][PASSED] - click(findTestObject("Object Repository/Rename_channel/button_Save")): Object: 'Object Repository/Rename_channel/button_Save' is clicked on

2020-06-05 21:08:43 - [MESSAGE][PASSED] - Object: 'Object Repository/Rename_channel/button_Save' is clicked on

2020-06-05 21:08:43 - [TEST_STEP][PASSED] - Start tear down : Teardown: Method 'Teardown' complete successfully

2020-06-05 21:08:43 - [TEST_STEP][PASSED] - closeBrowser(): Browser is closed

2020-06-05 21:08:45 - [MESSAGE][PASSED] - Browser is closed

2020-06-05 21:08:45 - [MESSAGE][PASSED] - Method 'Teardown' complete successfully]]></system-out>
         <system-err><![CDATA[]]></system-err>
      </testcase>
      <testcase name="Test Cases/Channel/Remane_channel" time="18.589" classname="Test Cases/Channel/Remane_channel" status="PASSED">
         <system-out><![CDATA[2020-06-05 21:08:45 - [TEST_CASE][PASSED] - Test Cases/Channel/Remane_channel: Test Cases/Channel/Remane_channel

2020-06-05 21:08:45 - [TEST_STEP][PASSED] - Start setup action : Setup: Method 'Setup' complete successfully

2020-06-05 21:08:45 - [TEST_STEP][PASSED] - openBrowser("http://192.168.1.10:8065/login"): Browser is opened with url: 'http://192.168.1.10:8065/login'

2020-06-05 21:08:45 - [MESSAGE][INFO] - Starting 'Firefox' driver

2020-06-05 21:08:45 - [MESSAGE][INFO] - Action delay is set to 0 milliseconds

2020-06-05 21:08:50 - [MESSAGE][PASSED] - Browser is opened with url: 'http://192.168.1.10:8065/login'

2020-06-05 21:08:50 - [MESSAGE][PASSED] - Method 'Setup' complete successfully

2020-06-05 21:08:50 - [TEST_STEP][PASSED] - callTestCase(findTestCase("Test Cases/Login/login_function"), ["var_user":"tlvietdanh@gmail.com", "var_password":"13101998"], STOP_ON_FAILURE): Call Test Case 'Test Cases/Login/login_function' successfully

2020-06-05 21:08:50 - [TEST_CASE][PASSED] - Test Cases/Login/login_function: Test Cases/Login/login_function

2020-06-05 21:08:50 - [TEST_STEP][PASSED] - setText(findTestObject("Object Repository/Page_Mattermost_login/input_loginId"), var_user): Text 'tlvietdanh@gmail.com' is set on object 'Object Repository/Page_Mattermost_login/input_loginId'

2020-06-05 21:08:51 - [MESSAGE][PASSED] - Text 'tlvietdanh@gmail.com' is set on object 'Object Repository/Page_Mattermost_login/input_loginId'

2020-06-05 21:08:51 - [TEST_STEP][PASSED] - setText(findTestObject("Object Repository/Page_Mattermost_login/input_password"), var_password): Text '13101998' is set on object 'Object Repository/Page_Mattermost_login/input_password'

2020-06-05 21:08:52 - [MESSAGE][PASSED] - Text '13101998' is set on object 'Object Repository/Page_Mattermost_login/input_password'

2020-06-05 21:08:52 - [TEST_STEP][PASSED] - click(findTestObject("Object Repository/Page_Mattermost_login/span_Sign in")): Object: 'Object Repository/Page_Mattermost_login/span_Sign in' is clicked on

2020-06-05 21:08:53 - [MESSAGE][PASSED] - Object: 'Object Repository/Page_Mattermost_login/span_Sign in' is clicked on

2020-06-05 21:08:53 - [MESSAGE][PASSED] - Call Test Case 'Test Cases/Login/login_function' successfully

2020-06-05 21:08:53 - [TEST_STEP][PASSED] - waitForElementVisible(findTestObject("Object Repository/Rename_channel/span_Town Square"), 2): Object 'Object Repository/Rename_channel/span_Town Square' is visible

2020-06-05 21:08:55 - [MESSAGE][PASSED] - Object 'Object Repository/Rename_channel/span_Town Square' is visible

2020-06-05 21:08:55 - [TEST_STEP][PASSED] - url = getUrl().substring(7): Current window's url is: 'http://192.168.1.10:8065/test3/channels/town-square'

2020-06-05 21:08:55 - [MESSAGE][PASSED] - Current window's url is: 'http://192.168.1.10:8065/test3/channels/town-square'

2020-06-05 21:08:55 - [TEST_STEP][PASSED] - arr = url.split("/"): null

2020-06-05 21:08:55 - [TEST_STEP][PASSED] - arr[length - 1] = channel_url: null

2020-06-05 21:08:55 - [TEST_STEP][PASSED] - newUrl = "": null

2020-06-05 21:08:55 - [TEST_STEP][PASSED] - for ([i = 0, i < length, (i++)]): null

2020-06-05 21:08:55 - [TEST_STEP][PASSED] - newUrl += arr[i] + "/": null

2020-06-05 21:08:55 - [TEST_STEP][PASSED] - newUrl += arr[i] + "/": null

2020-06-05 21:08:55 - [TEST_STEP][PASSED] - newUrl += arr[i] + "/": null

2020-06-05 21:08:55 - [TEST_STEP][PASSED] - newUrl += arr[i] + "/": null

2020-06-05 21:08:55 - [TEST_STEP][PASSED] - printf(newUrl): null

2020-06-05 21:08:55 - [TEST_STEP][PASSED] - navigateToUrl("http://" + newUrl): Navigate to 'http://192.168.1.10:8065/test3/channels/test_name_5/' successfully

2020-06-05 21:08:56 - [MESSAGE][PASSED] - Navigate to 'http://192.168.1.10:8065/test3/channels/test_name_5/' successfully

2020-06-05 21:08:56 - [TEST_STEP][PASSED] - if (verifyElementPresent(findTestObject("Object Repository/Rename_channel/span_Town Square"), 1, OPTIONAL)): null

2020-06-05 21:08:59 - [MESSAGE][PASSED] - Object 'Object Repository/Rename_channel/span_Town Square' is present

2020-06-05 21:08:59 - [TEST_STEP][PASSED] - click(findTestObject("Object Repository/Rename_channel/span_Town Square")): Object: 'Object Repository/Rename_channel/span_Town Square' is clicked on

2020-06-05 21:08:59 - [MESSAGE][PASSED] - Object: 'Object Repository/Rename_channel/span_Town Square' is clicked on

2020-06-05 21:08:59 - [TEST_STEP][PASSED] - click(findTestObject("Object Repository/Rename_channel/span_Rename Channel")): Object: 'Object Repository/Rename_channel/span_Rename Channel' is clicked on

2020-06-05 21:09:00 - [MESSAGE][PASSED] - Object: 'Object Repository/Rename_channel/span_Rename Channel' is clicked on

2020-06-05 21:09:00 - [TEST_STEP][PASSED] - setText(findTestObject("Object Repository/Rename_channel/input_Display Name_display_name"), newName): Text 'test_name_5_rename' is set on object 'Object Repository/Rename_channel/input_Display Name_display_name'

2020-06-05 21:09:01 - [MESSAGE][PASSED] - Text 'test_name_5_rename' is set on object 'Object Repository/Rename_channel/input_Display Name_display_name'

2020-06-05 21:09:01 - [TEST_STEP][PASSED] - click(findTestObject("Object Repository/Rename_channel/button_Save")): Object: 'Object Repository/Rename_channel/button_Save' is clicked on

2020-06-05 21:09:02 - [MESSAGE][PASSED] - Object: 'Object Repository/Rename_channel/button_Save' is clicked on

2020-06-05 21:09:02 - [TEST_STEP][PASSED] - Start tear down : Teardown: Method 'Teardown' complete successfully

2020-06-05 21:09:02 - [TEST_STEP][PASSED] - closeBrowser(): Browser is closed

2020-06-05 21:09:03 - [MESSAGE][PASSED] - Browser is closed

2020-06-05 21:09:03 - [MESSAGE][PASSED] - Method 'Teardown' complete successfully]]></system-out>
         <system-err><![CDATA[]]></system-err>
      </testcase>
      <testcase name="Test Cases/TC_API/GetRoleName" time="15.056" classname="Test Cases/TC_API/GetRoleName" status="PASSED">
         <system-out><![CDATA[2020-06-05 21:09:03 - [TEST_CASE][PASSED] - Test Cases/TC_API/GetRoleName: Test Cases/TC_API/GetRoleName

2020-06-05 21:09:03 - [TEST_STEP][PASSED] - callTestCase(findTestCase("Test Cases/TC_API/Login_SaveCookie"), null): Call Test Case 'Test Cases/TC_API/Login_SaveCookie' successfully

2020-06-05 21:09:03 - [TEST_CASE][PASSED] - Test Cases/TC_API/Login_SaveCookie: Test Cases/TC_API/Login_SaveCookie

2020-06-05 21:09:04 - [TEST_STEP][PASSED] - openBrowser(BaseUrl): Browser is opened with url: 'http://192.168.1.10:8065'

2020-06-05 21:09:04 - [MESSAGE][INFO] - Starting 'Firefox' driver

2020-06-05 21:09:04 - [MESSAGE][INFO] - Action delay is set to 0 milliseconds

2020-06-05 21:09:08 - [MESSAGE][PASSED] - Browser is opened with url: 'http://192.168.1.10:8065'

2020-06-05 21:09:08 - [TEST_STEP][PASSED] - setText(findTestObject("Object Repository/API/MatterMost_page/input_All team communication in one place searchable and accessible anywhere_loginId"), loginId): Text 'tlvietdanh@gmail.com' is set on object 'Object Repository/API/MatterMost_page/input_All team communication in one place searchable and accessible anywhere_loginId'

2020-06-05 21:09:10 - [MESSAGE][PASSED] - Text 'tlvietdanh@gmail.com' is set on object 'Object Repository/API/MatterMost_page/input_All team communication in one place searchable and accessible anywhere_loginId'

2020-06-05 21:09:10 - [TEST_STEP][PASSED] - setMaskedText(findTestObject("Object Repository/API/MatterMost_page/input_All team communication in one place searchable and accessible anywhere_password"), Password): Text '********' is set on object 'Object Repository/API/MatterMost_page/input_All team communication in one place searchable and accessible anywhere_password'

2020-06-05 21:09:11 - [MESSAGE][PASSED] - Text '********' is set on object 'Object Repository/API/MatterMost_page/input_All team communication in one place searchable and accessible anywhere_password'

2020-06-05 21:09:11 - [TEST_STEP][PASSED] - submit(findTestObject("Object Repository/API/MatterMost_page/span_Sign in")): The form containing object: 'Object Repository/API/MatterMost_page/span_Sign in' is submitted

2020-06-05 21:09:11 - [MESSAGE][PASSED] - The form containing object: 'Object Repository/API/MatterMost_page/span_Sign in' is submitted

2020-06-05 21:09:11 - [TEST_STEP][PASSED] - delay(5): Delayed 5 second(s)

2020-06-05 21:09:16 - [MESSAGE][PASSED] - Delayed 5 second(s)

2020-06-05 21:09:16 - [TEST_STEP][PASSED] - titleWindow = getWindowTitle(): Current window's title is: 'Town Square - test3 Mattermost'

2020-06-05 21:09:16 - [MESSAGE][PASSED] - Current window's title is: 'Town Square - test3 Mattermost'

2020-06-05 21:09:16 - [TEST_STEP][PASSED] - driver = getWebDriver(): null

2020-06-05 21:09:16 - [TEST_STEP][PASSED] - cookieString = "": null

2020-06-05 21:09:16 - [TEST_STEP][PASSED] - cookieCollection = manage().getCookies(): null

2020-06-05 21:09:16 - [TEST_STEP][PASSED] - for (org.openqa.selenium.Cookie currentCookie : cookieCollection): null

2020-06-05 21:09:16 - [TEST_STEP][PASSED] - cookieString += currentCookie.getName() + "=" + currentCookie.getValue() + "; ": null

2020-06-05 21:09:16 - [TEST_STEP][PASSED] - print(cookieString): null

2020-06-05 21:09:16 - [TEST_STEP][PASSED] - cookieString += currentCookie.getName() + "=" + currentCookie.getValue() + "; ": null

2020-06-05 21:09:16 - [TEST_STEP][PASSED] - print(cookieString): null

2020-06-05 21:09:16 - [TEST_STEP][PASSED] - cookieString += currentCookie.getName() + "=" + currentCookie.getValue() + "; ": null

2020-06-05 21:09:16 - [TEST_STEP][PASSED] - print(cookieString): null

2020-06-05 21:09:16 - [TEST_STEP][PASSED] - CloudCookies = cookieString: null

2020-06-05 21:09:16 - [TEST_STEP][PASSED] - closeBrowser(): Browser is closed

2020-06-05 21:09:17 - [MESSAGE][PASSED] - Browser is closed

2020-06-05 21:09:17 - [MESSAGE][PASSED] - Call Test Case 'Test Cases/TC_API/Login_SaveCookie' successfully

2020-06-05 21:09:17 - [TEST_STEP][PASSED] - response = sendRequest(findTestObject("API/GetRoleName", ["url":BaseUrl, "Cookie":CloudCookies])): Send request successfully

2020-06-05 21:09:18 - [MESSAGE][INFO] - HAR: D:\katalon\hw2-katalon-testing\Reports\20200605_205708\Run_All_Test_Cases\20200605_205708\requests\main\0.har

2020-06-05 21:09:18 - [MESSAGE][PASSED] - Send request successfully

2020-06-05 21:09:18 - [TEST_STEP][PASSED] - verifyResponseStatusCode(response, 200): Verify response status code successfully

2020-06-05 21:09:18 - [MESSAGE][PASSED] - Verify response status code successfully]]></system-out>
         <system-err><![CDATA[]]></system-err>
      </testcase>
      <testcase name="Test Cases/TC_API/GetTimeZone" time="14.467" classname="Test Cases/TC_API/GetTimeZone" status="PASSED">
         <system-out><![CDATA[2020-06-05 21:09:18 - [TEST_CASE][PASSED] - Test Cases/TC_API/GetTimeZone: Test Cases/TC_API/GetTimeZone

2020-06-05 21:09:18 - [TEST_STEP][PASSED] - callTestCase(findTestCase("Test Cases/TC_API/Login_SaveCookie"), null): Call Test Case 'Test Cases/TC_API/Login_SaveCookie' successfully

2020-06-05 21:09:18 - [TEST_CASE][PASSED] - Test Cases/TC_API/Login_SaveCookie: Test Cases/TC_API/Login_SaveCookie

2020-06-05 21:09:19 - [TEST_STEP][PASSED] - openBrowser(BaseUrl): Browser is opened with url: 'http://192.168.1.10:8065'

2020-06-05 21:09:19 - [MESSAGE][INFO] - Starting 'Firefox' driver

2020-06-05 21:09:19 - [MESSAGE][INFO] - Action delay is set to 0 milliseconds

2020-06-05 21:09:24 - [MESSAGE][PASSED] - Browser is opened with url: 'http://192.168.1.10:8065'

2020-06-05 21:09:24 - [TEST_STEP][PASSED] - setText(findTestObject("Object Repository/API/MatterMost_page/input_All team communication in one place searchable and accessible anywhere_loginId"), loginId): Text 'tlvietdanh@gmail.com' is set on object 'Object Repository/API/MatterMost_page/input_All team communication in one place searchable and accessible anywhere_loginId'

2020-06-05 21:09:25 - [MESSAGE][PASSED] - Text 'tlvietdanh@gmail.com' is set on object 'Object Repository/API/MatterMost_page/input_All team communication in one place searchable and accessible anywhere_loginId'

2020-06-05 21:09:25 - [TEST_STEP][PASSED] - setMaskedText(findTestObject("Object Repository/API/MatterMost_page/input_All team communication in one place searchable and accessible anywhere_password"), Password): Text '********' is set on object 'Object Repository/API/MatterMost_page/input_All team communication in one place searchable and accessible anywhere_password'

2020-06-05 21:09:26 - [MESSAGE][PASSED] - Text '********' is set on object 'Object Repository/API/MatterMost_page/input_All team communication in one place searchable and accessible anywhere_password'

2020-06-05 21:09:26 - [TEST_STEP][PASSED] - submit(findTestObject("Object Repository/API/MatterMost_page/span_Sign in")): The form containing object: 'Object Repository/API/MatterMost_page/span_Sign in' is submitted

2020-06-05 21:09:26 - [MESSAGE][PASSED] - The form containing object: 'Object Repository/API/MatterMost_page/span_Sign in' is submitted

2020-06-05 21:09:26 - [TEST_STEP][PASSED] - delay(5): Delayed 5 second(s)

2020-06-05 21:09:31 - [MESSAGE][PASSED] - Delayed 5 second(s)

2020-06-05 21:09:31 - [TEST_STEP][PASSED] - titleWindow = getWindowTitle(): Current window's title is: 'Town Square - test3 Mattermost'

2020-06-05 21:09:31 - [MESSAGE][PASSED] - Current window's title is: 'Town Square - test3 Mattermost'

2020-06-05 21:09:31 - [TEST_STEP][PASSED] - driver = getWebDriver(): null

2020-06-05 21:09:31 - [TEST_STEP][PASSED] - cookieString = "": null

2020-06-05 21:09:31 - [TEST_STEP][PASSED] - cookieCollection = manage().getCookies(): null

2020-06-05 21:09:31 - [TEST_STEP][PASSED] - for (org.openqa.selenium.Cookie currentCookie : cookieCollection): null

2020-06-05 21:09:31 - [TEST_STEP][PASSED] - cookieString += currentCookie.getName() + "=" + currentCookie.getValue() + "; ": null

2020-06-05 21:09:31 - [TEST_STEP][PASSED] - print(cookieString): null

2020-06-05 21:09:31 - [TEST_STEP][PASSED] - cookieString += currentCookie.getName() + "=" + currentCookie.getValue() + "; ": null

2020-06-05 21:09:31 - [TEST_STEP][PASSED] - print(cookieString): null

2020-06-05 21:09:31 - [TEST_STEP][PASSED] - cookieString += currentCookie.getName() + "=" + currentCookie.getValue() + "; ": null

2020-06-05 21:09:31 - [TEST_STEP][PASSED] - print(cookieString): null

2020-06-05 21:09:31 - [TEST_STEP][PASSED] - CloudCookies = cookieString: null

2020-06-05 21:09:31 - [TEST_STEP][PASSED] - closeBrowser(): Browser is closed

2020-06-05 21:09:33 - [MESSAGE][PASSED] - Browser is closed

2020-06-05 21:09:33 - [MESSAGE][PASSED] - Call Test Case 'Test Cases/TC_API/Login_SaveCookie' successfully

2020-06-05 21:09:33 - [TEST_STEP][PASSED] - response = sendRequest(findTestObject("API/GetTimeZone", ["url":BaseUrl, "Cookie":CloudCookies])): Send request successfully

2020-06-05 21:09:33 - [MESSAGE][INFO] - HAR: D:\katalon\hw2-katalon-testing\Reports\20200605_205708\Run_All_Test_Cases\20200605_205708\requests\main\1.har

2020-06-05 21:09:33 - [MESSAGE][PASSED] - Send request successfully

2020-06-05 21:09:33 - [TEST_STEP][PASSED] - verifyResponseStatusCode(response, 200): Verify response status code successfully

2020-06-05 21:09:33 - [MESSAGE][PASSED] - Verify response status code successfully]]></system-out>
         <system-err><![CDATA[]]></system-err>
      </testcase>
      <testcase name="Test Cases/TC_API/GetStatusPlugin" time="14.051" classname="Test Cases/TC_API/GetStatusPlugin" status="PASSED">
         <system-out><![CDATA[2020-06-05 21:09:33 - [TEST_CASE][PASSED] - Test Cases/TC_API/GetStatusPlugin: Test Cases/TC_API/GetStatusPlugin

2020-06-05 21:09:33 - [TEST_STEP][PASSED] - callTestCase(findTestCase("Test Cases/TC_API/Login_SaveCookie"), null): Call Test Case 'Test Cases/TC_API/Login_SaveCookie' successfully

2020-06-05 21:09:33 - [TEST_CASE][PASSED] - Test Cases/TC_API/Login_SaveCookie: Test Cases/TC_API/Login_SaveCookie

2020-06-05 21:09:33 - [TEST_STEP][PASSED] - openBrowser(BaseUrl): Browser is opened with url: 'http://192.168.1.10:8065'

2020-06-05 21:09:33 - [MESSAGE][INFO] - Starting 'Firefox' driver

2020-06-05 21:09:33 - [MESSAGE][INFO] - Action delay is set to 0 milliseconds

2020-06-05 21:09:38 - [MESSAGE][PASSED] - Browser is opened with url: 'http://192.168.1.10:8065'

2020-06-05 21:09:38 - [TEST_STEP][PASSED] - setText(findTestObject("Object Repository/API/MatterMost_page/input_All team communication in one place searchable and accessible anywhere_loginId"), loginId): Text 'tlvietdanh@gmail.com' is set on object 'Object Repository/API/MatterMost_page/input_All team communication in one place searchable and accessible anywhere_loginId'

2020-06-05 21:09:39 - [MESSAGE][PASSED] - Text 'tlvietdanh@gmail.com' is set on object 'Object Repository/API/MatterMost_page/input_All team communication in one place searchable and accessible anywhere_loginId'

2020-06-05 21:09:39 - [TEST_STEP][PASSED] - setMaskedText(findTestObject("Object Repository/API/MatterMost_page/input_All team communication in one place searchable and accessible anywhere_password"), Password): Text '********' is set on object 'Object Repository/API/MatterMost_page/input_All team communication in one place searchable and accessible anywhere_password'

2020-06-05 21:09:40 - [MESSAGE][PASSED] - Text '********' is set on object 'Object Repository/API/MatterMost_page/input_All team communication in one place searchable and accessible anywhere_password'

2020-06-05 21:09:40 - [TEST_STEP][PASSED] - submit(findTestObject("Object Repository/API/MatterMost_page/span_Sign in")): The form containing object: 'Object Repository/API/MatterMost_page/span_Sign in' is submitted

2020-06-05 21:09:41 - [MESSAGE][PASSED] - The form containing object: 'Object Repository/API/MatterMost_page/span_Sign in' is submitted

2020-06-05 21:09:41 - [TEST_STEP][PASSED] - delay(5): Delayed 5 second(s)

2020-06-05 21:09:46 - [MESSAGE][PASSED] - Delayed 5 second(s)

2020-06-05 21:09:46 - [TEST_STEP][PASSED] - titleWindow = getWindowTitle(): Current window's title is: 'Town Square - test3 Mattermost'

2020-06-05 21:09:46 - [MESSAGE][PASSED] - Current window's title is: 'Town Square - test3 Mattermost'

2020-06-05 21:09:46 - [TEST_STEP][PASSED] - driver = getWebDriver(): null

2020-06-05 21:09:46 - [TEST_STEP][PASSED] - cookieString = "": null

2020-06-05 21:09:46 - [TEST_STEP][PASSED] - cookieCollection = manage().getCookies(): null

2020-06-05 21:09:46 - [TEST_STEP][PASSED] - for (org.openqa.selenium.Cookie currentCookie : cookieCollection): null

2020-06-05 21:09:46 - [TEST_STEP][PASSED] - cookieString += currentCookie.getName() + "=" + currentCookie.getValue() + "; ": null

2020-06-05 21:09:46 - [TEST_STEP][PASSED] - print(cookieString): null

2020-06-05 21:09:46 - [TEST_STEP][PASSED] - cookieString += currentCookie.getName() + "=" + currentCookie.getValue() + "; ": null

2020-06-05 21:09:46 - [TEST_STEP][PASSED] - print(cookieString): null

2020-06-05 21:09:46 - [TEST_STEP][PASSED] - cookieString += currentCookie.getName() + "=" + currentCookie.getValue() + "; ": null

2020-06-05 21:09:46 - [TEST_STEP][PASSED] - print(cookieString): null

2020-06-05 21:09:46 - [TEST_STEP][PASSED] - CloudCookies = cookieString: null

2020-06-05 21:09:46 - [TEST_STEP][PASSED] - closeBrowser(): Browser is closed

2020-06-05 21:09:47 - [MESSAGE][PASSED] - Browser is closed

2020-06-05 21:09:47 - [MESSAGE][PASSED] - Call Test Case 'Test Cases/TC_API/Login_SaveCookie' successfully

2020-06-05 21:09:47 - [TEST_STEP][PASSED] - request = findTestObject("API/GetStatusPlugin", ["url":BaseUrl, "Cookie":CloudCookies]): null

2020-06-05 21:09:47 - [TEST_STEP][PASSED] - json = new groovy.json.JsonBuilder(): null

2020-06-05 21:09:47 - [TEST_STEP][PASSED] - try: Verify response status code successfully

2020-06-05 21:09:47 - [TEST_STEP][PASSED] - response = sendRequest(request): Send request successfully

2020-06-05 21:09:47 - [MESSAGE][INFO] - HAR: D:\katalon\hw2-katalon-testing\Reports\20200605_205708\Run_All_Test_Cases\20200605_205708\requests\main\2.har

2020-06-05 21:09:47 - [MESSAGE][PASSED] - Send request successfully

2020-06-05 21:09:47 - [TEST_STEP][PASSED] - println(response): null

2020-06-05 21:09:47 - [TEST_STEP][PASSED] - verifyResponseStatusCode(response, 200): Verify response status code successfully

2020-06-05 21:09:47 - [MESSAGE][PASSED] - Verify response status code successfully]]></system-out>
         <system-err><![CDATA[]]></system-err>
      </testcase>
      <testcase name="Test Cases/TC_API/GetUsers" time="14.107" classname="Test Cases/TC_API/GetUsers" status="PASSED">
         <system-out><![CDATA[2020-06-05 21:09:47 - [TEST_CASE][PASSED] - Test Cases/TC_API/GetUsers: Test Cases/TC_API/GetUsers

2020-06-05 21:09:47 - [TEST_STEP][PASSED] - callTestCase(findTestCase("Test Cases/TC_API/Login_SaveCookie"), null): Call Test Case 'Test Cases/TC_API/Login_SaveCookie' successfully

2020-06-05 21:09:47 - [TEST_CASE][PASSED] - Test Cases/TC_API/Login_SaveCookie: Test Cases/TC_API/Login_SaveCookie

2020-06-05 21:09:47 - [TEST_STEP][PASSED] - openBrowser(BaseUrl): Browser is opened with url: 'http://192.168.1.10:8065'

2020-06-05 21:09:47 - [MESSAGE][INFO] - Starting 'Firefox' driver

2020-06-05 21:09:47 - [MESSAGE][INFO] - Action delay is set to 0 milliseconds

2020-06-05 21:09:52 - [MESSAGE][PASSED] - Browser is opened with url: 'http://192.168.1.10:8065'

2020-06-05 21:09:52 - [TEST_STEP][PASSED] - setText(findTestObject("Object Repository/API/MatterMost_page/input_All team communication in one place searchable and accessible anywhere_loginId"), loginId): Text 'tlvietdanh@gmail.com' is set on object 'Object Repository/API/MatterMost_page/input_All team communication in one place searchable and accessible anywhere_loginId'

2020-06-05 21:09:53 - [MESSAGE][PASSED] - Text 'tlvietdanh@gmail.com' is set on object 'Object Repository/API/MatterMost_page/input_All team communication in one place searchable and accessible anywhere_loginId'

2020-06-05 21:09:53 - [TEST_STEP][PASSED] - setMaskedText(findTestObject("Object Repository/API/MatterMost_page/input_All team communication in one place searchable and accessible anywhere_password"), Password): Text '********' is set on object 'Object Repository/API/MatterMost_page/input_All team communication in one place searchable and accessible anywhere_password'

2020-06-05 21:09:54 - [MESSAGE][PASSED] - Text '********' is set on object 'Object Repository/API/MatterMost_page/input_All team communication in one place searchable and accessible anywhere_password'

2020-06-05 21:09:54 - [TEST_STEP][PASSED] - submit(findTestObject("Object Repository/API/MatterMost_page/span_Sign in")): The form containing object: 'Object Repository/API/MatterMost_page/span_Sign in' is submitted

2020-06-05 21:09:54 - [MESSAGE][PASSED] - The form containing object: 'Object Repository/API/MatterMost_page/span_Sign in' is submitted

2020-06-05 21:09:54 - [TEST_STEP][PASSED] - delay(5): Delayed 5 second(s)

2020-06-05 21:09:59 - [MESSAGE][PASSED] - Delayed 5 second(s)

2020-06-05 21:09:59 - [TEST_STEP][PASSED] - titleWindow = getWindowTitle(): Current window's title is: 'Town Square - test3 Mattermost'

2020-06-05 21:09:59 - [MESSAGE][PASSED] - Current window's title is: 'Town Square - test3 Mattermost'

2020-06-05 21:09:59 - [TEST_STEP][PASSED] - driver = getWebDriver(): null

2020-06-05 21:09:59 - [TEST_STEP][PASSED] - cookieString = "": null

2020-06-05 21:09:59 - [TEST_STEP][PASSED] - cookieCollection = manage().getCookies(): null

2020-06-05 21:09:59 - [TEST_STEP][PASSED] - for (org.openqa.selenium.Cookie currentCookie : cookieCollection): null

2020-06-05 21:09:59 - [TEST_STEP][PASSED] - cookieString += currentCookie.getName() + "=" + currentCookie.getValue() + "; ": null

2020-06-05 21:09:59 - [TEST_STEP][PASSED] - print(cookieString): null

2020-06-05 21:09:59 - [TEST_STEP][PASSED] - cookieString += currentCookie.getName() + "=" + currentCookie.getValue() + "; ": null

2020-06-05 21:09:59 - [TEST_STEP][PASSED] - print(cookieString): null

2020-06-05 21:09:59 - [TEST_STEP][PASSED] - cookieString += currentCookie.getName() + "=" + currentCookie.getValue() + "; ": null

2020-06-05 21:09:59 - [TEST_STEP][PASSED] - print(cookieString): null

2020-06-05 21:09:59 - [TEST_STEP][PASSED] - CloudCookies = cookieString: null

2020-06-05 21:09:59 - [TEST_STEP][PASSED] - closeBrowser(): Browser is closed

2020-06-05 21:10:01 - [MESSAGE][PASSED] - Browser is closed

2020-06-05 21:10:01 - [MESSAGE][PASSED] - Call Test Case 'Test Cases/TC_API/Login_SaveCookie' successfully

2020-06-05 21:10:01 - [TEST_STEP][PASSED] - response = sendRequest(findTestObject("API/GetUsers", ["url":BaseUrl, "Cookie":CloudCookies])): Send request successfully

2020-06-05 21:10:01 - [MESSAGE][INFO] - HAR: D:\katalon\hw2-katalon-testing\Reports\20200605_205708\Run_All_Test_Cases\20200605_205708\requests\main\3.har

2020-06-05 21:10:01 - [MESSAGE][PASSED] - Send request successfully

2020-06-05 21:10:01 - [TEST_STEP][PASSED] - verifyResponseStatusCode(response, 200): Verify response status code successfully

2020-06-05 21:10:01 - [MESSAGE][PASSED] - Verify response status code successfully]]></system-out>
         <system-err><![CDATA[]]></system-err>
      </testcase>
      <testcase name="Test Cases/TC_API/ViewMembers" time="14.97" classname="Test Cases/TC_API/ViewMembers" status="PASSED">
         <system-out><![CDATA[2020-06-05 21:10:01 - [TEST_CASE][PASSED] - Test Cases/TC_API/ViewMembers: Test Cases/TC_API/ViewMembers

2020-06-05 21:10:01 - [TEST_STEP][PASSED] - callTestCase(findTestCase("Test Cases/TC_API/Login_SaveCookie"), null): Call Test Case 'Test Cases/TC_API/Login_SaveCookie' successfully

2020-06-05 21:10:01 - [TEST_CASE][PASSED] - Test Cases/TC_API/Login_SaveCookie: Test Cases/TC_API/Login_SaveCookie

2020-06-05 21:10:01 - [TEST_STEP][PASSED] - openBrowser(BaseUrl): Browser is opened with url: 'http://192.168.1.10:8065'

2020-06-05 21:10:01 - [MESSAGE][INFO] - Starting 'Firefox' driver

2020-06-05 21:10:01 - [MESSAGE][INFO] - Action delay is set to 0 milliseconds

2020-06-05 21:10:06 - [MESSAGE][PASSED] - Browser is opened with url: 'http://192.168.1.10:8065'

2020-06-05 21:10:06 - [TEST_STEP][PASSED] - setText(findTestObject("Object Repository/API/MatterMost_page/input_All team communication in one place searchable and accessible anywhere_loginId"), loginId): Text 'tlvietdanh@gmail.com' is set on object 'Object Repository/API/MatterMost_page/input_All team communication in one place searchable and accessible anywhere_loginId'

2020-06-05 21:10:08 - [MESSAGE][PASSED] - Text 'tlvietdanh@gmail.com' is set on object 'Object Repository/API/MatterMost_page/input_All team communication in one place searchable and accessible anywhere_loginId'

2020-06-05 21:10:08 - [TEST_STEP][PASSED] - setMaskedText(findTestObject("Object Repository/API/MatterMost_page/input_All team communication in one place searchable and accessible anywhere_password"), Password): Text '********' is set on object 'Object Repository/API/MatterMost_page/input_All team communication in one place searchable and accessible anywhere_password'

2020-06-05 21:10:09 - [MESSAGE][PASSED] - Text '********' is set on object 'Object Repository/API/MatterMost_page/input_All team communication in one place searchable and accessible anywhere_password'

2020-06-05 21:10:09 - [TEST_STEP][PASSED] - submit(findTestObject("Object Repository/API/MatterMost_page/span_Sign in")): The form containing object: 'Object Repository/API/MatterMost_page/span_Sign in' is submitted

2020-06-05 21:10:09 - [MESSAGE][PASSED] - The form containing object: 'Object Repository/API/MatterMost_page/span_Sign in' is submitted

2020-06-05 21:10:09 - [TEST_STEP][PASSED] - delay(5): Delayed 5 second(s)

2020-06-05 21:10:14 - [MESSAGE][PASSED] - Delayed 5 second(s)

2020-06-05 21:10:14 - [TEST_STEP][PASSED] - titleWindow = getWindowTitle(): Current window's title is: 'Town Square - test3 Mattermost'

2020-06-05 21:10:14 - [MESSAGE][PASSED] - Current window's title is: 'Town Square - test3 Mattermost'

2020-06-05 21:10:14 - [TEST_STEP][PASSED] - driver = getWebDriver(): null

2020-06-05 21:10:14 - [TEST_STEP][PASSED] - cookieString = "": null

2020-06-05 21:10:14 - [TEST_STEP][PASSED] - cookieCollection = manage().getCookies(): null

2020-06-05 21:10:14 - [TEST_STEP][PASSED] - for (org.openqa.selenium.Cookie currentCookie : cookieCollection): null

2020-06-05 21:10:14 - [TEST_STEP][PASSED] - cookieString += currentCookie.getName() + "=" + currentCookie.getValue() + "; ": null

2020-06-05 21:10:14 - [TEST_STEP][PASSED] - print(cookieString): null

2020-06-05 21:10:14 - [TEST_STEP][PASSED] - cookieString += currentCookie.getName() + "=" + currentCookie.getValue() + "; ": null

2020-06-05 21:10:14 - [TEST_STEP][PASSED] - print(cookieString): null

2020-06-05 21:10:14 - [TEST_STEP][PASSED] - cookieString += currentCookie.getName() + "=" + currentCookie.getValue() + "; ": null

2020-06-05 21:10:14 - [TEST_STEP][PASSED] - print(cookieString): null

2020-06-05 21:10:14 - [TEST_STEP][PASSED] - CloudCookies = cookieString: null

2020-06-05 21:10:14 - [TEST_STEP][PASSED] - closeBrowser(): Browser is closed

2020-06-05 21:10:16 - [MESSAGE][PASSED] - Browser is closed

2020-06-05 21:10:16 - [MESSAGE][PASSED] - Call Test Case 'Test Cases/TC_API/Login_SaveCookie' successfully

2020-06-05 21:10:16 - [TEST_STEP][PASSED] - respone = sendRequest(findTestObject("API/ViewMembers", ["url":BaseUrl, "Cookie":CloudCookies, "channelID":ChannelID])): Send request successfully

2020-06-05 21:10:16 - [MESSAGE][INFO] - HAR: D:\katalon\hw2-katalon-testing\Reports\20200605_205708\Run_All_Test_Cases\20200605_205708\requests\main\4.har

2020-06-05 21:10:16 - [MESSAGE][PASSED] - Send request successfully

2020-06-05 21:10:16 - [TEST_STEP][PASSED] - verifyResponseStatusCode(respone, 403): Verify response status code successfully

2020-06-05 21:10:16 - [MESSAGE][PASSED] - Verify response status code successfully]]></system-out>
         <system-err><![CDATA[]]></system-err>
      </testcase>
      <testcase name="Test Cases/TC_API/SystemLog" time="15.014" classname="Test Cases/TC_API/SystemLog" status="PASSED">
         <system-out><![CDATA[2020-06-05 21:10:16 - [TEST_CASE][PASSED] - Test Cases/TC_API/SystemLog: Test Cases/TC_API/SystemLog

2020-06-05 21:10:16 - [TEST_STEP][PASSED] - callTestCase(findTestCase("Test Cases/TC_API/Login_SaveCookie"), null): Call Test Case 'Test Cases/TC_API/Login_SaveCookie' successfully

2020-06-05 21:10:16 - [TEST_CASE][PASSED] - Test Cases/TC_API/Login_SaveCookie: Test Cases/TC_API/Login_SaveCookie

2020-06-05 21:10:16 - [TEST_STEP][PASSED] - openBrowser(BaseUrl): Browser is opened with url: 'http://192.168.1.10:8065'

2020-06-05 21:10:16 - [MESSAGE][INFO] - Starting 'Firefox' driver

2020-06-05 21:10:16 - [MESSAGE][INFO] - Action delay is set to 0 milliseconds

2020-06-05 21:10:21 - [MESSAGE][PASSED] - Browser is opened with url: 'http://192.168.1.10:8065'

2020-06-05 21:10:21 - [TEST_STEP][PASSED] - setText(findTestObject("Object Repository/API/MatterMost_page/input_All team communication in one place searchable and accessible anywhere_loginId"), loginId): Text 'tlvietdanh@gmail.com' is set on object 'Object Repository/API/MatterMost_page/input_All team communication in one place searchable and accessible anywhere_loginId'

2020-06-05 21:10:23 - [MESSAGE][PASSED] - Text 'tlvietdanh@gmail.com' is set on object 'Object Repository/API/MatterMost_page/input_All team communication in one place searchable and accessible anywhere_loginId'

2020-06-05 21:10:23 - [TEST_STEP][PASSED] - setMaskedText(findTestObject("Object Repository/API/MatterMost_page/input_All team communication in one place searchable and accessible anywhere_password"), Password): Text '********' is set on object 'Object Repository/API/MatterMost_page/input_All team communication in one place searchable and accessible anywhere_password'

2020-06-05 21:10:24 - [MESSAGE][PASSED] - Text '********' is set on object 'Object Repository/API/MatterMost_page/input_All team communication in one place searchable and accessible anywhere_password'

2020-06-05 21:10:24 - [TEST_STEP][PASSED] - submit(findTestObject("Object Repository/API/MatterMost_page/span_Sign in")): The form containing object: 'Object Repository/API/MatterMost_page/span_Sign in' is submitted

2020-06-05 21:10:24 - [MESSAGE][PASSED] - The form containing object: 'Object Repository/API/MatterMost_page/span_Sign in' is submitted

2020-06-05 21:10:24 - [TEST_STEP][PASSED] - delay(5): Delayed 5 second(s)

2020-06-05 21:10:29 - [MESSAGE][PASSED] - Delayed 5 second(s)

2020-06-05 21:10:29 - [TEST_STEP][PASSED] - titleWindow = getWindowTitle(): Current window's title is: 'Town Square - test3 Mattermost'

2020-06-05 21:10:29 - [MESSAGE][PASSED] - Current window's title is: 'Town Square - test3 Mattermost'

2020-06-05 21:10:29 - [TEST_STEP][PASSED] - driver = getWebDriver(): null

2020-06-05 21:10:29 - [TEST_STEP][PASSED] - cookieString = "": null

2020-06-05 21:10:29 - [TEST_STEP][PASSED] - cookieCollection = manage().getCookies(): null

2020-06-05 21:10:29 - [TEST_STEP][PASSED] - for (org.openqa.selenium.Cookie currentCookie : cookieCollection): null

2020-06-05 21:10:29 - [TEST_STEP][PASSED] - cookieString += currentCookie.getName() + "=" + currentCookie.getValue() + "; ": null

2020-06-05 21:10:29 - [TEST_STEP][PASSED] - print(cookieString): null

2020-06-05 21:10:29 - [TEST_STEP][PASSED] - cookieString += currentCookie.getName() + "=" + currentCookie.getValue() + "; ": null

2020-06-05 21:10:29 - [TEST_STEP][PASSED] - print(cookieString): null

2020-06-05 21:10:29 - [TEST_STEP][PASSED] - cookieString += currentCookie.getName() + "=" + currentCookie.getValue() + "; ": null

2020-06-05 21:10:29 - [TEST_STEP][PASSED] - print(cookieString): null

2020-06-05 21:10:29 - [TEST_STEP][PASSED] - CloudCookies = cookieString: null

2020-06-05 21:10:29 - [TEST_STEP][PASSED] - closeBrowser(): Browser is closed

2020-06-05 21:10:31 - [MESSAGE][PASSED] - Browser is closed

2020-06-05 21:10:31 - [MESSAGE][PASSED] - Call Test Case 'Test Cases/TC_API/Login_SaveCookie' successfully

2020-06-05 21:10:31 - [TEST_STEP][PASSED] - response = sendRequest(findTestObject("API/SystemLog", ["Cookie":CloudCookies, "url":BaseUrl])): Send request successfully

2020-06-05 21:10:31 - [MESSAGE][INFO] - HAR: D:\katalon\hw2-katalon-testing\Reports\20200605_205708\Run_All_Test_Cases\20200605_205708\requests\main\5.har

2020-06-05 21:10:31 - [MESSAGE][PASSED] - Send request successfully

2020-06-05 21:10:31 - [TEST_STEP][PASSED] - verifyResponseStatusCode(response, 200): Verify response status code successfully

2020-06-05 21:10:31 - [MESSAGE][PASSED] - Verify response status code successfully]]></system-out>
         <system-err><![CDATA[]]></system-err>
      </testcase>
      <testcase name="Test Cases/TC_API/Statistics" time="14.982" classname="Test Cases/TC_API/Statistics" status="PASSED">
         <system-out><![CDATA[2020-06-05 21:10:31 - [TEST_CASE][PASSED] - Test Cases/TC_API/Statistics: Test Cases/TC_API/Statistics

2020-06-05 21:10:31 - [TEST_STEP][PASSED] - callTestCase(findTestCase("Test Cases/TC_API/Login_SaveCookie"), null): Call Test Case 'Test Cases/TC_API/Login_SaveCookie' successfully

2020-06-05 21:10:31 - [TEST_CASE][PASSED] - Test Cases/TC_API/Login_SaveCookie: Test Cases/TC_API/Login_SaveCookie

2020-06-05 21:10:31 - [TEST_STEP][PASSED] - openBrowser(BaseUrl): Browser is opened with url: 'http://192.168.1.10:8065'

2020-06-05 21:10:31 - [MESSAGE][INFO] - Starting 'Firefox' driver

2020-06-05 21:10:31 - [MESSAGE][INFO] - Action delay is set to 0 milliseconds

2020-06-05 21:10:36 - [MESSAGE][PASSED] - Browser is opened with url: 'http://192.168.1.10:8065'

2020-06-05 21:10:36 - [TEST_STEP][PASSED] - setText(findTestObject("Object Repository/API/MatterMost_page/input_All team communication in one place searchable and accessible anywhere_loginId"), loginId): Text 'tlvietdanh@gmail.com' is set on object 'Object Repository/API/MatterMost_page/input_All team communication in one place searchable and accessible anywhere_loginId'

2020-06-05 21:10:38 - [MESSAGE][PASSED] - Text 'tlvietdanh@gmail.com' is set on object 'Object Repository/API/MatterMost_page/input_All team communication in one place searchable and accessible anywhere_loginId'

2020-06-05 21:10:38 - [TEST_STEP][PASSED] - setMaskedText(findTestObject("Object Repository/API/MatterMost_page/input_All team communication in one place searchable and accessible anywhere_password"), Password): Text '********' is set on object 'Object Repository/API/MatterMost_page/input_All team communication in one place searchable and accessible anywhere_password'

2020-06-05 21:10:39 - [MESSAGE][PASSED] - Text '********' is set on object 'Object Repository/API/MatterMost_page/input_All team communication in one place searchable and accessible anywhere_password'

2020-06-05 21:10:39 - [TEST_STEP][PASSED] - submit(findTestObject("Object Repository/API/MatterMost_page/span_Sign in")): The form containing object: 'Object Repository/API/MatterMost_page/span_Sign in' is submitted

2020-06-05 21:10:39 - [MESSAGE][PASSED] - The form containing object: 'Object Repository/API/MatterMost_page/span_Sign in' is submitted

2020-06-05 21:10:39 - [TEST_STEP][PASSED] - delay(5): Delayed 5 second(s)

2020-06-05 21:10:44 - [MESSAGE][PASSED] - Delayed 5 second(s)

2020-06-05 21:10:44 - [TEST_STEP][PASSED] - titleWindow = getWindowTitle(): Current window's title is: 'Town Square - test3 Mattermost'

2020-06-05 21:10:44 - [MESSAGE][PASSED] - Current window's title is: 'Town Square - test3 Mattermost'

2020-06-05 21:10:44 - [TEST_STEP][PASSED] - driver = getWebDriver(): null

2020-06-05 21:10:44 - [TEST_STEP][PASSED] - cookieString = "": null

2020-06-05 21:10:44 - [TEST_STEP][PASSED] - cookieCollection = manage().getCookies(): null

2020-06-05 21:10:44 - [TEST_STEP][PASSED] - for (org.openqa.selenium.Cookie currentCookie : cookieCollection): null

2020-06-05 21:10:44 - [TEST_STEP][PASSED] - cookieString += currentCookie.getName() + "=" + currentCookie.getValue() + "; ": null

2020-06-05 21:10:44 - [TEST_STEP][PASSED] - print(cookieString): null

2020-06-05 21:10:44 - [TEST_STEP][PASSED] - cookieString += currentCookie.getName() + "=" + currentCookie.getValue() + "; ": null

2020-06-05 21:10:44 - [TEST_STEP][PASSED] - print(cookieString): null

2020-06-05 21:10:44 - [TEST_STEP][PASSED] - cookieString += currentCookie.getName() + "=" + currentCookie.getValue() + "; ": null

2020-06-05 21:10:44 - [TEST_STEP][PASSED] - print(cookieString): null

2020-06-05 21:10:44 - [TEST_STEP][PASSED] - CloudCookies = cookieString: null

2020-06-05 21:10:44 - [TEST_STEP][PASSED] - closeBrowser(): Browser is closed

2020-06-05 21:10:46 - [MESSAGE][PASSED] - Browser is closed

2020-06-05 21:10:46 - [MESSAGE][PASSED] - Call Test Case 'Test Cases/TC_API/Login_SaveCookie' successfully

2020-06-05 21:10:46 - [TEST_STEP][PASSED] - response = sendRequest(findTestObject("API/Statistics", ["url":BaseUrl, "Cookie":CloudCookies])): Send request successfully

2020-06-05 21:10:46 - [MESSAGE][INFO] - HAR: D:\katalon\hw2-katalon-testing\Reports\20200605_205708\Run_All_Test_Cases\20200605_205708\requests\main\6.har

2020-06-05 21:10:46 - [MESSAGE][PASSED] - Send request successfully

2020-06-05 21:10:46 - [TEST_STEP][PASSED] - verifyResponseStatusCode(response, 200): Verify response status code successfully

2020-06-05 21:10:46 - [MESSAGE][PASSED] - Verify response status code successfully]]></system-out>
         <system-err><![CDATA[]]></system-err>
      </testcase>
      <testcase name="Test Cases/TC_API/GetMyMembers" time="14.074" classname="Test Cases/TC_API/GetMyMembers" status="PASSED">
         <system-out><![CDATA[2020-06-05 21:10:46 - [TEST_CASE][PASSED] - Test Cases/TC_API/GetMyMembers: Test Cases/TC_API/GetMyMembers

2020-06-05 21:10:46 - [TEST_STEP][PASSED] - callTestCase(findTestCase("Test Cases/TC_API/Login_SaveCookie"), null): Call Test Case 'Test Cases/TC_API/Login_SaveCookie' successfully

2020-06-05 21:10:46 - [TEST_CASE][PASSED] - Test Cases/TC_API/Login_SaveCookie: Test Cases/TC_API/Login_SaveCookie

2020-06-05 21:10:46 - [TEST_STEP][PASSED] - openBrowser(BaseUrl): Browser is opened with url: 'http://192.168.1.10:8065'

2020-06-05 21:10:46 - [MESSAGE][INFO] - Starting 'Firefox' driver

2020-06-05 21:10:46 - [MESSAGE][INFO] - Action delay is set to 0 milliseconds

2020-06-05 21:10:51 - [MESSAGE][PASSED] - Browser is opened with url: 'http://192.168.1.10:8065'

2020-06-05 21:10:51 - [TEST_STEP][PASSED] - setText(findTestObject("Object Repository/API/MatterMost_page/input_All team communication in one place searchable and accessible anywhere_loginId"), loginId): Text 'tlvietdanh@gmail.com' is set on object 'Object Repository/API/MatterMost_page/input_All team communication in one place searchable and accessible anywhere_loginId'

2020-06-05 21:10:52 - [MESSAGE][PASSED] - Text 'tlvietdanh@gmail.com' is set on object 'Object Repository/API/MatterMost_page/input_All team communication in one place searchable and accessible anywhere_loginId'

2020-06-05 21:10:52 - [TEST_STEP][PASSED] - setMaskedText(findTestObject("Object Repository/API/MatterMost_page/input_All team communication in one place searchable and accessible anywhere_password"), Password): Text '********' is set on object 'Object Repository/API/MatterMost_page/input_All team communication in one place searchable and accessible anywhere_password'

2020-06-05 21:10:53 - [MESSAGE][PASSED] - Text '********' is set on object 'Object Repository/API/MatterMost_page/input_All team communication in one place searchable and accessible anywhere_password'

2020-06-05 21:10:53 - [TEST_STEP][PASSED] - submit(findTestObject("Object Repository/API/MatterMost_page/span_Sign in")): The form containing object: 'Object Repository/API/MatterMost_page/span_Sign in' is submitted

2020-06-05 21:10:54 - [MESSAGE][PASSED] - The form containing object: 'Object Repository/API/MatterMost_page/span_Sign in' is submitted

2020-06-05 21:10:54 - [TEST_STEP][PASSED] - delay(5): Delayed 5 second(s)

2020-06-05 21:10:59 - [MESSAGE][PASSED] - Delayed 5 second(s)

2020-06-05 21:10:59 - [TEST_STEP][PASSED] - titleWindow = getWindowTitle(): Current window's title is: 'Town Square - test3 Mattermost'

2020-06-05 21:10:59 - [MESSAGE][PASSED] - Current window's title is: 'Town Square - test3 Mattermost'

2020-06-05 21:10:59 - [TEST_STEP][PASSED] - driver = getWebDriver(): null

2020-06-05 21:10:59 - [TEST_STEP][PASSED] - cookieString = "": null

2020-06-05 21:10:59 - [TEST_STEP][PASSED] - cookieCollection = manage().getCookies(): null

2020-06-05 21:10:59 - [TEST_STEP][PASSED] - for (org.openqa.selenium.Cookie currentCookie : cookieCollection): null

2020-06-05 21:10:59 - [TEST_STEP][PASSED] - cookieString += currentCookie.getName() + "=" + currentCookie.getValue() + "; ": null

2020-06-05 21:10:59 - [TEST_STEP][PASSED] - print(cookieString): null

2020-06-05 21:10:59 - [TEST_STEP][PASSED] - cookieString += currentCookie.getName() + "=" + currentCookie.getValue() + "; ": null

2020-06-05 21:10:59 - [TEST_STEP][PASSED] - print(cookieString): null

2020-06-05 21:10:59 - [TEST_STEP][PASSED] - cookieString += currentCookie.getName() + "=" + currentCookie.getValue() + "; ": null

2020-06-05 21:10:59 - [TEST_STEP][PASSED] - print(cookieString): null

2020-06-05 21:10:59 - [TEST_STEP][PASSED] - CloudCookies = cookieString: null

2020-06-05 21:10:59 - [TEST_STEP][PASSED] - closeBrowser(): Browser is closed

2020-06-05 21:11:00 - [MESSAGE][PASSED] - Browser is closed

2020-06-05 21:11:00 - [MESSAGE][PASSED] - Call Test Case 'Test Cases/TC_API/Login_SaveCookie' successfully

2020-06-05 21:11:00 - [TEST_STEP][PASSED] - response = sendRequest(findTestObject("API/My members", ["url":BaseUrl, "Cookie":CloudCookies])): Send request successfully

2020-06-05 21:11:00 - [MESSAGE][INFO] - HAR: D:\katalon\hw2-katalon-testing\Reports\20200605_205708\Run_All_Test_Cases\20200605_205708\requests\main\7.har

2020-06-05 21:11:00 - [MESSAGE][PASSED] - Send request successfully

2020-06-05 21:11:00 - [TEST_STEP][PASSED] - verifyResponseStatusCode(response, 200): Verify response status code successfully

2020-06-05 21:11:00 - [MESSAGE][PASSED] - Verify response status code successfully]]></system-out>
         <system-err><![CDATA[]]></system-err>
      </testcase>
      <system-out><![CDATA[2020-06-05 20:57:11 - [TEST_SUITE][PASSED] - Run_All_Test_Cases: Test Cases/TC_API/GetMyMembers]]></system-out>
      <system-err><![CDATA[]]></system-err>
   </testsuite>
</testsuites>
